<?xml version="1.0" encoding="UTF-8"?>
<testsuites name="HABOOM" time="194.662" tests="1" failures="0" errors="0">
   <testsuite name="HABOOM" tests="1" failures="0" errors="0" time="194.662" skipped="0" timestamp="26-02-2024T13:53:01" hostname="Dhamodharan - LAPTOP-QCDUFDJE" id="Test Suites/HABOOM">
      <properties>
         <property name="deviceName" value=""/>
         <property name="devicePlatform" value=""/>
         <property name="logFolder" value="C:\\Users\\Dhamodharan\\git\\HaboomWBT\\Reports\\20240226_135256\\HABOOM\\20240226_135256"/>
         <property name="logFiles" value="C:\\Users\\Dhamodharan\\git\\HaboomWBT\\Reports\\20240226_135256\\HABOOM\\20240226_135256\\execution0.log"/>
         <property name="attachments" value=""/>
         <property name="hostName" value="Dhamodharan - LAPTOP-QCDUFDJE"/>
         <property name="os" value="Windows 11 64bit"/>
         <property name="katalonVersion" value="9.3.0.212"/>
         <property name="browser" value="Chrome 122.0.0.0"/>
         <property name="hostAddress" value="192.168.1.26"/>
         <property name="sessionId" value="5f0f94d36346485817397c66f434ec73"/>
         <property name="seleniumVersion" value="3.141.59"/>
         <property name="proxyInformation" value="ProxyInformation { proxyOption=NO_PROXY, proxyServerType=HTTP, username=, password=********, proxyServerAddress=, proxyServerPort=0, executionList=&quot;&quot;, isApplyToDesiredCapabilities=true }"/>
         <property name="platform" value="Windows 11"/>
      </properties>
      <testcase name="Test Cases/HOMEPAGE LOGIN/Login valid" time="194.422" classname="Test Cases/HOMEPAGE LOGIN/Login valid" status="PASSED">
         <system-out><![CDATA[26-02-2024T13:53:01 - [TEST_CASE][PASSED] - Test Cases/HOMEPAGE LOGIN/Login valid: Test Cases/HOMEPAGE LOGIN/Login valid

26-02-2024T13:53:02 - [TEST_STEP][PASSED] - openBrowser(""): Browser is opened with url: ''

26-02-2024T13:53:02 - [MESSAGE][INFO] - Starting 'Chrome' driver

26-02-2024T13:53:02 - [MESSAGE][INFO] - Action delay is set to 0 milliseconds

26-02-2024T13:53:04 - [MESSAGE][PASSED] - Browser is opened with url: ''

26-02-2024T13:53:04 - [TEST_STEP][PASSED] - navigateToUrl("https://haboom.com/"): Navigate to 'https://haboom.com/' successfully

26-02-2024T13:55:40 - [MESSAGE][PASSED] - Navigate to 'https://haboom.com/' successfully

26-02-2024T13:55:40 - [TEST_STEP][PASSED] - setText(findTestObject("Login/Login_Valid/Username_Field"), "rock"): Text 'rock' is set on object 'Object Repository/Login/Login_Valid/Username_Field'

26-02-2024T13:55:44 - [MESSAGE][PASSED] - Text 'rock' is set on object 'Object Repository/Login/Login_Valid/Username_Field'

26-02-2024T13:55:44 - [TEST_STEP][PASSED] - setEncryptedText(findTestObject("Object Repository/Login/Login_Valid/Password_Field"), "Ae2KZyjYBr3zjExtfoMITg=="): Text ****** has been set on object 'Object Repository/Login/Login_Valid/Password_Field'

26-02-2024T13:55:47 - [MESSAGE][PASSED] - Text ****** has been set on object 'Object Repository/Login/Login_Valid/Password_Field'

26-02-2024T13:55:47 - [TEST_STEP][PASSED] - click(findTestObject("Object Repository/Login/Login_Valid/Login_Button")): Object: 'Object Repository/Login/Login_Valid/Login_Button' is clicked on

26-02-2024T13:55:49 - [MESSAGE][PASSED] - Object: 'Object Repository/Login/Login_Valid/Login_Button' is clicked on

26-02-2024T13:55:49 - [TEST_STEP][PASSED] - click(findTestObject("Object Repository/Login/Login_Valid/My Account")): Object: 'Object Repository/Login/Login_Valid/My Account' is clicked on

26-02-2024T13:56:14 - [MESSAGE][PASSED] - Object: 'Object Repository/Login/Login_Valid/My Account' is clicked on

26-02-2024T13:56:14 - [TEST_STEP][PASSED] - verifyElementPresent(findTestObject("Login/Login_Valid/UserName"), 0): Object 'Object Repository/Login/Login_Valid/UserName' is present

26-02-2024T13:56:14 - [MESSAGE][WARNING] - Timeout '0' is invalid. Using default page load timeout: '30'

26-02-2024T13:56:16 - [MESSAGE][PASSED] - Object 'Object Repository/Login/Login_Valid/UserName' is present]]></system-out>
         <system-err><![CDATA[]]></system-err>
      </testcase>
      <system-out><![CDATA[26-02-2024T13:53:01 - [TEST_SUITE][PASSED] - HABOOM: Test Cases/HOMEPAGE LOGIN/Login valid]]></system-out>
      <system-err><![CDATA[]]></system-err>
   </testsuite>
</testsuites>
