<?xml version="1.0" encoding="UTF-8"?>
<testsuites name="Casino" time="225.035" tests="1" failures="0" errors="1">
   <testsuite name="Casino" tests="1" failures="0" errors="1" time="225.035" skipped="0" timestamp="27-02-2024T09:34:15" hostname="M Gokul Jayanth - LAPTOP-QCN9K3GM" id="Test Suites/Casino">
      <properties>
         <property name="deviceName" value=""/>
         <property name="devicePlatform" value=""/>
         <property name="logFolder" value="C:\\Users\\M Gokul Jayanth\\git\\KatalonAutomation\\HaboomWBT\\Reports\\20240227_093413\\Casino\\20240227_093413"/>
         <property name="logFiles" value="C:\\Users\\M Gokul Jayanth\\git\\KatalonAutomation\\HaboomWBT\\Reports\\20240227_093413\\Casino\\20240227_093413\\execution0.log"/>
         <property name="attachments" value=""/>
         <property name="hostName" value="M Gokul Jayanth - LAPTOP-QCN9K3GM"/>
         <property name="os" value="Windows 11 64bit"/>
         <property name="katalonVersion" value="9.3.0.212"/>
         <property name="browser" value="Chrome 121.0.0.0"/>
         <property name="hostAddress" value="192.168.50.148"/>
         <property name="sessionId" value="2b0d367eb0824bcbe5ed652b8592f557"/>
         <property name="seleniumVersion" value="3.141.59"/>
         <property name="proxyInformation" value="ProxyInformation { proxyOption=NO_PROXY, proxyServerType=HTTP, username=, password=********, proxyServerAddress=, proxyServerPort=0, executionList=&quot;&quot;, isApplyToDesiredCapabilities=true }"/>
         <property name="platform" value="Windows 11"/>
      </properties>
      <testcase name="Test Cases/Casino/Open game successful" time="224.904" classname="Test Cases/Casino/Open game successful" status="ERROR">
         <error type="ERROR" message="Test Cases/Casino/Open game successful FAILED.&#xa;Reason:&#xa;org.openqa.selenium.ElementClickInterceptedException: element click intercepted: Element &lt;input class=&quot;radio-custom&quot; data-id=&quot;evolution&quot; data-table=&quot;cg&quot; type=&quot;radio&quot; name=&quot;provider_list&quot;> is not clickable at point (376, 8). Other element would receive the click: &lt;a href=&quot;https://haboom.com/d/casino/games/Andar%20Bahar&quot; title=&quot;...&quot; target=&quot;_self&quot; class=&quot;link-item link-mask &quot;>Andar Bahar&lt;/a>&#xa;  (Session info: chrome=121.0.6167.187)&#xa;Build info: version: '3.141.59', revision: 'e82be7d358', time: '2018-11-14T08:25:53'&#xa;System info: host: 'LAPTOP-QCN9K3GM', ip: '192.168.50.148', os.name: 'Windows 11', os.arch: 'amd64', os.version: '10.0', java.version: '17.0.7'&#xa;Driver info: com.kms.katalon.selenium.driver.CChromeDriver&#xa;Capabilities {acceptInsecureCerts: false, browserName: chrome, browserVersion: 121.0.6167.187, chrome: {chromedriverVersion: 121.0.6167.85 (3f98d690ad7e..., userDataDir: C:\Users\MGOKUL~1\AppData\L...}, fedcm:accounts: true, goog:chromeOptions: {debuggerAddress: localhost:52563}, javascriptEnabled: true, networkConnectionEnabled: false, pageLoadStrategy: normal, platform: WINDOWS, platformName: WINDOWS, proxy: Proxy(), setWindowRect: true, strictFileInteractability: false, timeouts: {implicit: 0, pageLoad: 300000, script: 30000}, unhandledPromptBehavior: dismiss and notify, webauthn:extension:credBlob: true, webauthn:extension:largeBlob: true, webauthn:extension:minPinLength: true, webauthn:extension:prf: true, webauthn:virtualAuthenticators: true}&#xa;Session ID: 2b0d367eb0824bcbe5ed652b8592f557&#xa;	at java.base/jdk.internal.reflect.NativeConstructorAccessorImpl.newInstance0(Native Method)&#xa;	at java.base/jdk.internal.reflect.NativeConstructorAccessorImpl.newInstance(NativeConstructorAccessorImpl.java:77)&#xa;	at java.base/jdk.internal.reflect.DelegatingConstructorAccessorImpl.newInstance(DelegatingConstructorAccessorImpl.java:45)&#xa;	at org.openqa.selenium.remote.http.W3CHttpResponseCodec.createException(W3CHttpResponseCodec.java:187)&#xa;	at org.openqa.selenium.remote.http.W3CHttpResponseCodec.decode(W3CHttpResponseCodec.java:122)&#xa;	at org.openqa.selenium.remote.http.W3CHttpResponseCodec.decode(W3CHttpResponseCodec.java:49)&#xa;	at org.openqa.selenium.remote.HttpCommandExecutor.execute(HttpCommandExecutor.java:158)&#xa;	at org.openqa.selenium.remote.service.DriverCommandExecutor.execute(DriverCommandExecutor.java:83)&#xa;	at org.openqa.selenium.remote.RemoteWebDriver.execute(RemoteWebDriver.java:552)&#xa;	at com.kms.katalon.selenium.driver.CChromeDriver.execute(CChromeDriver.java:19)&#xa;	at org.openqa.selenium.remote.RemoteWebElement.execute(RemoteWebElement.java:285)&#xa;	at org.openqa.selenium.remote.RemoteWebElement.click(RemoteWebElement.java:84)&#xa;	at jdk.internal.reflect.GeneratedMethodAccessor14.invoke(Unknown Source)&#xa;	at java.base/jdk.internal.reflect.DelegatingMethodAccessorImpl.invoke(DelegatingMethodAccessorImpl.java:43)&#xa;	at org.openqa.selenium.support.events.EventFiringWebDriver$EventFiringWebElement.lambda$new$0(EventFiringWebDriver.java:404)&#xa;	at jdk.proxy2/jdk.proxy2.$Proxy24.click(Unknown Source)&#xa;	at org.openqa.selenium.support.events.EventFiringWebDriver$EventFiringWebElement.click(EventFiringWebDriver.java:417)&#xa;	at Open game successful.run(Open game successful:23)&#xa;	at com.kms.katalon.core.main.ScriptEngine.run(ScriptEngine.java:194)&#xa;	at com.kms.katalon.core.main.ScriptEngine.runScriptAsRawText(ScriptEngine.java:119)&#xa;	at com.kms.katalon.core.main.TestCaseExecutor.runScript(TestCaseExecutor.java:448)&#xa;	at com.kms.katalon.core.main.TestCaseExecutor.doExecute(TestCaseExecutor.java:439)&#xa;	at com.kms.katalon.core.main.TestCaseExecutor.processExecutionPhase(TestCaseExecutor.java:418)&#xa;	at com.kms.katalon.core.main.TestCaseExecutor.accessMainPhase(TestCaseExecutor.java:410)&#xa;	at com.kms.katalon.core.main.TestCaseExecutor.execute(TestCaseExecutor.java:285)&#xa;	at com.kms.katalon.core.common.CommonExecutor.accessTestCaseMainPhase(CommonExecutor.java:65)&#xa;	at com.kms.katalon.core.main.TestSuiteExecutor.accessTestSuiteMainPhase(TestSuiteExecutor.java:148)&#xa;	at com.kms.katalon.core.main.TestSuiteExecutor.execute(TestSuiteExecutor.java:106)&#xa;	at com.kms.katalon.core.main.TestCaseMain.startTestSuite(TestCaseMain.java:180)&#xa;	at TempTestSuite1709006653260.run(TempTestSuite1709006653260.groovy:36)&#xa;	at java.base/jdk.internal.reflect.NativeMethodAccessorImpl.invoke0(Native Method)&#xa;	at java.base/jdk.internal.reflect.NativeMethodAccessorImpl.invoke(NativeMethodAccessorImpl.java:77)&#xa;	at java.base/jdk.internal.reflect.DelegatingMethodAccessorImpl.invoke(DelegatingMethodAccessorImpl.java:43)&#xa;"/>
         <system-out><![CDATA[27-02-2024T09:34:15 - [TEST_CASE][ERROR] - Test Cases/Casino/Open game successful: Test Cases/Casino/Open game successful FAILED.
Reason:
org.openqa.selenium.ElementClickInterceptedException: element click intercepted: Element <input class="radio-custom" data-id="evolution" data-table="cg" type="radio" name="provider_list"> is not clickable at point (376, 8). Other element would receive the click: <a href="https://haboom.com/d/casino/games/Andar%20Bahar" title="..." target="_self" class="link-item link-mask ">Andar Bahar</a>
  (Session info: chrome=121.0.6167.187)
Build info: version: '3.141.59', revision: 'e82be7d358', time: '2018-11-14T08:25:53'
System info: host: 'LAPTOP-QCN9K3GM', ip: '192.168.50.148', os.name: 'Windows 11', os.arch: 'amd64', os.version: '10.0', java.version: '17.0.7'
Driver info: com.kms.katalon.selenium.driver.CChromeDriver
Capabilities {acceptInsecureCerts: false, browserName: chrome, browserVersion: 121.0.6167.187, chrome: {chromedriverVersion: 121.0.6167.85 (3f98d690ad7e..., userDataDir: C:\Users\MGOKUL~1\AppData\L...}, fedcm:accounts: true, goog:chromeOptions: {debuggerAddress: localhost:52563}, javascriptEnabled: true, networkConnectionEnabled: false, pageLoadStrategy: normal, platform: WINDOWS, platformName: WINDOWS, proxy: Proxy(), setWindowRect: true, strictFileInteractability: false, timeouts: {implicit: 0, pageLoad: 300000, script: 30000}, unhandledPromptBehavior: dismiss and notify, webauthn:extension:credBlob: true, webauthn:extension:largeBlob: true, webauthn:extension:minPinLength: true, webauthn:extension:prf: true, webauthn:virtualAuthenticators: true}
Session ID: 2b0d367eb0824bcbe5ed652b8592f557
	at java.base/jdk.internal.reflect.NativeConstructorAccessorImpl.newInstance0(Native Method)
	at java.base/jdk.internal.reflect.NativeConstructorAccessorImpl.newInstance(NativeConstructorAccessorImpl.java:77)
	at java.base/jdk.internal.reflect.DelegatingConstructorAccessorImpl.newInstance(DelegatingConstructorAccessorImpl.java:45)
	at org.openqa.selenium.remote.http.W3CHttpResponseCodec.createException(W3CHttpResponseCodec.java:187)
	at org.openqa.selenium.remote.http.W3CHttpResponseCodec.decode(W3CHttpResponseCodec.java:122)
	at org.openqa.selenium.remote.http.W3CHttpResponseCodec.decode(W3CHttpResponseCodec.java:49)
	at org.openqa.selenium.remote.HttpCommandExecutor.execute(HttpCommandExecutor.java:158)
	at org.openqa.selenium.remote.service.DriverCommandExecutor.execute(DriverCommandExecutor.java:83)
	at org.openqa.selenium.remote.RemoteWebDriver.execute(RemoteWebDriver.java:552)
	at com.kms.katalon.selenium.driver.CChromeDriver.execute(CChromeDriver.java:19)
	at org.openqa.selenium.remote.RemoteWebElement.execute(RemoteWebElement.java:285)
	at org.openqa.selenium.remote.RemoteWebElement.click(RemoteWebElement.java:84)
	at jdk.internal.reflect.GeneratedMethodAccessor14.invoke(Unknown Source)
	at java.base/jdk.internal.reflect.DelegatingMethodAccessorImpl.invoke(DelegatingMethodAccessorImpl.java:43)
	at org.openqa.selenium.support.events.EventFiringWebDriver$EventFiringWebElement.lambda$new$0(EventFiringWebDriver.java:404)
	at jdk.proxy2/jdk.proxy2.$Proxy24.click(Unknown Source)
	at org.openqa.selenium.support.events.EventFiringWebDriver$EventFiringWebElement.click(EventFiringWebDriver.java:417)
	at Open game successful.run(Open game successful:23)
	at com.kms.katalon.core.main.ScriptEngine.run(ScriptEngine.java:194)
	at com.kms.katalon.core.main.ScriptEngine.runScriptAsRawText(ScriptEngine.java:119)
	at com.kms.katalon.core.main.TestCaseExecutor.runScript(TestCaseExecutor.java:448)
	at com.kms.katalon.core.main.TestCaseExecutor.doExecute(TestCaseExecutor.java:439)
	at com.kms.katalon.core.main.TestCaseExecutor.processExecutionPhase(TestCaseExecutor.java:418)
	at com.kms.katalon.core.main.TestCaseExecutor.accessMainPhase(TestCaseExecutor.java:410)
	at com.kms.katalon.core.main.TestCaseExecutor.execute(TestCaseExecutor.java:285)
	at com.kms.katalon.core.common.CommonExecutor.accessTestCaseMainPhase(CommonExecutor.java:65)
	at com.kms.katalon.core.main.TestSuiteExecutor.accessTestSuiteMainPhase(TestSuiteExecutor.java:148)
	at com.kms.katalon.core.main.TestSuiteExecutor.execute(TestSuiteExecutor.java:106)
	at com.kms.katalon.core.main.TestCaseMain.startTestSuite(TestCaseMain.java:180)
	at TempTestSuite1709006653260.run(TempTestSuite1709006653260.groovy:36)
	at java.base/jdk.internal.reflect.NativeMethodAccessorImpl.invoke0(Native Method)
	at java.base/jdk.internal.reflect.NativeMethodAccessorImpl.invoke(NativeMethodAccessorImpl.java:77)
	at java.base/jdk.internal.reflect.DelegatingMethodAccessorImpl.invoke(DelegatingMethodAccessorImpl.java:43)


27-02-2024T09:34:15 - [TEST_STEP][PASSED] - Start setup action : setupTestCase: Method 'setupTestCase' complete successfully

27-02-2024T09:34:15 - [TEST_STEP][PASSED] - openBrowser(""): Browser is opened with url: ''

27-02-2024T09:34:16 - [MESSAGE][INFO] - Starting 'Chrome' driver

27-02-2024T09:34:16 - [MESSAGE][INFO] - Action delay is set to 0 milliseconds

27-02-2024T09:34:16 - [MESSAGE][PASSED] - Browser is opened with url: ''

27-02-2024T09:34:16 - [TEST_STEP][PASSED] - navigateToUrl("https://haboom.com/"): Navigate to 'https://haboom.com/' successfully

27-02-2024T09:34:23 - [MESSAGE][PASSED] - Navigate to 'https://haboom.com/' successfully

27-02-2024T09:34:23 - [TEST_STEP][PASSED] - maximizeWindow(): Current window maximized

27-02-2024T09:34:23 - [MESSAGE][PASSED] - Current window maximized

27-02-2024T09:34:23 - [TEST_STEP][PASSED] - setText(findTestObject("Object Repository/Login Page/Login email field"), "MartinGarrix"): Text 'MartinGarrix' is set on object 'Object Repository/Login Page/Login email field'

27-02-2024T09:34:25 - [MESSAGE][PASSED] - Text 'MartinGarrix' is set on object 'Object Repository/Login Page/Login email field'

27-02-2024T09:34:25 - [TEST_STEP][PASSED] - setText(findTestObject("Object Repository/Login Page/Login Password"), "Test@1234"): Text 'Test@1234' is set on object 'Object Repository/Login Page/Login Password'

27-02-2024T09:34:27 - [MESSAGE][PASSED] - Text 'Test@1234' is set on object 'Object Repository/Login Page/Login Password'

27-02-2024T09:34:27 - [TEST_STEP][PASSED] - click(findTestObject("Object Repository/Login Page/login button")): Object: 'Object Repository/Login Page/login button' is clicked on

27-02-2024T09:34:28 - [MESSAGE][PASSED] - Object: 'Object Repository/Login Page/login button' is clicked on

27-02-2024T09:34:28 - [TEST_STEP][PASSED] - verifyElementText(findTestObject("Object Repository/Login Page/My Account"), "My Account"): Actual text and expected text of test object 'Object Repository/Login Page/My Account' are matched.

27-02-2024T09:34:30 - [MESSAGE][PASSED] - Actual text and expected text of test object 'Object Repository/Login Page/My Account' are matched.

27-02-2024T09:34:30 - [MESSAGE][PASSED] - Method 'setupTestCase' complete successfully

27-02-2024T09:34:30 - [TEST_STEP][PASSED] - click(findTestObject("Object Repository/Casino Page/CasinoMenu")): Object: 'Object Repository/Casino Page/CasinoMenu' is clicked on

27-02-2024T09:34:32 - [MESSAGE][PASSED] - Object: 'Object Repository/Casino Page/CasinoMenu' is clicked on

27-02-2024T09:34:32 - [TEST_STEP][PASSED] - provider = getWebDriver().findElements(By.xpath("//input[@name='provider_list']")): null

27-02-2024T09:34:33 - [TEST_STEP][PASSED] - println(provider.size()): null

27-02-2024T09:34:33 - [TEST_STEP][ERROR] - for ([i = 0, i < provider.size(), (i++)]): Test Cases/Casino/Open game successful FAILED.
Reason:
org.openqa.selenium.ElementClickInterceptedException: element click intercepted: Element <input class="radio-custom" data-id="evolution" data-table="cg" type="radio" name="provider_list"> is not clickable at point (376, 8). Other element would receive the click: <a href="https://haboom.com/d/casino/games/Andar%20Bahar" title="..." target="_self" class="link-item link-mask ">Andar Bahar</a>
  (Session info: chrome=121.0.6167.187)
Build info: version: '3.141.59', revision: 'e82be7d358', time: '2018-11-14T08:25:53'
System info: host: 'LAPTOP-QCN9K3GM', ip: '192.168.50.148', os.name: 'Windows 11', os.arch: 'amd64', os.version: '10.0', java.version: '17.0.7'
Driver info: com.kms.katalon.selenium.driver.CChromeDriver
Capabilities {acceptInsecureCerts: false, browserName: chrome, browserVersion: 121.0.6167.187, chrome: {chromedriverVersion: 121.0.6167.85 (3f98d690ad7e..., userDataDir: C:\Users\MGOKUL~1\AppData\L...}, fedcm:accounts: true, goog:chromeOptions: {debuggerAddress: localhost:52563}, javascriptEnabled: true, networkConnectionEnabled: false, pageLoadStrategy: normal, platform: WINDOWS, platformName: WINDOWS, proxy: Proxy(), setWindowRect: true, strictFileInteractability: false, timeouts: {implicit: 0, pageLoad: 300000, script: 30000}, unhandledPromptBehavior: dismiss and notify, webauthn:extension:credBlob: true, webauthn:extension:largeBlob: true, webauthn:extension:minPinLength: true, webauthn:extension:prf: true, webauthn:virtualAuthenticators: true}
Session ID: 2b0d367eb0824bcbe5ed652b8592f557
	at java.base/jdk.internal.reflect.NativeConstructorAccessorImpl.newInstance0(Native Method)
	at java.base/jdk.internal.reflect.NativeConstructorAccessorImpl.newInstance(NativeConstructorAccessorImpl.java:77)
	at java.base/jdk.internal.reflect.DelegatingConstructorAccessorImpl.newInstance(DelegatingConstructorAccessorImpl.java:45)
	at org.openqa.selenium.remote.http.W3CHttpResponseCodec.createException(W3CHttpResponseCodec.java:187)
	at org.openqa.selenium.remote.http.W3CHttpResponseCodec.decode(W3CHttpResponseCodec.java:122)
	at org.openqa.selenium.remote.http.W3CHttpResponseCodec.decode(W3CHttpResponseCodec.java:49)
	at org.openqa.selenium.remote.HttpCommandExecutor.execute(HttpCommandExecutor.java:158)
	at org.openqa.selenium.remote.service.DriverCommandExecutor.execute(DriverCommandExecutor.java:83)
	at org.openqa.selenium.remote.RemoteWebDriver.execute(RemoteWebDriver.java:552)
	at com.kms.katalon.selenium.driver.CChromeDriver.execute(CChromeDriver.java:19)
	at org.openqa.selenium.remote.RemoteWebElement.execute(RemoteWebElement.java:285)
	at org.openqa.selenium.remote.RemoteWebElement.click(RemoteWebElement.java:84)
	at jdk.internal.reflect.GeneratedMethodAccessor14.invoke(Unknown Source)
	at java.base/jdk.internal.reflect.DelegatingMethodAccessorImpl.invoke(DelegatingMethodAccessorImpl.java:43)
	at org.openqa.selenium.support.events.EventFiringWebDriver$EventFiringWebElement.lambda$new$0(EventFiringWebDriver.java:404)
	at jdk.proxy2/jdk.proxy2.$Proxy24.click(Unknown Source)
	at org.openqa.selenium.support.events.EventFiringWebDriver$EventFiringWebElement.click(EventFiringWebDriver.java:417)
	at Open game successful.run(Open game successful:23)
	at com.kms.katalon.core.main.ScriptEngine.run(ScriptEngine.java:194)
	at com.kms.katalon.core.main.ScriptEngine.runScriptAsRawText(ScriptEngine.java:119)
	at com.kms.katalon.core.main.TestCaseExecutor.runScript(TestCaseExecutor.java:448)
	at com.kms.katalon.core.main.TestCaseExecutor.doExecute(TestCaseExecutor.java:439)
	at com.kms.katalon.core.main.TestCaseExecutor.processExecutionPhase(TestCaseExecutor.java:418)
	at com.kms.katalon.core.main.TestCaseExecutor.accessMainPhase(TestCaseExecutor.java:410)
	at com.kms.katalon.core.main.TestCaseExecutor.execute(TestCaseExecutor.java:285)
	at com.kms.katalon.core.common.CommonExecutor.accessTestCaseMainPhase(CommonExecutor.java:65)
	at com.kms.katalon.core.main.TestSuiteExecutor.accessTestSuiteMainPhase(TestSuiteExecutor.java:148)
	at com.kms.katalon.core.main.TestSuiteExecutor.execute(TestSuiteExecutor.java:106)
	at com.kms.katalon.core.main.TestCaseMain.startTestSuite(TestCaseMain.java:180)
	at TempTestSuite1709006653260.run(TempTestSuite1709006653260.groovy:36)
	at java.base/jdk.internal.reflect.NativeMethodAccessorImpl.invoke0(Native Method)
	at java.base/jdk.internal.reflect.NativeMethodAccessorImpl.invoke(NativeMethodAccessorImpl.java:77)
	at java.base/jdk.internal.reflect.DelegatingMethodAccessorImpl.invoke(DelegatingMethodAccessorImpl.java:43)


27-02-2024T09:34:33 - [TEST_STEP][PASSED] - if (i != 0): null

27-02-2024T09:34:33 - [TEST_STEP][PASSED] - if (i != 0): Scroll to object '' successfully

27-02-2024T09:34:33 - [TEST_STEP][PASSED] - currentElement = provider.get(i): null

27-02-2024T09:34:33 - [TEST_STEP][PASSED] - currentElement.click(): null

27-02-2024T09:34:33 - [TEST_STEP][PASSED] - providerwindow = getWindowTitle(): Current window's title is: 'Haboom - Best Online Casino Games for Real Money'

27-02-2024T09:34:33 - [MESSAGE][PASSED] - Current window's title is: 'Haboom - Best Online Casino Games for Real Money'

27-02-2024T09:34:33 - [TEST_STEP][PASSED] - allgames = getWebDriver().findElements(By.xpath("//div[@class='tile-container' and @ bis_skin_checked='1']")): null

27-02-2024T09:34:34 - [TEST_STEP][PASSED] - for ([j = 0, j < allgames.size(), (j++)]): Delayed 5 second(s)

27-02-2024T09:34:34 - [TEST_STEP][PASSED] - println(j): null

27-02-2024T09:34:34 - [TEST_STEP][PASSED] - playgame = allgames.get(j): null

27-02-2024T09:34:34 - [TEST_STEP][PASSED] - Object = convertWebElementToTestObject(playgame): null

27-02-2024T09:34:34 - [TEST_STEP][PASSED] - scrollToElement(Object, 10): Scroll to object '' successfully

27-02-2024T09:34:34 - [MESSAGE][PASSED] - Scroll to object '' successfully

27-02-2024T09:34:34 - [TEST_STEP][PASSED] - playgame.click(): null

27-02-2024T09:34:34 - [TEST_STEP][PASSED] - delay(5): Delayed 5 second(s)

27-02-2024T09:34:39 - [MESSAGE][PASSED] - Delayed 5 second(s)

27-02-2024T09:34:39 - [TEST_STEP][PASSED] - title = getUrl(): Current window's url is: 'https://haboom.com/d/casino/casino'

27-02-2024T09:34:39 - [MESSAGE][PASSED] - Current window's url is: 'https://haboom.com/d/casino/casino'

27-02-2024T09:34:39 - [TEST_STEP][PASSED] - if (title.contains("notavailable")): null

27-02-2024T09:34:39 - [TEST_STEP][PASSED] - switchToWindowIndex(1): Switched to window with index: '1'

27-02-2024T09:34:39 - [MESSAGE][PASSED] - Switched to window with index: '1'

27-02-2024T09:34:39 - [TEST_STEP][PASSED] - closeWindowIndex(1): Window with index 1 is closed

27-02-2024T09:34:39 - [MESSAGE][PASSED] - Window with index 1 is closed

27-02-2024T09:34:39 - [TEST_STEP][PASSED] - switchToWindowIndex(0): Switched to window with index: '0'

27-02-2024T09:34:39 - [MESSAGE][PASSED] - Switched to window with index: '0'

27-02-2024T09:34:39 - [TEST_STEP][PASSED] - delay(5): Delayed 5 second(s)

27-02-2024T09:34:44 - [MESSAGE][PASSED] - Delayed 5 second(s)

27-02-2024T09:34:44 - [TEST_STEP][PASSED] - println(j): null

27-02-2024T09:34:44 - [TEST_STEP][PASSED] - playgame = allgames.get(j): null

27-02-2024T09:34:44 - [TEST_STEP][PASSED] - Object = convertWebElementToTestObject(playgame): null

27-02-2024T09:34:44 - [TEST_STEP][PASSED] - scrollToElement(Object, 10): Scroll to object '' successfully

27-02-2024T09:34:44 - [MESSAGE][PASSED] - Scroll to object '' successfully

27-02-2024T09:34:44 - [TEST_STEP][PASSED] - playgame.click(): null

27-02-2024T09:34:44 - [TEST_STEP][PASSED] - delay(5): Delayed 5 second(s)

27-02-2024T09:34:49 - [MESSAGE][PASSED] - Delayed 5 second(s)

27-02-2024T09:34:49 - [TEST_STEP][PASSED] - title = getUrl(): Current window's url is: 'https://haboom.com/d/casino/casino'

27-02-2024T09:34:49 - [MESSAGE][PASSED] - Current window's url is: 'https://haboom.com/d/casino/casino'

27-02-2024T09:34:49 - [TEST_STEP][PASSED] - if (title.contains("notavailable")): null

27-02-2024T09:34:49 - [TEST_STEP][PASSED] - switchToWindowIndex(1): Switched to window with index: '1'

27-02-2024T09:34:49 - [MESSAGE][PASSED] - Switched to window with index: '1'

27-02-2024T09:34:49 - [TEST_STEP][PASSED] - closeWindowIndex(1): Window with index 1 is closed

27-02-2024T09:34:49 - [MESSAGE][PASSED] - Window with index 1 is closed

27-02-2024T09:34:49 - [TEST_STEP][PASSED] - switchToWindowIndex(0): Switched to window with index: '0'

27-02-2024T09:34:49 - [MESSAGE][PASSED] - Switched to window with index: '0'

27-02-2024T09:34:49 - [TEST_STEP][PASSED] - delay(5): Delayed 5 second(s)

27-02-2024T09:34:54 - [MESSAGE][PASSED] - Delayed 5 second(s)

27-02-2024T09:34:54 - [TEST_STEP][PASSED] - println(j): null

27-02-2024T09:34:54 - [TEST_STEP][PASSED] - playgame = allgames.get(j): null

27-02-2024T09:34:54 - [TEST_STEP][PASSED] - Object = convertWebElementToTestObject(playgame): null

27-02-2024T09:34:54 - [TEST_STEP][PASSED] - scrollToElement(Object, 10): Scroll to object '' successfully

27-02-2024T09:34:54 - [MESSAGE][PASSED] - Scroll to object '' successfully

27-02-2024T09:34:54 - [TEST_STEP][PASSED] - playgame.click(): null

27-02-2024T09:34:54 - [TEST_STEP][PASSED] - delay(5): Delayed 5 second(s)

27-02-2024T09:34:59 - [MESSAGE][PASSED] - Delayed 5 second(s)

27-02-2024T09:34:59 - [TEST_STEP][PASSED] - title = getUrl(): Current window's url is: 'https://haboom.com/d/casino/casino'

27-02-2024T09:34:59 - [MESSAGE][PASSED] - Current window's url is: 'https://haboom.com/d/casino/casino'

27-02-2024T09:34:59 - [TEST_STEP][PASSED] - if (title.contains("notavailable")): null

27-02-2024T09:34:59 - [TEST_STEP][PASSED] - switchToWindowIndex(1): Switched to window with index: '1'

27-02-2024T09:34:59 - [MESSAGE][PASSED] - Switched to window with index: '1'

27-02-2024T09:34:59 - [TEST_STEP][PASSED] - closeWindowIndex(1): Window with index 1 is closed

27-02-2024T09:34:59 - [MESSAGE][PASSED] - Window with index 1 is closed

27-02-2024T09:34:59 - [TEST_STEP][PASSED] - switchToWindowIndex(0): Switched to window with index: '0'

27-02-2024T09:34:59 - [MESSAGE][PASSED] - Switched to window with index: '0'

27-02-2024T09:34:59 - [TEST_STEP][PASSED] - delay(5): Delayed 5 second(s)

27-02-2024T09:35:04 - [MESSAGE][PASSED] - Delayed 5 second(s)

27-02-2024T09:35:04 - [TEST_STEP][PASSED] - println(j): null

27-02-2024T09:35:04 - [TEST_STEP][PASSED] - playgame = allgames.get(j): null

27-02-2024T09:35:04 - [TEST_STEP][PASSED] - Object = convertWebElementToTestObject(playgame): null

27-02-2024T09:35:04 - [TEST_STEP][PASSED] - scrollToElement(Object, 10): Scroll to object '' successfully

27-02-2024T09:35:04 - [MESSAGE][PASSED] - Scroll to object '' successfully

27-02-2024T09:35:04 - [TEST_STEP][PASSED] - playgame.click(): null

27-02-2024T09:35:04 - [TEST_STEP][PASSED] - delay(5): Delayed 5 second(s)

27-02-2024T09:35:10 - [MESSAGE][PASSED] - Delayed 5 second(s)

27-02-2024T09:35:10 - [TEST_STEP][PASSED] - title = getUrl(): Current window's url is: 'https://haboom.com/d/casino/casino'

27-02-2024T09:35:10 - [MESSAGE][PASSED] - Current window's url is: 'https://haboom.com/d/casino/casino'

27-02-2024T09:35:10 - [TEST_STEP][PASSED] - if (title.contains("notavailable")): null

27-02-2024T09:35:10 - [TEST_STEP][PASSED] - switchToWindowIndex(1): Switched to window with index: '1'

27-02-2024T09:35:10 - [MESSAGE][PASSED] - Switched to window with index: '1'

27-02-2024T09:35:10 - [TEST_STEP][PASSED] - closeWindowIndex(1): Window with index 1 is closed

27-02-2024T09:35:10 - [MESSAGE][PASSED] - Window with index 1 is closed

27-02-2024T09:35:10 - [TEST_STEP][PASSED] - switchToWindowIndex(0): Switched to window with index: '0'

27-02-2024T09:35:10 - [MESSAGE][PASSED] - Switched to window with index: '0'

27-02-2024T09:35:10 - [TEST_STEP][PASSED] - delay(5): Delayed 5 second(s)

27-02-2024T09:35:15 - [MESSAGE][PASSED] - Delayed 5 second(s)

27-02-2024T09:35:15 - [TEST_STEP][PASSED] - println(j): null

27-02-2024T09:35:15 - [TEST_STEP][PASSED] - playgame = allgames.get(j): null

27-02-2024T09:35:15 - [TEST_STEP][PASSED] - Object = convertWebElementToTestObject(playgame): null

27-02-2024T09:35:15 - [TEST_STEP][PASSED] - scrollToElement(Object, 10): Scroll to object '' successfully

27-02-2024T09:35:15 - [MESSAGE][PASSED] - Scroll to object '' successfully

27-02-2024T09:35:15 - [TEST_STEP][PASSED] - playgame.click(): null

27-02-2024T09:35:15 - [TEST_STEP][PASSED] - delay(5): Delayed 5 second(s)

27-02-2024T09:35:20 - [MESSAGE][PASSED] - Delayed 5 second(s)

27-02-2024T09:35:20 - [TEST_STEP][PASSED] - title = getUrl(): Current window's url is: 'https://haboom.com/d/casino/casino'

27-02-2024T09:35:20 - [MESSAGE][PASSED] - Current window's url is: 'https://haboom.com/d/casino/casino'

27-02-2024T09:35:20 - [TEST_STEP][PASSED] - if (title.contains("notavailable")): null

27-02-2024T09:35:20 - [TEST_STEP][PASSED] - switchToWindowIndex(1): Switched to window with index: '1'

27-02-2024T09:35:20 - [MESSAGE][PASSED] - Switched to window with index: '1'

27-02-2024T09:35:20 - [TEST_STEP][PASSED] - closeWindowIndex(1): Window with index 1 is closed

27-02-2024T09:35:20 - [MESSAGE][PASSED] - Window with index 1 is closed

27-02-2024T09:35:20 - [TEST_STEP][PASSED] - switchToWindowIndex(0): Switched to window with index: '0'

27-02-2024T09:35:20 - [MESSAGE][PASSED] - Switched to window with index: '0'

27-02-2024T09:35:20 - [TEST_STEP][PASSED] - delay(5): Delayed 5 second(s)

27-02-2024T09:35:25 - [MESSAGE][PASSED] - Delayed 5 second(s)

27-02-2024T09:35:25 - [TEST_STEP][PASSED] - println(j): null

27-02-2024T09:35:25 - [TEST_STEP][PASSED] - playgame = allgames.get(j): null

27-02-2024T09:35:25 - [TEST_STEP][PASSED] - Object = convertWebElementToTestObject(playgame): null

27-02-2024T09:35:25 - [TEST_STEP][PASSED] - scrollToElement(Object, 10): Scroll to object '' successfully

27-02-2024T09:35:25 - [MESSAGE][PASSED] - Scroll to object '' successfully

27-02-2024T09:35:25 - [TEST_STEP][PASSED] - playgame.click(): null

27-02-2024T09:35:25 - [TEST_STEP][PASSED] - delay(5): Delayed 5 second(s)

27-02-2024T09:35:30 - [MESSAGE][PASSED] - Delayed 5 second(s)

27-02-2024T09:35:30 - [TEST_STEP][PASSED] - title = getUrl(): Current window's url is: 'https://haboom.com/d/casino/casino'

27-02-2024T09:35:30 - [MESSAGE][PASSED] - Current window's url is: 'https://haboom.com/d/casino/casino'

27-02-2024T09:35:30 - [TEST_STEP][PASSED] - if (title.contains("notavailable")): null

27-02-2024T09:35:30 - [TEST_STEP][PASSED] - switchToWindowIndex(1): Switched to window with index: '1'

27-02-2024T09:35:30 - [MESSAGE][PASSED] - Switched to window with index: '1'

27-02-2024T09:35:30 - [TEST_STEP][PASSED] - closeWindowIndex(1): Window with index 1 is closed

27-02-2024T09:35:30 - [MESSAGE][PASSED] - Window with index 1 is closed

27-02-2024T09:35:30 - [TEST_STEP][PASSED] - switchToWindowIndex(0): Switched to window with index: '0'

27-02-2024T09:35:30 - [MESSAGE][PASSED] - Switched to window with index: '0'

27-02-2024T09:35:30 - [TEST_STEP][PASSED] - delay(5): Delayed 5 second(s)

27-02-2024T09:35:35 - [MESSAGE][PASSED] - Delayed 5 second(s)

27-02-2024T09:35:35 - [TEST_STEP][PASSED] - println(j): null

27-02-2024T09:35:35 - [TEST_STEP][PASSED] - playgame = allgames.get(j): null

27-02-2024T09:35:35 - [TEST_STEP][PASSED] - Object = convertWebElementToTestObject(playgame): null

27-02-2024T09:35:35 - [TEST_STEP][PASSED] - scrollToElement(Object, 10): Scroll to object '' successfully

27-02-2024T09:35:35 - [MESSAGE][PASSED] - Scroll to object '' successfully

27-02-2024T09:35:35 - [TEST_STEP][PASSED] - playgame.click(): null

27-02-2024T09:35:35 - [TEST_STEP][PASSED] - delay(5): Delayed 5 second(s)

27-02-2024T09:35:40 - [MESSAGE][PASSED] - Delayed 5 second(s)

27-02-2024T09:35:40 - [TEST_STEP][PASSED] - title = getUrl(): Current window's url is: 'https://haboom.com/d/casino/casino'

27-02-2024T09:35:40 - [MESSAGE][PASSED] - Current window's url is: 'https://haboom.com/d/casino/casino'

27-02-2024T09:35:40 - [TEST_STEP][PASSED] - if (title.contains("notavailable")): null

27-02-2024T09:35:40 - [TEST_STEP][PASSED] - switchToWindowIndex(1): Switched to window with index: '1'

27-02-2024T09:35:40 - [MESSAGE][PASSED] - Switched to window with index: '1'

27-02-2024T09:35:40 - [TEST_STEP][PASSED] - closeWindowIndex(1): Window with index 1 is closed

27-02-2024T09:35:40 - [MESSAGE][PASSED] - Window with index 1 is closed

27-02-2024T09:35:40 - [TEST_STEP][PASSED] - switchToWindowIndex(0): Switched to window with index: '0'

27-02-2024T09:35:40 - [MESSAGE][PASSED] - Switched to window with index: '0'

27-02-2024T09:35:40 - [TEST_STEP][PASSED] - delay(5): Delayed 5 second(s)

27-02-2024T09:35:45 - [MESSAGE][PASSED] - Delayed 5 second(s)

27-02-2024T09:35:45 - [TEST_STEP][PASSED] - println(j): null

27-02-2024T09:35:45 - [TEST_STEP][PASSED] - playgame = allgames.get(j): null

27-02-2024T09:35:45 - [TEST_STEP][PASSED] - Object = convertWebElementToTestObject(playgame): null

27-02-2024T09:35:45 - [TEST_STEP][PASSED] - scrollToElement(Object, 10): Scroll to object '' successfully

27-02-2024T09:35:45 - [MESSAGE][PASSED] - Scroll to object '' successfully

27-02-2024T09:35:45 - [TEST_STEP][PASSED] - playgame.click(): null

27-02-2024T09:35:45 - [TEST_STEP][PASSED] - delay(5): Delayed 5 second(s)

27-02-2024T09:35:50 - [MESSAGE][PASSED] - Delayed 5 second(s)

27-02-2024T09:35:50 - [TEST_STEP][PASSED] - title = getUrl(): Current window's url is: 'https://haboom.com/d/casino/casino'

27-02-2024T09:35:50 - [MESSAGE][PASSED] - Current window's url is: 'https://haboom.com/d/casino/casino'

27-02-2024T09:35:50 - [TEST_STEP][PASSED] - if (title.contains("notavailable")): null

27-02-2024T09:35:50 - [TEST_STEP][PASSED] - switchToWindowIndex(1): Switched to window with index: '1'

27-02-2024T09:35:50 - [MESSAGE][PASSED] - Switched to window with index: '1'

27-02-2024T09:35:50 - [TEST_STEP][PASSED] - closeWindowIndex(1): Window with index 1 is closed

27-02-2024T09:35:51 - [MESSAGE][PASSED] - Window with index 1 is closed

27-02-2024T09:35:51 - [TEST_STEP][PASSED] - switchToWindowIndex(0): Switched to window with index: '0'

27-02-2024T09:35:51 - [MESSAGE][PASSED] - Switched to window with index: '0'

27-02-2024T09:35:51 - [TEST_STEP][PASSED] - delay(5): Delayed 5 second(s)

27-02-2024T09:35:56 - [MESSAGE][PASSED] - Delayed 5 second(s)

27-02-2024T09:35:56 - [TEST_STEP][PASSED] - println(j): null

27-02-2024T09:35:56 - [TEST_STEP][PASSED] - playgame = allgames.get(j): null

27-02-2024T09:35:56 - [TEST_STEP][PASSED] - Object = convertWebElementToTestObject(playgame): null

27-02-2024T09:35:56 - [TEST_STEP][PASSED] - scrollToElement(Object, 10): Scroll to object '' successfully

27-02-2024T09:35:56 - [MESSAGE][PASSED] - Scroll to object '' successfully

27-02-2024T09:35:56 - [TEST_STEP][PASSED] - playgame.click(): null

27-02-2024T09:35:56 - [TEST_STEP][PASSED] - delay(5): Delayed 5 second(s)

27-02-2024T09:36:01 - [MESSAGE][PASSED] - Delayed 5 second(s)

27-02-2024T09:36:01 - [TEST_STEP][PASSED] - title = getUrl(): Current window's url is: 'https://haboom.com/d/casino/casino'

27-02-2024T09:36:01 - [MESSAGE][PASSED] - Current window's url is: 'https://haboom.com/d/casino/casino'

27-02-2024T09:36:01 - [TEST_STEP][PASSED] - if (title.contains("notavailable")): null

27-02-2024T09:36:01 - [TEST_STEP][PASSED] - switchToWindowIndex(1): Switched to window with index: '1'

27-02-2024T09:36:01 - [MESSAGE][PASSED] - Switched to window with index: '1'

27-02-2024T09:36:01 - [TEST_STEP][PASSED] - closeWindowIndex(1): Window with index 1 is closed

27-02-2024T09:36:01 - [MESSAGE][PASSED] - Window with index 1 is closed

27-02-2024T09:36:01 - [TEST_STEP][PASSED] - switchToWindowIndex(0): Switched to window with index: '0'

27-02-2024T09:36:01 - [MESSAGE][PASSED] - Switched to window with index: '0'

27-02-2024T09:36:01 - [TEST_STEP][PASSED] - delay(5): Delayed 5 second(s)

27-02-2024T09:36:06 - [MESSAGE][PASSED] - Delayed 5 second(s)

27-02-2024T09:36:06 - [TEST_STEP][PASSED] - println(j): null

27-02-2024T09:36:06 - [TEST_STEP][PASSED] - playgame = allgames.get(j): null

27-02-2024T09:36:06 - [TEST_STEP][PASSED] - Object = convertWebElementToTestObject(playgame): null

27-02-2024T09:36:06 - [TEST_STEP][PASSED] - scrollToElement(Object, 10): Scroll to object '' successfully

27-02-2024T09:36:06 - [MESSAGE][PASSED] - Scroll to object '' successfully

27-02-2024T09:36:06 - [TEST_STEP][PASSED] - playgame.click(): null

27-02-2024T09:36:06 - [TEST_STEP][PASSED] - delay(5): Delayed 5 second(s)

27-02-2024T09:36:11 - [MESSAGE][PASSED] - Delayed 5 second(s)

27-02-2024T09:36:11 - [TEST_STEP][PASSED] - title = getUrl(): Current window's url is: 'https://haboom.com/d/casino/casino'

27-02-2024T09:36:11 - [MESSAGE][PASSED] - Current window's url is: 'https://haboom.com/d/casino/casino'

27-02-2024T09:36:11 - [TEST_STEP][PASSED] - if (title.contains("notavailable")): null

27-02-2024T09:36:11 - [TEST_STEP][PASSED] - switchToWindowIndex(1): Switched to window with index: '1'

27-02-2024T09:36:11 - [MESSAGE][PASSED] - Switched to window with index: '1'

27-02-2024T09:36:11 - [TEST_STEP][PASSED] - closeWindowIndex(1): Window with index 1 is closed

27-02-2024T09:36:11 - [MESSAGE][PASSED] - Window with index 1 is closed

27-02-2024T09:36:11 - [TEST_STEP][PASSED] - switchToWindowIndex(0): Switched to window with index: '0'

27-02-2024T09:36:11 - [MESSAGE][PASSED] - Switched to window with index: '0'

27-02-2024T09:36:11 - [TEST_STEP][PASSED] - delay(5): Delayed 5 second(s)

27-02-2024T09:36:16 - [MESSAGE][PASSED] - Delayed 5 second(s)

27-02-2024T09:36:16 - [TEST_STEP][PASSED] - println(j): null

27-02-2024T09:36:16 - [TEST_STEP][PASSED] - playgame = allgames.get(j): null

27-02-2024T09:36:16 - [TEST_STEP][PASSED] - Object = convertWebElementToTestObject(playgame): null

27-02-2024T09:36:16 - [TEST_STEP][PASSED] - scrollToElement(Object, 10): Scroll to object '' successfully

27-02-2024T09:36:16 - [MESSAGE][PASSED] - Scroll to object '' successfully

27-02-2024T09:36:16 - [TEST_STEP][PASSED] - playgame.click(): null

27-02-2024T09:36:16 - [TEST_STEP][PASSED] - delay(5): Delayed 5 second(s)

27-02-2024T09:36:21 - [MESSAGE][PASSED] - Delayed 5 second(s)

27-02-2024T09:36:21 - [TEST_STEP][PASSED] - title = getUrl(): Current window's url is: 'https://haboom.com/d/casino/casino'

27-02-2024T09:36:21 - [MESSAGE][PASSED] - Current window's url is: 'https://haboom.com/d/casino/casino'

27-02-2024T09:36:21 - [TEST_STEP][PASSED] - if (title.contains("notavailable")): null

27-02-2024T09:36:21 - [TEST_STEP][PASSED] - switchToWindowIndex(1): Switched to window with index: '1'

27-02-2024T09:36:21 - [MESSAGE][PASSED] - Switched to window with index: '1'

27-02-2024T09:36:21 - [TEST_STEP][PASSED] - closeWindowIndex(1): Window with index 1 is closed

27-02-2024T09:36:21 - [MESSAGE][PASSED] - Window with index 1 is closed

27-02-2024T09:36:21 - [TEST_STEP][PASSED] - switchToWindowIndex(0): Switched to window with index: '0'

27-02-2024T09:36:21 - [MESSAGE][PASSED] - Switched to window with index: '0'

27-02-2024T09:36:21 - [TEST_STEP][PASSED] - delay(5): Delayed 5 second(s)

27-02-2024T09:36:26 - [MESSAGE][PASSED] - Delayed 5 second(s)

27-02-2024T09:36:26 - [TEST_STEP][PASSED] - println(j): null

27-02-2024T09:36:26 - [TEST_STEP][PASSED] - playgame = allgames.get(j): null

27-02-2024T09:36:26 - [TEST_STEP][PASSED] - Object = convertWebElementToTestObject(playgame): null

27-02-2024T09:36:26 - [TEST_STEP][PASSED] - scrollToElement(Object, 10): Scroll to object '' successfully

27-02-2024T09:36:26 - [MESSAGE][PASSED] - Scroll to object '' successfully

27-02-2024T09:36:26 - [TEST_STEP][PASSED] - playgame.click(): null

27-02-2024T09:36:26 - [TEST_STEP][PASSED] - delay(5): Delayed 5 second(s)

27-02-2024T09:36:31 - [MESSAGE][PASSED] - Delayed 5 second(s)

27-02-2024T09:36:31 - [TEST_STEP][PASSED] - title = getUrl(): Current window's url is: 'https://haboom.com/d/casino/casino'

27-02-2024T09:36:31 - [MESSAGE][PASSED] - Current window's url is: 'https://haboom.com/d/casino/casino'

27-02-2024T09:36:31 - [TEST_STEP][PASSED] - if (title.contains("notavailable")): null

27-02-2024T09:36:31 - [TEST_STEP][PASSED] - switchToWindowIndex(1): Switched to window with index: '1'

27-02-2024T09:36:31 - [MESSAGE][PASSED] - Switched to window with index: '1'

27-02-2024T09:36:31 - [TEST_STEP][PASSED] - closeWindowIndex(1): Window with index 1 is closed

27-02-2024T09:36:32 - [MESSAGE][PASSED] - Window with index 1 is closed

27-02-2024T09:36:32 - [TEST_STEP][PASSED] - switchToWindowIndex(0): Switched to window with index: '0'

27-02-2024T09:36:32 - [MESSAGE][PASSED] - Switched to window with index: '0'

27-02-2024T09:36:32 - [TEST_STEP][PASSED] - delay(5): Delayed 5 second(s)

27-02-2024T09:36:37 - [MESSAGE][PASSED] - Delayed 5 second(s)

27-02-2024T09:36:37 - [TEST_STEP][PASSED] - println(j): null

27-02-2024T09:36:37 - [TEST_STEP][PASSED] - playgame = allgames.get(j): null

27-02-2024T09:36:37 - [TEST_STEP][PASSED] - Object = convertWebElementToTestObject(playgame): null

27-02-2024T09:36:37 - [TEST_STEP][PASSED] - scrollToElement(Object, 10): Scroll to object '' successfully

27-02-2024T09:36:37 - [MESSAGE][PASSED] - Scroll to object '' successfully

27-02-2024T09:36:37 - [TEST_STEP][PASSED] - playgame.click(): null

27-02-2024T09:36:37 - [TEST_STEP][PASSED] - delay(5): Delayed 5 second(s)

27-02-2024T09:36:42 - [MESSAGE][PASSED] - Delayed 5 second(s)

27-02-2024T09:36:42 - [TEST_STEP][PASSED] - title = getUrl(): Current window's url is: 'https://haboom.com/d/casino/casino'

27-02-2024T09:36:42 - [MESSAGE][PASSED] - Current window's url is: 'https://haboom.com/d/casino/casino'

27-02-2024T09:36:42 - [TEST_STEP][PASSED] - if (title.contains("notavailable")): null

27-02-2024T09:36:42 - [TEST_STEP][PASSED] - switchToWindowIndex(1): Switched to window with index: '1'

27-02-2024T09:36:42 - [MESSAGE][PASSED] - Switched to window with index: '1'

27-02-2024T09:36:42 - [TEST_STEP][PASSED] - closeWindowIndex(1): Window with index 1 is closed

27-02-2024T09:36:42 - [MESSAGE][PASSED] - Window with index 1 is closed

27-02-2024T09:36:42 - [TEST_STEP][PASSED] - switchToWindowIndex(0): Switched to window with index: '0'

27-02-2024T09:36:42 - [MESSAGE][PASSED] - Switched to window with index: '0'

27-02-2024T09:36:42 - [TEST_STEP][PASSED] - delay(5): Delayed 5 second(s)

27-02-2024T09:36:47 - [MESSAGE][PASSED] - Delayed 5 second(s)

27-02-2024T09:36:47 - [TEST_STEP][PASSED] - println(j): null

27-02-2024T09:36:47 - [TEST_STEP][PASSED] - playgame = allgames.get(j): null

27-02-2024T09:36:47 - [TEST_STEP][PASSED] - Object = convertWebElementToTestObject(playgame): null

27-02-2024T09:36:47 - [TEST_STEP][PASSED] - scrollToElement(Object, 10): Scroll to object '' successfully

27-02-2024T09:36:47 - [MESSAGE][PASSED] - Scroll to object '' successfully

27-02-2024T09:36:47 - [TEST_STEP][PASSED] - playgame.click(): null

27-02-2024T09:36:47 - [TEST_STEP][PASSED] - delay(5): Delayed 5 second(s)

27-02-2024T09:36:52 - [MESSAGE][PASSED] - Delayed 5 second(s)

27-02-2024T09:36:52 - [TEST_STEP][PASSED] - title = getUrl(): Current window's url is: 'https://haboom.com/d/casino/casino'

27-02-2024T09:36:52 - [MESSAGE][PASSED] - Current window's url is: 'https://haboom.com/d/casino/casino'

27-02-2024T09:36:52 - [TEST_STEP][PASSED] - if (title.contains("notavailable")): null

27-02-2024T09:36:52 - [TEST_STEP][PASSED] - switchToWindowIndex(1): Switched to window with index: '1'

27-02-2024T09:36:52 - [MESSAGE][PASSED] - Switched to window with index: '1'

27-02-2024T09:36:52 - [TEST_STEP][PASSED] - closeWindowIndex(1): Window with index 1 is closed

27-02-2024T09:36:52 - [MESSAGE][PASSED] - Window with index 1 is closed

27-02-2024T09:36:52 - [TEST_STEP][PASSED] - switchToWindowIndex(0): Switched to window with index: '0'

27-02-2024T09:36:52 - [MESSAGE][PASSED] - Switched to window with index: '0'

27-02-2024T09:36:52 - [TEST_STEP][PASSED] - delay(5): Delayed 5 second(s)

27-02-2024T09:36:57 - [MESSAGE][PASSED] - Delayed 5 second(s)

27-02-2024T09:36:57 - [TEST_STEP][PASSED] - println(j): null

27-02-2024T09:36:57 - [TEST_STEP][PASSED] - playgame = allgames.get(j): null

27-02-2024T09:36:57 - [TEST_STEP][PASSED] - Object = convertWebElementToTestObject(playgame): null

27-02-2024T09:36:57 - [TEST_STEP][PASSED] - scrollToElement(Object, 10): Scroll to object '' successfully

27-02-2024T09:36:57 - [MESSAGE][PASSED] - Scroll to object '' successfully

27-02-2024T09:36:57 - [TEST_STEP][PASSED] - playgame.click(): null

27-02-2024T09:36:57 - [TEST_STEP][PASSED] - delay(5): Delayed 5 second(s)

27-02-2024T09:37:02 - [MESSAGE][PASSED] - Delayed 5 second(s)

27-02-2024T09:37:02 - [TEST_STEP][PASSED] - title = getUrl(): Current window's url is: 'https://haboom.com/d/casino/casino'

27-02-2024T09:37:02 - [MESSAGE][PASSED] - Current window's url is: 'https://haboom.com/d/casino/casino'

27-02-2024T09:37:02 - [TEST_STEP][PASSED] - if (title.contains("notavailable")): null

27-02-2024T09:37:02 - [TEST_STEP][PASSED] - switchToWindowIndex(1): Switched to window with index: '1'

27-02-2024T09:37:02 - [MESSAGE][PASSED] - Switched to window with index: '1'

27-02-2024T09:37:02 - [TEST_STEP][PASSED] - closeWindowIndex(1): Window with index 1 is closed

27-02-2024T09:37:02 - [MESSAGE][PASSED] - Window with index 1 is closed

27-02-2024T09:37:02 - [TEST_STEP][PASSED] - switchToWindowIndex(0): Switched to window with index: '0'

27-02-2024T09:37:03 - [MESSAGE][PASSED] - Switched to window with index: '0'

27-02-2024T09:37:03 - [TEST_STEP][PASSED] - delay(5): Delayed 5 second(s)

27-02-2024T09:37:08 - [MESSAGE][PASSED] - Delayed 5 second(s)

27-02-2024T09:37:08 - [TEST_STEP][PASSED] - println(j): null

27-02-2024T09:37:08 - [TEST_STEP][PASSED] - playgame = allgames.get(j): null

27-02-2024T09:37:08 - [TEST_STEP][PASSED] - Object = convertWebElementToTestObject(playgame): null

27-02-2024T09:37:08 - [TEST_STEP][PASSED] - scrollToElement(Object, 10): Scroll to object '' successfully

27-02-2024T09:37:08 - [MESSAGE][PASSED] - Scroll to object '' successfully

27-02-2024T09:37:08 - [TEST_STEP][PASSED] - playgame.click(): null

27-02-2024T09:37:08 - [TEST_STEP][PASSED] - delay(5): Delayed 5 second(s)

27-02-2024T09:37:13 - [MESSAGE][PASSED] - Delayed 5 second(s)

27-02-2024T09:37:13 - [TEST_STEP][PASSED] - title = getUrl(): Current window's url is: 'https://haboom.com/d/casino/casino'

27-02-2024T09:37:13 - [MESSAGE][PASSED] - Current window's url is: 'https://haboom.com/d/casino/casino'

27-02-2024T09:37:13 - [TEST_STEP][PASSED] - if (title.contains("notavailable")): null

27-02-2024T09:37:13 - [TEST_STEP][PASSED] - switchToWindowIndex(1): Switched to window with index: '1'

27-02-2024T09:37:13 - [MESSAGE][PASSED] - Switched to window with index: '1'

27-02-2024T09:37:13 - [TEST_STEP][PASSED] - closeWindowIndex(1): Window with index 1 is closed

27-02-2024T09:37:13 - [MESSAGE][PASSED] - Window with index 1 is closed

27-02-2024T09:37:13 - [TEST_STEP][PASSED] - switchToWindowIndex(0): Switched to window with index: '0'

27-02-2024T09:37:13 - [MESSAGE][PASSED] - Switched to window with index: '0'

27-02-2024T09:37:13 - [TEST_STEP][PASSED] - delay(5): Delayed 5 second(s)

27-02-2024T09:37:18 - [MESSAGE][PASSED] - Delayed 5 second(s)

27-02-2024T09:37:18 - [TEST_STEP][PASSED] - println(j): null

27-02-2024T09:37:18 - [TEST_STEP][PASSED] - playgame = allgames.get(j): null

27-02-2024T09:37:18 - [TEST_STEP][PASSED] - Object = convertWebElementToTestObject(playgame): null

27-02-2024T09:37:18 - [TEST_STEP][PASSED] - scrollToElement(Object, 10): Scroll to object '' successfully

27-02-2024T09:37:18 - [MESSAGE][PASSED] - Scroll to object '' successfully

27-02-2024T09:37:18 - [TEST_STEP][PASSED] - playgame.click(): null

27-02-2024T09:37:18 - [TEST_STEP][PASSED] - delay(5): Delayed 5 second(s)

27-02-2024T09:37:23 - [MESSAGE][PASSED] - Delayed 5 second(s)

27-02-2024T09:37:23 - [TEST_STEP][PASSED] - title = getUrl(): Current window's url is: 'https://haboom.com/d/casino/casino'

27-02-2024T09:37:23 - [MESSAGE][PASSED] - Current window's url is: 'https://haboom.com/d/casino/casino'

27-02-2024T09:37:23 - [TEST_STEP][PASSED] - if (title.contains("notavailable")): null

27-02-2024T09:37:23 - [TEST_STEP][PASSED] - switchToWindowIndex(1): Switched to window with index: '1'

27-02-2024T09:37:23 - [MESSAGE][PASSED] - Switched to window with index: '1'

27-02-2024T09:37:23 - [TEST_STEP][PASSED] - closeWindowIndex(1): Window with index 1 is closed

27-02-2024T09:37:23 - [MESSAGE][PASSED] - Window with index 1 is closed

27-02-2024T09:37:23 - [TEST_STEP][PASSED] - switchToWindowIndex(0): Switched to window with index: '0'

27-02-2024T09:37:23 - [MESSAGE][PASSED] - Switched to window with index: '0'

27-02-2024T09:37:23 - [TEST_STEP][PASSED] - delay(5): Delayed 5 second(s)

27-02-2024T09:37:28 - [MESSAGE][PASSED] - Delayed 5 second(s)

27-02-2024T09:37:28 - [TEST_STEP][PASSED] - println(j): null

27-02-2024T09:37:28 - [TEST_STEP][PASSED] - playgame = allgames.get(j): null

27-02-2024T09:37:28 - [TEST_STEP][PASSED] - Object = convertWebElementToTestObject(playgame): null

27-02-2024T09:37:28 - [TEST_STEP][PASSED] - scrollToElement(Object, 10): Scroll to object '' successfully

27-02-2024T09:37:28 - [MESSAGE][PASSED] - Scroll to object '' successfully

27-02-2024T09:37:28 - [TEST_STEP][PASSED] - playgame.click(): null

27-02-2024T09:37:28 - [TEST_STEP][PASSED] - delay(5): Delayed 5 second(s)

27-02-2024T09:37:33 - [MESSAGE][PASSED] - Delayed 5 second(s)

27-02-2024T09:37:33 - [TEST_STEP][PASSED] - title = getUrl(): Current window's url is: 'https://haboom.com/d/casino/casino'

27-02-2024T09:37:33 - [MESSAGE][PASSED] - Current window's url is: 'https://haboom.com/d/casino/casino'

27-02-2024T09:37:33 - [TEST_STEP][PASSED] - if (title.contains("notavailable")): null

27-02-2024T09:37:33 - [TEST_STEP][PASSED] - switchToWindowIndex(1): Switched to window with index: '1'

27-02-2024T09:37:33 - [MESSAGE][PASSED] - Switched to window with index: '1'

27-02-2024T09:37:33 - [TEST_STEP][PASSED] - closeWindowIndex(1): Window with index 1 is closed

27-02-2024T09:37:33 - [MESSAGE][PASSED] - Window with index 1 is closed

27-02-2024T09:37:33 - [TEST_STEP][PASSED] - switchToWindowIndex(0): Switched to window with index: '0'

27-02-2024T09:37:33 - [MESSAGE][PASSED] - Switched to window with index: '0'

27-02-2024T09:37:33 - [TEST_STEP][PASSED] - delay(5): Delayed 5 second(s)

27-02-2024T09:37:38 - [MESSAGE][PASSED] - Delayed 5 second(s)

27-02-2024T09:37:38 - [TEST_STEP][PASSED] - println(j): null

27-02-2024T09:37:38 - [TEST_STEP][PASSED] - playgame = allgames.get(j): null

27-02-2024T09:37:38 - [TEST_STEP][PASSED] - Object = convertWebElementToTestObject(playgame): null

27-02-2024T09:37:38 - [TEST_STEP][PASSED] - scrollToElement(Object, 10): Scroll to object '' successfully

27-02-2024T09:37:38 - [MESSAGE][PASSED] - Scroll to object '' successfully

27-02-2024T09:37:38 - [TEST_STEP][PASSED] - playgame.click(): null

27-02-2024T09:37:38 - [TEST_STEP][PASSED] - delay(5): Delayed 5 second(s)

27-02-2024T09:37:43 - [MESSAGE][PASSED] - Delayed 5 second(s)

27-02-2024T09:37:43 - [TEST_STEP][PASSED] - title = getUrl(): Current window's url is: 'https://haboom.com/d/casino/casino'

27-02-2024T09:37:43 - [MESSAGE][PASSED] - Current window's url is: 'https://haboom.com/d/casino/casino'

27-02-2024T09:37:43 - [TEST_STEP][PASSED] - if (title.contains("notavailable")): null

27-02-2024T09:37:43 - [TEST_STEP][PASSED] - switchToWindowIndex(1): Switched to window with index: '1'

27-02-2024T09:37:43 - [MESSAGE][PASSED] - Switched to window with index: '1'

27-02-2024T09:37:43 - [TEST_STEP][PASSED] - closeWindowIndex(1): Window with index 1 is closed

27-02-2024T09:37:44 - [MESSAGE][PASSED] - Window with index 1 is closed

27-02-2024T09:37:44 - [TEST_STEP][PASSED] - switchToWindowIndex(0): Switched to window with index: '0'

27-02-2024T09:37:44 - [MESSAGE][PASSED] - Switched to window with index: '0'

27-02-2024T09:37:44 - [TEST_STEP][PASSED] - delay(5): Delayed 5 second(s)

27-02-2024T09:37:49 - [MESSAGE][PASSED] - Delayed 5 second(s)

27-02-2024T09:37:49 - [TEST_STEP][PASSED] - println(j): null

27-02-2024T09:37:49 - [TEST_STEP][PASSED] - playgame = allgames.get(j): null

27-02-2024T09:37:49 - [TEST_STEP][PASSED] - Object = convertWebElementToTestObject(playgame): null

27-02-2024T09:37:49 - [TEST_STEP][PASSED] - scrollToElement(Object, 10): Scroll to object '' successfully

27-02-2024T09:37:49 - [MESSAGE][PASSED] - Scroll to object '' successfully

27-02-2024T09:37:49 - [TEST_STEP][PASSED] - playgame.click(): null

27-02-2024T09:37:49 - [TEST_STEP][PASSED] - delay(5): Delayed 5 second(s)

27-02-2024T09:37:54 - [MESSAGE][PASSED] - Delayed 5 second(s)

27-02-2024T09:37:54 - [TEST_STEP][PASSED] - title = getUrl(): Current window's url is: 'https://haboom.com/d/casino/casino'

27-02-2024T09:37:54 - [MESSAGE][PASSED] - Current window's url is: 'https://haboom.com/d/casino/casino'

27-02-2024T09:37:54 - [TEST_STEP][PASSED] - if (title.contains("notavailable")): null

27-02-2024T09:37:54 - [TEST_STEP][PASSED] - switchToWindowIndex(1): Switched to window with index: '1'

27-02-2024T09:37:54 - [MESSAGE][PASSED] - Switched to window with index: '1'

27-02-2024T09:37:54 - [TEST_STEP][PASSED] - closeWindowIndex(1): Window with index 1 is closed

27-02-2024T09:37:54 - [MESSAGE][PASSED] - Window with index 1 is closed

27-02-2024T09:37:54 - [TEST_STEP][PASSED] - switchToWindowIndex(0): Switched to window with index: '0'

27-02-2024T09:37:54 - [MESSAGE][PASSED] - Switched to window with index: '0'

27-02-2024T09:37:54 - [TEST_STEP][PASSED] - delay(5): Delayed 5 second(s)

27-02-2024T09:37:59 - [MESSAGE][PASSED] - Delayed 5 second(s)

27-02-2024T09:37:59 - [TEST_STEP][PASSED] - switchToWindowTitle(providerwindow): Switched to window with title: 'Haboom - Best Online Casino Games for Real Money'

27-02-2024T09:37:59 - [MESSAGE][PASSED] - Switched to window with title: 'Haboom - Best Online Casino Games for Real Money'

27-02-2024T09:37:59 - [TEST_STEP][PASSED] - Object2 = convertWebElementToTestObject(currentElement): null

27-02-2024T09:37:59 - [TEST_STEP][PASSED] - scrollToElement(Object2, 10): Scroll to object '' successfully

27-02-2024T09:37:59 - [MESSAGE][PASSED] - Scroll to object '' successfully

27-02-2024T09:37:59 - [TEST_STEP][ERROR] - if (i != 0): Test Cases/Casino/Open game successful FAILED.
Reason:
org.openqa.selenium.ElementClickInterceptedException: element click intercepted: Element <input class="radio-custom" data-id="evolution" data-table="cg" type="radio" name="provider_list"> is not clickable at point (376, 8). Other element would receive the click: <a href="https://haboom.com/d/casino/games/Andar%20Bahar" title="..." target="_self" class="link-item link-mask ">Andar Bahar</a>
  (Session info: chrome=121.0.6167.187)
Build info: version: '3.141.59', revision: 'e82be7d358', time: '2018-11-14T08:25:53'
System info: host: 'LAPTOP-QCN9K3GM', ip: '192.168.50.148', os.name: 'Windows 11', os.arch: 'amd64', os.version: '10.0', java.version: '17.0.7'
Driver info: com.kms.katalon.selenium.driver.CChromeDriver
Capabilities {acceptInsecureCerts: false, browserName: chrome, browserVersion: 121.0.6167.187, chrome: {chromedriverVersion: 121.0.6167.85 (3f98d690ad7e..., userDataDir: C:\Users\MGOKUL~1\AppData\L...}, fedcm:accounts: true, goog:chromeOptions: {debuggerAddress: localhost:52563}, javascriptEnabled: true, networkConnectionEnabled: false, pageLoadStrategy: normal, platform: WINDOWS, platformName: WINDOWS, proxy: Proxy(), setWindowRect: true, strictFileInteractability: false, timeouts: {implicit: 0, pageLoad: 300000, script: 30000}, unhandledPromptBehavior: dismiss and notify, webauthn:extension:credBlob: true, webauthn:extension:largeBlob: true, webauthn:extension:minPinLength: true, webauthn:extension:prf: true, webauthn:virtualAuthenticators: true}
Session ID: 2b0d367eb0824bcbe5ed652b8592f557
	at java.base/jdk.internal.reflect.NativeConstructorAccessorImpl.newInstance0(Native Method)
	at java.base/jdk.internal.reflect.NativeConstructorAccessorImpl.newInstance(NativeConstructorAccessorImpl.java:77)
	at java.base/jdk.internal.reflect.DelegatingConstructorAccessorImpl.newInstance(DelegatingConstructorAccessorImpl.java:45)
	at org.openqa.selenium.remote.http.W3CHttpResponseCodec.createException(W3CHttpResponseCodec.java:187)
	at org.openqa.selenium.remote.http.W3CHttpResponseCodec.decode(W3CHttpResponseCodec.java:122)
	at org.openqa.selenium.remote.http.W3CHttpResponseCodec.decode(W3CHttpResponseCodec.java:49)
	at org.openqa.selenium.remote.HttpCommandExecutor.execute(HttpCommandExecutor.java:158)
	at org.openqa.selenium.remote.service.DriverCommandExecutor.execute(DriverCommandExecutor.java:83)
	at org.openqa.selenium.remote.RemoteWebDriver.execute(RemoteWebDriver.java:552)
	at com.kms.katalon.selenium.driver.CChromeDriver.execute(CChromeDriver.java:19)
	at org.openqa.selenium.remote.RemoteWebElement.execute(RemoteWebElement.java:285)
	at org.openqa.selenium.remote.RemoteWebElement.click(RemoteWebElement.java:84)
	at jdk.internal.reflect.GeneratedMethodAccessor14.invoke(Unknown Source)
	at java.base/jdk.internal.reflect.DelegatingMethodAccessorImpl.invoke(DelegatingMethodAccessorImpl.java:43)
	at org.openqa.selenium.support.events.EventFiringWebDriver$EventFiringWebElement.lambda$new$0(EventFiringWebDriver.java:404)
	at jdk.proxy2/jdk.proxy2.$Proxy24.click(Unknown Source)
	at org.openqa.selenium.support.events.EventFiringWebDriver$EventFiringWebElement.click(EventFiringWebDriver.java:417)
	at Open game successful.run(Open game successful:23)
	at com.kms.katalon.core.main.ScriptEngine.run(ScriptEngine.java:194)
	at com.kms.katalon.core.main.ScriptEngine.runScriptAsRawText(ScriptEngine.java:119)
	at com.kms.katalon.core.main.TestCaseExecutor.runScript(TestCaseExecutor.java:448)
	at com.kms.katalon.core.main.TestCaseExecutor.doExecute(TestCaseExecutor.java:439)
	at com.kms.katalon.core.main.TestCaseExecutor.processExecutionPhase(TestCaseExecutor.java:418)
	at com.kms.katalon.core.main.TestCaseExecutor.accessMainPhase(TestCaseExecutor.java:410)
	at com.kms.katalon.core.main.TestCaseExecutor.execute(TestCaseExecutor.java:285)
	at com.kms.katalon.core.common.CommonExecutor.accessTestCaseMainPhase(CommonExecutor.java:65)
	at com.kms.katalon.core.main.TestSuiteExecutor.accessTestSuiteMainPhase(TestSuiteExecutor.java:148)
	at com.kms.katalon.core.main.TestSuiteExecutor.execute(TestSuiteExecutor.java:106)
	at com.kms.katalon.core.main.TestCaseMain.startTestSuite(TestCaseMain.java:180)
	at TempTestSuite1709006653260.run(TempTestSuite1709006653260.groovy:36)
	at java.base/jdk.internal.reflect.NativeMethodAccessorImpl.invoke0(Native Method)
	at java.base/jdk.internal.reflect.NativeMethodAccessorImpl.invoke(NativeMethodAccessorImpl.java:77)
	at java.base/jdk.internal.reflect.DelegatingMethodAccessorImpl.invoke(DelegatingMethodAccessorImpl.java:43)


27-02-2024T09:37:59 - [TEST_STEP][PASSED] - currentElement = provider.get(i): null

27-02-2024T09:37:59 - [TEST_STEP][ERROR] - currentElement.click(): Test Cases/Casino/Open game successful FAILED.
Reason:
org.openqa.selenium.ElementClickInterceptedException: element click intercepted: Element <input class="radio-custom" data-id="evolution" data-table="cg" type="radio" name="provider_list"> is not clickable at point (376, 8). Other element would receive the click: <a href="https://haboom.com/d/casino/games/Andar%20Bahar" title="..." target="_self" class="link-item link-mask ">Andar Bahar</a>
  (Session info: chrome=121.0.6167.187)
Build info: version: '3.141.59', revision: 'e82be7d358', time: '2018-11-14T08:25:53'
System info: host: 'LAPTOP-QCN9K3GM', ip: '192.168.50.148', os.name: 'Windows 11', os.arch: 'amd64', os.version: '10.0', java.version: '17.0.7'
Driver info: com.kms.katalon.selenium.driver.CChromeDriver
Capabilities {acceptInsecureCerts: false, browserName: chrome, browserVersion: 121.0.6167.187, chrome: {chromedriverVersion: 121.0.6167.85 (3f98d690ad7e..., userDataDir: C:\Users\MGOKUL~1\AppData\L...}, fedcm:accounts: true, goog:chromeOptions: {debuggerAddress: localhost:52563}, javascriptEnabled: true, networkConnectionEnabled: false, pageLoadStrategy: normal, platform: WINDOWS, platformName: WINDOWS, proxy: Proxy(), setWindowRect: true, strictFileInteractability: false, timeouts: {implicit: 0, pageLoad: 300000, script: 30000}, unhandledPromptBehavior: dismiss and notify, webauthn:extension:credBlob: true, webauthn:extension:largeBlob: true, webauthn:extension:minPinLength: true, webauthn:extension:prf: true, webauthn:virtualAuthenticators: true}
Session ID: 2b0d367eb0824bcbe5ed652b8592f557
	at java.base/jdk.internal.reflect.NativeConstructorAccessorImpl.newInstance0(Native Method)
	at java.base/jdk.internal.reflect.NativeConstructorAccessorImpl.newInstance(NativeConstructorAccessorImpl.java:77)
	at java.base/jdk.internal.reflect.DelegatingConstructorAccessorImpl.newInstance(DelegatingConstructorAccessorImpl.java:45)
	at org.openqa.selenium.remote.http.W3CHttpResponseCodec.createException(W3CHttpResponseCodec.java:187)
	at org.openqa.selenium.remote.http.W3CHttpResponseCodec.decode(W3CHttpResponseCodec.java:122)
	at org.openqa.selenium.remote.http.W3CHttpResponseCodec.decode(W3CHttpResponseCodec.java:49)
	at org.openqa.selenium.remote.HttpCommandExecutor.execute(HttpCommandExecutor.java:158)
	at org.openqa.selenium.remote.service.DriverCommandExecutor.execute(DriverCommandExecutor.java:83)
	at org.openqa.selenium.remote.RemoteWebDriver.execute(RemoteWebDriver.java:552)
	at com.kms.katalon.selenium.driver.CChromeDriver.execute(CChromeDriver.java:19)
	at org.openqa.selenium.remote.RemoteWebElement.execute(RemoteWebElement.java:285)
	at org.openqa.selenium.remote.RemoteWebElement.click(RemoteWebElement.java:84)
	at jdk.internal.reflect.GeneratedMethodAccessor14.invoke(Unknown Source)
	at java.base/jdk.internal.reflect.DelegatingMethodAccessorImpl.invoke(DelegatingMethodAccessorImpl.java:43)
	at org.openqa.selenium.support.events.EventFiringWebDriver$EventFiringWebElement.lambda$new$0(EventFiringWebDriver.java:404)
	at jdk.proxy2/jdk.proxy2.$Proxy24.click(Unknown Source)
	at org.openqa.selenium.support.events.EventFiringWebDriver$EventFiringWebElement.click(EventFiringWebDriver.java:417)
	at Open game successful.run(Open game successful:23)
	at com.kms.katalon.core.main.ScriptEngine.run(ScriptEngine.java:194)
	at com.kms.katalon.core.main.ScriptEngine.runScriptAsRawText(ScriptEngine.java:119)
	at com.kms.katalon.core.main.TestCaseExecutor.runScript(TestCaseExecutor.java:448)
	at com.kms.katalon.core.main.TestCaseExecutor.doExecute(TestCaseExecutor.java:439)
	at com.kms.katalon.core.main.TestCaseExecutor.processExecutionPhase(TestCaseExecutor.java:418)
	at com.kms.katalon.core.main.TestCaseExecutor.accessMainPhase(TestCaseExecutor.java:410)
	at com.kms.katalon.core.main.TestCaseExecutor.execute(TestCaseExecutor.java:285)
	at com.kms.katalon.core.common.CommonExecutor.accessTestCaseMainPhase(CommonExecutor.java:65)
	at com.kms.katalon.core.main.TestSuiteExecutor.accessTestSuiteMainPhase(TestSuiteExecutor.java:148)
	at com.kms.katalon.core.main.TestSuiteExecutor.execute(TestSuiteExecutor.java:106)
	at com.kms.katalon.core.main.TestCaseMain.startTestSuite(TestCaseMain.java:180)
	at TempTestSuite1709006653260.run(TempTestSuite1709006653260.groovy:36)
	at java.base/jdk.internal.reflect.NativeMethodAccessorImpl.invoke0(Native Method)
	at java.base/jdk.internal.reflect.NativeMethodAccessorImpl.invoke(NativeMethodAccessorImpl.java:77)
	at java.base/jdk.internal.reflect.DelegatingMethodAccessorImpl.invoke(DelegatingMethodAccessorImpl.java:43)


27-02-2024T09:38:00 - [MESSAGE][ERROR] - Test Cases/Casino/Open game successful FAILED.
Reason:
org.openqa.selenium.ElementClickInterceptedException: element click intercepted: Element <input class="radio-custom" data-id="evolution" data-table="cg" type="radio" name="provider_list"> is not clickable at point (376, 8). Other element would receive the click: <a href="https://haboom.com/d/casino/games/Andar%20Bahar" title="..." target="_self" class="link-item link-mask ">Andar Bahar</a>
  (Session info: chrome=121.0.6167.187)
Build info: version: '3.141.59', revision: 'e82be7d358', time: '2018-11-14T08:25:53'
System info: host: 'LAPTOP-QCN9K3GM', ip: '192.168.50.148', os.name: 'Windows 11', os.arch: 'amd64', os.version: '10.0', java.version: '17.0.7'
Driver info: com.kms.katalon.selenium.driver.CChromeDriver
Capabilities {acceptInsecureCerts: false, browserName: chrome, browserVersion: 121.0.6167.187, chrome: {chromedriverVersion: 121.0.6167.85 (3f98d690ad7e..., userDataDir: C:\Users\MGOKUL~1\AppData\L...}, fedcm:accounts: true, goog:chromeOptions: {debuggerAddress: localhost:52563}, javascriptEnabled: true, networkConnectionEnabled: false, pageLoadStrategy: normal, platform: WINDOWS, platformName: WINDOWS, proxy: Proxy(), setWindowRect: true, strictFileInteractability: false, timeouts: {implicit: 0, pageLoad: 300000, script: 30000}, unhandledPromptBehavior: dismiss and notify, webauthn:extension:credBlob: true, webauthn:extension:largeBlob: true, webauthn:extension:minPinLength: true, webauthn:extension:prf: true, webauthn:virtualAuthenticators: true}
Session ID: 2b0d367eb0824bcbe5ed652b8592f557
	at java.base/jdk.internal.reflect.NativeConstructorAccessorImpl.newInstance0(Native Method)
	at java.base/jdk.internal.reflect.NativeConstructorAccessorImpl.newInstance(NativeConstructorAccessorImpl.java:77)
	at java.base/jdk.internal.reflect.DelegatingConstructorAccessorImpl.newInstance(DelegatingConstructorAccessorImpl.java:45)
	at org.openqa.selenium.remote.http.W3CHttpResponseCodec.createException(W3CHttpResponseCodec.java:187)
	at org.openqa.selenium.remote.http.W3CHttpResponseCodec.decode(W3CHttpResponseCodec.java:122)
	at org.openqa.selenium.remote.http.W3CHttpResponseCodec.decode(W3CHttpResponseCodec.java:49)
	at org.openqa.selenium.remote.HttpCommandExecutor.execute(HttpCommandExecutor.java:158)
	at org.openqa.selenium.remote.service.DriverCommandExecutor.execute(DriverCommandExecutor.java:83)
	at org.openqa.selenium.remote.RemoteWebDriver.execute(RemoteWebDriver.java:552)
	at com.kms.katalon.selenium.driver.CChromeDriver.execute(CChromeDriver.java:19)
	at org.openqa.selenium.remote.RemoteWebElement.execute(RemoteWebElement.java:285)
	at org.openqa.selenium.remote.RemoteWebElement.click(RemoteWebElement.java:84)
	at jdk.internal.reflect.GeneratedMethodAccessor14.invoke(Unknown Source)
	at java.base/jdk.internal.reflect.DelegatingMethodAccessorImpl.invoke(DelegatingMethodAccessorImpl.java:43)
	at org.openqa.selenium.support.events.EventFiringWebDriver$EventFiringWebElement.lambda$new$0(EventFiringWebDriver.java:404)
	at jdk.proxy2/jdk.proxy2.$Proxy24.click(Unknown Source)
	at org.openqa.selenium.support.events.EventFiringWebDriver$EventFiringWebElement.click(EventFiringWebDriver.java:417)
	at Open game successful.run(Open game successful:23)
	at com.kms.katalon.core.main.ScriptEngine.run(ScriptEngine.java:194)
	at com.kms.katalon.core.main.ScriptEngine.runScriptAsRawText(ScriptEngine.java:119)
	at com.kms.katalon.core.main.TestCaseExecutor.runScript(TestCaseExecutor.java:448)
	at com.kms.katalon.core.main.TestCaseExecutor.doExecute(TestCaseExecutor.java:439)
	at com.kms.katalon.core.main.TestCaseExecutor.processExecutionPhase(TestCaseExecutor.java:418)
	at com.kms.katalon.core.main.TestCaseExecutor.accessMainPhase(TestCaseExecutor.java:410)
	at com.kms.katalon.core.main.TestCaseExecutor.execute(TestCaseExecutor.java:285)
	at com.kms.katalon.core.common.CommonExecutor.accessTestCaseMainPhase(CommonExecutor.java:65)
	at com.kms.katalon.core.main.TestSuiteExecutor.accessTestSuiteMainPhase(TestSuiteExecutor.java:148)
	at com.kms.katalon.core.main.TestSuiteExecutor.execute(TestSuiteExecutor.java:106)
	at com.kms.katalon.core.main.TestCaseMain.startTestSuite(TestCaseMain.java:180)
	at TempTestSuite1709006653260.run(TempTestSuite1709006653260.groovy:36)
	at java.base/jdk.internal.reflect.NativeMethodAccessorImpl.invoke0(Native Method)
	at java.base/jdk.internal.reflect.NativeMethodAccessorImpl.invoke(NativeMethodAccessorImpl.java:77)
	at java.base/jdk.internal.reflect.DelegatingMethodAccessorImpl.invoke(DelegatingMethodAccessorImpl.java:43)]]></system-out>
         <system-err><![CDATA[27-02-2024T09:34:15 - [TEST_CASE][ERROR] - Test Cases/Casino/Open game successful: Test Cases/Casino/Open game successful FAILED.
Reason:
org.openqa.selenium.ElementClickInterceptedException: element click intercepted: Element <input class="radio-custom" data-id="evolution" data-table="cg" type="radio" name="provider_list"> is not clickable at point (376, 8). Other element would receive the click: <a href="https://haboom.com/d/casino/games/Andar%20Bahar" title="..." target="_self" class="link-item link-mask ">Andar Bahar</a>
  (Session info: chrome=121.0.6167.187)
Build info: version: '3.141.59', revision: 'e82be7d358', time: '2018-11-14T08:25:53'
System info: host: 'LAPTOP-QCN9K3GM', ip: '192.168.50.148', os.name: 'Windows 11', os.arch: 'amd64', os.version: '10.0', java.version: '17.0.7'
Driver info: com.kms.katalon.selenium.driver.CChromeDriver
Capabilities {acceptInsecureCerts: false, browserName: chrome, browserVersion: 121.0.6167.187, chrome: {chromedriverVersion: 121.0.6167.85 (3f98d690ad7e..., userDataDir: C:\Users\MGOKUL~1\AppData\L...}, fedcm:accounts: true, goog:chromeOptions: {debuggerAddress: localhost:52563}, javascriptEnabled: true, networkConnectionEnabled: false, pageLoadStrategy: normal, platform: WINDOWS, platformName: WINDOWS, proxy: Proxy(), setWindowRect: true, strictFileInteractability: false, timeouts: {implicit: 0, pageLoad: 300000, script: 30000}, unhandledPromptBehavior: dismiss and notify, webauthn:extension:credBlob: true, webauthn:extension:largeBlob: true, webauthn:extension:minPinLength: true, webauthn:extension:prf: true, webauthn:virtualAuthenticators: true}
Session ID: 2b0d367eb0824bcbe5ed652b8592f557
	at java.base/jdk.internal.reflect.NativeConstructorAccessorImpl.newInstance0(Native Method)
	at java.base/jdk.internal.reflect.NativeConstructorAccessorImpl.newInstance(NativeConstructorAccessorImpl.java:77)
	at java.base/jdk.internal.reflect.DelegatingConstructorAccessorImpl.newInstance(DelegatingConstructorAccessorImpl.java:45)
	at org.openqa.selenium.remote.http.W3CHttpResponseCodec.createException(W3CHttpResponseCodec.java:187)
	at org.openqa.selenium.remote.http.W3CHttpResponseCodec.decode(W3CHttpResponseCodec.java:122)
	at org.openqa.selenium.remote.http.W3CHttpResponseCodec.decode(W3CHttpResponseCodec.java:49)
	at org.openqa.selenium.remote.HttpCommandExecutor.execute(HttpCommandExecutor.java:158)
	at org.openqa.selenium.remote.service.DriverCommandExecutor.execute(DriverCommandExecutor.java:83)
	at org.openqa.selenium.remote.RemoteWebDriver.execute(RemoteWebDriver.java:552)
	at com.kms.katalon.selenium.driver.CChromeDriver.execute(CChromeDriver.java:19)
	at org.openqa.selenium.remote.RemoteWebElement.execute(RemoteWebElement.java:285)
	at org.openqa.selenium.remote.RemoteWebElement.click(RemoteWebElement.java:84)
	at jdk.internal.reflect.GeneratedMethodAccessor14.invoke(Unknown Source)
	at java.base/jdk.internal.reflect.DelegatingMethodAccessorImpl.invoke(DelegatingMethodAccessorImpl.java:43)
	at org.openqa.selenium.support.events.EventFiringWebDriver$EventFiringWebElement.lambda$new$0(EventFiringWebDriver.java:404)
	at jdk.proxy2/jdk.proxy2.$Proxy24.click(Unknown Source)
	at org.openqa.selenium.support.events.EventFiringWebDriver$EventFiringWebElement.click(EventFiringWebDriver.java:417)
	at Open game successful.run(Open game successful:23)
	at com.kms.katalon.core.main.ScriptEngine.run(ScriptEngine.java:194)
	at com.kms.katalon.core.main.ScriptEngine.runScriptAsRawText(ScriptEngine.java:119)
	at com.kms.katalon.core.main.TestCaseExecutor.runScript(TestCaseExecutor.java:448)
	at com.kms.katalon.core.main.TestCaseExecutor.doExecute(TestCaseExecutor.java:439)
	at com.kms.katalon.core.main.TestCaseExecutor.processExecutionPhase(TestCaseExecutor.java:418)
	at com.kms.katalon.core.main.TestCaseExecutor.accessMainPhase(TestCaseExecutor.java:410)
	at com.kms.katalon.core.main.TestCaseExecutor.execute(TestCaseExecutor.java:285)
	at com.kms.katalon.core.common.CommonExecutor.accessTestCaseMainPhase(CommonExecutor.java:65)
	at com.kms.katalon.core.main.TestSuiteExecutor.accessTestSuiteMainPhase(TestSuiteExecutor.java:148)
	at com.kms.katalon.core.main.TestSuiteExecutor.execute(TestSuiteExecutor.java:106)
	at com.kms.katalon.core.main.TestCaseMain.startTestSuite(TestCaseMain.java:180)
	at TempTestSuite1709006653260.run(TempTestSuite1709006653260.groovy:36)
	at java.base/jdk.internal.reflect.NativeMethodAccessorImpl.invoke0(Native Method)
	at java.base/jdk.internal.reflect.NativeMethodAccessorImpl.invoke(NativeMethodAccessorImpl.java:77)
	at java.base/jdk.internal.reflect.DelegatingMethodAccessorImpl.invoke(DelegatingMethodAccessorImpl.java:43)]]></system-err>
      </testcase>
      <system-out><![CDATA[27-02-2024T09:34:15 - [TEST_SUITE][ERROR] - Casino: Test Cases/Casino/Open game successful FAILED.
Reason:
org.openqa.selenium.ElementClickInterceptedException: element click intercepted: Element <input class="radio-custom" data-id="evolution" data-table="cg" type="radio" name="provider_list"> is not clickable at point (376, 8). Other element would receive the click: <a href="https://haboom.com/d/casino/games/Andar%20Bahar" title="..." target="_self" class="link-item link-mask ">Andar Bahar</a>
  (Session info: chrome=121.0.6167.187)
Build info: version: '3.141.59', revision: 'e82be7d358', time: '2018-11-14T08:25:53'
System info: host: 'LAPTOP-QCN9K3GM', ip: '192.168.50.148', os.name: 'Windows 11', os.arch: 'amd64', os.version: '10.0', java.version: '17.0.7'
Driver info: com.kms.katalon.selenium.driver.CChromeDriver
Capabilities {acceptInsecureCerts: false, browserName: chrome, browserVersion: 121.0.6167.187, chrome: {chromedriverVersion: 121.0.6167.85 (3f98d690ad7e..., userDataDir: C:\Users\MGOKUL~1\AppData\L...}, fedcm:accounts: true, goog:chromeOptions: {debuggerAddress: localhost:52563}, javascriptEnabled: true, networkConnectionEnabled: false, pageLoadStrategy: normal, platform: WINDOWS, platformName: WINDOWS, proxy: Proxy(), setWindowRect: true, strictFileInteractability: false, timeouts: {implicit: 0, pageLoad: 300000, script: 30000}, unhandledPromptBehavior: dismiss and notify, webauthn:extension:credBlob: true, webauthn:extension:largeBlob: true, webauthn:extension:minPinLength: true, webauthn:extension:prf: true, webauthn:virtualAuthenticators: true}
Session ID: 2b0d367eb0824bcbe5ed652b8592f557
	at java.base/jdk.internal.reflect.NativeConstructorAccessorImpl.newInstance0(Native Method)
	at java.base/jdk.internal.reflect.NativeConstructorAccessorImpl.newInstance(NativeConstructorAccessorImpl.java:77)
	at java.base/jdk.internal.reflect.DelegatingConstructorAccessorImpl.newInstance(DelegatingConstructorAccessorImpl.java:45)
	at org.openqa.selenium.remote.http.W3CHttpResponseCodec.createException(W3CHttpResponseCodec.java:187)
	at org.openqa.selenium.remote.http.W3CHttpResponseCodec.decode(W3CHttpResponseCodec.java:122)
	at org.openqa.selenium.remote.http.W3CHttpResponseCodec.decode(W3CHttpResponseCodec.java:49)
	at org.openqa.selenium.remote.HttpCommandExecutor.execute(HttpCommandExecutor.java:158)
	at org.openqa.selenium.remote.service.DriverCommandExecutor.execute(DriverCommandExecutor.java:83)
	at org.openqa.selenium.remote.RemoteWebDriver.execute(RemoteWebDriver.java:552)
	at com.kms.katalon.selenium.driver.CChromeDriver.execute(CChromeDriver.java:19)
	at org.openqa.selenium.remote.RemoteWebElement.execute(RemoteWebElement.java:285)
	at org.openqa.selenium.remote.RemoteWebElement.click(RemoteWebElement.java:84)
	at jdk.internal.reflect.GeneratedMethodAccessor14.invoke(Unknown Source)
	at java.base/jdk.internal.reflect.DelegatingMethodAccessorImpl.invoke(DelegatingMethodAccessorImpl.java:43)
	at org.openqa.selenium.support.events.EventFiringWebDriver$EventFiringWebElement.lambda$new$0(EventFiringWebDriver.java:404)
	at jdk.proxy2/jdk.proxy2.$Proxy24.click(Unknown Source)
	at org.openqa.selenium.support.events.EventFiringWebDriver$EventFiringWebElement.click(EventFiringWebDriver.java:417)
	at Open game successful.run(Open game successful:23)
	at com.kms.katalon.core.main.ScriptEngine.run(ScriptEngine.java:194)
	at com.kms.katalon.core.main.ScriptEngine.runScriptAsRawText(ScriptEngine.java:119)
	at com.kms.katalon.core.main.TestCaseExecutor.runScript(TestCaseExecutor.java:448)
	at com.kms.katalon.core.main.TestCaseExecutor.doExecute(TestCaseExecutor.java:439)
	at com.kms.katalon.core.main.TestCaseExecutor.processExecutionPhase(TestCaseExecutor.java:418)
	at com.kms.katalon.core.main.TestCaseExecutor.accessMainPhase(TestCaseExecutor.java:410)
	at com.kms.katalon.core.main.TestCaseExecutor.execute(TestCaseExecutor.java:285)
	at com.kms.katalon.core.common.CommonExecutor.accessTestCaseMainPhase(CommonExecutor.java:65)
	at com.kms.katalon.core.main.TestSuiteExecutor.accessTestSuiteMainPhase(TestSuiteExecutor.java:148)
	at com.kms.katalon.core.main.TestSuiteExecutor.execute(TestSuiteExecutor.java:106)
	at com.kms.katalon.core.main.TestCaseMain.startTestSuite(TestCaseMain.java:180)
	at TempTestSuite1709006653260.run(TempTestSuite1709006653260.groovy:36)
	at java.base/jdk.internal.reflect.NativeMethodAccessorImpl.invoke0(Native Method)
	at java.base/jdk.internal.reflect.NativeMethodAccessorImpl.invoke(NativeMethodAccessorImpl.java:77)
	at java.base/jdk.internal.reflect.DelegatingMethodAccessorImpl.invoke(DelegatingMethodAccessorImpl.java:43)]]></system-out>
      <system-err><![CDATA[27-02-2024T09:34:15 - [TEST_SUITE][ERROR] - Casino: Test Cases/Casino/Open game successful FAILED.
Reason:
org.openqa.selenium.ElementClickInterceptedException: element click intercepted: Element <input class="radio-custom" data-id="evolution" data-table="cg" type="radio" name="provider_list"> is not clickable at point (376, 8). Other element would receive the click: <a href="https://haboom.com/d/casino/games/Andar%20Bahar" title="..." target="_self" class="link-item link-mask ">Andar Bahar</a>
  (Session info: chrome=121.0.6167.187)
Build info: version: '3.141.59', revision: 'e82be7d358', time: '2018-11-14T08:25:53'
System info: host: 'LAPTOP-QCN9K3GM', ip: '192.168.50.148', os.name: 'Windows 11', os.arch: 'amd64', os.version: '10.0', java.version: '17.0.7'
Driver info: com.kms.katalon.selenium.driver.CChromeDriver
Capabilities {acceptInsecureCerts: false, browserName: chrome, browserVersion: 121.0.6167.187, chrome: {chromedriverVersion: 121.0.6167.85 (3f98d690ad7e..., userDataDir: C:\Users\MGOKUL~1\AppData\L...}, fedcm:accounts: true, goog:chromeOptions: {debuggerAddress: localhost:52563}, javascriptEnabled: true, networkConnectionEnabled: false, pageLoadStrategy: normal, platform: WINDOWS, platformName: WINDOWS, proxy: Proxy(), setWindowRect: true, strictFileInteractability: false, timeouts: {implicit: 0, pageLoad: 300000, script: 30000}, unhandledPromptBehavior: dismiss and notify, webauthn:extension:credBlob: true, webauthn:extension:largeBlob: true, webauthn:extension:minPinLength: true, webauthn:extension:prf: true, webauthn:virtualAuthenticators: true}
Session ID: 2b0d367eb0824bcbe5ed652b8592f557
	at java.base/jdk.internal.reflect.NativeConstructorAccessorImpl.newInstance0(Native Method)
	at java.base/jdk.internal.reflect.NativeConstructorAccessorImpl.newInstance(NativeConstructorAccessorImpl.java:77)
	at java.base/jdk.internal.reflect.DelegatingConstructorAccessorImpl.newInstance(DelegatingConstructorAccessorImpl.java:45)
	at org.openqa.selenium.remote.http.W3CHttpResponseCodec.createException(W3CHttpResponseCodec.java:187)
	at org.openqa.selenium.remote.http.W3CHttpResponseCodec.decode(W3CHttpResponseCodec.java:122)
	at org.openqa.selenium.remote.http.W3CHttpResponseCodec.decode(W3CHttpResponseCodec.java:49)
	at org.openqa.selenium.remote.HttpCommandExecutor.execute(HttpCommandExecutor.java:158)
	at org.openqa.selenium.remote.service.DriverCommandExecutor.execute(DriverCommandExecutor.java:83)
	at org.openqa.selenium.remote.RemoteWebDriver.execute(RemoteWebDriver.java:552)
	at com.kms.katalon.selenium.driver.CChromeDriver.execute(CChromeDriver.java:19)
	at org.openqa.selenium.remote.RemoteWebElement.execute(RemoteWebElement.java:285)
	at org.openqa.selenium.remote.RemoteWebElement.click(RemoteWebElement.java:84)
	at jdk.internal.reflect.GeneratedMethodAccessor14.invoke(Unknown Source)
	at java.base/jdk.internal.reflect.DelegatingMethodAccessorImpl.invoke(DelegatingMethodAccessorImpl.java:43)
	at org.openqa.selenium.support.events.EventFiringWebDriver$EventFiringWebElement.lambda$new$0(EventFiringWebDriver.java:404)
	at jdk.proxy2/jdk.proxy2.$Proxy24.click(Unknown Source)
	at org.openqa.selenium.support.events.EventFiringWebDriver$EventFiringWebElement.click(EventFiringWebDriver.java:417)
	at Open game successful.run(Open game successful:23)
	at com.kms.katalon.core.main.ScriptEngine.run(ScriptEngine.java:194)
	at com.kms.katalon.core.main.ScriptEngine.runScriptAsRawText(ScriptEngine.java:119)
	at com.kms.katalon.core.main.TestCaseExecutor.runScript(TestCaseExecutor.java:448)
	at com.kms.katalon.core.main.TestCaseExecutor.doExecute(TestCaseExecutor.java:439)
	at com.kms.katalon.core.main.TestCaseExecutor.processExecutionPhase(TestCaseExecutor.java:418)
	at com.kms.katalon.core.main.TestCaseExecutor.accessMainPhase(TestCaseExecutor.java:410)
	at com.kms.katalon.core.main.TestCaseExecutor.execute(TestCaseExecutor.java:285)
	at com.kms.katalon.core.common.CommonExecutor.accessTestCaseMainPhase(CommonExecutor.java:65)
	at com.kms.katalon.core.main.TestSuiteExecutor.accessTestSuiteMainPhase(TestSuiteExecutor.java:148)
	at com.kms.katalon.core.main.TestSuiteExecutor.execute(TestSuiteExecutor.java:106)
	at com.kms.katalon.core.main.TestCaseMain.startTestSuite(TestCaseMain.java:180)
	at TempTestSuite1709006653260.run(TempTestSuite1709006653260.groovy:36)
	at java.base/jdk.internal.reflect.NativeMethodAccessorImpl.invoke0(Native Method)
	at java.base/jdk.internal.reflect.NativeMethodAccessorImpl.invoke(NativeMethodAccessorImpl.java:77)
	at java.base/jdk.internal.reflect.DelegatingMethodAccessorImpl.invoke(DelegatingMethodAccessorImpl.java:43)]]></system-err>
   </testsuite>
</testsuites>
