<?xml version="1.0" encoding="UTF-8"?>
<testsuites name="My Account" time="68.78" tests="2" failures="0" errors="0">
   <testsuite name="My Account" tests="2" failures="0" errors="0" time="68.78" skipped="0" timestamp="26-02-2024T13:48:13" hostname="Deepa V - LAPTOP-KJGS4LH5" id="Test Suites/My Account">
      <properties>
         <property name="deviceName" value=""/>
         <property name="devicePlatform" value=""/>
         <property name="logFolder" value="C:\\Users\\Deepa V\\git\\HaboomWBT\\Reports\\20240226_134811\\My Account\\20240226_134811"/>
         <property name="logFiles" value="C:\\Users\\Deepa V\\git\\HaboomWBT\\Reports\\20240226_134811\\My Account\\20240226_134811\\execution0.log"/>
         <property name="attachments" value="C:\\Users\\Deepa V\\git\\HaboomWBT\\Reports\\20240226_134811\\My Account\\20240226_134811\\1708935526269.png, C:\\Users\\Deepa V\\git\\HaboomWBT\\Reports\\20240226_134811\\My Account\\20240226_134811\\1708935531523.png, C:\\Users\\Deepa V\\git\\HaboomWBT\\Reports\\20240226_134811\\My Account\\20240226_134811\\1708935561874.png"/>
         <property name="hostName" value="Deepa V - LAPTOP-KJGS4LH5"/>
         <property name="os" value="Windows 11 64bit"/>
         <property name="katalonVersion" value="9.3.0.212"/>
         <property name="browser" value="Chrome 121.0.0.0"/>
         <property name="hostAddress" value="192.168.50.146"/>
         <property name="sessionId" value="ded005e330e3141c66cdf35002f20dd6"/>
         <property name="seleniumVersion" value="3.141.59"/>
         <property name="proxyInformation" value="ProxyInformation { proxyOption=NO_PROXY, proxyServerType=HTTP, username=, password=********, proxyServerAddress=, proxyServerPort=0, executionList=&quot;&quot;, isApplyToDesiredCapabilities=true }"/>
         <property name="platform" value="Windows 11"/>
      </properties>
      <testcase name="Test Cases/My Account/Payment_Deposit successful in Bank Transfer" time="38.524" classname="Test Cases/My Account/Payment_Deposit successful in Bank Transfer" status="PASSED">
         <system-out><![CDATA[26-02-2024T13:48:13 - [TEST_CASE][PASSED] - Test Cases/My Account/Payment_Deposit successful in Bank Transfer: Test Cases/My Account/Payment_Deposit successful in Bank Transfer

26-02-2024T13:48:13 - [TEST_STEP][PASSED] - openBrowser(""): Browser is opened with url: ''

26-02-2024T13:48:13 - [MESSAGE][INFO] - Starting 'Chrome' driver

26-02-2024T13:48:13 - [MESSAGE][INFO] - Action delay is set to 0 milliseconds

26-02-2024T13:48:14 - [MESSAGE][PASSED] - Browser is opened with url: ''

26-02-2024T13:48:14 - [TEST_STEP][PASSED] - navigateToUrl("https://haboom.com/"): Navigate to 'https://haboom.com/' successfully

26-02-2024T13:48:19 - [MESSAGE][PASSED] - Navigate to 'https://haboom.com/' successfully

26-02-2024T13:48:19 - [TEST_STEP][PASSED] - setText(findTestObject("Object Repository/My Account_Payment/Deposit Bank Transfer/login to My haboom account/Login username"), "Sherlock"): Text 'Sherlock' is set on object 'Object Repository/My Account_Payment/Deposit Bank Transfer/login to My haboom account/Login username'

26-02-2024T13:48:22 - [MESSAGE][PASSED] - Text 'Sherlock' is set on object 'Object Repository/My Account_Payment/Deposit Bank Transfer/login to My haboom account/Login username'

26-02-2024T13:48:22 - [TEST_STEP][PASSED] - setEncryptedText(findTestObject("Object Repository/My Account_Payment/Deposit Bank Transfer/login to My haboom account/Login password"), "Ae2KZyjYBr0MQlyqU7ThAA=="): Text ****** has been set on object 'Object Repository/My Account_Payment/Deposit Bank Transfer/login to My haboom account/Login password'

26-02-2024T13:48:24 - [MESSAGE][PASSED] - Text ****** has been set on object 'Object Repository/My Account_Payment/Deposit Bank Transfer/login to My haboom account/Login password'

26-02-2024T13:48:24 - [TEST_STEP][PASSED] - click(findTestObject("Object Repository/My Account_Payment/Deposit Bank Transfer/login to My haboom account/Log Button")): Object: 'Object Repository/My Account_Payment/Deposit Bank Transfer/login to My haboom account/Log Button' is clicked on

26-02-2024T13:48:25 - [MESSAGE][PASSED] - Object: 'Object Repository/My Account_Payment/Deposit Bank Transfer/login to My haboom account/Log Button' is clicked on

26-02-2024T13:48:25 - [TEST_STEP][PASSED] - click(findTestObject("Object Repository/My Account_Payment/Deposit Bank Transfer/login to My haboom account/My Account")): Object: 'Object Repository/My Account_Payment/Deposit Bank Transfer/login to My haboom account/My Account' is clicked on

26-02-2024T13:48:28 - [MESSAGE][PASSED] - Object: 'Object Repository/My Account_Payment/Deposit Bank Transfer/login to My haboom account/My Account' is clicked on

26-02-2024T13:48:28 - [TEST_STEP][PASSED] - click(findTestObject("Object Repository/My Account_Payment/Deposit Bank Transfer/login to My haboom account/My Haboom Account")): Object: 'Object Repository/My Account_Payment/Deposit Bank Transfer/login to My haboom account/My Haboom Account' is clicked on

26-02-2024T13:48:35 - [MESSAGE][PASSED] - Object: 'Object Repository/My Account_Payment/Deposit Bank Transfer/login to My haboom account/My Haboom Account' is clicked on

26-02-2024T13:48:35 - [TEST_STEP][PASSED] - click(findTestObject("Object Repository/My Account_Payment/Deposit Bank Transfer/Bank transfer page/Payments")): Object: 'Object Repository/My Account_Payment/Deposit Bank Transfer/Bank transfer page/Payments' is clicked on

26-02-2024T13:48:36 - [MESSAGE][PASSED] - Object: 'Object Repository/My Account_Payment/Deposit Bank Transfer/Bank transfer page/Payments' is clicked on

26-02-2024T13:48:36 - [TEST_STEP][PASSED] - click(findTestObject("Object Repository/My Account_Payment/Deposit Bank Transfer/Bank transfer page/Deposit")): Object: 'Object Repository/My Account_Payment/Deposit Bank Transfer/Bank transfer page/Deposit' is clicked on

26-02-2024T13:48:37 - [MESSAGE][PASSED] - Object: 'Object Repository/My Account_Payment/Deposit Bank Transfer/Bank transfer page/Deposit' is clicked on

26-02-2024T13:48:37 - [TEST_STEP][PASSED] - click(findTestObject("Object Repository/My Account_Payment/Deposit Bank Transfer/Bank transfer page/Bank Transfer")): Object: 'Object Repository/My Account_Payment/Deposit Bank Transfer/Bank transfer page/Bank Transfer' is clicked on

26-02-2024T13:48:42 - [MESSAGE][PASSED] - Object: 'Object Repository/My Account_Payment/Deposit Bank Transfer/Bank transfer page/Bank Transfer' is clicked on

26-02-2024T13:48:42 - [TEST_STEP][PASSED] - setText(findTestObject("Object Repository/My Account_Payment/Deposit Bank Transfer/Bank transfer page/Amount input field"), "1000"): Text '1000' is set on object 'Object Repository/My Account_Payment/Deposit Bank Transfer/Bank transfer page/Amount input field'

26-02-2024T13:48:43 - [MESSAGE][PASSED] - Text '1000' is set on object 'Object Repository/My Account_Payment/Deposit Bank Transfer/Bank transfer page/Amount input field'

26-02-2024T13:48:43 - [TEST_STEP][PASSED] - click(findTestObject("Object Repository/My Account_Payment/Deposit Bank Transfer/Bank transfer page/Pay button")): Object: 'Object Repository/My Account_Payment/Deposit Bank Transfer/Bank transfer page/Pay button' is clicked on

26-02-2024T13:48:43 - [MESSAGE][PASSED] - Object: 'Object Repository/My Account_Payment/Deposit Bank Transfer/Bank transfer page/Pay button' is clicked on

26-02-2024T13:48:43 - [TEST_STEP][PASSED] - setText(findTestObject("Object Repository/My Account_Payment/Deposit Bank Transfer/Bank transfer page/UTR number enter field"), "54892179621539569"): Text '54892179621539569' is set on object 'Object Repository/My Account_Payment/Deposit Bank Transfer/Bank transfer page/UTR number enter field'

26-02-2024T13:48:43 - [MESSAGE][PASSED] - Text '54892179621539569' is set on object 'Object Repository/My Account_Payment/Deposit Bank Transfer/Bank transfer page/UTR number enter field'

26-02-2024T13:48:43 - [TEST_STEP][PASSED] - click(findTestObject("Object Repository/My Account_Payment/Deposit Bank Transfer/Bank transfer page/UTR Submit button")): Object: 'Object Repository/My Account_Payment/Deposit Bank Transfer/Bank transfer page/UTR Submit button' is clicked on

26-02-2024T13:48:44 - [MESSAGE][PASSED] - Object: 'Object Repository/My Account_Payment/Deposit Bank Transfer/Bank transfer page/UTR Submit button' is clicked on

26-02-2024T13:48:44 - [TEST_STEP][PASSED] - delay(2): Delayed 2 second(s)

26-02-2024T13:48:46 - [MESSAGE][PASSED] - Delayed 2 second(s)

26-02-2024T13:48:46 - [TEST_STEP][PASSED] - takeFullPageScreenshot(): Taking screenshot successfully

26-02-2024T13:48:46 - [MESSAGE][INFO] - 0 hidden object(s)

26-02-2024T13:48:46 - [MESSAGE][PASSED] - Taking screenshot successfully
[[ATTACHMENT|C:\\Users\\Deepa V\\git\\HaboomWBT\\Reports\\20240226_134811\\My Account\\20240226_134811\\1708935526269.png]]

26-02-2024T13:48:46 - [TEST_STEP][PASSED] - click(findTestObject("My Account_Payment/Transaction history page/Transaction page/Betting Activity")): Object: 'Object Repository/My Account_Payment/Transaction history page/Transaction page/Betting Activity' is clicked on

26-02-2024T13:48:47 - [MESSAGE][PASSED] - Object: 'Object Repository/My Account_Payment/Transaction history page/Transaction page/Betting Activity' is clicked on

26-02-2024T13:48:47 - [TEST_STEP][PASSED] - click(findTestObject("My Account_Payment/Transaction history page/Transaction page/Transaction History")): Object: 'Object Repository/My Account_Payment/Transaction history page/Transaction page/Transaction History' is clicked on

26-02-2024T13:48:48 - [MESSAGE][PASSED] - Object: 'Object Repository/My Account_Payment/Transaction history page/Transaction page/Transaction History' is clicked on

26-02-2024T13:48:48 - [TEST_STEP][PASSED] - click(findTestObject("My Account_Payment/Transaction history page/Transaction page/Transaction History (Options)")): Object: 'Object Repository/My Account_Payment/Transaction history page/Transaction page/Transaction History (Options)' is clicked on

26-02-2024T13:48:48 - [MESSAGE][PASSED] - Object: 'Object Repository/My Account_Payment/Transaction history page/Transaction page/Transaction History (Options)' is clicked on

26-02-2024T13:48:48 - [TEST_STEP][PASSED] - click(findTestObject("My Account_Payment/Transaction history page/Transaction page/Transactions filter")): Object: 'Object Repository/My Account_Payment/Transaction history page/Transaction page/Transactions filter' is clicked on

26-02-2024T13:48:49 - [MESSAGE][PASSED] - Object: 'Object Repository/My Account_Payment/Transaction history page/Transaction page/Transactions filter' is clicked on

26-02-2024T13:48:49 - [TEST_STEP][PASSED] - click(findTestObject("My Account_Payment/Transaction history page/Transaction page/Deposit Requests")): Object: 'Object Repository/My Account_Payment/Transaction history page/Transaction page/Deposit Requests' is clicked on

26-02-2024T13:48:49 - [MESSAGE][PASSED] - Object: 'Object Repository/My Account_Payment/Transaction history page/Transaction page/Deposit Requests' is clicked on

26-02-2024T13:48:49 - [TEST_STEP][PASSED] - delay(2): Delayed 2 second(s)

26-02-2024T13:48:51 - [MESSAGE][PASSED] - Delayed 2 second(s)

26-02-2024T13:48:51 - [TEST_STEP][PASSED] - takeFullPageScreenshot(): Taking screenshot successfully

26-02-2024T13:48:51 - [MESSAGE][INFO] - 0 hidden object(s)

26-02-2024T13:48:51 - [MESSAGE][PASSED] - Taking screenshot successfully
[[ATTACHMENT|C:\\Users\\Deepa V\\git\\HaboomWBT\\Reports\\20240226_134811\\My Account\\20240226_134811\\1708935531523.png]]]]></system-out>
         <system-err><![CDATA[]]></system-err>
      </testcase>
      <testcase name="Test Cases/My Account/Payment_Deposit failure in Instant method" time="30.148" classname="Test Cases/My Account/Payment_Deposit failure in Instant method" status="PASSED">
         <system-out><![CDATA[26-02-2024T13:48:51 - [TEST_CASE][PASSED] - Test Cases/My Account/Payment_Deposit failure in Instant method: Test Cases/My Account/Payment_Deposit failure in Instant method

26-02-2024T13:48:52 - [TEST_STEP][PASSED] - openBrowser(""): Browser is opened with url: ''

26-02-2024T13:48:52 - [MESSAGE][WARNING] - A browser is already opened. Closing browser and opening a new one

26-02-2024T13:48:52 - [MESSAGE][INFO] - Starting 'Chrome' driver

26-02-2024T13:48:52 - [MESSAGE][INFO] - Action delay is set to 0 milliseconds

26-02-2024T13:48:53 - [MESSAGE][PASSED] - Browser is opened with url: ''

26-02-2024T13:48:53 - [TEST_STEP][PASSED] - navigateToUrl("https://haboom.com/"): Navigate to 'https://haboom.com/' successfully

26-02-2024T13:48:57 - [MESSAGE][PASSED] - Navigate to 'https://haboom.com/' successfully

26-02-2024T13:48:57 - [TEST_STEP][PASSED] - setText(findTestObject("My Account_Payment/My Account page/Login Username"), "Sherlock"): Text 'Sherlock' is set on object 'Object Repository/My Account_Payment/My Account page/Login Username'

26-02-2024T13:49:00 - [MESSAGE][PASSED] - Text 'Sherlock' is set on object 'Object Repository/My Account_Payment/My Account page/Login Username'

26-02-2024T13:49:00 - [TEST_STEP][PASSED] - setText(findTestObject("My Account_Payment/My Account page/Login Password"), "Eternals@123"): Text 'Eternals@123' is set on object 'Object Repository/My Account_Payment/My Account page/Login Password'

26-02-2024T13:49:03 - [MESSAGE][PASSED] - Text 'Eternals@123' is set on object 'Object Repository/My Account_Payment/My Account page/Login Password'

26-02-2024T13:49:03 - [TEST_STEP][PASSED] - click(findTestObject("My Account_Payment/My Account page/Login Button")): Object: 'Object Repository/My Account_Payment/My Account page/Login Button' is clicked on

26-02-2024T13:49:04 - [MESSAGE][PASSED] - Object: 'Object Repository/My Account_Payment/My Account page/Login Button' is clicked on

26-02-2024T13:49:04 - [TEST_STEP][PASSED] - click(findTestObject("My Account_Payment/My Account page/My Account")): Object: 'Object Repository/My Account_Payment/My Account page/My Account' is clicked on

26-02-2024T13:49:12 - [MESSAGE][PASSED] - Object: 'Object Repository/My Account_Payment/My Account page/My Account' is clicked on

26-02-2024T13:49:12 - [TEST_STEP][PASSED] - click(findTestObject("My Account_Payment/My Account page/My Haboom Account")): Object: 'Object Repository/My Account_Payment/My Account page/My Haboom Account' is clicked on

26-02-2024T13:49:13 - [MESSAGE][PASSED] - Object: 'Object Repository/My Account_Payment/My Account page/My Haboom Account' is clicked on

26-02-2024T13:49:13 - [TEST_STEP][PASSED] - click(findTestObject("My Account_Payment/Deposit page/Payments")): Object: 'Object Repository/My Account_Payment/Deposit page/Payments' is clicked on

26-02-2024T13:49:14 - [MESSAGE][PASSED] - Object: 'Object Repository/My Account_Payment/Deposit page/Payments' is clicked on

26-02-2024T13:49:14 - [TEST_STEP][PASSED] - click(findTestObject("My Account_Payment/Deposit page/Deposit")): Object: 'Object Repository/My Account_Payment/Deposit page/Deposit' is clicked on

26-02-2024T13:49:16 - [MESSAGE][PASSED] - Object: 'Object Repository/My Account_Payment/Deposit page/Deposit' is clicked on

26-02-2024T13:49:16 - [TEST_STEP][PASSED] - setText(findTestObject("My Account_Payment/Deposit page/Page_Haboom - Best 1 Indias Online Sports Betting/Deposit amount entry"), "1000"): Text '1000' is set on object 'Object Repository/My Account_Payment/Deposit page/Page_Haboom - Best 1 Indias Online Sports Betting/Deposit amount entry'

26-02-2024T13:49:17 - [MESSAGE][PASSED] - Text '1000' is set on object 'Object Repository/My Account_Payment/Deposit page/Page_Haboom - Best 1 Indias Online Sports Betting/Deposit amount entry'

26-02-2024T13:49:17 - [TEST_STEP][PASSED] - click(findTestObject("My Account_Payment/Deposit page/Page_Haboom - Best 1 Indias Online Sports Betting/button_Deposit")): Object: 'Object Repository/My Account_Payment/Deposit page/Page_Haboom - Best 1 Indias Online Sports Betting/button_Deposit' is clicked on

26-02-2024T13:49:18 - [MESSAGE][PASSED] - Object: 'Object Repository/My Account_Payment/Deposit page/Page_Haboom - Best 1 Indias Online Sports Betting/button_Deposit' is clicked on

26-02-2024T13:49:18 - [TEST_STEP][PASSED] - switchToWindowTitle(""): Switched to window with title: ''

26-02-2024T13:49:18 - [MESSAGE][PASSED] - Switched to window with title: ''

26-02-2024T13:49:18 - [TEST_STEP][PASSED] - click(findTestObject("My Account_Payment/Transaction page/Page_/Transaction_failure")): Object: 'Object Repository/My Account_Payment/Transaction page/Page_/Transaction_failure' is clicked on

26-02-2024T13:49:19 - [MESSAGE][PASSED] - Object: 'Object Repository/My Account_Payment/Transaction page/Page_/Transaction_failure' is clicked on

26-02-2024T13:49:19 - [TEST_STEP][PASSED] - delay(2): Delayed 2 second(s)

26-02-2024T13:49:21 - [MESSAGE][PASSED] - Delayed 2 second(s)

26-02-2024T13:49:21 - [TEST_STEP][PASSED] - takeFullPageScreenshot(): Taking screenshot successfully

26-02-2024T13:49:22 - [MESSAGE][INFO] - 0 hidden object(s)

26-02-2024T13:49:22 - [MESSAGE][PASSED] - Taking screenshot successfully
[[ATTACHMENT|C:\\Users\\Deepa V\\git\\HaboomWBT\\Reports\\20240226_134811\\My Account\\20240226_134811\\1708935561874.png]]]]></system-out>
         <system-err><![CDATA[]]></system-err>
      </testcase>
      <system-out><![CDATA[26-02-2024T13:48:13 - [TEST_SUITE][PASSED] - My Account: Test Cases/My Account/Payment_Deposit failure in Instant method]]></system-out>
      <system-err><![CDATA[]]></system-err>
   </testsuite>
</testsuites>
