<?xml version="1.0" encoding="UTF-8"?>
<testsuites name="Login" time="65.36" tests="2" failures="0" errors="0">
   <testsuite name="Login" tests="2" failures="0" errors="0" time="65.36" skipped="0" timestamp="26-02-2024T12:01:03" hostname="Thilak - Thilak" id="Test Suites/Login">
      <properties>
         <property name="deviceName" value=""/>
         <property name="devicePlatform" value=""/>
         <property name="logFolder" value="C:\\Users\\Thilak\\git\\HaboomWBT\\Reports\\20240226_120100\\Login\\20240226_120100"/>
         <property name="logFiles" value="C:\\Users\\Thilak\\git\\HaboomWBT\\Reports\\20240226_120100\\Login\\20240226_120100\\execution0.log"/>
         <property name="attachments" value="C:\\Users\\Thilak\\git\\HaboomWBT\\Reports\\20240226_120100\\Login\\20240226_120100\\1708929106131.png, C:\\Users\\Thilak\\git\\HaboomWBT\\Reports\\20240226_120100\\Login\\20240226_120100\\1708929128149.png"/>
         <property name="hostName" value="Thilak - Thilak"/>
         <property name="os" value="Windows 11 64bit"/>
         <property name="katalonVersion" value="9.3.0.212"/>
         <property name="browser" value="Chrome 121.0.0.0"/>
         <property name="hostAddress" value="192.168.50.239"/>
         <property name="sessionId" value="e0a4bac63ee862e22282d305398ee7a7"/>
         <property name="seleniumVersion" value="3.141.59"/>
         <property name="proxyInformation" value="ProxyInformation { proxyOption=NO_PROXY, proxyServerType=HTTP, username=, password=********, proxyServerAddress=, proxyServerPort=0, executionList=&quot;&quot;, isApplyToDesiredCapabilities=true }"/>
         <property name="platform" value="Windows 11"/>
      </properties>
      <testcase name="Test Cases/Login/Register Page Login" time="43.592" classname="Test Cases/Login/Register Page Login" status="PASSED">
         <system-out><![CDATA[26-02-2024T12:01:03 - [TEST_CASE][PASSED] - Test Cases/Login/Register Page Login: Test Cases/Login/Register Page Login

26-02-2024T12:01:04 - [TEST_STEP][PASSED] - openBrowser(""): Browser is opened with url: ''

26-02-2024T12:01:04 - [MESSAGE][INFO] - Starting 'Chrome' driver

26-02-2024T12:01:04 - [MESSAGE][INFO] - Action delay is set to 0 milliseconds

26-02-2024T12:01:05 - [MESSAGE][PASSED] - Browser is opened with url: ''

26-02-2024T12:01:05 - [TEST_STEP][PASSED] - navigateToUrl("https://haboom.com/"): Navigate to 'https://haboom.com/' successfully

26-02-2024T12:01:23 - [MESSAGE][PASSED] - Navigate to 'https://haboom.com/' successfully

26-02-2024T12:01:23 - [TEST_STEP][PASSED] - click(findTestObject("Object Repository/Login Page/Register Page Login/Home Page Join now/Join Now")): Object: 'Object Repository/Login Page/Register Page Login/Home Page Join now/Join Now' is clicked on

26-02-2024T12:01:27 - [MESSAGE][PASSED] - Object: 'Object Repository/Login Page/Register Page Login/Home Page Join now/Join Now' is clicked on

26-02-2024T12:01:27 - [TEST_STEP][PASSED] - click(findTestObject("Object Repository/Login Page/Register Page Login/Login Here Hyperlink/Log in here")): Object: 'Object Repository/Login Page/Register Page Login/Login Here Hyperlink/Log in here' is clicked on

26-02-2024T12:01:31 - [MESSAGE][PASSED] - Object: 'Object Repository/Login Page/Register Page Login/Login Here Hyperlink/Log in here' is clicked on

26-02-2024T12:01:31 - [TEST_STEP][PASSED] - setText(findTestObject("Object Repository/Login Page/Register Page Login/Login Here Hyperlink/input_Username  Email  Phone_username"), "6366763704"): Text '6366763704' is set on object 'Object Repository/Login Page/Register Page Login/Login Here Hyperlink/input_Username  Email  Phone_username'

26-02-2024T12:01:32 - [MESSAGE][PASSED] - Text '6366763704' is set on object 'Object Repository/Login Page/Register Page Login/Login Here Hyperlink/input_Username  Email  Phone_username'

26-02-2024T12:01:32 - [TEST_STEP][PASSED] - setEncryptedText(findTestObject("Object Repository/Login Page/Register Page Login/Login Here Hyperlink/input_Password_password"), "ukRzokRq1vE="): Text ****** has been set on object 'Object Repository/Login Page/Register Page Login/Login Here Hyperlink/input_Password_password'

26-02-2024T12:01:33 - [MESSAGE][PASSED] - Text ****** has been set on object 'Object Repository/Login Page/Register Page Login/Login Here Hyperlink/input_Password_password'

26-02-2024T12:01:33 - [TEST_STEP][PASSED] - click(findTestObject("Object Repository/Login Page/Register Page Login/Login Here Hyperlink/span_Password_password_show")): Object: 'Object Repository/Login Page/Register Page Login/Login Here Hyperlink/span_Password_password_show' is clicked on

26-02-2024T12:01:33 - [MESSAGE][PASSED] - Object: 'Object Repository/Login Page/Register Page Login/Login Here Hyperlink/span_Password_password_show' is clicked on

26-02-2024T12:01:33 - [TEST_STEP][PASSED] - click(findTestObject("Object Repository/Login Page/Register Page Login/Login Here Hyperlink/button_Login")): Object: 'Object Repository/Login Page/Register Page Login/Login Here Hyperlink/button_Login' is clicked on

26-02-2024T12:01:33 - [MESSAGE][PASSED] - Object: 'Object Repository/Login Page/Register Page Login/Login Here Hyperlink/button_Login' is clicked on

26-02-2024T12:01:33 - [TEST_STEP][PASSED] - click(findTestObject("Object Repository/Login Page/Register Page Login/Dropdown Home page/My Account")): Object: 'Object Repository/Login Page/Register Page Login/Dropdown Home page/My Account' is clicked on

26-02-2024T12:01:46 - [MESSAGE][PASSED] - Object: 'Object Repository/Login Page/Register Page Login/Dropdown Home page/My Account' is clicked on

26-02-2024T12:01:46 - [TEST_STEP][PASSED] - takeFullPageScreenshot(): Taking screenshot successfully

26-02-2024T12:01:46 - [MESSAGE][INFO] - 0 hidden object(s)

26-02-2024T12:01:46 - [MESSAGE][PASSED] - Taking screenshot successfully
[[ATTACHMENT|C:\\Users\\Thilak\\git\\HaboomWBT\\Reports\\20240226_120100\\Login\\20240226_120100\\1708929106131.png]]

26-02-2024T12:01:46 - [TEST_STEP][PASSED] - click(findTestObject("Object Repository/Login Page/Register Page Login/Dropdown Home page/ethanhunt24")): Object: 'Object Repository/Login Page/Register Page Login/Dropdown Home page/ethanhunt24' is clicked on

26-02-2024T12:01:47 - [MESSAGE][PASSED] - Object: 'Object Repository/Login Page/Register Page Login/Dropdown Home page/ethanhunt24' is clicked on

26-02-2024T12:01:47 - [TEST_STEP][PASSED] - closeBrowser(): Browser is closed

26-02-2024T12:01:47 - [MESSAGE][PASSED] - Browser is closed]]></system-out>
         <system-err><![CDATA[]]></system-err>
      </testcase>
      <testcase name="Test Cases/Login/Forgot Password" time="21.61" classname="Test Cases/Login/Forgot Password" status="PASSED">
         <system-out><![CDATA[26-02-2024T12:01:47 - [TEST_CASE][PASSED] - Test Cases/Login/Forgot Password: Test Cases/Login/Forgot Password

26-02-2024T12:01:47 - [TEST_STEP][PASSED] - openBrowser(""): Browser is opened with url: ''

26-02-2024T12:01:47 - [MESSAGE][INFO] - Starting 'Chrome' driver

26-02-2024T12:01:47 - [MESSAGE][INFO] - Action delay is set to 0 milliseconds

26-02-2024T12:01:48 - [MESSAGE][PASSED] - Browser is opened with url: ''

26-02-2024T12:01:48 - [TEST_STEP][PASSED] - navigateToUrl("https://haboom.com/"): Navigate to 'https://haboom.com/' successfully

26-02-2024T12:01:58 - [MESSAGE][PASSED] - Navigate to 'https://haboom.com/' successfully

26-02-2024T12:01:58 - [TEST_STEP][PASSED] - click(findTestObject("Object Repository/Login Page/Forgot Password/Login Page Forgot Password/a_Forgot Password")): Object: 'Object Repository/Login Page/Forgot Password/Login Page Forgot Password/a_Forgot Password' is clicked on

26-02-2024T12:02:01 - [MESSAGE][PASSED] - Object: 'Object Repository/Login Page/Forgot Password/Login Page Forgot Password/a_Forgot Password' is clicked on

26-02-2024T12:02:01 - [TEST_STEP][PASSED] - switchToWindowTitle("Haboom - Best #1 India's Online Sports Betting"): Switched to window with title: 'Haboom - Best #1 India's Online Sports Betting'

26-02-2024T12:02:02 - [MESSAGE][PASSED] - Switched to window with title: 'Haboom - Best #1 India's Online Sports Betting'

26-02-2024T12:02:02 - [TEST_STEP][PASSED] - setText(findTestObject("Object Repository/Login Page/Forgot Password/Forgot Password Page/Email or Username"), "vipereagle0306@gmail.com"): Text 'vipereagle0306@gmail.com' is set on object 'Object Repository/Login Page/Forgot Password/Forgot Password Page/Email or Username'

26-02-2024T12:02:03 - [MESSAGE][PASSED] - Text 'vipereagle0306@gmail.com' is set on object 'Object Repository/Login Page/Forgot Password/Forgot Password Page/Email or Username'

26-02-2024T12:02:03 - [TEST_STEP][PASSED] - setText(findTestObject("Object Repository/Login Page/Forgot Password/Forgot Password Page/Phone Number"), "6366763704"): Text '6366763704' is set on object 'Object Repository/Login Page/Forgot Password/Forgot Password Page/Phone Number'

26-02-2024T12:02:04 - [MESSAGE][PASSED] - Text '6366763704' is set on object 'Object Repository/Login Page/Forgot Password/Forgot Password Page/Phone Number'

26-02-2024T12:02:04 - [TEST_STEP][PASSED] - click(findTestObject("Object Repository/Login Page/Forgot Password/Forgot Password Page/Check Button")): Object: 'Object Repository/Login Page/Forgot Password/Forgot Password Page/Check Button' is clicked on

26-02-2024T12:02:05 - [MESSAGE][PASSED] - Object: 'Object Repository/Login Page/Forgot Password/Forgot Password Page/Check Button' is clicked on

26-02-2024T12:02:05 - [TEST_STEP][PASSED] - delay(3): Delayed 3 second(s)

26-02-2024T12:02:08 - [MESSAGE][PASSED] - Delayed 3 second(s)

26-02-2024T12:02:08 - [TEST_STEP][PASSED] - takeFullPageScreenshot(): Taking screenshot successfully

26-02-2024T12:02:08 - [MESSAGE][INFO] - 0 hidden object(s)

26-02-2024T12:02:08 - [MESSAGE][PASSED] - Taking screenshot successfully
[[ATTACHMENT|C:\\Users\\Thilak\\git\\HaboomWBT\\Reports\\20240226_120100\\Login\\20240226_120100\\1708929128149.png]]

26-02-2024T12:02:08 - [TEST_STEP][PASSED] - click(findTestObject("Object Repository/Login Page/Forgot Password/Forgot Password Page/OTP")): Object: 'Object Repository/Login Page/Forgot Password/Forgot Password Page/OTP' is clicked on

26-02-2024T12:02:08 - [MESSAGE][PASSED] - Object: 'Object Repository/Login Page/Forgot Password/Forgot Password Page/OTP' is clicked on]]></system-out>
         <system-err><![CDATA[]]></system-err>
      </testcase>
      <system-out><![CDATA[26-02-2024T12:01:03 - [TEST_SUITE][PASSED] - Login: Test Cases/Login/Forgot Password]]></system-out>
      <system-err><![CDATA[]]></system-err>
   </testsuite>
</testsuites>
