<?xml version="1.0" encoding="UTF-8"?>
<testsuites name="Casino" time="157.976" tests="1" failures="0" errors="0">
   <testsuite name="Casino" tests="1" failures="0" errors="0" time="157.976" skipped="0" timestamp="28-02-2024T10:11:46" hostname="M Gokul Jayanth - LAPTOP-QCN9K3GM" id="Test Suites/Casino">
      <properties>
         <property name="deviceName" value=""/>
         <property name="devicePlatform" value=""/>
         <property name="logFolder" value="C:\\Users\\M Gokul Jayanth\\git\\KatalonAutomation\\HaboomWBT\\Reports\\20240228_101144\\Casino\\20240228_101144"/>
         <property name="logFiles" value="C:\\Users\\M Gokul Jayanth\\git\\KatalonAutomation\\HaboomWBT\\Reports\\20240228_101144\\Casino\\20240228_101144\\execution0.log"/>
         <property name="attachments" value=""/>
         <property name="hostName" value="M Gokul Jayanth - LAPTOP-QCN9K3GM"/>
         <property name="os" value="Windows 11 64bit"/>
         <property name="katalonVersion" value="9.3.0.212"/>
         <property name="browser" value="Chrome 121.0.0.0"/>
         <property name="hostAddress" value="192.168.50.148"/>
         <property name="sessionId" value="40401ac2e9fc80723e1f581aef9c4a6e"/>
         <property name="seleniumVersion" value="3.141.59"/>
         <property name="proxyInformation" value="ProxyInformation { proxyOption=NO_PROXY, proxyServerType=HTTP, username=, password=********, proxyServerAddress=, proxyServerPort=0, executionList=&quot;&quot;, isApplyToDesiredCapabilities=true }"/>
         <property name="platform" value="Windows 11"/>
      </properties>
      <testcase name="Test Cases/Casino/Open game successful" time="157.831" classname="Test Cases/Casino/Open game successful" status="INCOMPLETE">
         <system-out><![CDATA[28-02-2024T10:11:46 - [TEST_CASE][INCOMPLETE] - Test Cases/Casino/Open game successful: null

28-02-2024T10:11:46 - [TEST_STEP][PASSED] - Start setup action : setupTestCase: Method 'setupTestCase' complete successfully

28-02-2024T10:11:46 - [TEST_STEP][PASSED] - openBrowser(""): Browser is opened with url: ''

28-02-2024T10:11:46 - [MESSAGE][INFO] - Starting 'Chrome' driver

28-02-2024T10:11:47 - [MESSAGE][INFO] - Action delay is set to 0 milliseconds

28-02-2024T10:11:47 - [MESSAGE][PASSED] - Browser is opened with url: ''

28-02-2024T10:11:47 - [TEST_STEP][PASSED] - navigateToUrl("https://haboom.com/"): Navigate to 'https://haboom.com/' successfully

28-02-2024T10:11:54 - [MESSAGE][PASSED] - Navigate to 'https://haboom.com/' successfully

28-02-2024T10:11:54 - [TEST_STEP][PASSED] - maximizeWindow(): Current window maximized

28-02-2024T10:11:54 - [MESSAGE][PASSED] - Current window maximized

28-02-2024T10:11:54 - [TEST_STEP][PASSED] - setText(findTestObject("Object Repository/Login Page/Login email field"), "MartinGarrix"): Text 'MartinGarrix' is set on object 'Object Repository/Login Page/Login email field'

28-02-2024T10:11:56 - [MESSAGE][PASSED] - Text 'MartinGarrix' is set on object 'Object Repository/Login Page/Login email field'

28-02-2024T10:11:56 - [TEST_STEP][PASSED] - setText(findTestObject("Object Repository/Login Page/Login Password"), "Test@1234"): Text 'Test@1234' is set on object 'Object Repository/Login Page/Login Password'

28-02-2024T10:11:59 - [MESSAGE][PASSED] - Text 'Test@1234' is set on object 'Object Repository/Login Page/Login Password'

28-02-2024T10:11:59 - [TEST_STEP][PASSED] - click(findTestObject("Object Repository/Login Page/login button")): Object: 'Object Repository/Login Page/login button' is clicked on

28-02-2024T10:11:59 - [MESSAGE][PASSED] - Object: 'Object Repository/Login Page/login button' is clicked on

28-02-2024T10:11:59 - [TEST_STEP][PASSED] - verifyElementText(findTestObject("Object Repository/Login Page/My Account"), "My Account"): Actual text and expected text of test object 'Object Repository/Login Page/My Account' are matched.

28-02-2024T10:12:01 - [MESSAGE][PASSED] - Actual text and expected text of test object 'Object Repository/Login Page/My Account' are matched.

28-02-2024T10:12:01 - [MESSAGE][PASSED] - Method 'setupTestCase' complete successfully

28-02-2024T10:12:01 - [TEST_STEP][PASSED] - click(findTestObject("Object Repository/Casino Page/CasinoMenu")): Object: 'Object Repository/Casino Page/CasinoMenu' is clicked on

28-02-2024T10:12:08 - [MESSAGE][PASSED] - Object: 'Object Repository/Casino Page/CasinoMenu' is clicked on

28-02-2024T10:12:08 - [TEST_STEP][PASSED] - provider = getWebDriver().findElements(By.xpath("//input[@name='provider_list']")): null

28-02-2024T10:12:09 - [TEST_STEP][PASSED] - println(provider.size()): null

28-02-2024T10:12:09 - [TEST_STEP][INCOMPLETE] - for ([i = 1, i < provider.size(), (i++)]): null

28-02-2024T10:12:09 - [TEST_STEP][PASSED] - currentElement = provider.get(i): null

28-02-2024T10:12:09 - [TEST_STEP][PASSED] - currentElement.click(): null

28-02-2024T10:12:09 - [TEST_STEP][PASSED] - scrollToPosition(0, 250): Browser is scrolled to position x = 0, y = 250

28-02-2024T10:12:09 - [MESSAGE][PASSED] - Browser is scrolled to position x = 0, y = 250

28-02-2024T10:12:09 - [TEST_STEP][PASSED] - delay(5): Delayed 5 second(s)

28-02-2024T10:12:14 - [MESSAGE][PASSED] - Delayed 5 second(s)

28-02-2024T10:12:14 - [TEST_STEP][PASSED] - scrollToPosition(0, 500): Browser is scrolled to position x = 0, y = 500

28-02-2024T10:12:14 - [MESSAGE][PASSED] - Browser is scrolled to position x = 0, y = 500

28-02-2024T10:12:14 - [TEST_STEP][PASSED] - delay(5): Delayed 5 second(s)

28-02-2024T10:12:19 - [MESSAGE][PASSED] - Delayed 5 second(s)

28-02-2024T10:12:19 - [TEST_STEP][PASSED] - scrollToPosition(0, 750): Browser is scrolled to position x = 0, y = 750

28-02-2024T10:12:19 - [MESSAGE][PASSED] - Browser is scrolled to position x = 0, y = 750

28-02-2024T10:12:19 - [TEST_STEP][PASSED] - delay(5): Delayed 5 second(s)

28-02-2024T10:12:24 - [MESSAGE][PASSED] - Delayed 5 second(s)

28-02-2024T10:12:24 - [TEST_STEP][PASSED] - scrollToPosition(0, 1000): Browser is scrolled to position x = 0, y = 1000

28-02-2024T10:12:24 - [MESSAGE][PASSED] - Browser is scrolled to position x = 0, y = 1000

28-02-2024T10:12:24 - [TEST_STEP][PASSED] - delay(5): Delayed 5 second(s)

28-02-2024T10:12:29 - [MESSAGE][PASSED] - Delayed 5 second(s)

28-02-2024T10:12:29 - [TEST_STEP][PASSED] - scrollToPosition(0, 1250): Browser is scrolled to position x = 0, y = 1250

28-02-2024T10:12:29 - [MESSAGE][PASSED] - Browser is scrolled to position x = 0, y = 1250

28-02-2024T10:12:29 - [TEST_STEP][PASSED] - delay(5): Delayed 5 second(s)

28-02-2024T10:12:34 - [MESSAGE][PASSED] - Delayed 5 second(s)

28-02-2024T10:12:34 - [TEST_STEP][PASSED] - scrollToPosition(0, 1500): Browser is scrolled to position x = 0, y = 1500

28-02-2024T10:12:34 - [MESSAGE][PASSED] - Browser is scrolled to position x = 0, y = 1500

28-02-2024T10:12:34 - [TEST_STEP][PASSED] - delay(5): Delayed 5 second(s)

28-02-2024T10:12:39 - [MESSAGE][PASSED] - Delayed 5 second(s)

28-02-2024T10:12:39 - [TEST_STEP][PASSED] - scrollToPosition(0, 1750): Browser is scrolled to position x = 0, y = 1750

28-02-2024T10:12:39 - [MESSAGE][PASSED] - Browser is scrolled to position x = 0, y = 1750

28-02-2024T10:12:39 - [TEST_STEP][PASSED] - delay(5): Delayed 5 second(s)

28-02-2024T10:12:44 - [MESSAGE][PASSED] - Delayed 5 second(s)

28-02-2024T10:12:44 - [TEST_STEP][PASSED] - scrollToPosition(0, 2000): Browser is scrolled to position x = 0, y = 2000

28-02-2024T10:12:44 - [MESSAGE][PASSED] - Browser is scrolled to position x = 0, y = 2000

28-02-2024T10:12:44 - [TEST_STEP][PASSED] - delay(10): Delayed 10 second(s)

28-02-2024T10:12:54 - [MESSAGE][PASSED] - Delayed 10 second(s)

28-02-2024T10:12:54 - [TEST_STEP][PASSED] - providerwindow = getWindowTitle(): Current window's title is: 'Haboom - Best Online Casino Games for Real Money'

28-02-2024T10:12:54 - [MESSAGE][PASSED] - Current window's title is: 'Haboom - Best Online Casino Games for Real Money'

28-02-2024T10:12:54 - [TEST_STEP][PASSED] - allgames = getWebDriver().findElements(By.xpath("//div[@class='tile-container' and @bis_skin_checked='1']")): null

28-02-2024T10:12:55 - [TEST_STEP][PASSED] - println(allgames.size()): null

28-02-2024T10:12:55 - [TEST_STEP][PASSED] - for ([j = 71, j < allgames.size(), (j++)]): null

28-02-2024T10:12:55 - [TEST_STEP][PASSED] - println(j): null

28-02-2024T10:12:55 - [TEST_STEP][PASSED] - playgame = allgames.get(j): null

28-02-2024T10:12:55 - [TEST_STEP][PASSED] - Object = convertWebElementToTestObject(playgame): null

28-02-2024T10:12:55 - [TEST_STEP][PASSED] - scrollToElement(Object, 10): Scroll to object '' successfully

28-02-2024T10:12:55 - [MESSAGE][PASSED] - Scroll to object '' successfully

28-02-2024T10:12:55 - [TEST_STEP][PASSED] - mouseOver(Object): Object: '' is hovered

28-02-2024T10:12:55 - [MESSAGE][PASSED] - Object: '' is hovered

28-02-2024T10:12:55 - [TEST_STEP][PASSED] - if (verifyElementClickable(Object)): null

28-02-2024T10:12:55 - [MESSAGE][PASSED] - Object '' is clickable

28-02-2024T10:12:55 - [TEST_STEP][PASSED] - playgame.click(): null

28-02-2024T10:12:55 - [TEST_STEP][PASSED] - delay(5): Delayed 5 second(s)

28-02-2024T10:13:00 - [MESSAGE][PASSED] - Delayed 5 second(s)

28-02-2024T10:13:00 - [TEST_STEP][PASSED] - switchToWindowIndex(1): Switched to window with index: '1'

28-02-2024T10:13:00 - [MESSAGE][PASSED] - Switched to window with index: '1'

28-02-2024T10:13:00 - [TEST_STEP][PASSED] - title = getUrl(): Current window's url is: 'https://play.livetables.io/blackjack/?table_id=225&game_id=1&identifier=1043700441f3f9d0-0b24-41a8-a7d5-d602cfabae30&limit_id=&language=en&operatorId=10437004'

28-02-2024T10:13:02 - [MESSAGE][PASSED] - Current window's url is: 'https://play.livetables.io/blackjack/?table_id=225&game_id=1&identifier=1043700441f3f9d0-0b24-41a8-a7d5-d602cfabae30&limit_id=&language=en&operatorId=10437004'

28-02-2024T10:13:02 - [TEST_STEP][PASSED] - println(title): null

28-02-2024T10:13:02 - [TEST_STEP][PASSED] - if (title.contains("notavailable")): null

28-02-2024T10:13:02 - [TEST_STEP][PASSED] - switchToWindowIndex(1): Switched to window with index: '1'

28-02-2024T10:13:02 - [MESSAGE][PASSED] - Switched to window with index: '1'

28-02-2024T10:13:02 - [TEST_STEP][PASSED] - closeWindowIndex(1): Window with index 1 is closed

28-02-2024T10:13:02 - [MESSAGE][PASSED] - Window with index 1 is closed

28-02-2024T10:13:02 - [TEST_STEP][PASSED] - switchToWindowIndex(0): Switched to window with index: '0'

28-02-2024T10:13:02 - [MESSAGE][PASSED] - Switched to window with index: '0'

28-02-2024T10:13:02 - [TEST_STEP][PASSED] - delay(2): Delayed 2 second(s)

28-02-2024T10:13:04 - [MESSAGE][PASSED] - Delayed 2 second(s)

28-02-2024T10:13:04 - [TEST_STEP][PASSED] - println(j): null

28-02-2024T10:13:04 - [TEST_STEP][PASSED] - playgame = allgames.get(j): null

28-02-2024T10:13:04 - [TEST_STEP][PASSED] - Object = convertWebElementToTestObject(playgame): null

28-02-2024T10:13:04 - [TEST_STEP][PASSED] - scrollToElement(Object, 10): Scroll to object '' successfully

28-02-2024T10:13:04 - [MESSAGE][PASSED] - Scroll to object '' successfully

28-02-2024T10:13:04 - [TEST_STEP][PASSED] - mouseOver(Object): Object: '' is hovered

28-02-2024T10:13:04 - [MESSAGE][PASSED] - Object: '' is hovered

28-02-2024T10:13:04 - [TEST_STEP][PASSED] - if (verifyElementClickable(Object)): null

28-02-2024T10:13:04 - [MESSAGE][PASSED] - Object '' is clickable

28-02-2024T10:13:04 - [TEST_STEP][PASSED] - playgame.click(): null

28-02-2024T10:13:04 - [TEST_STEP][PASSED] - delay(5): Delayed 5 second(s)

28-02-2024T10:13:09 - [MESSAGE][PASSED] - Delayed 5 second(s)

28-02-2024T10:13:09 - [TEST_STEP][PASSED] - switchToWindowIndex(1): Switched to window with index: '1'

28-02-2024T10:13:09 - [MESSAGE][PASSED] - Switched to window with index: '1'

28-02-2024T10:13:09 - [TEST_STEP][PASSED] - title = getUrl(): Current window's url is: 'https://play.livetables.io/blackjack/?table_id=224&game_id=1&identifier=1043700441f3f9d0-0b24-41a8-a7d5-d602cfabae30&limit_id=&language=en&operatorId=10437004'

28-02-2024T10:13:09 - [MESSAGE][PASSED] - Current window's url is: 'https://play.livetables.io/blackjack/?table_id=224&game_id=1&identifier=1043700441f3f9d0-0b24-41a8-a7d5-d602cfabae30&limit_id=&language=en&operatorId=10437004'

28-02-2024T10:13:09 - [TEST_STEP][PASSED] - println(title): null

28-02-2024T10:13:09 - [TEST_STEP][PASSED] - if (title.contains("notavailable")): null

28-02-2024T10:13:09 - [TEST_STEP][PASSED] - switchToWindowIndex(1): Switched to window with index: '1'

28-02-2024T10:13:09 - [MESSAGE][PASSED] - Switched to window with index: '1'

28-02-2024T10:13:09 - [TEST_STEP][PASSED] - closeWindowIndex(1): Window with index 1 is closed

28-02-2024T10:13:09 - [MESSAGE][PASSED] - Window with index 1 is closed

28-02-2024T10:13:09 - [TEST_STEP][PASSED] - switchToWindowIndex(0): Switched to window with index: '0'

28-02-2024T10:13:09 - [MESSAGE][PASSED] - Switched to window with index: '0'

28-02-2024T10:13:09 - [TEST_STEP][PASSED] - delay(2): Delayed 2 second(s)

28-02-2024T10:13:11 - [MESSAGE][PASSED] - Delayed 2 second(s)

28-02-2024T10:13:11 - [TEST_STEP][PASSED] - println(j): null

28-02-2024T10:13:11 - [TEST_STEP][PASSED] - playgame = allgames.get(j): null

28-02-2024T10:13:11 - [TEST_STEP][PASSED] - Object = convertWebElementToTestObject(playgame): null

28-02-2024T10:13:11 - [TEST_STEP][PASSED] - scrollToElement(Object, 10): Scroll to object '' successfully

28-02-2024T10:13:11 - [MESSAGE][PASSED] - Scroll to object '' successfully

28-02-2024T10:13:11 - [TEST_STEP][PASSED] - mouseOver(Object): Object: '' is hovered

28-02-2024T10:13:11 - [MESSAGE][PASSED] - Object: '' is hovered

28-02-2024T10:13:11 - [TEST_STEP][PASSED] - if (verifyElementClickable(Object)): null

28-02-2024T10:13:11 - [MESSAGE][PASSED] - Object '' is clickable

28-02-2024T10:13:11 - [TEST_STEP][PASSED] - playgame.click(): null

28-02-2024T10:13:11 - [TEST_STEP][PASSED] - delay(5): Delayed 5 second(s)

28-02-2024T10:13:16 - [MESSAGE][PASSED] - Delayed 5 second(s)

28-02-2024T10:13:16 - [TEST_STEP][PASSED] - switchToWindowIndex(1): Switched to window with index: '1'

28-02-2024T10:13:16 - [MESSAGE][PASSED] - Switched to window with index: '1'

28-02-2024T10:13:16 - [TEST_STEP][PASSED] - title = getUrl(): Current window's url is: 'https://ezugi.evo-games.com/frontend/evo/r2/#provider=evolution&ua_launch_id=17b7ed3495acd142b3539818&game=roulette&table_id=01rb77cq1gtenhmo&app='

28-02-2024T10:13:16 - [MESSAGE][PASSED] - Current window's url is: 'https://ezugi.evo-games.com/frontend/evo/r2/#provider=evolution&ua_launch_id=17b7ed3495acd142b3539818&game=roulette&table_id=01rb77cq1gtenhmo&app='

28-02-2024T10:13:16 - [TEST_STEP][PASSED] - println(title): null

28-02-2024T10:13:16 - [TEST_STEP][PASSED] - if (title.contains("notavailable")): null

28-02-2024T10:13:16 - [TEST_STEP][PASSED] - switchToWindowIndex(1): Switched to window with index: '1'

28-02-2024T10:13:16 - [MESSAGE][PASSED] - Switched to window with index: '1'

28-02-2024T10:13:16 - [TEST_STEP][PASSED] - closeWindowIndex(1): Window with index 1 is closed

28-02-2024T10:13:17 - [MESSAGE][PASSED] - Window with index 1 is closed

28-02-2024T10:13:17 - [TEST_STEP][PASSED] - switchToWindowIndex(0): Switched to window with index: '0'

28-02-2024T10:13:17 - [MESSAGE][PASSED] - Switched to window with index: '0'

28-02-2024T10:13:17 - [TEST_STEP][PASSED] - delay(2): Delayed 2 second(s)

28-02-2024T10:13:19 - [MESSAGE][PASSED] - Delayed 2 second(s)

28-02-2024T10:13:19 - [TEST_STEP][PASSED] - scrollToPosition(0, 1000): Browser is scrolled to position x = 0, y = 1000

28-02-2024T10:13:19 - [MESSAGE][PASSED] - Browser is scrolled to position x = 0, y = 1000

28-02-2024T10:13:19 - [TEST_STEP][PASSED] - delay(5): Delayed 5 second(s)

28-02-2024T10:13:24 - [MESSAGE][PASSED] - Delayed 5 second(s)

28-02-2024T10:13:24 - [TEST_STEP][PASSED] - scrollToPosition(0, 750): Browser is scrolled to position x = 0, y = 750

28-02-2024T10:13:24 - [MESSAGE][PASSED] - Browser is scrolled to position x = 0, y = 750

28-02-2024T10:13:24 - [TEST_STEP][PASSED] - delay(5): Delayed 5 second(s)

28-02-2024T10:13:29 - [MESSAGE][PASSED] - Delayed 5 second(s)

28-02-2024T10:13:29 - [TEST_STEP][PASSED] - scrollToPosition(0, 500): Browser is scrolled to position x = 0, y = 500

28-02-2024T10:13:29 - [MESSAGE][PASSED] - Browser is scrolled to position x = 0, y = 500

28-02-2024T10:13:29 - [TEST_STEP][PASSED] - delay(5): Delayed 5 second(s)

28-02-2024T10:13:34 - [MESSAGE][PASSED] - Delayed 5 second(s)

28-02-2024T10:13:34 - [TEST_STEP][PASSED] - scrollToPosition(0, 250): Browser is scrolled to position x = 0, y = 250

28-02-2024T10:13:34 - [MESSAGE][PASSED] - Browser is scrolled to position x = 0, y = 250

28-02-2024T10:13:34 - [TEST_STEP][PASSED] - delay(5): Delayed 5 second(s)

28-02-2024T10:13:39 - [MESSAGE][PASSED] - Delayed 5 second(s)

28-02-2024T10:13:39 - [TEST_STEP][PASSED] - scrollToPosition(0, 50): Browser is scrolled to position x = 0, y = 50

28-02-2024T10:13:39 - [MESSAGE][PASSED] - Browser is scrolled to position x = 0, y = 50

28-02-2024T10:13:39 - [TEST_STEP][PASSED] - delay(10): Delayed 10 second(s)

28-02-2024T10:13:49 - [MESSAGE][PASSED] - Delayed 10 second(s)

28-02-2024T10:13:49 - [TEST_STEP][PASSED] - currentElement = provider.get(i): null

28-02-2024T10:13:49 - [TEST_STEP][PASSED] - currentElement.click(): null

28-02-2024T10:13:49 - [TEST_STEP][PASSED] - scrollToPosition(0, 250): Browser is scrolled to position x = 0, y = 250

28-02-2024T10:13:49 - [MESSAGE][PASSED] - Browser is scrolled to position x = 0, y = 250

28-02-2024T10:13:49 - [TEST_STEP][PASSED] - delay(5): Delayed 5 second(s)

28-02-2024T10:13:54 - [MESSAGE][PASSED] - Delayed 5 second(s)

28-02-2024T10:13:54 - [TEST_STEP][PASSED] - scrollToPosition(0, 500): Browser is scrolled to position x = 0, y = 500

28-02-2024T10:13:54 - [MESSAGE][PASSED] - Browser is scrolled to position x = 0, y = 500

28-02-2024T10:13:54 - [TEST_STEP][PASSED] - delay(5): Delayed 5 second(s)

28-02-2024T10:13:59 - [MESSAGE][PASSED] - Delayed 5 second(s)

28-02-2024T10:13:59 - [TEST_STEP][PASSED] - scrollToPosition(0, 750): Browser is scrolled to position x = 0, y = 750

28-02-2024T10:13:59 - [MESSAGE][PASSED] - Browser is scrolled to position x = 0, y = 750

28-02-2024T10:13:59 - [TEST_STEP][PASSED] - delay(5): Delayed 5 second(s)

28-02-2024T10:14:04 - [MESSAGE][PASSED] - Delayed 5 second(s)

28-02-2024T10:14:04 - [TEST_STEP][PASSED] - scrollToPosition(0, 1000): Browser is scrolled to position x = 0, y = 1000

28-02-2024T10:14:04 - [MESSAGE][PASSED] - Browser is scrolled to position x = 0, y = 1000

28-02-2024T10:14:04 - [TEST_STEP][PASSED] - delay(5): Delayed 5 second(s)

28-02-2024T10:14:09 - [MESSAGE][PASSED] - Delayed 5 second(s)

28-02-2024T10:14:09 - [TEST_STEP][PASSED] - scrollToPosition(0, 1250): Browser is scrolled to position x = 0, y = 1250

28-02-2024T10:14:09 - [MESSAGE][PASSED] - Browser is scrolled to position x = 0, y = 1250

28-02-2024T10:14:09 - [TEST_STEP][PASSED] - delay(5): Delayed 5 second(s)

28-02-2024T10:14:14 - [MESSAGE][PASSED] - Delayed 5 second(s)

28-02-2024T10:14:14 - [TEST_STEP][PASSED] - scrollToPosition(0, 1500): Browser is scrolled to position x = 0, y = 1500

28-02-2024T10:14:14 - [MESSAGE][PASSED] - Browser is scrolled to position x = 0, y = 1500

28-02-2024T10:14:14 - [TEST_STEP][PASSED] - delay(5): Delayed 5 second(s)

28-02-2024T10:14:19 - [MESSAGE][PASSED] - Delayed 5 second(s)

28-02-2024T10:14:19 - [TEST_STEP][PASSED] - scrollToPosition(0, 1750): Browser is scrolled to position x = 0, y = 1750

28-02-2024T10:14:19 - [MESSAGE][PASSED] - Browser is scrolled to position x = 0, y = 1750

28-02-2024T10:14:19 - [TEST_STEP][PASSED] - delay(5): Delayed 5 second(s)

28-02-2024T10:14:24 - [MESSAGE][PASSED] - Delayed 5 second(s)

28-02-2024T10:14:24 - [TEST_STEP][PASSED] - scrollToPosition(0, 2000): Browser is scrolled to position x = 0, y = 2000

28-02-2024T10:14:24 - [MESSAGE][PASSED] - Browser is scrolled to position x = 0, y = 2000

28-02-2024T10:14:24 - [TEST_STEP][INCOMPLETE] - delay(10): null]]></system-out>
         <system-err><![CDATA[28-02-2024T10:11:46 - [TEST_CASE][INCOMPLETE] - Test Cases/Casino/Open game successful: null]]></system-err>
      </testcase>
      <system-out><![CDATA[28-02-2024T10:11:46 - [TEST_SUITE][INCOMPLETE] - Casino: null]]></system-out>
      <system-err><![CDATA[28-02-2024T10:11:46 - [TEST_SUITE][INCOMPLETE] - Casino: null]]></system-err>
   </testsuite>
</testsuites>
