<?xml version="1.0" encoding="UTF-8"?>
<testsuites name="Login" time="17.578" tests="1" failures="0" errors="0">
   <testsuite name="Login" tests="1" failures="0" errors="0" time="17.578" skipped="0" timestamp="23-02-2024T15:33:45" hostname="M Gokul Jayanth - LAPTOP-QCN9K3GM" id="Test Suites/Login">
      <properties>
         <property name="deviceName" value=""/>
         <property name="devicePlatform" value=""/>
         <property name="logFolder" value="C:\\Users\\M Gokul Jayanth\\git\\KatalonAutomation\\HaboomWBT\\Reports\\20240223_153341\\Login\\20240223_153342"/>
         <property name="logFiles" value="C:\\Users\\M Gokul Jayanth\\git\\KatalonAutomation\\HaboomWBT\\Reports\\20240223_153341\\Login\\20240223_153342\\execution0.log"/>
         <property name="attachments" value=""/>
         <property name="hostName" value="M Gokul Jayanth - LAPTOP-QCN9K3GM"/>
         <property name="os" value="Windows 11 64bit"/>
         <property name="katalonVersion" value="9.3.0.212"/>
         <property name="browser" value="Chrome 121.0.0.0"/>
         <property name="hostAddress" value="192.168.50.149"/>
         <property name="sessionId" value="4379c0fd9f2822e09a49bfa8bbd5a277"/>
         <property name="seleniumVersion" value="3.141.59"/>
         <property name="proxyInformation" value="ProxyInformation { proxyOption=NO_PROXY, proxyServerType=HTTP, username=, password=********, proxyServerAddress=, proxyServerPort=0, executionList=&quot;&quot;, isApplyToDesiredCapabilities=true }"/>
         <property name="platform" value="Windows 11"/>
      </properties>
      <testcase name="Test Cases/Login/Valid Email Id Password" time="17.461" classname="Test Cases/Login/Valid Email Id Password" status="PASSED">
         <system-out><![CDATA[23-02-2024T15:33:45 - [TEST_CASE][PASSED] - Test Cases/Login/Valid Email Id Password: Test Cases/Login/Valid Email Id Password

23-02-2024T15:33:45 - [TEST_STEP][PASSED] - openBrowser(""): Browser is opened with url: ''

23-02-2024T15:33:45 - [MESSAGE][INFO] - Starting 'Chrome' driver

23-02-2024T15:33:45 - [MESSAGE][INFO] - Action delay is set to 0 milliseconds

23-02-2024T15:33:46 - [MESSAGE][PASSED] - Browser is opened with url: ''

23-02-2024T15:33:46 - [TEST_STEP][PASSED] - navigateToUrl("https://haboom.com/"): Navigate to 'https://haboom.com/' successfully

23-02-2024T15:33:47 - [MESSAGE][PASSED] - Navigate to 'https://haboom.com/' successfully

23-02-2024T15:33:47 - [TEST_STEP][PASSED] - setText(findTestObject("Object Repository/Login Page/Login email field"), "jabbi"): Text 'jabbi' is set on object 'Object Repository/Login Page/Login email field'

23-02-2024T15:33:54 - [MESSAGE][PASSED] - Text 'jabbi' is set on object 'Object Repository/Login Page/Login email field'

23-02-2024T15:33:54 - [TEST_STEP][PASSED] - setEncryptedText(findTestObject("Object Repository/Login Page/Login Password"), "Ae2KZyjYBr0MQlyqU7ThAA=="): Text ****** has been set on object 'Object Repository/Login Page/Login Password'

23-02-2024T15:33:55 - [MESSAGE][PASSED] - Text ****** has been set on object 'Object Repository/Login Page/Login Password'

23-02-2024T15:33:55 - [TEST_STEP][PASSED] - click(findTestObject("Object Repository/Login Page/login button")): Object: 'Object Repository/Login Page/login button' is clicked on

23-02-2024T15:33:56 - [MESSAGE][PASSED] - Object: 'Object Repository/Login Page/login button' is clicked on

23-02-2024T15:33:56 - [TEST_STEP][PASSED] - verifyElementText(findTestObject("Object Repository/Login Page/My Account"), "My Account"): Actual text and expected text of test object 'Object Repository/Login Page/My Account' are matched.

23-02-2024T15:34:02 - [MESSAGE][PASSED] - Actual text and expected text of test object 'Object Repository/Login Page/My Account' are matched.]]></system-out>
         <system-err><![CDATA[]]></system-err>
      </testcase>
      <system-out><![CDATA[23-02-2024T15:33:45 - [TEST_SUITE][PASSED] - Login: Test Cases/Login/Valid Email Id Password]]></system-out>
      <system-err><![CDATA[]]></system-err>
   </testsuite>
</testsuites>
