<?xml version="1.0" encoding="UTF-8"?>
<testsuites name="Exchange" time="41.482" tests="1" failures="0" errors="0">
   <testsuite name="Exchange" tests="1" failures="0" errors="0" time="41.482" skipped="0" timestamp="02-03-2024T12:15:27" hostname="M Gokul Jayanth - LAPTOP-QCN9K3GM" id="Test Suites/Exchange">
      <properties>
         <property name="deviceName" value=""/>
         <property name="devicePlatform" value=""/>
         <property name="logFolder" value="C:\\Users\\M Gokul Jayanth\\git\\KatalonAutomation\\HaboomWBT\\Reports\\20240302_121525\\Exchange\\20240302_121525"/>
         <property name="logFiles" value="C:\\Users\\M Gokul Jayanth\\git\\KatalonAutomation\\HaboomWBT\\Reports\\20240302_121525\\Exchange\\20240302_121525\\execution0.log"/>
         <property name="attachments" value=""/>
         <property name="hostName" value="M Gokul Jayanth - LAPTOP-QCN9K3GM"/>
         <property name="os" value="Windows 11 64bit"/>
         <property name="katalonVersion" value="9.3.0.212"/>
         <property name="browser" value="Chrome 122.0.0.0"/>
         <property name="hostAddress" value="192.168.50.151"/>
         <property name="sessionId" value="0ffc794b0cc3fc62c95b844567199495"/>
         <property name="seleniumVersion" value="3.141.59"/>
         <property name="proxyInformation" value="ProxyInformation { proxyOption=NO_PROXY, proxyServerType=HTTP, username=, password=********, proxyServerAddress=, proxyServerPort=0, executionList=&quot;&quot;, isApplyToDesiredCapabilities=true }"/>
         <property name="platform" value="Windows 11"/>
      </properties>
      <testcase name="Test Cases/Exchange/Place exchange_cricket bet" time="41.349" classname="Test Cases/Exchange/Place exchange_cricket bet" status="PASSED">
         <system-out><![CDATA[02-03-2024T12:15:27 - [TEST_CASE][PASSED] - Test Cases/Exchange/Place exchange_cricket bet: Test Cases/Exchange/Place exchange_cricket bet

02-03-2024T12:15:27 - [TEST_STEP][PASSED] - Start setup action : setupTestCase: Method 'setupTestCase' complete successfully

02-03-2024T12:15:27 - [TEST_STEP][PASSED] - openBrowser(""): Browser is opened with url: ''

02-03-2024T12:15:28 - [MESSAGE][INFO] - Starting 'Chrome' driver

02-03-2024T12:15:28 - [MESSAGE][INFO] - Action delay is set to 0 milliseconds

02-03-2024T12:15:29 - [MESSAGE][PASSED] - Browser is opened with url: ''

02-03-2024T12:15:29 - [TEST_STEP][PASSED] - navigateToUrl("https://haboom.com/"): Navigate to 'https://haboom.com/' successfully

02-03-2024T12:15:32 - [MESSAGE][PASSED] - Navigate to 'https://haboom.com/' successfully

02-03-2024T12:15:32 - [TEST_STEP][PASSED] - maximizeWindow(): Current window maximized

02-03-2024T12:15:32 - [MESSAGE][PASSED] - Current window maximized

02-03-2024T12:15:32 - [TEST_STEP][PASSED] - setText(findTestObject("Object Repository/Login Page/Login email field"), "MartinGarrix"): Text 'MartinGarrix' is set on object 'Object Repository/Login Page/Login email field'

02-03-2024T12:15:34 - [MESSAGE][PASSED] - Text 'MartinGarrix' is set on object 'Object Repository/Login Page/Login email field'

02-03-2024T12:15:34 - [TEST_STEP][PASSED] - setText(findTestObject("Object Repository/Login Page/Login Password"), "Test@1234"): Text 'Test@1234' is set on object 'Object Repository/Login Page/Login Password'

02-03-2024T12:15:35 - [MESSAGE][PASSED] - Text 'Test@1234' is set on object 'Object Repository/Login Page/Login Password'

02-03-2024T12:15:35 - [TEST_STEP][PASSED] - click(findTestObject("Object Repository/Login Page/login button")): Object: 'Object Repository/Login Page/login button' is clicked on

02-03-2024T12:15:35 - [MESSAGE][PASSED] - Object: 'Object Repository/Login Page/login button' is clicked on

02-03-2024T12:15:35 - [MESSAGE][PASSED] - Method 'setupTestCase' complete successfully

02-03-2024T12:15:35 - [TEST_STEP][PASSED] - click(findTestObject("Object Repository/Exchange Page/Exchange_menu")): Object: 'Object Repository/Exchange Page/Exchange_menu' is clicked on

02-03-2024T12:15:42 - [MESSAGE][PASSED] - Object: 'Object Repository/Exchange Page/Exchange_menu' is clicked on

02-03-2024T12:15:42 - [TEST_STEP][PASSED] - click(findTestObject("Object Repository/Exchange Page/Cricket_menu")): Object: 'Object Repository/Exchange Page/Cricket_menu' is clicked on

02-03-2024T12:15:45 - [MESSAGE][PASSED] - Object: 'Object Repository/Exchange Page/Cricket_menu' is clicked on

02-03-2024T12:15:45 - [TEST_STEP][PASSED] - delay(5): Delayed 5 second(s)

02-03-2024T12:15:50 - [MESSAGE][PASSED] - Delayed 5 second(s)

02-03-2024T12:15:50 - [TEST_STEP][PASSED] - game1 = getWebDriver().findElement(By.xpath("(//section[@class='mod-event-line ng-scope ng-isolate-scope'])[1]/ul[1]/li[1]")): null

02-03-2024T12:15:50 - [TEST_STEP][PASSED] - game1.click(): null

02-03-2024T12:15:52 - [TEST_STEP][PASSED] - delay(5): Delayed 5 second(s)

02-03-2024T12:15:57 - [MESSAGE][PASSED] - Delayed 5 second(s)

02-03-2024T12:15:57 - [TEST_STEP][PASSED] - teamAback = getWebDriver().findElement(By.xpath("(//tr[@class='runner-line ng-scope'])[1]/td[4]/button")): null

02-03-2024T12:15:58 - [TEST_STEP][PASSED] - teamAback.click(): null

02-03-2024T12:15:58 - [TEST_STEP][PASSED] - getvalue = getWebDriver().findElement(By.xpath("(//tr[@class='runner-line ng-scope'])[1]/td[4]/button/div/span[1]")): null

02-03-2024T12:15:58 - [TEST_STEP][PASSED] - stringoddvalue = getvalue.getText(): null

02-03-2024T12:15:58 - [TEST_STEP][PASSED] - println(stringoddvalue): null

02-03-2024T12:15:58 - [TEST_STEP][PASSED] - floatoddvalue = stringoddvalue.toFloat(): null

02-03-2024T12:15:58 - [TEST_STEP][PASSED] - println(floatoddvalue): null

02-03-2024T12:15:58 - [TEST_STEP][PASSED] - newoddvalue = floatoddvalue + 0.10: null

02-03-2024T12:15:58 - [TEST_STEP][PASSED] - println(newoddvalue): null

02-03-2024T12:15:58 - [TEST_STEP][PASSED] - newstringoddvalue = newoddvalue.floatValue(): null

02-03-2024T12:15:58 - [TEST_STEP][PASSED] - setText(findTestObject("Object Repository/Exchange Page/oddvalue_field"), newstringoddvalue): Text '7.2999997' is set on object 'Object Repository/Exchange Page/oddvalue_field'

02-03-2024T12:16:01 - [MESSAGE][PASSED] - Text '7.2999997' is set on object 'Object Repository/Exchange Page/oddvalue_field'

02-03-2024T12:16:01 - [TEST_STEP][PASSED] - click(findTestObject("Object Repository/Exchange Page/Placebet_button")): Object: 'Object Repository/Exchange Page/Placebet_button' is clicked on

02-03-2024T12:16:03 - [MESSAGE][PASSED] - Object: 'Object Repository/Exchange Page/Placebet_button' is clicked on

02-03-2024T12:16:03 - [TEST_STEP][PASSED] - delay(5): Delayed 5 second(s)

02-03-2024T12:16:08 - [MESSAGE][PASSED] - Delayed 5 second(s)

02-03-2024T12:16:08 - [TEST_STEP][PASSED] - verifyElementClickable(findTestObject("Object Repository/Exchange Page/cancelallunmatchedbet_button")): Object 'Object Repository/Exchange Page/cancelallunmatchedbet_button' is clickable

02-03-2024T12:16:08 - [MESSAGE][PASSED] - Object 'Object Repository/Exchange Page/cancelallunmatchedbet_button' is clickable

02-03-2024T12:16:08 - [TEST_STEP][PASSED] - println("bet placed successfully"): null

02-03-2024T12:16:08 - [TEST_STEP][PASSED] - click(findTestObject("Object Repository/Exchange Page/cancelallunmatchedbet_button")): Object: 'Object Repository/Exchange Page/cancelallunmatchedbet_button' is clicked on

02-03-2024T12:16:09 - [MESSAGE][PASSED] - Object: 'Object Repository/Exchange Page/cancelallunmatchedbet_button' is clicked on]]></system-out>
         <system-err><![CDATA[]]></system-err>
      </testcase>
      <system-out><![CDATA[02-03-2024T12:15:27 - [TEST_SUITE][PASSED] - Exchange: Test Cases/Exchange/Place exchange_cricket bet]]></system-out>
      <system-err><![CDATA[]]></system-err>
   </testsuite>
</testsuites>
