<?xml version="1.0" encoding="UTF-8"?>
<testsuites name="HomePage" time="41.882" tests="3" failures="0" errors="0">
   <testsuite name="HomePage" tests="3" failures="0" errors="0" time="41.882" skipped="0" timestamp="29-02-2024T14:34:37" hostname="M Gokul Jayanth - LAPTOP-QCN9K3GM" id="Test Suites/HomePage">
      <properties>
         <property name="deviceName" value=""/>
         <property name="devicePlatform" value=""/>
         <property name="logFolder" value="C:\\Users\\M Gokul Jayanth\\git\\KatalonAutomation\\HaboomWBT\\Reports\\20240229_143435\\HomePage\\20240229_143435"/>
         <property name="logFiles" value="C:\\Users\\M Gokul Jayanth\\git\\KatalonAutomation\\HaboomWBT\\Reports\\20240229_143435\\HomePage\\20240229_143435\\execution0.log"/>
         <property name="attachments" value=""/>
         <property name="hostName" value="M Gokul Jayanth - LAPTOP-QCN9K3GM"/>
         <property name="os" value="Windows 11 64bit"/>
         <property name="katalonVersion" value="9.3.0.212"/>
         <property name="browser" value="Chrome 121.0.0.0"/>
         <property name="hostAddress" value="192.168.50.148"/>
         <property name="sessionId" value="5a2f946c5e50b6271af5ca92b9ea1817"/>
         <property name="seleniumVersion" value="3.141.59"/>
         <property name="proxyInformation" value="ProxyInformation { proxyOption=NO_PROXY, proxyServerType=HTTP, username=, password=********, proxyServerAddress=, proxyServerPort=0, executionList=&quot;&quot;, isApplyToDesiredCapabilities=true }"/>
         <property name="platform" value="Windows 11"/>
      </properties>
      <testcase name="Test Cases/HomePage/Open Footer_FAQ successfuk" time="15.819" classname="Test Cases/HomePage/Open Footer_FAQ successfuk" status="PASSED">
         <system-out><![CDATA[29-02-2024T14:34:37 - [TEST_CASE][PASSED] - Test Cases/HomePage/Open Footer_FAQ successfuk: Test Cases/HomePage/Open Footer_FAQ successfuk

29-02-2024T14:34:37 - [TEST_STEP][PASSED] - Start setup action : setupTestCase: Method 'setupTestCase' complete successfully

29-02-2024T14:34:37 - [TEST_STEP][PASSED] - openBrowser(""): Browser is opened with url: ''

29-02-2024T14:34:38 - [MESSAGE][INFO] - Starting 'Chrome' driver

29-02-2024T14:34:38 - [MESSAGE][INFO] - Action delay is set to 0 milliseconds

29-02-2024T14:34:39 - [MESSAGE][PASSED] - Browser is opened with url: ''

29-02-2024T14:34:39 - [TEST_STEP][PASSED] - navigateToUrl("https://haboom.com/"): Navigate to 'https://haboom.com/' successfully

29-02-2024T14:34:46 - [MESSAGE][PASSED] - Navigate to 'https://haboom.com/' successfully

29-02-2024T14:34:46 - [TEST_STEP][PASSED] - maximizeWindow(): Current window maximized

29-02-2024T14:34:46 - [MESSAGE][PASSED] - Current window maximized

29-02-2024T14:34:46 - [TEST_STEP][PASSED] - setText(findTestObject("Object Repository/Login Page/Login email field"), "MartinGarrix"): Text 'MartinGarrix' is set on object 'Object Repository/Login Page/Login email field'

29-02-2024T14:34:48 - [MESSAGE][PASSED] - Text 'MartinGarrix' is set on object 'Object Repository/Login Page/Login email field'

29-02-2024T14:34:48 - [TEST_STEP][PASSED] - setText(findTestObject("Object Repository/Login Page/Login Password"), "Test@1234"): Text 'Test@1234' is set on object 'Object Repository/Login Page/Login Password'

29-02-2024T14:34:50 - [MESSAGE][PASSED] - Text 'Test@1234' is set on object 'Object Repository/Login Page/Login Password'

29-02-2024T14:34:50 - [TEST_STEP][PASSED] - click(findTestObject("Object Repository/Login Page/login button")): Object: 'Object Repository/Login Page/login button' is clicked on

29-02-2024T14:34:50 - [MESSAGE][PASSED] - Object: 'Object Repository/Login Page/login button' is clicked on

29-02-2024T14:34:50 - [MESSAGE][PASSED] - Method 'setupTestCase' complete successfully

29-02-2024T14:34:50 - [TEST_STEP][PASSED] - click(findTestObject("Object Repository/Home Page/Footerlink_FAQs")): Object: 'Object Repository/Home Page/Footerlink_FAQs' is clicked on

29-02-2024T14:34:53 - [MESSAGE][PASSED] - Object: 'Object Repository/Home Page/Footerlink_FAQs' is clicked on

29-02-2024T14:34:53 - [TEST_STEP][PASSED] - Expectedtitle = getWindowTitle(): Current window's title is: 'Haboom - Quick Answers'

29-02-2024T14:34:53 - [MESSAGE][PASSED] - Current window's title is: 'Haboom - Quick Answers'

29-02-2024T14:34:53 - [TEST_STEP][PASSED] - Actualtitle = "Haboom - Quick Answers": null

29-02-2024T14:34:53 - [TEST_STEP][PASSED] - verifyMatch(Expectedtitle, Actualtitle, true): Actual text 'Haboom - Quick Answers' and expected text 'Haboom - Quick Answers' are matched  using regular expression

29-02-2024T14:34:53 - [MESSAGE][PASSED] - Actual text 'Haboom - Quick Answers' and expected text 'Haboom - Quick Answers' are matched  using regular expression]]></system-out>
         <system-err><![CDATA[]]></system-err>
      </testcase>
      <testcase name="Test Cases/HomePage/Open Footer_help successful" time="12.347" classname="Test Cases/HomePage/Open Footer_help successful" status="PASSED">
         <system-out><![CDATA[29-02-2024T14:34:53 - [TEST_CASE][PASSED] - Test Cases/HomePage/Open Footer_help successful: Test Cases/HomePage/Open Footer_help successful

29-02-2024T14:34:53 - [TEST_STEP][PASSED] - Start setup action : setupTestCase: Method 'setupTestCase' complete successfully

29-02-2024T14:34:53 - [TEST_STEP][PASSED] - openBrowser(""): Browser is opened with url: ''

29-02-2024T14:34:53 - [MESSAGE][WARNING] - A browser is already opened. Closing browser and opening a new one

29-02-2024T14:34:53 - [MESSAGE][INFO] - Starting 'Chrome' driver

29-02-2024T14:34:53 - [MESSAGE][INFO] - Action delay is set to 0 milliseconds

29-02-2024T14:34:54 - [MESSAGE][PASSED] - Browser is opened with url: ''

29-02-2024T14:34:54 - [TEST_STEP][PASSED] - navigateToUrl("https://haboom.com/"): Navigate to 'https://haboom.com/' successfully

29-02-2024T14:34:58 - [MESSAGE][PASSED] - Navigate to 'https://haboom.com/' successfully

29-02-2024T14:34:58 - [TEST_STEP][PASSED] - maximizeWindow(): Current window maximized

29-02-2024T14:34:58 - [MESSAGE][PASSED] - Current window maximized

29-02-2024T14:34:58 - [TEST_STEP][PASSED] - setText(findTestObject("Object Repository/Login Page/Login email field"), "MartinGarrix"): Text 'MartinGarrix' is set on object 'Object Repository/Login Page/Login email field'

29-02-2024T14:35:00 - [MESSAGE][PASSED] - Text 'MartinGarrix' is set on object 'Object Repository/Login Page/Login email field'

29-02-2024T14:35:00 - [TEST_STEP][PASSED] - setText(findTestObject("Object Repository/Login Page/Login Password"), "Test@1234"): Text 'Test@1234' is set on object 'Object Repository/Login Page/Login Password'

29-02-2024T14:35:01 - [MESSAGE][PASSED] - Text 'Test@1234' is set on object 'Object Repository/Login Page/Login Password'

29-02-2024T14:35:01 - [TEST_STEP][PASSED] - click(findTestObject("Object Repository/Login Page/login button")): Object: 'Object Repository/Login Page/login button' is clicked on

29-02-2024T14:35:03 - [MESSAGE][PASSED] - Object: 'Object Repository/Login Page/login button' is clicked on

29-02-2024T14:35:03 - [MESSAGE][PASSED] - Method 'setupTestCase' complete successfully

29-02-2024T14:35:03 - [TEST_STEP][PASSED] - click(findTestObject("Object Repository/Home Page/Footerlink_Help")): Object: 'Object Repository/Home Page/Footerlink_Help' is clicked on

29-02-2024T14:35:05 - [MESSAGE][PASSED] - Object: 'Object Repository/Home Page/Footerlink_Help' is clicked on

29-02-2024T14:35:05 - [TEST_STEP][PASSED] - Expectedtitle = getWindowTitle(): Current window's title is: 'Haboom - Helpdesk'

29-02-2024T14:35:05 - [MESSAGE][PASSED] - Current window's title is: 'Haboom - Helpdesk'

29-02-2024T14:35:05 - [TEST_STEP][PASSED] - Actualtitle = "Haboom - Helpdesk": null

29-02-2024T14:35:05 - [TEST_STEP][PASSED] - verifyMatch(Expectedtitle, Actualtitle, true): Actual text 'Haboom - Helpdesk' and expected text 'Haboom - Helpdesk' are matched  using regular expression

29-02-2024T14:35:05 - [MESSAGE][PASSED] - Actual text 'Haboom - Helpdesk' and expected text 'Haboom - Helpdesk' are matched  using regular expression]]></system-out>
         <system-err><![CDATA[]]></system-err>
      </testcase>
      <testcase name="Test Cases/HomePage/Open Footer_privacypolicy successful" time="13.573" classname="Test Cases/HomePage/Open Footer_privacypolicy successful" status="PASSED">
         <system-out><![CDATA[29-02-2024T14:35:05 - [TEST_CASE][PASSED] - Test Cases/HomePage/Open Footer_privacypolicy successful: Test Cases/HomePage/Open Footer_privacypolicy successful

29-02-2024T14:35:05 - [TEST_STEP][PASSED] - Start setup action : setupTestCase: Method 'setupTestCase' complete successfully

29-02-2024T14:35:05 - [TEST_STEP][PASSED] - openBrowser(""): Browser is opened with url: ''

29-02-2024T14:35:05 - [MESSAGE][WARNING] - A browser is already opened. Closing browser and opening a new one

29-02-2024T14:35:06 - [MESSAGE][INFO] - Starting 'Chrome' driver

29-02-2024T14:35:06 - [MESSAGE][INFO] - Action delay is set to 0 milliseconds

29-02-2024T14:35:06 - [MESSAGE][PASSED] - Browser is opened with url: ''

29-02-2024T14:35:06 - [TEST_STEP][PASSED] - navigateToUrl("https://haboom.com/"): Navigate to 'https://haboom.com/' successfully

29-02-2024T14:35:09 - [MESSAGE][PASSED] - Navigate to 'https://haboom.com/' successfully

29-02-2024T14:35:09 - [TEST_STEP][PASSED] - maximizeWindow(): Current window maximized

29-02-2024T14:35:10 - [MESSAGE][PASSED] - Current window maximized

29-02-2024T14:35:10 - [TEST_STEP][PASSED] - setText(findTestObject("Object Repository/Login Page/Login email field"), "MartinGarrix"): Text 'MartinGarrix' is set on object 'Object Repository/Login Page/Login email field'

29-02-2024T14:35:12 - [MESSAGE][PASSED] - Text 'MartinGarrix' is set on object 'Object Repository/Login Page/Login email field'

29-02-2024T14:35:12 - [TEST_STEP][PASSED] - setText(findTestObject("Object Repository/Login Page/Login Password"), "Test@1234"): Text 'Test@1234' is set on object 'Object Repository/Login Page/Login Password'

29-02-2024T14:35:14 - [MESSAGE][PASSED] - Text 'Test@1234' is set on object 'Object Repository/Login Page/Login Password'

29-02-2024T14:35:14 - [TEST_STEP][PASSED] - click(findTestObject("Object Repository/Login Page/login button")): Object: 'Object Repository/Login Page/login button' is clicked on

29-02-2024T14:35:15 - [MESSAGE][PASSED] - Object: 'Object Repository/Login Page/login button' is clicked on

29-02-2024T14:35:15 - [MESSAGE][PASSED] - Method 'setupTestCase' complete successfully

29-02-2024T14:35:15 - [TEST_STEP][PASSED] - click(findTestObject("Object Repository/Home Page/Footerlink_PrivacyPolicy")): Object: 'Object Repository/Home Page/Footerlink_PrivacyPolicy' is clicked on

29-02-2024T14:35:19 - [MESSAGE][PASSED] - Object: 'Object Repository/Home Page/Footerlink_PrivacyPolicy' is clicked on

29-02-2024T14:35:19 - [TEST_STEP][PASSED] - Expectedtitle = getWindowTitle(): Current window's title is: 'Haboom - Privacy Policy'

29-02-2024T14:35:19 - [MESSAGE][PASSED] - Current window's title is: 'Haboom - Privacy Policy'

29-02-2024T14:35:19 - [TEST_STEP][PASSED] - Actualtitle = "Haboom - Privacy Policy": null

29-02-2024T14:35:19 - [TEST_STEP][PASSED] - verifyMatch(Expectedtitle, Actualtitle, true): Actual text 'Haboom - Privacy Policy' and expected text 'Haboom - Privacy Policy' are matched  using regular expression

29-02-2024T14:35:19 - [MESSAGE][PASSED] - Actual text 'Haboom - Privacy Policy' and expected text 'Haboom - Privacy Policy' are matched  using regular expression]]></system-out>
         <system-err><![CDATA[]]></system-err>
      </testcase>
      <system-out><![CDATA[29-02-2024T14:34:37 - [TEST_SUITE][PASSED] - HomePage: Test Cases/HomePage/Open Footer_privacypolicy successful]]></system-out>
      <system-err><![CDATA[]]></system-err>
   </testsuite>
</testsuites>
