<?xml version="1.0" encoding="UTF-8"?>
<testsuites name="Casino" time="57.788" tests="1" failures="0" errors="0">
   <testsuite name="Casino" tests="1" failures="0" errors="0" time="57.788" skipped="0" timestamp="27-02-2024T14:37:09" hostname="M Gokul Jayanth - LAPTOP-QCN9K3GM" id="Test Suites/Casino">
      <properties>
         <property name="deviceName" value=""/>
         <property name="devicePlatform" value=""/>
         <property name="logFolder" value="C:\\Users\\M Gokul Jayanth\\git\\KatalonAutomation\\HaboomWBT\\Reports\\20240227_143706\\Casino\\20240227_143707"/>
         <property name="logFiles" value="C:\\Users\\M Gokul Jayanth\\git\\KatalonAutomation\\HaboomWBT\\Reports\\20240227_143706\\Casino\\20240227_143707\\execution0.log"/>
         <property name="attachments" value=""/>
         <property name="hostName" value="M Gokul Jayanth - LAPTOP-QCN9K3GM"/>
         <property name="os" value="Windows 11 64bit"/>
         <property name="katalonVersion" value="9.3.0.212"/>
         <property name="browser" value="Chrome 121.0.0.0"/>
         <property name="hostAddress" value="192.168.50.148"/>
         <property name="sessionId" value="02021b386bba4e725576b7e3990664ea"/>
         <property name="seleniumVersion" value="3.141.59"/>
         <property name="proxyInformation" value="ProxyInformation { proxyOption=NO_PROXY, proxyServerType=HTTP, username=, password=********, proxyServerAddress=, proxyServerPort=0, executionList=&quot;&quot;, isApplyToDesiredCapabilities=true }"/>
         <property name="platform" value="Windows 11"/>
      </properties>
      <testcase name="Test Cases/Casino/Open game successful" time="57.658" classname="Test Cases/Casino/Open game successful" status="INCOMPLETE">
         <system-out><![CDATA[27-02-2024T14:37:09 - [TEST_CASE][INCOMPLETE] - Test Cases/Casino/Open game successful: null

27-02-2024T14:37:10 - [TEST_STEP][PASSED] - Start setup action : setupTestCase: Method 'setupTestCase' complete successfully

27-02-2024T14:37:10 - [TEST_STEP][PASSED] - openBrowser(""): Browser is opened with url: ''

27-02-2024T14:37:10 - [MESSAGE][INFO] - Starting 'Chrome' driver

27-02-2024T14:37:10 - [MESSAGE][INFO] - Action delay is set to 0 milliseconds

27-02-2024T14:37:11 - [MESSAGE][PASSED] - Browser is opened with url: ''

27-02-2024T14:37:11 - [TEST_STEP][PASSED] - navigateToUrl("https://haboom.com/"): Navigate to 'https://haboom.com/' successfully

27-02-2024T14:37:27 - [MESSAGE][PASSED] - Navigate to 'https://haboom.com/' successfully

27-02-2024T14:37:27 - [TEST_STEP][PASSED] - maximizeWindow(): Current window maximized

27-02-2024T14:37:27 - [MESSAGE][PASSED] - Current window maximized

27-02-2024T14:37:27 - [TEST_STEP][PASSED] - setText(findTestObject("Object Repository/Login Page/Login email field"), "MartinGarrix"): Text 'MartinGarrix' is set on object 'Object Repository/Login Page/Login email field'

27-02-2024T14:37:28 - [MESSAGE][PASSED] - Text 'MartinGarrix' is set on object 'Object Repository/Login Page/Login email field'

27-02-2024T14:37:28 - [TEST_STEP][PASSED] - setText(findTestObject("Object Repository/Login Page/Login Password"), "Test@1234"): Text 'Test@1234' is set on object 'Object Repository/Login Page/Login Password'

27-02-2024T14:37:30 - [MESSAGE][PASSED] - Text 'Test@1234' is set on object 'Object Repository/Login Page/Login Password'

27-02-2024T14:37:30 - [TEST_STEP][PASSED] - click(findTestObject("Object Repository/Login Page/login button")): Object: 'Object Repository/Login Page/login button' is clicked on

27-02-2024T14:37:30 - [MESSAGE][PASSED] - Object: 'Object Repository/Login Page/login button' is clicked on

27-02-2024T14:37:30 - [TEST_STEP][PASSED] - verifyElementText(findTestObject("Object Repository/Login Page/My Account"), "My Account"): Actual text and expected text of test object 'Object Repository/Login Page/My Account' are matched.

27-02-2024T14:37:33 - [MESSAGE][PASSED] - Actual text and expected text of test object 'Object Repository/Login Page/My Account' are matched.

27-02-2024T14:37:33 - [MESSAGE][PASSED] - Method 'setupTestCase' complete successfully

27-02-2024T14:37:33 - [TEST_STEP][PASSED] - click(findTestObject("Object Repository/Casino Page/CasinoMenu")): Object: 'Object Repository/Casino Page/CasinoMenu' is clicked on

27-02-2024T14:37:36 - [MESSAGE][PASSED] - Object: 'Object Repository/Casino Page/CasinoMenu' is clicked on

27-02-2024T14:37:36 - [TEST_STEP][PASSED] - provider = getWebDriver().findElements(By.xpath("//input[@name='provider_list']")): null

27-02-2024T14:37:37 - [TEST_STEP][PASSED] - println(provider.size()): null

27-02-2024T14:37:37 - [TEST_STEP][INCOMPLETE] - for ([i = 21, i < provider.size(), (i++)]): null

27-02-2024T14:37:37 - [TEST_STEP][PASSED] - currentElement = provider.get(i): null

27-02-2024T14:37:37 - [TEST_STEP][PASSED] - currentElement.click(): null

27-02-2024T14:37:37 - [TEST_STEP][PASSED] - scrollToPosition(0, 250): Browser is scrolled to position x = 0, y = 250

27-02-2024T14:37:37 - [MESSAGE][PASSED] - Browser is scrolled to position x = 0, y = 250

27-02-2024T14:37:37 - [TEST_STEP][PASSED] - delay(5): Delayed 5 second(s)

27-02-2024T14:37:42 - [MESSAGE][PASSED] - Delayed 5 second(s)

27-02-2024T14:37:42 - [TEST_STEP][PASSED] - scrollToPosition(0, 500): Browser is scrolled to position x = 0, y = 500

27-02-2024T14:37:42 - [MESSAGE][PASSED] - Browser is scrolled to position x = 0, y = 500

27-02-2024T14:37:42 - [TEST_STEP][PASSED] - delay(5): Delayed 5 second(s)

27-02-2024T14:37:47 - [MESSAGE][PASSED] - Delayed 5 second(s)

27-02-2024T14:37:47 - [TEST_STEP][PASSED] - scrollToPosition(0, 750): Browser is scrolled to position x = 0, y = 750

27-02-2024T14:37:47 - [MESSAGE][PASSED] - Browser is scrolled to position x = 0, y = 750

27-02-2024T14:37:47 - [TEST_STEP][PASSED] - delay(5): Delayed 5 second(s)

27-02-2024T14:37:52 - [MESSAGE][PASSED] - Delayed 5 second(s)

27-02-2024T14:37:52 - [TEST_STEP][PASSED] - scrollToPosition(0, 1000): Browser is scrolled to position x = 0, y = 1000

27-02-2024T14:37:52 - [MESSAGE][PASSED] - Browser is scrolled to position x = 0, y = 1000

27-02-2024T14:37:52 - [TEST_STEP][PASSED] - delay(5): Delayed 5 second(s)

27-02-2024T14:37:57 - [MESSAGE][PASSED] - Delayed 5 second(s)

27-02-2024T14:37:57 - [TEST_STEP][PASSED] - scrollToPosition(0, 1250): Browser is scrolled to position x = 0, y = 1250

27-02-2024T14:37:57 - [MESSAGE][PASSED] - Browser is scrolled to position x = 0, y = 1250

27-02-2024T14:37:57 - [TEST_STEP][PASSED] - delay(5): Delayed 5 second(s)

27-02-2024T14:38:02 - [MESSAGE][PASSED] - Delayed 5 second(s)

27-02-2024T14:38:02 - [TEST_STEP][PASSED] - scrollToPosition(0, 1500): Browser is scrolled to position x = 0, y = 1500

27-02-2024T14:38:02 - [MESSAGE][PASSED] - Browser is scrolled to position x = 0, y = 1500

27-02-2024T14:38:02 - [TEST_STEP][PASSED] - delay(5): Delayed 5 second(s)

27-02-2024T14:38:07 - [MESSAGE][PASSED] - Delayed 5 second(s)

27-02-2024T14:38:07 - [TEST_STEP][PASSED] - scrollToPosition(0, 0): Browser is scrolled to position x = 0, y = 0

27-02-2024T14:38:07 - [MESSAGE][PASSED] - Browser is scrolled to position x = 0, y = 0

27-02-2024T14:38:07 - [TEST_STEP][INCOMPLETE] - delay(10): null]]></system-out>
         <system-err><![CDATA[27-02-2024T14:37:09 - [TEST_CASE][INCOMPLETE] - Test Cases/Casino/Open game successful: null]]></system-err>
      </testcase>
      <system-out><![CDATA[27-02-2024T14:37:09 - [TEST_SUITE][INCOMPLETE] - Casino: null]]></system-out>
      <system-err><![CDATA[27-02-2024T14:37:09 - [TEST_SUITE][INCOMPLETE] - Casino: null]]></system-err>
   </testsuite>
</testsuites>
