<?xml version="1.0" encoding="UTF-8"?>
<testsuites name="Casino" time="340.435" tests="1" failures="0" errors="1">
   <testsuite name="Casino" tests="1" failures="0" errors="1" time="340.435" skipped="0" timestamp="27-02-2024T13:36:42" hostname="M Gokul Jayanth - LAPTOP-QCN9K3GM" id="Test Suites/Casino">
      <properties>
         <property name="deviceName" value=""/>
         <property name="devicePlatform" value=""/>
         <property name="logFolder" value="C:\\Users\\M Gokul Jayanth\\git\\KatalonAutomation\\HaboomWBT\\Reports\\20240227_133640\\Casino\\20240227_133640"/>
         <property name="logFiles" value="C:\\Users\\M Gokul Jayanth\\git\\KatalonAutomation\\HaboomWBT\\Reports\\20240227_133640\\Casino\\20240227_133640\\execution0.log"/>
         <property name="attachments" value=""/>
         <property name="hostName" value="M Gokul Jayanth - LAPTOP-QCN9K3GM"/>
         <property name="os" value="Windows 11 64bit"/>
         <property name="katalonVersion" value="9.3.0.212"/>
         <property name="browser" value="Chrome 121.0.0.0"/>
         <property name="hostAddress" value="192.168.50.148"/>
         <property name="sessionId" value="29a5abd06a8e2951bca4238081eed5a4"/>
         <property name="seleniumVersion" value="3.141.59"/>
         <property name="proxyInformation" value="ProxyInformation { proxyOption=NO_PROXY, proxyServerType=HTTP, username=, password=********, proxyServerAddress=, proxyServerPort=0, executionList=&quot;&quot;, isApplyToDesiredCapabilities=true }"/>
         <property name="platform" value="Windows 11"/>
      </properties>
      <testcase name="Test Cases/Casino/Open game successful" time="340.289" classname="Test Cases/Casino/Open game successful" status="ERROR">
         <error type="ERROR" message="Test Cases/Casino/Open game successful FAILED.&#xa;Reason:&#xa;org.openqa.selenium.ElementClickInterceptedException: element click intercepted: Element &lt;input class=&quot;radio-custom&quot; data-id=&quot;evolution&quot; data-table=&quot;cg&quot; type=&quot;radio&quot; name=&quot;provider_list&quot;> is not clickable at point (376, 8). Other element would receive the click: &lt;a href=&quot;https://haboom.com/d/casino/games/Andar%20Bahar&quot; title=&quot;...&quot; target=&quot;_self&quot; class=&quot;link-item link-mask &quot;>Andar Bahar&lt;/a>&#xa;  (Session info: chrome=121.0.6167.187)&#xa;Build info: version: '3.141.59', revision: 'e82be7d358', time: '2018-11-14T08:25:53'&#xa;System info: host: 'LAPTOP-QCN9K3GM', ip: '192.168.50.148', os.name: 'Windows 11', os.arch: 'amd64', os.version: '10.0', java.version: '17.0.7'&#xa;Driver info: com.kms.katalon.selenium.driver.CChromeDriver&#xa;Capabilities {acceptInsecureCerts: false, browserName: chrome, browserVersion: 121.0.6167.187, chrome: {chromedriverVersion: 121.0.6167.85 (3f98d690ad7e..., userDataDir: C:\Users\MGOKUL~1\AppData\L...}, fedcm:accounts: true, goog:chromeOptions: {debuggerAddress: localhost:58807}, javascriptEnabled: true, networkConnectionEnabled: false, pageLoadStrategy: normal, platform: WINDOWS, platformName: WINDOWS, proxy: Proxy(), setWindowRect: true, strictFileInteractability: false, timeouts: {implicit: 0, pageLoad: 300000, script: 30000}, unhandledPromptBehavior: dismiss and notify, webauthn:extension:credBlob: true, webauthn:extension:largeBlob: true, webauthn:extension:minPinLength: true, webauthn:extension:prf: true, webauthn:virtualAuthenticators: true}&#xa;Session ID: 29a5abd06a8e2951bca4238081eed5a4&#xa;	at java.base/jdk.internal.reflect.NativeConstructorAccessorImpl.newInstance0(Native Method)&#xa;	at java.base/jdk.internal.reflect.NativeConstructorAccessorImpl.newInstance(NativeConstructorAccessorImpl.java:77)&#xa;	at java.base/jdk.internal.reflect.DelegatingConstructorAccessorImpl.newInstance(DelegatingConstructorAccessorImpl.java:45)&#xa;	at org.openqa.selenium.remote.http.W3CHttpResponseCodec.createException(W3CHttpResponseCodec.java:187)&#xa;	at org.openqa.selenium.remote.http.W3CHttpResponseCodec.decode(W3CHttpResponseCodec.java:122)&#xa;	at org.openqa.selenium.remote.http.W3CHttpResponseCodec.decode(W3CHttpResponseCodec.java:49)&#xa;	at org.openqa.selenium.remote.HttpCommandExecutor.execute(HttpCommandExecutor.java:158)&#xa;	at org.openqa.selenium.remote.service.DriverCommandExecutor.execute(DriverCommandExecutor.java:83)&#xa;	at org.openqa.selenium.remote.RemoteWebDriver.execute(RemoteWebDriver.java:552)&#xa;	at com.kms.katalon.selenium.driver.CChromeDriver.execute(CChromeDriver.java:19)&#xa;	at org.openqa.selenium.remote.RemoteWebElement.execute(RemoteWebElement.java:285)&#xa;	at org.openqa.selenium.remote.RemoteWebElement.click(RemoteWebElement.java:84)&#xa;	at jdk.internal.reflect.GeneratedMethodAccessor15.invoke(Unknown Source)&#xa;	at java.base/jdk.internal.reflect.DelegatingMethodAccessorImpl.invoke(DelegatingMethodAccessorImpl.java:43)&#xa;	at org.openqa.selenium.support.events.EventFiringWebDriver$EventFiringWebElement.lambda$new$0(EventFiringWebDriver.java:404)&#xa;	at jdk.proxy2/jdk.proxy2.$Proxy24.click(Unknown Source)&#xa;	at org.openqa.selenium.support.events.EventFiringWebDriver$EventFiringWebElement.click(EventFiringWebDriver.java:417)&#xa;	at Open game successful.run(Open game successful:24)&#xa;	at com.kms.katalon.core.main.ScriptEngine.run(ScriptEngine.java:194)&#xa;	at com.kms.katalon.core.main.ScriptEngine.runScriptAsRawText(ScriptEngine.java:119)&#xa;	at com.kms.katalon.core.main.TestCaseExecutor.runScript(TestCaseExecutor.java:448)&#xa;	at com.kms.katalon.core.main.TestCaseExecutor.doExecute(TestCaseExecutor.java:439)&#xa;	at com.kms.katalon.core.main.TestCaseExecutor.processExecutionPhase(TestCaseExecutor.java:418)&#xa;	at com.kms.katalon.core.main.TestCaseExecutor.accessMainPhase(TestCaseExecutor.java:410)&#xa;	at com.kms.katalon.core.main.TestCaseExecutor.execute(TestCaseExecutor.java:285)&#xa;	at com.kms.katalon.core.common.CommonExecutor.accessTestCaseMainPhase(CommonExecutor.java:65)&#xa;	at com.kms.katalon.core.main.TestSuiteExecutor.accessTestSuiteMainPhase(TestSuiteExecutor.java:148)&#xa;	at com.kms.katalon.core.main.TestSuiteExecutor.execute(TestSuiteExecutor.java:106)&#xa;	at com.kms.katalon.core.main.TestCaseMain.startTestSuite(TestCaseMain.java:180)&#xa;	at TempTestSuite1709021200525.run(TempTestSuite1709021200525.groovy:36)&#xa;	at java.base/jdk.internal.reflect.NativeMethodAccessorImpl.invoke0(Native Method)&#xa;	at java.base/jdk.internal.reflect.NativeMethodAccessorImpl.invoke(NativeMethodAccessorImpl.java:77)&#xa;	at java.base/jdk.internal.reflect.DelegatingMethodAccessorImpl.invoke(DelegatingMethodAccessorImpl.java:43)&#xa;"/>
         <system-out><![CDATA[27-02-2024T13:36:43 - [TEST_CASE][ERROR] - Test Cases/Casino/Open game successful: Test Cases/Casino/Open game successful FAILED.
Reason:
org.openqa.selenium.ElementClickInterceptedException: element click intercepted: Element <input class="radio-custom" data-id="evolution" data-table="cg" type="radio" name="provider_list"> is not clickable at point (376, 8). Other element would receive the click: <a href="https://haboom.com/d/casino/games/Andar%20Bahar" title="..." target="_self" class="link-item link-mask ">Andar Bahar</a>
  (Session info: chrome=121.0.6167.187)
Build info: version: '3.141.59', revision: 'e82be7d358', time: '2018-11-14T08:25:53'
System info: host: 'LAPTOP-QCN9K3GM', ip: '192.168.50.148', os.name: 'Windows 11', os.arch: 'amd64', os.version: '10.0', java.version: '17.0.7'
Driver info: com.kms.katalon.selenium.driver.CChromeDriver
Capabilities {acceptInsecureCerts: false, browserName: chrome, browserVersion: 121.0.6167.187, chrome: {chromedriverVersion: 121.0.6167.85 (3f98d690ad7e..., userDataDir: C:\Users\MGOKUL~1\AppData\L...}, fedcm:accounts: true, goog:chromeOptions: {debuggerAddress: localhost:58807}, javascriptEnabled: true, networkConnectionEnabled: false, pageLoadStrategy: normal, platform: WINDOWS, platformName: WINDOWS, proxy: Proxy(), setWindowRect: true, strictFileInteractability: false, timeouts: {implicit: 0, pageLoad: 300000, script: 30000}, unhandledPromptBehavior: dismiss and notify, webauthn:extension:credBlob: true, webauthn:extension:largeBlob: true, webauthn:extension:minPinLength: true, webauthn:extension:prf: true, webauthn:virtualAuthenticators: true}
Session ID: 29a5abd06a8e2951bca4238081eed5a4
	at java.base/jdk.internal.reflect.NativeConstructorAccessorImpl.newInstance0(Native Method)
	at java.base/jdk.internal.reflect.NativeConstructorAccessorImpl.newInstance(NativeConstructorAccessorImpl.java:77)
	at java.base/jdk.internal.reflect.DelegatingConstructorAccessorImpl.newInstance(DelegatingConstructorAccessorImpl.java:45)
	at org.openqa.selenium.remote.http.W3CHttpResponseCodec.createException(W3CHttpResponseCodec.java:187)
	at org.openqa.selenium.remote.http.W3CHttpResponseCodec.decode(W3CHttpResponseCodec.java:122)
	at org.openqa.selenium.remote.http.W3CHttpResponseCodec.decode(W3CHttpResponseCodec.java:49)
	at org.openqa.selenium.remote.HttpCommandExecutor.execute(HttpCommandExecutor.java:158)
	at org.openqa.selenium.remote.service.DriverCommandExecutor.execute(DriverCommandExecutor.java:83)
	at org.openqa.selenium.remote.RemoteWebDriver.execute(RemoteWebDriver.java:552)
	at com.kms.katalon.selenium.driver.CChromeDriver.execute(CChromeDriver.java:19)
	at org.openqa.selenium.remote.RemoteWebElement.execute(RemoteWebElement.java:285)
	at org.openqa.selenium.remote.RemoteWebElement.click(RemoteWebElement.java:84)
	at jdk.internal.reflect.GeneratedMethodAccessor15.invoke(Unknown Source)
	at java.base/jdk.internal.reflect.DelegatingMethodAccessorImpl.invoke(DelegatingMethodAccessorImpl.java:43)
	at org.openqa.selenium.support.events.EventFiringWebDriver$EventFiringWebElement.lambda$new$0(EventFiringWebDriver.java:404)
	at jdk.proxy2/jdk.proxy2.$Proxy24.click(Unknown Source)
	at org.openqa.selenium.support.events.EventFiringWebDriver$EventFiringWebElement.click(EventFiringWebDriver.java:417)
	at Open game successful.run(Open game successful:24)
	at com.kms.katalon.core.main.ScriptEngine.run(ScriptEngine.java:194)
	at com.kms.katalon.core.main.ScriptEngine.runScriptAsRawText(ScriptEngine.java:119)
	at com.kms.katalon.core.main.TestCaseExecutor.runScript(TestCaseExecutor.java:448)
	at com.kms.katalon.core.main.TestCaseExecutor.doExecute(TestCaseExecutor.java:439)
	at com.kms.katalon.core.main.TestCaseExecutor.processExecutionPhase(TestCaseExecutor.java:418)
	at com.kms.katalon.core.main.TestCaseExecutor.accessMainPhase(TestCaseExecutor.java:410)
	at com.kms.katalon.core.main.TestCaseExecutor.execute(TestCaseExecutor.java:285)
	at com.kms.katalon.core.common.CommonExecutor.accessTestCaseMainPhase(CommonExecutor.java:65)
	at com.kms.katalon.core.main.TestSuiteExecutor.accessTestSuiteMainPhase(TestSuiteExecutor.java:148)
	at com.kms.katalon.core.main.TestSuiteExecutor.execute(TestSuiteExecutor.java:106)
	at com.kms.katalon.core.main.TestCaseMain.startTestSuite(TestCaseMain.java:180)
	at TempTestSuite1709021200525.run(TempTestSuite1709021200525.groovy:36)
	at java.base/jdk.internal.reflect.NativeMethodAccessorImpl.invoke0(Native Method)
	at java.base/jdk.internal.reflect.NativeMethodAccessorImpl.invoke(NativeMethodAccessorImpl.java:77)
	at java.base/jdk.internal.reflect.DelegatingMethodAccessorImpl.invoke(DelegatingMethodAccessorImpl.java:43)


27-02-2024T13:36:43 - [TEST_STEP][PASSED] - Start setup action : setupTestCase: Method 'setupTestCase' complete successfully

27-02-2024T13:36:43 - [TEST_STEP][PASSED] - openBrowser(""): Browser is opened with url: ''

27-02-2024T13:36:43 - [MESSAGE][INFO] - Starting 'Chrome' driver

27-02-2024T13:36:43 - [MESSAGE][INFO] - Action delay is set to 0 milliseconds

27-02-2024T13:36:45 - [MESSAGE][PASSED] - Browser is opened with url: ''

27-02-2024T13:36:45 - [TEST_STEP][PASSED] - navigateToUrl("https://haboom.com/"): Navigate to 'https://haboom.com/' successfully

27-02-2024T13:36:48 - [MESSAGE][PASSED] - Navigate to 'https://haboom.com/' successfully

27-02-2024T13:36:48 - [TEST_STEP][PASSED] - maximizeWindow(): Current window maximized

27-02-2024T13:36:49 - [MESSAGE][PASSED] - Current window maximized

27-02-2024T13:36:49 - [TEST_STEP][PASSED] - setText(findTestObject("Object Repository/Login Page/Login email field"), "MartinGarrix"): Text 'MartinGarrix' is set on object 'Object Repository/Login Page/Login email field'

27-02-2024T13:36:51 - [MESSAGE][PASSED] - Text 'MartinGarrix' is set on object 'Object Repository/Login Page/Login email field'

27-02-2024T13:36:51 - [TEST_STEP][PASSED] - setText(findTestObject("Object Repository/Login Page/Login Password"), "Test@1234"): Text 'Test@1234' is set on object 'Object Repository/Login Page/Login Password'

27-02-2024T13:36:51 - [MESSAGE][PASSED] - Text 'Test@1234' is set on object 'Object Repository/Login Page/Login Password'

27-02-2024T13:36:51 - [TEST_STEP][PASSED] - click(findTestObject("Object Repository/Login Page/login button")): Object: 'Object Repository/Login Page/login button' is clicked on

27-02-2024T13:36:52 - [MESSAGE][PASSED] - Object: 'Object Repository/Login Page/login button' is clicked on

27-02-2024T13:36:52 - [TEST_STEP][PASSED] - verifyElementText(findTestObject("Object Repository/Login Page/My Account"), "My Account"): Actual text and expected text of test object 'Object Repository/Login Page/My Account' are matched.

27-02-2024T13:36:54 - [MESSAGE][PASSED] - Actual text and expected text of test object 'Object Repository/Login Page/My Account' are matched.

27-02-2024T13:36:54 - [MESSAGE][PASSED] - Method 'setupTestCase' complete successfully

27-02-2024T13:36:54 - [TEST_STEP][PASSED] - click(findTestObject("Object Repository/Casino Page/CasinoMenu")): Object: 'Object Repository/Casino Page/CasinoMenu' is clicked on

27-02-2024T13:36:56 - [MESSAGE][PASSED] - Object: 'Object Repository/Casino Page/CasinoMenu' is clicked on

27-02-2024T13:36:56 - [TEST_STEP][PASSED] - provider = getWebDriver().findElements(By.xpath("//input[@name='provider_list']")): null

27-02-2024T13:36:57 - [TEST_STEP][PASSED] - println(provider.size()): null

27-02-2024T13:36:57 - [TEST_STEP][ERROR] - for ([i = 1, i < provider.size(), (i++)]): Test Cases/Casino/Open game successful FAILED.
Reason:
org.openqa.selenium.ElementClickInterceptedException: element click intercepted: Element <input class="radio-custom" data-id="evolution" data-table="cg" type="radio" name="provider_list"> is not clickable at point (376, 8). Other element would receive the click: <a href="https://haboom.com/d/casino/games/Andar%20Bahar" title="..." target="_self" class="link-item link-mask ">Andar Bahar</a>
  (Session info: chrome=121.0.6167.187)
Build info: version: '3.141.59', revision: 'e82be7d358', time: '2018-11-14T08:25:53'
System info: host: 'LAPTOP-QCN9K3GM', ip: '192.168.50.148', os.name: 'Windows 11', os.arch: 'amd64', os.version: '10.0', java.version: '17.0.7'
Driver info: com.kms.katalon.selenium.driver.CChromeDriver
Capabilities {acceptInsecureCerts: false, browserName: chrome, browserVersion: 121.0.6167.187, chrome: {chromedriverVersion: 121.0.6167.85 (3f98d690ad7e..., userDataDir: C:\Users\MGOKUL~1\AppData\L...}, fedcm:accounts: true, goog:chromeOptions: {debuggerAddress: localhost:58807}, javascriptEnabled: true, networkConnectionEnabled: false, pageLoadStrategy: normal, platform: WINDOWS, platformName: WINDOWS, proxy: Proxy(), setWindowRect: true, strictFileInteractability: false, timeouts: {implicit: 0, pageLoad: 300000, script: 30000}, unhandledPromptBehavior: dismiss and notify, webauthn:extension:credBlob: true, webauthn:extension:largeBlob: true, webauthn:extension:minPinLength: true, webauthn:extension:prf: true, webauthn:virtualAuthenticators: true}
Session ID: 29a5abd06a8e2951bca4238081eed5a4
	at java.base/jdk.internal.reflect.NativeConstructorAccessorImpl.newInstance0(Native Method)
	at java.base/jdk.internal.reflect.NativeConstructorAccessorImpl.newInstance(NativeConstructorAccessorImpl.java:77)
	at java.base/jdk.internal.reflect.DelegatingConstructorAccessorImpl.newInstance(DelegatingConstructorAccessorImpl.java:45)
	at org.openqa.selenium.remote.http.W3CHttpResponseCodec.createException(W3CHttpResponseCodec.java:187)
	at org.openqa.selenium.remote.http.W3CHttpResponseCodec.decode(W3CHttpResponseCodec.java:122)
	at org.openqa.selenium.remote.http.W3CHttpResponseCodec.decode(W3CHttpResponseCodec.java:49)
	at org.openqa.selenium.remote.HttpCommandExecutor.execute(HttpCommandExecutor.java:158)
	at org.openqa.selenium.remote.service.DriverCommandExecutor.execute(DriverCommandExecutor.java:83)
	at org.openqa.selenium.remote.RemoteWebDriver.execute(RemoteWebDriver.java:552)
	at com.kms.katalon.selenium.driver.CChromeDriver.execute(CChromeDriver.java:19)
	at org.openqa.selenium.remote.RemoteWebElement.execute(RemoteWebElement.java:285)
	at org.openqa.selenium.remote.RemoteWebElement.click(RemoteWebElement.java:84)
	at jdk.internal.reflect.GeneratedMethodAccessor15.invoke(Unknown Source)
	at java.base/jdk.internal.reflect.DelegatingMethodAccessorImpl.invoke(DelegatingMethodAccessorImpl.java:43)
	at org.openqa.selenium.support.events.EventFiringWebDriver$EventFiringWebElement.lambda$new$0(EventFiringWebDriver.java:404)
	at jdk.proxy2/jdk.proxy2.$Proxy24.click(Unknown Source)
	at org.openqa.selenium.support.events.EventFiringWebDriver$EventFiringWebElement.click(EventFiringWebDriver.java:417)
	at Open game successful.run(Open game successful:24)
	at com.kms.katalon.core.main.ScriptEngine.run(ScriptEngine.java:194)
	at com.kms.katalon.core.main.ScriptEngine.runScriptAsRawText(ScriptEngine.java:119)
	at com.kms.katalon.core.main.TestCaseExecutor.runScript(TestCaseExecutor.java:448)
	at com.kms.katalon.core.main.TestCaseExecutor.doExecute(TestCaseExecutor.java:439)
	at com.kms.katalon.core.main.TestCaseExecutor.processExecutionPhase(TestCaseExecutor.java:418)
	at com.kms.katalon.core.main.TestCaseExecutor.accessMainPhase(TestCaseExecutor.java:410)
	at com.kms.katalon.core.main.TestCaseExecutor.execute(TestCaseExecutor.java:285)
	at com.kms.katalon.core.common.CommonExecutor.accessTestCaseMainPhase(CommonExecutor.java:65)
	at com.kms.katalon.core.main.TestSuiteExecutor.accessTestSuiteMainPhase(TestSuiteExecutor.java:148)
	at com.kms.katalon.core.main.TestSuiteExecutor.execute(TestSuiteExecutor.java:106)
	at com.kms.katalon.core.main.TestCaseMain.startTestSuite(TestCaseMain.java:180)
	at TempTestSuite1709021200525.run(TempTestSuite1709021200525.groovy:36)
	at java.base/jdk.internal.reflect.NativeMethodAccessorImpl.invoke0(Native Method)
	at java.base/jdk.internal.reflect.NativeMethodAccessorImpl.invoke(NativeMethodAccessorImpl.java:77)
	at java.base/jdk.internal.reflect.DelegatingMethodAccessorImpl.invoke(DelegatingMethodAccessorImpl.java:43)


27-02-2024T13:36:57 - [TEST_STEP][PASSED] - currentElement = provider.get(i): null

27-02-2024T13:36:57 - [TEST_STEP][PASSED] - currentElement.click(): null

27-02-2024T13:36:57 - [TEST_STEP][PASSED] - scrollToPosition(0, 250): Browser is scrolled to position x = 0, y = 250

27-02-2024T13:36:57 - [MESSAGE][PASSED] - Browser is scrolled to position x = 0, y = 250

27-02-2024T13:36:57 - [TEST_STEP][PASSED] - delay(3): Delayed 3 second(s)

27-02-2024T13:37:00 - [MESSAGE][PASSED] - Delayed 3 second(s)

27-02-2024T13:37:00 - [TEST_STEP][PASSED] - scrollToPosition(0, 500): Browser is scrolled to position x = 0, y = 500

27-02-2024T13:37:00 - [MESSAGE][PASSED] - Browser is scrolled to position x = 0, y = 500

27-02-2024T13:37:00 - [TEST_STEP][PASSED] - delay(3): Delayed 3 second(s)

27-02-2024T13:37:03 - [MESSAGE][PASSED] - Delayed 3 second(s)

27-02-2024T13:37:03 - [TEST_STEP][PASSED] - scrollToPosition(0, 750): Browser is scrolled to position x = 0, y = 750

27-02-2024T13:37:03 - [MESSAGE][PASSED] - Browser is scrolled to position x = 0, y = 750

27-02-2024T13:37:03 - [TEST_STEP][PASSED] - delay(3): Delayed 3 second(s)

27-02-2024T13:37:06 - [MESSAGE][PASSED] - Delayed 3 second(s)

27-02-2024T13:37:06 - [TEST_STEP][PASSED] - scrollToPosition(0, 1000): Browser is scrolled to position x = 0, y = 1000

27-02-2024T13:37:06 - [MESSAGE][PASSED] - Browser is scrolled to position x = 0, y = 1000

27-02-2024T13:37:06 - [TEST_STEP][PASSED] - delay(3): Delayed 3 second(s)

27-02-2024T13:37:09 - [MESSAGE][PASSED] - Delayed 3 second(s)

27-02-2024T13:37:09 - [TEST_STEP][PASSED] - scrollToPosition(0, 0): Browser is scrolled to position x = 0, y = 0

27-02-2024T13:37:09 - [MESSAGE][PASSED] - Browser is scrolled to position x = 0, y = 0

27-02-2024T13:37:09 - [TEST_STEP][PASSED] - providerwindow = getWindowTitle(): Current window's title is: 'Haboom - Best Online Casino Games for Real Money'

27-02-2024T13:37:09 - [MESSAGE][PASSED] - Current window's title is: 'Haboom - Best Online Casino Games for Real Money'

27-02-2024T13:37:09 - [TEST_STEP][PASSED] - allgames = getWebDriver().findElements(By.xpath("//div[@class='tile-container' and @bis_skin_checked='1']")): null

27-02-2024T13:37:10 - [TEST_STEP][PASSED] - println(allgames.size()): null

27-02-2024T13:37:10 - [TEST_STEP][PASSED] - for ([j = 0, j < allgames.size(), (j++)]): Delayed 2 second(s)

27-02-2024T13:37:10 - [TEST_STEP][PASSED] - println(j): null

27-02-2024T13:37:10 - [TEST_STEP][PASSED] - playgame = allgames.get(j): null

27-02-2024T13:37:10 - [TEST_STEP][PASSED] - Object = convertWebElementToTestObject(playgame): null

27-02-2024T13:37:10 - [TEST_STEP][PASSED] - scrollToElement(Object, 10): Scroll to object '' successfully

27-02-2024T13:37:10 - [MESSAGE][PASSED] - Scroll to object '' successfully

27-02-2024T13:37:10 - [TEST_STEP][PASSED] - playgame.click(): null

27-02-2024T13:37:10 - [TEST_STEP][PASSED] - delay(2): Delayed 2 second(s)

27-02-2024T13:37:12 - [MESSAGE][PASSED] - Delayed 2 second(s)

27-02-2024T13:37:12 - [TEST_STEP][PASSED] - title = getUrl(): Current window's url is: 'https://haboom.com/d/casino/casino'

27-02-2024T13:37:12 - [MESSAGE][PASSED] - Current window's url is: 'https://haboom.com/d/casino/casino'

27-02-2024T13:37:12 - [TEST_STEP][PASSED] - if (title.contains("notavailable")): null

27-02-2024T13:37:12 - [TEST_STEP][PASSED] - switchToWindowIndex(1): Switched to window with index: '1'

27-02-2024T13:37:12 - [MESSAGE][PASSED] - Switched to window with index: '1'

27-02-2024T13:37:12 - [TEST_STEP][PASSED] - closeWindowIndex(1): Window with index 1 is closed

27-02-2024T13:37:12 - [MESSAGE][PASSED] - Window with index 1 is closed

27-02-2024T13:37:12 - [TEST_STEP][PASSED] - switchToWindowIndex(0): Switched to window with index: '0'

27-02-2024T13:37:12 - [MESSAGE][PASSED] - Switched to window with index: '0'

27-02-2024T13:37:12 - [TEST_STEP][PASSED] - delay(2): Delayed 2 second(s)

27-02-2024T13:37:14 - [MESSAGE][PASSED] - Delayed 2 second(s)

27-02-2024T13:37:14 - [TEST_STEP][PASSED] - println(j): null

27-02-2024T13:37:14 - [TEST_STEP][PASSED] - playgame = allgames.get(j): null

27-02-2024T13:37:14 - [TEST_STEP][PASSED] - Object = convertWebElementToTestObject(playgame): null

27-02-2024T13:37:14 - [TEST_STEP][PASSED] - scrollToElement(Object, 10): Scroll to object '' successfully

27-02-2024T13:37:14 - [MESSAGE][PASSED] - Scroll to object '' successfully

27-02-2024T13:37:14 - [TEST_STEP][PASSED] - playgame.click(): null

27-02-2024T13:37:14 - [TEST_STEP][PASSED] - delay(2): Delayed 2 second(s)

27-02-2024T13:37:16 - [MESSAGE][PASSED] - Delayed 2 second(s)

27-02-2024T13:37:16 - [TEST_STEP][PASSED] - title = getUrl(): Current window's url is: 'https://haboom.com/d/casino/casino'

27-02-2024T13:37:16 - [MESSAGE][PASSED] - Current window's url is: 'https://haboom.com/d/casino/casino'

27-02-2024T13:37:16 - [TEST_STEP][PASSED] - if (title.contains("notavailable")): null

27-02-2024T13:37:16 - [TEST_STEP][PASSED] - switchToWindowIndex(1): Switched to window with index: '1'

27-02-2024T13:37:16 - [MESSAGE][PASSED] - Switched to window with index: '1'

27-02-2024T13:37:16 - [TEST_STEP][PASSED] - closeWindowIndex(1): Window with index 1 is closed

27-02-2024T13:37:16 - [MESSAGE][PASSED] - Window with index 1 is closed

27-02-2024T13:37:16 - [TEST_STEP][PASSED] - switchToWindowIndex(0): Switched to window with index: '0'

27-02-2024T13:37:16 - [MESSAGE][PASSED] - Switched to window with index: '0'

27-02-2024T13:37:16 - [TEST_STEP][PASSED] - delay(2): Delayed 2 second(s)

27-02-2024T13:37:18 - [MESSAGE][PASSED] - Delayed 2 second(s)

27-02-2024T13:37:18 - [TEST_STEP][PASSED] - println(j): null

27-02-2024T13:37:18 - [TEST_STEP][PASSED] - playgame = allgames.get(j): null

27-02-2024T13:37:18 - [TEST_STEP][PASSED] - Object = convertWebElementToTestObject(playgame): null

27-02-2024T13:37:18 - [TEST_STEP][PASSED] - scrollToElement(Object, 10): Scroll to object '' successfully

27-02-2024T13:37:18 - [MESSAGE][PASSED] - Scroll to object '' successfully

27-02-2024T13:37:18 - [TEST_STEP][PASSED] - playgame.click(): null

27-02-2024T13:37:18 - [TEST_STEP][PASSED] - delay(2): Delayed 2 second(s)

27-02-2024T13:37:20 - [MESSAGE][PASSED] - Delayed 2 second(s)

27-02-2024T13:37:20 - [TEST_STEP][PASSED] - title = getUrl(): Current window's url is: 'https://haboom.com/d/casino/casino'

27-02-2024T13:37:20 - [MESSAGE][PASSED] - Current window's url is: 'https://haboom.com/d/casino/casino'

27-02-2024T13:37:20 - [TEST_STEP][PASSED] - if (title.contains("notavailable")): null

27-02-2024T13:37:20 - [TEST_STEP][PASSED] - switchToWindowIndex(1): Switched to window with index: '1'

27-02-2024T13:37:20 - [MESSAGE][PASSED] - Switched to window with index: '1'

27-02-2024T13:37:20 - [TEST_STEP][PASSED] - closeWindowIndex(1): Window with index 1 is closed

27-02-2024T13:37:20 - [MESSAGE][PASSED] - Window with index 1 is closed

27-02-2024T13:37:20 - [TEST_STEP][PASSED] - switchToWindowIndex(0): Switched to window with index: '0'

27-02-2024T13:37:20 - [MESSAGE][PASSED] - Switched to window with index: '0'

27-02-2024T13:37:20 - [TEST_STEP][PASSED] - delay(2): Delayed 2 second(s)

27-02-2024T13:37:22 - [MESSAGE][PASSED] - Delayed 2 second(s)

27-02-2024T13:37:22 - [TEST_STEP][PASSED] - println(j): null

27-02-2024T13:37:22 - [TEST_STEP][PASSED] - playgame = allgames.get(j): null

27-02-2024T13:37:22 - [TEST_STEP][PASSED] - Object = convertWebElementToTestObject(playgame): null

27-02-2024T13:37:22 - [TEST_STEP][PASSED] - scrollToElement(Object, 10): Scroll to object '' successfully

27-02-2024T13:37:22 - [MESSAGE][PASSED] - Scroll to object '' successfully

27-02-2024T13:37:22 - [TEST_STEP][PASSED] - playgame.click(): null

27-02-2024T13:37:22 - [TEST_STEP][PASSED] - delay(2): Delayed 2 second(s)

27-02-2024T13:37:25 - [MESSAGE][PASSED] - Delayed 2 second(s)

27-02-2024T13:37:25 - [TEST_STEP][PASSED] - title = getUrl(): Current window's url is: 'https://haboom.com/d/casino/casino'

27-02-2024T13:37:25 - [MESSAGE][PASSED] - Current window's url is: 'https://haboom.com/d/casino/casino'

27-02-2024T13:37:25 - [TEST_STEP][PASSED] - if (title.contains("notavailable")): null

27-02-2024T13:37:25 - [TEST_STEP][PASSED] - switchToWindowIndex(1): Switched to window with index: '1'

27-02-2024T13:37:25 - [MESSAGE][PASSED] - Switched to window with index: '1'

27-02-2024T13:37:25 - [TEST_STEP][PASSED] - closeWindowIndex(1): Window with index 1 is closed

27-02-2024T13:37:25 - [MESSAGE][PASSED] - Window with index 1 is closed

27-02-2024T13:37:25 - [TEST_STEP][PASSED] - switchToWindowIndex(0): Switched to window with index: '0'

27-02-2024T13:37:25 - [MESSAGE][PASSED] - Switched to window with index: '0'

27-02-2024T13:37:25 - [TEST_STEP][PASSED] - delay(2): Delayed 2 second(s)

27-02-2024T13:37:27 - [MESSAGE][PASSED] - Delayed 2 second(s)

27-02-2024T13:37:27 - [TEST_STEP][PASSED] - println(j): null

27-02-2024T13:37:27 - [TEST_STEP][PASSED] - playgame = allgames.get(j): null

27-02-2024T13:37:27 - [TEST_STEP][PASSED] - Object = convertWebElementToTestObject(playgame): null

27-02-2024T13:37:27 - [TEST_STEP][PASSED] - scrollToElement(Object, 10): Scroll to object '' successfully

27-02-2024T13:37:27 - [MESSAGE][PASSED] - Scroll to object '' successfully

27-02-2024T13:37:27 - [TEST_STEP][PASSED] - playgame.click(): null

27-02-2024T13:37:27 - [TEST_STEP][PASSED] - delay(2): Delayed 2 second(s)

27-02-2024T13:37:29 - [MESSAGE][PASSED] - Delayed 2 second(s)

27-02-2024T13:37:29 - [TEST_STEP][PASSED] - title = getUrl(): Current window's url is: 'https://haboom.com/d/casino/casino'

27-02-2024T13:37:29 - [MESSAGE][PASSED] - Current window's url is: 'https://haboom.com/d/casino/casino'

27-02-2024T13:37:29 - [TEST_STEP][PASSED] - if (title.contains("notavailable")): null

27-02-2024T13:37:29 - [TEST_STEP][PASSED] - switchToWindowIndex(1): Switched to window with index: '1'

27-02-2024T13:37:29 - [MESSAGE][PASSED] - Switched to window with index: '1'

27-02-2024T13:37:29 - [TEST_STEP][PASSED] - closeWindowIndex(1): Window with index 1 is closed

27-02-2024T13:37:29 - [MESSAGE][PASSED] - Window with index 1 is closed

27-02-2024T13:37:29 - [TEST_STEP][PASSED] - switchToWindowIndex(0): Switched to window with index: '0'

27-02-2024T13:37:29 - [MESSAGE][PASSED] - Switched to window with index: '0'

27-02-2024T13:37:29 - [TEST_STEP][PASSED] - delay(2): Delayed 2 second(s)

27-02-2024T13:37:31 - [MESSAGE][PASSED] - Delayed 2 second(s)

27-02-2024T13:37:31 - [TEST_STEP][PASSED] - println(j): null

27-02-2024T13:37:31 - [TEST_STEP][PASSED] - playgame = allgames.get(j): null

27-02-2024T13:37:31 - [TEST_STEP][PASSED] - Object = convertWebElementToTestObject(playgame): null

27-02-2024T13:37:31 - [TEST_STEP][PASSED] - scrollToElement(Object, 10): Scroll to object '' successfully

27-02-2024T13:37:31 - [MESSAGE][PASSED] - Scroll to object '' successfully

27-02-2024T13:37:31 - [TEST_STEP][PASSED] - playgame.click(): null

27-02-2024T13:37:31 - [TEST_STEP][PASSED] - delay(2): Delayed 2 second(s)

27-02-2024T13:37:33 - [MESSAGE][PASSED] - Delayed 2 second(s)

27-02-2024T13:37:33 - [TEST_STEP][PASSED] - title = getUrl(): Current window's url is: 'https://haboom.com/d/casino/casino'

27-02-2024T13:37:33 - [MESSAGE][PASSED] - Current window's url is: 'https://haboom.com/d/casino/casino'

27-02-2024T13:37:33 - [TEST_STEP][PASSED] - if (title.contains("notavailable")): null

27-02-2024T13:37:33 - [TEST_STEP][PASSED] - switchToWindowIndex(1): Switched to window with index: '1'

27-02-2024T13:37:33 - [MESSAGE][PASSED] - Switched to window with index: '1'

27-02-2024T13:37:33 - [TEST_STEP][PASSED] - closeWindowIndex(1): Window with index 1 is closed

27-02-2024T13:37:33 - [MESSAGE][PASSED] - Window with index 1 is closed

27-02-2024T13:37:33 - [TEST_STEP][PASSED] - switchToWindowIndex(0): Switched to window with index: '0'

27-02-2024T13:37:33 - [MESSAGE][PASSED] - Switched to window with index: '0'

27-02-2024T13:37:33 - [TEST_STEP][PASSED] - delay(2): Delayed 2 second(s)

27-02-2024T13:37:35 - [MESSAGE][PASSED] - Delayed 2 second(s)

27-02-2024T13:37:35 - [TEST_STEP][PASSED] - println(j): null

27-02-2024T13:37:35 - [TEST_STEP][PASSED] - playgame = allgames.get(j): null

27-02-2024T13:37:35 - [TEST_STEP][PASSED] - Object = convertWebElementToTestObject(playgame): null

27-02-2024T13:37:35 - [TEST_STEP][PASSED] - scrollToElement(Object, 10): Scroll to object '' successfully

27-02-2024T13:37:35 - [MESSAGE][PASSED] - Scroll to object '' successfully

27-02-2024T13:37:35 - [TEST_STEP][PASSED] - playgame.click(): null

27-02-2024T13:37:35 - [TEST_STEP][PASSED] - delay(2): Delayed 2 second(s)

27-02-2024T13:37:37 - [MESSAGE][PASSED] - Delayed 2 second(s)

27-02-2024T13:37:37 - [TEST_STEP][PASSED] - title = getUrl(): Current window's url is: 'https://haboom.com/d/casino/casino'

27-02-2024T13:37:37 - [MESSAGE][PASSED] - Current window's url is: 'https://haboom.com/d/casino/casino'

27-02-2024T13:37:37 - [TEST_STEP][PASSED] - if (title.contains("notavailable")): null

27-02-2024T13:37:37 - [TEST_STEP][PASSED] - switchToWindowIndex(1): Switched to window with index: '1'

27-02-2024T13:37:37 - [MESSAGE][PASSED] - Switched to window with index: '1'

27-02-2024T13:37:37 - [TEST_STEP][PASSED] - closeWindowIndex(1): Window with index 1 is closed

27-02-2024T13:37:37 - [MESSAGE][PASSED] - Window with index 1 is closed

27-02-2024T13:37:37 - [TEST_STEP][PASSED] - switchToWindowIndex(0): Switched to window with index: '0'

27-02-2024T13:37:37 - [MESSAGE][PASSED] - Switched to window with index: '0'

27-02-2024T13:37:37 - [TEST_STEP][PASSED] - delay(2): Delayed 2 second(s)

27-02-2024T13:37:39 - [MESSAGE][PASSED] - Delayed 2 second(s)

27-02-2024T13:37:39 - [TEST_STEP][PASSED] - println(j): null

27-02-2024T13:37:39 - [TEST_STEP][PASSED] - playgame = allgames.get(j): null

27-02-2024T13:37:39 - [TEST_STEP][PASSED] - Object = convertWebElementToTestObject(playgame): null

27-02-2024T13:37:39 - [TEST_STEP][PASSED] - scrollToElement(Object, 10): Scroll to object '' successfully

27-02-2024T13:37:39 - [MESSAGE][PASSED] - Scroll to object '' successfully

27-02-2024T13:37:39 - [TEST_STEP][PASSED] - playgame.click(): null

27-02-2024T13:37:39 - [TEST_STEP][PASSED] - delay(2): Delayed 2 second(s)

27-02-2024T13:37:41 - [MESSAGE][PASSED] - Delayed 2 second(s)

27-02-2024T13:37:41 - [TEST_STEP][PASSED] - title = getUrl(): Current window's url is: 'https://haboom.com/d/casino/casino'

27-02-2024T13:37:41 - [MESSAGE][PASSED] - Current window's url is: 'https://haboom.com/d/casino/casino'

27-02-2024T13:37:41 - [TEST_STEP][PASSED] - if (title.contains("notavailable")): null

27-02-2024T13:37:41 - [TEST_STEP][PASSED] - switchToWindowIndex(1): Switched to window with index: '1'

27-02-2024T13:37:41 - [MESSAGE][PASSED] - Switched to window with index: '1'

27-02-2024T13:37:41 - [TEST_STEP][PASSED] - closeWindowIndex(1): Window with index 1 is closed

27-02-2024T13:37:41 - [MESSAGE][PASSED] - Window with index 1 is closed

27-02-2024T13:37:41 - [TEST_STEP][PASSED] - switchToWindowIndex(0): Switched to window with index: '0'

27-02-2024T13:37:41 - [MESSAGE][PASSED] - Switched to window with index: '0'

27-02-2024T13:37:41 - [TEST_STEP][PASSED] - delay(2): Delayed 2 second(s)

27-02-2024T13:37:43 - [MESSAGE][PASSED] - Delayed 2 second(s)

27-02-2024T13:37:43 - [TEST_STEP][PASSED] - println(j): null

27-02-2024T13:37:43 - [TEST_STEP][PASSED] - playgame = allgames.get(j): null

27-02-2024T13:37:43 - [TEST_STEP][PASSED] - Object = convertWebElementToTestObject(playgame): null

27-02-2024T13:37:43 - [TEST_STEP][PASSED] - scrollToElement(Object, 10): Scroll to object '' successfully

27-02-2024T13:37:43 - [MESSAGE][PASSED] - Scroll to object '' successfully

27-02-2024T13:37:43 - [TEST_STEP][PASSED] - playgame.click(): null

27-02-2024T13:37:44 - [TEST_STEP][PASSED] - delay(2): Delayed 2 second(s)

27-02-2024T13:37:46 - [MESSAGE][PASSED] - Delayed 2 second(s)

27-02-2024T13:37:46 - [TEST_STEP][PASSED] - title = getUrl(): Current window's url is: 'https://haboom.com/d/casino/casino'

27-02-2024T13:37:46 - [MESSAGE][PASSED] - Current window's url is: 'https://haboom.com/d/casino/casino'

27-02-2024T13:37:46 - [TEST_STEP][PASSED] - if (title.contains("notavailable")): null

27-02-2024T13:37:46 - [TEST_STEP][PASSED] - switchToWindowIndex(1): Switched to window with index: '1'

27-02-2024T13:37:46 - [MESSAGE][PASSED] - Switched to window with index: '1'

27-02-2024T13:37:46 - [TEST_STEP][PASSED] - closeWindowIndex(1): Window with index 1 is closed

27-02-2024T13:37:46 - [MESSAGE][PASSED] - Window with index 1 is closed

27-02-2024T13:37:46 - [TEST_STEP][PASSED] - switchToWindowIndex(0): Switched to window with index: '0'

27-02-2024T13:37:46 - [MESSAGE][PASSED] - Switched to window with index: '0'

27-02-2024T13:37:46 - [TEST_STEP][PASSED] - delay(2): Delayed 2 second(s)

27-02-2024T13:37:48 - [MESSAGE][PASSED] - Delayed 2 second(s)

27-02-2024T13:37:48 - [TEST_STEP][PASSED] - println(j): null

27-02-2024T13:37:48 - [TEST_STEP][PASSED] - playgame = allgames.get(j): null

27-02-2024T13:37:48 - [TEST_STEP][PASSED] - Object = convertWebElementToTestObject(playgame): null

27-02-2024T13:37:48 - [TEST_STEP][PASSED] - scrollToElement(Object, 10): Scroll to object '' successfully

27-02-2024T13:37:48 - [MESSAGE][PASSED] - Scroll to object '' successfully

27-02-2024T13:37:48 - [TEST_STEP][PASSED] - playgame.click(): null

27-02-2024T13:37:48 - [TEST_STEP][PASSED] - delay(2): Delayed 2 second(s)

27-02-2024T13:37:50 - [MESSAGE][PASSED] - Delayed 2 second(s)

27-02-2024T13:37:50 - [TEST_STEP][PASSED] - title = getUrl(): Current window's url is: 'https://haboom.com/d/casino/casino'

27-02-2024T13:37:50 - [MESSAGE][PASSED] - Current window's url is: 'https://haboom.com/d/casino/casino'

27-02-2024T13:37:50 - [TEST_STEP][PASSED] - if (title.contains("notavailable")): null

27-02-2024T13:37:50 - [TEST_STEP][PASSED] - switchToWindowIndex(1): Switched to window with index: '1'

27-02-2024T13:37:50 - [MESSAGE][PASSED] - Switched to window with index: '1'

27-02-2024T13:37:50 - [TEST_STEP][PASSED] - closeWindowIndex(1): Window with index 1 is closed

27-02-2024T13:37:50 - [MESSAGE][PASSED] - Window with index 1 is closed

27-02-2024T13:37:50 - [TEST_STEP][PASSED] - switchToWindowIndex(0): Switched to window with index: '0'

27-02-2024T13:37:50 - [MESSAGE][PASSED] - Switched to window with index: '0'

27-02-2024T13:37:50 - [TEST_STEP][PASSED] - delay(2): Delayed 2 second(s)

27-02-2024T13:37:52 - [MESSAGE][PASSED] - Delayed 2 second(s)

27-02-2024T13:37:52 - [TEST_STEP][PASSED] - println(j): null

27-02-2024T13:37:52 - [TEST_STEP][PASSED] - playgame = allgames.get(j): null

27-02-2024T13:37:52 - [TEST_STEP][PASSED] - Object = convertWebElementToTestObject(playgame): null

27-02-2024T13:37:52 - [TEST_STEP][PASSED] - scrollToElement(Object, 10): Scroll to object '' successfully

27-02-2024T13:37:52 - [MESSAGE][PASSED] - Scroll to object '' successfully

27-02-2024T13:37:52 - [TEST_STEP][PASSED] - playgame.click(): null

27-02-2024T13:37:52 - [TEST_STEP][PASSED] - delay(2): Delayed 2 second(s)

27-02-2024T13:37:54 - [MESSAGE][PASSED] - Delayed 2 second(s)

27-02-2024T13:37:54 - [TEST_STEP][PASSED] - title = getUrl(): Current window's url is: 'https://haboom.com/d/casino/casino'

27-02-2024T13:37:54 - [MESSAGE][PASSED] - Current window's url is: 'https://haboom.com/d/casino/casino'

27-02-2024T13:37:54 - [TEST_STEP][PASSED] - if (title.contains("notavailable")): null

27-02-2024T13:37:54 - [TEST_STEP][PASSED] - switchToWindowIndex(1): Switched to window with index: '1'

27-02-2024T13:37:54 - [MESSAGE][PASSED] - Switched to window with index: '1'

27-02-2024T13:37:54 - [TEST_STEP][PASSED] - closeWindowIndex(1): Window with index 1 is closed

27-02-2024T13:37:54 - [MESSAGE][PASSED] - Window with index 1 is closed

27-02-2024T13:37:54 - [TEST_STEP][PASSED] - switchToWindowIndex(0): Switched to window with index: '0'

27-02-2024T13:37:54 - [MESSAGE][PASSED] - Switched to window with index: '0'

27-02-2024T13:37:54 - [TEST_STEP][PASSED] - delay(2): Delayed 2 second(s)

27-02-2024T13:37:56 - [MESSAGE][PASSED] - Delayed 2 second(s)

27-02-2024T13:37:56 - [TEST_STEP][PASSED] - println(j): null

27-02-2024T13:37:56 - [TEST_STEP][PASSED] - playgame = allgames.get(j): null

27-02-2024T13:37:56 - [TEST_STEP][PASSED] - Object = convertWebElementToTestObject(playgame): null

27-02-2024T13:37:56 - [TEST_STEP][PASSED] - scrollToElement(Object, 10): Scroll to object '' successfully

27-02-2024T13:37:56 - [MESSAGE][PASSED] - Scroll to object '' successfully

27-02-2024T13:37:56 - [TEST_STEP][PASSED] - playgame.click(): null

27-02-2024T13:37:56 - [TEST_STEP][PASSED] - delay(2): Delayed 2 second(s)

27-02-2024T13:37:58 - [MESSAGE][PASSED] - Delayed 2 second(s)

27-02-2024T13:37:58 - [TEST_STEP][PASSED] - title = getUrl(): Current window's url is: 'https://haboom.com/d/casino/casino'

27-02-2024T13:37:58 - [MESSAGE][PASSED] - Current window's url is: 'https://haboom.com/d/casino/casino'

27-02-2024T13:37:58 - [TEST_STEP][PASSED] - if (title.contains("notavailable")): null

27-02-2024T13:37:58 - [TEST_STEP][PASSED] - switchToWindowIndex(1): Switched to window with index: '1'

27-02-2024T13:37:58 - [MESSAGE][PASSED] - Switched to window with index: '1'

27-02-2024T13:37:58 - [TEST_STEP][PASSED] - closeWindowIndex(1): Window with index 1 is closed

27-02-2024T13:37:58 - [MESSAGE][PASSED] - Window with index 1 is closed

27-02-2024T13:37:58 - [TEST_STEP][PASSED] - switchToWindowIndex(0): Switched to window with index: '0'

27-02-2024T13:37:58 - [MESSAGE][PASSED] - Switched to window with index: '0'

27-02-2024T13:37:58 - [TEST_STEP][PASSED] - delay(2): Delayed 2 second(s)

27-02-2024T13:38:00 - [MESSAGE][PASSED] - Delayed 2 second(s)

27-02-2024T13:38:00 - [TEST_STEP][PASSED] - println(j): null

27-02-2024T13:38:00 - [TEST_STEP][PASSED] - playgame = allgames.get(j): null

27-02-2024T13:38:00 - [TEST_STEP][PASSED] - Object = convertWebElementToTestObject(playgame): null

27-02-2024T13:38:00 - [TEST_STEP][PASSED] - scrollToElement(Object, 10): Scroll to object '' successfully

27-02-2024T13:38:00 - [MESSAGE][PASSED] - Scroll to object '' successfully

27-02-2024T13:38:00 - [TEST_STEP][PASSED] - playgame.click(): null

27-02-2024T13:38:00 - [TEST_STEP][PASSED] - delay(2): Delayed 2 second(s)

27-02-2024T13:38:02 - [MESSAGE][PASSED] - Delayed 2 second(s)

27-02-2024T13:38:02 - [TEST_STEP][PASSED] - title = getUrl(): Current window's url is: 'https://haboom.com/d/casino/casino'

27-02-2024T13:38:02 - [MESSAGE][PASSED] - Current window's url is: 'https://haboom.com/d/casino/casino'

27-02-2024T13:38:02 - [TEST_STEP][PASSED] - if (title.contains("notavailable")): null

27-02-2024T13:38:02 - [TEST_STEP][PASSED] - switchToWindowIndex(1): Switched to window with index: '1'

27-02-2024T13:38:02 - [MESSAGE][PASSED] - Switched to window with index: '1'

27-02-2024T13:38:02 - [TEST_STEP][PASSED] - closeWindowIndex(1): Window with index 1 is closed

27-02-2024T13:38:02 - [MESSAGE][PASSED] - Window with index 1 is closed

27-02-2024T13:38:02 - [TEST_STEP][PASSED] - switchToWindowIndex(0): Switched to window with index: '0'

27-02-2024T13:38:02 - [MESSAGE][PASSED] - Switched to window with index: '0'

27-02-2024T13:38:02 - [TEST_STEP][PASSED] - delay(2): Delayed 2 second(s)

27-02-2024T13:38:04 - [MESSAGE][PASSED] - Delayed 2 second(s)

27-02-2024T13:38:04 - [TEST_STEP][PASSED] - println(j): null

27-02-2024T13:38:04 - [TEST_STEP][PASSED] - playgame = allgames.get(j): null

27-02-2024T13:38:04 - [TEST_STEP][PASSED] - Object = convertWebElementToTestObject(playgame): null

27-02-2024T13:38:04 - [TEST_STEP][PASSED] - scrollToElement(Object, 10): Scroll to object '' successfully

27-02-2024T13:38:04 - [MESSAGE][PASSED] - Scroll to object '' successfully

27-02-2024T13:38:04 - [TEST_STEP][PASSED] - playgame.click(): null

27-02-2024T13:38:04 - [TEST_STEP][PASSED] - delay(2): Delayed 2 second(s)

27-02-2024T13:38:06 - [MESSAGE][PASSED] - Delayed 2 second(s)

27-02-2024T13:38:06 - [TEST_STEP][PASSED] - title = getUrl(): Current window's url is: 'https://haboom.com/d/casino/casino'

27-02-2024T13:38:06 - [MESSAGE][PASSED] - Current window's url is: 'https://haboom.com/d/casino/casino'

27-02-2024T13:38:06 - [TEST_STEP][PASSED] - if (title.contains("notavailable")): null

27-02-2024T13:38:06 - [TEST_STEP][PASSED] - switchToWindowIndex(1): Switched to window with index: '1'

27-02-2024T13:38:06 - [MESSAGE][PASSED] - Switched to window with index: '1'

27-02-2024T13:38:06 - [TEST_STEP][PASSED] - closeWindowIndex(1): Window with index 1 is closed

27-02-2024T13:38:06 - [MESSAGE][PASSED] - Window with index 1 is closed

27-02-2024T13:38:06 - [TEST_STEP][PASSED] - switchToWindowIndex(0): Switched to window with index: '0'

27-02-2024T13:38:06 - [MESSAGE][PASSED] - Switched to window with index: '0'

27-02-2024T13:38:06 - [TEST_STEP][PASSED] - delay(2): Delayed 2 second(s)

27-02-2024T13:38:08 - [MESSAGE][PASSED] - Delayed 2 second(s)

27-02-2024T13:38:08 - [TEST_STEP][PASSED] - println(j): null

27-02-2024T13:38:08 - [TEST_STEP][PASSED] - playgame = allgames.get(j): null

27-02-2024T13:38:08 - [TEST_STEP][PASSED] - Object = convertWebElementToTestObject(playgame): null

27-02-2024T13:38:08 - [TEST_STEP][PASSED] - scrollToElement(Object, 10): Scroll to object '' successfully

27-02-2024T13:38:09 - [MESSAGE][PASSED] - Scroll to object '' successfully

27-02-2024T13:38:09 - [TEST_STEP][PASSED] - playgame.click(): null

27-02-2024T13:38:09 - [TEST_STEP][PASSED] - delay(2): Delayed 2 second(s)

27-02-2024T13:38:11 - [MESSAGE][PASSED] - Delayed 2 second(s)

27-02-2024T13:38:11 - [TEST_STEP][PASSED] - title = getUrl(): Current window's url is: 'https://haboom.com/d/casino/casino'

27-02-2024T13:38:11 - [MESSAGE][PASSED] - Current window's url is: 'https://haboom.com/d/casino/casino'

27-02-2024T13:38:11 - [TEST_STEP][PASSED] - if (title.contains("notavailable")): null

27-02-2024T13:38:11 - [TEST_STEP][PASSED] - switchToWindowIndex(1): Switched to window with index: '1'

27-02-2024T13:38:11 - [MESSAGE][PASSED] - Switched to window with index: '1'

27-02-2024T13:38:11 - [TEST_STEP][PASSED] - closeWindowIndex(1): Window with index 1 is closed

27-02-2024T13:38:11 - [MESSAGE][PASSED] - Window with index 1 is closed

27-02-2024T13:38:11 - [TEST_STEP][PASSED] - switchToWindowIndex(0): Switched to window with index: '0'

27-02-2024T13:38:11 - [MESSAGE][PASSED] - Switched to window with index: '0'

27-02-2024T13:38:11 - [TEST_STEP][PASSED] - delay(2): Delayed 2 second(s)

27-02-2024T13:38:13 - [MESSAGE][PASSED] - Delayed 2 second(s)

27-02-2024T13:38:13 - [TEST_STEP][PASSED] - println(j): null

27-02-2024T13:38:13 - [TEST_STEP][PASSED] - playgame = allgames.get(j): null

27-02-2024T13:38:13 - [TEST_STEP][PASSED] - Object = convertWebElementToTestObject(playgame): null

27-02-2024T13:38:13 - [TEST_STEP][PASSED] - scrollToElement(Object, 10): Scroll to object '' successfully

27-02-2024T13:38:13 - [MESSAGE][PASSED] - Scroll to object '' successfully

27-02-2024T13:38:13 - [TEST_STEP][PASSED] - playgame.click(): null

27-02-2024T13:38:13 - [TEST_STEP][PASSED] - delay(2): Delayed 2 second(s)

27-02-2024T13:38:15 - [MESSAGE][PASSED] - Delayed 2 second(s)

27-02-2024T13:38:15 - [TEST_STEP][PASSED] - title = getUrl(): Current window's url is: 'https://haboom.com/d/casino/casino'

27-02-2024T13:38:15 - [MESSAGE][PASSED] - Current window's url is: 'https://haboom.com/d/casino/casino'

27-02-2024T13:38:15 - [TEST_STEP][PASSED] - if (title.contains("notavailable")): null

27-02-2024T13:38:15 - [TEST_STEP][PASSED] - switchToWindowIndex(1): Switched to window with index: '1'

27-02-2024T13:38:15 - [MESSAGE][PASSED] - Switched to window with index: '1'

27-02-2024T13:38:15 - [TEST_STEP][PASSED] - closeWindowIndex(1): Window with index 1 is closed

27-02-2024T13:38:15 - [MESSAGE][PASSED] - Window with index 1 is closed

27-02-2024T13:38:15 - [TEST_STEP][PASSED] - switchToWindowIndex(0): Switched to window with index: '0'

27-02-2024T13:38:15 - [MESSAGE][PASSED] - Switched to window with index: '0'

27-02-2024T13:38:15 - [TEST_STEP][PASSED] - delay(2): Delayed 2 second(s)

27-02-2024T13:38:17 - [MESSAGE][PASSED] - Delayed 2 second(s)

27-02-2024T13:38:17 - [TEST_STEP][PASSED] - println(j): null

27-02-2024T13:38:17 - [TEST_STEP][PASSED] - playgame = allgames.get(j): null

27-02-2024T13:38:17 - [TEST_STEP][PASSED] - Object = convertWebElementToTestObject(playgame): null

27-02-2024T13:38:17 - [TEST_STEP][PASSED] - scrollToElement(Object, 10): Scroll to object '' successfully

27-02-2024T13:38:17 - [MESSAGE][PASSED] - Scroll to object '' successfully

27-02-2024T13:38:17 - [TEST_STEP][PASSED] - playgame.click(): null

27-02-2024T13:38:17 - [TEST_STEP][PASSED] - delay(2): Delayed 2 second(s)

27-02-2024T13:38:19 - [MESSAGE][PASSED] - Delayed 2 second(s)

27-02-2024T13:38:19 - [TEST_STEP][PASSED] - title = getUrl(): Current window's url is: 'https://haboom.com/d/casino/casino'

27-02-2024T13:38:19 - [MESSAGE][PASSED] - Current window's url is: 'https://haboom.com/d/casino/casino'

27-02-2024T13:38:19 - [TEST_STEP][PASSED] - if (title.contains("notavailable")): null

27-02-2024T13:38:19 - [TEST_STEP][PASSED] - switchToWindowIndex(1): Switched to window with index: '1'

27-02-2024T13:38:19 - [MESSAGE][PASSED] - Switched to window with index: '1'

27-02-2024T13:38:19 - [TEST_STEP][PASSED] - closeWindowIndex(1): Window with index 1 is closed

27-02-2024T13:38:19 - [MESSAGE][PASSED] - Window with index 1 is closed

27-02-2024T13:38:19 - [TEST_STEP][PASSED] - switchToWindowIndex(0): Switched to window with index: '0'

27-02-2024T13:38:19 - [MESSAGE][PASSED] - Switched to window with index: '0'

27-02-2024T13:38:19 - [TEST_STEP][PASSED] - delay(2): Delayed 2 second(s)

27-02-2024T13:38:21 - [MESSAGE][PASSED] - Delayed 2 second(s)

27-02-2024T13:38:21 - [TEST_STEP][PASSED] - println(j): null

27-02-2024T13:38:21 - [TEST_STEP][PASSED] - playgame = allgames.get(j): null

27-02-2024T13:38:21 - [TEST_STEP][PASSED] - Object = convertWebElementToTestObject(playgame): null

27-02-2024T13:38:21 - [TEST_STEP][PASSED] - scrollToElement(Object, 10): Scroll to object '' successfully

27-02-2024T13:38:21 - [MESSAGE][PASSED] - Scroll to object '' successfully

27-02-2024T13:38:21 - [TEST_STEP][PASSED] - playgame.click(): null

27-02-2024T13:38:21 - [TEST_STEP][PASSED] - delay(2): Delayed 2 second(s)

27-02-2024T13:38:23 - [MESSAGE][PASSED] - Delayed 2 second(s)

27-02-2024T13:38:23 - [TEST_STEP][PASSED] - title = getUrl(): Current window's url is: 'https://haboom.com/d/casino/casino'

27-02-2024T13:38:23 - [MESSAGE][PASSED] - Current window's url is: 'https://haboom.com/d/casino/casino'

27-02-2024T13:38:23 - [TEST_STEP][PASSED] - if (title.contains("notavailable")): null

27-02-2024T13:38:23 - [TEST_STEP][PASSED] - switchToWindowIndex(1): Switched to window with index: '1'

27-02-2024T13:38:23 - [MESSAGE][PASSED] - Switched to window with index: '1'

27-02-2024T13:38:23 - [TEST_STEP][PASSED] - closeWindowIndex(1): Window with index 1 is closed

27-02-2024T13:38:23 - [MESSAGE][PASSED] - Window with index 1 is closed

27-02-2024T13:38:23 - [TEST_STEP][PASSED] - switchToWindowIndex(0): Switched to window with index: '0'

27-02-2024T13:38:23 - [MESSAGE][PASSED] - Switched to window with index: '0'

27-02-2024T13:38:23 - [TEST_STEP][PASSED] - delay(2): Delayed 2 second(s)

27-02-2024T13:38:25 - [MESSAGE][PASSED] - Delayed 2 second(s)

27-02-2024T13:38:25 - [TEST_STEP][PASSED] - println(j): null

27-02-2024T13:38:25 - [TEST_STEP][PASSED] - playgame = allgames.get(j): null

27-02-2024T13:38:25 - [TEST_STEP][PASSED] - Object = convertWebElementToTestObject(playgame): null

27-02-2024T13:38:25 - [TEST_STEP][PASSED] - scrollToElement(Object, 10): Scroll to object '' successfully

27-02-2024T13:38:25 - [MESSAGE][PASSED] - Scroll to object '' successfully

27-02-2024T13:38:25 - [TEST_STEP][PASSED] - playgame.click(): null

27-02-2024T13:38:25 - [TEST_STEP][PASSED] - delay(2): Delayed 2 second(s)

27-02-2024T13:38:27 - [MESSAGE][PASSED] - Delayed 2 second(s)

27-02-2024T13:38:27 - [TEST_STEP][PASSED] - title = getUrl(): Current window's url is: 'https://haboom.com/d/casino/casino'

27-02-2024T13:38:27 - [MESSAGE][PASSED] - Current window's url is: 'https://haboom.com/d/casino/casino'

27-02-2024T13:38:27 - [TEST_STEP][PASSED] - if (title.contains("notavailable")): null

27-02-2024T13:38:27 - [TEST_STEP][PASSED] - switchToWindowIndex(1): Switched to window with index: '1'

27-02-2024T13:38:27 - [MESSAGE][PASSED] - Switched to window with index: '1'

27-02-2024T13:38:27 - [TEST_STEP][PASSED] - closeWindowIndex(1): Window with index 1 is closed

27-02-2024T13:38:27 - [MESSAGE][PASSED] - Window with index 1 is closed

27-02-2024T13:38:27 - [TEST_STEP][PASSED] - switchToWindowIndex(0): Switched to window with index: '0'

27-02-2024T13:38:27 - [MESSAGE][PASSED] - Switched to window with index: '0'

27-02-2024T13:38:27 - [TEST_STEP][PASSED] - delay(2): Delayed 2 second(s)

27-02-2024T13:38:29 - [MESSAGE][PASSED] - Delayed 2 second(s)

27-02-2024T13:38:29 - [TEST_STEP][PASSED] - println(j): null

27-02-2024T13:38:29 - [TEST_STEP][PASSED] - playgame = allgames.get(j): null

27-02-2024T13:38:29 - [TEST_STEP][PASSED] - Object = convertWebElementToTestObject(playgame): null

27-02-2024T13:38:30 - [TEST_STEP][PASSED] - scrollToElement(Object, 10): Scroll to object '' successfully

27-02-2024T13:38:30 - [MESSAGE][PASSED] - Scroll to object '' successfully

27-02-2024T13:38:30 - [TEST_STEP][PASSED] - playgame.click(): null

27-02-2024T13:38:30 - [TEST_STEP][PASSED] - delay(2): Delayed 2 second(s)

27-02-2024T13:38:32 - [MESSAGE][PASSED] - Delayed 2 second(s)

27-02-2024T13:38:32 - [TEST_STEP][PASSED] - title = getUrl(): Current window's url is: 'https://haboom.com/d/casino/casino'

27-02-2024T13:38:32 - [MESSAGE][PASSED] - Current window's url is: 'https://haboom.com/d/casino/casino'

27-02-2024T13:38:32 - [TEST_STEP][PASSED] - if (title.contains("notavailable")): null

27-02-2024T13:38:32 - [TEST_STEP][PASSED] - switchToWindowIndex(1): Switched to window with index: '1'

27-02-2024T13:38:32 - [MESSAGE][PASSED] - Switched to window with index: '1'

27-02-2024T13:38:32 - [TEST_STEP][PASSED] - closeWindowIndex(1): Window with index 1 is closed

27-02-2024T13:38:32 - [MESSAGE][PASSED] - Window with index 1 is closed

27-02-2024T13:38:32 - [TEST_STEP][PASSED] - switchToWindowIndex(0): Switched to window with index: '0'

27-02-2024T13:38:32 - [MESSAGE][PASSED] - Switched to window with index: '0'

27-02-2024T13:38:32 - [TEST_STEP][PASSED] - delay(2): Delayed 2 second(s)

27-02-2024T13:38:34 - [MESSAGE][PASSED] - Delayed 2 second(s)

27-02-2024T13:38:34 - [TEST_STEP][PASSED] - println(j): null

27-02-2024T13:38:34 - [TEST_STEP][PASSED] - playgame = allgames.get(j): null

27-02-2024T13:38:34 - [TEST_STEP][PASSED] - Object = convertWebElementToTestObject(playgame): null

27-02-2024T13:38:34 - [TEST_STEP][PASSED] - scrollToElement(Object, 10): Scroll to object '' successfully

27-02-2024T13:38:34 - [MESSAGE][PASSED] - Scroll to object '' successfully

27-02-2024T13:38:34 - [TEST_STEP][PASSED] - playgame.click(): null

27-02-2024T13:38:34 - [TEST_STEP][PASSED] - delay(2): Delayed 2 second(s)

27-02-2024T13:38:36 - [MESSAGE][PASSED] - Delayed 2 second(s)

27-02-2024T13:38:36 - [TEST_STEP][PASSED] - title = getUrl(): Current window's url is: 'https://haboom.com/d/casino/casino'

27-02-2024T13:38:36 - [MESSAGE][PASSED] - Current window's url is: 'https://haboom.com/d/casino/casino'

27-02-2024T13:38:36 - [TEST_STEP][PASSED] - if (title.contains("notavailable")): null

27-02-2024T13:38:36 - [TEST_STEP][PASSED] - switchToWindowIndex(1): Switched to window with index: '1'

27-02-2024T13:38:36 - [MESSAGE][PASSED] - Switched to window with index: '1'

27-02-2024T13:38:36 - [TEST_STEP][PASSED] - closeWindowIndex(1): Window with index 1 is closed

27-02-2024T13:38:36 - [MESSAGE][PASSED] - Window with index 1 is closed

27-02-2024T13:38:36 - [TEST_STEP][PASSED] - switchToWindowIndex(0): Switched to window with index: '0'

27-02-2024T13:38:36 - [MESSAGE][PASSED] - Switched to window with index: '0'

27-02-2024T13:38:36 - [TEST_STEP][PASSED] - delay(2): Delayed 2 second(s)

27-02-2024T13:38:38 - [MESSAGE][PASSED] - Delayed 2 second(s)

27-02-2024T13:38:38 - [TEST_STEP][PASSED] - println(j): null

27-02-2024T13:38:38 - [TEST_STEP][PASSED] - playgame = allgames.get(j): null

27-02-2024T13:38:38 - [TEST_STEP][PASSED] - Object = convertWebElementToTestObject(playgame): null

27-02-2024T13:38:38 - [TEST_STEP][PASSED] - scrollToElement(Object, 10): Scroll to object '' successfully

27-02-2024T13:38:38 - [MESSAGE][PASSED] - Scroll to object '' successfully

27-02-2024T13:38:38 - [TEST_STEP][PASSED] - playgame.click(): null

27-02-2024T13:38:38 - [TEST_STEP][PASSED] - delay(2): Delayed 2 second(s)

27-02-2024T13:38:40 - [MESSAGE][PASSED] - Delayed 2 second(s)

27-02-2024T13:38:40 - [TEST_STEP][PASSED] - title = getUrl(): Current window's url is: 'https://haboom.com/d/casino/casino'

27-02-2024T13:38:40 - [MESSAGE][PASSED] - Current window's url is: 'https://haboom.com/d/casino/casino'

27-02-2024T13:38:40 - [TEST_STEP][PASSED] - if (title.contains("notavailable")): null

27-02-2024T13:38:40 - [TEST_STEP][PASSED] - switchToWindowIndex(1): Switched to window with index: '1'

27-02-2024T13:38:40 - [MESSAGE][PASSED] - Switched to window with index: '1'

27-02-2024T13:38:40 - [TEST_STEP][PASSED] - closeWindowIndex(1): Window with index 1 is closed

27-02-2024T13:38:40 - [MESSAGE][PASSED] - Window with index 1 is closed

27-02-2024T13:38:40 - [TEST_STEP][PASSED] - switchToWindowIndex(0): Switched to window with index: '0'

27-02-2024T13:38:40 - [MESSAGE][PASSED] - Switched to window with index: '0'

27-02-2024T13:38:40 - [TEST_STEP][PASSED] - delay(2): Delayed 2 second(s)

27-02-2024T13:38:42 - [MESSAGE][PASSED] - Delayed 2 second(s)

27-02-2024T13:38:42 - [TEST_STEP][PASSED] - println(j): null

27-02-2024T13:38:42 - [TEST_STEP][PASSED] - playgame = allgames.get(j): null

27-02-2024T13:38:42 - [TEST_STEP][PASSED] - Object = convertWebElementToTestObject(playgame): null

27-02-2024T13:38:42 - [TEST_STEP][PASSED] - scrollToElement(Object, 10): Scroll to object '' successfully

27-02-2024T13:38:42 - [MESSAGE][PASSED] - Scroll to object '' successfully

27-02-2024T13:38:42 - [TEST_STEP][PASSED] - playgame.click(): null

27-02-2024T13:38:42 - [TEST_STEP][PASSED] - delay(2): Delayed 2 second(s)

27-02-2024T13:38:44 - [MESSAGE][PASSED] - Delayed 2 second(s)

27-02-2024T13:38:44 - [TEST_STEP][PASSED] - title = getUrl(): Current window's url is: 'https://haboom.com/d/casino/casino'

27-02-2024T13:38:44 - [MESSAGE][PASSED] - Current window's url is: 'https://haboom.com/d/casino/casino'

27-02-2024T13:38:44 - [TEST_STEP][PASSED] - if (title.contains("notavailable")): null

27-02-2024T13:38:44 - [TEST_STEP][PASSED] - switchToWindowIndex(1): Switched to window with index: '1'

27-02-2024T13:38:44 - [MESSAGE][PASSED] - Switched to window with index: '1'

27-02-2024T13:38:44 - [TEST_STEP][PASSED] - closeWindowIndex(1): Window with index 1 is closed

27-02-2024T13:38:44 - [MESSAGE][PASSED] - Window with index 1 is closed

27-02-2024T13:38:44 - [TEST_STEP][PASSED] - switchToWindowIndex(0): Switched to window with index: '0'

27-02-2024T13:38:44 - [MESSAGE][PASSED] - Switched to window with index: '0'

27-02-2024T13:38:44 - [TEST_STEP][PASSED] - delay(2): Delayed 2 second(s)

27-02-2024T13:38:46 - [MESSAGE][PASSED] - Delayed 2 second(s)

27-02-2024T13:38:46 - [TEST_STEP][PASSED] - println(j): null

27-02-2024T13:38:46 - [TEST_STEP][PASSED] - playgame = allgames.get(j): null

27-02-2024T13:38:46 - [TEST_STEP][PASSED] - Object = convertWebElementToTestObject(playgame): null

27-02-2024T13:38:46 - [TEST_STEP][PASSED] - scrollToElement(Object, 10): Scroll to object '' successfully

27-02-2024T13:38:46 - [MESSAGE][PASSED] - Scroll to object '' successfully

27-02-2024T13:38:46 - [TEST_STEP][PASSED] - playgame.click(): null

27-02-2024T13:38:46 - [TEST_STEP][PASSED] - delay(2): Delayed 2 second(s)

27-02-2024T13:38:48 - [MESSAGE][PASSED] - Delayed 2 second(s)

27-02-2024T13:38:48 - [TEST_STEP][PASSED] - title = getUrl(): Current window's url is: 'https://haboom.com/d/casino/casino'

27-02-2024T13:38:48 - [MESSAGE][PASSED] - Current window's url is: 'https://haboom.com/d/casino/casino'

27-02-2024T13:38:48 - [TEST_STEP][PASSED] - if (title.contains("notavailable")): null

27-02-2024T13:38:48 - [TEST_STEP][PASSED] - switchToWindowIndex(1): Switched to window with index: '1'

27-02-2024T13:38:48 - [MESSAGE][PASSED] - Switched to window with index: '1'

27-02-2024T13:38:48 - [TEST_STEP][PASSED] - closeWindowIndex(1): Window with index 1 is closed

27-02-2024T13:38:48 - [MESSAGE][PASSED] - Window with index 1 is closed

27-02-2024T13:38:48 - [TEST_STEP][PASSED] - switchToWindowIndex(0): Switched to window with index: '0'

27-02-2024T13:38:48 - [MESSAGE][PASSED] - Switched to window with index: '0'

27-02-2024T13:38:48 - [TEST_STEP][PASSED] - delay(2): Delayed 2 second(s)

27-02-2024T13:38:51 - [MESSAGE][PASSED] - Delayed 2 second(s)

27-02-2024T13:38:51 - [TEST_STEP][PASSED] - println(j): null

27-02-2024T13:38:51 - [TEST_STEP][PASSED] - playgame = allgames.get(j): null

27-02-2024T13:38:51 - [TEST_STEP][PASSED] - Object = convertWebElementToTestObject(playgame): null

27-02-2024T13:38:51 - [TEST_STEP][PASSED] - scrollToElement(Object, 10): Scroll to object '' successfully

27-02-2024T13:38:51 - [MESSAGE][PASSED] - Scroll to object '' successfully

27-02-2024T13:38:51 - [TEST_STEP][PASSED] - playgame.click(): null

27-02-2024T13:38:51 - [TEST_STEP][PASSED] - delay(2): Delayed 2 second(s)

27-02-2024T13:38:53 - [MESSAGE][PASSED] - Delayed 2 second(s)

27-02-2024T13:38:53 - [TEST_STEP][PASSED] - title = getUrl(): Current window's url is: 'https://haboom.com/d/casino/casino'

27-02-2024T13:38:53 - [MESSAGE][PASSED] - Current window's url is: 'https://haboom.com/d/casino/casino'

27-02-2024T13:38:53 - [TEST_STEP][PASSED] - if (title.contains("notavailable")): null

27-02-2024T13:38:53 - [TEST_STEP][PASSED] - switchToWindowIndex(1): Switched to window with index: '1'

27-02-2024T13:38:53 - [MESSAGE][PASSED] - Switched to window with index: '1'

27-02-2024T13:38:53 - [TEST_STEP][PASSED] - closeWindowIndex(1): Window with index 1 is closed

27-02-2024T13:38:53 - [MESSAGE][PASSED] - Window with index 1 is closed

27-02-2024T13:38:53 - [TEST_STEP][PASSED] - switchToWindowIndex(0): Switched to window with index: '0'

27-02-2024T13:38:53 - [MESSAGE][PASSED] - Switched to window with index: '0'

27-02-2024T13:38:53 - [TEST_STEP][PASSED] - delay(2): Delayed 2 second(s)

27-02-2024T13:38:55 - [MESSAGE][PASSED] - Delayed 2 second(s)

27-02-2024T13:38:55 - [TEST_STEP][PASSED] - println(j): null

27-02-2024T13:38:55 - [TEST_STEP][PASSED] - playgame = allgames.get(j): null

27-02-2024T13:38:55 - [TEST_STEP][PASSED] - Object = convertWebElementToTestObject(playgame): null

27-02-2024T13:38:55 - [TEST_STEP][PASSED] - scrollToElement(Object, 10): Scroll to object '' successfully

27-02-2024T13:38:55 - [MESSAGE][PASSED] - Scroll to object '' successfully

27-02-2024T13:38:55 - [TEST_STEP][PASSED] - playgame.click(): null

27-02-2024T13:38:55 - [TEST_STEP][PASSED] - delay(2): Delayed 2 second(s)

27-02-2024T13:38:57 - [MESSAGE][PASSED] - Delayed 2 second(s)

27-02-2024T13:38:57 - [TEST_STEP][PASSED] - title = getUrl(): Current window's url is: 'https://haboom.com/d/casino/casino'

27-02-2024T13:38:57 - [MESSAGE][PASSED] - Current window's url is: 'https://haboom.com/d/casino/casino'

27-02-2024T13:38:57 - [TEST_STEP][PASSED] - if (title.contains("notavailable")): null

27-02-2024T13:38:57 - [TEST_STEP][PASSED] - switchToWindowIndex(1): Switched to window with index: '1'

27-02-2024T13:38:57 - [MESSAGE][PASSED] - Switched to window with index: '1'

27-02-2024T13:38:57 - [TEST_STEP][PASSED] - closeWindowIndex(1): Window with index 1 is closed

27-02-2024T13:38:57 - [MESSAGE][PASSED] - Window with index 1 is closed

27-02-2024T13:38:57 - [TEST_STEP][PASSED] - switchToWindowIndex(0): Switched to window with index: '0'

27-02-2024T13:38:57 - [MESSAGE][PASSED] - Switched to window with index: '0'

27-02-2024T13:38:57 - [TEST_STEP][PASSED] - delay(2): Delayed 2 second(s)

27-02-2024T13:38:59 - [MESSAGE][PASSED] - Delayed 2 second(s)

27-02-2024T13:38:59 - [TEST_STEP][PASSED] - println(j): null

27-02-2024T13:38:59 - [TEST_STEP][PASSED] - playgame = allgames.get(j): null

27-02-2024T13:38:59 - [TEST_STEP][PASSED] - Object = convertWebElementToTestObject(playgame): null

27-02-2024T13:38:59 - [TEST_STEP][PASSED] - scrollToElement(Object, 10): Scroll to object '' successfully

27-02-2024T13:38:59 - [MESSAGE][PASSED] - Scroll to object '' successfully

27-02-2024T13:38:59 - [TEST_STEP][PASSED] - playgame.click(): null

27-02-2024T13:38:59 - [TEST_STEP][PASSED] - delay(2): Delayed 2 second(s)

27-02-2024T13:39:01 - [MESSAGE][PASSED] - Delayed 2 second(s)

27-02-2024T13:39:01 - [TEST_STEP][PASSED] - title = getUrl(): Current window's url is: 'https://haboom.com/d/casino/casino'

27-02-2024T13:39:01 - [MESSAGE][PASSED] - Current window's url is: 'https://haboom.com/d/casino/casino'

27-02-2024T13:39:01 - [TEST_STEP][PASSED] - if (title.contains("notavailable")): null

27-02-2024T13:39:01 - [TEST_STEP][PASSED] - switchToWindowIndex(1): Switched to window with index: '1'

27-02-2024T13:39:01 - [MESSAGE][PASSED] - Switched to window with index: '1'

27-02-2024T13:39:01 - [TEST_STEP][PASSED] - closeWindowIndex(1): Window with index 1 is closed

27-02-2024T13:39:01 - [MESSAGE][PASSED] - Window with index 1 is closed

27-02-2024T13:39:01 - [TEST_STEP][PASSED] - switchToWindowIndex(0): Switched to window with index: '0'

27-02-2024T13:39:01 - [MESSAGE][PASSED] - Switched to window with index: '0'

27-02-2024T13:39:01 - [TEST_STEP][PASSED] - delay(2): Delayed 2 second(s)

27-02-2024T13:39:03 - [MESSAGE][PASSED] - Delayed 2 second(s)

27-02-2024T13:39:03 - [TEST_STEP][PASSED] - println(j): null

27-02-2024T13:39:03 - [TEST_STEP][PASSED] - playgame = allgames.get(j): null

27-02-2024T13:39:03 - [TEST_STEP][PASSED] - Object = convertWebElementToTestObject(playgame): null

27-02-2024T13:39:03 - [TEST_STEP][PASSED] - scrollToElement(Object, 10): Scroll to object '' successfully

27-02-2024T13:39:03 - [MESSAGE][PASSED] - Scroll to object '' successfully

27-02-2024T13:39:03 - [TEST_STEP][PASSED] - playgame.click(): null

27-02-2024T13:39:03 - [TEST_STEP][PASSED] - delay(2): Delayed 2 second(s)

27-02-2024T13:39:05 - [MESSAGE][PASSED] - Delayed 2 second(s)

27-02-2024T13:39:05 - [TEST_STEP][PASSED] - title = getUrl(): Current window's url is: 'https://haboom.com/d/casino/casino'

27-02-2024T13:39:05 - [MESSAGE][PASSED] - Current window's url is: 'https://haboom.com/d/casino/casino'

27-02-2024T13:39:05 - [TEST_STEP][PASSED] - if (title.contains("notavailable")): null

27-02-2024T13:39:05 - [TEST_STEP][PASSED] - switchToWindowIndex(1): Switched to window with index: '1'

27-02-2024T13:39:05 - [MESSAGE][PASSED] - Switched to window with index: '1'

27-02-2024T13:39:05 - [TEST_STEP][PASSED] - closeWindowIndex(1): Window with index 1 is closed

27-02-2024T13:39:05 - [MESSAGE][PASSED] - Window with index 1 is closed

27-02-2024T13:39:05 - [TEST_STEP][PASSED] - switchToWindowIndex(0): Switched to window with index: '0'

27-02-2024T13:39:05 - [MESSAGE][PASSED] - Switched to window with index: '0'

27-02-2024T13:39:05 - [TEST_STEP][PASSED] - delay(2): Delayed 2 second(s)

27-02-2024T13:39:07 - [MESSAGE][PASSED] - Delayed 2 second(s)

27-02-2024T13:39:07 - [TEST_STEP][PASSED] - println(j): null

27-02-2024T13:39:07 - [TEST_STEP][PASSED] - playgame = allgames.get(j): null

27-02-2024T13:39:07 - [TEST_STEP][PASSED] - Object = convertWebElementToTestObject(playgame): null

27-02-2024T13:39:07 - [TEST_STEP][PASSED] - scrollToElement(Object, 10): Scroll to object '' successfully

27-02-2024T13:39:07 - [MESSAGE][PASSED] - Scroll to object '' successfully

27-02-2024T13:39:07 - [TEST_STEP][PASSED] - playgame.click(): null

27-02-2024T13:39:07 - [TEST_STEP][PASSED] - delay(2): Delayed 2 second(s)

27-02-2024T13:39:09 - [MESSAGE][PASSED] - Delayed 2 second(s)

27-02-2024T13:39:09 - [TEST_STEP][PASSED] - title = getUrl(): Current window's url is: 'https://haboom.com/d/casino/casino'

27-02-2024T13:39:09 - [MESSAGE][PASSED] - Current window's url is: 'https://haboom.com/d/casino/casino'

27-02-2024T13:39:09 - [TEST_STEP][PASSED] - if (title.contains("notavailable")): null

27-02-2024T13:39:09 - [TEST_STEP][PASSED] - switchToWindowIndex(1): Switched to window with index: '1'

27-02-2024T13:39:09 - [MESSAGE][PASSED] - Switched to window with index: '1'

27-02-2024T13:39:09 - [TEST_STEP][PASSED] - closeWindowIndex(1): Window with index 1 is closed

27-02-2024T13:39:09 - [MESSAGE][PASSED] - Window with index 1 is closed

27-02-2024T13:39:09 - [TEST_STEP][PASSED] - switchToWindowIndex(0): Switched to window with index: '0'

27-02-2024T13:39:09 - [MESSAGE][PASSED] - Switched to window with index: '0'

27-02-2024T13:39:09 - [TEST_STEP][PASSED] - delay(2): Delayed 2 second(s)

27-02-2024T13:39:11 - [MESSAGE][PASSED] - Delayed 2 second(s)

27-02-2024T13:39:11 - [TEST_STEP][PASSED] - println(j): null

27-02-2024T13:39:11 - [TEST_STEP][PASSED] - playgame = allgames.get(j): null

27-02-2024T13:39:11 - [TEST_STEP][PASSED] - Object = convertWebElementToTestObject(playgame): null

27-02-2024T13:39:11 - [TEST_STEP][PASSED] - scrollToElement(Object, 10): Scroll to object '' successfully

27-02-2024T13:39:11 - [MESSAGE][PASSED] - Scroll to object '' successfully

27-02-2024T13:39:11 - [TEST_STEP][PASSED] - playgame.click(): null

27-02-2024T13:39:11 - [TEST_STEP][PASSED] - delay(2): Delayed 2 second(s)

27-02-2024T13:39:13 - [MESSAGE][PASSED] - Delayed 2 second(s)

27-02-2024T13:39:13 - [TEST_STEP][PASSED] - title = getUrl(): Current window's url is: 'https://haboom.com/d/casino/casino'

27-02-2024T13:39:13 - [MESSAGE][PASSED] - Current window's url is: 'https://haboom.com/d/casino/casino'

27-02-2024T13:39:13 - [TEST_STEP][PASSED] - if (title.contains("notavailable")): null

27-02-2024T13:39:13 - [TEST_STEP][PASSED] - switchToWindowIndex(1): Switched to window with index: '1'

27-02-2024T13:39:14 - [MESSAGE][PASSED] - Switched to window with index: '1'

27-02-2024T13:39:14 - [TEST_STEP][PASSED] - closeWindowIndex(1): Window with index 1 is closed

27-02-2024T13:39:14 - [MESSAGE][PASSED] - Window with index 1 is closed

27-02-2024T13:39:14 - [TEST_STEP][PASSED] - switchToWindowIndex(0): Switched to window with index: '0'

27-02-2024T13:39:14 - [MESSAGE][PASSED] - Switched to window with index: '0'

27-02-2024T13:39:14 - [TEST_STEP][PASSED] - delay(2): Delayed 2 second(s)

27-02-2024T13:39:16 - [MESSAGE][PASSED] - Delayed 2 second(s)

27-02-2024T13:39:16 - [TEST_STEP][PASSED] - println(j): null

27-02-2024T13:39:16 - [TEST_STEP][PASSED] - playgame = allgames.get(j): null

27-02-2024T13:39:16 - [TEST_STEP][PASSED] - Object = convertWebElementToTestObject(playgame): null

27-02-2024T13:39:16 - [TEST_STEP][PASSED] - scrollToElement(Object, 10): Scroll to object '' successfully

27-02-2024T13:39:16 - [MESSAGE][PASSED] - Scroll to object '' successfully

27-02-2024T13:39:16 - [TEST_STEP][PASSED] - playgame.click(): null

27-02-2024T13:39:16 - [TEST_STEP][PASSED] - delay(2): Delayed 2 second(s)

27-02-2024T13:39:18 - [MESSAGE][PASSED] - Delayed 2 second(s)

27-02-2024T13:39:18 - [TEST_STEP][PASSED] - title = getUrl(): Current window's url is: 'https://haboom.com/d/casino/casino'

27-02-2024T13:39:18 - [MESSAGE][PASSED] - Current window's url is: 'https://haboom.com/d/casino/casino'

27-02-2024T13:39:18 - [TEST_STEP][PASSED] - if (title.contains("notavailable")): null

27-02-2024T13:39:18 - [TEST_STEP][PASSED] - switchToWindowIndex(1): Switched to window with index: '1'

27-02-2024T13:39:18 - [MESSAGE][PASSED] - Switched to window with index: '1'

27-02-2024T13:39:18 - [TEST_STEP][PASSED] - closeWindowIndex(1): Window with index 1 is closed

27-02-2024T13:39:18 - [MESSAGE][PASSED] - Window with index 1 is closed

27-02-2024T13:39:18 - [TEST_STEP][PASSED] - switchToWindowIndex(0): Switched to window with index: '0'

27-02-2024T13:39:18 - [MESSAGE][PASSED] - Switched to window with index: '0'

27-02-2024T13:39:18 - [TEST_STEP][PASSED] - delay(2): Delayed 2 second(s)

27-02-2024T13:39:20 - [MESSAGE][PASSED] - Delayed 2 second(s)

27-02-2024T13:39:20 - [TEST_STEP][PASSED] - println(j): null

27-02-2024T13:39:20 - [TEST_STEP][PASSED] - playgame = allgames.get(j): null

27-02-2024T13:39:20 - [TEST_STEP][PASSED] - Object = convertWebElementToTestObject(playgame): null

27-02-2024T13:39:20 - [TEST_STEP][PASSED] - scrollToElement(Object, 10): Scroll to object '' successfully

27-02-2024T13:39:20 - [MESSAGE][PASSED] - Scroll to object '' successfully

27-02-2024T13:39:20 - [TEST_STEP][PASSED] - playgame.click(): null

27-02-2024T13:39:20 - [TEST_STEP][PASSED] - delay(2): Delayed 2 second(s)

27-02-2024T13:39:22 - [MESSAGE][PASSED] - Delayed 2 second(s)

27-02-2024T13:39:22 - [TEST_STEP][PASSED] - title = getUrl(): Current window's url is: 'https://haboom.com/d/casino/casino'

27-02-2024T13:39:22 - [MESSAGE][PASSED] - Current window's url is: 'https://haboom.com/d/casino/casino'

27-02-2024T13:39:22 - [TEST_STEP][PASSED] - if (title.contains("notavailable")): null

27-02-2024T13:39:22 - [TEST_STEP][PASSED] - switchToWindowIndex(1): Switched to window with index: '1'

27-02-2024T13:39:22 - [MESSAGE][PASSED] - Switched to window with index: '1'

27-02-2024T13:39:22 - [TEST_STEP][PASSED] - closeWindowIndex(1): Window with index 1 is closed

27-02-2024T13:39:22 - [MESSAGE][PASSED] - Window with index 1 is closed

27-02-2024T13:39:22 - [TEST_STEP][PASSED] - switchToWindowIndex(0): Switched to window with index: '0'

27-02-2024T13:39:22 - [MESSAGE][PASSED] - Switched to window with index: '0'

27-02-2024T13:39:22 - [TEST_STEP][PASSED] - delay(2): Delayed 2 second(s)

27-02-2024T13:39:24 - [MESSAGE][PASSED] - Delayed 2 second(s)

27-02-2024T13:39:24 - [TEST_STEP][PASSED] - println(j): null

27-02-2024T13:39:24 - [TEST_STEP][PASSED] - playgame = allgames.get(j): null

27-02-2024T13:39:24 - [TEST_STEP][PASSED] - Object = convertWebElementToTestObject(playgame): null

27-02-2024T13:39:24 - [TEST_STEP][PASSED] - scrollToElement(Object, 10): Scroll to object '' successfully

27-02-2024T13:39:24 - [MESSAGE][PASSED] - Scroll to object '' successfully

27-02-2024T13:39:24 - [TEST_STEP][PASSED] - playgame.click(): null

27-02-2024T13:39:24 - [TEST_STEP][PASSED] - delay(2): Delayed 2 second(s)

27-02-2024T13:39:26 - [MESSAGE][PASSED] - Delayed 2 second(s)

27-02-2024T13:39:26 - [TEST_STEP][PASSED] - title = getUrl(): Current window's url is: 'https://haboom.com/d/casino/casino'

27-02-2024T13:39:26 - [MESSAGE][PASSED] - Current window's url is: 'https://haboom.com/d/casino/casino'

27-02-2024T13:39:26 - [TEST_STEP][PASSED] - if (title.contains("notavailable")): null

27-02-2024T13:39:26 - [TEST_STEP][PASSED] - switchToWindowIndex(1): Switched to window with index: '1'

27-02-2024T13:39:26 - [MESSAGE][PASSED] - Switched to window with index: '1'

27-02-2024T13:39:26 - [TEST_STEP][PASSED] - closeWindowIndex(1): Window with index 1 is closed

27-02-2024T13:39:26 - [MESSAGE][PASSED] - Window with index 1 is closed

27-02-2024T13:39:26 - [TEST_STEP][PASSED] - switchToWindowIndex(0): Switched to window with index: '0'

27-02-2024T13:39:26 - [MESSAGE][PASSED] - Switched to window with index: '0'

27-02-2024T13:39:26 - [TEST_STEP][PASSED] - delay(2): Delayed 2 second(s)

27-02-2024T13:39:28 - [MESSAGE][PASSED] - Delayed 2 second(s)

27-02-2024T13:39:28 - [TEST_STEP][PASSED] - println(j): null

27-02-2024T13:39:28 - [TEST_STEP][PASSED] - playgame = allgames.get(j): null

27-02-2024T13:39:28 - [TEST_STEP][PASSED] - Object = convertWebElementToTestObject(playgame): null

27-02-2024T13:39:28 - [TEST_STEP][PASSED] - scrollToElement(Object, 10): Scroll to object '' successfully

27-02-2024T13:39:28 - [MESSAGE][PASSED] - Scroll to object '' successfully

27-02-2024T13:39:28 - [TEST_STEP][PASSED] - playgame.click(): null

27-02-2024T13:39:28 - [TEST_STEP][PASSED] - delay(2): Delayed 2 second(s)

27-02-2024T13:39:30 - [MESSAGE][PASSED] - Delayed 2 second(s)

27-02-2024T13:39:30 - [TEST_STEP][PASSED] - title = getUrl(): Current window's url is: 'https://haboom.com/d/casino/casino'

27-02-2024T13:39:30 - [MESSAGE][PASSED] - Current window's url is: 'https://haboom.com/d/casino/casino'

27-02-2024T13:39:30 - [TEST_STEP][PASSED] - if (title.contains("notavailable")): null

27-02-2024T13:39:30 - [TEST_STEP][PASSED] - switchToWindowIndex(1): Switched to window with index: '1'

27-02-2024T13:39:30 - [MESSAGE][PASSED] - Switched to window with index: '1'

27-02-2024T13:39:30 - [TEST_STEP][PASSED] - closeWindowIndex(1): Window with index 1 is closed

27-02-2024T13:39:30 - [MESSAGE][PASSED] - Window with index 1 is closed

27-02-2024T13:39:30 - [TEST_STEP][PASSED] - switchToWindowIndex(0): Switched to window with index: '0'

27-02-2024T13:39:30 - [MESSAGE][PASSED] - Switched to window with index: '0'

27-02-2024T13:39:30 - [TEST_STEP][PASSED] - delay(2): Delayed 2 second(s)

27-02-2024T13:39:32 - [MESSAGE][PASSED] - Delayed 2 second(s)

27-02-2024T13:39:32 - [TEST_STEP][PASSED] - println(j): null

27-02-2024T13:39:32 - [TEST_STEP][PASSED] - playgame = allgames.get(j): null

27-02-2024T13:39:32 - [TEST_STEP][PASSED] - Object = convertWebElementToTestObject(playgame): null

27-02-2024T13:39:32 - [TEST_STEP][PASSED] - scrollToElement(Object, 10): Scroll to object '' successfully

27-02-2024T13:39:32 - [MESSAGE][PASSED] - Scroll to object '' successfully

27-02-2024T13:39:32 - [TEST_STEP][PASSED] - playgame.click(): null

27-02-2024T13:39:32 - [TEST_STEP][PASSED] - delay(2): Delayed 2 second(s)

27-02-2024T13:39:34 - [MESSAGE][PASSED] - Delayed 2 second(s)

27-02-2024T13:39:34 - [TEST_STEP][PASSED] - title = getUrl(): Current window's url is: 'https://haboom.com/d/casino/casino'

27-02-2024T13:39:34 - [MESSAGE][PASSED] - Current window's url is: 'https://haboom.com/d/casino/casino'

27-02-2024T13:39:34 - [TEST_STEP][PASSED] - if (title.contains("notavailable")): null

27-02-2024T13:39:34 - [TEST_STEP][PASSED] - switchToWindowIndex(1): Switched to window with index: '1'

27-02-2024T13:39:34 - [MESSAGE][PASSED] - Switched to window with index: '1'

27-02-2024T13:39:34 - [TEST_STEP][PASSED] - closeWindowIndex(1): Window with index 1 is closed

27-02-2024T13:39:35 - [MESSAGE][PASSED] - Window with index 1 is closed

27-02-2024T13:39:35 - [TEST_STEP][PASSED] - switchToWindowIndex(0): Switched to window with index: '0'

27-02-2024T13:39:35 - [MESSAGE][PASSED] - Switched to window with index: '0'

27-02-2024T13:39:35 - [TEST_STEP][PASSED] - delay(2): Delayed 2 second(s)

27-02-2024T13:39:37 - [MESSAGE][PASSED] - Delayed 2 second(s)

27-02-2024T13:39:37 - [TEST_STEP][PASSED] - println(j): null

27-02-2024T13:39:37 - [TEST_STEP][PASSED] - playgame = allgames.get(j): null

27-02-2024T13:39:37 - [TEST_STEP][PASSED] - Object = convertWebElementToTestObject(playgame): null

27-02-2024T13:39:37 - [TEST_STEP][PASSED] - scrollToElement(Object, 10): Scroll to object '' successfully

27-02-2024T13:39:37 - [MESSAGE][PASSED] - Scroll to object '' successfully

27-02-2024T13:39:37 - [TEST_STEP][PASSED] - playgame.click(): null

27-02-2024T13:39:37 - [TEST_STEP][PASSED] - delay(2): Delayed 2 second(s)

27-02-2024T13:39:39 - [MESSAGE][PASSED] - Delayed 2 second(s)

27-02-2024T13:39:39 - [TEST_STEP][PASSED] - title = getUrl(): Current window's url is: 'https://haboom.com/d/casino/casino'

27-02-2024T13:39:39 - [MESSAGE][PASSED] - Current window's url is: 'https://haboom.com/d/casino/casino'

27-02-2024T13:39:39 - [TEST_STEP][PASSED] - if (title.contains("notavailable")): null

27-02-2024T13:39:39 - [TEST_STEP][PASSED] - switchToWindowIndex(1): Switched to window with index: '1'

27-02-2024T13:39:39 - [MESSAGE][PASSED] - Switched to window with index: '1'

27-02-2024T13:39:39 - [TEST_STEP][PASSED] - closeWindowIndex(1): Window with index 1 is closed

27-02-2024T13:39:39 - [MESSAGE][PASSED] - Window with index 1 is closed

27-02-2024T13:39:39 - [TEST_STEP][PASSED] - switchToWindowIndex(0): Switched to window with index: '0'

27-02-2024T13:39:39 - [MESSAGE][PASSED] - Switched to window with index: '0'

27-02-2024T13:39:39 - [TEST_STEP][PASSED] - delay(2): Delayed 2 second(s)

27-02-2024T13:39:41 - [MESSAGE][PASSED] - Delayed 2 second(s)

27-02-2024T13:39:41 - [TEST_STEP][PASSED] - println(j): null

27-02-2024T13:39:41 - [TEST_STEP][PASSED] - playgame = allgames.get(j): null

27-02-2024T13:39:41 - [TEST_STEP][PASSED] - Object = convertWebElementToTestObject(playgame): null

27-02-2024T13:39:41 - [TEST_STEP][PASSED] - scrollToElement(Object, 10): Scroll to object '' successfully

27-02-2024T13:39:41 - [MESSAGE][PASSED] - Scroll to object '' successfully

27-02-2024T13:39:41 - [TEST_STEP][PASSED] - playgame.click(): null

27-02-2024T13:39:41 - [TEST_STEP][PASSED] - delay(2): Delayed 2 second(s)

27-02-2024T13:39:43 - [MESSAGE][PASSED] - Delayed 2 second(s)

27-02-2024T13:39:43 - [TEST_STEP][PASSED] - title = getUrl(): Current window's url is: 'https://haboom.com/d/casino/casino'

27-02-2024T13:39:43 - [MESSAGE][PASSED] - Current window's url is: 'https://haboom.com/d/casino/casino'

27-02-2024T13:39:43 - [TEST_STEP][PASSED] - if (title.contains("notavailable")): null

27-02-2024T13:39:43 - [TEST_STEP][PASSED] - switchToWindowIndex(1): Switched to window with index: '1'

27-02-2024T13:39:43 - [MESSAGE][PASSED] - Switched to window with index: '1'

27-02-2024T13:39:43 - [TEST_STEP][PASSED] - closeWindowIndex(1): Window with index 1 is closed

27-02-2024T13:39:43 - [MESSAGE][PASSED] - Window with index 1 is closed

27-02-2024T13:39:43 - [TEST_STEP][PASSED] - switchToWindowIndex(0): Switched to window with index: '0'

27-02-2024T13:39:43 - [MESSAGE][PASSED] - Switched to window with index: '0'

27-02-2024T13:39:43 - [TEST_STEP][PASSED] - delay(2): Delayed 2 second(s)

27-02-2024T13:39:45 - [MESSAGE][PASSED] - Delayed 2 second(s)

27-02-2024T13:39:45 - [TEST_STEP][PASSED] - println(j): null

27-02-2024T13:39:45 - [TEST_STEP][PASSED] - playgame = allgames.get(j): null

27-02-2024T13:39:45 - [TEST_STEP][PASSED] - Object = convertWebElementToTestObject(playgame): null

27-02-2024T13:39:45 - [TEST_STEP][PASSED] - scrollToElement(Object, 10): Scroll to object '' successfully

27-02-2024T13:39:45 - [MESSAGE][PASSED] - Scroll to object '' successfully

27-02-2024T13:39:45 - [TEST_STEP][PASSED] - playgame.click(): null

27-02-2024T13:39:45 - [TEST_STEP][PASSED] - delay(2): Delayed 2 second(s)

27-02-2024T13:39:47 - [MESSAGE][PASSED] - Delayed 2 second(s)

27-02-2024T13:39:47 - [TEST_STEP][PASSED] - title = getUrl(): Current window's url is: 'https://haboom.com/d/casino/casino'

27-02-2024T13:39:47 - [MESSAGE][PASSED] - Current window's url is: 'https://haboom.com/d/casino/casino'

27-02-2024T13:39:47 - [TEST_STEP][PASSED] - if (title.contains("notavailable")): null

27-02-2024T13:39:47 - [TEST_STEP][PASSED] - switchToWindowIndex(1): Switched to window with index: '1'

27-02-2024T13:39:47 - [MESSAGE][PASSED] - Switched to window with index: '1'

27-02-2024T13:39:47 - [TEST_STEP][PASSED] - closeWindowIndex(1): Window with index 1 is closed

27-02-2024T13:39:47 - [MESSAGE][PASSED] - Window with index 1 is closed

27-02-2024T13:39:47 - [TEST_STEP][PASSED] - switchToWindowIndex(0): Switched to window with index: '0'

27-02-2024T13:39:47 - [MESSAGE][PASSED] - Switched to window with index: '0'

27-02-2024T13:39:47 - [TEST_STEP][PASSED] - delay(2): Delayed 2 second(s)

27-02-2024T13:39:49 - [MESSAGE][PASSED] - Delayed 2 second(s)

27-02-2024T13:39:49 - [TEST_STEP][PASSED] - println(j): null

27-02-2024T13:39:49 - [TEST_STEP][PASSED] - playgame = allgames.get(j): null

27-02-2024T13:39:49 - [TEST_STEP][PASSED] - Object = convertWebElementToTestObject(playgame): null

27-02-2024T13:39:49 - [TEST_STEP][PASSED] - scrollToElement(Object, 10): Scroll to object '' successfully

27-02-2024T13:39:49 - [MESSAGE][PASSED] - Scroll to object '' successfully

27-02-2024T13:39:49 - [TEST_STEP][PASSED] - playgame.click(): null

27-02-2024T13:39:49 - [TEST_STEP][PASSED] - delay(2): Delayed 2 second(s)

27-02-2024T13:39:51 - [MESSAGE][PASSED] - Delayed 2 second(s)

27-02-2024T13:39:51 - [TEST_STEP][PASSED] - title = getUrl(): Current window's url is: 'https://haboom.com/d/casino/casino'

27-02-2024T13:39:51 - [MESSAGE][PASSED] - Current window's url is: 'https://haboom.com/d/casino/casino'

27-02-2024T13:39:51 - [TEST_STEP][PASSED] - if (title.contains("notavailable")): null

27-02-2024T13:39:51 - [TEST_STEP][PASSED] - switchToWindowIndex(1): Switched to window with index: '1'

27-02-2024T13:39:51 - [MESSAGE][PASSED] - Switched to window with index: '1'

27-02-2024T13:39:51 - [TEST_STEP][PASSED] - closeWindowIndex(1): Window with index 1 is closed

27-02-2024T13:39:51 - [MESSAGE][PASSED] - Window with index 1 is closed

27-02-2024T13:39:51 - [TEST_STEP][PASSED] - switchToWindowIndex(0): Switched to window with index: '0'

27-02-2024T13:39:51 - [MESSAGE][PASSED] - Switched to window with index: '0'

27-02-2024T13:39:51 - [TEST_STEP][PASSED] - delay(2): Delayed 2 second(s)

27-02-2024T13:39:53 - [MESSAGE][PASSED] - Delayed 2 second(s)

27-02-2024T13:39:53 - [TEST_STEP][PASSED] - println(j): null

27-02-2024T13:39:53 - [TEST_STEP][PASSED] - playgame = allgames.get(j): null

27-02-2024T13:39:53 - [TEST_STEP][PASSED] - Object = convertWebElementToTestObject(playgame): null

27-02-2024T13:39:53 - [TEST_STEP][PASSED] - scrollToElement(Object, 10): Scroll to object '' successfully

27-02-2024T13:39:53 - [MESSAGE][PASSED] - Scroll to object '' successfully

27-02-2024T13:39:53 - [TEST_STEP][PASSED] - playgame.click(): null

27-02-2024T13:39:53 - [TEST_STEP][PASSED] - delay(2): Delayed 2 second(s)

27-02-2024T13:39:55 - [MESSAGE][PASSED] - Delayed 2 second(s)

27-02-2024T13:39:55 - [TEST_STEP][PASSED] - title = getUrl(): Current window's url is: 'https://haboom.com/d/casino/casino'

27-02-2024T13:39:56 - [MESSAGE][PASSED] - Current window's url is: 'https://haboom.com/d/casino/casino'

27-02-2024T13:39:56 - [TEST_STEP][PASSED] - if (title.contains("notavailable")): null

27-02-2024T13:39:56 - [TEST_STEP][PASSED] - switchToWindowIndex(1): Switched to window with index: '1'

27-02-2024T13:39:56 - [MESSAGE][PASSED] - Switched to window with index: '1'

27-02-2024T13:39:56 - [TEST_STEP][PASSED] - closeWindowIndex(1): Window with index 1 is closed

27-02-2024T13:39:56 - [MESSAGE][PASSED] - Window with index 1 is closed

27-02-2024T13:39:56 - [TEST_STEP][PASSED] - switchToWindowIndex(0): Switched to window with index: '0'

27-02-2024T13:39:56 - [MESSAGE][PASSED] - Switched to window with index: '0'

27-02-2024T13:39:56 - [TEST_STEP][PASSED] - delay(2): Delayed 2 second(s)

27-02-2024T13:39:58 - [MESSAGE][PASSED] - Delayed 2 second(s)

27-02-2024T13:39:58 - [TEST_STEP][PASSED] - println(j): null

27-02-2024T13:39:58 - [TEST_STEP][PASSED] - playgame = allgames.get(j): null

27-02-2024T13:39:58 - [TEST_STEP][PASSED] - Object = convertWebElementToTestObject(playgame): null

27-02-2024T13:39:58 - [TEST_STEP][PASSED] - scrollToElement(Object, 10): Scroll to object '' successfully

27-02-2024T13:39:58 - [MESSAGE][PASSED] - Scroll to object '' successfully

27-02-2024T13:39:58 - [TEST_STEP][PASSED] - playgame.click(): null

27-02-2024T13:39:58 - [TEST_STEP][PASSED] - delay(2): Delayed 2 second(s)

27-02-2024T13:40:00 - [MESSAGE][PASSED] - Delayed 2 second(s)

27-02-2024T13:40:00 - [TEST_STEP][PASSED] - title = getUrl(): Current window's url is: 'https://haboom.com/d/casino/casino'

27-02-2024T13:40:00 - [MESSAGE][PASSED] - Current window's url is: 'https://haboom.com/d/casino/casino'

27-02-2024T13:40:00 - [TEST_STEP][PASSED] - if (title.contains("notavailable")): null

27-02-2024T13:40:00 - [TEST_STEP][PASSED] - switchToWindowIndex(1): Switched to window with index: '1'

27-02-2024T13:40:00 - [MESSAGE][PASSED] - Switched to window with index: '1'

27-02-2024T13:40:00 - [TEST_STEP][PASSED] - closeWindowIndex(1): Window with index 1 is closed

27-02-2024T13:40:00 - [MESSAGE][PASSED] - Window with index 1 is closed

27-02-2024T13:40:00 - [TEST_STEP][PASSED] - switchToWindowIndex(0): Switched to window with index: '0'

27-02-2024T13:40:00 - [MESSAGE][PASSED] - Switched to window with index: '0'

27-02-2024T13:40:00 - [TEST_STEP][PASSED] - delay(2): Delayed 2 second(s)

27-02-2024T13:40:02 - [MESSAGE][PASSED] - Delayed 2 second(s)

27-02-2024T13:40:02 - [TEST_STEP][PASSED] - println(j): null

27-02-2024T13:40:02 - [TEST_STEP][PASSED] - playgame = allgames.get(j): null

27-02-2024T13:40:02 - [TEST_STEP][PASSED] - Object = convertWebElementToTestObject(playgame): null

27-02-2024T13:40:02 - [TEST_STEP][PASSED] - scrollToElement(Object, 10): Scroll to object '' successfully

27-02-2024T13:40:02 - [MESSAGE][PASSED] - Scroll to object '' successfully

27-02-2024T13:40:02 - [TEST_STEP][PASSED] - playgame.click(): null

27-02-2024T13:40:02 - [TEST_STEP][PASSED] - delay(2): Delayed 2 second(s)

27-02-2024T13:40:04 - [MESSAGE][PASSED] - Delayed 2 second(s)

27-02-2024T13:40:04 - [TEST_STEP][PASSED] - title = getUrl(): Current window's url is: 'https://haboom.com/d/casino/casino'

27-02-2024T13:40:04 - [MESSAGE][PASSED] - Current window's url is: 'https://haboom.com/d/casino/casino'

27-02-2024T13:40:04 - [TEST_STEP][PASSED] - if (title.contains("notavailable")): null

27-02-2024T13:40:04 - [TEST_STEP][PASSED] - switchToWindowIndex(1): Switched to window with index: '1'

27-02-2024T13:40:04 - [MESSAGE][PASSED] - Switched to window with index: '1'

27-02-2024T13:40:04 - [TEST_STEP][PASSED] - closeWindowIndex(1): Window with index 1 is closed

27-02-2024T13:40:04 - [MESSAGE][PASSED] - Window with index 1 is closed

27-02-2024T13:40:04 - [TEST_STEP][PASSED] - switchToWindowIndex(0): Switched to window with index: '0'

27-02-2024T13:40:04 - [MESSAGE][PASSED] - Switched to window with index: '0'

27-02-2024T13:40:04 - [TEST_STEP][PASSED] - delay(2): Delayed 2 second(s)

27-02-2024T13:40:06 - [MESSAGE][PASSED] - Delayed 2 second(s)

27-02-2024T13:40:06 - [TEST_STEP][PASSED] - println(j): null

27-02-2024T13:40:06 - [TEST_STEP][PASSED] - playgame = allgames.get(j): null

27-02-2024T13:40:06 - [TEST_STEP][PASSED] - Object = convertWebElementToTestObject(playgame): null

27-02-2024T13:40:06 - [TEST_STEP][PASSED] - scrollToElement(Object, 10): Scroll to object '' successfully

27-02-2024T13:40:06 - [MESSAGE][PASSED] - Scroll to object '' successfully

27-02-2024T13:40:06 - [TEST_STEP][PASSED] - playgame.click(): null

27-02-2024T13:40:06 - [TEST_STEP][PASSED] - delay(2): Delayed 2 second(s)

27-02-2024T13:40:08 - [MESSAGE][PASSED] - Delayed 2 second(s)

27-02-2024T13:40:08 - [TEST_STEP][PASSED] - title = getUrl(): Current window's url is: 'https://haboom.com/d/casino/casino'

27-02-2024T13:40:08 - [MESSAGE][PASSED] - Current window's url is: 'https://haboom.com/d/casino/casino'

27-02-2024T13:40:08 - [TEST_STEP][PASSED] - if (title.contains("notavailable")): null

27-02-2024T13:40:08 - [TEST_STEP][PASSED] - switchToWindowIndex(1): Switched to window with index: '1'

27-02-2024T13:40:08 - [MESSAGE][PASSED] - Switched to window with index: '1'

27-02-2024T13:40:08 - [TEST_STEP][PASSED] - closeWindowIndex(1): Window with index 1 is closed

27-02-2024T13:40:08 - [MESSAGE][PASSED] - Window with index 1 is closed

27-02-2024T13:40:08 - [TEST_STEP][PASSED] - switchToWindowIndex(0): Switched to window with index: '0'

27-02-2024T13:40:08 - [MESSAGE][PASSED] - Switched to window with index: '0'

27-02-2024T13:40:08 - [TEST_STEP][PASSED] - delay(2): Delayed 2 second(s)

27-02-2024T13:40:10 - [MESSAGE][PASSED] - Delayed 2 second(s)

27-02-2024T13:40:10 - [TEST_STEP][PASSED] - println(j): null

27-02-2024T13:40:10 - [TEST_STEP][PASSED] - playgame = allgames.get(j): null

27-02-2024T13:40:10 - [TEST_STEP][PASSED] - Object = convertWebElementToTestObject(playgame): null

27-02-2024T13:40:10 - [TEST_STEP][PASSED] - scrollToElement(Object, 10): Scroll to object '' successfully

27-02-2024T13:40:10 - [MESSAGE][PASSED] - Scroll to object '' successfully

27-02-2024T13:40:10 - [TEST_STEP][PASSED] - playgame.click(): null

27-02-2024T13:40:10 - [TEST_STEP][PASSED] - delay(2): Delayed 2 second(s)

27-02-2024T13:40:12 - [MESSAGE][PASSED] - Delayed 2 second(s)

27-02-2024T13:40:12 - [TEST_STEP][PASSED] - title = getUrl(): Current window's url is: 'https://haboom.com/d/casino/casino'

27-02-2024T13:40:12 - [MESSAGE][PASSED] - Current window's url is: 'https://haboom.com/d/casino/casino'

27-02-2024T13:40:12 - [TEST_STEP][PASSED] - if (title.contains("notavailable")): null

27-02-2024T13:40:12 - [TEST_STEP][PASSED] - switchToWindowIndex(1): Switched to window with index: '1'

27-02-2024T13:40:12 - [MESSAGE][PASSED] - Switched to window with index: '1'

27-02-2024T13:40:12 - [TEST_STEP][PASSED] - closeWindowIndex(1): Window with index 1 is closed

27-02-2024T13:40:12 - [MESSAGE][PASSED] - Window with index 1 is closed

27-02-2024T13:40:12 - [TEST_STEP][PASSED] - switchToWindowIndex(0): Switched to window with index: '0'

27-02-2024T13:40:12 - [MESSAGE][PASSED] - Switched to window with index: '0'

27-02-2024T13:40:12 - [TEST_STEP][PASSED] - delay(2): Delayed 2 second(s)

27-02-2024T13:40:15 - [MESSAGE][PASSED] - Delayed 2 second(s)

27-02-2024T13:40:15 - [TEST_STEP][PASSED] - println(j): null

27-02-2024T13:40:15 - [TEST_STEP][PASSED] - playgame = allgames.get(j): null

27-02-2024T13:40:15 - [TEST_STEP][PASSED] - Object = convertWebElementToTestObject(playgame): null

27-02-2024T13:40:15 - [TEST_STEP][PASSED] - scrollToElement(Object, 10): Scroll to object '' successfully

27-02-2024T13:40:15 - [MESSAGE][PASSED] - Scroll to object '' successfully

27-02-2024T13:40:15 - [TEST_STEP][PASSED] - playgame.click(): null

27-02-2024T13:40:15 - [TEST_STEP][PASSED] - delay(2): Delayed 2 second(s)

27-02-2024T13:40:17 - [MESSAGE][PASSED] - Delayed 2 second(s)

27-02-2024T13:40:17 - [TEST_STEP][PASSED] - title = getUrl(): Current window's url is: 'https://haboom.com/d/casino/casino'

27-02-2024T13:40:17 - [MESSAGE][PASSED] - Current window's url is: 'https://haboom.com/d/casino/casino'

27-02-2024T13:40:17 - [TEST_STEP][PASSED] - if (title.contains("notavailable")): null

27-02-2024T13:40:17 - [TEST_STEP][PASSED] - switchToWindowIndex(1): Switched to window with index: '1'

27-02-2024T13:40:17 - [MESSAGE][PASSED] - Switched to window with index: '1'

27-02-2024T13:40:17 - [TEST_STEP][PASSED] - closeWindowIndex(1): Window with index 1 is closed

27-02-2024T13:40:17 - [MESSAGE][PASSED] - Window with index 1 is closed

27-02-2024T13:40:17 - [TEST_STEP][PASSED] - switchToWindowIndex(0): Switched to window with index: '0'

27-02-2024T13:40:17 - [MESSAGE][PASSED] - Switched to window with index: '0'

27-02-2024T13:40:17 - [TEST_STEP][PASSED] - delay(2): Delayed 2 second(s)

27-02-2024T13:40:19 - [MESSAGE][PASSED] - Delayed 2 second(s)

27-02-2024T13:40:19 - [TEST_STEP][PASSED] - println(j): null

27-02-2024T13:40:19 - [TEST_STEP][PASSED] - playgame = allgames.get(j): null

27-02-2024T13:40:19 - [TEST_STEP][PASSED] - Object = convertWebElementToTestObject(playgame): null

27-02-2024T13:40:19 - [TEST_STEP][PASSED] - scrollToElement(Object, 10): Scroll to object '' successfully

27-02-2024T13:40:19 - [MESSAGE][PASSED] - Scroll to object '' successfully

27-02-2024T13:40:19 - [TEST_STEP][PASSED] - playgame.click(): null

27-02-2024T13:40:19 - [TEST_STEP][PASSED] - delay(2): Delayed 2 second(s)

27-02-2024T13:40:21 - [MESSAGE][PASSED] - Delayed 2 second(s)

27-02-2024T13:40:21 - [TEST_STEP][PASSED] - title = getUrl(): Current window's url is: 'https://haboom.com/d/casino/casino'

27-02-2024T13:40:21 - [MESSAGE][PASSED] - Current window's url is: 'https://haboom.com/d/casino/casino'

27-02-2024T13:40:21 - [TEST_STEP][PASSED] - if (title.contains("notavailable")): null

27-02-2024T13:40:21 - [TEST_STEP][PASSED] - switchToWindowIndex(1): Switched to window with index: '1'

27-02-2024T13:40:21 - [MESSAGE][PASSED] - Switched to window with index: '1'

27-02-2024T13:40:21 - [TEST_STEP][PASSED] - closeWindowIndex(1): Window with index 1 is closed

27-02-2024T13:40:21 - [MESSAGE][PASSED] - Window with index 1 is closed

27-02-2024T13:40:21 - [TEST_STEP][PASSED] - switchToWindowIndex(0): Switched to window with index: '0'

27-02-2024T13:40:21 - [MESSAGE][PASSED] - Switched to window with index: '0'

27-02-2024T13:40:21 - [TEST_STEP][PASSED] - delay(2): Delayed 2 second(s)

27-02-2024T13:40:23 - [MESSAGE][PASSED] - Delayed 2 second(s)

27-02-2024T13:40:23 - [TEST_STEP][PASSED] - println(j): null

27-02-2024T13:40:23 - [TEST_STEP][PASSED] - playgame = allgames.get(j): null

27-02-2024T13:40:23 - [TEST_STEP][PASSED] - Object = convertWebElementToTestObject(playgame): null

27-02-2024T13:40:23 - [TEST_STEP][PASSED] - scrollToElement(Object, 10): Scroll to object '' successfully

27-02-2024T13:40:23 - [MESSAGE][PASSED] - Scroll to object '' successfully

27-02-2024T13:40:23 - [TEST_STEP][PASSED] - playgame.click(): null

27-02-2024T13:40:23 - [TEST_STEP][PASSED] - delay(2): Delayed 2 second(s)

27-02-2024T13:40:25 - [MESSAGE][PASSED] - Delayed 2 second(s)

27-02-2024T13:40:25 - [TEST_STEP][PASSED] - title = getUrl(): Current window's url is: 'https://haboom.com/d/casino/casino'

27-02-2024T13:40:25 - [MESSAGE][PASSED] - Current window's url is: 'https://haboom.com/d/casino/casino'

27-02-2024T13:40:25 - [TEST_STEP][PASSED] - if (title.contains("notavailable")): null

27-02-2024T13:40:25 - [TEST_STEP][PASSED] - switchToWindowIndex(1): Switched to window with index: '1'

27-02-2024T13:40:25 - [MESSAGE][PASSED] - Switched to window with index: '1'

27-02-2024T13:40:25 - [TEST_STEP][PASSED] - closeWindowIndex(1): Window with index 1 is closed

27-02-2024T13:40:25 - [MESSAGE][PASSED] - Window with index 1 is closed

27-02-2024T13:40:25 - [TEST_STEP][PASSED] - switchToWindowIndex(0): Switched to window with index: '0'

27-02-2024T13:40:25 - [MESSAGE][PASSED] - Switched to window with index: '0'

27-02-2024T13:40:25 - [TEST_STEP][PASSED] - delay(2): Delayed 2 second(s)

27-02-2024T13:40:27 - [MESSAGE][PASSED] - Delayed 2 second(s)

27-02-2024T13:40:27 - [TEST_STEP][PASSED] - println(j): null

27-02-2024T13:40:27 - [TEST_STEP][PASSED] - playgame = allgames.get(j): null

27-02-2024T13:40:27 - [TEST_STEP][PASSED] - Object = convertWebElementToTestObject(playgame): null

27-02-2024T13:40:27 - [TEST_STEP][PASSED] - scrollToElement(Object, 10): Scroll to object '' successfully

27-02-2024T13:40:27 - [MESSAGE][PASSED] - Scroll to object '' successfully

27-02-2024T13:40:27 - [TEST_STEP][PASSED] - playgame.click(): null

27-02-2024T13:40:27 - [TEST_STEP][PASSED] - delay(2): Delayed 2 second(s)

27-02-2024T13:40:29 - [MESSAGE][PASSED] - Delayed 2 second(s)

27-02-2024T13:40:29 - [TEST_STEP][PASSED] - title = getUrl(): Current window's url is: 'https://haboom.com/d/casino/casino'

27-02-2024T13:40:29 - [MESSAGE][PASSED] - Current window's url is: 'https://haboom.com/d/casino/casino'

27-02-2024T13:40:29 - [TEST_STEP][PASSED] - if (title.contains("notavailable")): null

27-02-2024T13:40:29 - [TEST_STEP][PASSED] - switchToWindowIndex(1): Switched to window with index: '1'

27-02-2024T13:40:29 - [MESSAGE][PASSED] - Switched to window with index: '1'

27-02-2024T13:40:29 - [TEST_STEP][PASSED] - closeWindowIndex(1): Window with index 1 is closed

27-02-2024T13:40:29 - [MESSAGE][PASSED] - Window with index 1 is closed

27-02-2024T13:40:29 - [TEST_STEP][PASSED] - switchToWindowIndex(0): Switched to window with index: '0'

27-02-2024T13:40:29 - [MESSAGE][PASSED] - Switched to window with index: '0'

27-02-2024T13:40:29 - [TEST_STEP][PASSED] - delay(2): Delayed 2 second(s)

27-02-2024T13:40:31 - [MESSAGE][PASSED] - Delayed 2 second(s)

27-02-2024T13:40:31 - [TEST_STEP][PASSED] - println(j): null

27-02-2024T13:40:31 - [TEST_STEP][PASSED] - playgame = allgames.get(j): null

27-02-2024T13:40:31 - [TEST_STEP][PASSED] - Object = convertWebElementToTestObject(playgame): null

27-02-2024T13:40:32 - [TEST_STEP][PASSED] - scrollToElement(Object, 10): Scroll to object '' successfully

27-02-2024T13:40:32 - [MESSAGE][PASSED] - Scroll to object '' successfully

27-02-2024T13:40:32 - [TEST_STEP][PASSED] - playgame.click(): null

27-02-2024T13:40:32 - [TEST_STEP][PASSED] - delay(2): Delayed 2 second(s)

27-02-2024T13:40:34 - [MESSAGE][PASSED] - Delayed 2 second(s)

27-02-2024T13:40:34 - [TEST_STEP][PASSED] - title = getUrl(): Current window's url is: 'https://haboom.com/d/casino/casino'

27-02-2024T13:40:34 - [MESSAGE][PASSED] - Current window's url is: 'https://haboom.com/d/casino/casino'

27-02-2024T13:40:34 - [TEST_STEP][PASSED] - if (title.contains("notavailable")): null

27-02-2024T13:40:34 - [TEST_STEP][PASSED] - switchToWindowIndex(1): Switched to window with index: '1'

27-02-2024T13:40:34 - [MESSAGE][PASSED] - Switched to window with index: '1'

27-02-2024T13:40:34 - [TEST_STEP][PASSED] - closeWindowIndex(1): Window with index 1 is closed

27-02-2024T13:40:34 - [MESSAGE][PASSED] - Window with index 1 is closed

27-02-2024T13:40:34 - [TEST_STEP][PASSED] - switchToWindowIndex(0): Switched to window with index: '0'

27-02-2024T13:40:34 - [MESSAGE][PASSED] - Switched to window with index: '0'

27-02-2024T13:40:34 - [TEST_STEP][PASSED] - delay(2): Delayed 2 second(s)

27-02-2024T13:40:36 - [MESSAGE][PASSED] - Delayed 2 second(s)

27-02-2024T13:40:36 - [TEST_STEP][PASSED] - println(j): null

27-02-2024T13:40:36 - [TEST_STEP][PASSED] - playgame = allgames.get(j): null

27-02-2024T13:40:36 - [TEST_STEP][PASSED] - Object = convertWebElementToTestObject(playgame): null

27-02-2024T13:40:36 - [TEST_STEP][PASSED] - scrollToElement(Object, 10): Scroll to object '' successfully

27-02-2024T13:40:36 - [MESSAGE][PASSED] - Scroll to object '' successfully

27-02-2024T13:40:36 - [TEST_STEP][PASSED] - playgame.click(): null

27-02-2024T13:40:36 - [TEST_STEP][PASSED] - delay(2): Delayed 2 second(s)

27-02-2024T13:40:38 - [MESSAGE][PASSED] - Delayed 2 second(s)

27-02-2024T13:40:38 - [TEST_STEP][PASSED] - title = getUrl(): Current window's url is: 'https://haboom.com/d/casino/casino'

27-02-2024T13:40:38 - [MESSAGE][PASSED] - Current window's url is: 'https://haboom.com/d/casino/casino'

27-02-2024T13:40:38 - [TEST_STEP][PASSED] - if (title.contains("notavailable")): null

27-02-2024T13:40:38 - [TEST_STEP][PASSED] - switchToWindowIndex(1): Switched to window with index: '1'

27-02-2024T13:40:38 - [MESSAGE][PASSED] - Switched to window with index: '1'

27-02-2024T13:40:38 - [TEST_STEP][PASSED] - closeWindowIndex(1): Window with index 1 is closed

27-02-2024T13:40:38 - [MESSAGE][PASSED] - Window with index 1 is closed

27-02-2024T13:40:38 - [TEST_STEP][PASSED] - switchToWindowIndex(0): Switched to window with index: '0'

27-02-2024T13:40:38 - [MESSAGE][PASSED] - Switched to window with index: '0'

27-02-2024T13:40:38 - [TEST_STEP][PASSED] - delay(2): Delayed 2 second(s)

27-02-2024T13:40:40 - [MESSAGE][PASSED] - Delayed 2 second(s)

27-02-2024T13:40:40 - [TEST_STEP][PASSED] - println(j): null

27-02-2024T13:40:40 - [TEST_STEP][PASSED] - playgame = allgames.get(j): null

27-02-2024T13:40:40 - [TEST_STEP][PASSED] - Object = convertWebElementToTestObject(playgame): null

27-02-2024T13:40:40 - [TEST_STEP][PASSED] - scrollToElement(Object, 10): Scroll to object '' successfully

27-02-2024T13:40:40 - [MESSAGE][PASSED] - Scroll to object '' successfully

27-02-2024T13:40:40 - [TEST_STEP][PASSED] - playgame.click(): null

27-02-2024T13:40:40 - [TEST_STEP][PASSED] - delay(2): Delayed 2 second(s)

27-02-2024T13:40:42 - [MESSAGE][PASSED] - Delayed 2 second(s)

27-02-2024T13:40:42 - [TEST_STEP][PASSED] - title = getUrl(): Current window's url is: 'https://haboom.com/d/casino/casino'

27-02-2024T13:40:42 - [MESSAGE][PASSED] - Current window's url is: 'https://haboom.com/d/casino/casino'

27-02-2024T13:40:42 - [TEST_STEP][PASSED] - if (title.contains("notavailable")): null

27-02-2024T13:40:42 - [TEST_STEP][PASSED] - switchToWindowIndex(1): Switched to window with index: '1'

27-02-2024T13:40:42 - [MESSAGE][PASSED] - Switched to window with index: '1'

27-02-2024T13:40:42 - [TEST_STEP][PASSED] - closeWindowIndex(1): Window with index 1 is closed

27-02-2024T13:40:42 - [MESSAGE][PASSED] - Window with index 1 is closed

27-02-2024T13:40:42 - [TEST_STEP][PASSED] - switchToWindowIndex(0): Switched to window with index: '0'

27-02-2024T13:40:42 - [MESSAGE][PASSED] - Switched to window with index: '0'

27-02-2024T13:40:42 - [TEST_STEP][PASSED] - delay(2): Delayed 2 second(s)

27-02-2024T13:40:44 - [MESSAGE][PASSED] - Delayed 2 second(s)

27-02-2024T13:40:44 - [TEST_STEP][PASSED] - println(j): null

27-02-2024T13:40:44 - [TEST_STEP][PASSED] - playgame = allgames.get(j): null

27-02-2024T13:40:44 - [TEST_STEP][PASSED] - Object = convertWebElementToTestObject(playgame): null

27-02-2024T13:40:44 - [TEST_STEP][PASSED] - scrollToElement(Object, 10): Scroll to object '' successfully

27-02-2024T13:40:44 - [MESSAGE][PASSED] - Scroll to object '' successfully

27-02-2024T13:40:44 - [TEST_STEP][PASSED] - playgame.click(): null

27-02-2024T13:40:44 - [TEST_STEP][PASSED] - delay(2): Delayed 2 second(s)

27-02-2024T13:40:46 - [MESSAGE][PASSED] - Delayed 2 second(s)

27-02-2024T13:40:46 - [TEST_STEP][PASSED] - title = getUrl(): Current window's url is: 'https://haboom.com/d/casino/casino'

27-02-2024T13:40:46 - [MESSAGE][PASSED] - Current window's url is: 'https://haboom.com/d/casino/casino'

27-02-2024T13:40:46 - [TEST_STEP][PASSED] - if (title.contains("notavailable")): null

27-02-2024T13:40:46 - [TEST_STEP][PASSED] - switchToWindowIndex(1): Switched to window with index: '1'

27-02-2024T13:40:46 - [MESSAGE][PASSED] - Switched to window with index: '1'

27-02-2024T13:40:46 - [TEST_STEP][PASSED] - closeWindowIndex(1): Window with index 1 is closed

27-02-2024T13:40:46 - [MESSAGE][PASSED] - Window with index 1 is closed

27-02-2024T13:40:46 - [TEST_STEP][PASSED] - switchToWindowIndex(0): Switched to window with index: '0'

27-02-2024T13:40:46 - [MESSAGE][PASSED] - Switched to window with index: '0'

27-02-2024T13:40:46 - [TEST_STEP][PASSED] - delay(2): Delayed 2 second(s)

27-02-2024T13:40:48 - [MESSAGE][PASSED] - Delayed 2 second(s)

27-02-2024T13:40:48 - [TEST_STEP][PASSED] - println(j): null

27-02-2024T13:40:48 - [TEST_STEP][PASSED] - playgame = allgames.get(j): null

27-02-2024T13:40:48 - [TEST_STEP][PASSED] - Object = convertWebElementToTestObject(playgame): null

27-02-2024T13:40:48 - [TEST_STEP][PASSED] - scrollToElement(Object, 10): Scroll to object '' successfully

27-02-2024T13:40:48 - [MESSAGE][PASSED] - Scroll to object '' successfully

27-02-2024T13:40:48 - [TEST_STEP][PASSED] - playgame.click(): null

27-02-2024T13:40:49 - [TEST_STEP][PASSED] - delay(2): Delayed 2 second(s)

27-02-2024T13:40:51 - [MESSAGE][PASSED] - Delayed 2 second(s)

27-02-2024T13:40:51 - [TEST_STEP][PASSED] - title = getUrl(): Current window's url is: 'https://haboom.com/d/casino/casino'

27-02-2024T13:40:51 - [MESSAGE][PASSED] - Current window's url is: 'https://haboom.com/d/casino/casino'

27-02-2024T13:40:51 - [TEST_STEP][PASSED] - if (title.contains("notavailable")): null

27-02-2024T13:40:51 - [TEST_STEP][PASSED] - switchToWindowIndex(1): Switched to window with index: '1'

27-02-2024T13:40:51 - [MESSAGE][PASSED] - Switched to window with index: '1'

27-02-2024T13:40:51 - [TEST_STEP][PASSED] - closeWindowIndex(1): Window with index 1 is closed

27-02-2024T13:40:51 - [MESSAGE][PASSED] - Window with index 1 is closed

27-02-2024T13:40:51 - [TEST_STEP][PASSED] - switchToWindowIndex(0): Switched to window with index: '0'

27-02-2024T13:40:51 - [MESSAGE][PASSED] - Switched to window with index: '0'

27-02-2024T13:40:51 - [TEST_STEP][PASSED] - delay(2): Delayed 2 second(s)

27-02-2024T13:40:53 - [MESSAGE][PASSED] - Delayed 2 second(s)

27-02-2024T13:40:53 - [TEST_STEP][PASSED] - println(j): null

27-02-2024T13:40:53 - [TEST_STEP][PASSED] - playgame = allgames.get(j): null

27-02-2024T13:40:53 - [TEST_STEP][PASSED] - Object = convertWebElementToTestObject(playgame): null

27-02-2024T13:40:53 - [TEST_STEP][PASSED] - scrollToElement(Object, 10): Scroll to object '' successfully

27-02-2024T13:40:53 - [MESSAGE][PASSED] - Scroll to object '' successfully

27-02-2024T13:40:53 - [TEST_STEP][PASSED] - playgame.click(): null

27-02-2024T13:40:53 - [TEST_STEP][PASSED] - delay(2): Delayed 2 second(s)

27-02-2024T13:40:55 - [MESSAGE][PASSED] - Delayed 2 second(s)

27-02-2024T13:40:55 - [TEST_STEP][PASSED] - title = getUrl(): Current window's url is: 'https://haboom.com/d/casino/casino'

27-02-2024T13:40:55 - [MESSAGE][PASSED] - Current window's url is: 'https://haboom.com/d/casino/casino'

27-02-2024T13:40:55 - [TEST_STEP][PASSED] - if (title.contains("notavailable")): null

27-02-2024T13:40:55 - [TEST_STEP][PASSED] - switchToWindowIndex(1): Switched to window with index: '1'

27-02-2024T13:40:55 - [MESSAGE][PASSED] - Switched to window with index: '1'

27-02-2024T13:40:55 - [TEST_STEP][PASSED] - closeWindowIndex(1): Window with index 1 is closed

27-02-2024T13:40:55 - [MESSAGE][PASSED] - Window with index 1 is closed

27-02-2024T13:40:55 - [TEST_STEP][PASSED] - switchToWindowIndex(0): Switched to window with index: '0'

27-02-2024T13:40:55 - [MESSAGE][PASSED] - Switched to window with index: '0'

27-02-2024T13:40:55 - [TEST_STEP][PASSED] - delay(2): Delayed 2 second(s)

27-02-2024T13:40:57 - [MESSAGE][PASSED] - Delayed 2 second(s)

27-02-2024T13:40:57 - [TEST_STEP][PASSED] - println(j): null

27-02-2024T13:40:57 - [TEST_STEP][PASSED] - playgame = allgames.get(j): null

27-02-2024T13:40:57 - [TEST_STEP][PASSED] - Object = convertWebElementToTestObject(playgame): null

27-02-2024T13:40:57 - [TEST_STEP][PASSED] - scrollToElement(Object, 10): Scroll to object '' successfully

27-02-2024T13:40:57 - [MESSAGE][PASSED] - Scroll to object '' successfully

27-02-2024T13:40:57 - [TEST_STEP][PASSED] - playgame.click(): null

27-02-2024T13:40:57 - [TEST_STEP][PASSED] - delay(2): Delayed 2 second(s)

27-02-2024T13:40:59 - [MESSAGE][PASSED] - Delayed 2 second(s)

27-02-2024T13:40:59 - [TEST_STEP][PASSED] - title = getUrl(): Current window's url is: 'https://haboom.com/d/casino/casino'

27-02-2024T13:40:59 - [MESSAGE][PASSED] - Current window's url is: 'https://haboom.com/d/casino/casino'

27-02-2024T13:40:59 - [TEST_STEP][PASSED] - if (title.contains("notavailable")): null

27-02-2024T13:40:59 - [TEST_STEP][PASSED] - switchToWindowIndex(1): Switched to window with index: '1'

27-02-2024T13:40:59 - [MESSAGE][PASSED] - Switched to window with index: '1'

27-02-2024T13:40:59 - [TEST_STEP][PASSED] - closeWindowIndex(1): Window with index 1 is closed

27-02-2024T13:40:59 - [MESSAGE][PASSED] - Window with index 1 is closed

27-02-2024T13:40:59 - [TEST_STEP][PASSED] - switchToWindowIndex(0): Switched to window with index: '0'

27-02-2024T13:40:59 - [MESSAGE][PASSED] - Switched to window with index: '0'

27-02-2024T13:40:59 - [TEST_STEP][PASSED] - delay(2): Delayed 2 second(s)

27-02-2024T13:41:01 - [MESSAGE][PASSED] - Delayed 2 second(s)

27-02-2024T13:41:01 - [TEST_STEP][PASSED] - println(j): null

27-02-2024T13:41:01 - [TEST_STEP][PASSED] - playgame = allgames.get(j): null

27-02-2024T13:41:01 - [TEST_STEP][PASSED] - Object = convertWebElementToTestObject(playgame): null

27-02-2024T13:41:01 - [TEST_STEP][PASSED] - scrollToElement(Object, 10): Scroll to object '' successfully

27-02-2024T13:41:01 - [MESSAGE][PASSED] - Scroll to object '' successfully

27-02-2024T13:41:01 - [TEST_STEP][PASSED] - playgame.click(): null

27-02-2024T13:41:01 - [TEST_STEP][PASSED] - delay(2): Delayed 2 second(s)

27-02-2024T13:41:03 - [MESSAGE][PASSED] - Delayed 2 second(s)

27-02-2024T13:41:03 - [TEST_STEP][PASSED] - title = getUrl(): Current window's url is: 'https://haboom.com/d/casino/casino'

27-02-2024T13:41:03 - [MESSAGE][PASSED] - Current window's url is: 'https://haboom.com/d/casino/casino'

27-02-2024T13:41:03 - [TEST_STEP][PASSED] - if (title.contains("notavailable")): null

27-02-2024T13:41:03 - [TEST_STEP][PASSED] - switchToWindowIndex(1): Switched to window with index: '1'

27-02-2024T13:41:03 - [MESSAGE][PASSED] - Switched to window with index: '1'

27-02-2024T13:41:03 - [TEST_STEP][PASSED] - closeWindowIndex(1): Window with index 1 is closed

27-02-2024T13:41:04 - [MESSAGE][PASSED] - Window with index 1 is closed

27-02-2024T13:41:04 - [TEST_STEP][PASSED] - switchToWindowIndex(0): Switched to window with index: '0'

27-02-2024T13:41:04 - [MESSAGE][PASSED] - Switched to window with index: '0'

27-02-2024T13:41:04 - [TEST_STEP][PASSED] - delay(2): Delayed 2 second(s)

27-02-2024T13:41:06 - [MESSAGE][PASSED] - Delayed 2 second(s)

27-02-2024T13:41:06 - [TEST_STEP][PASSED] - println(j): null

27-02-2024T13:41:06 - [TEST_STEP][PASSED] - playgame = allgames.get(j): null

27-02-2024T13:41:06 - [TEST_STEP][PASSED] - Object = convertWebElementToTestObject(playgame): null

27-02-2024T13:41:06 - [TEST_STEP][PASSED] - scrollToElement(Object, 10): Scroll to object '' successfully

27-02-2024T13:41:06 - [MESSAGE][PASSED] - Scroll to object '' successfully

27-02-2024T13:41:06 - [TEST_STEP][PASSED] - playgame.click(): null

27-02-2024T13:41:06 - [TEST_STEP][PASSED] - delay(2): Delayed 2 second(s)

27-02-2024T13:41:08 - [MESSAGE][PASSED] - Delayed 2 second(s)

27-02-2024T13:41:08 - [TEST_STEP][PASSED] - title = getUrl(): Current window's url is: 'https://haboom.com/d/casino/casino'

27-02-2024T13:41:08 - [MESSAGE][PASSED] - Current window's url is: 'https://haboom.com/d/casino/casino'

27-02-2024T13:41:08 - [TEST_STEP][PASSED] - if (title.contains("notavailable")): null

27-02-2024T13:41:08 - [TEST_STEP][PASSED] - switchToWindowIndex(1): Switched to window with index: '1'

27-02-2024T13:41:08 - [MESSAGE][PASSED] - Switched to window with index: '1'

27-02-2024T13:41:08 - [TEST_STEP][PASSED] - closeWindowIndex(1): Window with index 1 is closed

27-02-2024T13:41:08 - [MESSAGE][PASSED] - Window with index 1 is closed

27-02-2024T13:41:08 - [TEST_STEP][PASSED] - switchToWindowIndex(0): Switched to window with index: '0'

27-02-2024T13:41:08 - [MESSAGE][PASSED] - Switched to window with index: '0'

27-02-2024T13:41:08 - [TEST_STEP][PASSED] - delay(2): Delayed 2 second(s)

27-02-2024T13:41:10 - [MESSAGE][PASSED] - Delayed 2 second(s)

27-02-2024T13:41:10 - [TEST_STEP][PASSED] - println(j): null

27-02-2024T13:41:10 - [TEST_STEP][PASSED] - playgame = allgames.get(j): null

27-02-2024T13:41:10 - [TEST_STEP][PASSED] - Object = convertWebElementToTestObject(playgame): null

27-02-2024T13:41:10 - [TEST_STEP][PASSED] - scrollToElement(Object, 10): Scroll to object '' successfully

27-02-2024T13:41:10 - [MESSAGE][PASSED] - Scroll to object '' successfully

27-02-2024T13:41:10 - [TEST_STEP][PASSED] - playgame.click(): null

27-02-2024T13:41:10 - [TEST_STEP][PASSED] - delay(2): Delayed 2 second(s)

27-02-2024T13:41:12 - [MESSAGE][PASSED] - Delayed 2 second(s)

27-02-2024T13:41:12 - [TEST_STEP][PASSED] - title = getUrl(): Current window's url is: 'https://haboom.com/d/casino/casino'

27-02-2024T13:41:12 - [MESSAGE][PASSED] - Current window's url is: 'https://haboom.com/d/casino/casino'

27-02-2024T13:41:12 - [TEST_STEP][PASSED] - if (title.contains("notavailable")): null

27-02-2024T13:41:12 - [TEST_STEP][PASSED] - switchToWindowIndex(1): Switched to window with index: '1'

27-02-2024T13:41:12 - [MESSAGE][PASSED] - Switched to window with index: '1'

27-02-2024T13:41:12 - [TEST_STEP][PASSED] - closeWindowIndex(1): Window with index 1 is closed

27-02-2024T13:41:12 - [MESSAGE][PASSED] - Window with index 1 is closed

27-02-2024T13:41:12 - [TEST_STEP][PASSED] - switchToWindowIndex(0): Switched to window with index: '0'

27-02-2024T13:41:12 - [MESSAGE][PASSED] - Switched to window with index: '0'

27-02-2024T13:41:12 - [TEST_STEP][PASSED] - delay(2): Delayed 2 second(s)

27-02-2024T13:41:14 - [MESSAGE][PASSED] - Delayed 2 second(s)

27-02-2024T13:41:14 - [TEST_STEP][PASSED] - println(j): null

27-02-2024T13:41:14 - [TEST_STEP][PASSED] - playgame = allgames.get(j): null

27-02-2024T13:41:14 - [TEST_STEP][PASSED] - Object = convertWebElementToTestObject(playgame): null

27-02-2024T13:41:14 - [TEST_STEP][PASSED] - scrollToElement(Object, 10): Scroll to object '' successfully

27-02-2024T13:41:14 - [MESSAGE][PASSED] - Scroll to object '' successfully

27-02-2024T13:41:14 - [TEST_STEP][PASSED] - playgame.click(): null

27-02-2024T13:41:14 - [TEST_STEP][PASSED] - delay(2): Delayed 2 second(s)

27-02-2024T13:41:16 - [MESSAGE][PASSED] - Delayed 2 second(s)

27-02-2024T13:41:16 - [TEST_STEP][PASSED] - title = getUrl(): Current window's url is: 'https://haboom.com/d/casino/casino'

27-02-2024T13:41:16 - [MESSAGE][PASSED] - Current window's url is: 'https://haboom.com/d/casino/casino'

27-02-2024T13:41:16 - [TEST_STEP][PASSED] - if (title.contains("notavailable")): null

27-02-2024T13:41:16 - [TEST_STEP][PASSED] - switchToWindowIndex(1): Switched to window with index: '1'

27-02-2024T13:41:16 - [MESSAGE][PASSED] - Switched to window with index: '1'

27-02-2024T13:41:16 - [TEST_STEP][PASSED] - closeWindowIndex(1): Window with index 1 is closed

27-02-2024T13:41:16 - [MESSAGE][PASSED] - Window with index 1 is closed

27-02-2024T13:41:16 - [TEST_STEP][PASSED] - switchToWindowIndex(0): Switched to window with index: '0'

27-02-2024T13:41:16 - [MESSAGE][PASSED] - Switched to window with index: '0'

27-02-2024T13:41:16 - [TEST_STEP][PASSED] - delay(2): Delayed 2 second(s)

27-02-2024T13:41:18 - [MESSAGE][PASSED] - Delayed 2 second(s)

27-02-2024T13:41:18 - [TEST_STEP][PASSED] - println(j): null

27-02-2024T13:41:18 - [TEST_STEP][PASSED] - playgame = allgames.get(j): null

27-02-2024T13:41:18 - [TEST_STEP][PASSED] - Object = convertWebElementToTestObject(playgame): null

27-02-2024T13:41:18 - [TEST_STEP][PASSED] - scrollToElement(Object, 10): Scroll to object '' successfully

27-02-2024T13:41:18 - [MESSAGE][PASSED] - Scroll to object '' successfully

27-02-2024T13:41:18 - [TEST_STEP][PASSED] - playgame.click(): null

27-02-2024T13:41:18 - [TEST_STEP][PASSED] - delay(2): Delayed 2 second(s)

27-02-2024T13:41:20 - [MESSAGE][PASSED] - Delayed 2 second(s)

27-02-2024T13:41:20 - [TEST_STEP][PASSED] - title = getUrl(): Current window's url is: 'https://haboom.com/d/casino/casino'

27-02-2024T13:41:20 - [MESSAGE][PASSED] - Current window's url is: 'https://haboom.com/d/casino/casino'

27-02-2024T13:41:20 - [TEST_STEP][PASSED] - if (title.contains("notavailable")): null

27-02-2024T13:41:20 - [TEST_STEP][PASSED] - switchToWindowIndex(1): Switched to window with index: '1'

27-02-2024T13:41:20 - [MESSAGE][PASSED] - Switched to window with index: '1'

27-02-2024T13:41:20 - [TEST_STEP][PASSED] - closeWindowIndex(1): Window with index 1 is closed

27-02-2024T13:41:20 - [MESSAGE][PASSED] - Window with index 1 is closed

27-02-2024T13:41:20 - [TEST_STEP][PASSED] - switchToWindowIndex(0): Switched to window with index: '0'

27-02-2024T13:41:20 - [MESSAGE][PASSED] - Switched to window with index: '0'

27-02-2024T13:41:20 - [TEST_STEP][PASSED] - delay(2): Delayed 2 second(s)

27-02-2024T13:41:22 - [MESSAGE][PASSED] - Delayed 2 second(s)

27-02-2024T13:41:22 - [TEST_STEP][PASSED] - println(j): null

27-02-2024T13:41:22 - [TEST_STEP][PASSED] - playgame = allgames.get(j): null

27-02-2024T13:41:22 - [TEST_STEP][PASSED] - Object = convertWebElementToTestObject(playgame): null

27-02-2024T13:41:22 - [TEST_STEP][PASSED] - scrollToElement(Object, 10): Scroll to object '' successfully

27-02-2024T13:41:22 - [MESSAGE][PASSED] - Scroll to object '' successfully

27-02-2024T13:41:22 - [TEST_STEP][PASSED] - playgame.click(): null

27-02-2024T13:41:22 - [TEST_STEP][PASSED] - delay(2): Delayed 2 second(s)

27-02-2024T13:41:24 - [MESSAGE][PASSED] - Delayed 2 second(s)

27-02-2024T13:41:24 - [TEST_STEP][PASSED] - title = getUrl(): Current window's url is: 'https://haboom.com/d/casino/casino'

27-02-2024T13:41:24 - [MESSAGE][PASSED] - Current window's url is: 'https://haboom.com/d/casino/casino'

27-02-2024T13:41:24 - [TEST_STEP][PASSED] - if (title.contains("notavailable")): null

27-02-2024T13:41:24 - [TEST_STEP][PASSED] - switchToWindowIndex(1): Switched to window with index: '1'

27-02-2024T13:41:24 - [MESSAGE][PASSED] - Switched to window with index: '1'

27-02-2024T13:41:24 - [TEST_STEP][PASSED] - closeWindowIndex(1): Window with index 1 is closed

27-02-2024T13:41:24 - [MESSAGE][PASSED] - Window with index 1 is closed

27-02-2024T13:41:24 - [TEST_STEP][PASSED] - switchToWindowIndex(0): Switched to window with index: '0'

27-02-2024T13:41:25 - [MESSAGE][PASSED] - Switched to window with index: '0'

27-02-2024T13:41:25 - [TEST_STEP][PASSED] - delay(2): Delayed 2 second(s)

27-02-2024T13:41:27 - [MESSAGE][PASSED] - Delayed 2 second(s)

27-02-2024T13:41:27 - [TEST_STEP][PASSED] - println(j): null

27-02-2024T13:41:27 - [TEST_STEP][PASSED] - playgame = allgames.get(j): null

27-02-2024T13:41:27 - [TEST_STEP][PASSED] - Object = convertWebElementToTestObject(playgame): null

27-02-2024T13:41:27 - [TEST_STEP][PASSED] - scrollToElement(Object, 10): Scroll to object '' successfully

27-02-2024T13:41:27 - [MESSAGE][PASSED] - Scroll to object '' successfully

27-02-2024T13:41:27 - [TEST_STEP][PASSED] - playgame.click(): null

27-02-2024T13:41:27 - [TEST_STEP][PASSED] - delay(2): Delayed 2 second(s)

27-02-2024T13:41:29 - [MESSAGE][PASSED] - Delayed 2 second(s)

27-02-2024T13:41:29 - [TEST_STEP][PASSED] - title = getUrl(): Current window's url is: 'https://haboom.com/d/casino/casino'

27-02-2024T13:41:29 - [MESSAGE][PASSED] - Current window's url is: 'https://haboom.com/d/casino/casino'

27-02-2024T13:41:29 - [TEST_STEP][PASSED] - if (title.contains("notavailable")): null

27-02-2024T13:41:29 - [TEST_STEP][PASSED] - switchToWindowIndex(1): Switched to window with index: '1'

27-02-2024T13:41:29 - [MESSAGE][PASSED] - Switched to window with index: '1'

27-02-2024T13:41:29 - [TEST_STEP][PASSED] - closeWindowIndex(1): Window with index 1 is closed

27-02-2024T13:41:29 - [MESSAGE][PASSED] - Window with index 1 is closed

27-02-2024T13:41:29 - [TEST_STEP][PASSED] - switchToWindowIndex(0): Switched to window with index: '0'

27-02-2024T13:41:29 - [MESSAGE][PASSED] - Switched to window with index: '0'

27-02-2024T13:41:29 - [TEST_STEP][PASSED] - delay(2): Delayed 2 second(s)

27-02-2024T13:41:31 - [MESSAGE][PASSED] - Delayed 2 second(s)

27-02-2024T13:41:31 - [TEST_STEP][PASSED] - println(j): null

27-02-2024T13:41:31 - [TEST_STEP][PASSED] - playgame = allgames.get(j): null

27-02-2024T13:41:31 - [TEST_STEP][PASSED] - Object = convertWebElementToTestObject(playgame): null

27-02-2024T13:41:31 - [TEST_STEP][PASSED] - scrollToElement(Object, 10): Scroll to object '' successfully

27-02-2024T13:41:31 - [MESSAGE][PASSED] - Scroll to object '' successfully

27-02-2024T13:41:31 - [TEST_STEP][PASSED] - playgame.click(): null

27-02-2024T13:41:31 - [TEST_STEP][PASSED] - delay(2): Delayed 2 second(s)

27-02-2024T13:41:33 - [MESSAGE][PASSED] - Delayed 2 second(s)

27-02-2024T13:41:33 - [TEST_STEP][PASSED] - title = getUrl(): Current window's url is: 'https://haboom.com/d/casino/casino'

27-02-2024T13:41:33 - [MESSAGE][PASSED] - Current window's url is: 'https://haboom.com/d/casino/casino'

27-02-2024T13:41:33 - [TEST_STEP][PASSED] - if (title.contains("notavailable")): null

27-02-2024T13:41:33 - [TEST_STEP][PASSED] - switchToWindowIndex(1): Switched to window with index: '1'

27-02-2024T13:41:33 - [MESSAGE][PASSED] - Switched to window with index: '1'

27-02-2024T13:41:33 - [TEST_STEP][PASSED] - closeWindowIndex(1): Window with index 1 is closed

27-02-2024T13:41:33 - [MESSAGE][PASSED] - Window with index 1 is closed

27-02-2024T13:41:33 - [TEST_STEP][PASSED] - switchToWindowIndex(0): Switched to window with index: '0'

27-02-2024T13:41:33 - [MESSAGE][PASSED] - Switched to window with index: '0'

27-02-2024T13:41:33 - [TEST_STEP][PASSED] - delay(2): Delayed 2 second(s)

27-02-2024T13:41:35 - [MESSAGE][PASSED] - Delayed 2 second(s)

27-02-2024T13:41:35 - [TEST_STEP][PASSED] - println(j): null

27-02-2024T13:41:35 - [TEST_STEP][PASSED] - playgame = allgames.get(j): null

27-02-2024T13:41:35 - [TEST_STEP][PASSED] - Object = convertWebElementToTestObject(playgame): null

27-02-2024T13:41:35 - [TEST_STEP][PASSED] - scrollToElement(Object, 10): Scroll to object '' successfully

27-02-2024T13:41:35 - [MESSAGE][PASSED] - Scroll to object '' successfully

27-02-2024T13:41:35 - [TEST_STEP][PASSED] - playgame.click(): null

27-02-2024T13:41:35 - [TEST_STEP][PASSED] - delay(2): Delayed 2 second(s)

27-02-2024T13:41:37 - [MESSAGE][PASSED] - Delayed 2 second(s)

27-02-2024T13:41:37 - [TEST_STEP][PASSED] - title = getUrl(): Current window's url is: 'https://haboom.com/d/casino/casino'

27-02-2024T13:41:37 - [MESSAGE][PASSED] - Current window's url is: 'https://haboom.com/d/casino/casino'

27-02-2024T13:41:37 - [TEST_STEP][PASSED] - if (title.contains("notavailable")): null

27-02-2024T13:41:37 - [TEST_STEP][PASSED] - switchToWindowIndex(1): Switched to window with index: '1'

27-02-2024T13:41:37 - [MESSAGE][PASSED] - Switched to window with index: '1'

27-02-2024T13:41:37 - [TEST_STEP][PASSED] - closeWindowIndex(1): Window with index 1 is closed

27-02-2024T13:41:37 - [MESSAGE][PASSED] - Window with index 1 is closed

27-02-2024T13:41:37 - [TEST_STEP][PASSED] - switchToWindowIndex(0): Switched to window with index: '0'

27-02-2024T13:41:37 - [MESSAGE][PASSED] - Switched to window with index: '0'

27-02-2024T13:41:37 - [TEST_STEP][PASSED] - delay(2): Delayed 2 second(s)

27-02-2024T13:41:39 - [MESSAGE][PASSED] - Delayed 2 second(s)

27-02-2024T13:41:39 - [TEST_STEP][PASSED] - println(j): null

27-02-2024T13:41:39 - [TEST_STEP][PASSED] - playgame = allgames.get(j): null

27-02-2024T13:41:39 - [TEST_STEP][PASSED] - Object = convertWebElementToTestObject(playgame): null

27-02-2024T13:41:39 - [TEST_STEP][PASSED] - scrollToElement(Object, 10): Scroll to object '' successfully

27-02-2024T13:41:39 - [MESSAGE][PASSED] - Scroll to object '' successfully

27-02-2024T13:41:39 - [TEST_STEP][PASSED] - playgame.click(): null

27-02-2024T13:41:39 - [TEST_STEP][PASSED] - delay(2): Delayed 2 second(s)

27-02-2024T13:41:41 - [MESSAGE][PASSED] - Delayed 2 second(s)

27-02-2024T13:41:41 - [TEST_STEP][PASSED] - title = getUrl(): Current window's url is: 'https://haboom.com/d/casino/casino'

27-02-2024T13:41:41 - [MESSAGE][PASSED] - Current window's url is: 'https://haboom.com/d/casino/casino'

27-02-2024T13:41:41 - [TEST_STEP][PASSED] - if (title.contains("notavailable")): null

27-02-2024T13:41:41 - [TEST_STEP][PASSED] - switchToWindowIndex(1): Switched to window with index: '1'

27-02-2024T13:41:41 - [MESSAGE][PASSED] - Switched to window with index: '1'

27-02-2024T13:41:41 - [TEST_STEP][PASSED] - closeWindowIndex(1): Window with index 1 is closed

27-02-2024T13:41:41 - [MESSAGE][PASSED] - Window with index 1 is closed

27-02-2024T13:41:41 - [TEST_STEP][PASSED] - switchToWindowIndex(0): Switched to window with index: '0'

27-02-2024T13:41:41 - [MESSAGE][PASSED] - Switched to window with index: '0'

27-02-2024T13:41:41 - [TEST_STEP][PASSED] - delay(2): Delayed 2 second(s)

27-02-2024T13:41:43 - [MESSAGE][PASSED] - Delayed 2 second(s)

27-02-2024T13:41:43 - [TEST_STEP][PASSED] - println(j): null

27-02-2024T13:41:43 - [TEST_STEP][PASSED] - playgame = allgames.get(j): null

27-02-2024T13:41:43 - [TEST_STEP][PASSED] - Object = convertWebElementToTestObject(playgame): null

27-02-2024T13:41:43 - [TEST_STEP][PASSED] - scrollToElement(Object, 10): Scroll to object '' successfully

27-02-2024T13:41:43 - [MESSAGE][PASSED] - Scroll to object '' successfully

27-02-2024T13:41:43 - [TEST_STEP][PASSED] - playgame.click(): null

27-02-2024T13:41:43 - [TEST_STEP][PASSED] - delay(2): Delayed 2 second(s)

27-02-2024T13:41:45 - [MESSAGE][PASSED] - Delayed 2 second(s)

27-02-2024T13:41:45 - [TEST_STEP][PASSED] - title = getUrl(): Current window's url is: 'https://haboom.com/d/casino/casino'

27-02-2024T13:41:45 - [MESSAGE][PASSED] - Current window's url is: 'https://haboom.com/d/casino/casino'

27-02-2024T13:41:45 - [TEST_STEP][PASSED] - if (title.contains("notavailable")): null

27-02-2024T13:41:45 - [TEST_STEP][PASSED] - switchToWindowIndex(1): Switched to window with index: '1'

27-02-2024T13:41:45 - [MESSAGE][PASSED] - Switched to window with index: '1'

27-02-2024T13:41:45 - [TEST_STEP][PASSED] - closeWindowIndex(1): Window with index 1 is closed

27-02-2024T13:41:46 - [MESSAGE][PASSED] - Window with index 1 is closed

27-02-2024T13:41:46 - [TEST_STEP][PASSED] - switchToWindowIndex(0): Switched to window with index: '0'

27-02-2024T13:41:46 - [MESSAGE][PASSED] - Switched to window with index: '0'

27-02-2024T13:41:46 - [TEST_STEP][PASSED] - delay(2): Delayed 2 second(s)

27-02-2024T13:41:48 - [MESSAGE][PASSED] - Delayed 2 second(s)

27-02-2024T13:41:48 - [TEST_STEP][PASSED] - println(j): null

27-02-2024T13:41:48 - [TEST_STEP][PASSED] - playgame = allgames.get(j): null

27-02-2024T13:41:48 - [TEST_STEP][PASSED] - Object = convertWebElementToTestObject(playgame): null

27-02-2024T13:41:48 - [TEST_STEP][PASSED] - scrollToElement(Object, 10): Scroll to object '' successfully

27-02-2024T13:41:48 - [MESSAGE][PASSED] - Scroll to object '' successfully

27-02-2024T13:41:48 - [TEST_STEP][PASSED] - playgame.click(): null

27-02-2024T13:41:48 - [TEST_STEP][PASSED] - delay(2): Delayed 2 second(s)

27-02-2024T13:41:50 - [MESSAGE][PASSED] - Delayed 2 second(s)

27-02-2024T13:41:50 - [TEST_STEP][PASSED] - title = getUrl(): Current window's url is: 'https://haboom.com/d/casino/casino'

27-02-2024T13:41:50 - [MESSAGE][PASSED] - Current window's url is: 'https://haboom.com/d/casino/casino'

27-02-2024T13:41:50 - [TEST_STEP][PASSED] - if (title.contains("notavailable")): null

27-02-2024T13:41:50 - [TEST_STEP][PASSED] - switchToWindowIndex(1): Switched to window with index: '1'

27-02-2024T13:41:50 - [MESSAGE][PASSED] - Switched to window with index: '1'

27-02-2024T13:41:50 - [TEST_STEP][PASSED] - closeWindowIndex(1): Window with index 1 is closed

27-02-2024T13:41:50 - [MESSAGE][PASSED] - Window with index 1 is closed

27-02-2024T13:41:50 - [TEST_STEP][PASSED] - switchToWindowIndex(0): Switched to window with index: '0'

27-02-2024T13:41:50 - [MESSAGE][PASSED] - Switched to window with index: '0'

27-02-2024T13:41:50 - [TEST_STEP][PASSED] - delay(2): Delayed 2 second(s)

27-02-2024T13:41:52 - [MESSAGE][PASSED] - Delayed 2 second(s)

27-02-2024T13:41:52 - [TEST_STEP][PASSED] - println(j): null

27-02-2024T13:41:52 - [TEST_STEP][PASSED] - playgame = allgames.get(j): null

27-02-2024T13:41:52 - [TEST_STEP][PASSED] - Object = convertWebElementToTestObject(playgame): null

27-02-2024T13:41:52 - [TEST_STEP][PASSED] - scrollToElement(Object, 10): Scroll to object '' successfully

27-02-2024T13:41:52 - [MESSAGE][PASSED] - Scroll to object '' successfully

27-02-2024T13:41:52 - [TEST_STEP][PASSED] - playgame.click(): null

27-02-2024T13:41:52 - [TEST_STEP][PASSED] - delay(2): Delayed 2 second(s)

27-02-2024T13:41:54 - [MESSAGE][PASSED] - Delayed 2 second(s)

27-02-2024T13:41:54 - [TEST_STEP][PASSED] - title = getUrl(): Current window's url is: 'https://haboom.com/d/casino/casino'

27-02-2024T13:41:54 - [MESSAGE][PASSED] - Current window's url is: 'https://haboom.com/d/casino/casino'

27-02-2024T13:41:54 - [TEST_STEP][PASSED] - if (title.contains("notavailable")): null

27-02-2024T13:41:54 - [TEST_STEP][PASSED] - switchToWindowIndex(1): Switched to window with index: '1'

27-02-2024T13:41:54 - [MESSAGE][PASSED] - Switched to window with index: '1'

27-02-2024T13:41:54 - [TEST_STEP][PASSED] - closeWindowIndex(1): Window with index 1 is closed

27-02-2024T13:41:54 - [MESSAGE][PASSED] - Window with index 1 is closed

27-02-2024T13:41:54 - [TEST_STEP][PASSED] - switchToWindowIndex(0): Switched to window with index: '0'

27-02-2024T13:41:54 - [MESSAGE][PASSED] - Switched to window with index: '0'

27-02-2024T13:41:54 - [TEST_STEP][PASSED] - delay(2): Delayed 2 second(s)

27-02-2024T13:41:56 - [MESSAGE][PASSED] - Delayed 2 second(s)

27-02-2024T13:41:56 - [TEST_STEP][PASSED] - println(j): null

27-02-2024T13:41:56 - [TEST_STEP][PASSED] - playgame = allgames.get(j): null

27-02-2024T13:41:56 - [TEST_STEP][PASSED] - Object = convertWebElementToTestObject(playgame): null

27-02-2024T13:41:56 - [TEST_STEP][PASSED] - scrollToElement(Object, 10): Scroll to object '' successfully

27-02-2024T13:41:56 - [MESSAGE][PASSED] - Scroll to object '' successfully

27-02-2024T13:41:56 - [TEST_STEP][PASSED] - playgame.click(): null

27-02-2024T13:41:56 - [TEST_STEP][PASSED] - delay(2): Delayed 2 second(s)

27-02-2024T13:41:58 - [MESSAGE][PASSED] - Delayed 2 second(s)

27-02-2024T13:41:58 - [TEST_STEP][PASSED] - title = getUrl(): Current window's url is: 'https://haboom.com/d/casino/casino'

27-02-2024T13:41:58 - [MESSAGE][PASSED] - Current window's url is: 'https://haboom.com/d/casino/casino'

27-02-2024T13:41:58 - [TEST_STEP][PASSED] - if (title.contains("notavailable")): null

27-02-2024T13:41:58 - [TEST_STEP][PASSED] - switchToWindowIndex(1): Switched to window with index: '1'

27-02-2024T13:41:58 - [MESSAGE][PASSED] - Switched to window with index: '1'

27-02-2024T13:41:58 - [TEST_STEP][PASSED] - closeWindowIndex(1): Window with index 1 is closed

27-02-2024T13:41:58 - [MESSAGE][PASSED] - Window with index 1 is closed

27-02-2024T13:41:58 - [TEST_STEP][PASSED] - switchToWindowIndex(0): Switched to window with index: '0'

27-02-2024T13:41:58 - [MESSAGE][PASSED] - Switched to window with index: '0'

27-02-2024T13:41:58 - [TEST_STEP][PASSED] - delay(2): Delayed 2 second(s)

27-02-2024T13:42:00 - [MESSAGE][PASSED] - Delayed 2 second(s)

27-02-2024T13:42:00 - [TEST_STEP][PASSED] - println(j): null

27-02-2024T13:42:00 - [TEST_STEP][PASSED] - playgame = allgames.get(j): null

27-02-2024T13:42:00 - [TEST_STEP][PASSED] - Object = convertWebElementToTestObject(playgame): null

27-02-2024T13:42:00 - [TEST_STEP][PASSED] - scrollToElement(Object, 10): Scroll to object '' successfully

27-02-2024T13:42:00 - [MESSAGE][PASSED] - Scroll to object '' successfully

27-02-2024T13:42:00 - [TEST_STEP][PASSED] - playgame.click(): null

27-02-2024T13:42:00 - [TEST_STEP][PASSED] - delay(2): Delayed 2 second(s)

27-02-2024T13:42:02 - [MESSAGE][PASSED] - Delayed 2 second(s)

27-02-2024T13:42:02 - [TEST_STEP][PASSED] - title = getUrl(): Current window's url is: 'https://haboom.com/d/casino/casino'

27-02-2024T13:42:02 - [MESSAGE][PASSED] - Current window's url is: 'https://haboom.com/d/casino/casino'

27-02-2024T13:42:02 - [TEST_STEP][PASSED] - if (title.contains("notavailable")): null

27-02-2024T13:42:02 - [TEST_STEP][PASSED] - switchToWindowIndex(1): Switched to window with index: '1'

27-02-2024T13:42:02 - [MESSAGE][PASSED] - Switched to window with index: '1'

27-02-2024T13:42:02 - [TEST_STEP][PASSED] - closeWindowIndex(1): Window with index 1 is closed

27-02-2024T13:42:02 - [MESSAGE][PASSED] - Window with index 1 is closed

27-02-2024T13:42:02 - [TEST_STEP][PASSED] - switchToWindowIndex(0): Switched to window with index: '0'

27-02-2024T13:42:02 - [MESSAGE][PASSED] - Switched to window with index: '0'

27-02-2024T13:42:02 - [TEST_STEP][PASSED] - delay(2): Delayed 2 second(s)

27-02-2024T13:42:04 - [MESSAGE][PASSED] - Delayed 2 second(s)

27-02-2024T13:42:04 - [TEST_STEP][PASSED] - println(j): null

27-02-2024T13:42:04 - [TEST_STEP][PASSED] - playgame = allgames.get(j): null

27-02-2024T13:42:04 - [TEST_STEP][PASSED] - Object = convertWebElementToTestObject(playgame): null

27-02-2024T13:42:04 - [TEST_STEP][PASSED] - scrollToElement(Object, 10): Scroll to object '' successfully

27-02-2024T13:42:04 - [MESSAGE][PASSED] - Scroll to object '' successfully

27-02-2024T13:42:04 - [TEST_STEP][PASSED] - playgame.click(): null

27-02-2024T13:42:04 - [TEST_STEP][PASSED] - delay(2): Delayed 2 second(s)

27-02-2024T13:42:06 - [MESSAGE][PASSED] - Delayed 2 second(s)

27-02-2024T13:42:06 - [TEST_STEP][PASSED] - title = getUrl(): Current window's url is: 'https://haboom.com/d/casino/casino'

27-02-2024T13:42:06 - [MESSAGE][PASSED] - Current window's url is: 'https://haboom.com/d/casino/casino'

27-02-2024T13:42:06 - [TEST_STEP][PASSED] - if (title.contains("notavailable")): null

27-02-2024T13:42:06 - [TEST_STEP][PASSED] - switchToWindowIndex(1): Switched to window with index: '1'

27-02-2024T13:42:06 - [MESSAGE][PASSED] - Switched to window with index: '1'

27-02-2024T13:42:06 - [TEST_STEP][PASSED] - closeWindowIndex(1): Window with index 1 is closed

27-02-2024T13:42:07 - [MESSAGE][PASSED] - Window with index 1 is closed

27-02-2024T13:42:07 - [TEST_STEP][PASSED] - switchToWindowIndex(0): Switched to window with index: '0'

27-02-2024T13:42:07 - [MESSAGE][PASSED] - Switched to window with index: '0'

27-02-2024T13:42:07 - [TEST_STEP][PASSED] - delay(2): Delayed 2 second(s)

27-02-2024T13:42:09 - [MESSAGE][PASSED] - Delayed 2 second(s)

27-02-2024T13:42:09 - [TEST_STEP][PASSED] - println(j): null

27-02-2024T13:42:09 - [TEST_STEP][PASSED] - playgame = allgames.get(j): null

27-02-2024T13:42:09 - [TEST_STEP][PASSED] - Object = convertWebElementToTestObject(playgame): null

27-02-2024T13:42:09 - [TEST_STEP][PASSED] - scrollToElement(Object, 10): Scroll to object '' successfully

27-02-2024T13:42:09 - [MESSAGE][PASSED] - Scroll to object '' successfully

27-02-2024T13:42:09 - [TEST_STEP][PASSED] - playgame.click(): null

27-02-2024T13:42:09 - [TEST_STEP][PASSED] - delay(2): Delayed 2 second(s)

27-02-2024T13:42:11 - [MESSAGE][PASSED] - Delayed 2 second(s)

27-02-2024T13:42:11 - [TEST_STEP][PASSED] - title = getUrl(): Current window's url is: 'https://haboom.com/d/casino/casino'

27-02-2024T13:42:11 - [MESSAGE][PASSED] - Current window's url is: 'https://haboom.com/d/casino/casino'

27-02-2024T13:42:11 - [TEST_STEP][PASSED] - if (title.contains("notavailable")): null

27-02-2024T13:42:11 - [TEST_STEP][PASSED] - switchToWindowIndex(1): Switched to window with index: '1'

27-02-2024T13:42:11 - [MESSAGE][PASSED] - Switched to window with index: '1'

27-02-2024T13:42:11 - [TEST_STEP][PASSED] - closeWindowIndex(1): Window with index 1 is closed

27-02-2024T13:42:11 - [MESSAGE][PASSED] - Window with index 1 is closed

27-02-2024T13:42:11 - [TEST_STEP][PASSED] - switchToWindowIndex(0): Switched to window with index: '0'

27-02-2024T13:42:11 - [MESSAGE][PASSED] - Switched to window with index: '0'

27-02-2024T13:42:11 - [TEST_STEP][PASSED] - delay(2): Delayed 2 second(s)

27-02-2024T13:42:13 - [MESSAGE][PASSED] - Delayed 2 second(s)

27-02-2024T13:42:13 - [TEST_STEP][PASSED] - println(j): null

27-02-2024T13:42:13 - [TEST_STEP][PASSED] - playgame = allgames.get(j): null

27-02-2024T13:42:13 - [TEST_STEP][PASSED] - Object = convertWebElementToTestObject(playgame): null

27-02-2024T13:42:13 - [TEST_STEP][PASSED] - scrollToElement(Object, 10): Scroll to object '' successfully

27-02-2024T13:42:13 - [MESSAGE][PASSED] - Scroll to object '' successfully

27-02-2024T13:42:13 - [TEST_STEP][PASSED] - playgame.click(): null

27-02-2024T13:42:13 - [TEST_STEP][PASSED] - delay(2): Delayed 2 second(s)

27-02-2024T13:42:15 - [MESSAGE][PASSED] - Delayed 2 second(s)

27-02-2024T13:42:15 - [TEST_STEP][PASSED] - title = getUrl(): Current window's url is: 'https://haboom.com/d/casino/casino'

27-02-2024T13:42:15 - [MESSAGE][PASSED] - Current window's url is: 'https://haboom.com/d/casino/casino'

27-02-2024T13:42:15 - [TEST_STEP][PASSED] - if (title.contains("notavailable")): null

27-02-2024T13:42:15 - [TEST_STEP][PASSED] - switchToWindowIndex(1): Switched to window with index: '1'

27-02-2024T13:42:15 - [MESSAGE][PASSED] - Switched to window with index: '1'

27-02-2024T13:42:15 - [TEST_STEP][PASSED] - closeWindowIndex(1): Window with index 1 is closed

27-02-2024T13:42:15 - [MESSAGE][PASSED] - Window with index 1 is closed

27-02-2024T13:42:15 - [TEST_STEP][PASSED] - switchToWindowIndex(0): Switched to window with index: '0'

27-02-2024T13:42:15 - [MESSAGE][PASSED] - Switched to window with index: '0'

27-02-2024T13:42:15 - [TEST_STEP][PASSED] - delay(2): Delayed 2 second(s)

27-02-2024T13:42:17 - [MESSAGE][PASSED] - Delayed 2 second(s)

27-02-2024T13:42:17 - [TEST_STEP][PASSED] - println(j): null

27-02-2024T13:42:17 - [TEST_STEP][PASSED] - playgame = allgames.get(j): null

27-02-2024T13:42:17 - [TEST_STEP][PASSED] - Object = convertWebElementToTestObject(playgame): null

27-02-2024T13:42:17 - [TEST_STEP][PASSED] - scrollToElement(Object, 10): Scroll to object '' successfully

27-02-2024T13:42:17 - [MESSAGE][PASSED] - Scroll to object '' successfully

27-02-2024T13:42:17 - [TEST_STEP][PASSED] - playgame.click(): null

27-02-2024T13:42:17 - [TEST_STEP][PASSED] - delay(2): Delayed 2 second(s)

27-02-2024T13:42:19 - [MESSAGE][PASSED] - Delayed 2 second(s)

27-02-2024T13:42:19 - [TEST_STEP][PASSED] - title = getUrl(): Current window's url is: 'https://haboom.com/d/casino/casino'

27-02-2024T13:42:19 - [MESSAGE][PASSED] - Current window's url is: 'https://haboom.com/d/casino/casino'

27-02-2024T13:42:19 - [TEST_STEP][PASSED] - if (title.contains("notavailable")): null

27-02-2024T13:42:19 - [TEST_STEP][PASSED] - switchToWindowIndex(1): Switched to window with index: '1'

27-02-2024T13:42:20 - [MESSAGE][PASSED] - Switched to window with index: '1'

27-02-2024T13:42:20 - [TEST_STEP][PASSED] - closeWindowIndex(1): Window with index 1 is closed

27-02-2024T13:42:20 - [MESSAGE][PASSED] - Window with index 1 is closed

27-02-2024T13:42:20 - [TEST_STEP][PASSED] - switchToWindowIndex(0): Switched to window with index: '0'

27-02-2024T13:42:20 - [MESSAGE][PASSED] - Switched to window with index: '0'

27-02-2024T13:42:20 - [TEST_STEP][PASSED] - delay(2): Delayed 2 second(s)

27-02-2024T13:42:22 - [MESSAGE][PASSED] - Delayed 2 second(s)

27-02-2024T13:42:22 - [TEST_STEP][PASSED] - Object2 = convertWebElementToTestObject(currentElement): null

27-02-2024T13:42:22 - [TEST_STEP][PASSED] - scrollToElement(Object2, 10): Scroll to object '' successfully

27-02-2024T13:42:22 - [MESSAGE][PASSED] - Scroll to object '' successfully

27-02-2024T13:42:22 - [TEST_STEP][PASSED] - currentElement = provider.get(i): null

27-02-2024T13:42:22 - [TEST_STEP][ERROR] - currentElement.click(): Test Cases/Casino/Open game successful FAILED.
Reason:
org.openqa.selenium.ElementClickInterceptedException: element click intercepted: Element <input class="radio-custom" data-id="evolution" data-table="cg" type="radio" name="provider_list"> is not clickable at point (376, 8). Other element would receive the click: <a href="https://haboom.com/d/casino/games/Andar%20Bahar" title="..." target="_self" class="link-item link-mask ">Andar Bahar</a>
  (Session info: chrome=121.0.6167.187)
Build info: version: '3.141.59', revision: 'e82be7d358', time: '2018-11-14T08:25:53'
System info: host: 'LAPTOP-QCN9K3GM', ip: '192.168.50.148', os.name: 'Windows 11', os.arch: 'amd64', os.version: '10.0', java.version: '17.0.7'
Driver info: com.kms.katalon.selenium.driver.CChromeDriver
Capabilities {acceptInsecureCerts: false, browserName: chrome, browserVersion: 121.0.6167.187, chrome: {chromedriverVersion: 121.0.6167.85 (3f98d690ad7e..., userDataDir: C:\Users\MGOKUL~1\AppData\L...}, fedcm:accounts: true, goog:chromeOptions: {debuggerAddress: localhost:58807}, javascriptEnabled: true, networkConnectionEnabled: false, pageLoadStrategy: normal, platform: WINDOWS, platformName: WINDOWS, proxy: Proxy(), setWindowRect: true, strictFileInteractability: false, timeouts: {implicit: 0, pageLoad: 300000, script: 30000}, unhandledPromptBehavior: dismiss and notify, webauthn:extension:credBlob: true, webauthn:extension:largeBlob: true, webauthn:extension:minPinLength: true, webauthn:extension:prf: true, webauthn:virtualAuthenticators: true}
Session ID: 29a5abd06a8e2951bca4238081eed5a4
	at java.base/jdk.internal.reflect.NativeConstructorAccessorImpl.newInstance0(Native Method)
	at java.base/jdk.internal.reflect.NativeConstructorAccessorImpl.newInstance(NativeConstructorAccessorImpl.java:77)
	at java.base/jdk.internal.reflect.DelegatingConstructorAccessorImpl.newInstance(DelegatingConstructorAccessorImpl.java:45)
	at org.openqa.selenium.remote.http.W3CHttpResponseCodec.createException(W3CHttpResponseCodec.java:187)
	at org.openqa.selenium.remote.http.W3CHttpResponseCodec.decode(W3CHttpResponseCodec.java:122)
	at org.openqa.selenium.remote.http.W3CHttpResponseCodec.decode(W3CHttpResponseCodec.java:49)
	at org.openqa.selenium.remote.HttpCommandExecutor.execute(HttpCommandExecutor.java:158)
	at org.openqa.selenium.remote.service.DriverCommandExecutor.execute(DriverCommandExecutor.java:83)
	at org.openqa.selenium.remote.RemoteWebDriver.execute(RemoteWebDriver.java:552)
	at com.kms.katalon.selenium.driver.CChromeDriver.execute(CChromeDriver.java:19)
	at org.openqa.selenium.remote.RemoteWebElement.execute(RemoteWebElement.java:285)
	at org.openqa.selenium.remote.RemoteWebElement.click(RemoteWebElement.java:84)
	at jdk.internal.reflect.GeneratedMethodAccessor15.invoke(Unknown Source)
	at java.base/jdk.internal.reflect.DelegatingMethodAccessorImpl.invoke(DelegatingMethodAccessorImpl.java:43)
	at org.openqa.selenium.support.events.EventFiringWebDriver$EventFiringWebElement.lambda$new$0(EventFiringWebDriver.java:404)
	at jdk.proxy2/jdk.proxy2.$Proxy24.click(Unknown Source)
	at org.openqa.selenium.support.events.EventFiringWebDriver$EventFiringWebElement.click(EventFiringWebDriver.java:417)
	at Open game successful.run(Open game successful:24)
	at com.kms.katalon.core.main.ScriptEngine.run(ScriptEngine.java:194)
	at com.kms.katalon.core.main.ScriptEngine.runScriptAsRawText(ScriptEngine.java:119)
	at com.kms.katalon.core.main.TestCaseExecutor.runScript(TestCaseExecutor.java:448)
	at com.kms.katalon.core.main.TestCaseExecutor.doExecute(TestCaseExecutor.java:439)
	at com.kms.katalon.core.main.TestCaseExecutor.processExecutionPhase(TestCaseExecutor.java:418)
	at com.kms.katalon.core.main.TestCaseExecutor.accessMainPhase(TestCaseExecutor.java:410)
	at com.kms.katalon.core.main.TestCaseExecutor.execute(TestCaseExecutor.java:285)
	at com.kms.katalon.core.common.CommonExecutor.accessTestCaseMainPhase(CommonExecutor.java:65)
	at com.kms.katalon.core.main.TestSuiteExecutor.accessTestSuiteMainPhase(TestSuiteExecutor.java:148)
	at com.kms.katalon.core.main.TestSuiteExecutor.execute(TestSuiteExecutor.java:106)
	at com.kms.katalon.core.main.TestCaseMain.startTestSuite(TestCaseMain.java:180)
	at TempTestSuite1709021200525.run(TempTestSuite1709021200525.groovy:36)
	at java.base/jdk.internal.reflect.NativeMethodAccessorImpl.invoke0(Native Method)
	at java.base/jdk.internal.reflect.NativeMethodAccessorImpl.invoke(NativeMethodAccessorImpl.java:77)
	at java.base/jdk.internal.reflect.DelegatingMethodAccessorImpl.invoke(DelegatingMethodAccessorImpl.java:43)


27-02-2024T13:42:23 - [MESSAGE][ERROR] - Test Cases/Casino/Open game successful FAILED.
Reason:
org.openqa.selenium.ElementClickInterceptedException: element click intercepted: Element <input class="radio-custom" data-id="evolution" data-table="cg" type="radio" name="provider_list"> is not clickable at point (376, 8). Other element would receive the click: <a href="https://haboom.com/d/casino/games/Andar%20Bahar" title="..." target="_self" class="link-item link-mask ">Andar Bahar</a>
  (Session info: chrome=121.0.6167.187)
Build info: version: '3.141.59', revision: 'e82be7d358', time: '2018-11-14T08:25:53'
System info: host: 'LAPTOP-QCN9K3GM', ip: '192.168.50.148', os.name: 'Windows 11', os.arch: 'amd64', os.version: '10.0', java.version: '17.0.7'
Driver info: com.kms.katalon.selenium.driver.CChromeDriver
Capabilities {acceptInsecureCerts: false, browserName: chrome, browserVersion: 121.0.6167.187, chrome: {chromedriverVersion: 121.0.6167.85 (3f98d690ad7e..., userDataDir: C:\Users\MGOKUL~1\AppData\L...}, fedcm:accounts: true, goog:chromeOptions: {debuggerAddress: localhost:58807}, javascriptEnabled: true, networkConnectionEnabled: false, pageLoadStrategy: normal, platform: WINDOWS, platformName: WINDOWS, proxy: Proxy(), setWindowRect: true, strictFileInteractability: false, timeouts: {implicit: 0, pageLoad: 300000, script: 30000}, unhandledPromptBehavior: dismiss and notify, webauthn:extension:credBlob: true, webauthn:extension:largeBlob: true, webauthn:extension:minPinLength: true, webauthn:extension:prf: true, webauthn:virtualAuthenticators: true}
Session ID: 29a5abd06a8e2951bca4238081eed5a4
	at java.base/jdk.internal.reflect.NativeConstructorAccessorImpl.newInstance0(Native Method)
	at java.base/jdk.internal.reflect.NativeConstructorAccessorImpl.newInstance(NativeConstructorAccessorImpl.java:77)
	at java.base/jdk.internal.reflect.DelegatingConstructorAccessorImpl.newInstance(DelegatingConstructorAccessorImpl.java:45)
	at org.openqa.selenium.remote.http.W3CHttpResponseCodec.createException(W3CHttpResponseCodec.java:187)
	at org.openqa.selenium.remote.http.W3CHttpResponseCodec.decode(W3CHttpResponseCodec.java:122)
	at org.openqa.selenium.remote.http.W3CHttpResponseCodec.decode(W3CHttpResponseCodec.java:49)
	at org.openqa.selenium.remote.HttpCommandExecutor.execute(HttpCommandExecutor.java:158)
	at org.openqa.selenium.remote.service.DriverCommandExecutor.execute(DriverCommandExecutor.java:83)
	at org.openqa.selenium.remote.RemoteWebDriver.execute(RemoteWebDriver.java:552)
	at com.kms.katalon.selenium.driver.CChromeDriver.execute(CChromeDriver.java:19)
	at org.openqa.selenium.remote.RemoteWebElement.execute(RemoteWebElement.java:285)
	at org.openqa.selenium.remote.RemoteWebElement.click(RemoteWebElement.java:84)
	at jdk.internal.reflect.GeneratedMethodAccessor15.invoke(Unknown Source)
	at java.base/jdk.internal.reflect.DelegatingMethodAccessorImpl.invoke(DelegatingMethodAccessorImpl.java:43)
	at org.openqa.selenium.support.events.EventFiringWebDriver$EventFiringWebElement.lambda$new$0(EventFiringWebDriver.java:404)
	at jdk.proxy2/jdk.proxy2.$Proxy24.click(Unknown Source)
	at org.openqa.selenium.support.events.EventFiringWebDriver$EventFiringWebElement.click(EventFiringWebDriver.java:417)
	at Open game successful.run(Open game successful:24)
	at com.kms.katalon.core.main.ScriptEngine.run(ScriptEngine.java:194)
	at com.kms.katalon.core.main.ScriptEngine.runScriptAsRawText(ScriptEngine.java:119)
	at com.kms.katalon.core.main.TestCaseExecutor.runScript(TestCaseExecutor.java:448)
	at com.kms.katalon.core.main.TestCaseExecutor.doExecute(TestCaseExecutor.java:439)
	at com.kms.katalon.core.main.TestCaseExecutor.processExecutionPhase(TestCaseExecutor.java:418)
	at com.kms.katalon.core.main.TestCaseExecutor.accessMainPhase(TestCaseExecutor.java:410)
	at com.kms.katalon.core.main.TestCaseExecutor.execute(TestCaseExecutor.java:285)
	at com.kms.katalon.core.common.CommonExecutor.accessTestCaseMainPhase(CommonExecutor.java:65)
	at com.kms.katalon.core.main.TestSuiteExecutor.accessTestSuiteMainPhase(TestSuiteExecutor.java:148)
	at com.kms.katalon.core.main.TestSuiteExecutor.execute(TestSuiteExecutor.java:106)
	at com.kms.katalon.core.main.TestCaseMain.startTestSuite(TestCaseMain.java:180)
	at TempTestSuite1709021200525.run(TempTestSuite1709021200525.groovy:36)
	at java.base/jdk.internal.reflect.NativeMethodAccessorImpl.invoke0(Native Method)
	at java.base/jdk.internal.reflect.NativeMethodAccessorImpl.invoke(NativeMethodAccessorImpl.java:77)
	at java.base/jdk.internal.reflect.DelegatingMethodAccessorImpl.invoke(DelegatingMethodAccessorImpl.java:43)]]></system-out>
         <system-err><![CDATA[27-02-2024T13:36:43 - [TEST_CASE][ERROR] - Test Cases/Casino/Open game successful: Test Cases/Casino/Open game successful FAILED.
Reason:
org.openqa.selenium.ElementClickInterceptedException: element click intercepted: Element <input class="radio-custom" data-id="evolution" data-table="cg" type="radio" name="provider_list"> is not clickable at point (376, 8). Other element would receive the click: <a href="https://haboom.com/d/casino/games/Andar%20Bahar" title="..." target="_self" class="link-item link-mask ">Andar Bahar</a>
  (Session info: chrome=121.0.6167.187)
Build info: version: '3.141.59', revision: 'e82be7d358', time: '2018-11-14T08:25:53'
System info: host: 'LAPTOP-QCN9K3GM', ip: '192.168.50.148', os.name: 'Windows 11', os.arch: 'amd64', os.version: '10.0', java.version: '17.0.7'
Driver info: com.kms.katalon.selenium.driver.CChromeDriver
Capabilities {acceptInsecureCerts: false, browserName: chrome, browserVersion: 121.0.6167.187, chrome: {chromedriverVersion: 121.0.6167.85 (3f98d690ad7e..., userDataDir: C:\Users\MGOKUL~1\AppData\L...}, fedcm:accounts: true, goog:chromeOptions: {debuggerAddress: localhost:58807}, javascriptEnabled: true, networkConnectionEnabled: false, pageLoadStrategy: normal, platform: WINDOWS, platformName: WINDOWS, proxy: Proxy(), setWindowRect: true, strictFileInteractability: false, timeouts: {implicit: 0, pageLoad: 300000, script: 30000}, unhandledPromptBehavior: dismiss and notify, webauthn:extension:credBlob: true, webauthn:extension:largeBlob: true, webauthn:extension:minPinLength: true, webauthn:extension:prf: true, webauthn:virtualAuthenticators: true}
Session ID: 29a5abd06a8e2951bca4238081eed5a4
	at java.base/jdk.internal.reflect.NativeConstructorAccessorImpl.newInstance0(Native Method)
	at java.base/jdk.internal.reflect.NativeConstructorAccessorImpl.newInstance(NativeConstructorAccessorImpl.java:77)
	at java.base/jdk.internal.reflect.DelegatingConstructorAccessorImpl.newInstance(DelegatingConstructorAccessorImpl.java:45)
	at org.openqa.selenium.remote.http.W3CHttpResponseCodec.createException(W3CHttpResponseCodec.java:187)
	at org.openqa.selenium.remote.http.W3CHttpResponseCodec.decode(W3CHttpResponseCodec.java:122)
	at org.openqa.selenium.remote.http.W3CHttpResponseCodec.decode(W3CHttpResponseCodec.java:49)
	at org.openqa.selenium.remote.HttpCommandExecutor.execute(HttpCommandExecutor.java:158)
	at org.openqa.selenium.remote.service.DriverCommandExecutor.execute(DriverCommandExecutor.java:83)
	at org.openqa.selenium.remote.RemoteWebDriver.execute(RemoteWebDriver.java:552)
	at com.kms.katalon.selenium.driver.CChromeDriver.execute(CChromeDriver.java:19)
	at org.openqa.selenium.remote.RemoteWebElement.execute(RemoteWebElement.java:285)
	at org.openqa.selenium.remote.RemoteWebElement.click(RemoteWebElement.java:84)
	at jdk.internal.reflect.GeneratedMethodAccessor15.invoke(Unknown Source)
	at java.base/jdk.internal.reflect.DelegatingMethodAccessorImpl.invoke(DelegatingMethodAccessorImpl.java:43)
	at org.openqa.selenium.support.events.EventFiringWebDriver$EventFiringWebElement.lambda$new$0(EventFiringWebDriver.java:404)
	at jdk.proxy2/jdk.proxy2.$Proxy24.click(Unknown Source)
	at org.openqa.selenium.support.events.EventFiringWebDriver$EventFiringWebElement.click(EventFiringWebDriver.java:417)
	at Open game successful.run(Open game successful:24)
	at com.kms.katalon.core.main.ScriptEngine.run(ScriptEngine.java:194)
	at com.kms.katalon.core.main.ScriptEngine.runScriptAsRawText(ScriptEngine.java:119)
	at com.kms.katalon.core.main.TestCaseExecutor.runScript(TestCaseExecutor.java:448)
	at com.kms.katalon.core.main.TestCaseExecutor.doExecute(TestCaseExecutor.java:439)
	at com.kms.katalon.core.main.TestCaseExecutor.processExecutionPhase(TestCaseExecutor.java:418)
	at com.kms.katalon.core.main.TestCaseExecutor.accessMainPhase(TestCaseExecutor.java:410)
	at com.kms.katalon.core.main.TestCaseExecutor.execute(TestCaseExecutor.java:285)
	at com.kms.katalon.core.common.CommonExecutor.accessTestCaseMainPhase(CommonExecutor.java:65)
	at com.kms.katalon.core.main.TestSuiteExecutor.accessTestSuiteMainPhase(TestSuiteExecutor.java:148)
	at com.kms.katalon.core.main.TestSuiteExecutor.execute(TestSuiteExecutor.java:106)
	at com.kms.katalon.core.main.TestCaseMain.startTestSuite(TestCaseMain.java:180)
	at TempTestSuite1709021200525.run(TempTestSuite1709021200525.groovy:36)
	at java.base/jdk.internal.reflect.NativeMethodAccessorImpl.invoke0(Native Method)
	at java.base/jdk.internal.reflect.NativeMethodAccessorImpl.invoke(NativeMethodAccessorImpl.java:77)
	at java.base/jdk.internal.reflect.DelegatingMethodAccessorImpl.invoke(DelegatingMethodAccessorImpl.java:43)]]></system-err>
      </testcase>
      <system-out><![CDATA[27-02-2024T13:36:42 - [TEST_SUITE][ERROR] - Casino: Test Cases/Casino/Open game successful FAILED.
Reason:
org.openqa.selenium.ElementClickInterceptedException: element click intercepted: Element <input class="radio-custom" data-id="evolution" data-table="cg" type="radio" name="provider_list"> is not clickable at point (376, 8). Other element would receive the click: <a href="https://haboom.com/d/casino/games/Andar%20Bahar" title="..." target="_self" class="link-item link-mask ">Andar Bahar</a>
  (Session info: chrome=121.0.6167.187)
Build info: version: '3.141.59', revision: 'e82be7d358', time: '2018-11-14T08:25:53'
System info: host: 'LAPTOP-QCN9K3GM', ip: '192.168.50.148', os.name: 'Windows 11', os.arch: 'amd64', os.version: '10.0', java.version: '17.0.7'
Driver info: com.kms.katalon.selenium.driver.CChromeDriver
Capabilities {acceptInsecureCerts: false, browserName: chrome, browserVersion: 121.0.6167.187, chrome: {chromedriverVersion: 121.0.6167.85 (3f98d690ad7e..., userDataDir: C:\Users\MGOKUL~1\AppData\L...}, fedcm:accounts: true, goog:chromeOptions: {debuggerAddress: localhost:58807}, javascriptEnabled: true, networkConnectionEnabled: false, pageLoadStrategy: normal, platform: WINDOWS, platformName: WINDOWS, proxy: Proxy(), setWindowRect: true, strictFileInteractability: false, timeouts: {implicit: 0, pageLoad: 300000, script: 30000}, unhandledPromptBehavior: dismiss and notify, webauthn:extension:credBlob: true, webauthn:extension:largeBlob: true, webauthn:extension:minPinLength: true, webauthn:extension:prf: true, webauthn:virtualAuthenticators: true}
Session ID: 29a5abd06a8e2951bca4238081eed5a4
	at java.base/jdk.internal.reflect.NativeConstructorAccessorImpl.newInstance0(Native Method)
	at java.base/jdk.internal.reflect.NativeConstructorAccessorImpl.newInstance(NativeConstructorAccessorImpl.java:77)
	at java.base/jdk.internal.reflect.DelegatingConstructorAccessorImpl.newInstance(DelegatingConstructorAccessorImpl.java:45)
	at org.openqa.selenium.remote.http.W3CHttpResponseCodec.createException(W3CHttpResponseCodec.java:187)
	at org.openqa.selenium.remote.http.W3CHttpResponseCodec.decode(W3CHttpResponseCodec.java:122)
	at org.openqa.selenium.remote.http.W3CHttpResponseCodec.decode(W3CHttpResponseCodec.java:49)
	at org.openqa.selenium.remote.HttpCommandExecutor.execute(HttpCommandExecutor.java:158)
	at org.openqa.selenium.remote.service.DriverCommandExecutor.execute(DriverCommandExecutor.java:83)
	at org.openqa.selenium.remote.RemoteWebDriver.execute(RemoteWebDriver.java:552)
	at com.kms.katalon.selenium.driver.CChromeDriver.execute(CChromeDriver.java:19)
	at org.openqa.selenium.remote.RemoteWebElement.execute(RemoteWebElement.java:285)
	at org.openqa.selenium.remote.RemoteWebElement.click(RemoteWebElement.java:84)
	at jdk.internal.reflect.GeneratedMethodAccessor15.invoke(Unknown Source)
	at java.base/jdk.internal.reflect.DelegatingMethodAccessorImpl.invoke(DelegatingMethodAccessorImpl.java:43)
	at org.openqa.selenium.support.events.EventFiringWebDriver$EventFiringWebElement.lambda$new$0(EventFiringWebDriver.java:404)
	at jdk.proxy2/jdk.proxy2.$Proxy24.click(Unknown Source)
	at org.openqa.selenium.support.events.EventFiringWebDriver$EventFiringWebElement.click(EventFiringWebDriver.java:417)
	at Open game successful.run(Open game successful:24)
	at com.kms.katalon.core.main.ScriptEngine.run(ScriptEngine.java:194)
	at com.kms.katalon.core.main.ScriptEngine.runScriptAsRawText(ScriptEngine.java:119)
	at com.kms.katalon.core.main.TestCaseExecutor.runScript(TestCaseExecutor.java:448)
	at com.kms.katalon.core.main.TestCaseExecutor.doExecute(TestCaseExecutor.java:439)
	at com.kms.katalon.core.main.TestCaseExecutor.processExecutionPhase(TestCaseExecutor.java:418)
	at com.kms.katalon.core.main.TestCaseExecutor.accessMainPhase(TestCaseExecutor.java:410)
	at com.kms.katalon.core.main.TestCaseExecutor.execute(TestCaseExecutor.java:285)
	at com.kms.katalon.core.common.CommonExecutor.accessTestCaseMainPhase(CommonExecutor.java:65)
	at com.kms.katalon.core.main.TestSuiteExecutor.accessTestSuiteMainPhase(TestSuiteExecutor.java:148)
	at com.kms.katalon.core.main.TestSuiteExecutor.execute(TestSuiteExecutor.java:106)
	at com.kms.katalon.core.main.TestCaseMain.startTestSuite(TestCaseMain.java:180)
	at TempTestSuite1709021200525.run(TempTestSuite1709021200525.groovy:36)
	at java.base/jdk.internal.reflect.NativeMethodAccessorImpl.invoke0(Native Method)
	at java.base/jdk.internal.reflect.NativeMethodAccessorImpl.invoke(NativeMethodAccessorImpl.java:77)
	at java.base/jdk.internal.reflect.DelegatingMethodAccessorImpl.invoke(DelegatingMethodAccessorImpl.java:43)]]></system-out>
      <system-err><![CDATA[27-02-2024T13:36:42 - [TEST_SUITE][ERROR] - Casino: Test Cases/Casino/Open game successful FAILED.
Reason:
org.openqa.selenium.ElementClickInterceptedException: element click intercepted: Element <input class="radio-custom" data-id="evolution" data-table="cg" type="radio" name="provider_list"> is not clickable at point (376, 8). Other element would receive the click: <a href="https://haboom.com/d/casino/games/Andar%20Bahar" title="..." target="_self" class="link-item link-mask ">Andar Bahar</a>
  (Session info: chrome=121.0.6167.187)
Build info: version: '3.141.59', revision: 'e82be7d358', time: '2018-11-14T08:25:53'
System info: host: 'LAPTOP-QCN9K3GM', ip: '192.168.50.148', os.name: 'Windows 11', os.arch: 'amd64', os.version: '10.0', java.version: '17.0.7'
Driver info: com.kms.katalon.selenium.driver.CChromeDriver
Capabilities {acceptInsecureCerts: false, browserName: chrome, browserVersion: 121.0.6167.187, chrome: {chromedriverVersion: 121.0.6167.85 (3f98d690ad7e..., userDataDir: C:\Users\MGOKUL~1\AppData\L...}, fedcm:accounts: true, goog:chromeOptions: {debuggerAddress: localhost:58807}, javascriptEnabled: true, networkConnectionEnabled: false, pageLoadStrategy: normal, platform: WINDOWS, platformName: WINDOWS, proxy: Proxy(), setWindowRect: true, strictFileInteractability: false, timeouts: {implicit: 0, pageLoad: 300000, script: 30000}, unhandledPromptBehavior: dismiss and notify, webauthn:extension:credBlob: true, webauthn:extension:largeBlob: true, webauthn:extension:minPinLength: true, webauthn:extension:prf: true, webauthn:virtualAuthenticators: true}
Session ID: 29a5abd06a8e2951bca4238081eed5a4
	at java.base/jdk.internal.reflect.NativeConstructorAccessorImpl.newInstance0(Native Method)
	at java.base/jdk.internal.reflect.NativeConstructorAccessorImpl.newInstance(NativeConstructorAccessorImpl.java:77)
	at java.base/jdk.internal.reflect.DelegatingConstructorAccessorImpl.newInstance(DelegatingConstructorAccessorImpl.java:45)
	at org.openqa.selenium.remote.http.W3CHttpResponseCodec.createException(W3CHttpResponseCodec.java:187)
	at org.openqa.selenium.remote.http.W3CHttpResponseCodec.decode(W3CHttpResponseCodec.java:122)
	at org.openqa.selenium.remote.http.W3CHttpResponseCodec.decode(W3CHttpResponseCodec.java:49)
	at org.openqa.selenium.remote.HttpCommandExecutor.execute(HttpCommandExecutor.java:158)
	at org.openqa.selenium.remote.service.DriverCommandExecutor.execute(DriverCommandExecutor.java:83)
	at org.openqa.selenium.remote.RemoteWebDriver.execute(RemoteWebDriver.java:552)
	at com.kms.katalon.selenium.driver.CChromeDriver.execute(CChromeDriver.java:19)
	at org.openqa.selenium.remote.RemoteWebElement.execute(RemoteWebElement.java:285)
	at org.openqa.selenium.remote.RemoteWebElement.click(RemoteWebElement.java:84)
	at jdk.internal.reflect.GeneratedMethodAccessor15.invoke(Unknown Source)
	at java.base/jdk.internal.reflect.DelegatingMethodAccessorImpl.invoke(DelegatingMethodAccessorImpl.java:43)
	at org.openqa.selenium.support.events.EventFiringWebDriver$EventFiringWebElement.lambda$new$0(EventFiringWebDriver.java:404)
	at jdk.proxy2/jdk.proxy2.$Proxy24.click(Unknown Source)
	at org.openqa.selenium.support.events.EventFiringWebDriver$EventFiringWebElement.click(EventFiringWebDriver.java:417)
	at Open game successful.run(Open game successful:24)
	at com.kms.katalon.core.main.ScriptEngine.run(ScriptEngine.java:194)
	at com.kms.katalon.core.main.ScriptEngine.runScriptAsRawText(ScriptEngine.java:119)
	at com.kms.katalon.core.main.TestCaseExecutor.runScript(TestCaseExecutor.java:448)
	at com.kms.katalon.core.main.TestCaseExecutor.doExecute(TestCaseExecutor.java:439)
	at com.kms.katalon.core.main.TestCaseExecutor.processExecutionPhase(TestCaseExecutor.java:418)
	at com.kms.katalon.core.main.TestCaseExecutor.accessMainPhase(TestCaseExecutor.java:410)
	at com.kms.katalon.core.main.TestCaseExecutor.execute(TestCaseExecutor.java:285)
	at com.kms.katalon.core.common.CommonExecutor.accessTestCaseMainPhase(CommonExecutor.java:65)
	at com.kms.katalon.core.main.TestSuiteExecutor.accessTestSuiteMainPhase(TestSuiteExecutor.java:148)
	at com.kms.katalon.core.main.TestSuiteExecutor.execute(TestSuiteExecutor.java:106)
	at com.kms.katalon.core.main.TestCaseMain.startTestSuite(TestCaseMain.java:180)
	at TempTestSuite1709021200525.run(TempTestSuite1709021200525.groovy:36)
	at java.base/jdk.internal.reflect.NativeMethodAccessorImpl.invoke0(Native Method)
	at java.base/jdk.internal.reflect.NativeMethodAccessorImpl.invoke(NativeMethodAccessorImpl.java:77)
	at java.base/jdk.internal.reflect.DelegatingMethodAccessorImpl.invoke(DelegatingMethodAccessorImpl.java:43)]]></system-err>
   </testsuite>
</testsuites>
