<?xml version="1.0" encoding="UTF-8"?>
<testsuites name="Casino" time="206.269" tests="1" failures="0" errors="0">
   <testsuite name="Casino" tests="1" failures="0" errors="0" time="206.269" skipped="0" timestamp="27-02-2024T14:07:24" hostname="M Gokul Jayanth - LAPTOP-QCN9K3GM" id="Test Suites/Casino">
      <properties>
         <property name="deviceName" value=""/>
         <property name="devicePlatform" value=""/>
         <property name="logFolder" value="C:\\Users\\M Gokul Jayanth\\git\\KatalonAutomation\\HaboomWBT\\Reports\\20240227_140722\\Casino\\20240227_140722"/>
         <property name="logFiles" value="C:\\Users\\M Gokul Jayanth\\git\\KatalonAutomation\\HaboomWBT\\Reports\\20240227_140722\\Casino\\20240227_140722\\execution0.log"/>
         <property name="attachments" value=""/>
         <property name="hostName" value="M Gokul Jayanth - LAPTOP-QCN9K3GM"/>
         <property name="os" value="Windows 11 64bit"/>
         <property name="katalonVersion" value="9.3.0.212"/>
         <property name="browser" value="Chrome 121.0.0.0"/>
         <property name="hostAddress" value="192.168.50.148"/>
         <property name="sessionId" value="ee3f3f1b6a2ad41fca13eeb6e8a366ef"/>
         <property name="seleniumVersion" value="3.141.59"/>
         <property name="proxyInformation" value="ProxyInformation { proxyOption=NO_PROXY, proxyServerType=HTTP, username=, password=********, proxyServerAddress=, proxyServerPort=0, executionList=&quot;&quot;, isApplyToDesiredCapabilities=true }"/>
         <property name="platform" value="Windows 11"/>
      </properties>
      <testcase name="Test Cases/Casino/Open game successful" time="206.114" classname="Test Cases/Casino/Open game successful" status="INCOMPLETE">
         <system-out><![CDATA[27-02-2024T14:07:24 - [TEST_CASE][INCOMPLETE] - Test Cases/Casino/Open game successful: null

27-02-2024T14:07:24 - [TEST_STEP][PASSED] - Start setup action : setupTestCase: Method 'setupTestCase' complete successfully

27-02-2024T14:07:24 - [TEST_STEP][PASSED] - openBrowser(""): Browser is opened with url: ''

27-02-2024T14:07:24 - [MESSAGE][INFO] - Starting 'Chrome' driver

27-02-2024T14:07:24 - [MESSAGE][INFO] - Action delay is set to 0 milliseconds

27-02-2024T14:07:26 - [MESSAGE][PASSED] - Browser is opened with url: ''

27-02-2024T14:07:26 - [TEST_STEP][PASSED] - navigateToUrl("https://haboom.com/"): Navigate to 'https://haboom.com/' successfully

27-02-2024T14:07:31 - [MESSAGE][PASSED] - Navigate to 'https://haboom.com/' successfully

27-02-2024T14:07:31 - [TEST_STEP][PASSED] - maximizeWindow(): Current window maximized

27-02-2024T14:07:31 - [MESSAGE][PASSED] - Current window maximized

27-02-2024T14:07:31 - [TEST_STEP][PASSED] - setText(findTestObject("Object Repository/Login Page/Login email field"), "MartinGarrix"): Text 'MartinGarrix' is set on object 'Object Repository/Login Page/Login email field'

27-02-2024T14:07:33 - [MESSAGE][PASSED] - Text 'MartinGarrix' is set on object 'Object Repository/Login Page/Login email field'

27-02-2024T14:07:33 - [TEST_STEP][PASSED] - setText(findTestObject("Object Repository/Login Page/Login Password"), "Test@1234"): Text 'Test@1234' is set on object 'Object Repository/Login Page/Login Password'

27-02-2024T14:07:35 - [MESSAGE][PASSED] - Text 'Test@1234' is set on object 'Object Repository/Login Page/Login Password'

27-02-2024T14:07:35 - [TEST_STEP][PASSED] - click(findTestObject("Object Repository/Login Page/login button")): Object: 'Object Repository/Login Page/login button' is clicked on

27-02-2024T14:07:36 - [MESSAGE][PASSED] - Object: 'Object Repository/Login Page/login button' is clicked on

27-02-2024T14:07:36 - [TEST_STEP][PASSED] - verifyElementText(findTestObject("Object Repository/Login Page/My Account"), "My Account"): Actual text and expected text of test object 'Object Repository/Login Page/My Account' are matched.

27-02-2024T14:07:44 - [MESSAGE][PASSED] - Actual text and expected text of test object 'Object Repository/Login Page/My Account' are matched.

27-02-2024T14:07:44 - [MESSAGE][PASSED] - Method 'setupTestCase' complete successfully

27-02-2024T14:07:44 - [TEST_STEP][PASSED] - click(findTestObject("Object Repository/Casino Page/CasinoMenu")): Object: 'Object Repository/Casino Page/CasinoMenu' is clicked on

27-02-2024T14:07:48 - [MESSAGE][PASSED] - Object: 'Object Repository/Casino Page/CasinoMenu' is clicked on

27-02-2024T14:07:48 - [TEST_STEP][PASSED] - provider = getWebDriver().findElements(By.xpath("//input[@name='provider_list']")): null

27-02-2024T14:07:49 - [TEST_STEP][PASSED] - println(provider.size()): null

27-02-2024T14:07:49 - [TEST_STEP][INCOMPLETE] - for ([i = 1, i < provider.size(), (i++)]): null

27-02-2024T14:07:49 - [TEST_STEP][PASSED] - currentElement = provider.get(i): null

27-02-2024T14:07:49 - [TEST_STEP][PASSED] - currentElement.click(): null

27-02-2024T14:07:49 - [TEST_STEP][PASSED] - scrollToPosition(0, 250): Browser is scrolled to position x = 0, y = 250

27-02-2024T14:07:49 - [MESSAGE][PASSED] - Browser is scrolled to position x = 0, y = 250

27-02-2024T14:07:49 - [TEST_STEP][PASSED] - delay(5): Delayed 5 second(s)

27-02-2024T14:07:54 - [MESSAGE][PASSED] - Delayed 5 second(s)

27-02-2024T14:07:54 - [TEST_STEP][PASSED] - scrollToPosition(0, 500): Browser is scrolled to position x = 0, y = 500

27-02-2024T14:07:54 - [MESSAGE][PASSED] - Browser is scrolled to position x = 0, y = 500

27-02-2024T14:07:54 - [TEST_STEP][PASSED] - delay(5): Delayed 5 second(s)

27-02-2024T14:07:59 - [MESSAGE][PASSED] - Delayed 5 second(s)

27-02-2024T14:07:59 - [TEST_STEP][PASSED] - scrollToPosition(0, 750): Browser is scrolled to position x = 0, y = 750

27-02-2024T14:07:59 - [MESSAGE][PASSED] - Browser is scrolled to position x = 0, y = 750

27-02-2024T14:07:59 - [TEST_STEP][PASSED] - delay(5): Delayed 5 second(s)

27-02-2024T14:08:04 - [MESSAGE][PASSED] - Delayed 5 second(s)

27-02-2024T14:08:04 - [TEST_STEP][PASSED] - scrollToPosition(0, 1000): Browser is scrolled to position x = 0, y = 1000

27-02-2024T14:08:04 - [MESSAGE][PASSED] - Browser is scrolled to position x = 0, y = 1000

27-02-2024T14:08:04 - [TEST_STEP][PASSED] - delay(5): Delayed 5 second(s)

27-02-2024T14:08:09 - [MESSAGE][PASSED] - Delayed 5 second(s)

27-02-2024T14:08:09 - [TEST_STEP][PASSED] - scrollToPosition(0, 1250): Browser is scrolled to position x = 0, y = 1250

27-02-2024T14:08:09 - [MESSAGE][PASSED] - Browser is scrolled to position x = 0, y = 1250

27-02-2024T14:08:09 - [TEST_STEP][PASSED] - delay(5): Delayed 5 second(s)

27-02-2024T14:08:14 - [MESSAGE][PASSED] - Delayed 5 second(s)

27-02-2024T14:08:14 - [TEST_STEP][PASSED] - scrollToPosition(0, 1500): Browser is scrolled to position x = 0, y = 1500

27-02-2024T14:08:14 - [MESSAGE][PASSED] - Browser is scrolled to position x = 0, y = 1500

27-02-2024T14:08:14 - [TEST_STEP][PASSED] - delay(5): Delayed 5 second(s)

27-02-2024T14:08:19 - [MESSAGE][PASSED] - Delayed 5 second(s)

27-02-2024T14:08:19 - [TEST_STEP][PASSED] - scrollToPosition(0, 0): Browser is scrolled to position x = 0, y = 0

27-02-2024T14:08:19 - [MESSAGE][PASSED] - Browser is scrolled to position x = 0, y = 0

27-02-2024T14:08:19 - [TEST_STEP][PASSED] - delay(10): Delayed 10 second(s)

27-02-2024T14:08:29 - [MESSAGE][PASSED] - Delayed 10 second(s)

27-02-2024T14:08:29 - [TEST_STEP][PASSED] - providerwindow = getWindowTitle(): Current window's title is: 'Haboom - Best Online Casino Games for Real Money'

27-02-2024T14:08:29 - [MESSAGE][PASSED] - Current window's title is: 'Haboom - Best Online Casino Games for Real Money'

27-02-2024T14:08:29 - [TEST_STEP][PASSED] - allgames = getWebDriver().findElements(By.xpath("//div[@class='tile-container' and @bis_skin_checked='1']")): null

27-02-2024T14:08:30 - [TEST_STEP][PASSED] - println(allgames.size()): null

27-02-2024T14:08:30 - [TEST_STEP][PASSED] - for ([j = 70, j < allgames.size(), (j++)]): Delayed 2 second(s)

27-02-2024T14:08:30 - [TEST_STEP][PASSED] - println(j): null

27-02-2024T14:08:30 - [TEST_STEP][PASSED] - playgame = allgames.get(j): null

27-02-2024T14:08:30 - [TEST_STEP][PASSED] - Object = convertWebElementToTestObject(playgame): null

27-02-2024T14:08:30 - [TEST_STEP][PASSED] - scrollToElement(Object, 10): Scroll to object '' successfully

27-02-2024T14:08:30 - [MESSAGE][PASSED] - Scroll to object '' successfully

27-02-2024T14:08:30 - [TEST_STEP][PASSED] - mouseOver(Object): Object: '' is hovered

27-02-2024T14:08:30 - [MESSAGE][PASSED] - Object: '' is hovered

27-02-2024T14:08:30 - [TEST_STEP][PASSED] - playgame.click(): null

27-02-2024T14:08:30 - [TEST_STEP][PASSED] - delay(2): Delayed 2 second(s)

27-02-2024T14:08:32 - [MESSAGE][PASSED] - Delayed 2 second(s)

27-02-2024T14:08:32 - [TEST_STEP][PASSED] - title = getUrl(): Current window's url is: 'https://haboom.com/d/casino/casino'

27-02-2024T14:08:32 - [MESSAGE][PASSED] - Current window's url is: 'https://haboom.com/d/casino/casino'

27-02-2024T14:08:32 - [TEST_STEP][PASSED] - if (title.contains("notavailable")): null

27-02-2024T14:08:32 - [TEST_STEP][PASSED] - switchToWindowIndex(1): Switched to window with index: '1'

27-02-2024T14:08:32 - [MESSAGE][PASSED] - Switched to window with index: '1'

27-02-2024T14:08:32 - [TEST_STEP][PASSED] - closeWindowIndex(1): Window with index 1 is closed

27-02-2024T14:08:32 - [MESSAGE][PASSED] - Window with index 1 is closed

27-02-2024T14:08:32 - [TEST_STEP][PASSED] - switchToWindowIndex(0): Switched to window with index: '0'

27-02-2024T14:08:32 - [MESSAGE][PASSED] - Switched to window with index: '0'

27-02-2024T14:08:32 - [TEST_STEP][PASSED] - delay(2): Delayed 2 second(s)

27-02-2024T14:08:34 - [MESSAGE][PASSED] - Delayed 2 second(s)

27-02-2024T14:08:34 - [TEST_STEP][PASSED] - println(j): null

27-02-2024T14:08:34 - [TEST_STEP][PASSED] - playgame = allgames.get(j): null

27-02-2024T14:08:34 - [TEST_STEP][PASSED] - Object = convertWebElementToTestObject(playgame): null

27-02-2024T14:08:34 - [TEST_STEP][PASSED] - scrollToElement(Object, 10): Scroll to object '' successfully

27-02-2024T14:08:34 - [MESSAGE][PASSED] - Scroll to object '' successfully

27-02-2024T14:08:34 - [TEST_STEP][PASSED] - mouseOver(Object): Object: '' is hovered

27-02-2024T14:08:34 - [MESSAGE][PASSED] - Object: '' is hovered

27-02-2024T14:08:34 - [TEST_STEP][PASSED] - playgame.click(): null

27-02-2024T14:08:34 - [TEST_STEP][PASSED] - delay(2): Delayed 2 second(s)

27-02-2024T14:08:36 - [MESSAGE][PASSED] - Delayed 2 second(s)

27-02-2024T14:08:36 - [TEST_STEP][PASSED] - title = getUrl(): Current window's url is: 'https://haboom.com/d/casino/casino'

27-02-2024T14:08:36 - [MESSAGE][PASSED] - Current window's url is: 'https://haboom.com/d/casino/casino'

27-02-2024T14:08:36 - [TEST_STEP][PASSED] - if (title.contains("notavailable")): null

27-02-2024T14:08:36 - [TEST_STEP][PASSED] - switchToWindowIndex(1): Switched to window with index: '1'

27-02-2024T14:08:36 - [MESSAGE][PASSED] - Switched to window with index: '1'

27-02-2024T14:08:36 - [TEST_STEP][PASSED] - closeWindowIndex(1): Window with index 1 is closed

27-02-2024T14:08:36 - [MESSAGE][PASSED] - Window with index 1 is closed

27-02-2024T14:08:36 - [TEST_STEP][PASSED] - switchToWindowIndex(0): Switched to window with index: '0'

27-02-2024T14:08:36 - [MESSAGE][PASSED] - Switched to window with index: '0'

27-02-2024T14:08:36 - [TEST_STEP][PASSED] - delay(2): Delayed 2 second(s)

27-02-2024T14:08:38 - [MESSAGE][PASSED] - Delayed 2 second(s)

27-02-2024T14:08:38 - [TEST_STEP][PASSED] - println(j): null

27-02-2024T14:08:38 - [TEST_STEP][PASSED] - playgame = allgames.get(j): null

27-02-2024T14:08:38 - [TEST_STEP][PASSED] - Object = convertWebElementToTestObject(playgame): null

27-02-2024T14:08:38 - [TEST_STEP][PASSED] - scrollToElement(Object, 10): Scroll to object '' successfully

27-02-2024T14:08:38 - [MESSAGE][PASSED] - Scroll to object '' successfully

27-02-2024T14:08:38 - [TEST_STEP][PASSED] - mouseOver(Object): Object: '' is hovered

27-02-2024T14:08:39 - [MESSAGE][PASSED] - Object: '' is hovered

27-02-2024T14:08:39 - [TEST_STEP][PASSED] - playgame.click(): null

27-02-2024T14:08:39 - [TEST_STEP][PASSED] - delay(2): Delayed 2 second(s)

27-02-2024T14:08:41 - [MESSAGE][PASSED] - Delayed 2 second(s)

27-02-2024T14:08:41 - [TEST_STEP][PASSED] - title = getUrl(): Current window's url is: 'https://haboom.com/d/casino/casino'

27-02-2024T14:08:41 - [MESSAGE][PASSED] - Current window's url is: 'https://haboom.com/d/casino/casino'

27-02-2024T14:08:41 - [TEST_STEP][PASSED] - if (title.contains("notavailable")): null

27-02-2024T14:08:41 - [TEST_STEP][PASSED] - switchToWindowIndex(1): Switched to window with index: '1'

27-02-2024T14:08:41 - [MESSAGE][PASSED] - Switched to window with index: '1'

27-02-2024T14:08:41 - [TEST_STEP][PASSED] - closeWindowIndex(1): Window with index 1 is closed

27-02-2024T14:08:41 - [MESSAGE][PASSED] - Window with index 1 is closed

27-02-2024T14:08:41 - [TEST_STEP][PASSED] - switchToWindowIndex(0): Switched to window with index: '0'

27-02-2024T14:08:41 - [MESSAGE][PASSED] - Switched to window with index: '0'

27-02-2024T14:08:41 - [TEST_STEP][PASSED] - delay(2): Delayed 2 second(s)

27-02-2024T14:08:43 - [MESSAGE][PASSED] - Delayed 2 second(s)

27-02-2024T14:08:43 - [TEST_STEP][PASSED] - println(j): null

27-02-2024T14:08:43 - [TEST_STEP][PASSED] - playgame = allgames.get(j): null

27-02-2024T14:08:43 - [TEST_STEP][PASSED] - Object = convertWebElementToTestObject(playgame): null

27-02-2024T14:08:43 - [TEST_STEP][PASSED] - scrollToElement(Object, 10): Scroll to object '' successfully

27-02-2024T14:08:43 - [MESSAGE][PASSED] - Scroll to object '' successfully

27-02-2024T14:08:43 - [TEST_STEP][PASSED] - mouseOver(Object): Object: '' is hovered

27-02-2024T14:08:43 - [MESSAGE][PASSED] - Object: '' is hovered

27-02-2024T14:08:43 - [TEST_STEP][PASSED] - playgame.click(): null

27-02-2024T14:08:43 - [TEST_STEP][PASSED] - delay(2): Delayed 2 second(s)

27-02-2024T14:08:45 - [MESSAGE][PASSED] - Delayed 2 second(s)

27-02-2024T14:08:45 - [TEST_STEP][PASSED] - title = getUrl(): Current window's url is: 'https://haboom.com/d/casino/casino'

27-02-2024T14:08:45 - [MESSAGE][PASSED] - Current window's url is: 'https://haboom.com/d/casino/casino'

27-02-2024T14:08:45 - [TEST_STEP][PASSED] - if (title.contains("notavailable")): null

27-02-2024T14:08:45 - [TEST_STEP][PASSED] - switchToWindowIndex(1): Switched to window with index: '1'

27-02-2024T14:08:45 - [MESSAGE][PASSED] - Switched to window with index: '1'

27-02-2024T14:08:45 - [TEST_STEP][PASSED] - closeWindowIndex(1): Window with index 1 is closed

27-02-2024T14:08:45 - [MESSAGE][PASSED] - Window with index 1 is closed

27-02-2024T14:08:45 - [TEST_STEP][PASSED] - switchToWindowIndex(0): Switched to window with index: '0'

27-02-2024T14:08:45 - [MESSAGE][PASSED] - Switched to window with index: '0'

27-02-2024T14:08:45 - [TEST_STEP][PASSED] - delay(2): Delayed 2 second(s)

27-02-2024T14:08:47 - [MESSAGE][PASSED] - Delayed 2 second(s)

27-02-2024T14:08:47 - [TEST_STEP][PASSED] - scrollToPosition(0, 50): Browser is scrolled to position x = 0, y = 50

27-02-2024T14:08:47 - [MESSAGE][PASSED] - Browser is scrolled to position x = 0, y = 50

27-02-2024T14:08:47 - [TEST_STEP][PASSED] - delay(20): Delayed 20 second(s)

27-02-2024T14:09:07 - [MESSAGE][PASSED] - Delayed 20 second(s)

27-02-2024T14:09:07 - [TEST_STEP][PASSED] - currentElement = provider.get(i): null

27-02-2024T14:09:07 - [TEST_STEP][PASSED] - currentElement.click(): null

27-02-2024T14:09:07 - [TEST_STEP][PASSED] - scrollToPosition(0, 250): Browser is scrolled to position x = 0, y = 250

27-02-2024T14:09:08 - [MESSAGE][PASSED] - Browser is scrolled to position x = 0, y = 250

27-02-2024T14:09:08 - [TEST_STEP][PASSED] - delay(5): Delayed 5 second(s)

27-02-2024T14:09:13 - [MESSAGE][PASSED] - Delayed 5 second(s)

27-02-2024T14:09:13 - [TEST_STEP][PASSED] - scrollToPosition(0, 500): Browser is scrolled to position x = 0, y = 500

27-02-2024T14:09:13 - [MESSAGE][PASSED] - Browser is scrolled to position x = 0, y = 500

27-02-2024T14:09:13 - [TEST_STEP][PASSED] - delay(5): Delayed 5 second(s)

27-02-2024T14:09:18 - [MESSAGE][PASSED] - Delayed 5 second(s)

27-02-2024T14:09:18 - [TEST_STEP][PASSED] - scrollToPosition(0, 750): Browser is scrolled to position x = 0, y = 750

27-02-2024T14:09:18 - [MESSAGE][PASSED] - Browser is scrolled to position x = 0, y = 750

27-02-2024T14:09:18 - [TEST_STEP][PASSED] - delay(5): Delayed 5 second(s)

27-02-2024T14:09:23 - [MESSAGE][PASSED] - Delayed 5 second(s)

27-02-2024T14:09:23 - [TEST_STEP][PASSED] - scrollToPosition(0, 1000): Browser is scrolled to position x = 0, y = 1000

27-02-2024T14:09:23 - [MESSAGE][PASSED] - Browser is scrolled to position x = 0, y = 1000

27-02-2024T14:09:23 - [TEST_STEP][PASSED] - delay(5): Delayed 5 second(s)

27-02-2024T14:09:28 - [MESSAGE][PASSED] - Delayed 5 second(s)

27-02-2024T14:09:28 - [TEST_STEP][PASSED] - scrollToPosition(0, 1250): Browser is scrolled to position x = 0, y = 1250

27-02-2024T14:09:28 - [MESSAGE][PASSED] - Browser is scrolled to position x = 0, y = 1250

27-02-2024T14:09:28 - [TEST_STEP][PASSED] - delay(5): Delayed 5 second(s)

27-02-2024T14:09:33 - [MESSAGE][PASSED] - Delayed 5 second(s)

27-02-2024T14:09:33 - [TEST_STEP][PASSED] - scrollToPosition(0, 1500): Browser is scrolled to position x = 0, y = 1500

27-02-2024T14:09:33 - [MESSAGE][PASSED] - Browser is scrolled to position x = 0, y = 1500

27-02-2024T14:09:33 - [TEST_STEP][PASSED] - delay(5): Delayed 5 second(s)

27-02-2024T14:09:38 - [MESSAGE][PASSED] - Delayed 5 second(s)

27-02-2024T14:09:38 - [TEST_STEP][PASSED] - scrollToPosition(0, 0): Browser is scrolled to position x = 0, y = 0

27-02-2024T14:09:38 - [MESSAGE][PASSED] - Browser is scrolled to position x = 0, y = 0

27-02-2024T14:09:38 - [TEST_STEP][PASSED] - delay(10): Delayed 10 second(s)

27-02-2024T14:09:48 - [MESSAGE][PASSED] - Delayed 10 second(s)

27-02-2024T14:09:48 - [TEST_STEP][PASSED] - providerwindow = getWindowTitle(): Current window's title is: 'Haboom - Best Online Casino Games for Real Money'

27-02-2024T14:09:48 - [MESSAGE][PASSED] - Current window's title is: 'Haboom - Best Online Casino Games for Real Money'

27-02-2024T14:09:48 - [TEST_STEP][PASSED] - allgames = getWebDriver().findElements(By.xpath("//div[@class='tile-container' and @bis_skin_checked='1']")): null

27-02-2024T14:09:48 - [TEST_STEP][PASSED] - println(allgames.size()): null

27-02-2024T14:09:48 - [TEST_STEP][INCOMPLETE] - for ([j = 70, j < allgames.size(), (j++)]): null

27-02-2024T14:09:48 - [TEST_STEP][PASSED] - println(j): null

27-02-2024T14:09:48 - [TEST_STEP][PASSED] - playgame = allgames.get(j): null

27-02-2024T14:09:48 - [TEST_STEP][PASSED] - Object = convertWebElementToTestObject(playgame): null

27-02-2024T14:09:48 - [TEST_STEP][PASSED] - scrollToElement(Object, 10): Scroll to object '' successfully

27-02-2024T14:09:48 - [MESSAGE][PASSED] - Scroll to object '' successfully

27-02-2024T14:09:48 - [TEST_STEP][PASSED] - mouseOver(Object): Object: '' is hovered

27-02-2024T14:09:48 - [MESSAGE][PASSED] - Object: '' is hovered

27-02-2024T14:09:48 - [TEST_STEP][PASSED] - playgame.click(): null

27-02-2024T14:09:48 - [TEST_STEP][PASSED] - delay(2): Delayed 2 second(s)

27-02-2024T14:09:50 - [MESSAGE][PASSED] - Delayed 2 second(s)

27-02-2024T14:09:50 - [TEST_STEP][PASSED] - title = getUrl(): Current window's url is: 'https://haboom.com/d/casino/casino'

27-02-2024T14:09:50 - [MESSAGE][PASSED] - Current window's url is: 'https://haboom.com/d/casino/casino'

27-02-2024T14:09:50 - [TEST_STEP][PASSED] - if (title.contains("notavailable")): null

27-02-2024T14:09:50 - [TEST_STEP][PASSED] - switchToWindowIndex(1): Switched to window with index: '1'

27-02-2024T14:09:50 - [MESSAGE][PASSED] - Switched to window with index: '1'

27-02-2024T14:09:50 - [TEST_STEP][PASSED] - closeWindowIndex(1): Window with index 1 is closed

27-02-2024T14:09:50 - [MESSAGE][PASSED] - Window with index 1 is closed

27-02-2024T14:09:50 - [TEST_STEP][PASSED] - switchToWindowIndex(0): Switched to window with index: '0'

27-02-2024T14:09:50 - [MESSAGE][PASSED] - Switched to window with index: '0'

27-02-2024T14:09:50 - [TEST_STEP][PASSED] - delay(2): Delayed 2 second(s)

27-02-2024T14:09:52 - [MESSAGE][PASSED] - Delayed 2 second(s)

27-02-2024T14:09:52 - [TEST_STEP][PASSED] - println(j): null

27-02-2024T14:09:52 - [TEST_STEP][PASSED] - playgame = allgames.get(j): null

27-02-2024T14:09:52 - [TEST_STEP][PASSED] - Object = convertWebElementToTestObject(playgame): null

27-02-2024T14:09:52 - [TEST_STEP][PASSED] - scrollToElement(Object, 10): Scroll to object '' successfully

27-02-2024T14:09:53 - [MESSAGE][PASSED] - Scroll to object '' successfully

27-02-2024T14:09:53 - [TEST_STEP][PASSED] - mouseOver(Object): Object: '' is hovered

27-02-2024T14:09:53 - [MESSAGE][PASSED] - Object: '' is hovered

27-02-2024T14:09:53 - [TEST_STEP][PASSED] - playgame.click(): null

27-02-2024T14:09:53 - [TEST_STEP][PASSED] - delay(2): Delayed 2 second(s)

27-02-2024T14:09:55 - [MESSAGE][PASSED] - Delayed 2 second(s)

27-02-2024T14:09:55 - [TEST_STEP][PASSED] - title = getUrl(): Current window's url is: 'https://haboom.com/d/casino/casino'

27-02-2024T14:09:55 - [MESSAGE][PASSED] - Current window's url is: 'https://haboom.com/d/casino/casino'

27-02-2024T14:09:55 - [TEST_STEP][PASSED] - if (title.contains("notavailable")): null

27-02-2024T14:09:55 - [TEST_STEP][PASSED] - switchToWindowIndex(1): Switched to window with index: '1'

27-02-2024T14:09:55 - [MESSAGE][PASSED] - Switched to window with index: '1'

27-02-2024T14:09:55 - [TEST_STEP][PASSED] - closeWindowIndex(1): Window with index 1 is closed

27-02-2024T14:09:55 - [MESSAGE][PASSED] - Window with index 1 is closed

27-02-2024T14:09:55 - [TEST_STEP][PASSED] - switchToWindowIndex(0): Switched to window with index: '0'

27-02-2024T14:09:55 - [MESSAGE][PASSED] - Switched to window with index: '0'

27-02-2024T14:09:55 - [TEST_STEP][PASSED] - delay(2): Delayed 2 second(s)

27-02-2024T14:09:57 - [MESSAGE][PASSED] - Delayed 2 second(s)

27-02-2024T14:09:57 - [TEST_STEP][PASSED] - println(j): null

27-02-2024T14:09:57 - [TEST_STEP][PASSED] - playgame = allgames.get(j): null

27-02-2024T14:09:57 - [TEST_STEP][PASSED] - Object = convertWebElementToTestObject(playgame): null

27-02-2024T14:09:57 - [TEST_STEP][PASSED] - scrollToElement(Object, 10): Scroll to object '' successfully

27-02-2024T14:09:57 - [MESSAGE][PASSED] - Scroll to object '' successfully

27-02-2024T14:09:57 - [TEST_STEP][PASSED] - mouseOver(Object): Object: '' is hovered

27-02-2024T14:09:57 - [MESSAGE][PASSED] - Object: '' is hovered

27-02-2024T14:09:57 - [TEST_STEP][PASSED] - playgame.click(): null

27-02-2024T14:09:57 - [TEST_STEP][PASSED] - delay(2): Delayed 2 second(s)

27-02-2024T14:09:59 - [MESSAGE][PASSED] - Delayed 2 second(s)

27-02-2024T14:09:59 - [TEST_STEP][PASSED] - title = getUrl(): Current window's url is: 'https://haboom.com/d/casino/casino'

27-02-2024T14:09:59 - [MESSAGE][PASSED] - Current window's url is: 'https://haboom.com/d/casino/casino'

27-02-2024T14:09:59 - [TEST_STEP][PASSED] - if (title.contains("notavailable")): null

27-02-2024T14:09:59 - [TEST_STEP][PASSED] - switchToWindowIndex(1): Switched to window with index: '1'

27-02-2024T14:09:59 - [MESSAGE][PASSED] - Switched to window with index: '1'

27-02-2024T14:09:59 - [TEST_STEP][PASSED] - closeWindowIndex(1): Window with index 1 is closed

27-02-2024T14:09:59 - [MESSAGE][PASSED] - Window with index 1 is closed

27-02-2024T14:09:59 - [TEST_STEP][PASSED] - switchToWindowIndex(0): Switched to window with index: '0'

27-02-2024T14:09:59 - [MESSAGE][PASSED] - Switched to window with index: '0'

27-02-2024T14:09:59 - [TEST_STEP][PASSED] - delay(2): Delayed 2 second(s)

27-02-2024T14:10:01 - [MESSAGE][PASSED] - Delayed 2 second(s)

27-02-2024T14:10:01 - [TEST_STEP][PASSED] - println(j): null

27-02-2024T14:10:01 - [TEST_STEP][PASSED] - playgame = allgames.get(j): null

27-02-2024T14:10:01 - [TEST_STEP][PASSED] - Object = convertWebElementToTestObject(playgame): null

27-02-2024T14:10:01 - [TEST_STEP][PASSED] - scrollToElement(Object, 10): Scroll to object '' successfully

27-02-2024T14:10:01 - [MESSAGE][PASSED] - Scroll to object '' successfully

27-02-2024T14:10:01 - [TEST_STEP][PASSED] - mouseOver(Object): Object: '' is hovered

27-02-2024T14:10:01 - [MESSAGE][PASSED] - Object: '' is hovered

27-02-2024T14:10:01 - [TEST_STEP][PASSED] - playgame.click(): null

27-02-2024T14:10:01 - [TEST_STEP][PASSED] - delay(2): Delayed 2 second(s)

27-02-2024T14:10:03 - [MESSAGE][PASSED] - Delayed 2 second(s)

27-02-2024T14:10:03 - [TEST_STEP][PASSED] - title = getUrl(): Current window's url is: 'https://haboom.com/d/casino/casino'

27-02-2024T14:10:03 - [MESSAGE][PASSED] - Current window's url is: 'https://haboom.com/d/casino/casino'

27-02-2024T14:10:03 - [TEST_STEP][PASSED] - if (title.contains("notavailable")): null

27-02-2024T14:10:03 - [TEST_STEP][PASSED] - switchToWindowIndex(1): Switched to window with index: '1'

27-02-2024T14:10:04 - [MESSAGE][PASSED] - Switched to window with index: '1'

27-02-2024T14:10:04 - [TEST_STEP][PASSED] - closeWindowIndex(1): Window with index 1 is closed

27-02-2024T14:10:04 - [MESSAGE][PASSED] - Window with index 1 is closed

27-02-2024T14:10:04 - [TEST_STEP][PASSED] - switchToWindowIndex(0): Switched to window with index: '0'

27-02-2024T14:10:04 - [MESSAGE][PASSED] - Switched to window with index: '0'

27-02-2024T14:10:04 - [TEST_STEP][PASSED] - delay(2): Delayed 2 second(s)

27-02-2024T14:10:06 - [MESSAGE][PASSED] - Delayed 2 second(s)

27-02-2024T14:10:06 - [TEST_STEP][PASSED] - println(j): null

27-02-2024T14:10:06 - [TEST_STEP][PASSED] - playgame = allgames.get(j): null

27-02-2024T14:10:06 - [TEST_STEP][PASSED] - Object = convertWebElementToTestObject(playgame): null

27-02-2024T14:10:06 - [TEST_STEP][PASSED] - scrollToElement(Object, 10): Scroll to object '' successfully

27-02-2024T14:10:06 - [MESSAGE][PASSED] - Scroll to object '' successfully

27-02-2024T14:10:06 - [TEST_STEP][PASSED] - mouseOver(Object): Object: '' is hovered

27-02-2024T14:10:06 - [MESSAGE][PASSED] - Object: '' is hovered

27-02-2024T14:10:06 - [TEST_STEP][PASSED] - playgame.click(): null

27-02-2024T14:10:06 - [TEST_STEP][PASSED] - delay(2): Delayed 2 second(s)

27-02-2024T14:10:08 - [MESSAGE][PASSED] - Delayed 2 second(s)

27-02-2024T14:10:08 - [TEST_STEP][PASSED] - title = getUrl(): Current window's url is: 'https://haboom.com/d/casino/casino'

27-02-2024T14:10:08 - [MESSAGE][PASSED] - Current window's url is: 'https://haboom.com/d/casino/casino'

27-02-2024T14:10:08 - [TEST_STEP][PASSED] - if (title.contains("notavailable")): null

27-02-2024T14:10:08 - [TEST_STEP][PASSED] - switchToWindowIndex(1): Switched to window with index: '1'

27-02-2024T14:10:08 - [MESSAGE][PASSED] - Switched to window with index: '1'

27-02-2024T14:10:08 - [TEST_STEP][PASSED] - closeWindowIndex(1): Window with index 1 is closed

27-02-2024T14:10:08 - [MESSAGE][PASSED] - Window with index 1 is closed

27-02-2024T14:10:08 - [TEST_STEP][PASSED] - switchToWindowIndex(0): Switched to window with index: '0'

27-02-2024T14:10:08 - [MESSAGE][PASSED] - Switched to window with index: '0'

27-02-2024T14:10:08 - [TEST_STEP][PASSED] - delay(2): Delayed 2 second(s)

27-02-2024T14:10:10 - [MESSAGE][PASSED] - Delayed 2 second(s)

27-02-2024T14:10:10 - [TEST_STEP][PASSED] - println(j): null

27-02-2024T14:10:10 - [TEST_STEP][PASSED] - playgame = allgames.get(j): null

27-02-2024T14:10:10 - [TEST_STEP][PASSED] - Object = convertWebElementToTestObject(playgame): null

27-02-2024T14:10:10 - [TEST_STEP][PASSED] - scrollToElement(Object, 10): Scroll to object '' successfully

27-02-2024T14:10:10 - [MESSAGE][PASSED] - Scroll to object '' successfully

27-02-2024T14:10:10 - [TEST_STEP][PASSED] - mouseOver(Object): Object: '' is hovered

27-02-2024T14:10:10 - [MESSAGE][PASSED] - Object: '' is hovered

27-02-2024T14:10:10 - [TEST_STEP][PASSED] - playgame.click(): null

27-02-2024T14:10:10 - [TEST_STEP][PASSED] - delay(2): Delayed 2 second(s)

27-02-2024T14:10:13 - [MESSAGE][PASSED] - Delayed 2 second(s)

27-02-2024T14:10:13 - [TEST_STEP][PASSED] - title = getUrl(): Current window's url is: 'https://haboom.com/d/casino/casino'

27-02-2024T14:10:13 - [MESSAGE][PASSED] - Current window's url is: 'https://haboom.com/d/casino/casino'

27-02-2024T14:10:13 - [TEST_STEP][PASSED] - if (title.contains("notavailable")): null

27-02-2024T14:10:13 - [TEST_STEP][PASSED] - switchToWindowIndex(1): Switched to window with index: '1'

27-02-2024T14:10:13 - [MESSAGE][PASSED] - Switched to window with index: '1'

27-02-2024T14:10:13 - [TEST_STEP][PASSED] - closeWindowIndex(1): Window with index 1 is closed

27-02-2024T14:10:13 - [MESSAGE][PASSED] - Window with index 1 is closed

27-02-2024T14:10:13 - [TEST_STEP][PASSED] - switchToWindowIndex(0): Switched to window with index: '0'

27-02-2024T14:10:13 - [MESSAGE][PASSED] - Switched to window with index: '0'

27-02-2024T14:10:13 - [TEST_STEP][PASSED] - delay(2): Delayed 2 second(s)

27-02-2024T14:10:15 - [MESSAGE][PASSED] - Delayed 2 second(s)

27-02-2024T14:10:15 - [TEST_STEP][PASSED] - println(j): null

27-02-2024T14:10:15 - [TEST_STEP][PASSED] - playgame = allgames.get(j): null

27-02-2024T14:10:15 - [TEST_STEP][PASSED] - Object = convertWebElementToTestObject(playgame): null

27-02-2024T14:10:15 - [TEST_STEP][PASSED] - scrollToElement(Object, 10): Scroll to object '' successfully

27-02-2024T14:10:16 - [MESSAGE][PASSED] - Scroll to object '' successfully

27-02-2024T14:10:16 - [TEST_STEP][PASSED] - mouseOver(Object): Object: '' is hovered

27-02-2024T14:10:19 - [MESSAGE][PASSED] - Object: '' is hovered

27-02-2024T14:10:19 - [TEST_STEP][PASSED] - playgame.click(): null

27-02-2024T14:10:19 - [TEST_STEP][PASSED] - delay(2): Delayed 2 second(s)

27-02-2024T14:10:21 - [MESSAGE][PASSED] - Delayed 2 second(s)

27-02-2024T14:10:21 - [TEST_STEP][PASSED] - title = getUrl(): Current window's url is: 'https://haboom.com/d/casino/casino'

27-02-2024T14:10:21 - [MESSAGE][PASSED] - Current window's url is: 'https://haboom.com/d/casino/casino'

27-02-2024T14:10:21 - [TEST_STEP][PASSED] - if (title.contains("notavailable")): null

27-02-2024T14:10:21 - [TEST_STEP][PASSED] - switchToWindowIndex(1): Switched to window with index: '1'

27-02-2024T14:10:21 - [MESSAGE][PASSED] - Switched to window with index: '1'

27-02-2024T14:10:21 - [TEST_STEP][PASSED] - closeWindowIndex(1): Window with index 1 is closed

27-02-2024T14:10:21 - [MESSAGE][PASSED] - Window with index 1 is closed

27-02-2024T14:10:21 - [TEST_STEP][PASSED] - switchToWindowIndex(0): Switched to window with index: '0'

27-02-2024T14:10:21 - [MESSAGE][PASSED] - Switched to window with index: '0'

27-02-2024T14:10:21 - [TEST_STEP][PASSED] - delay(2): Delayed 2 second(s)

27-02-2024T14:10:23 - [MESSAGE][PASSED] - Delayed 2 second(s)

27-02-2024T14:10:23 - [TEST_STEP][PASSED] - println(j): null

27-02-2024T14:10:23 - [TEST_STEP][PASSED] - playgame = allgames.get(j): null

27-02-2024T14:10:23 - [TEST_STEP][PASSED] - Object = convertWebElementToTestObject(playgame): null

27-02-2024T14:10:23 - [TEST_STEP][PASSED] - scrollToElement(Object, 10): Scroll to object '' successfully

27-02-2024T14:10:23 - [MESSAGE][PASSED] - Scroll to object '' successfully

27-02-2024T14:10:23 - [TEST_STEP][PASSED] - mouseOver(Object): Object: '' is hovered

27-02-2024T14:10:24 - [MESSAGE][PASSED] - Object: '' is hovered

27-02-2024T14:10:24 - [TEST_STEP][PASSED] - playgame.click(): null

27-02-2024T14:10:24 - [TEST_STEP][PASSED] - delay(2): Delayed 2 second(s)

27-02-2024T14:10:26 - [MESSAGE][PASSED] - Delayed 2 second(s)

27-02-2024T14:10:26 - [TEST_STEP][PASSED] - title = getUrl(): Current window's url is: 'https://haboom.com/d/casino/casino'

27-02-2024T14:10:26 - [MESSAGE][PASSED] - Current window's url is: 'https://haboom.com/d/casino/casino'

27-02-2024T14:10:26 - [TEST_STEP][PASSED] - if (title.contains("notavailable")): null

27-02-2024T14:10:26 - [TEST_STEP][PASSED] - switchToWindowIndex(1): Switched to window with index: '1'

27-02-2024T14:10:26 - [MESSAGE][PASSED] - Switched to window with index: '1'

27-02-2024T14:10:26 - [TEST_STEP][PASSED] - closeWindowIndex(1): Window with index 1 is closed

27-02-2024T14:10:27 - [MESSAGE][PASSED] - Window with index 1 is closed

27-02-2024T14:10:27 - [TEST_STEP][PASSED] - switchToWindowIndex(0): Switched to window with index: '0'

27-02-2024T14:10:27 - [MESSAGE][PASSED] - Switched to window with index: '0'

27-02-2024T14:10:27 - [TEST_STEP][PASSED] - delay(2): Delayed 2 second(s)

27-02-2024T14:10:29 - [MESSAGE][PASSED] - Delayed 2 second(s)

27-02-2024T14:10:29 - [TEST_STEP][PASSED] - println(j): null

27-02-2024T14:10:29 - [TEST_STEP][PASSED] - playgame = allgames.get(j): null

27-02-2024T14:10:29 - [TEST_STEP][PASSED] - Object = convertWebElementToTestObject(playgame): null

27-02-2024T14:10:29 - [TEST_STEP][PASSED] - scrollToElement(Object, 10): Scroll to object '' successfully

27-02-2024T14:10:29 - [MESSAGE][PASSED] - Scroll to object '' successfully

27-02-2024T14:10:29 - [TEST_STEP][PASSED] - mouseOver(Object): Object: '' is hovered

27-02-2024T14:10:30 - [MESSAGE][PASSED] - Object: '' is hovered

27-02-2024T14:10:30 - [TEST_STEP][PASSED] - playgame.click(): null

27-02-2024T14:10:30 - [TEST_STEP][PASSED] - delay(2): Delayed 2 second(s)

27-02-2024T14:10:32 - [MESSAGE][PASSED] - Delayed 2 second(s)

27-02-2024T14:10:32 - [TEST_STEP][PASSED] - title = getUrl(): Current window's url is: 'https://haboom.com/d/casino/casino'

27-02-2024T14:10:32 - [MESSAGE][PASSED] - Current window's url is: 'https://haboom.com/d/casino/casino'

27-02-2024T14:10:32 - [TEST_STEP][PASSED] - if (title.contains("notavailable")): null

27-02-2024T14:10:32 - [TEST_STEP][PASSED] - switchToWindowIndex(1): Switched to window with index: '1'

27-02-2024T14:10:32 - [MESSAGE][PASSED] - Switched to window with index: '1'

27-02-2024T14:10:32 - [TEST_STEP][PASSED] - closeWindowIndex(1): Window with index 1 is closed

27-02-2024T14:10:32 - [MESSAGE][PASSED] - Window with index 1 is closed

27-02-2024T14:10:32 - [TEST_STEP][PASSED] - switchToWindowIndex(0): Switched to window with index: '0'

27-02-2024T14:10:32 - [MESSAGE][PASSED] - Switched to window with index: '0'

27-02-2024T14:10:32 - [TEST_STEP][PASSED] - delay(2): Delayed 2 second(s)

27-02-2024T14:10:34 - [MESSAGE][PASSED] - Delayed 2 second(s)

27-02-2024T14:10:34 - [TEST_STEP][PASSED] - println(j): null

27-02-2024T14:10:34 - [TEST_STEP][PASSED] - playgame = allgames.get(j): null

27-02-2024T14:10:34 - [TEST_STEP][PASSED] - Object = convertWebElementToTestObject(playgame): null

27-02-2024T14:10:34 - [TEST_STEP][PASSED] - scrollToElement(Object, 10): Scroll to object '' successfully

27-02-2024T14:10:34 - [MESSAGE][PASSED] - Scroll to object '' successfully

27-02-2024T14:10:34 - [TEST_STEP][PASSED] - mouseOver(Object): Object: '' is hovered

27-02-2024T14:10:35 - [MESSAGE][PASSED] - Object: '' is hovered

27-02-2024T14:10:35 - [TEST_STEP][PASSED] - playgame.click(): null

27-02-2024T14:10:36 - [TEST_STEP][PASSED] - delay(2): Delayed 2 second(s)

27-02-2024T14:10:38 - [MESSAGE][PASSED] - Delayed 2 second(s)

27-02-2024T14:10:38 - [TEST_STEP][PASSED] - title = getUrl(): Current window's url is: 'https://haboom.com/d/casino/casino'

27-02-2024T14:10:38 - [MESSAGE][PASSED] - Current window's url is: 'https://haboom.com/d/casino/casino'

27-02-2024T14:10:38 - [TEST_STEP][PASSED] - if (title.contains("notavailable")): null

27-02-2024T14:10:38 - [TEST_STEP][PASSED] - switchToWindowIndex(1): Switched to window with index: '1'

27-02-2024T14:10:38 - [MESSAGE][PASSED] - Switched to window with index: '1'

27-02-2024T14:10:38 - [TEST_STEP][PASSED] - closeWindowIndex(1): Window with index 1 is closed

27-02-2024T14:10:38 - [MESSAGE][PASSED] - Window with index 1 is closed

27-02-2024T14:10:38 - [TEST_STEP][PASSED] - switchToWindowIndex(0): Switched to window with index: '0'

27-02-2024T14:10:38 - [MESSAGE][PASSED] - Switched to window with index: '0'

27-02-2024T14:10:38 - [TEST_STEP][PASSED] - delay(2): Delayed 2 second(s)

27-02-2024T14:10:40 - [MESSAGE][PASSED] - Delayed 2 second(s)

27-02-2024T14:10:40 - [TEST_STEP][PASSED] - println(j): null

27-02-2024T14:10:40 - [TEST_STEP][PASSED] - playgame = allgames.get(j): null

27-02-2024T14:10:40 - [TEST_STEP][PASSED] - Object = convertWebElementToTestObject(playgame): null

27-02-2024T14:10:40 - [TEST_STEP][PASSED] - scrollToElement(Object, 10): Scroll to object '' successfully

27-02-2024T14:10:40 - [MESSAGE][PASSED] - Scroll to object '' successfully

27-02-2024T14:10:40 - [TEST_STEP][PASSED] - mouseOver(Object): Object: '' is hovered

27-02-2024T14:10:41 - [MESSAGE][PASSED] - Object: '' is hovered

27-02-2024T14:10:41 - [TEST_STEP][PASSED] - playgame.click(): null

27-02-2024T14:10:41 - [TEST_STEP][PASSED] - delay(2): Delayed 2 second(s)

27-02-2024T14:10:43 - [MESSAGE][PASSED] - Delayed 2 second(s)

27-02-2024T14:10:43 - [TEST_STEP][PASSED] - title = getUrl(): Current window's url is: 'https://haboom.com/d/casino/casino'

27-02-2024T14:10:43 - [MESSAGE][PASSED] - Current window's url is: 'https://haboom.com/d/casino/casino'

27-02-2024T14:10:43 - [TEST_STEP][PASSED] - if (title.contains("notavailable")): null

27-02-2024T14:10:43 - [TEST_STEP][PASSED] - switchToWindowIndex(1): Switched to window with index: '1'

27-02-2024T14:10:43 - [MESSAGE][PASSED] - Switched to window with index: '1'

27-02-2024T14:10:43 - [TEST_STEP][PASSED] - closeWindowIndex(1): Window with index 1 is closed

27-02-2024T14:10:43 - [MESSAGE][PASSED] - Window with index 1 is closed

27-02-2024T14:10:43 - [TEST_STEP][PASSED] - switchToWindowIndex(0): Switched to window with index: '0'

27-02-2024T14:10:43 - [MESSAGE][PASSED] - Switched to window with index: '0'

27-02-2024T14:10:43 - [TEST_STEP][PASSED] - delay(2): Delayed 2 second(s)

27-02-2024T14:10:45 - [MESSAGE][PASSED] - Delayed 2 second(s)

27-02-2024T14:10:45 - [TEST_STEP][PASSED] - println(j): null

27-02-2024T14:10:45 - [TEST_STEP][PASSED] - playgame = allgames.get(j): null

27-02-2024T14:10:45 - [TEST_STEP][PASSED] - Object = convertWebElementToTestObject(playgame): null

27-02-2024T14:10:45 - [TEST_STEP][PASSED] - scrollToElement(Object, 10): Scroll to object '' successfully

27-02-2024T14:10:45 - [MESSAGE][PASSED] - Scroll to object '' successfully

27-02-2024T14:10:45 - [TEST_STEP][PASSED] - mouseOver(Object): Object: '' is hovered

27-02-2024T14:10:45 - [MESSAGE][PASSED] - Object: '' is hovered

27-02-2024T14:10:45 - [TEST_STEP][PASSED] - playgame.click(): null

27-02-2024T14:10:45 - [TEST_STEP][PASSED] - delay(2): Delayed 2 second(s)

27-02-2024T14:10:47 - [MESSAGE][PASSED] - Delayed 2 second(s)

27-02-2024T14:10:47 - [TEST_STEP][PASSED] - title = getUrl(): Current window's url is: 'https://haboom.com/d/casino/casino'

27-02-2024T14:10:48 - [MESSAGE][PASSED] - Current window's url is: 'https://haboom.com/d/casino/casino'

27-02-2024T14:10:48 - [TEST_STEP][PASSED] - if (title.contains("notavailable")): null

27-02-2024T14:10:48 - [TEST_STEP][PASSED] - switchToWindowIndex(1): Switched to window with index: '1'

27-02-2024T14:10:48 - [MESSAGE][PASSED] - Switched to window with index: '1'

27-02-2024T14:10:48 - [TEST_STEP][PASSED] - closeWindowIndex(1): Window with index 1 is closed

27-02-2024T14:10:48 - [MESSAGE][PASSED] - Window with index 1 is closed

27-02-2024T14:10:48 - [TEST_STEP][PASSED] - switchToWindowIndex(0): Switched to window with index: '0'

27-02-2024T14:10:48 - [MESSAGE][PASSED] - Switched to window with index: '0'

27-02-2024T14:10:48 - [TEST_STEP][PASSED] - delay(2): Delayed 2 second(s)

27-02-2024T14:10:50 - [MESSAGE][PASSED] - Delayed 2 second(s)

27-02-2024T14:10:50 - [TEST_STEP][PASSED] - println(j): null

27-02-2024T14:10:50 - [TEST_STEP][PASSED] - playgame = allgames.get(j): null

27-02-2024T14:10:50 - [TEST_STEP][PASSED] - Object = convertWebElementToTestObject(playgame): null

27-02-2024T14:10:50 - [TEST_STEP][PASSED] - scrollToElement(Object, 10): Scroll to object '' successfully

27-02-2024T14:10:50 - [MESSAGE][PASSED] - Scroll to object '' successfully

27-02-2024T14:10:50 - [TEST_STEP][PASSED] - mouseOver(Object): Object: '' is hovered

27-02-2024T14:10:50 - [MESSAGE][PASSED] - Object: '' is hovered

27-02-2024T14:10:50 - [TEST_STEP][PASSED] - playgame.click(): null

27-02-2024T14:10:50 - [TEST_STEP][INCOMPLETE] - delay(2): null]]></system-out>
         <system-err><![CDATA[27-02-2024T14:07:24 - [TEST_CASE][INCOMPLETE] - Test Cases/Casino/Open game successful: null]]></system-err>
      </testcase>
      <system-out><![CDATA[27-02-2024T14:07:24 - [TEST_SUITE][INCOMPLETE] - Casino: null]]></system-out>
      <system-err><![CDATA[27-02-2024T14:07:24 - [TEST_SUITE][INCOMPLETE] - Casino: null]]></system-err>
   </testsuite>
</testsuites>
