<?xml version="1.0" encoding="UTF-8"?>
<testsuites name="My Account" time="154.068" tests="2" failures="0" errors="0">
   <testsuite name="My Account" tests="2" failures="0" errors="0" time="154.068" skipped="0" timestamp="27-02-2024T11:51:22" hostname="Deepa V - LAPTOP-KJGS4LH5" id="Test Suites/My Account">
      <properties>
         <property name="deviceName" value=""/>
         <property name="devicePlatform" value=""/>
         <property name="logFolder" value="C:\\Users\\Deepa V\\git\\HaboomWBT\\Reports\\20240227_115119\\My Account\\20240227_115119"/>
         <property name="logFiles" value="C:\\Users\\Deepa V\\git\\HaboomWBT\\Reports\\20240227_115119\\My Account\\20240227_115119\\execution0.log"/>
         <property name="attachments" value="C:\\Users\\Deepa V\\git\\HaboomWBT\\Reports\\20240227_115119\\My Account\\20240227_115119\\1709014980128.png, C:\\Users\\Deepa V\\git\\HaboomWBT\\Reports\\20240227_115119\\My Account\\20240227_115119\\1709015035657.png"/>
         <property name="hostName" value="Deepa V - LAPTOP-KJGS4LH5"/>
         <property name="os" value="Windows 11 64bit"/>
         <property name="katalonVersion" value="9.3.0.212"/>
         <property name="browser" value="Chrome 122.0.0.0"/>
         <property name="hostAddress" value="192.168.50.146"/>
         <property name="sessionId" value="290aa6adbf6258dcebabb9b73f8cc55b"/>
         <property name="seleniumVersion" value="3.141.59"/>
         <property name="proxyInformation" value="ProxyInformation { proxyOption=NO_PROXY, proxyServerType=HTTP, username=, password=********, proxyServerAddress=, proxyServerPort=0, executionList=&quot;&quot;, isApplyToDesiredCapabilities=true }"/>
         <property name="platform" value="Windows 11"/>
      </properties>
      <testcase name="Test Cases/My Account/Payment_Deposit successful in Instant method" time="98.82" classname="Test Cases/My Account/Payment_Deposit successful in Instant method" status="PASSED">
         <system-out><![CDATA[27-02-2024T11:51:22 - [TEST_CASE][PASSED] - Test Cases/My Account/Payment_Deposit successful in Instant method: Test Cases/My Account/Payment_Deposit successful in Instant method

27-02-2024T11:51:22 - [TEST_STEP][PASSED] - openBrowser(""): Browser is opened with url: ''

27-02-2024T11:51:22 - [MESSAGE][INFO] - Starting 'Chrome' driver

27-02-2024T11:51:22 - [MESSAGE][INFO] - Action delay is set to 0 milliseconds

27-02-2024T11:51:23 - [MESSAGE][PASSED] - Browser is opened with url: ''

27-02-2024T11:51:23 - [TEST_STEP][PASSED] - navigateToUrl("https://haboom.com/"): Navigate to 'https://haboom.com/' successfully

27-02-2024T11:52:12 - [MESSAGE][PASSED] - Navigate to 'https://haboom.com/' successfully

27-02-2024T11:52:12 - [TEST_STEP][PASSED] - setText(findTestObject("Object Repository/My Account_Payment/My Account page/Login Username"), "Sherlock"): Text 'Sherlock' is set on object 'Object Repository/My Account_Payment/My Account page/Login Username'

27-02-2024T11:52:16 - [MESSAGE][PASSED] - Text 'Sherlock' is set on object 'Object Repository/My Account_Payment/My Account page/Login Username'

27-02-2024T11:52:16 - [TEST_STEP][PASSED] - setEncryptedText(findTestObject("Object Repository/My Account_Payment/My Account page/Login Password"), "Ae2KZyjYBr0MQlyqU7ThAA=="): Text ****** has been set on object 'Object Repository/My Account_Payment/My Account page/Login Password'

27-02-2024T11:52:19 - [MESSAGE][PASSED] - Text ****** has been set on object 'Object Repository/My Account_Payment/My Account page/Login Password'

27-02-2024T11:52:19 - [TEST_STEP][PASSED] - click(findTestObject("Object Repository/My Account_Payment/My Account page/Login Button")): Object: 'Object Repository/My Account_Payment/My Account page/Login Button' is clicked on

27-02-2024T11:52:21 - [MESSAGE][PASSED] - Object: 'Object Repository/My Account_Payment/My Account page/Login Button' is clicked on

27-02-2024T11:52:21 - [TEST_STEP][PASSED] - click(findTestObject("Object Repository/My Account_Payment/My Account page/My Account")): Object: 'Object Repository/My Account_Payment/My Account page/My Account' is clicked on

27-02-2024T11:52:34 - [MESSAGE][PASSED] - Object: 'Object Repository/My Account_Payment/My Account page/My Account' is clicked on

27-02-2024T11:52:34 - [TEST_STEP][PASSED] - click(findTestObject("Object Repository/My Account_Payment/My Account page/My Haboom Account")): Object: 'Object Repository/My Account_Payment/My Account page/My Haboom Account' is clicked on

27-02-2024T11:52:40 - [MESSAGE][PASSED] - Object: 'Object Repository/My Account_Payment/My Account page/My Haboom Account' is clicked on

27-02-2024T11:52:40 - [TEST_STEP][PASSED] - click(findTestObject("Object Repository/My Account_Payment/Deposit page/Payments")): Object: 'Object Repository/My Account_Payment/Deposit page/Payments' is clicked on

27-02-2024T11:52:41 - [MESSAGE][PASSED] - Object: 'Object Repository/My Account_Payment/Deposit page/Payments' is clicked on

27-02-2024T11:52:41 - [TEST_STEP][PASSED] - click(findTestObject("My Account_Payment/Deposit Bank Transfer/Bank transfer page/Deposit")): Object: 'Object Repository/My Account_Payment/Deposit Bank Transfer/Bank transfer page/Deposit' is clicked on

27-02-2024T11:52:47 - [MESSAGE][PASSED] - Object: 'Object Repository/My Account_Payment/Deposit Bank Transfer/Bank transfer page/Deposit' is clicked on

27-02-2024T11:52:47 - [TEST_STEP][PASSED] - click(findTestObject("My Account_Payment/Deposit page/Instant Page/Instant Methods")): Object: 'Object Repository/My Account_Payment/Deposit page/Instant Page/Instant Methods' is clicked on

27-02-2024T11:52:48 - [MESSAGE][PASSED] - Object: 'Object Repository/My Account_Payment/Deposit page/Instant Page/Instant Methods' is clicked on

27-02-2024T11:52:48 - [TEST_STEP][PASSED] - setText(findTestObject("My Account_Payment/Deposit page/deposit input field/input instant method"), "1000"): Text '1000' is set on object 'Object Repository/My Account_Payment/Deposit page/deposit input field/input instant method'

27-02-2024T11:52:48 - [MESSAGE][PASSED] - Text '1000' is set on object 'Object Repository/My Account_Payment/Deposit page/deposit input field/input instant method'

27-02-2024T11:52:48 - [TEST_STEP][PASSED] - click(findTestObject("My Account_Payment/Deposit page/Deposit Page/button_Deposit")): Object: 'Object Repository/My Account_Payment/Deposit page/Deposit Page/button_Deposit' is clicked on

27-02-2024T11:52:50 - [MESSAGE][PASSED] - Object: 'Object Repository/My Account_Payment/Deposit page/Deposit Page/button_Deposit' is clicked on

27-02-2024T11:52:50 - [TEST_STEP][PASSED] - switchToWindowTitle(""): Switched to window with title: ''

27-02-2024T11:52:53 - [MESSAGE][PASSED] - Switched to window with title: ''

27-02-2024T11:52:53 - [TEST_STEP][PASSED] - click(findTestObject("Object Repository/My Account_Payment/Transaction page/Transaction success button")): Object: 'Object Repository/My Account_Payment/Transaction page/Transaction success button' is clicked on

27-02-2024T11:53:00 - [MESSAGE][PASSED] - Object: 'Object Repository/My Account_Payment/Transaction page/Transaction success button' is clicked on

27-02-2024T11:53:00 - [TEST_STEP][PASSED] - takeFullPageScreenshot(): Taking screenshot successfully

27-02-2024T11:53:00 - [MESSAGE][INFO] - 0 hidden object(s)

27-02-2024T11:53:00 - [MESSAGE][PASSED] - Taking screenshot successfully
[[ATTACHMENT|C:\\Users\\Deepa V\\git\\HaboomWBT\\Reports\\20240227_115119\\My Account\\20240227_115119\\1709014980128.png]]

27-02-2024T11:53:00 - [TEST_STEP][PASSED] - closeBrowser(): Browser is closed

27-02-2024T11:53:00 - [MESSAGE][PASSED] - Browser is closed]]></system-out>
         <system-err><![CDATA[]]></system-err>
      </testcase>
      <testcase name="Test Cases/My Account/Payment_ Successful Withdraw" time="55.116" classname="Test Cases/My Account/Payment_ Successful Withdraw" status="PASSED">
         <system-out><![CDATA[27-02-2024T11:53:00 - [TEST_CASE][PASSED] - Test Cases/My Account/Payment_ Successful Withdraw: Test Cases/My Account/Payment_ Successful Withdraw

27-02-2024T11:53:01 - [TEST_STEP][PASSED] - openBrowser(""): Browser is opened with url: ''

27-02-2024T11:53:01 - [MESSAGE][INFO] - Starting 'Chrome' driver

27-02-2024T11:53:01 - [MESSAGE][INFO] - Action delay is set to 0 milliseconds

27-02-2024T11:53:02 - [MESSAGE][PASSED] - Browser is opened with url: ''

27-02-2024T11:53:02 - [TEST_STEP][PASSED] - navigateToUrl("https://haboom.com/"): Navigate to 'https://haboom.com/' successfully

27-02-2024T11:53:24 - [MESSAGE][PASSED] - Navigate to 'https://haboom.com/' successfully

27-02-2024T11:53:24 - [TEST_STEP][PASSED] - setText(findTestObject("My Account_Payment/Deposit Bank Transfer/login to My haboom account/Login username"), "Sherlock"): Text 'Sherlock' is set on object 'Object Repository/My Account_Payment/Deposit Bank Transfer/login to My haboom account/Login username'

27-02-2024T11:53:27 - [MESSAGE][PASSED] - Text 'Sherlock' is set on object 'Object Repository/My Account_Payment/Deposit Bank Transfer/login to My haboom account/Login username'

27-02-2024T11:53:27 - [TEST_STEP][PASSED] - setText(findTestObject("My Account_Payment/My Account page/Login Password"), "Eternals@123"): Text 'Eternals@123' is set on object 'Object Repository/My Account_Payment/My Account page/Login Password'

27-02-2024T11:53:30 - [MESSAGE][PASSED] - Text 'Eternals@123' is set on object 'Object Repository/My Account_Payment/My Account page/Login Password'

27-02-2024T11:53:30 - [TEST_STEP][PASSED] - click(findTestObject("My Account_Payment/My Account page/Login Button")): Object: 'Object Repository/My Account_Payment/My Account page/Login Button' is clicked on

27-02-2024T11:53:31 - [MESSAGE][PASSED] - Object: 'Object Repository/My Account_Payment/My Account page/Login Button' is clicked on

27-02-2024T11:53:31 - [TEST_STEP][PASSED] - click(findTestObject("My Account_Payment/My Account page/My Account")): Object: 'Object Repository/My Account_Payment/My Account page/My Account' is clicked on

27-02-2024T11:53:35 - [MESSAGE][PASSED] - Object: 'Object Repository/My Account_Payment/My Account page/My Account' is clicked on

27-02-2024T11:53:35 - [TEST_STEP][PASSED] - click(findTestObject("My Account_Payment/My Account page/My Haboom Account")): Object: 'Object Repository/My Account_Payment/My Account page/My Haboom Account' is clicked on

27-02-2024T11:53:44 - [MESSAGE][PASSED] - Object: 'Object Repository/My Account_Payment/My Account page/My Haboom Account' is clicked on

27-02-2024T11:53:44 - [TEST_STEP][PASSED] - click(findTestObject("My Account_Payment/Deposit page/Payments")): Object: 'Object Repository/My Account_Payment/Deposit page/Payments' is clicked on

27-02-2024T11:53:45 - [MESSAGE][PASSED] - Object: 'Object Repository/My Account_Payment/Deposit page/Payments' is clicked on

27-02-2024T11:53:45 - [TEST_STEP][PASSED] - click(findTestObject("My Account_Payment/Withdraw/Withdraw page/Withdraw")): Object: 'Object Repository/My Account_Payment/Withdraw/Withdraw page/Withdraw' is clicked on

27-02-2024T11:53:50 - [MESSAGE][PASSED] - Object: 'Object Repository/My Account_Payment/Withdraw/Withdraw page/Withdraw' is clicked on

27-02-2024T11:53:50 - [TEST_STEP][PASSED] - setText(findTestObject("My Account_Payment/Withdraw/Withdraw page/Withdraw amount entery field"), "100"): Text '100' is set on object 'Object Repository/My Account_Payment/Withdraw/Withdraw page/Withdraw amount entery field'

27-02-2024T11:53:51 - [MESSAGE][PASSED] - Text '100' is set on object 'Object Repository/My Account_Payment/Withdraw/Withdraw page/Withdraw amount entery field'

27-02-2024T11:53:51 - [TEST_STEP][PASSED] - click(findTestObject("My Account_Payment/Withdraw/Withdraw page/Withdraw button")): Object: 'Object Repository/My Account_Payment/Withdraw/Withdraw page/Withdraw button' is clicked on

27-02-2024T11:53:52 - [MESSAGE][PASSED] - Object: 'Object Repository/My Account_Payment/Withdraw/Withdraw page/Withdraw button' is clicked on

27-02-2024T11:53:52 - [TEST_STEP][PASSED] - setText(findTestObject("My Account_Payment/Withdraw/Withdraw page/Account holder name"), "Sherlock"): Text 'Sherlock' is set on object 'Object Repository/My Account_Payment/Withdraw/Withdraw page/Account holder name'

27-02-2024T11:53:53 - [MESSAGE][PASSED] - Text 'Sherlock' is set on object 'Object Repository/My Account_Payment/Withdraw/Withdraw page/Account holder name'

27-02-2024T11:53:53 - [TEST_STEP][PASSED] - setText(findTestObject("My Account_Payment/Withdraw/Withdraw page/Account number"), "5896478963245187"): Text '5896478963245187' is set on object 'Object Repository/My Account_Payment/Withdraw/Withdraw page/Account number'

27-02-2024T11:53:53 - [MESSAGE][PASSED] - Text '5896478963245187' is set on object 'Object Repository/My Account_Payment/Withdraw/Withdraw page/Account number'

27-02-2024T11:53:53 - [TEST_STEP][PASSED] - setText(findTestObject("My Account_Payment/Withdraw/Withdraw page/Account IFSC code"), "SBIN0000800"): Text 'SBIN0000800' is set on object 'Object Repository/My Account_Payment/Withdraw/Withdraw page/Account IFSC code'

27-02-2024T11:53:54 - [MESSAGE][PASSED] - Text 'SBIN0000800' is set on object 'Object Repository/My Account_Payment/Withdraw/Withdraw page/Account IFSC code'

27-02-2024T11:53:54 - [TEST_STEP][PASSED] - click(findTestObject("My Account_Payment/Withdraw/Withdraw page/Withdraw Submit button")): Object: 'Object Repository/My Account_Payment/Withdraw/Withdraw page/Withdraw Submit button' is clicked on

27-02-2024T11:53:54 - [MESSAGE][PASSED] - Object: 'Object Repository/My Account_Payment/Withdraw/Withdraw page/Withdraw Submit button' is clicked on

27-02-2024T11:53:54 - [TEST_STEP][PASSED] - delay(1): Delayed 1 second(s)

27-02-2024T11:53:55 - [MESSAGE][PASSED] - Delayed 1 second(s)

27-02-2024T11:53:55 - [TEST_STEP][PASSED] - takeFullPageScreenshot(): Taking screenshot successfully

27-02-2024T11:53:56 - [MESSAGE][INFO] - 0 hidden object(s)

27-02-2024T11:53:56 - [MESSAGE][PASSED] - Taking screenshot successfully
[[ATTACHMENT|C:\\Users\\Deepa V\\git\\HaboomWBT\\Reports\\20240227_115119\\My Account\\20240227_115119\\1709015035657.png]]]]></system-out>
         <system-err><![CDATA[]]></system-err>
      </testcase>
      <system-out><![CDATA[27-02-2024T11:51:22 - [TEST_SUITE][PASSED] - My Account: Test Cases/My Account/Payment_ Successful Withdraw]]></system-out>
      <system-err><![CDATA[]]></system-err>
   </testsuite>
</testsuites>
