<?xml version="1.0" encoding="UTF-8"?>
<testsuites name="Casino" time="1004.538" tests="1" failures="0" errors="0">
   <testsuite name="Casino" tests="1" failures="0" errors="0" time="1004.538" skipped="0" timestamp="28-02-2024T09:14:58" hostname="M Gokul Jayanth - LAPTOP-QCN9K3GM" id="Test Suites/Casino">
      <properties>
         <property name="deviceName" value=""/>
         <property name="devicePlatform" value=""/>
         <property name="logFolder" value="C:\\Users\\M Gokul Jayanth\\git\\KatalonAutomation\\HaboomWBT\\Reports\\20240228_091456\\Casino\\20240228_091456"/>
         <property name="logFiles" value="C:\\Users\\M Gokul Jayanth\\git\\KatalonAutomation\\HaboomWBT\\Reports\\20240228_091456\\Casino\\20240228_091456\\execution0.log"/>
         <property name="attachments" value=""/>
         <property name="hostName" value="M Gokul Jayanth - LAPTOP-QCN9K3GM"/>
         <property name="os" value="Windows 11 64bit"/>
         <property name="katalonVersion" value="9.3.0.212"/>
         <property name="browser" value="Chrome 121.0.0.0"/>
         <property name="hostAddress" value="192.168.50.148"/>
         <property name="sessionId" value="e55177d0f6de7c3c7dab6a553742dd2d"/>
         <property name="seleniumVersion" value="3.141.59"/>
         <property name="proxyInformation" value="ProxyInformation { proxyOption=NO_PROXY, proxyServerType=HTTP, username=, password=********, proxyServerAddress=, proxyServerPort=0, executionList=&quot;&quot;, isApplyToDesiredCapabilities=true }"/>
         <property name="platform" value="Windows 11"/>
      </properties>
      <testcase name="Test Cases/Casino/Open game successful" time="1004.414" classname="Test Cases/Casino/Open game successful" status="INCOMPLETE">
         <system-out><![CDATA[28-02-2024T09:14:58 - [TEST_CASE][INCOMPLETE] - Test Cases/Casino/Open game successful: null

28-02-2024T09:14:59 - [TEST_STEP][PASSED] - Start setup action : setupTestCase: Method 'setupTestCase' complete successfully

28-02-2024T09:14:59 - [TEST_STEP][PASSED] - openBrowser(""): Browser is opened with url: ''

28-02-2024T09:14:59 - [MESSAGE][INFO] - Starting 'Chrome' driver

28-02-2024T09:14:59 - [MESSAGE][INFO] - Action delay is set to 0 milliseconds

28-02-2024T09:15:00 - [MESSAGE][PASSED] - Browser is opened with url: ''

28-02-2024T09:15:00 - [TEST_STEP][PASSED] - navigateToUrl("https://haboom.com/"): Navigate to 'https://haboom.com/' successfully

28-02-2024T09:15:07 - [MESSAGE][PASSED] - Navigate to 'https://haboom.com/' successfully

28-02-2024T09:15:07 - [TEST_STEP][PASSED] - maximizeWindow(): Current window maximized

28-02-2024T09:15:07 - [MESSAGE][PASSED] - Current window maximized

28-02-2024T09:15:07 - [TEST_STEP][PASSED] - setText(findTestObject("Object Repository/Login Page/Login email field"), "MartinGarrix"): Text 'MartinGarrix' is set on object 'Object Repository/Login Page/Login email field'

28-02-2024T09:15:09 - [MESSAGE][PASSED] - Text 'MartinGarrix' is set on object 'Object Repository/Login Page/Login email field'

28-02-2024T09:15:09 - [TEST_STEP][PASSED] - setText(findTestObject("Object Repository/Login Page/Login Password"), "Test@1234"): Text 'Test@1234' is set on object 'Object Repository/Login Page/Login Password'

28-02-2024T09:15:12 - [MESSAGE][PASSED] - Text 'Test@1234' is set on object 'Object Repository/Login Page/Login Password'

28-02-2024T09:15:12 - [TEST_STEP][PASSED] - click(findTestObject("Object Repository/Login Page/login button")): Object: 'Object Repository/Login Page/login button' is clicked on

28-02-2024T09:15:12 - [MESSAGE][PASSED] - Object: 'Object Repository/Login Page/login button' is clicked on

28-02-2024T09:15:12 - [TEST_STEP][PASSED] - verifyElementText(findTestObject("Object Repository/Login Page/My Account"), "My Account"): Actual text and expected text of test object 'Object Repository/Login Page/My Account' are matched.

28-02-2024T09:15:15 - [MESSAGE][PASSED] - Actual text and expected text of test object 'Object Repository/Login Page/My Account' are matched.

28-02-2024T09:15:15 - [MESSAGE][PASSED] - Method 'setupTestCase' complete successfully

28-02-2024T09:15:15 - [TEST_STEP][PASSED] - click(findTestObject("Object Repository/Casino Page/CasinoMenu")): Object: 'Object Repository/Casino Page/CasinoMenu' is clicked on

28-02-2024T09:15:20 - [MESSAGE][PASSED] - Object: 'Object Repository/Casino Page/CasinoMenu' is clicked on

28-02-2024T09:15:20 - [TEST_STEP][PASSED] - provider = getWebDriver().findElements(By.xpath("//input[@name='provider_list']")): null

28-02-2024T09:15:21 - [TEST_STEP][PASSED] - println(provider.size()): null

28-02-2024T09:15:21 - [TEST_STEP][INCOMPLETE] - for ([i = 1, i < provider.size(), (i++)]): null

28-02-2024T09:15:21 - [TEST_STEP][PASSED] - currentElement = provider.get(i): null

28-02-2024T09:15:21 - [TEST_STEP][PASSED] - currentElement.click(): null

28-02-2024T09:15:21 - [TEST_STEP][PASSED] - scrollToPosition(0, 250): Browser is scrolled to position x = 0, y = 250

28-02-2024T09:15:21 - [MESSAGE][PASSED] - Browser is scrolled to position x = 0, y = 250

28-02-2024T09:15:21 - [TEST_STEP][PASSED] - delay(5): Delayed 5 second(s)

28-02-2024T09:15:26 - [MESSAGE][PASSED] - Delayed 5 second(s)

28-02-2024T09:15:26 - [TEST_STEP][PASSED] - scrollToPosition(0, 500): Browser is scrolled to position x = 0, y = 500

28-02-2024T09:15:26 - [MESSAGE][PASSED] - Browser is scrolled to position x = 0, y = 500

28-02-2024T09:15:26 - [TEST_STEP][PASSED] - delay(5): Delayed 5 second(s)

28-02-2024T09:15:31 - [MESSAGE][PASSED] - Delayed 5 second(s)

28-02-2024T09:15:31 - [TEST_STEP][PASSED] - scrollToPosition(0, 750): Browser is scrolled to position x = 0, y = 750

28-02-2024T09:15:31 - [MESSAGE][PASSED] - Browser is scrolled to position x = 0, y = 750

28-02-2024T09:15:31 - [TEST_STEP][PASSED] - delay(5): Delayed 5 second(s)

28-02-2024T09:15:36 - [MESSAGE][PASSED] - Delayed 5 second(s)

28-02-2024T09:15:36 - [TEST_STEP][PASSED] - scrollToPosition(0, 1000): Browser is scrolled to position x = 0, y = 1000

28-02-2024T09:15:36 - [MESSAGE][PASSED] - Browser is scrolled to position x = 0, y = 1000

28-02-2024T09:15:36 - [TEST_STEP][PASSED] - delay(5): Delayed 5 second(s)

28-02-2024T09:15:41 - [MESSAGE][PASSED] - Delayed 5 second(s)

28-02-2024T09:15:41 - [TEST_STEP][PASSED] - scrollToPosition(0, 1250): Browser is scrolled to position x = 0, y = 1250

28-02-2024T09:15:41 - [MESSAGE][PASSED] - Browser is scrolled to position x = 0, y = 1250

28-02-2024T09:15:41 - [TEST_STEP][PASSED] - delay(5): Delayed 5 second(s)

28-02-2024T09:15:46 - [MESSAGE][PASSED] - Delayed 5 second(s)

28-02-2024T09:15:46 - [TEST_STEP][PASSED] - scrollToPosition(0, 1500): Browser is scrolled to position x = 0, y = 1500

28-02-2024T09:15:46 - [MESSAGE][PASSED] - Browser is scrolled to position x = 0, y = 1500

28-02-2024T09:15:46 - [TEST_STEP][PASSED] - delay(5): Delayed 5 second(s)

28-02-2024T09:15:51 - [MESSAGE][PASSED] - Delayed 5 second(s)

28-02-2024T09:15:51 - [TEST_STEP][PASSED] - scrollToPosition(0, 1750): Browser is scrolled to position x = 0, y = 1750

28-02-2024T09:15:51 - [MESSAGE][PASSED] - Browser is scrolled to position x = 0, y = 1750

28-02-2024T09:15:51 - [TEST_STEP][PASSED] - delay(5): Delayed 5 second(s)

28-02-2024T09:15:56 - [MESSAGE][PASSED] - Delayed 5 second(s)

28-02-2024T09:15:56 - [TEST_STEP][PASSED] - scrollToPosition(0, 0): Browser is scrolled to position x = 0, y = 0

28-02-2024T09:15:56 - [MESSAGE][PASSED] - Browser is scrolled to position x = 0, y = 0

28-02-2024T09:15:56 - [TEST_STEP][PASSED] - delay(10): Delayed 10 second(s)

28-02-2024T09:16:06 - [MESSAGE][PASSED] - Delayed 10 second(s)

28-02-2024T09:16:06 - [TEST_STEP][PASSED] - providerwindow = getWindowTitle(): Current window's title is: 'Haboom - Best Online Casino Games for Real Money'

28-02-2024T09:16:06 - [MESSAGE][PASSED] - Current window's title is: 'Haboom - Best Online Casino Games for Real Money'

28-02-2024T09:16:06 - [TEST_STEP][PASSED] - allgames = getWebDriver().findElements(By.xpath("//div[@class='tile-container' and @bis_skin_checked='1']")): null

28-02-2024T09:16:06 - [TEST_STEP][PASSED] - println(allgames.size()): null

28-02-2024T09:16:06 - [TEST_STEP][PASSED] - for ([j = 0, j < allgames.size(), (j++)]): null

28-02-2024T09:16:06 - [TEST_STEP][PASSED] - println(j): null

28-02-2024T09:16:06 - [TEST_STEP][PASSED] - playgame = allgames.get(j): null

28-02-2024T09:16:06 - [TEST_STEP][PASSED] - Object = convertWebElementToTestObject(playgame): null

28-02-2024T09:16:06 - [TEST_STEP][PASSED] - scrollToElement(Object, 10): Scroll to object '' successfully

28-02-2024T09:16:06 - [MESSAGE][PASSED] - Scroll to object '' successfully

28-02-2024T09:16:06 - [TEST_STEP][PASSED] - mouseOver(Object): Object: '' is hovered

28-02-2024T09:16:06 - [MESSAGE][PASSED] - Object: '' is hovered

28-02-2024T09:16:06 - [TEST_STEP][PASSED] - if (verifyElementClickable(Object)): null

28-02-2024T09:16:07 - [MESSAGE][PASSED] - Object '' is clickable

28-02-2024T09:16:07 - [TEST_STEP][PASSED] - playgame.click(): null

28-02-2024T09:16:07 - [TEST_STEP][PASSED] - delay(5): Delayed 5 second(s)

28-02-2024T09:16:12 - [MESSAGE][PASSED] - Delayed 5 second(s)

28-02-2024T09:16:12 - [TEST_STEP][PASSED] - switchToWindowIndex(1): Switched to window with index: '1'

28-02-2024T09:16:12 - [MESSAGE][PASSED] - Switched to window with index: '1'

28-02-2024T09:16:12 - [TEST_STEP][PASSED] - title = getUrl(): Current window's url is: 'https://play.livetables.io/rng_roulette/?table_id=481005&game_id=48&identifier=1043700493c700e1-9a49-477a-8eda-922d329692c5&limit_id=&language=en&operatorId=10437004'

28-02-2024T09:16:12 - [MESSAGE][PASSED] - Current window's url is: 'https://play.livetables.io/rng_roulette/?table_id=481005&game_id=48&identifier=1043700493c700e1-9a49-477a-8eda-922d329692c5&limit_id=&language=en&operatorId=10437004'

28-02-2024T09:16:12 - [TEST_STEP][PASSED] - println(title): null

28-02-2024T09:16:12 - [TEST_STEP][PASSED] - if (title.contains("notavailable")): null

28-02-2024T09:16:12 - [TEST_STEP][PASSED] - switchToWindowIndex(1): Switched to window with index: '1'

28-02-2024T09:16:12 - [MESSAGE][PASSED] - Switched to window with index: '1'

28-02-2024T09:16:12 - [TEST_STEP][PASSED] - closeWindowIndex(1): Window with index 1 is closed

28-02-2024T09:16:12 - [MESSAGE][PASSED] - Window with index 1 is closed

28-02-2024T09:16:12 - [TEST_STEP][PASSED] - switchToWindowIndex(0): Switched to window with index: '0'

28-02-2024T09:16:12 - [MESSAGE][PASSED] - Switched to window with index: '0'

28-02-2024T09:16:12 - [TEST_STEP][PASSED] - delay(2): Delayed 2 second(s)

28-02-2024T09:16:14 - [MESSAGE][PASSED] - Delayed 2 second(s)

28-02-2024T09:16:14 - [TEST_STEP][PASSED] - println(j): null

28-02-2024T09:16:14 - [TEST_STEP][PASSED] - playgame = allgames.get(j): null

28-02-2024T09:16:14 - [TEST_STEP][PASSED] - Object = convertWebElementToTestObject(playgame): null

28-02-2024T09:16:14 - [TEST_STEP][PASSED] - scrollToElement(Object, 10): Scroll to object '' successfully

28-02-2024T09:16:14 - [MESSAGE][PASSED] - Scroll to object '' successfully

28-02-2024T09:16:14 - [TEST_STEP][PASSED] - mouseOver(Object): Object: '' is hovered

28-02-2024T09:16:14 - [MESSAGE][PASSED] - Object: '' is hovered

28-02-2024T09:16:14 - [TEST_STEP][PASSED] - if (verifyElementClickable(Object)): null

28-02-2024T09:16:14 - [MESSAGE][PASSED] - Object '' is clickable

28-02-2024T09:16:14 - [TEST_STEP][PASSED] - playgame.click(): null

28-02-2024T09:16:14 - [TEST_STEP][PASSED] - delay(5): Delayed 5 second(s)

28-02-2024T09:16:19 - [MESSAGE][PASSED] - Delayed 5 second(s)

28-02-2024T09:16:19 - [TEST_STEP][PASSED] - switchToWindowIndex(1): Switched to window with index: '1'

28-02-2024T09:16:19 - [MESSAGE][PASSED] - Switched to window with index: '1'

28-02-2024T09:16:19 - [TEST_STEP][PASSED] - title = getUrl(): Current window's url is: 'https://play.livetables.io/roulette/?table_id=221006&game_id=3&identifier=104370040eb12018-9fe5-4a7a-87ed-dc4f6937e57b&limit_id=&language=en&operatorId=10437004'

28-02-2024T09:16:19 - [MESSAGE][PASSED] - Current window's url is: 'https://play.livetables.io/roulette/?table_id=221006&game_id=3&identifier=104370040eb12018-9fe5-4a7a-87ed-dc4f6937e57b&limit_id=&language=en&operatorId=10437004'

28-02-2024T09:16:19 - [TEST_STEP][PASSED] - println(title): null

28-02-2024T09:16:19 - [TEST_STEP][PASSED] - if (title.contains("notavailable")): null

28-02-2024T09:16:19 - [TEST_STEP][PASSED] - switchToWindowIndex(1): Switched to window with index: '1'

28-02-2024T09:16:19 - [MESSAGE][PASSED] - Switched to window with index: '1'

28-02-2024T09:16:19 - [TEST_STEP][PASSED] - closeWindowIndex(1): Window with index 1 is closed

28-02-2024T09:16:19 - [MESSAGE][PASSED] - Window with index 1 is closed

28-02-2024T09:16:19 - [TEST_STEP][PASSED] - switchToWindowIndex(0): Switched to window with index: '0'

28-02-2024T09:16:19 - [MESSAGE][PASSED] - Switched to window with index: '0'

28-02-2024T09:16:19 - [TEST_STEP][PASSED] - delay(2): Delayed 2 second(s)

28-02-2024T09:16:21 - [MESSAGE][PASSED] - Delayed 2 second(s)

28-02-2024T09:16:21 - [TEST_STEP][PASSED] - println(j): null

28-02-2024T09:16:21 - [TEST_STEP][PASSED] - playgame = allgames.get(j): null

28-02-2024T09:16:21 - [TEST_STEP][PASSED] - Object = convertWebElementToTestObject(playgame): null

28-02-2024T09:16:21 - [TEST_STEP][PASSED] - scrollToElement(Object, 10): Scroll to object '' successfully

28-02-2024T09:16:21 - [MESSAGE][PASSED] - Scroll to object '' successfully

28-02-2024T09:16:21 - [TEST_STEP][PASSED] - mouseOver(Object): Object: '' is hovered

28-02-2024T09:16:22 - [MESSAGE][PASSED] - Object: '' is hovered

28-02-2024T09:16:22 - [TEST_STEP][PASSED] - if (verifyElementClickable(Object)): null

28-02-2024T09:16:22 - [MESSAGE][PASSED] - Object '' is clickable

28-02-2024T09:16:22 - [TEST_STEP][PASSED] - playgame.click(): null

28-02-2024T09:16:22 - [TEST_STEP][PASSED] - delay(5): Delayed 5 second(s)

28-02-2024T09:16:27 - [MESSAGE][PASSED] - Delayed 5 second(s)

28-02-2024T09:16:27 - [TEST_STEP][PASSED] - switchToWindowIndex(1): Switched to window with index: '1'

28-02-2024T09:16:27 - [MESSAGE][PASSED] - Switched to window with index: '1'

28-02-2024T09:16:27 - [TEST_STEP][PASSED] - title = getUrl(): Current window's url is: 'https://play.livetables.io/category/1'

28-02-2024T09:16:27 - [MESSAGE][PASSED] - Current window's url is: 'https://play.livetables.io/category/1'

28-02-2024T09:16:27 - [TEST_STEP][PASSED] - println(title): null

28-02-2024T09:16:27 - [TEST_STEP][PASSED] - if (title.contains("notavailable")): null

28-02-2024T09:16:27 - [TEST_STEP][PASSED] - switchToWindowIndex(1): Switched to window with index: '1'

28-02-2024T09:16:27 - [MESSAGE][PASSED] - Switched to window with index: '1'

28-02-2024T09:16:27 - [TEST_STEP][PASSED] - closeWindowIndex(1): Window with index 1 is closed

28-02-2024T09:16:27 - [MESSAGE][PASSED] - Window with index 1 is closed

28-02-2024T09:16:27 - [TEST_STEP][PASSED] - switchToWindowIndex(0): Switched to window with index: '0'

28-02-2024T09:16:27 - [MESSAGE][PASSED] - Switched to window with index: '0'

28-02-2024T09:16:27 - [TEST_STEP][PASSED] - delay(2): Delayed 2 second(s)

28-02-2024T09:16:29 - [MESSAGE][PASSED] - Delayed 2 second(s)

28-02-2024T09:16:29 - [TEST_STEP][PASSED] - println(j): null

28-02-2024T09:16:29 - [TEST_STEP][PASSED] - playgame = allgames.get(j): null

28-02-2024T09:16:29 - [TEST_STEP][PASSED] - Object = convertWebElementToTestObject(playgame): null

28-02-2024T09:16:29 - [TEST_STEP][PASSED] - scrollToElement(Object, 10): Scroll to object '' successfully

28-02-2024T09:16:29 - [MESSAGE][PASSED] - Scroll to object '' successfully

28-02-2024T09:16:29 - [TEST_STEP][PASSED] - mouseOver(Object): Object: '' is hovered

28-02-2024T09:16:29 - [MESSAGE][PASSED] - Object: '' is hovered

28-02-2024T09:16:29 - [TEST_STEP][PASSED] - if (verifyElementClickable(Object)): null

28-02-2024T09:16:29 - [MESSAGE][PASSED] - Object '' is clickable

28-02-2024T09:16:29 - [TEST_STEP][PASSED] - playgame.click(): null

28-02-2024T09:16:29 - [TEST_STEP][PASSED] - delay(5): Delayed 5 second(s)

28-02-2024T09:16:34 - [MESSAGE][PASSED] - Delayed 5 second(s)

28-02-2024T09:16:34 - [TEST_STEP][PASSED] - switchToWindowIndex(1): Switched to window with index: '1'

28-02-2024T09:16:34 - [MESSAGE][PASSED] - Switched to window with index: '1'

28-02-2024T09:16:34 - [TEST_STEP][PASSED] - title = getUrl(): Current window's url is: 'https://play.livetables.io/category/3'

28-02-2024T09:16:34 - [MESSAGE][PASSED] - Current window's url is: 'https://play.livetables.io/category/3'

28-02-2024T09:16:34 - [TEST_STEP][PASSED] - println(title): null

28-02-2024T09:16:34 - [TEST_STEP][PASSED] - if (title.contains("notavailable")): null

28-02-2024T09:16:34 - [TEST_STEP][PASSED] - switchToWindowIndex(1): Switched to window with index: '1'

28-02-2024T09:16:34 - [MESSAGE][PASSED] - Switched to window with index: '1'

28-02-2024T09:16:34 - [TEST_STEP][PASSED] - closeWindowIndex(1): Window with index 1 is closed

28-02-2024T09:16:34 - [MESSAGE][PASSED] - Window with index 1 is closed

28-02-2024T09:16:34 - [TEST_STEP][PASSED] - switchToWindowIndex(0): Switched to window with index: '0'

28-02-2024T09:16:34 - [MESSAGE][PASSED] - Switched to window with index: '0'

28-02-2024T09:16:34 - [TEST_STEP][PASSED] - delay(2): Delayed 2 second(s)

28-02-2024T09:16:36 - [MESSAGE][PASSED] - Delayed 2 second(s)

28-02-2024T09:16:36 - [TEST_STEP][PASSED] - println(j): null

28-02-2024T09:16:36 - [TEST_STEP][PASSED] - playgame = allgames.get(j): null

28-02-2024T09:16:36 - [TEST_STEP][PASSED] - Object = convertWebElementToTestObject(playgame): null

28-02-2024T09:16:36 - [TEST_STEP][PASSED] - scrollToElement(Object, 10): Scroll to object '' successfully

28-02-2024T09:16:36 - [MESSAGE][PASSED] - Scroll to object '' successfully

28-02-2024T09:16:36 - [TEST_STEP][PASSED] - mouseOver(Object): Object: '' is hovered

28-02-2024T09:16:36 - [MESSAGE][PASSED] - Object: '' is hovered

28-02-2024T09:16:36 - [TEST_STEP][PASSED] - if (verifyElementClickable(Object)): null

28-02-2024T09:16:37 - [MESSAGE][PASSED] - Object '' is clickable

28-02-2024T09:16:37 - [TEST_STEP][PASSED] - playgame.click(): null

28-02-2024T09:16:37 - [TEST_STEP][PASSED] - delay(5): Delayed 5 second(s)

28-02-2024T09:16:42 - [MESSAGE][PASSED] - Delayed 5 second(s)

28-02-2024T09:16:42 - [TEST_STEP][PASSED] - switchToWindowIndex(1): Switched to window with index: '1'

28-02-2024T09:16:42 - [MESSAGE][PASSED] - Switched to window with index: '1'

28-02-2024T09:16:42 - [TEST_STEP][PASSED] - title = getUrl(): Current window's url is: 'https://play.livetables.io/category/6'

28-02-2024T09:16:42 - [MESSAGE][PASSED] - Current window's url is: 'https://play.livetables.io/category/6'

28-02-2024T09:16:42 - [TEST_STEP][PASSED] - println(title): null

28-02-2024T09:16:42 - [TEST_STEP][PASSED] - if (title.contains("notavailable")): null

28-02-2024T09:16:42 - [TEST_STEP][PASSED] - switchToWindowIndex(1): Switched to window with index: '1'

28-02-2024T09:16:42 - [MESSAGE][PASSED] - Switched to window with index: '1'

28-02-2024T09:16:42 - [TEST_STEP][PASSED] - closeWindowIndex(1): Window with index 1 is closed

28-02-2024T09:16:42 - [MESSAGE][PASSED] - Window with index 1 is closed

28-02-2024T09:16:42 - [TEST_STEP][PASSED] - switchToWindowIndex(0): Switched to window with index: '0'

28-02-2024T09:16:42 - [MESSAGE][PASSED] - Switched to window with index: '0'

28-02-2024T09:16:42 - [TEST_STEP][PASSED] - delay(2): Delayed 2 second(s)

28-02-2024T09:16:44 - [MESSAGE][PASSED] - Delayed 2 second(s)

28-02-2024T09:16:44 - [TEST_STEP][PASSED] - println(j): null

28-02-2024T09:16:44 - [TEST_STEP][PASSED] - playgame = allgames.get(j): null

28-02-2024T09:16:44 - [TEST_STEP][PASSED] - Object = convertWebElementToTestObject(playgame): null

28-02-2024T09:16:44 - [TEST_STEP][PASSED] - scrollToElement(Object, 10): Scroll to object '' successfully

28-02-2024T09:16:44 - [MESSAGE][PASSED] - Scroll to object '' successfully

28-02-2024T09:16:44 - [TEST_STEP][PASSED] - mouseOver(Object): Object: '' is hovered

28-02-2024T09:16:44 - [MESSAGE][PASSED] - Object: '' is hovered

28-02-2024T09:16:44 - [TEST_STEP][PASSED] - if (verifyElementClickable(Object)): null

28-02-2024T09:16:44 - [MESSAGE][PASSED] - Object '' is clickable

28-02-2024T09:16:44 - [TEST_STEP][PASSED] - playgame.click(): null

28-02-2024T09:16:44 - [TEST_STEP][PASSED] - delay(5): Delayed 5 second(s)

28-02-2024T09:16:49 - [MESSAGE][PASSED] - Delayed 5 second(s)

28-02-2024T09:16:49 - [TEST_STEP][PASSED] - switchToWindowIndex(1): Switched to window with index: '1'

28-02-2024T09:16:49 - [MESSAGE][PASSED] - Switched to window with index: '1'

28-02-2024T09:16:49 - [TEST_STEP][PASSED] - title = getUrl(): Current window's url is: 'https://play.livetables.io/category/7'

28-02-2024T09:16:49 - [MESSAGE][PASSED] - Current window's url is: 'https://play.livetables.io/category/7'

28-02-2024T09:16:49 - [TEST_STEP][PASSED] - println(title): null

28-02-2024T09:16:49 - [TEST_STEP][PASSED] - if (title.contains("notavailable")): null

28-02-2024T09:16:49 - [TEST_STEP][PASSED] - switchToWindowIndex(1): Switched to window with index: '1'

28-02-2024T09:16:49 - [MESSAGE][PASSED] - Switched to window with index: '1'

28-02-2024T09:16:49 - [TEST_STEP][PASSED] - closeWindowIndex(1): Window with index 1 is closed

28-02-2024T09:16:49 - [MESSAGE][PASSED] - Window with index 1 is closed

28-02-2024T09:16:49 - [TEST_STEP][PASSED] - switchToWindowIndex(0): Switched to window with index: '0'

28-02-2024T09:16:49 - [MESSAGE][PASSED] - Switched to window with index: '0'

28-02-2024T09:16:49 - [TEST_STEP][PASSED] - delay(2): Delayed 2 second(s)

28-02-2024T09:16:51 - [MESSAGE][PASSED] - Delayed 2 second(s)

28-02-2024T09:16:51 - [TEST_STEP][PASSED] - println(j): null

28-02-2024T09:16:51 - [TEST_STEP][PASSED] - playgame = allgames.get(j): null

28-02-2024T09:16:51 - [TEST_STEP][PASSED] - Object = convertWebElementToTestObject(playgame): null

28-02-2024T09:16:51 - [TEST_STEP][PASSED] - scrollToElement(Object, 10): Scroll to object '' successfully

28-02-2024T09:16:51 - [MESSAGE][PASSED] - Scroll to object '' successfully

28-02-2024T09:16:51 - [TEST_STEP][PASSED] - mouseOver(Object): Object: '' is hovered

28-02-2024T09:16:51 - [MESSAGE][PASSED] - Object: '' is hovered

28-02-2024T09:16:51 - [TEST_STEP][PASSED] - if (verifyElementClickable(Object)): null

28-02-2024T09:16:51 - [MESSAGE][PASSED] - Object '' is clickable

28-02-2024T09:16:51 - [TEST_STEP][PASSED] - playgame.click(): null

28-02-2024T09:16:51 - [TEST_STEP][PASSED] - delay(5): Delayed 5 second(s)

28-02-2024T09:16:56 - [MESSAGE][PASSED] - Delayed 5 second(s)

28-02-2024T09:16:56 - [TEST_STEP][PASSED] - switchToWindowIndex(1): Switched to window with index: '1'

28-02-2024T09:16:56 - [MESSAGE][PASSED] - Switched to window with index: '1'

28-02-2024T09:16:56 - [TEST_STEP][PASSED] - title = getUrl(): Current window's url is: 'https://play.livetables.io/32cards/?table_id=228002&game_id=19&identifier=10437004f5aff43d-4d96-4ae6-91a5-b035f570568d&limit_id=&language=en&operatorId=10437004'

28-02-2024T09:16:56 - [MESSAGE][PASSED] - Current window's url is: 'https://play.livetables.io/32cards/?table_id=228002&game_id=19&identifier=10437004f5aff43d-4d96-4ae6-91a5-b035f570568d&limit_id=&language=en&operatorId=10437004'

28-02-2024T09:16:56 - [TEST_STEP][PASSED] - println(title): null

28-02-2024T09:16:56 - [TEST_STEP][PASSED] - if (title.contains("notavailable")): null

28-02-2024T09:16:56 - [TEST_STEP][PASSED] - switchToWindowIndex(1): Switched to window with index: '1'

28-02-2024T09:16:56 - [MESSAGE][PASSED] - Switched to window with index: '1'

28-02-2024T09:16:56 - [TEST_STEP][PASSED] - closeWindowIndex(1): Window with index 1 is closed

28-02-2024T09:16:57 - [MESSAGE][PASSED] - Window with index 1 is closed

28-02-2024T09:16:57 - [TEST_STEP][PASSED] - switchToWindowIndex(0): Switched to window with index: '0'

28-02-2024T09:16:57 - [MESSAGE][PASSED] - Switched to window with index: '0'

28-02-2024T09:16:57 - [TEST_STEP][PASSED] - delay(2): Delayed 2 second(s)

28-02-2024T09:16:59 - [MESSAGE][PASSED] - Delayed 2 second(s)

28-02-2024T09:16:59 - [TEST_STEP][PASSED] - println(j): null

28-02-2024T09:16:59 - [TEST_STEP][PASSED] - playgame = allgames.get(j): null

28-02-2024T09:16:59 - [TEST_STEP][PASSED] - Object = convertWebElementToTestObject(playgame): null

28-02-2024T09:16:59 - [TEST_STEP][PASSED] - scrollToElement(Object, 10): Scroll to object '' successfully

28-02-2024T09:16:59 - [MESSAGE][PASSED] - Scroll to object '' successfully

28-02-2024T09:16:59 - [TEST_STEP][PASSED] - mouseOver(Object): Object: '' is hovered

28-02-2024T09:16:59 - [MESSAGE][PASSED] - Object: '' is hovered

28-02-2024T09:16:59 - [TEST_STEP][PASSED] - if (verifyElementClickable(Object)): null

28-02-2024T09:16:59 - [MESSAGE][PASSED] - Object '' is clickable

28-02-2024T09:16:59 - [TEST_STEP][PASSED] - playgame.click(): null

28-02-2024T09:16:59 - [TEST_STEP][PASSED] - delay(5): Delayed 5 second(s)

28-02-2024T09:17:04 - [MESSAGE][PASSED] - Delayed 5 second(s)

28-02-2024T09:17:04 - [TEST_STEP][PASSED] - switchToWindowIndex(1): Switched to window with index: '1'

28-02-2024T09:17:04 - [MESSAGE][PASSED] - Switched to window with index: '1'

28-02-2024T09:17:04 - [TEST_STEP][PASSED] - title = getUrl(): Current window's url is: 'https://play.livetables.io/andarbahar/?table_id=228000&game_id=38&identifier=1043700483d57fb7-9e03-4302-80ea-a28292b61a4d&limit_id=&language=en&operatorId=10437004'

28-02-2024T09:17:04 - [MESSAGE][PASSED] - Current window's url is: 'https://play.livetables.io/andarbahar/?table_id=228000&game_id=38&identifier=1043700483d57fb7-9e03-4302-80ea-a28292b61a4d&limit_id=&language=en&operatorId=10437004'

28-02-2024T09:17:04 - [TEST_STEP][PASSED] - println(title): null

28-02-2024T09:17:04 - [TEST_STEP][PASSED] - if (title.contains("notavailable")): null

28-02-2024T09:17:04 - [TEST_STEP][PASSED] - switchToWindowIndex(1): Switched to window with index: '1'

28-02-2024T09:17:04 - [MESSAGE][PASSED] - Switched to window with index: '1'

28-02-2024T09:17:04 - [TEST_STEP][PASSED] - closeWindowIndex(1): Window with index 1 is closed

28-02-2024T09:17:04 - [MESSAGE][PASSED] - Window with index 1 is closed

28-02-2024T09:17:04 - [TEST_STEP][PASSED] - switchToWindowIndex(0): Switched to window with index: '0'

28-02-2024T09:17:04 - [MESSAGE][PASSED] - Switched to window with index: '0'

28-02-2024T09:17:04 - [TEST_STEP][PASSED] - delay(2): Delayed 2 second(s)

28-02-2024T09:17:06 - [MESSAGE][PASSED] - Delayed 2 second(s)

28-02-2024T09:17:06 - [TEST_STEP][PASSED] - println(j): null

28-02-2024T09:17:06 - [TEST_STEP][PASSED] - playgame = allgames.get(j): null

28-02-2024T09:17:06 - [TEST_STEP][PASSED] - Object = convertWebElementToTestObject(playgame): null

28-02-2024T09:17:06 - [TEST_STEP][PASSED] - scrollToElement(Object, 10): Scroll to object '' successfully

28-02-2024T09:17:06 - [MESSAGE][PASSED] - Scroll to object '' successfully

28-02-2024T09:17:06 - [TEST_STEP][PASSED] - mouseOver(Object): Object: '' is hovered

28-02-2024T09:17:06 - [MESSAGE][PASSED] - Object: '' is hovered

28-02-2024T09:17:06 - [TEST_STEP][PASSED] - if (verifyElementClickable(Object)): null

28-02-2024T09:17:06 - [MESSAGE][PASSED] - Object '' is clickable

28-02-2024T09:17:06 - [TEST_STEP][PASSED] - playgame.click(): null

28-02-2024T09:17:06 - [TEST_STEP][PASSED] - delay(5): Delayed 5 second(s)

28-02-2024T09:17:11 - [MESSAGE][PASSED] - Delayed 5 second(s)

28-02-2024T09:17:11 - [TEST_STEP][PASSED] - switchToWindowIndex(1): Switched to window with index: '1'

28-02-2024T09:17:11 - [MESSAGE][PASSED] - Switched to window with index: '1'

28-02-2024T09:17:11 - [TEST_STEP][PASSED] - title = getUrl(): Current window's url is: 'https://play.livetables.io/roulette/?table_id=5001&game_id=7&identifier=1043700401199807-d9eb-479a-800e-da0d07518323&limit_id=&language=en&operatorId=10437004'

28-02-2024T09:17:12 - [MESSAGE][PASSED] - Current window's url is: 'https://play.livetables.io/roulette/?table_id=5001&game_id=7&identifier=1043700401199807-d9eb-479a-800e-da0d07518323&limit_id=&language=en&operatorId=10437004'

28-02-2024T09:17:12 - [TEST_STEP][PASSED] - println(title): null

28-02-2024T09:17:12 - [TEST_STEP][PASSED] - if (title.contains("notavailable")): null

28-02-2024T09:17:12 - [TEST_STEP][PASSED] - switchToWindowIndex(1): Switched to window with index: '1'

28-02-2024T09:17:12 - [MESSAGE][PASSED] - Switched to window with index: '1'

28-02-2024T09:17:12 - [TEST_STEP][PASSED] - closeWindowIndex(1): Window with index 1 is closed

28-02-2024T09:17:12 - [MESSAGE][PASSED] - Window with index 1 is closed

28-02-2024T09:17:12 - [TEST_STEP][PASSED] - switchToWindowIndex(0): Switched to window with index: '0'

28-02-2024T09:17:12 - [MESSAGE][PASSED] - Switched to window with index: '0'

28-02-2024T09:17:12 - [TEST_STEP][PASSED] - delay(2): Delayed 2 second(s)

28-02-2024T09:17:14 - [MESSAGE][PASSED] - Delayed 2 second(s)

28-02-2024T09:17:14 - [TEST_STEP][PASSED] - println(j): null

28-02-2024T09:17:14 - [TEST_STEP][PASSED] - playgame = allgames.get(j): null

28-02-2024T09:17:14 - [TEST_STEP][PASSED] - Object = convertWebElementToTestObject(playgame): null

28-02-2024T09:17:14 - [TEST_STEP][PASSED] - scrollToElement(Object, 10): Scroll to object '' successfully

28-02-2024T09:17:14 - [MESSAGE][PASSED] - Scroll to object '' successfully

28-02-2024T09:17:14 - [TEST_STEP][PASSED] - mouseOver(Object): Object: '' is hovered

28-02-2024T09:17:14 - [MESSAGE][PASSED] - Object: '' is hovered

28-02-2024T09:17:14 - [TEST_STEP][PASSED] - if (verifyElementClickable(Object)): null

28-02-2024T09:17:14 - [MESSAGE][PASSED] - Object '' is clickable

28-02-2024T09:17:14 - [TEST_STEP][PASSED] - playgame.click(): null

28-02-2024T09:17:14 - [TEST_STEP][PASSED] - delay(5): Delayed 5 second(s)

28-02-2024T09:17:19 - [MESSAGE][PASSED] - Delayed 5 second(s)

28-02-2024T09:17:19 - [TEST_STEP][PASSED] - switchToWindowIndex(1): Switched to window with index: '1'

28-02-2024T09:17:19 - [MESSAGE][PASSED] - Switched to window with index: '1'

28-02-2024T09:17:19 - [TEST_STEP][PASSED] - title = getUrl(): Current window's url is: 'https://play.livetables.io/baccarat/?table_id=150&game_id=24&identifier=104370040ba31d75-e4fc-41b3-b7e2-9615443c16f0&limit_id=&language=en&operatorId=10437004'

28-02-2024T09:17:19 - [MESSAGE][PASSED] - Current window's url is: 'https://play.livetables.io/baccarat/?table_id=150&game_id=24&identifier=104370040ba31d75-e4fc-41b3-b7e2-9615443c16f0&limit_id=&language=en&operatorId=10437004'

28-02-2024T09:17:19 - [TEST_STEP][PASSED] - println(title): null

28-02-2024T09:17:19 - [TEST_STEP][PASSED] - if (title.contains("notavailable")): null

28-02-2024T09:17:19 - [TEST_STEP][PASSED] - switchToWindowIndex(1): Switched to window with index: '1'

28-02-2024T09:17:19 - [MESSAGE][PASSED] - Switched to window with index: '1'

28-02-2024T09:17:19 - [TEST_STEP][PASSED] - closeWindowIndex(1): Window with index 1 is closed

28-02-2024T09:17:19 - [MESSAGE][PASSED] - Window with index 1 is closed

28-02-2024T09:17:19 - [TEST_STEP][PASSED] - switchToWindowIndex(0): Switched to window with index: '0'

28-02-2024T09:17:19 - [MESSAGE][PASSED] - Switched to window with index: '0'

28-02-2024T09:17:19 - [TEST_STEP][PASSED] - delay(2): Delayed 2 second(s)

28-02-2024T09:17:21 - [MESSAGE][PASSED] - Delayed 2 second(s)

28-02-2024T09:17:21 - [TEST_STEP][PASSED] - println(j): null

28-02-2024T09:17:21 - [TEST_STEP][PASSED] - playgame = allgames.get(j): null

28-02-2024T09:17:21 - [TEST_STEP][PASSED] - Object = convertWebElementToTestObject(playgame): null

28-02-2024T09:17:21 - [TEST_STEP][PASSED] - scrollToElement(Object, 10): Scroll to object '' successfully

28-02-2024T09:17:21 - [MESSAGE][PASSED] - Scroll to object '' successfully

28-02-2024T09:17:21 - [TEST_STEP][PASSED] - mouseOver(Object): Object: '' is hovered

28-02-2024T09:17:21 - [MESSAGE][PASSED] - Object: '' is hovered

28-02-2024T09:17:21 - [TEST_STEP][PASSED] - if (verifyElementClickable(Object)): null

28-02-2024T09:17:21 - [MESSAGE][PASSED] - Object '' is clickable

28-02-2024T09:17:21 - [TEST_STEP][PASSED] - playgame.click(): null

28-02-2024T09:17:21 - [TEST_STEP][PASSED] - delay(5): Delayed 5 second(s)

28-02-2024T09:17:26 - [MESSAGE][PASSED] - Delayed 5 second(s)

28-02-2024T09:17:26 - [TEST_STEP][PASSED] - switchToWindowIndex(1): Switched to window with index: '1'

28-02-2024T09:17:26 - [MESSAGE][PASSED] - Switched to window with index: '1'

28-02-2024T09:17:26 - [TEST_STEP][PASSED] - title = getUrl(): Current window's url is: 'https://games.livetables.io/game/lottery/?openTable=602000'

28-02-2024T09:17:31 - [MESSAGE][PASSED] - Current window's url is: 'https://games.livetables.io/game/lottery/?openTable=602000'

28-02-2024T09:17:31 - [TEST_STEP][PASSED] - println(title): null

28-02-2024T09:17:31 - [TEST_STEP][PASSED] - if (title.contains("notavailable")): null

28-02-2024T09:17:31 - [TEST_STEP][PASSED] - switchToWindowIndex(1): Switched to window with index: '1'

28-02-2024T09:17:31 - [MESSAGE][PASSED] - Switched to window with index: '1'

28-02-2024T09:17:31 - [TEST_STEP][PASSED] - closeWindowIndex(1): Window with index 1 is closed

28-02-2024T09:17:31 - [MESSAGE][PASSED] - Window with index 1 is closed

28-02-2024T09:17:31 - [TEST_STEP][PASSED] - switchToWindowIndex(0): Switched to window with index: '0'

28-02-2024T09:17:31 - [MESSAGE][PASSED] - Switched to window with index: '0'

28-02-2024T09:17:31 - [TEST_STEP][PASSED] - delay(2): Delayed 2 second(s)

28-02-2024T09:17:33 - [MESSAGE][PASSED] - Delayed 2 second(s)

28-02-2024T09:17:33 - [TEST_STEP][PASSED] - println(j): null

28-02-2024T09:17:33 - [TEST_STEP][PASSED] - playgame = allgames.get(j): null

28-02-2024T09:17:33 - [TEST_STEP][PASSED] - Object = convertWebElementToTestObject(playgame): null

28-02-2024T09:17:33 - [TEST_STEP][PASSED] - scrollToElement(Object, 10): Scroll to object '' successfully

28-02-2024T09:17:33 - [MESSAGE][PASSED] - Scroll to object '' successfully

28-02-2024T09:17:33 - [TEST_STEP][PASSED] - mouseOver(Object): Object: '' is hovered

28-02-2024T09:17:33 - [MESSAGE][PASSED] - Object: '' is hovered

28-02-2024T09:17:33 - [TEST_STEP][PASSED] - if (verifyElementClickable(Object)): null

28-02-2024T09:17:33 - [MESSAGE][PASSED] - Object '' is clickable

28-02-2024T09:17:33 - [TEST_STEP][PASSED] - playgame.click(): null

28-02-2024T09:17:33 - [TEST_STEP][PASSED] - delay(5): Delayed 5 second(s)

28-02-2024T09:17:38 - [MESSAGE][PASSED] - Delayed 5 second(s)

28-02-2024T09:17:38 - [TEST_STEP][PASSED] - switchToWindowIndex(1): Switched to window with index: '1'

28-02-2024T09:17:38 - [MESSAGE][PASSED] - Switched to window with index: '1'

28-02-2024T09:17:38 - [TEST_STEP][PASSED] - title = getUrl(): Current window's url is: 'https://play.livetables.io/betonteenpatti/?table_id=227101&game_id=16&identifier=10437004ccfb18b9-a237-4caa-b319-d5c653718b0e&limit_id=&language=en&operatorId=10437004'

28-02-2024T09:17:38 - [MESSAGE][PASSED] - Current window's url is: 'https://play.livetables.io/betonteenpatti/?table_id=227101&game_id=16&identifier=10437004ccfb18b9-a237-4caa-b319-d5c653718b0e&limit_id=&language=en&operatorId=10437004'

28-02-2024T09:17:38 - [TEST_STEP][PASSED] - println(title): null

28-02-2024T09:17:38 - [TEST_STEP][PASSED] - if (title.contains("notavailable")): null

28-02-2024T09:17:38 - [TEST_STEP][PASSED] - switchToWindowIndex(1): Switched to window with index: '1'

28-02-2024T09:17:38 - [MESSAGE][PASSED] - Switched to window with index: '1'

28-02-2024T09:17:38 - [TEST_STEP][PASSED] - closeWindowIndex(1): Window with index 1 is closed

28-02-2024T09:17:38 - [MESSAGE][PASSED] - Window with index 1 is closed

28-02-2024T09:17:38 - [TEST_STEP][PASSED] - switchToWindowIndex(0): Switched to window with index: '0'

28-02-2024T09:17:39 - [MESSAGE][PASSED] - Switched to window with index: '0'

28-02-2024T09:17:39 - [TEST_STEP][PASSED] - delay(2): Delayed 2 second(s)

28-02-2024T09:17:41 - [MESSAGE][PASSED] - Delayed 2 second(s)

28-02-2024T09:17:41 - [TEST_STEP][PASSED] - println(j): null

28-02-2024T09:17:41 - [TEST_STEP][PASSED] - playgame = allgames.get(j): null

28-02-2024T09:17:41 - [TEST_STEP][PASSED] - Object = convertWebElementToTestObject(playgame): null

28-02-2024T09:17:41 - [TEST_STEP][PASSED] - scrollToElement(Object, 10): Scroll to object '' successfully

28-02-2024T09:17:41 - [MESSAGE][PASSED] - Scroll to object '' successfully

28-02-2024T09:17:41 - [TEST_STEP][PASSED] - mouseOver(Object): Object: '' is hovered

28-02-2024T09:17:41 - [MESSAGE][PASSED] - Object: '' is hovered

28-02-2024T09:17:41 - [TEST_STEP][PASSED] - if (verifyElementClickable(Object)): null

28-02-2024T09:17:41 - [MESSAGE][PASSED] - Object '' is clickable

28-02-2024T09:17:41 - [TEST_STEP][PASSED] - playgame.click(): null

28-02-2024T09:17:41 - [TEST_STEP][PASSED] - delay(5): Delayed 5 second(s)

28-02-2024T09:17:46 - [MESSAGE][PASSED] - Delayed 5 second(s)

28-02-2024T09:17:46 - [TEST_STEP][PASSED] - switchToWindowIndex(1): Switched to window with index: '1'

28-02-2024T09:17:46 - [MESSAGE][PASSED] - Switched to window with index: '1'

28-02-2024T09:17:46 - [TEST_STEP][PASSED] - title = getUrl(): Current window's url is: 'https://play.livetables.io/blackjack/?table_id=201&game_id=1&identifier=10437004b704dd86-f96d-480d-bbc2-f5231f39e8ba&limit_id=&language=en&operatorId=10437004'

28-02-2024T09:17:46 - [MESSAGE][PASSED] - Current window's url is: 'https://play.livetables.io/blackjack/?table_id=201&game_id=1&identifier=10437004b704dd86-f96d-480d-bbc2-f5231f39e8ba&limit_id=&language=en&operatorId=10437004'

28-02-2024T09:17:46 - [TEST_STEP][PASSED] - println(title): null

28-02-2024T09:17:46 - [TEST_STEP][PASSED] - if (title.contains("notavailable")): null

28-02-2024T09:17:46 - [TEST_STEP][PASSED] - switchToWindowIndex(1): Switched to window with index: '1'

28-02-2024T09:17:46 - [MESSAGE][PASSED] - Switched to window with index: '1'

28-02-2024T09:17:46 - [TEST_STEP][PASSED] - closeWindowIndex(1): Window with index 1 is closed

28-02-2024T09:17:46 - [MESSAGE][PASSED] - Window with index 1 is closed

28-02-2024T09:17:46 - [TEST_STEP][PASSED] - switchToWindowIndex(0): Switched to window with index: '0'

28-02-2024T09:17:46 - [MESSAGE][PASSED] - Switched to window with index: '0'

28-02-2024T09:17:46 - [TEST_STEP][PASSED] - delay(2): Delayed 2 second(s)

28-02-2024T09:17:48 - [MESSAGE][PASSED] - Delayed 2 second(s)

28-02-2024T09:17:48 - [TEST_STEP][PASSED] - println(j): null

28-02-2024T09:17:48 - [TEST_STEP][PASSED] - playgame = allgames.get(j): null

28-02-2024T09:17:48 - [TEST_STEP][PASSED] - Object = convertWebElementToTestObject(playgame): null

28-02-2024T09:17:48 - [TEST_STEP][PASSED] - scrollToElement(Object, 10): Scroll to object '' successfully

28-02-2024T09:17:48 - [MESSAGE][PASSED] - Scroll to object '' successfully

28-02-2024T09:17:48 - [TEST_STEP][PASSED] - mouseOver(Object): Object: '' is hovered

28-02-2024T09:17:48 - [MESSAGE][PASSED] - Object: '' is hovered

28-02-2024T09:17:48 - [TEST_STEP][PASSED] - if (verifyElementClickable(Object)): null

28-02-2024T09:17:48 - [MESSAGE][PASSED] - Object '' is clickable

28-02-2024T09:17:48 - [TEST_STEP][PASSED] - playgame.click(): null

28-02-2024T09:17:48 - [TEST_STEP][PASSED] - delay(5): Delayed 5 second(s)

28-02-2024T09:17:53 - [MESSAGE][PASSED] - Delayed 5 second(s)

28-02-2024T09:17:53 - [TEST_STEP][PASSED] - switchToWindowIndex(1): Switched to window with index: '1'

28-02-2024T09:17:53 - [MESSAGE][PASSED] - Switched to window with index: '1'

28-02-2024T09:17:53 - [TEST_STEP][PASSED] - title = getUrl(): Current window's url is: 'https://play.livetables.io/blackjack/?table_id=203&game_id=1&identifier=10437004d427ad2f-7669-4405-a880-4f5aa92cc51a&limit_id=&language=en&operatorId=10437004'

28-02-2024T09:17:53 - [MESSAGE][PASSED] - Current window's url is: 'https://play.livetables.io/blackjack/?table_id=203&game_id=1&identifier=10437004d427ad2f-7669-4405-a880-4f5aa92cc51a&limit_id=&language=en&operatorId=10437004'

28-02-2024T09:17:53 - [TEST_STEP][PASSED] - println(title): null

28-02-2024T09:17:53 - [TEST_STEP][PASSED] - if (title.contains("notavailable")): null

28-02-2024T09:17:53 - [TEST_STEP][PASSED] - switchToWindowIndex(1): Switched to window with index: '1'

28-02-2024T09:17:53 - [MESSAGE][PASSED] - Switched to window with index: '1'

28-02-2024T09:17:53 - [TEST_STEP][PASSED] - closeWindowIndex(1): Window with index 1 is closed

28-02-2024T09:17:53 - [MESSAGE][PASSED] - Window with index 1 is closed

28-02-2024T09:17:53 - [TEST_STEP][PASSED] - switchToWindowIndex(0): Switched to window with index: '0'

28-02-2024T09:17:53 - [MESSAGE][PASSED] - Switched to window with index: '0'

28-02-2024T09:17:53 - [TEST_STEP][PASSED] - delay(2): Delayed 2 second(s)

28-02-2024T09:17:55 - [MESSAGE][PASSED] - Delayed 2 second(s)

28-02-2024T09:17:55 - [TEST_STEP][PASSED] - println(j): null

28-02-2024T09:17:55 - [TEST_STEP][PASSED] - playgame = allgames.get(j): null

28-02-2024T09:17:55 - [TEST_STEP][PASSED] - Object = convertWebElementToTestObject(playgame): null

28-02-2024T09:17:55 - [TEST_STEP][PASSED] - scrollToElement(Object, 10): Scroll to object '' successfully

28-02-2024T09:17:55 - [MESSAGE][PASSED] - Scroll to object '' successfully

28-02-2024T09:17:55 - [TEST_STEP][PASSED] - mouseOver(Object): Object: '' is hovered

28-02-2024T09:17:56 - [MESSAGE][PASSED] - Object: '' is hovered

28-02-2024T09:17:56 - [TEST_STEP][PASSED] - if (verifyElementClickable(Object)): null

28-02-2024T09:17:56 - [MESSAGE][PASSED] - Object '' is clickable

28-02-2024T09:17:56 - [TEST_STEP][PASSED] - playgame.click(): null

28-02-2024T09:17:56 - [TEST_STEP][PASSED] - delay(5): Delayed 5 second(s)

28-02-2024T09:18:01 - [MESSAGE][PASSED] - Delayed 5 second(s)

28-02-2024T09:18:01 - [TEST_STEP][PASSED] - switchToWindowIndex(1): Switched to window with index: '1'

28-02-2024T09:18:01 - [MESSAGE][PASSED] - Switched to window with index: '1'

28-02-2024T09:18:01 - [TEST_STEP][PASSED] - title = getUrl(): Current window's url is: 'https://play.livetables.io/blackjack/?table_id=204&game_id=1&identifier=1043700498c5b446-a60a-44f0-ae04-2bce770a94d5&limit_id=&language=en&operatorId=10437004'

28-02-2024T09:18:01 - [MESSAGE][PASSED] - Current window's url is: 'https://play.livetables.io/blackjack/?table_id=204&game_id=1&identifier=1043700498c5b446-a60a-44f0-ae04-2bce770a94d5&limit_id=&language=en&operatorId=10437004'

28-02-2024T09:18:01 - [TEST_STEP][PASSED] - println(title): null

28-02-2024T09:18:01 - [TEST_STEP][PASSED] - if (title.contains("notavailable")): null

28-02-2024T09:18:01 - [TEST_STEP][PASSED] - switchToWindowIndex(1): Switched to window with index: '1'

28-02-2024T09:18:01 - [MESSAGE][PASSED] - Switched to window with index: '1'

28-02-2024T09:18:01 - [TEST_STEP][PASSED] - closeWindowIndex(1): Window with index 1 is closed

28-02-2024T09:18:01 - [MESSAGE][PASSED] - Window with index 1 is closed

28-02-2024T09:18:01 - [TEST_STEP][PASSED] - switchToWindowIndex(0): Switched to window with index: '0'

28-02-2024T09:18:01 - [MESSAGE][PASSED] - Switched to window with index: '0'

28-02-2024T09:18:01 - [TEST_STEP][PASSED] - delay(2): Delayed 2 second(s)

28-02-2024T09:18:03 - [MESSAGE][PASSED] - Delayed 2 second(s)

28-02-2024T09:18:03 - [TEST_STEP][PASSED] - println(j): null

28-02-2024T09:18:03 - [TEST_STEP][PASSED] - playgame = allgames.get(j): null

28-02-2024T09:18:03 - [TEST_STEP][PASSED] - Object = convertWebElementToTestObject(playgame): null

28-02-2024T09:18:03 - [TEST_STEP][PASSED] - scrollToElement(Object, 10): Scroll to object '' successfully

28-02-2024T09:18:03 - [MESSAGE][PASSED] - Scroll to object '' successfully

28-02-2024T09:18:03 - [TEST_STEP][PASSED] - mouseOver(Object): Object: '' is hovered

28-02-2024T09:18:03 - [MESSAGE][PASSED] - Object: '' is hovered

28-02-2024T09:18:03 - [TEST_STEP][PASSED] - if (verifyElementClickable(Object)): null

28-02-2024T09:18:03 - [MESSAGE][PASSED] - Object '' is clickable

28-02-2024T09:18:03 - [TEST_STEP][PASSED] - playgame.click(): null

28-02-2024T09:18:03 - [TEST_STEP][PASSED] - delay(5): Delayed 5 second(s)

28-02-2024T09:18:08 - [MESSAGE][PASSED] - Delayed 5 second(s)

28-02-2024T09:18:08 - [TEST_STEP][PASSED] - switchToWindowIndex(1): Switched to window with index: '1'

28-02-2024T09:18:08 - [MESSAGE][PASSED] - Switched to window with index: '1'

28-02-2024T09:18:08 - [TEST_STEP][PASSED] - title = getUrl(): Current window's url is: 'https://play.livetables.io/blackjack/?table_id=4&game_id=1&identifier=104370047908e415-698b-4aef-8e0c-0b1dfd86d589&limit_id=&language=en&operatorId=10437004'

28-02-2024T09:18:08 - [MESSAGE][PASSED] - Current window's url is: 'https://play.livetables.io/blackjack/?table_id=4&game_id=1&identifier=104370047908e415-698b-4aef-8e0c-0b1dfd86d589&limit_id=&language=en&operatorId=10437004'

28-02-2024T09:18:08 - [TEST_STEP][PASSED] - println(title): null

28-02-2024T09:18:08 - [TEST_STEP][PASSED] - if (title.contains("notavailable")): null

28-02-2024T09:18:08 - [TEST_STEP][PASSED] - switchToWindowIndex(1): Switched to window with index: '1'

28-02-2024T09:18:08 - [MESSAGE][PASSED] - Switched to window with index: '1'

28-02-2024T09:18:08 - [TEST_STEP][PASSED] - closeWindowIndex(1): Window with index 1 is closed

28-02-2024T09:18:08 - [MESSAGE][PASSED] - Window with index 1 is closed

28-02-2024T09:18:08 - [TEST_STEP][PASSED] - switchToWindowIndex(0): Switched to window with index: '0'

28-02-2024T09:18:08 - [MESSAGE][PASSED] - Switched to window with index: '0'

28-02-2024T09:18:08 - [TEST_STEP][PASSED] - delay(2): Delayed 2 second(s)

28-02-2024T09:18:10 - [MESSAGE][PASSED] - Delayed 2 second(s)

28-02-2024T09:18:10 - [TEST_STEP][PASSED] - println(j): null

28-02-2024T09:18:10 - [TEST_STEP][PASSED] - playgame = allgames.get(j): null

28-02-2024T09:18:10 - [TEST_STEP][PASSED] - Object = convertWebElementToTestObject(playgame): null

28-02-2024T09:18:10 - [TEST_STEP][PASSED] - scrollToElement(Object, 10): Scroll to object '' successfully

28-02-2024T09:18:10 - [MESSAGE][PASSED] - Scroll to object '' successfully

28-02-2024T09:18:10 - [TEST_STEP][PASSED] - mouseOver(Object): Object: '' is hovered

28-02-2024T09:18:10 - [MESSAGE][PASSED] - Object: '' is hovered

28-02-2024T09:18:10 - [TEST_STEP][PASSED] - if (verifyElementClickable(Object)): null

28-02-2024T09:18:10 - [MESSAGE][PASSED] - Object '' is clickable

28-02-2024T09:18:10 - [TEST_STEP][PASSED] - playgame.click(): null

28-02-2024T09:18:10 - [TEST_STEP][PASSED] - delay(5): Delayed 5 second(s)

28-02-2024T09:18:15 - [MESSAGE][PASSED] - Delayed 5 second(s)

28-02-2024T09:18:15 - [TEST_STEP][PASSED] - switchToWindowIndex(1): Switched to window with index: '1'

28-02-2024T09:18:16 - [MESSAGE][PASSED] - Switched to window with index: '1'

28-02-2024T09:18:16 - [TEST_STEP][PASSED] - title = getUrl(): Current window's url is: 'https://play.livetables.io/blackjack/?table_id=1&game_id=1&identifier=10437004e9965d5a-5dd6-43dc-8944-67eddda73cd0&limit_id=&language=en&operatorId=10437004'

28-02-2024T09:18:16 - [MESSAGE][PASSED] - Current window's url is: 'https://play.livetables.io/blackjack/?table_id=1&game_id=1&identifier=10437004e9965d5a-5dd6-43dc-8944-67eddda73cd0&limit_id=&language=en&operatorId=10437004'

28-02-2024T09:18:16 - [TEST_STEP][PASSED] - println(title): null

28-02-2024T09:18:16 - [TEST_STEP][PASSED] - if (title.contains("notavailable")): null

28-02-2024T09:18:16 - [TEST_STEP][PASSED] - switchToWindowIndex(1): Switched to window with index: '1'

28-02-2024T09:18:16 - [MESSAGE][PASSED] - Switched to window with index: '1'

28-02-2024T09:18:16 - [TEST_STEP][PASSED] - closeWindowIndex(1): Window with index 1 is closed

28-02-2024T09:18:16 - [MESSAGE][PASSED] - Window with index 1 is closed

28-02-2024T09:18:16 - [TEST_STEP][PASSED] - switchToWindowIndex(0): Switched to window with index: '0'

28-02-2024T09:18:16 - [MESSAGE][PASSED] - Switched to window with index: '0'

28-02-2024T09:18:16 - [TEST_STEP][PASSED] - delay(2): Delayed 2 second(s)

28-02-2024T09:18:18 - [MESSAGE][PASSED] - Delayed 2 second(s)

28-02-2024T09:18:18 - [TEST_STEP][PASSED] - println(j): null

28-02-2024T09:18:18 - [TEST_STEP][PASSED] - playgame = allgames.get(j): null

28-02-2024T09:18:18 - [TEST_STEP][PASSED] - Object = convertWebElementToTestObject(playgame): null

28-02-2024T09:18:18 - [TEST_STEP][PASSED] - scrollToElement(Object, 10): Scroll to object '' successfully

28-02-2024T09:18:18 - [MESSAGE][PASSED] - Scroll to object '' successfully

28-02-2024T09:18:18 - [TEST_STEP][PASSED] - mouseOver(Object): Object: '' is hovered

28-02-2024T09:18:18 - [MESSAGE][PASSED] - Object: '' is hovered

28-02-2024T09:18:18 - [TEST_STEP][PASSED] - if (verifyElementClickable(Object)): null

28-02-2024T09:18:18 - [MESSAGE][PASSED] - Object '' is clickable

28-02-2024T09:18:18 - [TEST_STEP][PASSED] - playgame.click(): null

28-02-2024T09:18:18 - [TEST_STEP][PASSED] - delay(5): Delayed 5 second(s)

28-02-2024T09:18:23 - [MESSAGE][PASSED] - Delayed 5 second(s)

28-02-2024T09:18:23 - [TEST_STEP][PASSED] - switchToWindowIndex(1): Switched to window with index: '1'

28-02-2024T09:18:23 - [MESSAGE][PASSED] - Switched to window with index: '1'

28-02-2024T09:18:23 - [TEST_STEP][PASSED] - title = getUrl(): Current window's url is: 'https://play.livetables.io/blackjack/?table_id=223&game_id=1&identifier=10437004b66369a3-2513-4506-8c02-0caf51005aa4&limit_id=&language=en&operatorId=10437004'

28-02-2024T09:18:23 - [MESSAGE][PASSED] - Current window's url is: 'https://play.livetables.io/blackjack/?table_id=223&game_id=1&identifier=10437004b66369a3-2513-4506-8c02-0caf51005aa4&limit_id=&language=en&operatorId=10437004'

28-02-2024T09:18:23 - [TEST_STEP][PASSED] - println(title): null

28-02-2024T09:18:23 - [TEST_STEP][PASSED] - if (title.contains("notavailable")): null

28-02-2024T09:18:23 - [TEST_STEP][PASSED] - switchToWindowIndex(1): Switched to window with index: '1'

28-02-2024T09:18:23 - [MESSAGE][PASSED] - Switched to window with index: '1'

28-02-2024T09:18:23 - [TEST_STEP][PASSED] - closeWindowIndex(1): Window with index 1 is closed

28-02-2024T09:18:23 - [MESSAGE][PASSED] - Window with index 1 is closed

28-02-2024T09:18:23 - [TEST_STEP][PASSED] - switchToWindowIndex(0): Switched to window with index: '0'

28-02-2024T09:18:23 - [MESSAGE][PASSED] - Switched to window with index: '0'

28-02-2024T09:18:23 - [TEST_STEP][PASSED] - delay(2): Delayed 2 second(s)

28-02-2024T09:18:25 - [MESSAGE][PASSED] - Delayed 2 second(s)

28-02-2024T09:18:25 - [TEST_STEP][PASSED] - println(j): null

28-02-2024T09:18:25 - [TEST_STEP][PASSED] - playgame = allgames.get(j): null

28-02-2024T09:18:25 - [TEST_STEP][PASSED] - Object = convertWebElementToTestObject(playgame): null

28-02-2024T09:18:25 - [TEST_STEP][PASSED] - scrollToElement(Object, 10): Scroll to object '' successfully

28-02-2024T09:18:25 - [MESSAGE][PASSED] - Scroll to object '' successfully

28-02-2024T09:18:25 - [TEST_STEP][PASSED] - mouseOver(Object): Object: '' is hovered

28-02-2024T09:18:25 - [MESSAGE][PASSED] - Object: '' is hovered

28-02-2024T09:18:25 - [TEST_STEP][PASSED] - if (verifyElementClickable(Object)): null

28-02-2024T09:18:25 - [MESSAGE][PASSED] - Object '' is clickable

28-02-2024T09:18:25 - [TEST_STEP][PASSED] - playgame.click(): null

28-02-2024T09:18:25 - [TEST_STEP][PASSED] - delay(5): Delayed 5 second(s)

28-02-2024T09:18:30 - [MESSAGE][PASSED] - Delayed 5 second(s)

28-02-2024T09:18:30 - [TEST_STEP][PASSED] - switchToWindowIndex(1): Switched to window with index: '1'

28-02-2024T09:18:30 - [MESSAGE][PASSED] - Switched to window with index: '1'

28-02-2024T09:18:30 - [TEST_STEP][PASSED] - title = getUrl(): Current window's url is: 'https://play.livetables.io/blackjack/?table_id=227&game_id=46&identifier=104370044d3f2930-7b77-4168-98fe-1dafb3417866&limit_id=&language=en&operatorId=10437004'

28-02-2024T09:18:30 - [MESSAGE][PASSED] - Current window's url is: 'https://play.livetables.io/blackjack/?table_id=227&game_id=46&identifier=104370044d3f2930-7b77-4168-98fe-1dafb3417866&limit_id=&language=en&operatorId=10437004'

28-02-2024T09:18:30 - [TEST_STEP][PASSED] - println(title): null

28-02-2024T09:18:30 - [TEST_STEP][PASSED] - if (title.contains("notavailable")): null

28-02-2024T09:18:30 - [TEST_STEP][PASSED] - switchToWindowIndex(1): Switched to window with index: '1'

28-02-2024T09:18:30 - [MESSAGE][PASSED] - Switched to window with index: '1'

28-02-2024T09:18:30 - [TEST_STEP][PASSED] - closeWindowIndex(1): Window with index 1 is closed

28-02-2024T09:18:30 - [MESSAGE][PASSED] - Window with index 1 is closed

28-02-2024T09:18:30 - [TEST_STEP][PASSED] - switchToWindowIndex(0): Switched to window with index: '0'

28-02-2024T09:18:30 - [MESSAGE][PASSED] - Switched to window with index: '0'

28-02-2024T09:18:30 - [TEST_STEP][PASSED] - delay(2): Delayed 2 second(s)

28-02-2024T09:18:33 - [MESSAGE][PASSED] - Delayed 2 second(s)

28-02-2024T09:18:33 - [TEST_STEP][PASSED] - println(j): null

28-02-2024T09:18:33 - [TEST_STEP][PASSED] - playgame = allgames.get(j): null

28-02-2024T09:18:33 - [TEST_STEP][PASSED] - Object = convertWebElementToTestObject(playgame): null

28-02-2024T09:18:33 - [TEST_STEP][PASSED] - scrollToElement(Object, 10): Scroll to object '' successfully

28-02-2024T09:18:33 - [MESSAGE][PASSED] - Scroll to object '' successfully

28-02-2024T09:18:33 - [TEST_STEP][PASSED] - mouseOver(Object): Object: '' is hovered

28-02-2024T09:18:33 - [MESSAGE][PASSED] - Object: '' is hovered

28-02-2024T09:18:33 - [TEST_STEP][PASSED] - if (verifyElementClickable(Object)): null

28-02-2024T09:18:33 - [MESSAGE][PASSED] - Object '' is clickable

28-02-2024T09:18:33 - [TEST_STEP][PASSED] - playgame.click(): null

28-02-2024T09:18:33 - [TEST_STEP][PASSED] - delay(5): Delayed 5 second(s)

28-02-2024T09:18:38 - [MESSAGE][PASSED] - Delayed 5 second(s)

28-02-2024T09:18:38 - [TEST_STEP][PASSED] - switchToWindowIndex(1): Switched to window with index: '1'

28-02-2024T09:18:38 - [MESSAGE][PASSED] - Switched to window with index: '1'

28-02-2024T09:18:38 - [TEST_STEP][PASSED] - title = getUrl(): Current window's url is: 'https://play.livetables.io/casino_holdem/?table_id=507000&game_id=15&identifier=10437004ab1752cf-d28f-4391-9605-159eddf40f3e&limit_id=&language=en&operatorId=10437004'

28-02-2024T09:18:38 - [MESSAGE][PASSED] - Current window's url is: 'https://play.livetables.io/casino_holdem/?table_id=507000&game_id=15&identifier=10437004ab1752cf-d28f-4391-9605-159eddf40f3e&limit_id=&language=en&operatorId=10437004'

28-02-2024T09:18:38 - [TEST_STEP][PASSED] - println(title): null

28-02-2024T09:18:38 - [TEST_STEP][PASSED] - if (title.contains("notavailable")): null

28-02-2024T09:18:38 - [TEST_STEP][PASSED] - switchToWindowIndex(1): Switched to window with index: '1'

28-02-2024T09:18:38 - [MESSAGE][PASSED] - Switched to window with index: '1'

28-02-2024T09:18:38 - [TEST_STEP][PASSED] - closeWindowIndex(1): Window with index 1 is closed

28-02-2024T09:18:38 - [MESSAGE][PASSED] - Window with index 1 is closed

28-02-2024T09:18:38 - [TEST_STEP][PASSED] - switchToWindowIndex(0): Switched to window with index: '0'

28-02-2024T09:18:38 - [MESSAGE][PASSED] - Switched to window with index: '0'

28-02-2024T09:18:38 - [TEST_STEP][PASSED] - delay(2): Delayed 2 second(s)

28-02-2024T09:18:40 - [MESSAGE][PASSED] - Delayed 2 second(s)

28-02-2024T09:18:40 - [TEST_STEP][PASSED] - println(j): null

28-02-2024T09:18:40 - [TEST_STEP][PASSED] - playgame = allgames.get(j): null

28-02-2024T09:18:40 - [TEST_STEP][PASSED] - Object = convertWebElementToTestObject(playgame): null

28-02-2024T09:18:40 - [TEST_STEP][PASSED] - scrollToElement(Object, 10): Scroll to object '' successfully

28-02-2024T09:18:40 - [MESSAGE][PASSED] - Scroll to object '' successfully

28-02-2024T09:18:40 - [TEST_STEP][PASSED] - mouseOver(Object): Object: '' is hovered

28-02-2024T09:18:40 - [MESSAGE][PASSED] - Object: '' is hovered

28-02-2024T09:18:40 - [TEST_STEP][PASSED] - if (verifyElementClickable(Object)): null

28-02-2024T09:18:40 - [MESSAGE][PASSED] - Object '' is clickable

28-02-2024T09:18:40 - [TEST_STEP][PASSED] - playgame.click(): null

28-02-2024T09:18:40 - [TEST_STEP][PASSED] - delay(5): Delayed 5 second(s)

28-02-2024T09:18:45 - [MESSAGE][PASSED] - Delayed 5 second(s)

28-02-2024T09:18:45 - [TEST_STEP][PASSED] - switchToWindowIndex(1): Switched to window with index: '1'

28-02-2024T09:18:45 - [MESSAGE][PASSED] - Switched to window with index: '1'

28-02-2024T09:18:45 - [TEST_STEP][PASSED] - title = getUrl(): Current window's url is: 'https://play.livetables.io/baccarat/?table_id=32102&game_id=27&identifier=104370046dde83d3-725f-449e-821b-a96af8eaa151&limit_id=&language=en&operatorId=10437004'

28-02-2024T09:18:45 - [MESSAGE][PASSED] - Current window's url is: 'https://play.livetables.io/baccarat/?table_id=32102&game_id=27&identifier=104370046dde83d3-725f-449e-821b-a96af8eaa151&limit_id=&language=en&operatorId=10437004'

28-02-2024T09:18:45 - [TEST_STEP][PASSED] - println(title): null

28-02-2024T09:18:45 - [TEST_STEP][PASSED] - if (title.contains("notavailable")): null

28-02-2024T09:18:45 - [TEST_STEP][PASSED] - switchToWindowIndex(1): Switched to window with index: '1'

28-02-2024T09:18:45 - [MESSAGE][PASSED] - Switched to window with index: '1'

28-02-2024T09:18:45 - [TEST_STEP][PASSED] - closeWindowIndex(1): Window with index 1 is closed

28-02-2024T09:18:45 - [MESSAGE][PASSED] - Window with index 1 is closed

28-02-2024T09:18:45 - [TEST_STEP][PASSED] - switchToWindowIndex(0): Switched to window with index: '0'

28-02-2024T09:18:45 - [MESSAGE][PASSED] - Switched to window with index: '0'

28-02-2024T09:18:45 - [TEST_STEP][PASSED] - delay(2): Delayed 2 second(s)

28-02-2024T09:18:47 - [MESSAGE][PASSED] - Delayed 2 second(s)

28-02-2024T09:18:47 - [TEST_STEP][PASSED] - println(j): null

28-02-2024T09:18:47 - [TEST_STEP][PASSED] - playgame = allgames.get(j): null

28-02-2024T09:18:47 - [TEST_STEP][PASSED] - Object = convertWebElementToTestObject(playgame): null

28-02-2024T09:18:47 - [TEST_STEP][PASSED] - scrollToElement(Object, 10): Scroll to object '' successfully

28-02-2024T09:18:47 - [MESSAGE][PASSED] - Scroll to object '' successfully

28-02-2024T09:18:47 - [TEST_STEP][PASSED] - mouseOver(Object): Object: '' is hovered

28-02-2024T09:18:48 - [MESSAGE][PASSED] - Object: '' is hovered

28-02-2024T09:18:48 - [TEST_STEP][PASSED] - if (verifyElementClickable(Object)): null

28-02-2024T09:18:48 - [MESSAGE][PASSED] - Object '' is clickable

28-02-2024T09:18:48 - [TEST_STEP][PASSED] - playgame.click(): null

28-02-2024T09:18:48 - [TEST_STEP][PASSED] - delay(5): Delayed 5 second(s)

28-02-2024T09:18:53 - [MESSAGE][PASSED] - Delayed 5 second(s)

28-02-2024T09:18:53 - [TEST_STEP][PASSED] - switchToWindowIndex(1): Switched to window with index: '1'

28-02-2024T09:18:53 - [MESSAGE][PASSED] - Switched to window with index: '1'

28-02-2024T09:18:53 - [TEST_STEP][PASSED] - title = getUrl(): Current window's url is: 'https://play.livetables.io/baccarat/?table_id=32103&game_id=27&identifier=104370041c17b44f-f0c1-46aa-ab3c-f1a5c53b0b33&limit_id=&language=en&operatorId=10437004'

28-02-2024T09:18:53 - [MESSAGE][PASSED] - Current window's url is: 'https://play.livetables.io/baccarat/?table_id=32103&game_id=27&identifier=104370041c17b44f-f0c1-46aa-ab3c-f1a5c53b0b33&limit_id=&language=en&operatorId=10437004'

28-02-2024T09:18:53 - [TEST_STEP][PASSED] - println(title): null

28-02-2024T09:18:53 - [TEST_STEP][PASSED] - if (title.contains("notavailable")): null

28-02-2024T09:18:53 - [TEST_STEP][PASSED] - switchToWindowIndex(1): Switched to window with index: '1'

28-02-2024T09:18:53 - [MESSAGE][PASSED] - Switched to window with index: '1'

28-02-2024T09:18:53 - [TEST_STEP][PASSED] - closeWindowIndex(1): Window with index 1 is closed

28-02-2024T09:18:53 - [MESSAGE][PASSED] - Window with index 1 is closed

28-02-2024T09:18:53 - [TEST_STEP][PASSED] - switchToWindowIndex(0): Switched to window with index: '0'

28-02-2024T09:18:53 - [MESSAGE][PASSED] - Switched to window with index: '0'

28-02-2024T09:18:53 - [TEST_STEP][PASSED] - delay(2): Delayed 2 second(s)

28-02-2024T09:18:55 - [MESSAGE][PASSED] - Delayed 2 second(s)

28-02-2024T09:18:55 - [TEST_STEP][PASSED] - println(j): null

28-02-2024T09:18:55 - [TEST_STEP][PASSED] - playgame = allgames.get(j): null

28-02-2024T09:18:55 - [TEST_STEP][PASSED] - Object = convertWebElementToTestObject(playgame): null

28-02-2024T09:18:55 - [TEST_STEP][PASSED] - scrollToElement(Object, 10): Scroll to object '' successfully

28-02-2024T09:18:55 - [MESSAGE][PASSED] - Scroll to object '' successfully

28-02-2024T09:18:55 - [TEST_STEP][PASSED] - mouseOver(Object): Object: '' is hovered

28-02-2024T09:18:55 - [MESSAGE][PASSED] - Object: '' is hovered

28-02-2024T09:18:55 - [TEST_STEP][PASSED] - if (verifyElementClickable(Object)): null

28-02-2024T09:18:55 - [MESSAGE][PASSED] - Object '' is clickable

28-02-2024T09:18:55 - [TEST_STEP][PASSED] - playgame.click(): null

28-02-2024T09:18:55 - [TEST_STEP][PASSED] - delay(5): Delayed 5 second(s)

28-02-2024T09:19:00 - [MESSAGE][PASSED] - Delayed 5 second(s)

28-02-2024T09:19:00 - [TEST_STEP][PASSED] - switchToWindowIndex(1): Switched to window with index: '1'

28-02-2024T09:19:00 - [MESSAGE][PASSED] - Switched to window with index: '1'

28-02-2024T09:19:00 - [TEST_STEP][PASSED] - title = getUrl(): Current window's url is: 'https://play.livetables.io/roulette/?table_id=321001&game_id=29&identifier=104370042101fab1-03fd-4cb5-95cc-94aea84dbdb4&limit_id=&language=en&operatorId=10437004'

28-02-2024T09:19:00 - [MESSAGE][PASSED] - Current window's url is: 'https://play.livetables.io/roulette/?table_id=321001&game_id=29&identifier=104370042101fab1-03fd-4cb5-95cc-94aea84dbdb4&limit_id=&language=en&operatorId=10437004'

28-02-2024T09:19:00 - [TEST_STEP][PASSED] - println(title): null

28-02-2024T09:19:00 - [TEST_STEP][PASSED] - if (title.contains("notavailable")): null

28-02-2024T09:19:00 - [TEST_STEP][PASSED] - switchToWindowIndex(1): Switched to window with index: '1'

28-02-2024T09:19:00 - [MESSAGE][PASSED] - Switched to window with index: '1'

28-02-2024T09:19:00 - [TEST_STEP][PASSED] - closeWindowIndex(1): Window with index 1 is closed

28-02-2024T09:19:00 - [MESSAGE][PASSED] - Window with index 1 is closed

28-02-2024T09:19:00 - [TEST_STEP][PASSED] - switchToWindowIndex(0): Switched to window with index: '0'

28-02-2024T09:19:00 - [MESSAGE][PASSED] - Switched to window with index: '0'

28-02-2024T09:19:00 - [TEST_STEP][PASSED] - delay(2): Delayed 2 second(s)

28-02-2024T09:19:02 - [MESSAGE][PASSED] - Delayed 2 second(s)

28-02-2024T09:19:02 - [TEST_STEP][PASSED] - println(j): null

28-02-2024T09:19:02 - [TEST_STEP][PASSED] - playgame = allgames.get(j): null

28-02-2024T09:19:02 - [TEST_STEP][PASSED] - Object = convertWebElementToTestObject(playgame): null

28-02-2024T09:19:02 - [TEST_STEP][PASSED] - scrollToElement(Object, 10): Scroll to object '' successfully

28-02-2024T09:19:02 - [MESSAGE][PASSED] - Scroll to object '' successfully

28-02-2024T09:19:02 - [TEST_STEP][PASSED] - mouseOver(Object): Object: '' is hovered

28-02-2024T09:19:02 - [MESSAGE][PASSED] - Object: '' is hovered

28-02-2024T09:19:02 - [TEST_STEP][PASSED] - if (verifyElementClickable(Object)): null

28-02-2024T09:19:02 - [MESSAGE][PASSED] - Object '' is clickable

28-02-2024T09:19:02 - [TEST_STEP][PASSED] - playgame.click(): null

28-02-2024T09:19:03 - [TEST_STEP][PASSED] - delay(5): Delayed 5 second(s)

28-02-2024T09:19:08 - [MESSAGE][PASSED] - Delayed 5 second(s)

28-02-2024T09:19:08 - [TEST_STEP][PASSED] - switchToWindowIndex(1): Switched to window with index: '1'

28-02-2024T09:19:08 - [MESSAGE][PASSED] - Switched to window with index: '1'

28-02-2024T09:19:08 - [TEST_STEP][PASSED] - title = getUrl(): Current window's url is: 'https://play.livetables.io/cricketwar/?table_id=45100&game_id=45&identifier=104370046ce926a8-ac77-49f5-b926-1c0008b26b56&limit_id=&language=en&operatorId=10437004'

28-02-2024T09:19:08 - [MESSAGE][PASSED] - Current window's url is: 'https://play.livetables.io/cricketwar/?table_id=45100&game_id=45&identifier=104370046ce926a8-ac77-49f5-b926-1c0008b26b56&limit_id=&language=en&operatorId=10437004'

28-02-2024T09:19:08 - [TEST_STEP][PASSED] - println(title): null

28-02-2024T09:19:08 - [TEST_STEP][PASSED] - if (title.contains("notavailable")): null

28-02-2024T09:19:08 - [TEST_STEP][PASSED] - switchToWindowIndex(1): Switched to window with index: '1'

28-02-2024T09:19:08 - [MESSAGE][PASSED] - Switched to window with index: '1'

28-02-2024T09:19:08 - [TEST_STEP][PASSED] - closeWindowIndex(1): Window with index 1 is closed

28-02-2024T09:19:08 - [MESSAGE][PASSED] - Window with index 1 is closed

28-02-2024T09:19:08 - [TEST_STEP][PASSED] - switchToWindowIndex(0): Switched to window with index: '0'

28-02-2024T09:19:08 - [MESSAGE][PASSED] - Switched to window with index: '0'

28-02-2024T09:19:08 - [TEST_STEP][PASSED] - delay(2): Delayed 2 second(s)

28-02-2024T09:19:10 - [MESSAGE][PASSED] - Delayed 2 second(s)

28-02-2024T09:19:10 - [TEST_STEP][PASSED] - println(j): null

28-02-2024T09:19:10 - [TEST_STEP][PASSED] - playgame = allgames.get(j): null

28-02-2024T09:19:10 - [TEST_STEP][PASSED] - Object = convertWebElementToTestObject(playgame): null

28-02-2024T09:19:10 - [TEST_STEP][PASSED] - scrollToElement(Object, 10): Scroll to object '' successfully

28-02-2024T09:19:10 - [MESSAGE][PASSED] - Scroll to object '' successfully

28-02-2024T09:19:10 - [TEST_STEP][PASSED] - mouseOver(Object): Object: '' is hovered

28-02-2024T09:19:10 - [MESSAGE][PASSED] - Object: '' is hovered

28-02-2024T09:19:10 - [TEST_STEP][PASSED] - if (verifyElementClickable(Object)): null

28-02-2024T09:19:10 - [MESSAGE][PASSED] - Object '' is clickable

28-02-2024T09:19:10 - [TEST_STEP][PASSED] - playgame.click(): null

28-02-2024T09:19:10 - [TEST_STEP][PASSED] - delay(5): Delayed 5 second(s)

28-02-2024T09:19:15 - [MESSAGE][PASSED] - Delayed 5 second(s)

28-02-2024T09:19:15 - [TEST_STEP][PASSED] - switchToWindowIndex(1): Switched to window with index: '1'

28-02-2024T09:19:15 - [MESSAGE][PASSED] - Switched to window with index: '1'

28-02-2024T09:19:15 - [TEST_STEP][PASSED] - title = getUrl(): Current window's url is: 'https://play.livetables.io/roulette/?table_id=411000&game_id=3&identifier=1043700490d05a64-aff0-4665-a33e-b25e2652490b&limit_id=&language=en&operatorId=10437004'

28-02-2024T09:19:15 - [MESSAGE][PASSED] - Current window's url is: 'https://play.livetables.io/roulette/?table_id=411000&game_id=3&identifier=1043700490d05a64-aff0-4665-a33e-b25e2652490b&limit_id=&language=en&operatorId=10437004'

28-02-2024T09:19:15 - [TEST_STEP][PASSED] - println(title): null

28-02-2024T09:19:15 - [TEST_STEP][PASSED] - if (title.contains("notavailable")): null

28-02-2024T09:19:15 - [TEST_STEP][PASSED] - switchToWindowIndex(1): Switched to window with index: '1'

28-02-2024T09:19:15 - [MESSAGE][PASSED] - Switched to window with index: '1'

28-02-2024T09:19:15 - [TEST_STEP][PASSED] - closeWindowIndex(1): Window with index 1 is closed

28-02-2024T09:19:15 - [MESSAGE][PASSED] - Window with index 1 is closed

28-02-2024T09:19:15 - [TEST_STEP][PASSED] - switchToWindowIndex(0): Switched to window with index: '0'

28-02-2024T09:19:15 - [MESSAGE][PASSED] - Switched to window with index: '0'

28-02-2024T09:19:15 - [TEST_STEP][PASSED] - delay(2): Delayed 2 second(s)

28-02-2024T09:19:17 - [MESSAGE][PASSED] - Delayed 2 second(s)

28-02-2024T09:19:17 - [TEST_STEP][PASSED] - println(j): null

28-02-2024T09:19:17 - [TEST_STEP][PASSED] - playgame = allgames.get(j): null

28-02-2024T09:19:17 - [TEST_STEP][PASSED] - Object = convertWebElementToTestObject(playgame): null

28-02-2024T09:19:17 - [TEST_STEP][PASSED] - scrollToElement(Object, 10): Scroll to object '' successfully

28-02-2024T09:19:17 - [MESSAGE][PASSED] - Scroll to object '' successfully

28-02-2024T09:19:17 - [TEST_STEP][PASSED] - mouseOver(Object): Object: '' is hovered

28-02-2024T09:19:17 - [MESSAGE][PASSED] - Object: '' is hovered

28-02-2024T09:19:17 - [TEST_STEP][PASSED] - if (verifyElementClickable(Object)): null

28-02-2024T09:19:17 - [MESSAGE][PASSED] - Object '' is clickable

28-02-2024T09:19:17 - [TEST_STEP][PASSED] - playgame.click(): null

28-02-2024T09:19:17 - [TEST_STEP][PASSED] - delay(5): Delayed 5 second(s)

28-02-2024T09:19:22 - [MESSAGE][PASSED] - Delayed 5 second(s)

28-02-2024T09:19:22 - [TEST_STEP][PASSED] - switchToWindowIndex(1): Switched to window with index: '1'

28-02-2024T09:19:22 - [MESSAGE][PASSED] - Switched to window with index: '1'

28-02-2024T09:19:22 - [TEST_STEP][PASSED] - title = getUrl(): Current window's url is: 'https://play.livetables.io/roulette/?table_id=221003&game_id=3&identifier=10437004e48015f2-a972-4ec8-93e5-0664f0f59617&limit_id=&language=en&operatorId=10437004'

28-02-2024T09:19:23 - [MESSAGE][PASSED] - Current window's url is: 'https://play.livetables.io/roulette/?table_id=221003&game_id=3&identifier=10437004e48015f2-a972-4ec8-93e5-0664f0f59617&limit_id=&language=en&operatorId=10437004'

28-02-2024T09:19:23 - [TEST_STEP][PASSED] - println(title): null

28-02-2024T09:19:23 - [TEST_STEP][PASSED] - if (title.contains("notavailable")): null

28-02-2024T09:19:23 - [TEST_STEP][PASSED] - switchToWindowIndex(1): Switched to window with index: '1'

28-02-2024T09:19:23 - [MESSAGE][PASSED] - Switched to window with index: '1'

28-02-2024T09:19:23 - [TEST_STEP][PASSED] - closeWindowIndex(1): Window with index 1 is closed

28-02-2024T09:19:23 - [MESSAGE][PASSED] - Window with index 1 is closed

28-02-2024T09:19:23 - [TEST_STEP][PASSED] - switchToWindowIndex(0): Switched to window with index: '0'

28-02-2024T09:19:23 - [MESSAGE][PASSED] - Switched to window with index: '0'

28-02-2024T09:19:23 - [TEST_STEP][PASSED] - delay(2): Delayed 2 second(s)

28-02-2024T09:19:25 - [MESSAGE][PASSED] - Delayed 2 second(s)

28-02-2024T09:19:25 - [TEST_STEP][PASSED] - println(j): null

28-02-2024T09:19:25 - [TEST_STEP][PASSED] - playgame = allgames.get(j): null

28-02-2024T09:19:25 - [TEST_STEP][PASSED] - Object = convertWebElementToTestObject(playgame): null

28-02-2024T09:19:25 - [TEST_STEP][PASSED] - scrollToElement(Object, 10): Scroll to object '' successfully

28-02-2024T09:19:25 - [MESSAGE][PASSED] - Scroll to object '' successfully

28-02-2024T09:19:25 - [TEST_STEP][PASSED] - mouseOver(Object): Object: '' is hovered

28-02-2024T09:19:25 - [MESSAGE][PASSED] - Object: '' is hovered

28-02-2024T09:19:25 - [TEST_STEP][PASSED] - if (verifyElementClickable(Object)): null

28-02-2024T09:19:25 - [MESSAGE][PASSED] - Object '' is clickable

28-02-2024T09:19:25 - [TEST_STEP][PASSED] - playgame.click(): null

28-02-2024T09:19:25 - [TEST_STEP][PASSED] - delay(5): Delayed 5 second(s)

28-02-2024T09:19:30 - [MESSAGE][PASSED] - Delayed 5 second(s)

28-02-2024T09:19:30 - [TEST_STEP][PASSED] - switchToWindowIndex(1): Switched to window with index: '1'

28-02-2024T09:19:30 - [MESSAGE][PASSED] - Switched to window with index: '1'

28-02-2024T09:19:30 - [TEST_STEP][PASSED] - title = getUrl(): Current window's url is: 'https://play.livetables.io/baccarat/?table_id=150&game_id=24&identifier=104370040e1d7e26-34fd-4023-aaab-afd204e901b6&limit_id=&language=en&operatorId=10437004'

28-02-2024T09:19:30 - [MESSAGE][PASSED] - Current window's url is: 'https://play.livetables.io/baccarat/?table_id=150&game_id=24&identifier=104370040e1d7e26-34fd-4023-aaab-afd204e901b6&limit_id=&language=en&operatorId=10437004'

28-02-2024T09:19:30 - [TEST_STEP][PASSED] - println(title): null

28-02-2024T09:19:30 - [TEST_STEP][PASSED] - if (title.contains("notavailable")): null

28-02-2024T09:19:30 - [TEST_STEP][PASSED] - switchToWindowIndex(1): Switched to window with index: '1'

28-02-2024T09:19:30 - [MESSAGE][PASSED] - Switched to window with index: '1'

28-02-2024T09:19:30 - [TEST_STEP][PASSED] - closeWindowIndex(1): Window with index 1 is closed

28-02-2024T09:19:30 - [MESSAGE][PASSED] - Window with index 1 is closed

28-02-2024T09:19:30 - [TEST_STEP][PASSED] - switchToWindowIndex(0): Switched to window with index: '0'

28-02-2024T09:19:30 - [MESSAGE][PASSED] - Switched to window with index: '0'

28-02-2024T09:19:30 - [TEST_STEP][PASSED] - delay(2): Delayed 2 second(s)

28-02-2024T09:19:32 - [MESSAGE][PASSED] - Delayed 2 second(s)

28-02-2024T09:19:32 - [TEST_STEP][PASSED] - println(j): null

28-02-2024T09:19:32 - [TEST_STEP][PASSED] - playgame = allgames.get(j): null

28-02-2024T09:19:32 - [TEST_STEP][PASSED] - Object = convertWebElementToTestObject(playgame): null

28-02-2024T09:19:32 - [TEST_STEP][PASSED] - scrollToElement(Object, 10): Scroll to object '' successfully

28-02-2024T09:19:32 - [MESSAGE][PASSED] - Scroll to object '' successfully

28-02-2024T09:19:32 - [TEST_STEP][PASSED] - mouseOver(Object): Object: '' is hovered

28-02-2024T09:19:32 - [MESSAGE][PASSED] - Object: '' is hovered

28-02-2024T09:19:32 - [TEST_STEP][PASSED] - if (verifyElementClickable(Object)): null

28-02-2024T09:19:32 - [MESSAGE][PASSED] - Object '' is clickable

28-02-2024T09:19:32 - [TEST_STEP][PASSED] - playgame.click(): null

28-02-2024T09:19:32 - [TEST_STEP][PASSED] - delay(5): Delayed 5 second(s)

28-02-2024T09:19:37 - [MESSAGE][PASSED] - Delayed 5 second(s)

28-02-2024T09:19:37 - [TEST_STEP][PASSED] - switchToWindowIndex(1): Switched to window with index: '1'

28-02-2024T09:19:37 - [MESSAGE][PASSED] - Switched to window with index: '1'

28-02-2024T09:19:37 - [TEST_STEP][PASSED] - title = getUrl(): Current window's url is: 'https://play.livetables.io/rng_roulette/?table_id=481001&game_id=48&identifier=1043700418d8cdcf-a423-4aff-834b-543bf9519418&limit_id=&language=en&operatorId=10437004'

28-02-2024T09:19:37 - [MESSAGE][PASSED] - Current window's url is: 'https://play.livetables.io/rng_roulette/?table_id=481001&game_id=48&identifier=1043700418d8cdcf-a423-4aff-834b-543bf9519418&limit_id=&language=en&operatorId=10437004'

28-02-2024T09:19:37 - [TEST_STEP][PASSED] - println(title): null

28-02-2024T09:19:37 - [TEST_STEP][PASSED] - if (title.contains("notavailable")): null

28-02-2024T09:19:37 - [TEST_STEP][PASSED] - switchToWindowIndex(1): Switched to window with index: '1'

28-02-2024T09:19:37 - [MESSAGE][PASSED] - Switched to window with index: '1'

28-02-2024T09:19:37 - [TEST_STEP][PASSED] - closeWindowIndex(1): Window with index 1 is closed

28-02-2024T09:19:37 - [MESSAGE][PASSED] - Window with index 1 is closed

28-02-2024T09:19:37 - [TEST_STEP][PASSED] - switchToWindowIndex(0): Switched to window with index: '0'

28-02-2024T09:19:37 - [MESSAGE][PASSED] - Switched to window with index: '0'

28-02-2024T09:19:37 - [TEST_STEP][PASSED] - delay(2): Delayed 2 second(s)

28-02-2024T09:19:39 - [MESSAGE][PASSED] - Delayed 2 second(s)

28-02-2024T09:19:39 - [TEST_STEP][PASSED] - println(j): null

28-02-2024T09:19:39 - [TEST_STEP][PASSED] - playgame = allgames.get(j): null

28-02-2024T09:19:39 - [TEST_STEP][PASSED] - Object = convertWebElementToTestObject(playgame): null

28-02-2024T09:19:39 - [TEST_STEP][PASSED] - scrollToElement(Object, 10): Scroll to object '' successfully

28-02-2024T09:19:39 - [MESSAGE][PASSED] - Scroll to object '' successfully

28-02-2024T09:19:39 - [TEST_STEP][PASSED] - mouseOver(Object): Object: '' is hovered

28-02-2024T09:19:40 - [MESSAGE][PASSED] - Object: '' is hovered

28-02-2024T09:19:40 - [TEST_STEP][PASSED] - if (verifyElementClickable(Object)): null

28-02-2024T09:19:40 - [MESSAGE][PASSED] - Object '' is clickable

28-02-2024T09:19:40 - [TEST_STEP][PASSED] - playgame.click(): null

28-02-2024T09:19:40 - [TEST_STEP][PASSED] - delay(5): Delayed 5 second(s)

28-02-2024T09:19:45 - [MESSAGE][PASSED] - Delayed 5 second(s)

28-02-2024T09:19:45 - [TEST_STEP][PASSED] - switchToWindowIndex(1): Switched to window with index: '1'

28-02-2024T09:19:45 - [MESSAGE][PASSED] - Switched to window with index: '1'

28-02-2024T09:19:45 - [TEST_STEP][PASSED] - title = getUrl(): Current window's url is: 'https://play.livetables.io/baccarat/?table_id=43100&game_id=2&identifier=104370041b67b2f9-184a-4ab5-8da4-97db0368cd83&limit_id=&language=en&operatorId=10437004'

28-02-2024T09:19:45 - [MESSAGE][PASSED] - Current window's url is: 'https://play.livetables.io/baccarat/?table_id=43100&game_id=2&identifier=104370041b67b2f9-184a-4ab5-8da4-97db0368cd83&limit_id=&language=en&operatorId=10437004'

28-02-2024T09:19:45 - [TEST_STEP][PASSED] - println(title): null

28-02-2024T09:19:45 - [TEST_STEP][PASSED] - if (title.contains("notavailable")): null

28-02-2024T09:19:45 - [TEST_STEP][PASSED] - switchToWindowIndex(1): Switched to window with index: '1'

28-02-2024T09:19:45 - [MESSAGE][PASSED] - Switched to window with index: '1'

28-02-2024T09:19:45 - [TEST_STEP][PASSED] - closeWindowIndex(1): Window with index 1 is closed

28-02-2024T09:19:45 - [MESSAGE][PASSED] - Window with index 1 is closed

28-02-2024T09:19:45 - [TEST_STEP][PASSED] - switchToWindowIndex(0): Switched to window with index: '0'

28-02-2024T09:19:45 - [MESSAGE][PASSED] - Switched to window with index: '0'

28-02-2024T09:19:45 - [TEST_STEP][PASSED] - delay(2): Delayed 2 second(s)

28-02-2024T09:19:47 - [MESSAGE][PASSED] - Delayed 2 second(s)

28-02-2024T09:19:47 - [TEST_STEP][PASSED] - println(j): null

28-02-2024T09:19:47 - [TEST_STEP][PASSED] - playgame = allgames.get(j): null

28-02-2024T09:19:47 - [TEST_STEP][PASSED] - Object = convertWebElementToTestObject(playgame): null

28-02-2024T09:19:47 - [TEST_STEP][PASSED] - scrollToElement(Object, 10): Scroll to object '' successfully

28-02-2024T09:19:47 - [MESSAGE][PASSED] - Scroll to object '' successfully

28-02-2024T09:19:47 - [TEST_STEP][PASSED] - mouseOver(Object): Object: '' is hovered

28-02-2024T09:19:47 - [MESSAGE][PASSED] - Object: '' is hovered

28-02-2024T09:19:47 - [TEST_STEP][PASSED] - if (verifyElementClickable(Object)): null

28-02-2024T09:19:47 - [MESSAGE][PASSED] - Object '' is clickable

28-02-2024T09:19:47 - [TEST_STEP][PASSED] - playgame.click(): null

28-02-2024T09:19:47 - [TEST_STEP][PASSED] - delay(5): Delayed 5 second(s)

28-02-2024T09:19:52 - [MESSAGE][PASSED] - Delayed 5 second(s)

28-02-2024T09:19:52 - [TEST_STEP][PASSED] - switchToWindowIndex(1): Switched to window with index: '1'

28-02-2024T09:19:52 - [MESSAGE][PASSED] - Switched to window with index: '1'

28-02-2024T09:19:52 - [TEST_STEP][PASSED] - title = getUrl(): Current window's url is: 'https://play.livetables.io/baccarat/?table_id=100&game_id=2&identifier=10437004aa7f7c03-aa53-4221-b7fc-65da7a94ba1f&limit_id=&language=en&operatorId=10437004'

28-02-2024T09:19:52 - [MESSAGE][PASSED] - Current window's url is: 'https://play.livetables.io/baccarat/?table_id=100&game_id=2&identifier=10437004aa7f7c03-aa53-4221-b7fc-65da7a94ba1f&limit_id=&language=en&operatorId=10437004'

28-02-2024T09:19:52 - [TEST_STEP][PASSED] - println(title): null

28-02-2024T09:19:52 - [TEST_STEP][PASSED] - if (title.contains("notavailable")): null

28-02-2024T09:19:52 - [TEST_STEP][PASSED] - switchToWindowIndex(1): Switched to window with index: '1'

28-02-2024T09:19:52 - [MESSAGE][PASSED] - Switched to window with index: '1'

28-02-2024T09:19:52 - [TEST_STEP][PASSED] - closeWindowIndex(1): Window with index 1 is closed

28-02-2024T09:19:52 - [MESSAGE][PASSED] - Window with index 1 is closed

28-02-2024T09:19:52 - [TEST_STEP][PASSED] - switchToWindowIndex(0): Switched to window with index: '0'

28-02-2024T09:19:52 - [MESSAGE][PASSED] - Switched to window with index: '0'

28-02-2024T09:19:52 - [TEST_STEP][PASSED] - delay(2): Delayed 2 second(s)

28-02-2024T09:19:54 - [MESSAGE][PASSED] - Delayed 2 second(s)

28-02-2024T09:19:54 - [TEST_STEP][PASSED] - println(j): null

28-02-2024T09:19:54 - [TEST_STEP][PASSED] - playgame = allgames.get(j): null

28-02-2024T09:19:54 - [TEST_STEP][PASSED] - Object = convertWebElementToTestObject(playgame): null

28-02-2024T09:19:54 - [TEST_STEP][PASSED] - scrollToElement(Object, 10): Scroll to object '' successfully

28-02-2024T09:19:54 - [MESSAGE][PASSED] - Scroll to object '' successfully

28-02-2024T09:19:54 - [TEST_STEP][PASSED] - mouseOver(Object): Object: '' is hovered

28-02-2024T09:19:54 - [MESSAGE][PASSED] - Object: '' is hovered

28-02-2024T09:19:54 - [TEST_STEP][PASSED] - if (verifyElementClickable(Object)): null

28-02-2024T09:19:54 - [MESSAGE][PASSED] - Object '' is clickable

28-02-2024T09:19:54 - [TEST_STEP][PASSED] - playgame.click(): null

28-02-2024T09:19:54 - [TEST_STEP][PASSED] - delay(5): Delayed 5 second(s)

28-02-2024T09:19:59 - [MESSAGE][PASSED] - Delayed 5 second(s)

28-02-2024T09:20:00 - [TEST_STEP][PASSED] - switchToWindowIndex(1): Switched to window with index: '1'

28-02-2024T09:20:00 - [MESSAGE][PASSED] - Switched to window with index: '1'

28-02-2024T09:20:00 - [TEST_STEP][PASSED] - title = getUrl(): Current window's url is: 'https://play.livetables.io/baccarat/?table_id=120&game_id=20&identifier=1043700457f4a792-5007-49e3-9592-35f559560f3b&limit_id=&language=en&operatorId=10437004'

28-02-2024T09:20:00 - [MESSAGE][PASSED] - Current window's url is: 'https://play.livetables.io/baccarat/?table_id=120&game_id=20&identifier=1043700457f4a792-5007-49e3-9592-35f559560f3b&limit_id=&language=en&operatorId=10437004'

28-02-2024T09:20:00 - [TEST_STEP][PASSED] - println(title): null

28-02-2024T09:20:00 - [TEST_STEP][PASSED] - if (title.contains("notavailable")): null

28-02-2024T09:20:00 - [TEST_STEP][PASSED] - switchToWindowIndex(1): Switched to window with index: '1'

28-02-2024T09:20:00 - [MESSAGE][PASSED] - Switched to window with index: '1'

28-02-2024T09:20:00 - [TEST_STEP][PASSED] - closeWindowIndex(1): Window with index 1 is closed

28-02-2024T09:20:00 - [MESSAGE][PASSED] - Window with index 1 is closed

28-02-2024T09:20:00 - [TEST_STEP][PASSED] - switchToWindowIndex(0): Switched to window with index: '0'

28-02-2024T09:20:00 - [MESSAGE][PASSED] - Switched to window with index: '0'

28-02-2024T09:20:00 - [TEST_STEP][PASSED] - delay(2): Delayed 2 second(s)

28-02-2024T09:20:02 - [MESSAGE][PASSED] - Delayed 2 second(s)

28-02-2024T09:20:02 - [TEST_STEP][PASSED] - println(j): null

28-02-2024T09:20:02 - [TEST_STEP][PASSED] - playgame = allgames.get(j): null

28-02-2024T09:20:02 - [TEST_STEP][PASSED] - Object = convertWebElementToTestObject(playgame): null

28-02-2024T09:20:02 - [TEST_STEP][PASSED] - scrollToElement(Object, 10): Scroll to object '' successfully

28-02-2024T09:20:02 - [MESSAGE][PASSED] - Scroll to object '' successfully

28-02-2024T09:20:02 - [TEST_STEP][PASSED] - mouseOver(Object): Object: '' is hovered

28-02-2024T09:20:02 - [MESSAGE][PASSED] - Object: '' is hovered

28-02-2024T09:20:02 - [TEST_STEP][PASSED] - if (verifyElementClickable(Object)): null

28-02-2024T09:20:02 - [MESSAGE][PASSED] - Object '' is clickable

28-02-2024T09:20:02 - [TEST_STEP][PASSED] - playgame.click(): null

28-02-2024T09:20:02 - [TEST_STEP][PASSED] - delay(5): Delayed 5 second(s)

28-02-2024T09:20:07 - [MESSAGE][PASSED] - Delayed 5 second(s)

28-02-2024T09:20:07 - [TEST_STEP][PASSED] - switchToWindowIndex(1): Switched to window with index: '1'

28-02-2024T09:20:07 - [MESSAGE][PASSED] - Switched to window with index: '1'

28-02-2024T09:20:07 - [TEST_STEP][PASSED] - title = getUrl(): Current window's url is: 'https://play.livetables.io/baccarat/?table_id=130&game_id=21&identifier=1043700478661425-3b49-41b8-b84d-9819deb06a3f&limit_id=&language=en&operatorId=10437004'

28-02-2024T09:20:07 - [MESSAGE][PASSED] - Current window's url is: 'https://play.livetables.io/baccarat/?table_id=130&game_id=21&identifier=1043700478661425-3b49-41b8-b84d-9819deb06a3f&limit_id=&language=en&operatorId=10437004'

28-02-2024T09:20:07 - [TEST_STEP][PASSED] - println(title): null

28-02-2024T09:20:07 - [TEST_STEP][PASSED] - if (title.contains("notavailable")): null

28-02-2024T09:20:07 - [TEST_STEP][PASSED] - switchToWindowIndex(1): Switched to window with index: '1'

28-02-2024T09:20:07 - [MESSAGE][PASSED] - Switched to window with index: '1'

28-02-2024T09:20:07 - [TEST_STEP][PASSED] - closeWindowIndex(1): Window with index 1 is closed

28-02-2024T09:20:07 - [MESSAGE][PASSED] - Window with index 1 is closed

28-02-2024T09:20:07 - [TEST_STEP][PASSED] - switchToWindowIndex(0): Switched to window with index: '0'

28-02-2024T09:20:07 - [MESSAGE][PASSED] - Switched to window with index: '0'

28-02-2024T09:20:07 - [TEST_STEP][PASSED] - delay(2): Delayed 2 second(s)

28-02-2024T09:20:09 - [MESSAGE][PASSED] - Delayed 2 second(s)

28-02-2024T09:20:09 - [TEST_STEP][PASSED] - println(j): null

28-02-2024T09:20:09 - [TEST_STEP][PASSED] - playgame = allgames.get(j): null

28-02-2024T09:20:09 - [TEST_STEP][PASSED] - Object = convertWebElementToTestObject(playgame): null

28-02-2024T09:20:09 - [TEST_STEP][PASSED] - scrollToElement(Object, 10): Scroll to object '' successfully

28-02-2024T09:20:09 - [MESSAGE][PASSED] - Scroll to object '' successfully

28-02-2024T09:20:09 - [TEST_STEP][PASSED] - mouseOver(Object): Object: '' is hovered

28-02-2024T09:20:09 - [MESSAGE][PASSED] - Object: '' is hovered

28-02-2024T09:20:09 - [TEST_STEP][PASSED] - if (verifyElementClickable(Object)): null

28-02-2024T09:20:09 - [MESSAGE][PASSED] - Object '' is clickable

28-02-2024T09:20:09 - [TEST_STEP][PASSED] - playgame.click(): null

28-02-2024T09:20:09 - [TEST_STEP][PASSED] - delay(5): Delayed 5 second(s)

28-02-2024T09:20:14 - [MESSAGE][PASSED] - Delayed 5 second(s)

28-02-2024T09:20:14 - [TEST_STEP][PASSED] - switchToWindowIndex(1): Switched to window with index: '1'

28-02-2024T09:20:14 - [MESSAGE][PASSED] - Switched to window with index: '1'

28-02-2024T09:20:14 - [TEST_STEP][PASSED] - title = getUrl(): Current window's url is: 'https://play.livetables.io/blackjack/?table_id=226&game_id=1&identifier=1043700471f3ca19-bed2-4d6d-abdd-1c544dda9e95&limit_id=&language=en&operatorId=10437004'

28-02-2024T09:20:14 - [MESSAGE][PASSED] - Current window's url is: 'https://play.livetables.io/blackjack/?table_id=226&game_id=1&identifier=1043700471f3ca19-bed2-4d6d-abdd-1c544dda9e95&limit_id=&language=en&operatorId=10437004'

28-02-2024T09:20:14 - [TEST_STEP][PASSED] - println(title): null

28-02-2024T09:20:14 - [TEST_STEP][PASSED] - if (title.contains("notavailable")): null

28-02-2024T09:20:14 - [TEST_STEP][PASSED] - switchToWindowIndex(1): Switched to window with index: '1'

28-02-2024T09:20:14 - [MESSAGE][PASSED] - Switched to window with index: '1'

28-02-2024T09:20:14 - [TEST_STEP][PASSED] - closeWindowIndex(1): Window with index 1 is closed

28-02-2024T09:20:15 - [MESSAGE][PASSED] - Window with index 1 is closed

28-02-2024T09:20:15 - [TEST_STEP][PASSED] - switchToWindowIndex(0): Switched to window with index: '0'

28-02-2024T09:20:15 - [MESSAGE][PASSED] - Switched to window with index: '0'

28-02-2024T09:20:15 - [TEST_STEP][PASSED] - delay(2): Delayed 2 second(s)

28-02-2024T09:20:17 - [MESSAGE][PASSED] - Delayed 2 second(s)

28-02-2024T09:20:17 - [TEST_STEP][PASSED] - println(j): null

28-02-2024T09:20:17 - [TEST_STEP][PASSED] - playgame = allgames.get(j): null

28-02-2024T09:20:17 - [TEST_STEP][PASSED] - Object = convertWebElementToTestObject(playgame): null

28-02-2024T09:20:17 - [TEST_STEP][PASSED] - scrollToElement(Object, 10): Scroll to object '' successfully

28-02-2024T09:20:17 - [MESSAGE][PASSED] - Scroll to object '' successfully

28-02-2024T09:20:17 - [TEST_STEP][PASSED] - mouseOver(Object): Object: '' is hovered

28-02-2024T09:20:17 - [MESSAGE][PASSED] - Object: '' is hovered

28-02-2024T09:20:17 - [TEST_STEP][PASSED] - if (verifyElementClickable(Object)): null

28-02-2024T09:20:17 - [MESSAGE][PASSED] - Object '' is clickable

28-02-2024T09:20:17 - [TEST_STEP][PASSED] - playgame.click(): null

28-02-2024T09:20:17 - [TEST_STEP][PASSED] - delay(5): Delayed 5 second(s)

28-02-2024T09:20:22 - [MESSAGE][PASSED] - Delayed 5 second(s)

28-02-2024T09:20:22 - [TEST_STEP][PASSED] - switchToWindowIndex(1): Switched to window with index: '1'

28-02-2024T09:20:22 - [MESSAGE][PASSED] - Switched to window with index: '1'

28-02-2024T09:20:22 - [TEST_STEP][PASSED] - title = getUrl(): Current window's url is: 'https://play.livetables.io/category/1'

28-02-2024T09:20:22 - [MESSAGE][PASSED] - Current window's url is: 'https://play.livetables.io/category/1'

28-02-2024T09:20:22 - [TEST_STEP][PASSED] - println(title): null

28-02-2024T09:20:22 - [TEST_STEP][PASSED] - if (title.contains("notavailable")): null

28-02-2024T09:20:22 - [TEST_STEP][PASSED] - switchToWindowIndex(1): Switched to window with index: '1'

28-02-2024T09:20:22 - [MESSAGE][PASSED] - Switched to window with index: '1'

28-02-2024T09:20:22 - [TEST_STEP][PASSED] - closeWindowIndex(1): Window with index 1 is closed

28-02-2024T09:20:22 - [MESSAGE][PASSED] - Window with index 1 is closed

28-02-2024T09:20:22 - [TEST_STEP][PASSED] - switchToWindowIndex(0): Switched to window with index: '0'

28-02-2024T09:20:22 - [MESSAGE][PASSED] - Switched to window with index: '0'

28-02-2024T09:20:22 - [TEST_STEP][PASSED] - delay(2): Delayed 2 second(s)

28-02-2024T09:20:24 - [MESSAGE][PASSED] - Delayed 2 second(s)

28-02-2024T09:20:24 - [TEST_STEP][PASSED] - println(j): null

28-02-2024T09:20:24 - [TEST_STEP][PASSED] - playgame = allgames.get(j): null

28-02-2024T09:20:24 - [TEST_STEP][PASSED] - Object = convertWebElementToTestObject(playgame): null

28-02-2024T09:20:24 - [TEST_STEP][PASSED] - scrollToElement(Object, 10): Scroll to object '' successfully

28-02-2024T09:20:24 - [MESSAGE][PASSED] - Scroll to object '' successfully

28-02-2024T09:20:24 - [TEST_STEP][PASSED] - mouseOver(Object): Object: '' is hovered

28-02-2024T09:20:24 - [MESSAGE][PASSED] - Object: '' is hovered

28-02-2024T09:20:24 - [TEST_STEP][PASSED] - if (verifyElementClickable(Object)): null

28-02-2024T09:20:24 - [MESSAGE][PASSED] - Object '' is clickable

28-02-2024T09:20:24 - [TEST_STEP][PASSED] - playgame.click(): null

28-02-2024T09:20:24 - [TEST_STEP][PASSED] - delay(5): Delayed 5 second(s)

28-02-2024T09:20:29 - [MESSAGE][PASSED] - Delayed 5 second(s)

28-02-2024T09:20:29 - [TEST_STEP][PASSED] - switchToWindowIndex(1): Switched to window with index: '1'

28-02-2024T09:20:29 - [MESSAGE][PASSED] - Switched to window with index: '1'

28-02-2024T09:20:29 - [TEST_STEP][PASSED] - title = getUrl(): Current window's url is: 'https://play.livetables.io/lucky7/?table_id=228001&game_id=13&identifier=104370045fae182a-f758-4c96-8c01-e6b53e92d333&limit_id=&language=en&operatorId=10437004'

28-02-2024T09:20:29 - [MESSAGE][PASSED] - Current window's url is: 'https://play.livetables.io/lucky7/?table_id=228001&game_id=13&identifier=104370045fae182a-f758-4c96-8c01-e6b53e92d333&limit_id=&language=en&operatorId=10437004'

28-02-2024T09:20:29 - [TEST_STEP][PASSED] - println(title): null

28-02-2024T09:20:29 - [TEST_STEP][PASSED] - if (title.contains("notavailable")): null

28-02-2024T09:20:29 - [TEST_STEP][PASSED] - switchToWindowIndex(1): Switched to window with index: '1'

28-02-2024T09:20:30 - [MESSAGE][PASSED] - Switched to window with index: '1'

28-02-2024T09:20:30 - [TEST_STEP][PASSED] - closeWindowIndex(1): Window with index 1 is closed

28-02-2024T09:20:30 - [MESSAGE][PASSED] - Window with index 1 is closed

28-02-2024T09:20:30 - [TEST_STEP][PASSED] - switchToWindowIndex(0): Switched to window with index: '0'

28-02-2024T09:20:30 - [MESSAGE][PASSED] - Switched to window with index: '0'

28-02-2024T09:20:30 - [TEST_STEP][PASSED] - delay(2): Delayed 2 second(s)

28-02-2024T09:20:32 - [MESSAGE][PASSED] - Delayed 2 second(s)

28-02-2024T09:20:32 - [TEST_STEP][PASSED] - println(j): null

28-02-2024T09:20:32 - [TEST_STEP][PASSED] - playgame = allgames.get(j): null

28-02-2024T09:20:32 - [TEST_STEP][PASSED] - Object = convertWebElementToTestObject(playgame): null

28-02-2024T09:20:32 - [TEST_STEP][PASSED] - scrollToElement(Object, 10): Scroll to object '' successfully

28-02-2024T09:20:32 - [MESSAGE][PASSED] - Scroll to object '' successfully

28-02-2024T09:20:32 - [TEST_STEP][PASSED] - mouseOver(Object): Object: '' is hovered

28-02-2024T09:20:32 - [MESSAGE][PASSED] - Object: '' is hovered

28-02-2024T09:20:32 - [TEST_STEP][PASSED] - if (verifyElementClickable(Object)): null

28-02-2024T09:20:32 - [MESSAGE][PASSED] - Object '' is clickable

28-02-2024T09:20:32 - [TEST_STEP][PASSED] - playgame.click(): null

28-02-2024T09:20:32 - [TEST_STEP][PASSED] - delay(5): Delayed 5 second(s)

28-02-2024T09:20:37 - [MESSAGE][PASSED] - Delayed 5 second(s)

28-02-2024T09:20:37 - [TEST_STEP][PASSED] - switchToWindowIndex(1): Switched to window with index: '1'

28-02-2024T09:20:37 - [MESSAGE][PASSED] - Switched to window with index: '1'

28-02-2024T09:20:37 - [TEST_STEP][PASSED] - title = getUrl(): Current window's url is: 'https://play.livetables.io/blackjack/?table_id=4151&game_id=12&identifier=10437004c6b1e5d1-40e6-40a0-ae2c-8c30157dd731&limit_id=&language=en&operatorId=10437004'

28-02-2024T09:20:37 - [MESSAGE][PASSED] - Current window's url is: 'https://play.livetables.io/blackjack/?table_id=4151&game_id=12&identifier=10437004c6b1e5d1-40e6-40a0-ae2c-8c30157dd731&limit_id=&language=en&operatorId=10437004'

28-02-2024T09:20:37 - [TEST_STEP][PASSED] - println(title): null

28-02-2024T09:20:37 - [TEST_STEP][PASSED] - if (title.contains("notavailable")): null

28-02-2024T09:20:37 - [TEST_STEP][PASSED] - switchToWindowIndex(1): Switched to window with index: '1'

28-02-2024T09:20:37 - [MESSAGE][PASSED] - Switched to window with index: '1'

28-02-2024T09:20:37 - [TEST_STEP][PASSED] - closeWindowIndex(1): Window with index 1 is closed

28-02-2024T09:20:37 - [MESSAGE][PASSED] - Window with index 1 is closed

28-02-2024T09:20:37 - [TEST_STEP][PASSED] - switchToWindowIndex(0): Switched to window with index: '0'

28-02-2024T09:20:37 - [MESSAGE][PASSED] - Switched to window with index: '0'

28-02-2024T09:20:37 - [TEST_STEP][PASSED] - delay(2): Delayed 2 second(s)

28-02-2024T09:20:39 - [MESSAGE][PASSED] - Delayed 2 second(s)

28-02-2024T09:20:39 - [TEST_STEP][PASSED] - println(j): null

28-02-2024T09:20:39 - [TEST_STEP][PASSED] - playgame = allgames.get(j): null

28-02-2024T09:20:39 - [TEST_STEP][PASSED] - Object = convertWebElementToTestObject(playgame): null

28-02-2024T09:20:39 - [TEST_STEP][PASSED] - scrollToElement(Object, 10): Scroll to object '' successfully

28-02-2024T09:20:39 - [MESSAGE][PASSED] - Scroll to object '' successfully

28-02-2024T09:20:39 - [TEST_STEP][PASSED] - mouseOver(Object): Object: '' is hovered

28-02-2024T09:20:39 - [MESSAGE][PASSED] - Object: '' is hovered

28-02-2024T09:20:39 - [TEST_STEP][PASSED] - if (verifyElementClickable(Object)): null

28-02-2024T09:20:39 - [MESSAGE][PASSED] - Object '' is clickable

28-02-2024T09:20:39 - [TEST_STEP][PASSED] - playgame.click(): null

28-02-2024T09:20:39 - [TEST_STEP][PASSED] - delay(5): Delayed 5 second(s)

28-02-2024T09:20:44 - [MESSAGE][PASSED] - Delayed 5 second(s)

28-02-2024T09:20:44 - [TEST_STEP][PASSED] - switchToWindowIndex(1): Switched to window with index: '1'

28-02-2024T09:20:44 - [MESSAGE][PASSED] - Switched to window with index: '1'

28-02-2024T09:20:44 - [TEST_STEP][PASSED] - title = getUrl(): Current window's url is: 'https://play.livetables.io/baccarat/?table_id=32100&game_id=27&identifier=10437004501b97a3-d62e-472a-b081-42f9b081f73d&limit_id=&language=en&operatorId=10437004'

28-02-2024T09:20:44 - [MESSAGE][PASSED] - Current window's url is: 'https://play.livetables.io/baccarat/?table_id=32100&game_id=27&identifier=10437004501b97a3-d62e-472a-b081-42f9b081f73d&limit_id=&language=en&operatorId=10437004'

28-02-2024T09:20:44 - [TEST_STEP][PASSED] - println(title): null

28-02-2024T09:20:44 - [TEST_STEP][PASSED] - if (title.contains("notavailable")): null

28-02-2024T09:20:44 - [TEST_STEP][PASSED] - switchToWindowIndex(1): Switched to window with index: '1'

28-02-2024T09:20:44 - [MESSAGE][PASSED] - Switched to window with index: '1'

28-02-2024T09:20:44 - [TEST_STEP][PASSED] - closeWindowIndex(1): Window with index 1 is closed

28-02-2024T09:20:44 - [MESSAGE][PASSED] - Window with index 1 is closed

28-02-2024T09:20:44 - [TEST_STEP][PASSED] - switchToWindowIndex(0): Switched to window with index: '0'

28-02-2024T09:20:44 - [MESSAGE][PASSED] - Switched to window with index: '0'

28-02-2024T09:20:44 - [TEST_STEP][PASSED] - delay(2): Delayed 2 second(s)

28-02-2024T09:20:46 - [MESSAGE][PASSED] - Delayed 2 second(s)

28-02-2024T09:20:46 - [TEST_STEP][PASSED] - println(j): null

28-02-2024T09:20:46 - [TEST_STEP][PASSED] - playgame = allgames.get(j): null

28-02-2024T09:20:46 - [TEST_STEP][PASSED] - Object = convertWebElementToTestObject(playgame): null

28-02-2024T09:20:46 - [TEST_STEP][PASSED] - scrollToElement(Object, 10): Scroll to object '' successfully

28-02-2024T09:20:46 - [MESSAGE][PASSED] - Scroll to object '' successfully

28-02-2024T09:20:46 - [TEST_STEP][PASSED] - mouseOver(Object): Object: '' is hovered

28-02-2024T09:20:47 - [MESSAGE][PASSED] - Object: '' is hovered

28-02-2024T09:20:47 - [TEST_STEP][PASSED] - if (verifyElementClickable(Object)): null

28-02-2024T09:20:47 - [MESSAGE][PASSED] - Object '' is clickable

28-02-2024T09:20:47 - [TEST_STEP][PASSED] - playgame.click(): null

28-02-2024T09:20:47 - [TEST_STEP][PASSED] - delay(5): Delayed 5 second(s)

28-02-2024T09:20:52 - [MESSAGE][PASSED] - Delayed 5 second(s)

28-02-2024T09:20:52 - [TEST_STEP][PASSED] - switchToWindowIndex(1): Switched to window with index: '1'

28-02-2024T09:20:52 - [MESSAGE][PASSED] - Switched to window with index: '1'

28-02-2024T09:20:52 - [TEST_STEP][PASSED] - title = getUrl(): Current window's url is: 'https://play.livetables.io/baccarat/?table_id=32101&game_id=27&identifier=10437004746ccd32-9f39-4593-9060-0183fd88f68c&limit_id=&language=en&operatorId=10437004'

28-02-2024T09:20:52 - [MESSAGE][PASSED] - Current window's url is: 'https://play.livetables.io/baccarat/?table_id=32101&game_id=27&identifier=10437004746ccd32-9f39-4593-9060-0183fd88f68c&limit_id=&language=en&operatorId=10437004'

28-02-2024T09:20:52 - [TEST_STEP][PASSED] - println(title): null

28-02-2024T09:20:52 - [TEST_STEP][PASSED] - if (title.contains("notavailable")): null

28-02-2024T09:20:52 - [TEST_STEP][PASSED] - switchToWindowIndex(1): Switched to window with index: '1'

28-02-2024T09:20:52 - [MESSAGE][PASSED] - Switched to window with index: '1'

28-02-2024T09:20:52 - [TEST_STEP][PASSED] - closeWindowIndex(1): Window with index 1 is closed

28-02-2024T09:20:52 - [MESSAGE][PASSED] - Window with index 1 is closed

28-02-2024T09:20:52 - [TEST_STEP][PASSED] - switchToWindowIndex(0): Switched to window with index: '0'

28-02-2024T09:20:52 - [MESSAGE][PASSED] - Switched to window with index: '0'

28-02-2024T09:20:52 - [TEST_STEP][PASSED] - delay(2): Delayed 2 second(s)

28-02-2024T09:20:54 - [MESSAGE][PASSED] - Delayed 2 second(s)

28-02-2024T09:20:54 - [TEST_STEP][PASSED] - println(j): null

28-02-2024T09:20:54 - [TEST_STEP][PASSED] - playgame = allgames.get(j): null

28-02-2024T09:20:54 - [TEST_STEP][PASSED] - Object = convertWebElementToTestObject(playgame): null

28-02-2024T09:20:54 - [TEST_STEP][PASSED] - scrollToElement(Object, 10): Scroll to object '' successfully

28-02-2024T09:20:54 - [MESSAGE][PASSED] - Scroll to object '' successfully

28-02-2024T09:20:54 - [TEST_STEP][PASSED] - mouseOver(Object): Object: '' is hovered

28-02-2024T09:20:54 - [MESSAGE][PASSED] - Object: '' is hovered

28-02-2024T09:20:54 - [TEST_STEP][PASSED] - if (verifyElementClickable(Object)): null

28-02-2024T09:20:54 - [MESSAGE][PASSED] - Object '' is clickable

28-02-2024T09:20:54 - [TEST_STEP][PASSED] - playgame.click(): null

28-02-2024T09:20:54 - [TEST_STEP][PASSED] - delay(5): Delayed 5 second(s)

28-02-2024T09:20:59 - [MESSAGE][PASSED] - Delayed 5 second(s)

28-02-2024T09:20:59 - [TEST_STEP][PASSED] - switchToWindowIndex(1): Switched to window with index: '1'

28-02-2024T09:20:59 - [MESSAGE][PASSED] - Switched to window with index: '1'

28-02-2024T09:20:59 - [TEST_STEP][PASSED] - title = getUrl(): Current window's url is: 'https://play.livetables.io/roulette/?table_id=321000&game_id=29&identifier=10437004487bf169-d9b6-4aaa-90e9-19a57d9f7f21&limit_id=&language=en&operatorId=10437004'

28-02-2024T09:20:59 - [MESSAGE][PASSED] - Current window's url is: 'https://play.livetables.io/roulette/?table_id=321000&game_id=29&identifier=10437004487bf169-d9b6-4aaa-90e9-19a57d9f7f21&limit_id=&language=en&operatorId=10437004'

28-02-2024T09:20:59 - [TEST_STEP][PASSED] - println(title): null

28-02-2024T09:20:59 - [TEST_STEP][PASSED] - if (title.contains("notavailable")): null

28-02-2024T09:20:59 - [TEST_STEP][PASSED] - switchToWindowIndex(1): Switched to window with index: '1'

28-02-2024T09:20:59 - [MESSAGE][PASSED] - Switched to window with index: '1'

28-02-2024T09:20:59 - [TEST_STEP][PASSED] - closeWindowIndex(1): Window with index 1 is closed

28-02-2024T09:20:59 - [MESSAGE][PASSED] - Window with index 1 is closed

28-02-2024T09:20:59 - [TEST_STEP][PASSED] - switchToWindowIndex(0): Switched to window with index: '0'

28-02-2024T09:20:59 - [MESSAGE][PASSED] - Switched to window with index: '0'

28-02-2024T09:20:59 - [TEST_STEP][PASSED] - delay(2): Delayed 2 second(s)

28-02-2024T09:21:01 - [MESSAGE][PASSED] - Delayed 2 second(s)

28-02-2024T09:21:01 - [TEST_STEP][PASSED] - println(j): null

28-02-2024T09:21:01 - [TEST_STEP][PASSED] - playgame = allgames.get(j): null

28-02-2024T09:21:01 - [TEST_STEP][PASSED] - Object = convertWebElementToTestObject(playgame): null

28-02-2024T09:21:01 - [TEST_STEP][PASSED] - scrollToElement(Object, 10): Scroll to object '' successfully

28-02-2024T09:21:01 - [MESSAGE][PASSED] - Scroll to object '' successfully

28-02-2024T09:21:01 - [TEST_STEP][PASSED] - mouseOver(Object): Object: '' is hovered

28-02-2024T09:21:01 - [MESSAGE][PASSED] - Object: '' is hovered

28-02-2024T09:21:01 - [TEST_STEP][PASSED] - if (verifyElementClickable(Object)): null

28-02-2024T09:21:01 - [MESSAGE][PASSED] - Object '' is clickable

28-02-2024T09:21:01 - [TEST_STEP][PASSED] - playgame.click(): null

28-02-2024T09:21:02 - [TEST_STEP][PASSED] - delay(5): Delayed 5 second(s)

28-02-2024T09:21:07 - [MESSAGE][PASSED] - Delayed 5 second(s)

28-02-2024T09:21:07 - [TEST_STEP][PASSED] - switchToWindowIndex(1): Switched to window with index: '1'

28-02-2024T09:21:07 - [MESSAGE][PASSED] - Switched to window with index: '1'

28-02-2024T09:21:07 - [TEST_STEP][PASSED] - title = getUrl(): Current window's url is: 'https://play.livetables.io/roulette/?table_id=221005&game_id=3&identifier=1043700413181574-d8e8-4069-a567-8679793c64d5&limit_id=&language=en&operatorId=10437004'

28-02-2024T09:21:07 - [MESSAGE][PASSED] - Current window's url is: 'https://play.livetables.io/roulette/?table_id=221005&game_id=3&identifier=1043700413181574-d8e8-4069-a567-8679793c64d5&limit_id=&language=en&operatorId=10437004'

28-02-2024T09:21:07 - [TEST_STEP][PASSED] - println(title): null

28-02-2024T09:21:07 - [TEST_STEP][PASSED] - if (title.contains("notavailable")): null

28-02-2024T09:21:07 - [TEST_STEP][PASSED] - switchToWindowIndex(1): Switched to window with index: '1'

28-02-2024T09:21:07 - [MESSAGE][PASSED] - Switched to window with index: '1'

28-02-2024T09:21:07 - [TEST_STEP][PASSED] - closeWindowIndex(1): Window with index 1 is closed

28-02-2024T09:21:07 - [MESSAGE][PASSED] - Window with index 1 is closed

28-02-2024T09:21:07 - [TEST_STEP][PASSED] - switchToWindowIndex(0): Switched to window with index: '0'

28-02-2024T09:21:07 - [MESSAGE][PASSED] - Switched to window with index: '0'

28-02-2024T09:21:07 - [TEST_STEP][PASSED] - delay(2): Delayed 2 second(s)

28-02-2024T09:21:09 - [MESSAGE][PASSED] - Delayed 2 second(s)

28-02-2024T09:21:09 - [TEST_STEP][PASSED] - println(j): null

28-02-2024T09:21:09 - [TEST_STEP][PASSED] - playgame = allgames.get(j): null

28-02-2024T09:21:09 - [TEST_STEP][PASSED] - Object = convertWebElementToTestObject(playgame): null

28-02-2024T09:21:09 - [TEST_STEP][PASSED] - scrollToElement(Object, 10): Scroll to object '' successfully

28-02-2024T09:21:09 - [MESSAGE][PASSED] - Scroll to object '' successfully

28-02-2024T09:21:09 - [TEST_STEP][PASSED] - mouseOver(Object): Object: '' is hovered

28-02-2024T09:21:09 - [MESSAGE][PASSED] - Object: '' is hovered

28-02-2024T09:21:09 - [TEST_STEP][PASSED] - if (verifyElementClickable(Object)): null

28-02-2024T09:21:09 - [MESSAGE][PASSED] - Object '' is clickable

28-02-2024T09:21:09 - [TEST_STEP][PASSED] - playgame.click(): null

28-02-2024T09:21:09 - [TEST_STEP][PASSED] - delay(5): Delayed 5 second(s)

28-02-2024T09:21:14 - [MESSAGE][PASSED] - Delayed 5 second(s)

28-02-2024T09:21:14 - [TEST_STEP][PASSED] - switchToWindowIndex(1): Switched to window with index: '1'

28-02-2024T09:21:14 - [MESSAGE][PASSED] - Switched to window with index: '1'

28-02-2024T09:21:14 - [TEST_STEP][PASSED] - title = getUrl(): Current window's url is: 'https://play.livetables.io/baccarat/?table_id=170&game_id=25&identifier=1043700423011965-d097-49c7-8c3b-a575ec9048fd&limit_id=&language=en&operatorId=10437004'

28-02-2024T09:21:14 - [MESSAGE][PASSED] - Current window's url is: 'https://play.livetables.io/baccarat/?table_id=170&game_id=25&identifier=1043700423011965-d097-49c7-8c3b-a575ec9048fd&limit_id=&language=en&operatorId=10437004'

28-02-2024T09:21:14 - [TEST_STEP][PASSED] - println(title): null

28-02-2024T09:21:14 - [TEST_STEP][PASSED] - if (title.contains("notavailable")): null

28-02-2024T09:21:14 - [TEST_STEP][PASSED] - switchToWindowIndex(1): Switched to window with index: '1'

28-02-2024T09:21:14 - [MESSAGE][PASSED] - Switched to window with index: '1'

28-02-2024T09:21:14 - [TEST_STEP][PASSED] - closeWindowIndex(1): Window with index 1 is closed

28-02-2024T09:21:14 - [MESSAGE][PASSED] - Window with index 1 is closed

28-02-2024T09:21:14 - [TEST_STEP][PASSED] - switchToWindowIndex(0): Switched to window with index: '0'

28-02-2024T09:21:14 - [MESSAGE][PASSED] - Switched to window with index: '0'

28-02-2024T09:21:14 - [TEST_STEP][PASSED] - delay(2): Delayed 2 second(s)

28-02-2024T09:21:16 - [MESSAGE][PASSED] - Delayed 2 second(s)

28-02-2024T09:21:16 - [TEST_STEP][PASSED] - println(j): null

28-02-2024T09:21:16 - [TEST_STEP][PASSED] - playgame = allgames.get(j): null

28-02-2024T09:21:16 - [TEST_STEP][PASSED] - Object = convertWebElementToTestObject(playgame): null

28-02-2024T09:21:16 - [TEST_STEP][PASSED] - scrollToElement(Object, 10): Scroll to object '' successfully

28-02-2024T09:21:16 - [MESSAGE][PASSED] - Scroll to object '' successfully

28-02-2024T09:21:16 - [TEST_STEP][PASSED] - mouseOver(Object): Object: '' is hovered

28-02-2024T09:21:16 - [MESSAGE][PASSED] - Object: '' is hovered

28-02-2024T09:21:16 - [TEST_STEP][PASSED] - if (verifyElementClickable(Object)): null

28-02-2024T09:21:17 - [MESSAGE][PASSED] - Object '' is clickable

28-02-2024T09:21:17 - [TEST_STEP][PASSED] - playgame.click(): null

28-02-2024T09:21:17 - [TEST_STEP][PASSED] - delay(5): Delayed 5 second(s)

28-02-2024T09:21:22 - [MESSAGE][PASSED] - Delayed 5 second(s)

28-02-2024T09:21:22 - [TEST_STEP][PASSED] - switchToWindowIndex(1): Switched to window with index: '1'

28-02-2024T09:21:22 - [MESSAGE][PASSED] - Switched to window with index: '1'

28-02-2024T09:21:22 - [TEST_STEP][PASSED] - title = getUrl(): Current window's url is: 'https://play.livetables.io/onedayteenpatti/?table_id=227103&game_id=50&identifier=104370043fe13d12-17f8-4bea-8de5-b4a805534cc5&limit_id=&language=en&operatorId=10437004'

28-02-2024T09:21:22 - [MESSAGE][PASSED] - Current window's url is: 'https://play.livetables.io/onedayteenpatti/?table_id=227103&game_id=50&identifier=104370043fe13d12-17f8-4bea-8de5-b4a805534cc5&limit_id=&language=en&operatorId=10437004'

28-02-2024T09:21:22 - [TEST_STEP][PASSED] - println(title): null

28-02-2024T09:21:22 - [TEST_STEP][PASSED] - if (title.contains("notavailable")): null

28-02-2024T09:21:22 - [TEST_STEP][PASSED] - switchToWindowIndex(1): Switched to window with index: '1'

28-02-2024T09:21:22 - [MESSAGE][PASSED] - Switched to window with index: '1'

28-02-2024T09:21:22 - [TEST_STEP][PASSED] - closeWindowIndex(1): Window with index 1 is closed

28-02-2024T09:21:22 - [MESSAGE][PASSED] - Window with index 1 is closed

28-02-2024T09:21:22 - [TEST_STEP][PASSED] - switchToWindowIndex(0): Switched to window with index: '0'

28-02-2024T09:21:22 - [MESSAGE][PASSED] - Switched to window with index: '0'

28-02-2024T09:21:22 - [TEST_STEP][PASSED] - delay(2): Delayed 2 second(s)

28-02-2024T09:21:24 - [MESSAGE][PASSED] - Delayed 2 second(s)

28-02-2024T09:21:24 - [TEST_STEP][PASSED] - println(j): null

28-02-2024T09:21:24 - [TEST_STEP][PASSED] - playgame = allgames.get(j): null

28-02-2024T09:21:24 - [TEST_STEP][PASSED] - Object = convertWebElementToTestObject(playgame): null

28-02-2024T09:21:24 - [TEST_STEP][PASSED] - scrollToElement(Object, 10): Scroll to object '' successfully

28-02-2024T09:21:24 - [MESSAGE][PASSED] - Scroll to object '' successfully

28-02-2024T09:21:24 - [TEST_STEP][PASSED] - mouseOver(Object): Object: '' is hovered

28-02-2024T09:21:24 - [MESSAGE][PASSED] - Object: '' is hovered

28-02-2024T09:21:24 - [TEST_STEP][PASSED] - if (verifyElementClickable(Object)): null

28-02-2024T09:21:24 - [MESSAGE][PASSED] - Object '' is clickable

28-02-2024T09:21:24 - [TEST_STEP][PASSED] - playgame.click(): null

28-02-2024T09:21:24 - [TEST_STEP][PASSED] - delay(5): Delayed 5 second(s)

28-02-2024T09:21:29 - [MESSAGE][PASSED] - Delayed 5 second(s)

28-02-2024T09:21:29 - [TEST_STEP][PASSED] - switchToWindowIndex(1): Switched to window with index: '1'

28-02-2024T09:21:29 - [MESSAGE][PASSED] - Switched to window with index: '1'

28-02-2024T09:21:29 - [TEST_STEP][PASSED] - title = getUrl(): Current window's url is: 'https://play.livetables.io/roulette/?table_id=611001&game_id=29&identifier=1043700441361b7e-1000-490a-827d-cb768da8156e&limit_id=&language=en&operatorId=10437004'

28-02-2024T09:21:29 - [MESSAGE][PASSED] - Current window's url is: 'https://play.livetables.io/roulette/?table_id=611001&game_id=29&identifier=1043700441361b7e-1000-490a-827d-cb768da8156e&limit_id=&language=en&operatorId=10437004'

28-02-2024T09:21:29 - [TEST_STEP][PASSED] - println(title): null

28-02-2024T09:21:29 - [TEST_STEP][PASSED] - if (title.contains("notavailable")): null

28-02-2024T09:21:29 - [TEST_STEP][PASSED] - switchToWindowIndex(1): Switched to window with index: '1'

28-02-2024T09:21:29 - [MESSAGE][PASSED] - Switched to window with index: '1'

28-02-2024T09:21:29 - [TEST_STEP][PASSED] - closeWindowIndex(1): Window with index 1 is closed

28-02-2024T09:21:29 - [MESSAGE][PASSED] - Window with index 1 is closed

28-02-2024T09:21:29 - [TEST_STEP][PASSED] - switchToWindowIndex(0): Switched to window with index: '0'

28-02-2024T09:21:29 - [MESSAGE][PASSED] - Switched to window with index: '0'

28-02-2024T09:21:29 - [TEST_STEP][PASSED] - delay(2): Delayed 2 second(s)

28-02-2024T09:21:31 - [MESSAGE][PASSED] - Delayed 2 second(s)

28-02-2024T09:21:31 - [TEST_STEP][PASSED] - println(j): null

28-02-2024T09:21:31 - [TEST_STEP][PASSED] - playgame = allgames.get(j): null

28-02-2024T09:21:31 - [TEST_STEP][PASSED] - Object = convertWebElementToTestObject(playgame): null

28-02-2024T09:21:31 - [TEST_STEP][PASSED] - scrollToElement(Object, 10): Scroll to object '' successfully

28-02-2024T09:21:31 - [MESSAGE][PASSED] - Scroll to object '' successfully

28-02-2024T09:21:31 - [TEST_STEP][PASSED] - mouseOver(Object): Object: '' is hovered

28-02-2024T09:21:31 - [MESSAGE][PASSED] - Object: '' is hovered

28-02-2024T09:21:31 - [TEST_STEP][PASSED] - if (verifyElementClickable(Object)): null

28-02-2024T09:21:31 - [MESSAGE][PASSED] - Object '' is clickable

28-02-2024T09:21:31 - [TEST_STEP][PASSED] - playgame.click(): null

28-02-2024T09:21:32 - [TEST_STEP][PASSED] - delay(5): Delayed 5 second(s)

28-02-2024T09:21:37 - [MESSAGE][PASSED] - Delayed 5 second(s)

28-02-2024T09:21:37 - [TEST_STEP][PASSED] - switchToWindowIndex(1): Switched to window with index: '1'

28-02-2024T09:21:37 - [MESSAGE][PASSED] - Switched to window with index: '1'

28-02-2024T09:21:37 - [TEST_STEP][PASSED] - title = getUrl(): Current window's url is: 'https://play.livetables.io/roulette/?table_id=611003&game_id=29&identifier=10437004eb80f09d-a08e-4e42-aaea-85973aad31e2&limit_id=&language=en&operatorId=10437004'

28-02-2024T09:21:37 - [MESSAGE][PASSED] - Current window's url is: 'https://play.livetables.io/roulette/?table_id=611003&game_id=29&identifier=10437004eb80f09d-a08e-4e42-aaea-85973aad31e2&limit_id=&language=en&operatorId=10437004'

28-02-2024T09:21:37 - [TEST_STEP][PASSED] - println(title): null

28-02-2024T09:21:37 - [TEST_STEP][PASSED] - if (title.contains("notavailable")): null

28-02-2024T09:21:37 - [TEST_STEP][PASSED] - switchToWindowIndex(1): Switched to window with index: '1'

28-02-2024T09:21:37 - [MESSAGE][PASSED] - Switched to window with index: '1'

28-02-2024T09:21:37 - [TEST_STEP][PASSED] - closeWindowIndex(1): Window with index 1 is closed

28-02-2024T09:21:37 - [MESSAGE][PASSED] - Window with index 1 is closed

28-02-2024T09:21:37 - [TEST_STEP][PASSED] - switchToWindowIndex(0): Switched to window with index: '0'

28-02-2024T09:21:37 - [MESSAGE][PASSED] - Switched to window with index: '0'

28-02-2024T09:21:37 - [TEST_STEP][PASSED] - delay(2): Delayed 2 second(s)

28-02-2024T09:21:39 - [MESSAGE][PASSED] - Delayed 2 second(s)

28-02-2024T09:21:39 - [TEST_STEP][PASSED] - println(j): null

28-02-2024T09:21:39 - [TEST_STEP][PASSED] - playgame = allgames.get(j): null

28-02-2024T09:21:39 - [TEST_STEP][PASSED] - Object = convertWebElementToTestObject(playgame): null

28-02-2024T09:21:39 - [TEST_STEP][PASSED] - scrollToElement(Object, 10): Scroll to object '' successfully

28-02-2024T09:21:39 - [MESSAGE][PASSED] - Scroll to object '' successfully

28-02-2024T09:21:39 - [TEST_STEP][PASSED] - mouseOver(Object): Object: '' is hovered

28-02-2024T09:21:39 - [MESSAGE][PASSED] - Object: '' is hovered

28-02-2024T09:21:39 - [TEST_STEP][PASSED] - if (verifyElementClickable(Object)): null

28-02-2024T09:21:39 - [MESSAGE][PASSED] - Object '' is clickable

28-02-2024T09:21:39 - [TEST_STEP][PASSED] - playgame.click(): null

28-02-2024T09:21:39 - [TEST_STEP][PASSED] - delay(5): Delayed 5 second(s)

28-02-2024T09:21:44 - [MESSAGE][PASSED] - Delayed 5 second(s)

28-02-2024T09:21:44 - [TEST_STEP][PASSED] - switchToWindowIndex(1): Switched to window with index: '1'

28-02-2024T09:21:44 - [MESSAGE][PASSED] - Switched to window with index: '1'

28-02-2024T09:21:44 - [TEST_STEP][PASSED] - title = getUrl(): Current window's url is: 'https://play.livetables.io/roulette/?table_id=611001&game_id=29&identifier=10437004a5be49e7-087e-43ac-ac51-d93a05fbd116&limit_id=&language=en&operatorId=10437004'

28-02-2024T09:21:44 - [MESSAGE][PASSED] - Current window's url is: 'https://play.livetables.io/roulette/?table_id=611001&game_id=29&identifier=10437004a5be49e7-087e-43ac-ac51-d93a05fbd116&limit_id=&language=en&operatorId=10437004'

28-02-2024T09:21:44 - [TEST_STEP][PASSED] - println(title): null

28-02-2024T09:21:44 - [TEST_STEP][PASSED] - if (title.contains("notavailable")): null

28-02-2024T09:21:44 - [TEST_STEP][PASSED] - switchToWindowIndex(1): Switched to window with index: '1'

28-02-2024T09:21:44 - [MESSAGE][PASSED] - Switched to window with index: '1'

28-02-2024T09:21:44 - [TEST_STEP][PASSED] - closeWindowIndex(1): Window with index 1 is closed

28-02-2024T09:21:44 - [MESSAGE][PASSED] - Window with index 1 is closed

28-02-2024T09:21:44 - [TEST_STEP][PASSED] - switchToWindowIndex(0): Switched to window with index: '0'

28-02-2024T09:21:44 - [MESSAGE][PASSED] - Switched to window with index: '0'

28-02-2024T09:21:44 - [TEST_STEP][PASSED] - delay(2): Delayed 2 second(s)

28-02-2024T09:21:46 - [MESSAGE][PASSED] - Delayed 2 second(s)

28-02-2024T09:21:46 - [TEST_STEP][PASSED] - println(j): null

28-02-2024T09:21:46 - [TEST_STEP][PASSED] - playgame = allgames.get(j): null

28-02-2024T09:21:46 - [TEST_STEP][PASSED] - Object = convertWebElementToTestObject(playgame): null

28-02-2024T09:21:46 - [TEST_STEP][PASSED] - scrollToElement(Object, 10): Scroll to object '' successfully

28-02-2024T09:21:46 - [MESSAGE][PASSED] - Scroll to object '' successfully

28-02-2024T09:21:46 - [TEST_STEP][PASSED] - mouseOver(Object): Object: '' is hovered

28-02-2024T09:21:46 - [MESSAGE][PASSED] - Object: '' is hovered

28-02-2024T09:21:46 - [TEST_STEP][PASSED] - if (verifyElementClickable(Object)): null

28-02-2024T09:21:46 - [MESSAGE][PASSED] - Object '' is clickable

28-02-2024T09:21:46 - [TEST_STEP][PASSED] - playgame.click(): null

28-02-2024T09:21:46 - [TEST_STEP][PASSED] - delay(5): Delayed 5 second(s)

28-02-2024T09:21:51 - [MESSAGE][PASSED] - Delayed 5 second(s)

28-02-2024T09:21:51 - [TEST_STEP][PASSED] - switchToWindowIndex(1): Switched to window with index: '1'

28-02-2024T09:21:51 - [MESSAGE][PASSED] - Switched to window with index: '1'

28-02-2024T09:21:51 - [TEST_STEP][PASSED] - title = getUrl(): Current window's url is: 'https://play.livetables.io/andarbahar/?table_id=328000&game_id=39&identifier=10437004e4293deb-9af2-4421-bb4b-ee98d292341b&limit_id=&language=en&operatorId=10437004'

28-02-2024T09:21:51 - [MESSAGE][PASSED] - Current window's url is: 'https://play.livetables.io/andarbahar/?table_id=328000&game_id=39&identifier=10437004e4293deb-9af2-4421-bb4b-ee98d292341b&limit_id=&language=en&operatorId=10437004'

28-02-2024T09:21:51 - [TEST_STEP][PASSED] - println(title): null

28-02-2024T09:21:51 - [TEST_STEP][PASSED] - if (title.contains("notavailable")): null

28-02-2024T09:21:51 - [TEST_STEP][PASSED] - switchToWindowIndex(1): Switched to window with index: '1'

28-02-2024T09:21:51 - [MESSAGE][PASSED] - Switched to window with index: '1'

28-02-2024T09:21:51 - [TEST_STEP][PASSED] - closeWindowIndex(1): Window with index 1 is closed

28-02-2024T09:21:52 - [MESSAGE][PASSED] - Window with index 1 is closed

28-02-2024T09:21:52 - [TEST_STEP][PASSED] - switchToWindowIndex(0): Switched to window with index: '0'

28-02-2024T09:21:52 - [MESSAGE][PASSED] - Switched to window with index: '0'

28-02-2024T09:21:52 - [TEST_STEP][PASSED] - delay(2): Delayed 2 second(s)

28-02-2024T09:21:54 - [MESSAGE][PASSED] - Delayed 2 second(s)

28-02-2024T09:21:54 - [TEST_STEP][PASSED] - println(j): null

28-02-2024T09:21:54 - [TEST_STEP][PASSED] - playgame = allgames.get(j): null

28-02-2024T09:21:54 - [TEST_STEP][PASSED] - Object = convertWebElementToTestObject(playgame): null

28-02-2024T09:21:54 - [TEST_STEP][PASSED] - scrollToElement(Object, 10): Scroll to object '' successfully

28-02-2024T09:21:54 - [MESSAGE][PASSED] - Scroll to object '' successfully

28-02-2024T09:21:54 - [TEST_STEP][PASSED] - mouseOver(Object): Object: '' is hovered

28-02-2024T09:21:54 - [MESSAGE][PASSED] - Object: '' is hovered

28-02-2024T09:21:54 - [TEST_STEP][PASSED] - if (verifyElementClickable(Object)): null

28-02-2024T09:21:54 - [MESSAGE][PASSED] - Object '' is clickable

28-02-2024T09:21:54 - [TEST_STEP][PASSED] - playgame.click(): null

28-02-2024T09:21:54 - [TEST_STEP][PASSED] - delay(5): Delayed 5 second(s)

28-02-2024T09:21:59 - [MESSAGE][PASSED] - Delayed 5 second(s)

28-02-2024T09:21:59 - [TEST_STEP][PASSED] - switchToWindowIndex(1): Switched to window with index: '1'

28-02-2024T09:21:59 - [MESSAGE][PASSED] - Switched to window with index: '1'

28-02-2024T09:21:59 - [TEST_STEP][PASSED] - title = getUrl(): Current window's url is: 'https://play.livetables.io/blackjack/?table_id=5&game_id=1&identifier=104370047ab92e02-48dd-46ed-8fcb-cd59edc0ea1d&limit_id=&language=en&operatorId=10437004'

28-02-2024T09:21:59 - [MESSAGE][PASSED] - Current window's url is: 'https://play.livetables.io/blackjack/?table_id=5&game_id=1&identifier=104370047ab92e02-48dd-46ed-8fcb-cd59edc0ea1d&limit_id=&language=en&operatorId=10437004'

28-02-2024T09:21:59 - [TEST_STEP][PASSED] - println(title): null

28-02-2024T09:21:59 - [TEST_STEP][PASSED] - if (title.contains("notavailable")): null

28-02-2024T09:21:59 - [TEST_STEP][PASSED] - switchToWindowIndex(1): Switched to window with index: '1'

28-02-2024T09:21:59 - [MESSAGE][PASSED] - Switched to window with index: '1'

28-02-2024T09:21:59 - [TEST_STEP][PASSED] - closeWindowIndex(1): Window with index 1 is closed

28-02-2024T09:21:59 - [MESSAGE][PASSED] - Window with index 1 is closed

28-02-2024T09:21:59 - [TEST_STEP][PASSED] - switchToWindowIndex(0): Switched to window with index: '0'

28-02-2024T09:21:59 - [MESSAGE][PASSED] - Switched to window with index: '0'

28-02-2024T09:21:59 - [TEST_STEP][PASSED] - delay(2): Delayed 2 second(s)

28-02-2024T09:22:01 - [MESSAGE][PASSED] - Delayed 2 second(s)

28-02-2024T09:22:01 - [TEST_STEP][PASSED] - println(j): null

28-02-2024T09:22:01 - [TEST_STEP][PASSED] - playgame = allgames.get(j): null

28-02-2024T09:22:01 - [TEST_STEP][PASSED] - Object = convertWebElementToTestObject(playgame): null

28-02-2024T09:22:01 - [TEST_STEP][PASSED] - scrollToElement(Object, 10): Scroll to object '' successfully

28-02-2024T09:22:01 - [MESSAGE][PASSED] - Scroll to object '' successfully

28-02-2024T09:22:01 - [TEST_STEP][PASSED] - mouseOver(Object): Object: '' is hovered

28-02-2024T09:22:01 - [MESSAGE][PASSED] - Object: '' is hovered

28-02-2024T09:22:01 - [TEST_STEP][PASSED] - if (verifyElementClickable(Object)): null

28-02-2024T09:22:01 - [MESSAGE][PASSED] - Object '' is clickable

28-02-2024T09:22:01 - [TEST_STEP][PASSED] - playgame.click(): null

28-02-2024T09:22:01 - [TEST_STEP][PASSED] - delay(5): Delayed 5 second(s)

28-02-2024T09:22:06 - [MESSAGE][PASSED] - Delayed 5 second(s)

28-02-2024T09:22:06 - [TEST_STEP][PASSED] - switchToWindowIndex(1): Switched to window with index: '1'

28-02-2024T09:22:06 - [MESSAGE][PASSED] - Switched to window with index: '1'

28-02-2024T09:22:06 - [TEST_STEP][PASSED] - title = getUrl(): Current window's url is: 'https://play.livetables.io/category/4'

28-02-2024T09:22:06 - [MESSAGE][PASSED] - Current window's url is: 'https://play.livetables.io/category/4'

28-02-2024T09:22:06 - [TEST_STEP][PASSED] - println(title): null

28-02-2024T09:22:06 - [TEST_STEP][PASSED] - if (title.contains("notavailable")): null

28-02-2024T09:22:06 - [TEST_STEP][PASSED] - switchToWindowIndex(1): Switched to window with index: '1'

28-02-2024T09:22:06 - [MESSAGE][PASSED] - Switched to window with index: '1'

28-02-2024T09:22:06 - [TEST_STEP][PASSED] - closeWindowIndex(1): Window with index 1 is closed

28-02-2024T09:22:06 - [MESSAGE][PASSED] - Window with index 1 is closed

28-02-2024T09:22:06 - [TEST_STEP][PASSED] - switchToWindowIndex(0): Switched to window with index: '0'

28-02-2024T09:22:06 - [MESSAGE][PASSED] - Switched to window with index: '0'

28-02-2024T09:22:06 - [TEST_STEP][PASSED] - delay(2): Delayed 2 second(s)

28-02-2024T09:22:08 - [MESSAGE][PASSED] - Delayed 2 second(s)

28-02-2024T09:22:08 - [TEST_STEP][PASSED] - println(j): null

28-02-2024T09:22:08 - [TEST_STEP][PASSED] - playgame = allgames.get(j): null

28-02-2024T09:22:08 - [TEST_STEP][PASSED] - Object = convertWebElementToTestObject(playgame): null

28-02-2024T09:22:08 - [TEST_STEP][PASSED] - scrollToElement(Object, 10): Scroll to object '' successfully

28-02-2024T09:22:08 - [MESSAGE][PASSED] - Scroll to object '' successfully

28-02-2024T09:22:08 - [TEST_STEP][PASSED] - mouseOver(Object): Object: '' is hovered

28-02-2024T09:22:09 - [MESSAGE][PASSED] - Object: '' is hovered

28-02-2024T09:22:09 - [TEST_STEP][PASSED] - if (verifyElementClickable(Object)): null

28-02-2024T09:22:09 - [MESSAGE][PASSED] - Object '' is clickable

28-02-2024T09:22:09 - [TEST_STEP][PASSED] - playgame.click(): null

28-02-2024T09:22:09 - [TEST_STEP][PASSED] - delay(5): Delayed 5 second(s)

28-02-2024T09:22:14 - [MESSAGE][PASSED] - Delayed 5 second(s)

28-02-2024T09:22:14 - [TEST_STEP][PASSED] - switchToWindowIndex(1): Switched to window with index: '1'

28-02-2024T09:22:14 - [MESSAGE][PASSED] - Switched to window with index: '1'

28-02-2024T09:22:14 - [TEST_STEP][PASSED] - title = getUrl(): Current window's url is: 'https://play.livetables.io/roulette/?table_id=611000&game_id=29&identifier=1043700477382bed-cc61-4c76-a1f0-26b494dc5824&limit_id=&language=en&operatorId=10437004'

28-02-2024T09:22:14 - [MESSAGE][PASSED] - Current window's url is: 'https://play.livetables.io/roulette/?table_id=611000&game_id=29&identifier=1043700477382bed-cc61-4c76-a1f0-26b494dc5824&limit_id=&language=en&operatorId=10437004'

28-02-2024T09:22:14 - [TEST_STEP][PASSED] - println(title): null

28-02-2024T09:22:14 - [TEST_STEP][PASSED] - if (title.contains("notavailable")): null

28-02-2024T09:22:14 - [TEST_STEP][PASSED] - switchToWindowIndex(1): Switched to window with index: '1'

28-02-2024T09:22:14 - [MESSAGE][PASSED] - Switched to window with index: '1'

28-02-2024T09:22:14 - [TEST_STEP][PASSED] - closeWindowIndex(1): Window with index 1 is closed

28-02-2024T09:22:14 - [MESSAGE][PASSED] - Window with index 1 is closed

28-02-2024T09:22:14 - [TEST_STEP][PASSED] - switchToWindowIndex(0): Switched to window with index: '0'

28-02-2024T09:22:14 - [MESSAGE][PASSED] - Switched to window with index: '0'

28-02-2024T09:22:14 - [TEST_STEP][PASSED] - delay(2): Delayed 2 second(s)

28-02-2024T09:22:16 - [MESSAGE][PASSED] - Delayed 2 second(s)

28-02-2024T09:22:16 - [TEST_STEP][PASSED] - println(j): null

28-02-2024T09:22:16 - [TEST_STEP][PASSED] - playgame = allgames.get(j): null

28-02-2024T09:22:16 - [TEST_STEP][PASSED] - Object = convertWebElementToTestObject(playgame): null

28-02-2024T09:22:16 - [TEST_STEP][PASSED] - scrollToElement(Object, 10): Scroll to object '' successfully

28-02-2024T09:22:16 - [MESSAGE][PASSED] - Scroll to object '' successfully

28-02-2024T09:22:16 - [TEST_STEP][PASSED] - mouseOver(Object): Object: '' is hovered

28-02-2024T09:22:16 - [MESSAGE][PASSED] - Object: '' is hovered

28-02-2024T09:22:16 - [TEST_STEP][PASSED] - if (verifyElementClickable(Object)): null

28-02-2024T09:22:16 - [MESSAGE][PASSED] - Object '' is clickable

28-02-2024T09:22:16 - [TEST_STEP][PASSED] - playgame.click(): null

28-02-2024T09:22:16 - [TEST_STEP][PASSED] - delay(5): Delayed 5 second(s)

28-02-2024T09:22:21 - [MESSAGE][PASSED] - Delayed 5 second(s)

28-02-2024T09:22:21 - [TEST_STEP][PASSED] - switchToWindowIndex(1): Switched to window with index: '1'

28-02-2024T09:22:21 - [MESSAGE][PASSED] - Switched to window with index: '1'

28-02-2024T09:22:21 - [TEST_STEP][PASSED] - title = getUrl(): Current window's url is: 'https://play.livetables.io/roulette/?table_id=221004&game_id=7&identifier=10437004bd36d254-17f4-4a70-a16f-37ad5a961102&limit_id=&language=en&operatorId=10437004'

28-02-2024T09:22:21 - [MESSAGE][PASSED] - Current window's url is: 'https://play.livetables.io/roulette/?table_id=221004&game_id=7&identifier=10437004bd36d254-17f4-4a70-a16f-37ad5a961102&limit_id=&language=en&operatorId=10437004'

28-02-2024T09:22:21 - [TEST_STEP][PASSED] - println(title): null

28-02-2024T09:22:21 - [TEST_STEP][PASSED] - if (title.contains("notavailable")): null

28-02-2024T09:22:21 - [TEST_STEP][PASSED] - switchToWindowIndex(1): Switched to window with index: '1'

28-02-2024T09:22:21 - [MESSAGE][PASSED] - Switched to window with index: '1'

28-02-2024T09:22:21 - [TEST_STEP][PASSED] - closeWindowIndex(1): Window with index 1 is closed

28-02-2024T09:22:21 - [MESSAGE][PASSED] - Window with index 1 is closed

28-02-2024T09:22:21 - [TEST_STEP][PASSED] - switchToWindowIndex(0): Switched to window with index: '0'

28-02-2024T09:22:21 - [MESSAGE][PASSED] - Switched to window with index: '0'

28-02-2024T09:22:21 - [TEST_STEP][PASSED] - delay(2): Delayed 2 second(s)

28-02-2024T09:22:23 - [MESSAGE][PASSED] - Delayed 2 second(s)

28-02-2024T09:22:23 - [TEST_STEP][PASSED] - println(j): null

28-02-2024T09:22:23 - [TEST_STEP][PASSED] - playgame = allgames.get(j): null

28-02-2024T09:22:23 - [TEST_STEP][PASSED] - Object = convertWebElementToTestObject(playgame): null

28-02-2024T09:22:23 - [TEST_STEP][PASSED] - scrollToElement(Object, 10): Scroll to object '' successfully

28-02-2024T09:22:23 - [MESSAGE][PASSED] - Scroll to object '' successfully

28-02-2024T09:22:23 - [TEST_STEP][PASSED] - mouseOver(Object): Object: '' is hovered

28-02-2024T09:22:24 - [MESSAGE][PASSED] - Object: '' is hovered

28-02-2024T09:22:24 - [TEST_STEP][PASSED] - if (verifyElementClickable(Object)): null

28-02-2024T09:22:24 - [MESSAGE][PASSED] - Object '' is clickable

28-02-2024T09:22:24 - [TEST_STEP][PASSED] - playgame.click(): null

28-02-2024T09:22:24 - [TEST_STEP][PASSED] - delay(5): Delayed 5 second(s)

28-02-2024T09:22:29 - [MESSAGE][PASSED] - Delayed 5 second(s)

28-02-2024T09:22:29 - [TEST_STEP][PASSED] - switchToWindowIndex(1): Switched to window with index: '1'

28-02-2024T09:22:29 - [MESSAGE][PASSED] - Switched to window with index: '1'

28-02-2024T09:22:29 - [TEST_STEP][PASSED] - title = getUrl(): Current window's url is: 'https://play.livetables.io/roulette/?table_id=1000&game_id=3&identifier=104370041cb020c1-2c04-4457-a7df-5d35246fafd6&limit_id=&language=en&operatorId=10437004'

28-02-2024T09:22:29 - [MESSAGE][PASSED] - Current window's url is: 'https://play.livetables.io/roulette/?table_id=1000&game_id=3&identifier=104370041cb020c1-2c04-4457-a7df-5d35246fafd6&limit_id=&language=en&operatorId=10437004'

28-02-2024T09:22:29 - [TEST_STEP][PASSED] - println(title): null

28-02-2024T09:22:29 - [TEST_STEP][PASSED] - if (title.contains("notavailable")): null

28-02-2024T09:22:29 - [TEST_STEP][PASSED] - switchToWindowIndex(1): Switched to window with index: '1'

28-02-2024T09:22:29 - [MESSAGE][PASSED] - Switched to window with index: '1'

28-02-2024T09:22:29 - [TEST_STEP][PASSED] - closeWindowIndex(1): Window with index 1 is closed

28-02-2024T09:22:29 - [MESSAGE][PASSED] - Window with index 1 is closed

28-02-2024T09:22:29 - [TEST_STEP][PASSED] - switchToWindowIndex(0): Switched to window with index: '0'

28-02-2024T09:22:29 - [MESSAGE][PASSED] - Switched to window with index: '0'

28-02-2024T09:22:29 - [TEST_STEP][PASSED] - delay(2): Delayed 2 second(s)

28-02-2024T09:22:31 - [MESSAGE][PASSED] - Delayed 2 second(s)

28-02-2024T09:22:31 - [TEST_STEP][PASSED] - println(j): null

28-02-2024T09:22:31 - [TEST_STEP][PASSED] - playgame = allgames.get(j): null

28-02-2024T09:22:31 - [TEST_STEP][PASSED] - Object = convertWebElementToTestObject(playgame): null

28-02-2024T09:22:31 - [TEST_STEP][PASSED] - scrollToElement(Object, 10): Scroll to object '' successfully

28-02-2024T09:22:31 - [MESSAGE][PASSED] - Scroll to object '' successfully

28-02-2024T09:22:31 - [TEST_STEP][PASSED] - mouseOver(Object): Object: '' is hovered

28-02-2024T09:22:31 - [MESSAGE][PASSED] - Object: '' is hovered

28-02-2024T09:22:31 - [TEST_STEP][PASSED] - if (verifyElementClickable(Object)): null

28-02-2024T09:22:31 - [MESSAGE][PASSED] - Object '' is clickable

28-02-2024T09:22:31 - [TEST_STEP][PASSED] - playgame.click(): null

28-02-2024T09:22:31 - [TEST_STEP][PASSED] - delay(5): Delayed 5 second(s)

28-02-2024T09:22:36 - [MESSAGE][PASSED] - Delayed 5 second(s)

28-02-2024T09:22:36 - [TEST_STEP][PASSED] - switchToWindowIndex(1): Switched to window with index: '1'

28-02-2024T09:22:36 - [MESSAGE][PASSED] - Switched to window with index: '1'

28-02-2024T09:22:36 - [TEST_STEP][PASSED] - title = getUrl(): Current window's url is: 'https://play.livetables.io/roulette/?table_id=601000&game_id=3&identifier=10437004bab6ce92-b0b2-4475-b7d8-f0830de035a4&limit_id=&language=en&operatorId=10437004'

28-02-2024T09:22:36 - [MESSAGE][PASSED] - Current window's url is: 'https://play.livetables.io/roulette/?table_id=601000&game_id=3&identifier=10437004bab6ce92-b0b2-4475-b7d8-f0830de035a4&limit_id=&language=en&operatorId=10437004'

28-02-2024T09:22:36 - [TEST_STEP][PASSED] - println(title): null

28-02-2024T09:22:36 - [TEST_STEP][PASSED] - if (title.contains("notavailable")): null

28-02-2024T09:22:36 - [TEST_STEP][PASSED] - switchToWindowIndex(1): Switched to window with index: '1'

28-02-2024T09:22:36 - [MESSAGE][PASSED] - Switched to window with index: '1'

28-02-2024T09:22:36 - [TEST_STEP][PASSED] - closeWindowIndex(1): Window with index 1 is closed

28-02-2024T09:22:36 - [MESSAGE][PASSED] - Window with index 1 is closed

28-02-2024T09:22:36 - [TEST_STEP][PASSED] - switchToWindowIndex(0): Switched to window with index: '0'

28-02-2024T09:22:36 - [MESSAGE][PASSED] - Switched to window with index: '0'

28-02-2024T09:22:36 - [TEST_STEP][PASSED] - delay(2): Delayed 2 second(s)

28-02-2024T09:22:38 - [MESSAGE][PASSED] - Delayed 2 second(s)

28-02-2024T09:22:38 - [TEST_STEP][PASSED] - println(j): null

28-02-2024T09:22:38 - [TEST_STEP][PASSED] - playgame = allgames.get(j): null

28-02-2024T09:22:38 - [TEST_STEP][PASSED] - Object = convertWebElementToTestObject(playgame): null

28-02-2024T09:22:38 - [TEST_STEP][PASSED] - scrollToElement(Object, 10): Scroll to object '' successfully

28-02-2024T09:22:38 - [MESSAGE][PASSED] - Scroll to object '' successfully

28-02-2024T09:22:38 - [TEST_STEP][PASSED] - mouseOver(Object): Object: '' is hovered

28-02-2024T09:22:39 - [MESSAGE][PASSED] - Object: '' is hovered

28-02-2024T09:22:39 - [TEST_STEP][PASSED] - if (verifyElementClickable(Object)): null

28-02-2024T09:22:39 - [MESSAGE][PASSED] - Object '' is clickable

28-02-2024T09:22:39 - [TEST_STEP][PASSED] - playgame.click(): null

28-02-2024T09:22:39 - [TEST_STEP][PASSED] - delay(5): Delayed 5 second(s)

28-02-2024T09:22:44 - [MESSAGE][PASSED] - Delayed 5 second(s)

28-02-2024T09:22:44 - [TEST_STEP][PASSED] - switchToWindowIndex(1): Switched to window with index: '1'

28-02-2024T09:22:44 - [MESSAGE][PASSED] - Switched to window with index: '1'

28-02-2024T09:22:44 - [TEST_STEP][PASSED] - title = getUrl(): Current window's url is: 'https://play.livetables.io/russianpoker/?table_id=537000&game_id=53&identifier=104370041d4105a4-2d8a-49b9-a411-2b0193a4a016&limit_id=&language=en&operatorId=10437004'

28-02-2024T09:22:44 - [MESSAGE][PASSED] - Current window's url is: 'https://play.livetables.io/russianpoker/?table_id=537000&game_id=53&identifier=104370041d4105a4-2d8a-49b9-a411-2b0193a4a016&limit_id=&language=en&operatorId=10437004'

28-02-2024T09:22:44 - [TEST_STEP][PASSED] - println(title): null

28-02-2024T09:22:44 - [TEST_STEP][PASSED] - if (title.contains("notavailable")): null

28-02-2024T09:22:44 - [TEST_STEP][PASSED] - switchToWindowIndex(1): Switched to window with index: '1'

28-02-2024T09:22:44 - [MESSAGE][PASSED] - Switched to window with index: '1'

28-02-2024T09:22:44 - [TEST_STEP][PASSED] - closeWindowIndex(1): Window with index 1 is closed

28-02-2024T09:22:44 - [MESSAGE][PASSED] - Window with index 1 is closed

28-02-2024T09:22:44 - [TEST_STEP][PASSED] - switchToWindowIndex(0): Switched to window with index: '0'

28-02-2024T09:22:44 - [MESSAGE][PASSED] - Switched to window with index: '0'

28-02-2024T09:22:44 - [TEST_STEP][PASSED] - delay(2): Delayed 2 second(s)

28-02-2024T09:22:46 - [MESSAGE][PASSED] - Delayed 2 second(s)

28-02-2024T09:22:46 - [TEST_STEP][PASSED] - println(j): null

28-02-2024T09:22:46 - [TEST_STEP][PASSED] - playgame = allgames.get(j): null

28-02-2024T09:22:46 - [TEST_STEP][PASSED] - Object = convertWebElementToTestObject(playgame): null

28-02-2024T09:22:46 - [TEST_STEP][PASSED] - scrollToElement(Object, 10): Scroll to object '' successfully

28-02-2024T09:22:46 - [MESSAGE][PASSED] - Scroll to object '' successfully

28-02-2024T09:22:46 - [TEST_STEP][PASSED] - mouseOver(Object): Object: '' is hovered

28-02-2024T09:22:46 - [MESSAGE][PASSED] - Object: '' is hovered

28-02-2024T09:22:46 - [TEST_STEP][PASSED] - if (verifyElementClickable(Object)): null

28-02-2024T09:22:46 - [MESSAGE][PASSED] - Object '' is clickable

28-02-2024T09:22:46 - [TEST_STEP][PASSED] - playgame.click(): null

28-02-2024T09:22:46 - [TEST_STEP][PASSED] - delay(5): Delayed 5 second(s)

28-02-2024T09:22:51 - [MESSAGE][PASSED] - Delayed 5 second(s)

28-02-2024T09:22:51 - [TEST_STEP][PASSED] - switchToWindowIndex(1): Switched to window with index: '1'

28-02-2024T09:22:51 - [MESSAGE][PASSED] - Switched to window with index: '1'

28-02-2024T09:22:51 - [TEST_STEP][PASSED] - title = getUrl(): Current window's url is: 'https://play.livetables.io/roulette/?table_id=431000&game_id=29&identifier=10437004eb601de1-fccc-45e7-97bb-6879d2524ea6&limit_id=&language=en&operatorId=10437004'

28-02-2024T09:22:51 - [MESSAGE][PASSED] - Current window's url is: 'https://play.livetables.io/roulette/?table_id=431000&game_id=29&identifier=10437004eb601de1-fccc-45e7-97bb-6879d2524ea6&limit_id=&language=en&operatorId=10437004'

28-02-2024T09:22:51 - [TEST_STEP][PASSED] - println(title): null

28-02-2024T09:22:51 - [TEST_STEP][PASSED] - if (title.contains("notavailable")): null

28-02-2024T09:22:51 - [TEST_STEP][PASSED] - switchToWindowIndex(1): Switched to window with index: '1'

28-02-2024T09:22:51 - [MESSAGE][PASSED] - Switched to window with index: '1'

28-02-2024T09:22:51 - [TEST_STEP][PASSED] - closeWindowIndex(1): Window with index 1 is closed

28-02-2024T09:22:51 - [MESSAGE][PASSED] - Window with index 1 is closed

28-02-2024T09:22:51 - [TEST_STEP][PASSED] - switchToWindowIndex(0): Switched to window with index: '0'

28-02-2024T09:22:51 - [MESSAGE][PASSED] - Switched to window with index: '0'

28-02-2024T09:22:51 - [TEST_STEP][PASSED] - delay(2): Delayed 2 second(s)

28-02-2024T09:22:53 - [MESSAGE][PASSED] - Delayed 2 second(s)

28-02-2024T09:22:53 - [TEST_STEP][PASSED] - println(j): null

28-02-2024T09:22:53 - [TEST_STEP][PASSED] - playgame = allgames.get(j): null

28-02-2024T09:22:53 - [TEST_STEP][PASSED] - Object = convertWebElementToTestObject(playgame): null

28-02-2024T09:22:53 - [TEST_STEP][PASSED] - scrollToElement(Object, 10): Scroll to object '' successfully

28-02-2024T09:22:53 - [MESSAGE][PASSED] - Scroll to object '' successfully

28-02-2024T09:22:53 - [TEST_STEP][PASSED] - mouseOver(Object): Object: '' is hovered

28-02-2024T09:22:53 - [MESSAGE][PASSED] - Object: '' is hovered

28-02-2024T09:22:53 - [TEST_STEP][PASSED] - if (verifyElementClickable(Object)): null

28-02-2024T09:22:53 - [MESSAGE][PASSED] - Object '' is clickable

28-02-2024T09:22:53 - [TEST_STEP][PASSED] - playgame.click(): null

28-02-2024T09:22:53 - [TEST_STEP][PASSED] - delay(5): Delayed 5 second(s)

28-02-2024T09:22:59 - [MESSAGE][PASSED] - Delayed 5 second(s)

28-02-2024T09:22:59 - [TEST_STEP][PASSED] - switchToWindowIndex(1): Switched to window with index: '1'

28-02-2024T09:22:59 - [MESSAGE][PASSED] - Switched to window with index: '1'

28-02-2024T09:22:59 - [TEST_STEP][PASSED] - title = getUrl(): Current window's url is: 'https://play.livetables.io/blackjack/?table_id=411&game_id=1&identifier=10437004b976ed73-f9ca-4694-93c5-5b9d83849949&limit_id=&language=en&operatorId=10437004'

28-02-2024T09:22:59 - [MESSAGE][PASSED] - Current window's url is: 'https://play.livetables.io/blackjack/?table_id=411&game_id=1&identifier=10437004b976ed73-f9ca-4694-93c5-5b9d83849949&limit_id=&language=en&operatorId=10437004'

28-02-2024T09:22:59 - [TEST_STEP][PASSED] - println(title): null

28-02-2024T09:22:59 - [TEST_STEP][PASSED] - if (title.contains("notavailable")): null

28-02-2024T09:22:59 - [TEST_STEP][PASSED] - switchToWindowIndex(1): Switched to window with index: '1'

28-02-2024T09:22:59 - [MESSAGE][PASSED] - Switched to window with index: '1'

28-02-2024T09:22:59 - [TEST_STEP][PASSED] - closeWindowIndex(1): Window with index 1 is closed

28-02-2024T09:22:59 - [MESSAGE][PASSED] - Window with index 1 is closed

28-02-2024T09:22:59 - [TEST_STEP][PASSED] - switchToWindowIndex(0): Switched to window with index: '0'

28-02-2024T09:22:59 - [MESSAGE][PASSED] - Switched to window with index: '0'

28-02-2024T09:22:59 - [TEST_STEP][PASSED] - delay(2): Delayed 2 second(s)

28-02-2024T09:23:01 - [MESSAGE][PASSED] - Delayed 2 second(s)

28-02-2024T09:23:01 - [TEST_STEP][PASSED] - println(j): null

28-02-2024T09:23:01 - [TEST_STEP][PASSED] - playgame = allgames.get(j): null

28-02-2024T09:23:01 - [TEST_STEP][PASSED] - Object = convertWebElementToTestObject(playgame): null

28-02-2024T09:23:01 - [TEST_STEP][PASSED] - scrollToElement(Object, 10): Scroll to object '' successfully

28-02-2024T09:23:01 - [MESSAGE][PASSED] - Scroll to object '' successfully

28-02-2024T09:23:01 - [TEST_STEP][PASSED] - mouseOver(Object): Object: '' is hovered

28-02-2024T09:23:01 - [MESSAGE][PASSED] - Object: '' is hovered

28-02-2024T09:23:01 - [TEST_STEP][PASSED] - if (verifyElementClickable(Object)): null

28-02-2024T09:23:01 - [MESSAGE][PASSED] - Object '' is clickable

28-02-2024T09:23:01 - [TEST_STEP][PASSED] - playgame.click(): null

28-02-2024T09:23:01 - [TEST_STEP][PASSED] - delay(5): Delayed 5 second(s)

28-02-2024T09:23:06 - [MESSAGE][PASSED] - Delayed 5 second(s)

28-02-2024T09:23:06 - [TEST_STEP][PASSED] - switchToWindowIndex(1): Switched to window with index: '1'

28-02-2024T09:23:06 - [MESSAGE][PASSED] - Switched to window with index: '1'

28-02-2024T09:23:06 - [TEST_STEP][PASSED] - title = getUrl(): Current window's url is: 'https://play.livetables.io/blackjack/?table_id=412&game_id=1&identifier=10437004cefd3e91-0b29-4221-b88c-e30ca04aaa21&limit_id=&language=en&operatorId=10437004'

28-02-2024T09:23:06 - [MESSAGE][PASSED] - Current window's url is: 'https://play.livetables.io/blackjack/?table_id=412&game_id=1&identifier=10437004cefd3e91-0b29-4221-b88c-e30ca04aaa21&limit_id=&language=en&operatorId=10437004'

28-02-2024T09:23:06 - [TEST_STEP][PASSED] - println(title): null

28-02-2024T09:23:06 - [TEST_STEP][PASSED] - if (title.contains("notavailable")): null

28-02-2024T09:23:06 - [TEST_STEP][PASSED] - switchToWindowIndex(1): Switched to window with index: '1'

28-02-2024T09:23:06 - [MESSAGE][PASSED] - Switched to window with index: '1'

28-02-2024T09:23:06 - [TEST_STEP][PASSED] - closeWindowIndex(1): Window with index 1 is closed

28-02-2024T09:23:06 - [MESSAGE][PASSED] - Window with index 1 is closed

28-02-2024T09:23:06 - [TEST_STEP][PASSED] - switchToWindowIndex(0): Switched to window with index: '0'

28-02-2024T09:23:06 - [MESSAGE][PASSED] - Switched to window with index: '0'

28-02-2024T09:23:06 - [TEST_STEP][PASSED] - delay(2): Delayed 2 second(s)

28-02-2024T09:23:08 - [MESSAGE][PASSED] - Delayed 2 second(s)

28-02-2024T09:23:08 - [TEST_STEP][PASSED] - println(j): null

28-02-2024T09:23:08 - [TEST_STEP][PASSED] - playgame = allgames.get(j): null

28-02-2024T09:23:08 - [TEST_STEP][PASSED] - Object = convertWebElementToTestObject(playgame): null

28-02-2024T09:23:08 - [TEST_STEP][PASSED] - scrollToElement(Object, 10): Scroll to object '' successfully

28-02-2024T09:23:08 - [MESSAGE][PASSED] - Scroll to object '' successfully

28-02-2024T09:23:08 - [TEST_STEP][PASSED] - mouseOver(Object): Object: '' is hovered

28-02-2024T09:23:08 - [MESSAGE][PASSED] - Object: '' is hovered

28-02-2024T09:23:08 - [TEST_STEP][PASSED] - if (verifyElementClickable(Object)): null

28-02-2024T09:23:08 - [MESSAGE][PASSED] - Object '' is clickable

28-02-2024T09:23:08 - [TEST_STEP][PASSED] - playgame.click(): null

28-02-2024T09:23:08 - [TEST_STEP][PASSED] - delay(5): Delayed 5 second(s)

28-02-2024T09:23:13 - [MESSAGE][PASSED] - Delayed 5 second(s)

28-02-2024T09:23:13 - [TEST_STEP][PASSED] - switchToWindowIndex(1): Switched to window with index: '1'

28-02-2024T09:23:13 - [MESSAGE][PASSED] - Switched to window with index: '1'

28-02-2024T09:23:13 - [TEST_STEP][PASSED] - title = getUrl(): Current window's url is: 'https://play.livetables.io/blackjack/?table_id=413&game_id=1&identifier=10437004fc8b9cf9-f456-4ff4-8054-54db89c4010d&limit_id=&language=en&operatorId=10437004'

28-02-2024T09:23:13 - [MESSAGE][PASSED] - Current window's url is: 'https://play.livetables.io/blackjack/?table_id=413&game_id=1&identifier=10437004fc8b9cf9-f456-4ff4-8054-54db89c4010d&limit_id=&language=en&operatorId=10437004'

28-02-2024T09:23:13 - [TEST_STEP][PASSED] - println(title): null

28-02-2024T09:23:13 - [TEST_STEP][PASSED] - if (title.contains("notavailable")): null

28-02-2024T09:23:13 - [TEST_STEP][PASSED] - switchToWindowIndex(1): Switched to window with index: '1'

28-02-2024T09:23:13 - [MESSAGE][PASSED] - Switched to window with index: '1'

28-02-2024T09:23:13 - [TEST_STEP][PASSED] - closeWindowIndex(1): Window with index 1 is closed

28-02-2024T09:23:14 - [MESSAGE][PASSED] - Window with index 1 is closed

28-02-2024T09:23:14 - [TEST_STEP][PASSED] - switchToWindowIndex(0): Switched to window with index: '0'

28-02-2024T09:23:14 - [MESSAGE][PASSED] - Switched to window with index: '0'

28-02-2024T09:23:14 - [TEST_STEP][PASSED] - delay(2): Delayed 2 second(s)

28-02-2024T09:23:16 - [MESSAGE][PASSED] - Delayed 2 second(s)

28-02-2024T09:23:16 - [TEST_STEP][PASSED] - println(j): null

28-02-2024T09:23:16 - [TEST_STEP][PASSED] - playgame = allgames.get(j): null

28-02-2024T09:23:16 - [TEST_STEP][PASSED] - Object = convertWebElementToTestObject(playgame): null

28-02-2024T09:23:16 - [TEST_STEP][PASSED] - scrollToElement(Object, 10): Scroll to object '' successfully

28-02-2024T09:23:16 - [MESSAGE][PASSED] - Scroll to object '' successfully

28-02-2024T09:23:16 - [TEST_STEP][PASSED] - mouseOver(Object): Object: '' is hovered

28-02-2024T09:23:16 - [MESSAGE][PASSED] - Object: '' is hovered

28-02-2024T09:23:16 - [TEST_STEP][PASSED] - if (verifyElementClickable(Object)): null

28-02-2024T09:23:16 - [MESSAGE][PASSED] - Object '' is clickable

28-02-2024T09:23:16 - [TEST_STEP][PASSED] - playgame.click(): null

28-02-2024T09:23:16 - [TEST_STEP][PASSED] - delay(5): Delayed 5 second(s)

28-02-2024T09:23:21 - [MESSAGE][PASSED] - Delayed 5 second(s)

28-02-2024T09:23:21 - [TEST_STEP][PASSED] - switchToWindowIndex(1): Switched to window with index: '1'

28-02-2024T09:23:21 - [MESSAGE][PASSED] - Switched to window with index: '1'

28-02-2024T09:23:21 - [TEST_STEP][PASSED] - title = getUrl(): Current window's url is: 'https://play.livetables.io/blackjack/?table_id=414&game_id=1&identifier=1043700496c832af-84d7-49ac-9ee9-bef491cc6643&limit_id=&language=en&operatorId=10437004'

28-02-2024T09:23:21 - [MESSAGE][PASSED] - Current window's url is: 'https://play.livetables.io/blackjack/?table_id=414&game_id=1&identifier=1043700496c832af-84d7-49ac-9ee9-bef491cc6643&limit_id=&language=en&operatorId=10437004'

28-02-2024T09:23:21 - [TEST_STEP][PASSED] - println(title): null

28-02-2024T09:23:21 - [TEST_STEP][PASSED] - if (title.contains("notavailable")): null

28-02-2024T09:23:21 - [TEST_STEP][PASSED] - switchToWindowIndex(1): Switched to window with index: '1'

28-02-2024T09:23:21 - [MESSAGE][PASSED] - Switched to window with index: '1'

28-02-2024T09:23:21 - [TEST_STEP][PASSED] - closeWindowIndex(1): Window with index 1 is closed

28-02-2024T09:23:21 - [MESSAGE][PASSED] - Window with index 1 is closed

28-02-2024T09:23:21 - [TEST_STEP][PASSED] - switchToWindowIndex(0): Switched to window with index: '0'

28-02-2024T09:23:21 - [MESSAGE][PASSED] - Switched to window with index: '0'

28-02-2024T09:23:21 - [TEST_STEP][PASSED] - delay(2): Delayed 2 second(s)

28-02-2024T09:23:23 - [MESSAGE][PASSED] - Delayed 2 second(s)

28-02-2024T09:23:23 - [TEST_STEP][PASSED] - println(j): null

28-02-2024T09:23:23 - [TEST_STEP][PASSED] - playgame = allgames.get(j): null

28-02-2024T09:23:23 - [TEST_STEP][PASSED] - Object = convertWebElementToTestObject(playgame): null

28-02-2024T09:23:23 - [TEST_STEP][PASSED] - scrollToElement(Object, 10): Scroll to object '' successfully

28-02-2024T09:23:23 - [MESSAGE][PASSED] - Scroll to object '' successfully

28-02-2024T09:23:23 - [TEST_STEP][PASSED] - mouseOver(Object): Object: '' is hovered

28-02-2024T09:23:23 - [MESSAGE][PASSED] - Object: '' is hovered

28-02-2024T09:23:23 - [TEST_STEP][PASSED] - if (verifyElementClickable(Object)): null

28-02-2024T09:23:23 - [MESSAGE][PASSED] - Object '' is clickable

28-02-2024T09:23:23 - [TEST_STEP][PASSED] - playgame.click(): null

28-02-2024T09:23:23 - [TEST_STEP][PASSED] - delay(5): Delayed 5 second(s)

28-02-2024T09:23:28 - [MESSAGE][PASSED] - Delayed 5 second(s)

28-02-2024T09:23:28 - [TEST_STEP][PASSED] - switchToWindowIndex(1): Switched to window with index: '1'

28-02-2024T09:23:29 - [MESSAGE][PASSED] - Switched to window with index: '1'

28-02-2024T09:23:29 - [TEST_STEP][PASSED] - title = getUrl(): Current window's url is: 'https://play.livetables.io/russianpoker/?table_id=537000&game_id=53&identifier=10437004dd7005fc-3da9-4dcc-81ab-3608f5586646&limit_id=&language=en&operatorId=10437004'

28-02-2024T09:23:29 - [MESSAGE][PASSED] - Current window's url is: 'https://play.livetables.io/russianpoker/?table_id=537000&game_id=53&identifier=10437004dd7005fc-3da9-4dcc-81ab-3608f5586646&limit_id=&language=en&operatorId=10437004'

28-02-2024T09:23:29 - [TEST_STEP][PASSED] - println(title): null

28-02-2024T09:23:29 - [TEST_STEP][PASSED] - if (title.contains("notavailable")): null

28-02-2024T09:23:29 - [TEST_STEP][PASSED] - switchToWindowIndex(1): Switched to window with index: '1'

28-02-2024T09:23:29 - [MESSAGE][PASSED] - Switched to window with index: '1'

28-02-2024T09:23:29 - [TEST_STEP][PASSED] - closeWindowIndex(1): Window with index 1 is closed

28-02-2024T09:23:29 - [MESSAGE][PASSED] - Window with index 1 is closed

28-02-2024T09:23:29 - [TEST_STEP][PASSED] - switchToWindowIndex(0): Switched to window with index: '0'

28-02-2024T09:23:29 - [MESSAGE][PASSED] - Switched to window with index: '0'

28-02-2024T09:23:29 - [TEST_STEP][PASSED] - delay(2): Delayed 2 second(s)

28-02-2024T09:23:31 - [MESSAGE][PASSED] - Delayed 2 second(s)

28-02-2024T09:23:31 - [TEST_STEP][PASSED] - println(j): null

28-02-2024T09:23:31 - [TEST_STEP][PASSED] - playgame = allgames.get(j): null

28-02-2024T09:23:31 - [TEST_STEP][PASSED] - Object = convertWebElementToTestObject(playgame): null

28-02-2024T09:23:31 - [TEST_STEP][PASSED] - scrollToElement(Object, 10): Scroll to object '' successfully

28-02-2024T09:23:31 - [MESSAGE][PASSED] - Scroll to object '' successfully

28-02-2024T09:23:31 - [TEST_STEP][PASSED] - mouseOver(Object): Object: '' is hovered

28-02-2024T09:23:31 - [MESSAGE][PASSED] - Object: '' is hovered

28-02-2024T09:23:31 - [TEST_STEP][PASSED] - if (verifyElementClickable(Object)): null

28-02-2024T09:23:31 - [MESSAGE][PASSED] - Object '' is clickable

28-02-2024T09:23:31 - [TEST_STEP][PASSED] - playgame.click(): null

28-02-2024T09:23:31 - [TEST_STEP][PASSED] - delay(5): Delayed 5 second(s)

28-02-2024T09:23:36 - [MESSAGE][PASSED] - Delayed 5 second(s)

28-02-2024T09:23:36 - [TEST_STEP][PASSED] - switchToWindowIndex(1): Switched to window with index: '1'

28-02-2024T09:23:36 - [MESSAGE][PASSED] - Switched to window with index: '1'

28-02-2024T09:23:36 - [TEST_STEP][PASSED] - title = getUrl(): Current window's url is: 'https://play.livetables.io/sicbo/?table_id=224000&game_id=14&identifier=10437004e5624a00-913d-4f92-bc73-245231149b88&limit_id=&language=en&operatorId=10437004'

28-02-2024T09:23:36 - [MESSAGE][PASSED] - Current window's url is: 'https://play.livetables.io/sicbo/?table_id=224000&game_id=14&identifier=10437004e5624a00-913d-4f92-bc73-245231149b88&limit_id=&language=en&operatorId=10437004'

28-02-2024T09:23:36 - [TEST_STEP][PASSED] - println(title): null

28-02-2024T09:23:36 - [TEST_STEP][PASSED] - if (title.contains("notavailable")): null

28-02-2024T09:23:36 - [TEST_STEP][PASSED] - switchToWindowIndex(1): Switched to window with index: '1'

28-02-2024T09:23:36 - [MESSAGE][PASSED] - Switched to window with index: '1'

28-02-2024T09:23:36 - [TEST_STEP][PASSED] - closeWindowIndex(1): Window with index 1 is closed

28-02-2024T09:23:36 - [MESSAGE][PASSED] - Window with index 1 is closed

28-02-2024T09:23:36 - [TEST_STEP][PASSED] - switchToWindowIndex(0): Switched to window with index: '0'

28-02-2024T09:23:36 - [MESSAGE][PASSED] - Switched to window with index: '0'

28-02-2024T09:23:36 - [TEST_STEP][PASSED] - delay(2): Delayed 2 second(s)

28-02-2024T09:23:38 - [MESSAGE][PASSED] - Delayed 2 second(s)

28-02-2024T09:23:38 - [TEST_STEP][PASSED] - println(j): null

28-02-2024T09:23:38 - [TEST_STEP][PASSED] - playgame = allgames.get(j): null

28-02-2024T09:23:38 - [TEST_STEP][PASSED] - Object = convertWebElementToTestObject(playgame): null

28-02-2024T09:23:38 - [TEST_STEP][PASSED] - scrollToElement(Object, 10): Scroll to object '' successfully

28-02-2024T09:23:38 - [MESSAGE][PASSED] - Scroll to object '' successfully

28-02-2024T09:23:38 - [TEST_STEP][PASSED] - mouseOver(Object): Object: '' is hovered

28-02-2024T09:23:38 - [MESSAGE][PASSED] - Object: '' is hovered

28-02-2024T09:23:38 - [TEST_STEP][PASSED] - if (verifyElementClickable(Object)): null

28-02-2024T09:23:38 - [MESSAGE][PASSED] - Object '' is clickable

28-02-2024T09:23:38 - [TEST_STEP][PASSED] - playgame.click(): null

28-02-2024T09:23:38 - [TEST_STEP][PASSED] - delay(5): Delayed 5 second(s)

28-02-2024T09:23:43 - [MESSAGE][PASSED] - Delayed 5 second(s)

28-02-2024T09:23:43 - [TEST_STEP][PASSED] - switchToWindowIndex(1): Switched to window with index: '1'

28-02-2024T09:23:43 - [MESSAGE][PASSED] - Switched to window with index: '1'

28-02-2024T09:23:43 - [TEST_STEP][PASSED] - title = getUrl(): Current window's url is: 'https://play.livetables.io/roulette/?table_id=221002&game_id=7&identifier=104370040e26e769-4b79-4736-8b01-123ccdbf0dac&limit_id=&language=en&operatorId=10437004'

28-02-2024T09:23:43 - [MESSAGE][PASSED] - Current window's url is: 'https://play.livetables.io/roulette/?table_id=221002&game_id=7&identifier=104370040e26e769-4b79-4736-8b01-123ccdbf0dac&limit_id=&language=en&operatorId=10437004'

28-02-2024T09:23:43 - [TEST_STEP][PASSED] - println(title): null

28-02-2024T09:23:43 - [TEST_STEP][PASSED] - if (title.contains("notavailable")): null

28-02-2024T09:23:43 - [TEST_STEP][PASSED] - switchToWindowIndex(1): Switched to window with index: '1'

28-02-2024T09:23:43 - [MESSAGE][PASSED] - Switched to window with index: '1'

28-02-2024T09:23:43 - [TEST_STEP][PASSED] - closeWindowIndex(1): Window with index 1 is closed

28-02-2024T09:23:44 - [MESSAGE][PASSED] - Window with index 1 is closed

28-02-2024T09:23:44 - [TEST_STEP][PASSED] - switchToWindowIndex(0): Switched to window with index: '0'

28-02-2024T09:23:44 - [MESSAGE][PASSED] - Switched to window with index: '0'

28-02-2024T09:23:44 - [TEST_STEP][PASSED] - delay(2): Delayed 2 second(s)

28-02-2024T09:23:46 - [MESSAGE][PASSED] - Delayed 2 second(s)

28-02-2024T09:23:46 - [TEST_STEP][PASSED] - println(j): null

28-02-2024T09:23:46 - [TEST_STEP][PASSED] - playgame = allgames.get(j): null

28-02-2024T09:23:46 - [TEST_STEP][PASSED] - Object = convertWebElementToTestObject(playgame): null

28-02-2024T09:23:46 - [TEST_STEP][PASSED] - scrollToElement(Object, 10): Scroll to object '' successfully

28-02-2024T09:23:46 - [MESSAGE][PASSED] - Scroll to object '' successfully

28-02-2024T09:23:46 - [TEST_STEP][PASSED] - mouseOver(Object): Object: '' is hovered

28-02-2024T09:23:46 - [MESSAGE][PASSED] - Object: '' is hovered

28-02-2024T09:23:46 - [TEST_STEP][PASSED] - if (verifyElementClickable(Object)): null

28-02-2024T09:23:46 - [MESSAGE][PASSED] - Object '' is clickable

28-02-2024T09:23:46 - [TEST_STEP][PASSED] - playgame.click(): null

28-02-2024T09:23:46 - [TEST_STEP][PASSED] - delay(5): Delayed 5 second(s)

28-02-2024T09:23:51 - [MESSAGE][PASSED] - Delayed 5 second(s)

28-02-2024T09:23:51 - [TEST_STEP][PASSED] - switchToWindowIndex(1): Switched to window with index: '1'

28-02-2024T09:23:51 - [MESSAGE][PASSED] - Switched to window with index: '1'

28-02-2024T09:23:51 - [TEST_STEP][PASSED] - title = getUrl(): Current window's url is: 'https://games.livetables.io/game//?openTable=1000034'

28-02-2024T09:23:51 - [MESSAGE][PASSED] - Current window's url is: 'https://games.livetables.io/game//?openTable=1000034'

28-02-2024T09:23:51 - [TEST_STEP][PASSED] - println(title): null

28-02-2024T09:23:51 - [TEST_STEP][PASSED] - if (title.contains("notavailable")): null

28-02-2024T09:23:51 - [TEST_STEP][PASSED] - switchToWindowIndex(1): Switched to window with index: '1'

28-02-2024T09:23:51 - [MESSAGE][PASSED] - Switched to window with index: '1'

28-02-2024T09:23:51 - [TEST_STEP][PASSED] - closeWindowIndex(1): Window with index 1 is closed

28-02-2024T09:23:51 - [MESSAGE][PASSED] - Window with index 1 is closed

28-02-2024T09:23:51 - [TEST_STEP][PASSED] - switchToWindowIndex(0): Switched to window with index: '0'

28-02-2024T09:23:51 - [MESSAGE][PASSED] - Switched to window with index: '0'

28-02-2024T09:23:51 - [TEST_STEP][PASSED] - delay(2): Delayed 2 second(s)

28-02-2024T09:23:53 - [MESSAGE][PASSED] - Delayed 2 second(s)

28-02-2024T09:23:53 - [TEST_STEP][PASSED] - println(j): null

28-02-2024T09:23:53 - [TEST_STEP][PASSED] - playgame = allgames.get(j): null

28-02-2024T09:23:53 - [TEST_STEP][PASSED] - Object = convertWebElementToTestObject(playgame): null

28-02-2024T09:23:53 - [TEST_STEP][PASSED] - scrollToElement(Object, 10): Scroll to object '' successfully

28-02-2024T09:23:53 - [MESSAGE][PASSED] - Scroll to object '' successfully

28-02-2024T09:23:53 - [TEST_STEP][PASSED] - mouseOver(Object): Object: '' is hovered

28-02-2024T09:23:53 - [MESSAGE][PASSED] - Object: '' is hovered

28-02-2024T09:23:53 - [TEST_STEP][PASSED] - if (verifyElementClickable(Object)): null

28-02-2024T09:23:53 - [MESSAGE][PASSED] - Object '' is clickable

28-02-2024T09:23:53 - [TEST_STEP][PASSED] - playgame.click(): null

28-02-2024T09:23:53 - [TEST_STEP][PASSED] - delay(5): Delayed 5 second(s)

28-02-2024T09:23:58 - [MESSAGE][PASSED] - Delayed 5 second(s)

28-02-2024T09:23:58 - [TEST_STEP][PASSED] - switchToWindowIndex(1): Switched to window with index: '1'

28-02-2024T09:23:58 - [MESSAGE][PASSED] - Switched to window with index: '1'

28-02-2024T09:23:58 - [TEST_STEP][PASSED] - title = getUrl(): Current window's url is: 'https://play.livetables.io/baccarat/?table_id=101&game_id=2&identifier=104370047cf51c85-aef3-4438-9388-52c3d735f8b8&limit_id=&language=en&operatorId=10437004'

28-02-2024T09:23:58 - [MESSAGE][PASSED] - Current window's url is: 'https://play.livetables.io/baccarat/?table_id=101&game_id=2&identifier=104370047cf51c85-aef3-4438-9388-52c3d735f8b8&limit_id=&language=en&operatorId=10437004'

28-02-2024T09:23:58 - [TEST_STEP][PASSED] - println(title): null

28-02-2024T09:23:58 - [TEST_STEP][PASSED] - if (title.contains("notavailable")): null

28-02-2024T09:23:58 - [TEST_STEP][PASSED] - switchToWindowIndex(1): Switched to window with index: '1'

28-02-2024T09:23:58 - [MESSAGE][PASSED] - Switched to window with index: '1'

28-02-2024T09:23:58 - [TEST_STEP][PASSED] - closeWindowIndex(1): Window with index 1 is closed

28-02-2024T09:23:58 - [MESSAGE][PASSED] - Window with index 1 is closed

28-02-2024T09:23:58 - [TEST_STEP][PASSED] - switchToWindowIndex(0): Switched to window with index: '0'

28-02-2024T09:23:58 - [MESSAGE][PASSED] - Switched to window with index: '0'

28-02-2024T09:23:58 - [TEST_STEP][PASSED] - delay(2): Delayed 2 second(s)

28-02-2024T09:24:00 - [MESSAGE][PASSED] - Delayed 2 second(s)

28-02-2024T09:24:00 - [TEST_STEP][PASSED] - println(j): null

28-02-2024T09:24:00 - [TEST_STEP][PASSED] - playgame = allgames.get(j): null

28-02-2024T09:24:00 - [TEST_STEP][PASSED] - Object = convertWebElementToTestObject(playgame): null

28-02-2024T09:24:00 - [TEST_STEP][PASSED] - scrollToElement(Object, 10): Scroll to object '' successfully

28-02-2024T09:24:00 - [MESSAGE][PASSED] - Scroll to object '' successfully

28-02-2024T09:24:00 - [TEST_STEP][PASSED] - mouseOver(Object): Object: '' is hovered

28-02-2024T09:24:01 - [MESSAGE][PASSED] - Object: '' is hovered

28-02-2024T09:24:01 - [TEST_STEP][PASSED] - if (verifyElementClickable(Object)): null

28-02-2024T09:24:01 - [MESSAGE][PASSED] - Object '' is clickable

28-02-2024T09:24:01 - [TEST_STEP][PASSED] - playgame.click(): null

28-02-2024T09:24:01 - [TEST_STEP][PASSED] - delay(5): Delayed 5 second(s)

28-02-2024T09:24:06 - [MESSAGE][PASSED] - Delayed 5 second(s)

28-02-2024T09:24:06 - [TEST_STEP][PASSED] - switchToWindowIndex(1): Switched to window with index: '1'

28-02-2024T09:24:06 - [MESSAGE][PASSED] - Switched to window with index: '1'

28-02-2024T09:24:06 - [TEST_STEP][PASSED] - title = getUrl(): Current window's url is: 'https://play.livetables.io/roulette/?table_id=221000&game_id=3&identifier=104370047bd6385b-025a-4fc1-90e0-b7ead6125810&limit_id=&language=en&operatorId=10437004'

28-02-2024T09:24:06 - [MESSAGE][PASSED] - Current window's url is: 'https://play.livetables.io/roulette/?table_id=221000&game_id=3&identifier=104370047bd6385b-025a-4fc1-90e0-b7ead6125810&limit_id=&language=en&operatorId=10437004'

28-02-2024T09:24:06 - [TEST_STEP][PASSED] - println(title): null

28-02-2024T09:24:06 - [TEST_STEP][PASSED] - if (title.contains("notavailable")): null

28-02-2024T09:24:06 - [TEST_STEP][PASSED] - switchToWindowIndex(1): Switched to window with index: '1'

28-02-2024T09:24:06 - [MESSAGE][PASSED] - Switched to window with index: '1'

28-02-2024T09:24:06 - [TEST_STEP][PASSED] - closeWindowIndex(1): Window with index 1 is closed

28-02-2024T09:24:06 - [MESSAGE][PASSED] - Window with index 1 is closed

28-02-2024T09:24:06 - [TEST_STEP][PASSED] - switchToWindowIndex(0): Switched to window with index: '0'

28-02-2024T09:24:06 - [MESSAGE][PASSED] - Switched to window with index: '0'

28-02-2024T09:24:06 - [TEST_STEP][PASSED] - delay(2): Delayed 2 second(s)

28-02-2024T09:24:08 - [MESSAGE][PASSED] - Delayed 2 second(s)

28-02-2024T09:24:08 - [TEST_STEP][PASSED] - println(j): null

28-02-2024T09:24:08 - [TEST_STEP][PASSED] - playgame = allgames.get(j): null

28-02-2024T09:24:08 - [TEST_STEP][PASSED] - Object = convertWebElementToTestObject(playgame): null

28-02-2024T09:24:08 - [TEST_STEP][PASSED] - scrollToElement(Object, 10): Scroll to object '' successfully

28-02-2024T09:24:08 - [MESSAGE][PASSED] - Scroll to object '' successfully

28-02-2024T09:24:08 - [TEST_STEP][PASSED] - mouseOver(Object): Object: '' is hovered

28-02-2024T09:24:08 - [MESSAGE][PASSED] - Object: '' is hovered

28-02-2024T09:24:08 - [TEST_STEP][PASSED] - if (verifyElementClickable(Object)): null

28-02-2024T09:24:08 - [MESSAGE][PASSED] - Object '' is clickable

28-02-2024T09:24:08 - [TEST_STEP][PASSED] - playgame.click(): null

28-02-2024T09:24:08 - [TEST_STEP][PASSED] - delay(5): Delayed 5 second(s)

28-02-2024T09:24:13 - [MESSAGE][PASSED] - Delayed 5 second(s)

28-02-2024T09:24:13 - [TEST_STEP][PASSED] - switchToWindowIndex(1): Switched to window with index: '1'

28-02-2024T09:24:13 - [MESSAGE][PASSED] - Switched to window with index: '1'

28-02-2024T09:24:13 - [TEST_STEP][PASSED] - title = getUrl(): Current window's url is: 'https://play.livetables.io/threecardpoker/?table_id=227100&game_id=17&identifier=10437004ecf25c64-4261-47e8-b0f9-6dfb4d5ca4f6&limit_id=&language=en&operatorId=10437004'

28-02-2024T09:24:13 - [MESSAGE][PASSED] - Current window's url is: 'https://play.livetables.io/threecardpoker/?table_id=227100&game_id=17&identifier=10437004ecf25c64-4261-47e8-b0f9-6dfb4d5ca4f6&limit_id=&language=en&operatorId=10437004'

28-02-2024T09:24:13 - [TEST_STEP][PASSED] - println(title): null

28-02-2024T09:24:13 - [TEST_STEP][PASSED] - if (title.contains("notavailable")): null

28-02-2024T09:24:13 - [TEST_STEP][PASSED] - switchToWindowIndex(1): Switched to window with index: '1'

28-02-2024T09:24:13 - [MESSAGE][PASSED] - Switched to window with index: '1'

28-02-2024T09:24:13 - [TEST_STEP][PASSED] - closeWindowIndex(1): Window with index 1 is closed

28-02-2024T09:24:13 - [MESSAGE][PASSED] - Window with index 1 is closed

28-02-2024T09:24:13 - [TEST_STEP][PASSED] - switchToWindowIndex(0): Switched to window with index: '0'

28-02-2024T09:24:13 - [MESSAGE][PASSED] - Switched to window with index: '0'

28-02-2024T09:24:13 - [TEST_STEP][PASSED] - delay(2): Delayed 2 second(s)

28-02-2024T09:24:15 - [MESSAGE][PASSED] - Delayed 2 second(s)

28-02-2024T09:24:15 - [TEST_STEP][PASSED] - println(j): null

28-02-2024T09:24:15 - [TEST_STEP][PASSED] - playgame = allgames.get(j): null

28-02-2024T09:24:15 - [TEST_STEP][PASSED] - Object = convertWebElementToTestObject(playgame): null

28-02-2024T09:24:15 - [TEST_STEP][PASSED] - scrollToElement(Object, 10): Scroll to object '' successfully

28-02-2024T09:24:15 - [MESSAGE][PASSED] - Scroll to object '' successfully

28-02-2024T09:24:15 - [TEST_STEP][PASSED] - mouseOver(Object): Object: '' is hovered

28-02-2024T09:24:15 - [MESSAGE][PASSED] - Object: '' is hovered

28-02-2024T09:24:15 - [TEST_STEP][PASSED] - if (verifyElementClickable(Object)): null

28-02-2024T09:24:15 - [MESSAGE][PASSED] - Object '' is clickable

28-02-2024T09:24:15 - [TEST_STEP][PASSED] - playgame.click(): null

28-02-2024T09:24:15 - [TEST_STEP][PASSED] - delay(5): Delayed 5 second(s)

28-02-2024T09:24:20 - [MESSAGE][PASSED] - Delayed 5 second(s)

28-02-2024T09:24:20 - [TEST_STEP][PASSED] - switchToWindowIndex(1): Switched to window with index: '1'

28-02-2024T09:24:20 - [MESSAGE][PASSED] - Switched to window with index: '1'

28-02-2024T09:24:20 - [TEST_STEP][PASSED] - title = getUrl(): Current window's url is: 'https://play.livetables.io/blackjack/?table_id=421&game_id=1&identifier=10437004f2b79cd9-bbf8-48b3-b646-cf62e76809ba&limit_id=&language=en&operatorId=10437004'

28-02-2024T09:24:20 - [MESSAGE][PASSED] - Current window's url is: 'https://play.livetables.io/blackjack/?table_id=421&game_id=1&identifier=10437004f2b79cd9-bbf8-48b3-b646-cf62e76809ba&limit_id=&language=en&operatorId=10437004'

28-02-2024T09:24:20 - [TEST_STEP][PASSED] - println(title): null

28-02-2024T09:24:20 - [TEST_STEP][PASSED] - if (title.contains("notavailable")): null

28-02-2024T09:24:20 - [TEST_STEP][PASSED] - switchToWindowIndex(1): Switched to window with index: '1'

28-02-2024T09:24:20 - [MESSAGE][PASSED] - Switched to window with index: '1'

28-02-2024T09:24:20 - [TEST_STEP][PASSED] - closeWindowIndex(1): Window with index 1 is closed

28-02-2024T09:24:21 - [MESSAGE][PASSED] - Window with index 1 is closed

28-02-2024T09:24:21 - [TEST_STEP][PASSED] - switchToWindowIndex(0): Switched to window with index: '0'

28-02-2024T09:24:21 - [MESSAGE][PASSED] - Switched to window with index: '0'

28-02-2024T09:24:21 - [TEST_STEP][PASSED] - delay(2): Delayed 2 second(s)

28-02-2024T09:24:23 - [MESSAGE][PASSED] - Delayed 2 second(s)

28-02-2024T09:24:23 - [TEST_STEP][PASSED] - println(j): null

28-02-2024T09:24:23 - [TEST_STEP][PASSED] - playgame = allgames.get(j): null

28-02-2024T09:24:23 - [TEST_STEP][PASSED] - Object = convertWebElementToTestObject(playgame): null

28-02-2024T09:24:23 - [TEST_STEP][PASSED] - scrollToElement(Object, 10): Scroll to object '' successfully

28-02-2024T09:24:23 - [MESSAGE][PASSED] - Scroll to object '' successfully

28-02-2024T09:24:23 - [TEST_STEP][PASSED] - mouseOver(Object): Object: '' is hovered

28-02-2024T09:24:23 - [MESSAGE][PASSED] - Object: '' is hovered

28-02-2024T09:24:23 - [TEST_STEP][PASSED] - if (verifyElementClickable(Object)): null

28-02-2024T09:24:23 - [MESSAGE][PASSED] - Object '' is clickable

28-02-2024T09:24:23 - [TEST_STEP][PASSED] - playgame.click(): null

28-02-2024T09:24:23 - [TEST_STEP][PASSED] - delay(5): Delayed 5 second(s)

28-02-2024T09:24:28 - [MESSAGE][PASSED] - Delayed 5 second(s)

28-02-2024T09:24:28 - [TEST_STEP][PASSED] - switchToWindowIndex(1): Switched to window with index: '1'

28-02-2024T09:24:28 - [MESSAGE][PASSED] - Switched to window with index: '1'

28-02-2024T09:24:28 - [TEST_STEP][PASSED] - title = getUrl(): Current window's url is: 'https://play.livetables.io/blackjack/?table_id=422&game_id=1&identifier=10437004df3f5122-9f4f-4def-825b-e64a2111d49b&limit_id=&language=en&operatorId=10437004'

28-02-2024T09:24:28 - [MESSAGE][PASSED] - Current window's url is: 'https://play.livetables.io/blackjack/?table_id=422&game_id=1&identifier=10437004df3f5122-9f4f-4def-825b-e64a2111d49b&limit_id=&language=en&operatorId=10437004'

28-02-2024T09:24:28 - [TEST_STEP][PASSED] - println(title): null

28-02-2024T09:24:28 - [TEST_STEP][PASSED] - if (title.contains("notavailable")): null

28-02-2024T09:24:28 - [TEST_STEP][PASSED] - switchToWindowIndex(1): Switched to window with index: '1'

28-02-2024T09:24:28 - [MESSAGE][PASSED] - Switched to window with index: '1'

28-02-2024T09:24:28 - [TEST_STEP][PASSED] - closeWindowIndex(1): Window with index 1 is closed

28-02-2024T09:24:28 - [MESSAGE][PASSED] - Window with index 1 is closed

28-02-2024T09:24:28 - [TEST_STEP][PASSED] - switchToWindowIndex(0): Switched to window with index: '0'

28-02-2024T09:24:28 - [MESSAGE][PASSED] - Switched to window with index: '0'

28-02-2024T09:24:28 - [TEST_STEP][PASSED] - delay(2): Delayed 2 second(s)

28-02-2024T09:24:30 - [MESSAGE][PASSED] - Delayed 2 second(s)

28-02-2024T09:24:30 - [TEST_STEP][PASSED] - println(j): null

28-02-2024T09:24:30 - [TEST_STEP][PASSED] - playgame = allgames.get(j): null

28-02-2024T09:24:30 - [TEST_STEP][PASSED] - Object = convertWebElementToTestObject(playgame): null

28-02-2024T09:24:30 - [TEST_STEP][PASSED] - scrollToElement(Object, 10): Scroll to object '' successfully

28-02-2024T09:24:30 - [MESSAGE][PASSED] - Scroll to object '' successfully

28-02-2024T09:24:30 - [TEST_STEP][PASSED] - mouseOver(Object): Object: '' is hovered

28-02-2024T09:24:30 - [MESSAGE][PASSED] - Object: '' is hovered

28-02-2024T09:24:30 - [TEST_STEP][PASSED] - if (verifyElementClickable(Object)): null

28-02-2024T09:24:30 - [MESSAGE][PASSED] - Object '' is clickable

28-02-2024T09:24:30 - [TEST_STEP][PASSED] - playgame.click(): null

28-02-2024T09:24:30 - [TEST_STEP][PASSED] - delay(5): Delayed 5 second(s)

28-02-2024T09:24:35 - [MESSAGE][PASSED] - Delayed 5 second(s)

28-02-2024T09:24:35 - [TEST_STEP][PASSED] - switchToWindowIndex(1): Switched to window with index: '1'

28-02-2024T09:24:35 - [MESSAGE][PASSED] - Switched to window with index: '1'

28-02-2024T09:24:35 - [TEST_STEP][PASSED] - title = getUrl(): Current window's url is: 'https://play.livetables.io/roulette/?table_id=501000&game_id=3&identifier=104370044f9063db-a779-4262-9348-9b9289bfc162&limit_id=&language=en&operatorId=10437004'

28-02-2024T09:24:35 - [MESSAGE][PASSED] - Current window's url is: 'https://play.livetables.io/roulette/?table_id=501000&game_id=3&identifier=104370044f9063db-a779-4262-9348-9b9289bfc162&limit_id=&language=en&operatorId=10437004'

28-02-2024T09:24:35 - [TEST_STEP][PASSED] - println(title): null

28-02-2024T09:24:35 - [TEST_STEP][PASSED] - if (title.contains("notavailable")): null

28-02-2024T09:24:35 - [TEST_STEP][PASSED] - switchToWindowIndex(1): Switched to window with index: '1'

28-02-2024T09:24:35 - [MESSAGE][PASSED] - Switched to window with index: '1'

28-02-2024T09:24:35 - [TEST_STEP][PASSED] - closeWindowIndex(1): Window with index 1 is closed

28-02-2024T09:24:35 - [MESSAGE][PASSED] - Window with index 1 is closed

28-02-2024T09:24:35 - [TEST_STEP][PASSED] - switchToWindowIndex(0): Switched to window with index: '0'

28-02-2024T09:24:35 - [MESSAGE][PASSED] - Switched to window with index: '0'

28-02-2024T09:24:35 - [TEST_STEP][PASSED] - delay(2): Delayed 2 second(s)

28-02-2024T09:24:37 - [MESSAGE][PASSED] - Delayed 2 second(s)

28-02-2024T09:24:37 - [TEST_STEP][PASSED] - println(j): null

28-02-2024T09:24:37 - [TEST_STEP][PASSED] - playgame = allgames.get(j): null

28-02-2024T09:24:37 - [TEST_STEP][PASSED] - Object = convertWebElementToTestObject(playgame): null

28-02-2024T09:24:37 - [TEST_STEP][PASSED] - scrollToElement(Object, 10): Scroll to object '' successfully

28-02-2024T09:24:37 - [MESSAGE][PASSED] - Scroll to object '' successfully

28-02-2024T09:24:37 - [TEST_STEP][PASSED] - mouseOver(Object): Object: '' is hovered

28-02-2024T09:24:38 - [MESSAGE][PASSED] - Object: '' is hovered

28-02-2024T09:24:38 - [TEST_STEP][PASSED] - if (verifyElementClickable(Object)): null

28-02-2024T09:24:38 - [MESSAGE][PASSED] - Object '' is clickable

28-02-2024T09:24:38 - [TEST_STEP][PASSED] - playgame.click(): null

28-02-2024T09:24:38 - [TEST_STEP][PASSED] - delay(5): Delayed 5 second(s)

28-02-2024T09:24:43 - [MESSAGE][PASSED] - Delayed 5 second(s)

28-02-2024T09:24:43 - [TEST_STEP][PASSED] - switchToWindowIndex(1): Switched to window with index: '1'

28-02-2024T09:24:43 - [MESSAGE][PASSED] - Switched to window with index: '1'

28-02-2024T09:24:43 - [TEST_STEP][PASSED] - title = getUrl(): Current window's url is: 'https://play.livetables.io/sicbo/?table_id=224100&game_id=52&identifier=1043700428e69794-57ce-42aa-85ba-fba6f4330075&limit_id=&language=en&operatorId=10437004'

28-02-2024T09:24:43 - [MESSAGE][PASSED] - Current window's url is: 'https://play.livetables.io/sicbo/?table_id=224100&game_id=52&identifier=1043700428e69794-57ce-42aa-85ba-fba6f4330075&limit_id=&language=en&operatorId=10437004'

28-02-2024T09:24:43 - [TEST_STEP][PASSED] - println(title): null

28-02-2024T09:24:43 - [TEST_STEP][PASSED] - if (title.contains("notavailable")): null

28-02-2024T09:24:43 - [TEST_STEP][PASSED] - switchToWindowIndex(1): Switched to window with index: '1'

28-02-2024T09:24:43 - [MESSAGE][PASSED] - Switched to window with index: '1'

28-02-2024T09:24:43 - [TEST_STEP][PASSED] - closeWindowIndex(1): Window with index 1 is closed

28-02-2024T09:24:43 - [MESSAGE][PASSED] - Window with index 1 is closed

28-02-2024T09:24:43 - [TEST_STEP][PASSED] - switchToWindowIndex(0): Switched to window with index: '0'

28-02-2024T09:24:43 - [MESSAGE][PASSED] - Switched to window with index: '0'

28-02-2024T09:24:43 - [TEST_STEP][PASSED] - delay(2): Delayed 2 second(s)

28-02-2024T09:24:45 - [MESSAGE][PASSED] - Delayed 2 second(s)

28-02-2024T09:24:45 - [TEST_STEP][PASSED] - println(j): null

28-02-2024T09:24:45 - [TEST_STEP][PASSED] - playgame = allgames.get(j): null

28-02-2024T09:24:45 - [TEST_STEP][PASSED] - Object = convertWebElementToTestObject(playgame): null

28-02-2024T09:24:45 - [TEST_STEP][PASSED] - scrollToElement(Object, 10): Scroll to object '' successfully

28-02-2024T09:24:45 - [MESSAGE][PASSED] - Scroll to object '' successfully

28-02-2024T09:24:45 - [TEST_STEP][PASSED] - mouseOver(Object): Object: '' is hovered

28-02-2024T09:24:45 - [MESSAGE][PASSED] - Object: '' is hovered

28-02-2024T09:24:45 - [TEST_STEP][PASSED] - if (verifyElementClickable(Object)): null

28-02-2024T09:24:45 - [MESSAGE][PASSED] - Object '' is clickable

28-02-2024T09:24:45 - [TEST_STEP][PASSED] - playgame.click(): null

28-02-2024T09:24:45 - [TEST_STEP][PASSED] - delay(5): Delayed 5 second(s)

28-02-2024T09:24:50 - [MESSAGE][PASSED] - Delayed 5 second(s)

28-02-2024T09:24:50 - [TEST_STEP][PASSED] - switchToWindowIndex(1): Switched to window with index: '1'

28-02-2024T09:24:50 - [MESSAGE][PASSED] - Switched to window with index: '1'

28-02-2024T09:24:50 - [TEST_STEP][PASSED] - title = getUrl(): Current window's url is: 'https://play.livetables.io/blackjack/?table_id=51&game_id=12&identifier=10437004d6f7f577-c6d6-437d-93fb-0008f7b476ef&limit_id=&language=en&operatorId=10437004'

28-02-2024T09:24:50 - [MESSAGE][PASSED] - Current window's url is: 'https://play.livetables.io/blackjack/?table_id=51&game_id=12&identifier=10437004d6f7f577-c6d6-437d-93fb-0008f7b476ef&limit_id=&language=en&operatorId=10437004'

28-02-2024T09:24:50 - [TEST_STEP][PASSED] - println(title): null

28-02-2024T09:24:50 - [TEST_STEP][PASSED] - if (title.contains("notavailable")): null

28-02-2024T09:24:50 - [TEST_STEP][PASSED] - switchToWindowIndex(1): Switched to window with index: '1'

28-02-2024T09:24:50 - [MESSAGE][PASSED] - Switched to window with index: '1'

28-02-2024T09:24:50 - [TEST_STEP][PASSED] - closeWindowIndex(1): Window with index 1 is closed

28-02-2024T09:24:50 - [MESSAGE][PASSED] - Window with index 1 is closed

28-02-2024T09:24:50 - [TEST_STEP][PASSED] - switchToWindowIndex(0): Switched to window with index: '0'

28-02-2024T09:24:50 - [MESSAGE][PASSED] - Switched to window with index: '0'

28-02-2024T09:24:50 - [TEST_STEP][PASSED] - delay(2): Delayed 2 second(s)

28-02-2024T09:24:52 - [MESSAGE][PASSED] - Delayed 2 second(s)

28-02-2024T09:24:52 - [TEST_STEP][PASSED] - println(j): null

28-02-2024T09:24:52 - [TEST_STEP][PASSED] - playgame = allgames.get(j): null

28-02-2024T09:24:52 - [TEST_STEP][PASSED] - Object = convertWebElementToTestObject(playgame): null

28-02-2024T09:24:52 - [TEST_STEP][PASSED] - scrollToElement(Object, 10): Scroll to object '' successfully

28-02-2024T09:24:52 - [MESSAGE][PASSED] - Scroll to object '' successfully

28-02-2024T09:24:52 - [TEST_STEP][PASSED] - mouseOver(Object): Object: '' is hovered

28-02-2024T09:24:52 - [MESSAGE][PASSED] - Object: '' is hovered

28-02-2024T09:24:52 - [TEST_STEP][PASSED] - if (verifyElementClickable(Object)): null

28-02-2024T09:24:52 - [MESSAGE][PASSED] - Object '' is clickable

28-02-2024T09:24:52 - [TEST_STEP][PASSED] - playgame.click(): null

28-02-2024T09:24:53 - [TEST_STEP][PASSED] - delay(5): Delayed 5 second(s)

28-02-2024T09:24:58 - [MESSAGE][PASSED] - Delayed 5 second(s)

28-02-2024T09:24:58 - [TEST_STEP][PASSED] - switchToWindowIndex(1): Switched to window with index: '1'

28-02-2024T09:24:58 - [MESSAGE][PASSED] - Switched to window with index: '1'

28-02-2024T09:24:58 - [TEST_STEP][PASSED] - title = getUrl(): Current window's url is: 'https://play.livetables.io/blackjack/?table_id=5051&game_id=12&identifier=104370045f0b2c60-42d6-4299-abfd-b94aa4869a1e&limit_id=&language=en&operatorId=10437004'

28-02-2024T09:24:58 - [MESSAGE][PASSED] - Current window's url is: 'https://play.livetables.io/blackjack/?table_id=5051&game_id=12&identifier=104370045f0b2c60-42d6-4299-abfd-b94aa4869a1e&limit_id=&language=en&operatorId=10437004'

28-02-2024T09:24:58 - [TEST_STEP][PASSED] - println(title): null

28-02-2024T09:24:58 - [TEST_STEP][PASSED] - if (title.contains("notavailable")): null

28-02-2024T09:24:58 - [TEST_STEP][PASSED] - switchToWindowIndex(1): Switched to window with index: '1'

28-02-2024T09:24:58 - [MESSAGE][PASSED] - Switched to window with index: '1'

28-02-2024T09:24:58 - [TEST_STEP][PASSED] - closeWindowIndex(1): Window with index 1 is closed

28-02-2024T09:24:58 - [MESSAGE][PASSED] - Window with index 1 is closed

28-02-2024T09:24:58 - [TEST_STEP][PASSED] - switchToWindowIndex(0): Switched to window with index: '0'

28-02-2024T09:24:58 - [MESSAGE][PASSED] - Switched to window with index: '0'

28-02-2024T09:24:58 - [TEST_STEP][PASSED] - delay(2): Delayed 2 second(s)

28-02-2024T09:25:00 - [MESSAGE][PASSED] - Delayed 2 second(s)

28-02-2024T09:25:00 - [TEST_STEP][PASSED] - println(j): null

28-02-2024T09:25:00 - [TEST_STEP][PASSED] - playgame = allgames.get(j): null

28-02-2024T09:25:00 - [TEST_STEP][PASSED] - Object = convertWebElementToTestObject(playgame): null

28-02-2024T09:25:00 - [TEST_STEP][PASSED] - scrollToElement(Object, 10): Scroll to object '' successfully

28-02-2024T09:25:00 - [MESSAGE][PASSED] - Scroll to object '' successfully

28-02-2024T09:25:00 - [TEST_STEP][PASSED] - mouseOver(Object): Object: '' is hovered

28-02-2024T09:25:00 - [MESSAGE][PASSED] - Object: '' is hovered

28-02-2024T09:25:00 - [TEST_STEP][PASSED] - if (verifyElementClickable(Object)): null

28-02-2024T09:25:00 - [MESSAGE][PASSED] - Object '' is clickable

28-02-2024T09:25:00 - [TEST_STEP][PASSED] - playgame.click(): null

28-02-2024T09:25:00 - [TEST_STEP][PASSED] - delay(5): Delayed 5 second(s)

28-02-2024T09:25:05 - [MESSAGE][PASSED] - Delayed 5 second(s)

28-02-2024T09:25:05 - [TEST_STEP][PASSED] - switchToWindowIndex(1): Switched to window with index: '1'

28-02-2024T09:25:05 - [MESSAGE][PASSED] - Switched to window with index: '1'

28-02-2024T09:25:05 - [TEST_STEP][PASSED] - title = getUrl(): Current window's url is: 'https://play.livetables.io/blackjack/?table_id=225&game_id=1&identifier=104370043dd0f144-b195-47b4-b381-7910225e0f89&limit_id=&language=en&operatorId=10437004'

28-02-2024T09:25:05 - [MESSAGE][PASSED] - Current window's url is: 'https://play.livetables.io/blackjack/?table_id=225&game_id=1&identifier=104370043dd0f144-b195-47b4-b381-7910225e0f89&limit_id=&language=en&operatorId=10437004'

28-02-2024T09:25:05 - [TEST_STEP][PASSED] - println(title): null

28-02-2024T09:25:05 - [TEST_STEP][PASSED] - if (title.contains("notavailable")): null

28-02-2024T09:25:05 - [TEST_STEP][PASSED] - switchToWindowIndex(1): Switched to window with index: '1'

28-02-2024T09:25:05 - [MESSAGE][PASSED] - Switched to window with index: '1'

28-02-2024T09:25:05 - [TEST_STEP][PASSED] - closeWindowIndex(1): Window with index 1 is closed

28-02-2024T09:25:05 - [MESSAGE][PASSED] - Window with index 1 is closed

28-02-2024T09:25:05 - [TEST_STEP][PASSED] - switchToWindowIndex(0): Switched to window with index: '0'

28-02-2024T09:25:05 - [MESSAGE][PASSED] - Switched to window with index: '0'

28-02-2024T09:25:05 - [TEST_STEP][PASSED] - delay(2): Delayed 2 second(s)

28-02-2024T09:25:07 - [MESSAGE][PASSED] - Delayed 2 second(s)

28-02-2024T09:25:07 - [TEST_STEP][PASSED] - println(j): null

28-02-2024T09:25:07 - [TEST_STEP][PASSED] - playgame = allgames.get(j): null

28-02-2024T09:25:07 - [TEST_STEP][PASSED] - Object = convertWebElementToTestObject(playgame): null

28-02-2024T09:25:07 - [TEST_STEP][PASSED] - scrollToElement(Object, 10): Scroll to object '' successfully

28-02-2024T09:25:07 - [MESSAGE][PASSED] - Scroll to object '' successfully

28-02-2024T09:25:07 - [TEST_STEP][PASSED] - mouseOver(Object): Object: '' is hovered

28-02-2024T09:25:07 - [MESSAGE][PASSED] - Object: '' is hovered

28-02-2024T09:25:07 - [TEST_STEP][PASSED] - if (verifyElementClickable(Object)): null

28-02-2024T09:25:07 - [MESSAGE][PASSED] - Object '' is clickable

28-02-2024T09:25:07 - [TEST_STEP][PASSED] - playgame.click(): null

28-02-2024T09:25:07 - [TEST_STEP][PASSED] - delay(5): Delayed 5 second(s)

28-02-2024T09:25:12 - [MESSAGE][PASSED] - Delayed 5 second(s)

28-02-2024T09:25:12 - [TEST_STEP][PASSED] - switchToWindowIndex(1): Switched to window with index: '1'

28-02-2024T09:25:12 - [MESSAGE][PASSED] - Switched to window with index: '1'

28-02-2024T09:25:12 - [TEST_STEP][PASSED] - title = getUrl(): Current window's url is: 'https://play.livetables.io/blackjack/?table_id=224&game_id=1&identifier=10437004cb40bd96-1c2a-461e-9eba-c6f82736b6ac&limit_id=&language=en&operatorId=10437004'

28-02-2024T09:25:12 - [MESSAGE][PASSED] - Current window's url is: 'https://play.livetables.io/blackjack/?table_id=224&game_id=1&identifier=10437004cb40bd96-1c2a-461e-9eba-c6f82736b6ac&limit_id=&language=en&operatorId=10437004'

28-02-2024T09:25:12 - [TEST_STEP][PASSED] - println(title): null

28-02-2024T09:25:12 - [TEST_STEP][PASSED] - if (title.contains("notavailable")): null

28-02-2024T09:25:12 - [TEST_STEP][PASSED] - switchToWindowIndex(1): Switched to window with index: '1'

28-02-2024T09:25:12 - [MESSAGE][PASSED] - Switched to window with index: '1'

28-02-2024T09:25:12 - [TEST_STEP][PASSED] - closeWindowIndex(1): Window with index 1 is closed

28-02-2024T09:25:13 - [MESSAGE][PASSED] - Window with index 1 is closed

28-02-2024T09:25:13 - [TEST_STEP][PASSED] - switchToWindowIndex(0): Switched to window with index: '0'

28-02-2024T09:25:13 - [MESSAGE][PASSED] - Switched to window with index: '0'

28-02-2024T09:25:13 - [TEST_STEP][PASSED] - delay(2): Delayed 2 second(s)

28-02-2024T09:25:15 - [MESSAGE][PASSED] - Delayed 2 second(s)

28-02-2024T09:25:15 - [TEST_STEP][PASSED] - println(j): null

28-02-2024T09:25:15 - [TEST_STEP][PASSED] - playgame = allgames.get(j): null

28-02-2024T09:25:15 - [TEST_STEP][PASSED] - Object = convertWebElementToTestObject(playgame): null

28-02-2024T09:25:15 - [TEST_STEP][PASSED] - scrollToElement(Object, 10): Scroll to object '' successfully

28-02-2024T09:25:15 - [MESSAGE][PASSED] - Scroll to object '' successfully

28-02-2024T09:25:15 - [TEST_STEP][PASSED] - mouseOver(Object): Object: '' is hovered

28-02-2024T09:25:15 - [MESSAGE][PASSED] - Object: '' is hovered

28-02-2024T09:25:15 - [TEST_STEP][PASSED] - if (verifyElementClickable(Object)): null

28-02-2024T09:25:15 - [MESSAGE][PASSED] - Object '' is clickable

28-02-2024T09:25:15 - [TEST_STEP][PASSED] - playgame.click(): null

28-02-2024T09:25:15 - [TEST_STEP][PASSED] - delay(5): Delayed 5 second(s)

28-02-2024T09:25:20 - [MESSAGE][PASSED] - Delayed 5 second(s)

28-02-2024T09:25:20 - [TEST_STEP][PASSED] - switchToWindowIndex(1): Switched to window with index: '1'

28-02-2024T09:25:20 - [MESSAGE][PASSED] - Switched to window with index: '1'

28-02-2024T09:25:20 - [TEST_STEP][PASSED] - title = getUrl(): Current window's url is: 'https://ezugi.evo-games.com/frontend/evo/r2/#provider=evolution&ua_launch_id=17b7ea9674c7d479d5e93e09&game=roulette&table_id=01rb77cq1gtenhmo&app='

28-02-2024T09:25:20 - [MESSAGE][PASSED] - Current window's url is: 'https://ezugi.evo-games.com/frontend/evo/r2/#provider=evolution&ua_launch_id=17b7ea9674c7d479d5e93e09&game=roulette&table_id=01rb77cq1gtenhmo&app='

28-02-2024T09:25:20 - [TEST_STEP][PASSED] - println(title): null

28-02-2024T09:25:20 - [TEST_STEP][PASSED] - if (title.contains("notavailable")): null

28-02-2024T09:25:20 - [TEST_STEP][PASSED] - switchToWindowIndex(1): Switched to window with index: '1'

28-02-2024T09:25:20 - [MESSAGE][PASSED] - Switched to window with index: '1'

28-02-2024T09:25:20 - [TEST_STEP][PASSED] - closeWindowIndex(1): Window with index 1 is closed

28-02-2024T09:25:20 - [MESSAGE][PASSED] - Window with index 1 is closed

28-02-2024T09:25:20 - [TEST_STEP][PASSED] - switchToWindowIndex(0): Switched to window with index: '0'

28-02-2024T09:25:20 - [MESSAGE][PASSED] - Switched to window with index: '0'

28-02-2024T09:25:20 - [TEST_STEP][PASSED] - delay(2): Delayed 2 second(s)

28-02-2024T09:25:22 - [MESSAGE][PASSED] - Delayed 2 second(s)

28-02-2024T09:25:22 - [TEST_STEP][PASSED] - scrollToPosition(0, 50): Browser is scrolled to position x = 0, y = 50

28-02-2024T09:25:22 - [MESSAGE][PASSED] - Browser is scrolled to position x = 0, y = 50

28-02-2024T09:25:22 - [TEST_STEP][PASSED] - delay(20): Delayed 20 second(s)

28-02-2024T09:25:42 - [MESSAGE][PASSED] - Delayed 20 second(s)

28-02-2024T09:25:42 - [TEST_STEP][PASSED] - currentElement = provider.get(i): null

28-02-2024T09:25:42 - [TEST_STEP][PASSED] - currentElement.click(): null

28-02-2024T09:25:42 - [TEST_STEP][PASSED] - scrollToPosition(0, 250): Browser is scrolled to position x = 0, y = 250

28-02-2024T09:25:42 - [MESSAGE][PASSED] - Browser is scrolled to position x = 0, y = 250

28-02-2024T09:25:42 - [TEST_STEP][PASSED] - delay(5): Delayed 5 second(s)

28-02-2024T09:25:47 - [MESSAGE][PASSED] - Delayed 5 second(s)

28-02-2024T09:25:47 - [TEST_STEP][PASSED] - scrollToPosition(0, 500): Browser is scrolled to position x = 0, y = 500

28-02-2024T09:25:47 - [MESSAGE][PASSED] - Browser is scrolled to position x = 0, y = 500

28-02-2024T09:25:47 - [TEST_STEP][PASSED] - delay(5): Delayed 5 second(s)

28-02-2024T09:25:52 - [MESSAGE][PASSED] - Delayed 5 second(s)

28-02-2024T09:25:52 - [TEST_STEP][PASSED] - scrollToPosition(0, 750): Browser is scrolled to position x = 0, y = 750

28-02-2024T09:25:52 - [MESSAGE][PASSED] - Browser is scrolled to position x = 0, y = 750

28-02-2024T09:25:52 - [TEST_STEP][PASSED] - delay(5): Delayed 5 second(s)

28-02-2024T09:25:57 - [MESSAGE][PASSED] - Delayed 5 second(s)

28-02-2024T09:25:57 - [TEST_STEP][PASSED] - scrollToPosition(0, 1000): Browser is scrolled to position x = 0, y = 1000

28-02-2024T09:25:57 - [MESSAGE][PASSED] - Browser is scrolled to position x = 0, y = 1000

28-02-2024T09:25:57 - [TEST_STEP][PASSED] - delay(5): Delayed 5 second(s)

28-02-2024T09:26:02 - [MESSAGE][PASSED] - Delayed 5 second(s)

28-02-2024T09:26:02 - [TEST_STEP][PASSED] - scrollToPosition(0, 1250): Browser is scrolled to position x = 0, y = 1250

28-02-2024T09:26:02 - [MESSAGE][PASSED] - Browser is scrolled to position x = 0, y = 1250

28-02-2024T09:26:02 - [TEST_STEP][PASSED] - delay(5): Delayed 5 second(s)

28-02-2024T09:26:07 - [MESSAGE][PASSED] - Delayed 5 second(s)

28-02-2024T09:26:07 - [TEST_STEP][PASSED] - scrollToPosition(0, 1500): Browser is scrolled to position x = 0, y = 1500

28-02-2024T09:26:07 - [MESSAGE][PASSED] - Browser is scrolled to position x = 0, y = 1500

28-02-2024T09:26:07 - [TEST_STEP][PASSED] - delay(5): Delayed 5 second(s)

28-02-2024T09:26:12 - [MESSAGE][PASSED] - Delayed 5 second(s)

28-02-2024T09:26:12 - [TEST_STEP][PASSED] - scrollToPosition(0, 1750): Browser is scrolled to position x = 0, y = 1750

28-02-2024T09:26:12 - [MESSAGE][PASSED] - Browser is scrolled to position x = 0, y = 1750

28-02-2024T09:26:12 - [TEST_STEP][PASSED] - delay(5): Delayed 5 second(s)

28-02-2024T09:26:17 - [MESSAGE][PASSED] - Delayed 5 second(s)

28-02-2024T09:26:17 - [TEST_STEP][PASSED] - scrollToPosition(0, 0): Browser is scrolled to position x = 0, y = 0

28-02-2024T09:26:17 - [MESSAGE][PASSED] - Browser is scrolled to position x = 0, y = 0

28-02-2024T09:26:17 - [TEST_STEP][PASSED] - delay(10): Delayed 10 second(s)

28-02-2024T09:26:27 - [MESSAGE][PASSED] - Delayed 10 second(s)

28-02-2024T09:26:27 - [TEST_STEP][PASSED] - providerwindow = getWindowTitle(): Current window's title is: 'Haboom - Best Online Casino Games for Real Money'

28-02-2024T09:26:27 - [MESSAGE][PASSED] - Current window's title is: 'Haboom - Best Online Casino Games for Real Money'

28-02-2024T09:26:27 - [TEST_STEP][PASSED] - allgames = getWebDriver().findElements(By.xpath("//div[@class='tile-container' and @bis_skin_checked='1']")): null

28-02-2024T09:26:28 - [TEST_STEP][PASSED] - println(allgames.size()): null

28-02-2024T09:26:28 - [TEST_STEP][INCOMPLETE] - for ([j = 0, j < allgames.size(), (j++)]): null

28-02-2024T09:26:28 - [TEST_STEP][PASSED] - println(j): null

28-02-2024T09:26:28 - [TEST_STEP][PASSED] - playgame = allgames.get(j): null

28-02-2024T09:26:28 - [TEST_STEP][PASSED] - Object = convertWebElementToTestObject(playgame): null

28-02-2024T09:26:28 - [TEST_STEP][PASSED] - scrollToElement(Object, 10): Scroll to object '' successfully

28-02-2024T09:26:28 - [MESSAGE][PASSED] - Scroll to object '' successfully

28-02-2024T09:26:28 - [TEST_STEP][PASSED] - mouseOver(Object): Object: '' is hovered

28-02-2024T09:26:28 - [MESSAGE][PASSED] - Object: '' is hovered

28-02-2024T09:26:28 - [TEST_STEP][PASSED] - if (verifyElementClickable(Object)): null

28-02-2024T09:26:28 - [MESSAGE][PASSED] - Object '' is clickable

28-02-2024T09:26:28 - [TEST_STEP][PASSED] - playgame.click(): null

28-02-2024T09:26:28 - [TEST_STEP][PASSED] - delay(5): Delayed 5 second(s)

28-02-2024T09:26:33 - [MESSAGE][PASSED] - Delayed 5 second(s)

28-02-2024T09:26:33 - [TEST_STEP][PASSED] - switchToWindowIndex(1): Switched to window with index: '1'

28-02-2024T09:26:33 - [MESSAGE][PASSED] - Switched to window with index: '1'

28-02-2024T09:26:33 - [TEST_STEP][PASSED] - title = getUrl(): Current window's url is: 'https://play.livetables.io/rng_roulette/?table_id=481005&game_id=48&identifier=10437004d12aa338-c953-41c8-b757-eb2d462559bb&limit_id=&language=en&operatorId=10437004'

28-02-2024T09:26:33 - [MESSAGE][PASSED] - Current window's url is: 'https://play.livetables.io/rng_roulette/?table_id=481005&game_id=48&identifier=10437004d12aa338-c953-41c8-b757-eb2d462559bb&limit_id=&language=en&operatorId=10437004'

28-02-2024T09:26:33 - [TEST_STEP][PASSED] - println(title): null

28-02-2024T09:26:33 - [TEST_STEP][PASSED] - if (title.contains("notavailable")): null

28-02-2024T09:26:33 - [TEST_STEP][PASSED] - switchToWindowIndex(1): Switched to window with index: '1'

28-02-2024T09:26:33 - [MESSAGE][PASSED] - Switched to window with index: '1'

28-02-2024T09:26:33 - [TEST_STEP][PASSED] - closeWindowIndex(1): Window with index 1 is closed

28-02-2024T09:26:33 - [MESSAGE][PASSED] - Window with index 1 is closed

28-02-2024T09:26:33 - [TEST_STEP][PASSED] - switchToWindowIndex(0): Switched to window with index: '0'

28-02-2024T09:26:33 - [MESSAGE][PASSED] - Switched to window with index: '0'

28-02-2024T09:26:33 - [TEST_STEP][PASSED] - delay(2): Delayed 2 second(s)

28-02-2024T09:26:35 - [MESSAGE][PASSED] - Delayed 2 second(s)

28-02-2024T09:26:35 - [TEST_STEP][PASSED] - println(j): null

28-02-2024T09:26:35 - [TEST_STEP][PASSED] - playgame = allgames.get(j): null

28-02-2024T09:26:35 - [TEST_STEP][PASSED] - Object = convertWebElementToTestObject(playgame): null

28-02-2024T09:26:35 - [TEST_STEP][PASSED] - scrollToElement(Object, 10): Scroll to object '' successfully

28-02-2024T09:26:35 - [MESSAGE][PASSED] - Scroll to object '' successfully

28-02-2024T09:26:35 - [TEST_STEP][PASSED] - mouseOver(Object): Object: '' is hovered

28-02-2024T09:26:35 - [MESSAGE][PASSED] - Object: '' is hovered

28-02-2024T09:26:35 - [TEST_STEP][PASSED] - if (verifyElementClickable(Object)): null

28-02-2024T09:26:35 - [MESSAGE][PASSED] - Object '' is clickable

28-02-2024T09:26:35 - [TEST_STEP][PASSED] - playgame.click(): null

28-02-2024T09:26:36 - [TEST_STEP][PASSED] - delay(5): Delayed 5 second(s)

28-02-2024T09:26:41 - [MESSAGE][PASSED] - Delayed 5 second(s)

28-02-2024T09:26:41 - [TEST_STEP][PASSED] - switchToWindowIndex(1): Switched to window with index: '1'

28-02-2024T09:26:41 - [MESSAGE][PASSED] - Switched to window with index: '1'

28-02-2024T09:26:41 - [TEST_STEP][PASSED] - title = getUrl(): Current window's url is: 'https://play.livetables.io/roulette/?table_id=221006&game_id=3&identifier=104370041acee19f-7a7a-410b-ab25-0994d5beb6a3&limit_id=&language=en&operatorId=10437004'

28-02-2024T09:26:41 - [MESSAGE][PASSED] - Current window's url is: 'https://play.livetables.io/roulette/?table_id=221006&game_id=3&identifier=104370041acee19f-7a7a-410b-ab25-0994d5beb6a3&limit_id=&language=en&operatorId=10437004'

28-02-2024T09:26:41 - [TEST_STEP][PASSED] - println(title): null

28-02-2024T09:26:41 - [TEST_STEP][PASSED] - if (title.contains("notavailable")): null

28-02-2024T09:26:41 - [TEST_STEP][PASSED] - switchToWindowIndex(1): Switched to window with index: '1'

28-02-2024T09:26:41 - [MESSAGE][PASSED] - Switched to window with index: '1'

28-02-2024T09:26:41 - [TEST_STEP][PASSED] - closeWindowIndex(1): Window with index 1 is closed

28-02-2024T09:26:41 - [MESSAGE][PASSED] - Window with index 1 is closed

28-02-2024T09:26:41 - [TEST_STEP][PASSED] - switchToWindowIndex(0): Switched to window with index: '0'

28-02-2024T09:26:41 - [MESSAGE][PASSED] - Switched to window with index: '0'

28-02-2024T09:26:41 - [TEST_STEP][PASSED] - delay(2): Delayed 2 second(s)

28-02-2024T09:26:43 - [MESSAGE][PASSED] - Delayed 2 second(s)

28-02-2024T09:26:43 - [TEST_STEP][PASSED] - println(j): null

28-02-2024T09:26:43 - [TEST_STEP][PASSED] - playgame = allgames.get(j): null

28-02-2024T09:26:43 - [TEST_STEP][PASSED] - Object = convertWebElementToTestObject(playgame): null

28-02-2024T09:26:43 - [TEST_STEP][PASSED] - scrollToElement(Object, 10): Scroll to object '' successfully

28-02-2024T09:26:43 - [MESSAGE][PASSED] - Scroll to object '' successfully

28-02-2024T09:26:43 - [TEST_STEP][PASSED] - mouseOver(Object): Object: '' is hovered

28-02-2024T09:26:43 - [MESSAGE][PASSED] - Object: '' is hovered

28-02-2024T09:26:43 - [TEST_STEP][PASSED] - if (verifyElementClickable(Object)): null

28-02-2024T09:26:43 - [MESSAGE][PASSED] - Object '' is clickable

28-02-2024T09:26:43 - [TEST_STEP][PASSED] - playgame.click(): null

28-02-2024T09:26:43 - [TEST_STEP][PASSED] - delay(5): Delayed 5 second(s)

28-02-2024T09:26:48 - [MESSAGE][PASSED] - Delayed 5 second(s)

28-02-2024T09:26:48 - [TEST_STEP][PASSED] - switchToWindowIndex(1): Switched to window with index: '1'

28-02-2024T09:26:48 - [MESSAGE][PASSED] - Switched to window with index: '1'

28-02-2024T09:26:48 - [TEST_STEP][PASSED] - title = getUrl(): Current window's url is: 'https://play.livetables.io/category/1'

28-02-2024T09:26:48 - [MESSAGE][PASSED] - Current window's url is: 'https://play.livetables.io/category/1'

28-02-2024T09:26:48 - [TEST_STEP][PASSED] - println(title): null

28-02-2024T09:26:48 - [TEST_STEP][PASSED] - if (title.contains("notavailable")): null

28-02-2024T09:26:48 - [TEST_STEP][PASSED] - switchToWindowIndex(1): Switched to window with index: '1'

28-02-2024T09:26:48 - [MESSAGE][PASSED] - Switched to window with index: '1'

28-02-2024T09:26:48 - [TEST_STEP][PASSED] - closeWindowIndex(1): Window with index 1 is closed

28-02-2024T09:26:48 - [MESSAGE][PASSED] - Window with index 1 is closed

28-02-2024T09:26:48 - [TEST_STEP][PASSED] - switchToWindowIndex(0): Switched to window with index: '0'

28-02-2024T09:26:48 - [MESSAGE][PASSED] - Switched to window with index: '0'

28-02-2024T09:26:48 - [TEST_STEP][PASSED] - delay(2): Delayed 2 second(s)

28-02-2024T09:26:50 - [MESSAGE][PASSED] - Delayed 2 second(s)

28-02-2024T09:26:50 - [TEST_STEP][PASSED] - println(j): null

28-02-2024T09:26:50 - [TEST_STEP][PASSED] - playgame = allgames.get(j): null

28-02-2024T09:26:50 - [TEST_STEP][PASSED] - Object = convertWebElementToTestObject(playgame): null

28-02-2024T09:26:50 - [TEST_STEP][PASSED] - scrollToElement(Object, 10): Scroll to object '' successfully

28-02-2024T09:26:50 - [MESSAGE][PASSED] - Scroll to object '' successfully

28-02-2024T09:26:50 - [TEST_STEP][PASSED] - mouseOver(Object): Object: '' is hovered

28-02-2024T09:26:51 - [MESSAGE][PASSED] - Object: '' is hovered

28-02-2024T09:26:51 - [TEST_STEP][PASSED] - if (verifyElementClickable(Object)): null

28-02-2024T09:26:51 - [MESSAGE][PASSED] - Object '' is clickable

28-02-2024T09:26:51 - [TEST_STEP][PASSED] - playgame.click(): null

28-02-2024T09:26:51 - [TEST_STEP][PASSED] - delay(5): Delayed 5 second(s)

28-02-2024T09:26:56 - [MESSAGE][PASSED] - Delayed 5 second(s)

28-02-2024T09:26:56 - [TEST_STEP][PASSED] - switchToWindowIndex(1): Switched to window with index: '1'

28-02-2024T09:26:56 - [MESSAGE][PASSED] - Switched to window with index: '1'

28-02-2024T09:26:56 - [TEST_STEP][PASSED] - title = getUrl(): Current window's url is: 'https://play.livetables.io/category/3'

28-02-2024T09:26:56 - [MESSAGE][PASSED] - Current window's url is: 'https://play.livetables.io/category/3'

28-02-2024T09:26:56 - [TEST_STEP][PASSED] - println(title): null

28-02-2024T09:26:56 - [TEST_STEP][PASSED] - if (title.contains("notavailable")): null

28-02-2024T09:26:56 - [TEST_STEP][PASSED] - switchToWindowIndex(1): Switched to window with index: '1'

28-02-2024T09:26:56 - [MESSAGE][PASSED] - Switched to window with index: '1'

28-02-2024T09:26:56 - [TEST_STEP][PASSED] - closeWindowIndex(1): Window with index 1 is closed

28-02-2024T09:26:56 - [MESSAGE][PASSED] - Window with index 1 is closed

28-02-2024T09:26:56 - [TEST_STEP][PASSED] - switchToWindowIndex(0): Switched to window with index: '0'

28-02-2024T09:26:56 - [MESSAGE][PASSED] - Switched to window with index: '0'

28-02-2024T09:26:56 - [TEST_STEP][PASSED] - delay(2): Delayed 2 second(s)

28-02-2024T09:26:58 - [MESSAGE][PASSED] - Delayed 2 second(s)

28-02-2024T09:26:58 - [TEST_STEP][PASSED] - println(j): null

28-02-2024T09:26:58 - [TEST_STEP][PASSED] - playgame = allgames.get(j): null

28-02-2024T09:26:58 - [TEST_STEP][PASSED] - Object = convertWebElementToTestObject(playgame): null

28-02-2024T09:26:58 - [TEST_STEP][PASSED] - scrollToElement(Object, 10): Scroll to object '' successfully

28-02-2024T09:26:58 - [MESSAGE][PASSED] - Scroll to object '' successfully

28-02-2024T09:26:58 - [TEST_STEP][PASSED] - mouseOver(Object): Object: '' is hovered

28-02-2024T09:26:58 - [MESSAGE][PASSED] - Object: '' is hovered

28-02-2024T09:26:58 - [TEST_STEP][PASSED] - if (verifyElementClickable(Object)): null

28-02-2024T09:26:58 - [MESSAGE][PASSED] - Object '' is clickable

28-02-2024T09:26:58 - [TEST_STEP][PASSED] - playgame.click(): null

28-02-2024T09:26:58 - [TEST_STEP][PASSED] - delay(5): Delayed 5 second(s)

28-02-2024T09:27:03 - [MESSAGE][PASSED] - Delayed 5 second(s)

28-02-2024T09:27:03 - [TEST_STEP][PASSED] - switchToWindowIndex(1): Switched to window with index: '1'

28-02-2024T09:27:03 - [MESSAGE][PASSED] - Switched to window with index: '1'

28-02-2024T09:27:03 - [TEST_STEP][PASSED] - title = getUrl(): Current window's url is: 'https://play.livetables.io/category/6'

28-02-2024T09:27:03 - [MESSAGE][PASSED] - Current window's url is: 'https://play.livetables.io/category/6'

28-02-2024T09:27:03 - [TEST_STEP][PASSED] - println(title): null

28-02-2024T09:27:03 - [TEST_STEP][PASSED] - if (title.contains("notavailable")): null

28-02-2024T09:27:03 - [TEST_STEP][PASSED] - switchToWindowIndex(1): Switched to window with index: '1'

28-02-2024T09:27:03 - [MESSAGE][PASSED] - Switched to window with index: '1'

28-02-2024T09:27:03 - [TEST_STEP][PASSED] - closeWindowIndex(1): Window with index 1 is closed

28-02-2024T09:27:04 - [MESSAGE][PASSED] - Window with index 1 is closed

28-02-2024T09:27:04 - [TEST_STEP][PASSED] - switchToWindowIndex(0): Switched to window with index: '0'

28-02-2024T09:27:04 - [MESSAGE][PASSED] - Switched to window with index: '0'

28-02-2024T09:27:04 - [TEST_STEP][PASSED] - delay(2): Delayed 2 second(s)

28-02-2024T09:27:06 - [MESSAGE][PASSED] - Delayed 2 second(s)

28-02-2024T09:27:06 - [TEST_STEP][PASSED] - println(j): null

28-02-2024T09:27:06 - [TEST_STEP][PASSED] - playgame = allgames.get(j): null

28-02-2024T09:27:06 - [TEST_STEP][PASSED] - Object = convertWebElementToTestObject(playgame): null

28-02-2024T09:27:06 - [TEST_STEP][PASSED] - scrollToElement(Object, 10): Scroll to object '' successfully

28-02-2024T09:27:06 - [MESSAGE][PASSED] - Scroll to object '' successfully

28-02-2024T09:27:06 - [TEST_STEP][PASSED] - mouseOver(Object): Object: '' is hovered

28-02-2024T09:27:06 - [MESSAGE][PASSED] - Object: '' is hovered

28-02-2024T09:27:06 - [TEST_STEP][PASSED] - if (verifyElementClickable(Object)): null

28-02-2024T09:27:06 - [MESSAGE][PASSED] - Object '' is clickable

28-02-2024T09:27:06 - [TEST_STEP][PASSED] - playgame.click(): null

28-02-2024T09:27:06 - [TEST_STEP][PASSED] - delay(5): Delayed 5 second(s)

28-02-2024T09:27:11 - [MESSAGE][PASSED] - Delayed 5 second(s)

28-02-2024T09:27:11 - [TEST_STEP][PASSED] - switchToWindowIndex(1): Switched to window with index: '1'

28-02-2024T09:27:11 - [MESSAGE][PASSED] - Switched to window with index: '1'

28-02-2024T09:27:11 - [TEST_STEP][PASSED] - title = getUrl(): Current window's url is: 'https://play.livetables.io/category/7'

28-02-2024T09:27:11 - [MESSAGE][PASSED] - Current window's url is: 'https://play.livetables.io/category/7'

28-02-2024T09:27:11 - [TEST_STEP][PASSED] - println(title): null

28-02-2024T09:27:11 - [TEST_STEP][PASSED] - if (title.contains("notavailable")): null

28-02-2024T09:27:11 - [TEST_STEP][PASSED] - switchToWindowIndex(1): Switched to window with index: '1'

28-02-2024T09:27:11 - [MESSAGE][PASSED] - Switched to window with index: '1'

28-02-2024T09:27:11 - [TEST_STEP][PASSED] - closeWindowIndex(1): Window with index 1 is closed

28-02-2024T09:27:11 - [MESSAGE][PASSED] - Window with index 1 is closed

28-02-2024T09:27:11 - [TEST_STEP][PASSED] - switchToWindowIndex(0): Switched to window with index: '0'

28-02-2024T09:27:11 - [MESSAGE][PASSED] - Switched to window with index: '0'

28-02-2024T09:27:11 - [TEST_STEP][PASSED] - delay(2): Delayed 2 second(s)

28-02-2024T09:27:13 - [MESSAGE][PASSED] - Delayed 2 second(s)

28-02-2024T09:27:13 - [TEST_STEP][PASSED] - println(j): null

28-02-2024T09:27:13 - [TEST_STEP][PASSED] - playgame = allgames.get(j): null

28-02-2024T09:27:13 - [TEST_STEP][PASSED] - Object = convertWebElementToTestObject(playgame): null

28-02-2024T09:27:13 - [TEST_STEP][PASSED] - scrollToElement(Object, 10): Scroll to object '' successfully

28-02-2024T09:27:13 - [MESSAGE][PASSED] - Scroll to object '' successfully

28-02-2024T09:27:13 - [TEST_STEP][PASSED] - mouseOver(Object): Object: '' is hovered

28-02-2024T09:27:13 - [MESSAGE][PASSED] - Object: '' is hovered

28-02-2024T09:27:13 - [TEST_STEP][PASSED] - if (verifyElementClickable(Object)): null

28-02-2024T09:27:13 - [MESSAGE][PASSED] - Object '' is clickable

28-02-2024T09:27:13 - [TEST_STEP][PASSED] - playgame.click(): null

28-02-2024T09:27:13 - [TEST_STEP][PASSED] - delay(5): Delayed 5 second(s)

28-02-2024T09:27:18 - [MESSAGE][PASSED] - Delayed 5 second(s)

28-02-2024T09:27:18 - [TEST_STEP][PASSED] - switchToWindowIndex(1): Switched to window with index: '1'

28-02-2024T09:27:18 - [MESSAGE][PASSED] - Switched to window with index: '1'

28-02-2024T09:27:18 - [TEST_STEP][PASSED] - title = getUrl(): Current window's url is: 'https://play.livetables.io/32cards/?table_id=228002&game_id=19&identifier=1043700498112911-e360-4af6-b0f8-b40e1acec117&limit_id=&language=en&operatorId=10437004'

28-02-2024T09:27:18 - [MESSAGE][PASSED] - Current window's url is: 'https://play.livetables.io/32cards/?table_id=228002&game_id=19&identifier=1043700498112911-e360-4af6-b0f8-b40e1acec117&limit_id=&language=en&operatorId=10437004'

28-02-2024T09:27:18 - [TEST_STEP][PASSED] - println(title): null

28-02-2024T09:27:18 - [TEST_STEP][PASSED] - if (title.contains("notavailable")): null

28-02-2024T09:27:18 - [TEST_STEP][PASSED] - switchToWindowIndex(1): Switched to window with index: '1'

28-02-2024T09:27:18 - [MESSAGE][PASSED] - Switched to window with index: '1'

28-02-2024T09:27:18 - [TEST_STEP][PASSED] - closeWindowIndex(1): Window with index 1 is closed

28-02-2024T09:27:19 - [MESSAGE][PASSED] - Window with index 1 is closed

28-02-2024T09:27:19 - [TEST_STEP][PASSED] - switchToWindowIndex(0): Switched to window with index: '0'

28-02-2024T09:27:19 - [MESSAGE][PASSED] - Switched to window with index: '0'

28-02-2024T09:27:19 - [TEST_STEP][PASSED] - delay(2): Delayed 2 second(s)

28-02-2024T09:27:21 - [MESSAGE][PASSED] - Delayed 2 second(s)

28-02-2024T09:27:21 - [TEST_STEP][PASSED] - println(j): null

28-02-2024T09:27:21 - [TEST_STEP][PASSED] - playgame = allgames.get(j): null

28-02-2024T09:27:21 - [TEST_STEP][PASSED] - Object = convertWebElementToTestObject(playgame): null

28-02-2024T09:27:21 - [TEST_STEP][PASSED] - scrollToElement(Object, 10): Scroll to object '' successfully

28-02-2024T09:27:21 - [MESSAGE][PASSED] - Scroll to object '' successfully

28-02-2024T09:27:21 - [TEST_STEP][PASSED] - mouseOver(Object): Object: '' is hovered

28-02-2024T09:27:21 - [MESSAGE][PASSED] - Object: '' is hovered

28-02-2024T09:27:21 - [TEST_STEP][PASSED] - if (verifyElementClickable(Object)): null

28-02-2024T09:27:21 - [MESSAGE][PASSED] - Object '' is clickable

28-02-2024T09:27:21 - [TEST_STEP][PASSED] - playgame.click(): null

28-02-2024T09:27:21 - [TEST_STEP][PASSED] - delay(5): Delayed 5 second(s)

28-02-2024T09:27:26 - [MESSAGE][PASSED] - Delayed 5 second(s)

28-02-2024T09:27:26 - [TEST_STEP][PASSED] - switchToWindowIndex(1): Switched to window with index: '1'

28-02-2024T09:27:26 - [MESSAGE][PASSED] - Switched to window with index: '1'

28-02-2024T09:27:26 - [TEST_STEP][PASSED] - title = getUrl(): Current window's url is: 'https://play.livetables.io/andarbahar/?table_id=228000&game_id=38&identifier=10437004e21b3106-f9ea-476f-83ff-1fb127acfef4&limit_id=&language=en&operatorId=10437004'

28-02-2024T09:27:26 - [MESSAGE][PASSED] - Current window's url is: 'https://play.livetables.io/andarbahar/?table_id=228000&game_id=38&identifier=10437004e21b3106-f9ea-476f-83ff-1fb127acfef4&limit_id=&language=en&operatorId=10437004'

28-02-2024T09:27:26 - [TEST_STEP][PASSED] - println(title): null

28-02-2024T09:27:26 - [TEST_STEP][PASSED] - if (title.contains("notavailable")): null

28-02-2024T09:27:26 - [TEST_STEP][PASSED] - switchToWindowIndex(1): Switched to window with index: '1'

28-02-2024T09:27:26 - [MESSAGE][PASSED] - Switched to window with index: '1'

28-02-2024T09:27:26 - [TEST_STEP][PASSED] - closeWindowIndex(1): Window with index 1 is closed

28-02-2024T09:27:26 - [MESSAGE][PASSED] - Window with index 1 is closed

28-02-2024T09:27:26 - [TEST_STEP][PASSED] - switchToWindowIndex(0): Switched to window with index: '0'

28-02-2024T09:27:26 - [MESSAGE][PASSED] - Switched to window with index: '0'

28-02-2024T09:27:26 - [TEST_STEP][PASSED] - delay(2): Delayed 2 second(s)

28-02-2024T09:27:28 - [MESSAGE][PASSED] - Delayed 2 second(s)

28-02-2024T09:27:28 - [TEST_STEP][PASSED] - println(j): null

28-02-2024T09:27:28 - [TEST_STEP][PASSED] - playgame = allgames.get(j): null

28-02-2024T09:27:28 - [TEST_STEP][PASSED] - Object = convertWebElementToTestObject(playgame): null

28-02-2024T09:27:28 - [TEST_STEP][PASSED] - scrollToElement(Object, 10): Scroll to object '' successfully

28-02-2024T09:27:28 - [MESSAGE][PASSED] - Scroll to object '' successfully

28-02-2024T09:27:28 - [TEST_STEP][PASSED] - mouseOver(Object): Object: '' is hovered

28-02-2024T09:27:29 - [MESSAGE][PASSED] - Object: '' is hovered

28-02-2024T09:27:29 - [TEST_STEP][PASSED] - if (verifyElementClickable(Object)): null

28-02-2024T09:27:29 - [MESSAGE][PASSED] - Object '' is clickable

28-02-2024T09:27:29 - [TEST_STEP][PASSED] - playgame.click(): null

28-02-2024T09:27:29 - [TEST_STEP][PASSED] - delay(5): Delayed 5 second(s)

28-02-2024T09:27:34 - [MESSAGE][PASSED] - Delayed 5 second(s)

28-02-2024T09:27:34 - [TEST_STEP][PASSED] - switchToWindowIndex(1): Switched to window with index: '1'

28-02-2024T09:27:34 - [MESSAGE][PASSED] - Switched to window with index: '1'

28-02-2024T09:27:34 - [TEST_STEP][PASSED] - title = getUrl(): Current window's url is: 'https://play.livetables.io/roulette/?table_id=5001&game_id=7&identifier=1043700435fb7e7b-1863-45f8-a53b-4ef25bbeed38&limit_id=&language=en&operatorId=10437004'

28-02-2024T09:27:34 - [MESSAGE][PASSED] - Current window's url is: 'https://play.livetables.io/roulette/?table_id=5001&game_id=7&identifier=1043700435fb7e7b-1863-45f8-a53b-4ef25bbeed38&limit_id=&language=en&operatorId=10437004'

28-02-2024T09:27:34 - [TEST_STEP][PASSED] - println(title): null

28-02-2024T09:27:34 - [TEST_STEP][PASSED] - if (title.contains("notavailable")): null

28-02-2024T09:27:34 - [TEST_STEP][PASSED] - switchToWindowIndex(1): Switched to window with index: '1'

28-02-2024T09:27:34 - [MESSAGE][PASSED] - Switched to window with index: '1'

28-02-2024T09:27:34 - [TEST_STEP][PASSED] - closeWindowIndex(1): Window with index 1 is closed

28-02-2024T09:27:34 - [MESSAGE][PASSED] - Window with index 1 is closed

28-02-2024T09:27:34 - [TEST_STEP][PASSED] - switchToWindowIndex(0): Switched to window with index: '0'

28-02-2024T09:27:34 - [MESSAGE][PASSED] - Switched to window with index: '0'

28-02-2024T09:27:34 - [TEST_STEP][PASSED] - delay(2): Delayed 2 second(s)

28-02-2024T09:27:36 - [MESSAGE][PASSED] - Delayed 2 second(s)

28-02-2024T09:27:36 - [TEST_STEP][PASSED] - println(j): null

28-02-2024T09:27:36 - [TEST_STEP][PASSED] - playgame = allgames.get(j): null

28-02-2024T09:27:36 - [TEST_STEP][PASSED] - Object = convertWebElementToTestObject(playgame): null

28-02-2024T09:27:36 - [TEST_STEP][PASSED] - scrollToElement(Object, 10): Scroll to object '' successfully

28-02-2024T09:27:36 - [MESSAGE][PASSED] - Scroll to object '' successfully

28-02-2024T09:27:36 - [TEST_STEP][PASSED] - mouseOver(Object): Object: '' is hovered

28-02-2024T09:27:36 - [MESSAGE][PASSED] - Object: '' is hovered

28-02-2024T09:27:36 - [TEST_STEP][PASSED] - if (verifyElementClickable(Object)): null

28-02-2024T09:27:36 - [MESSAGE][PASSED] - Object '' is clickable

28-02-2024T09:27:36 - [TEST_STEP][PASSED] - playgame.click(): null

28-02-2024T09:27:36 - [TEST_STEP][PASSED] - delay(5): Delayed 5 second(s)

28-02-2024T09:27:41 - [MESSAGE][PASSED] - Delayed 5 second(s)

28-02-2024T09:27:41 - [TEST_STEP][PASSED] - switchToWindowIndex(1): Switched to window with index: '1'

28-02-2024T09:27:41 - [MESSAGE][PASSED] - Switched to window with index: '1'

28-02-2024T09:27:41 - [TEST_STEP][PASSED] - title = getUrl(): Current window's url is: 'https://play.livetables.io/baccarat/?table_id=150&game_id=24&identifier=10437004e9cb7ec3-a091-4ef9-bd68-e0118cbf743d&limit_id=&language=en&operatorId=10437004'

28-02-2024T09:27:41 - [MESSAGE][PASSED] - Current window's url is: 'https://play.livetables.io/baccarat/?table_id=150&game_id=24&identifier=10437004e9cb7ec3-a091-4ef9-bd68-e0118cbf743d&limit_id=&language=en&operatorId=10437004'

28-02-2024T09:27:41 - [TEST_STEP][PASSED] - println(title): null

28-02-2024T09:27:41 - [TEST_STEP][PASSED] - if (title.contains("notavailable")): null

28-02-2024T09:27:41 - [TEST_STEP][PASSED] - switchToWindowIndex(1): Switched to window with index: '1'

28-02-2024T09:27:41 - [MESSAGE][PASSED] - Switched to window with index: '1'

28-02-2024T09:27:41 - [TEST_STEP][PASSED] - closeWindowIndex(1): Window with index 1 is closed

28-02-2024T09:27:41 - [MESSAGE][PASSED] - Window with index 1 is closed

28-02-2024T09:27:41 - [TEST_STEP][PASSED] - switchToWindowIndex(0): Switched to window with index: '0'

28-02-2024T09:27:41 - [MESSAGE][PASSED] - Switched to window with index: '0'

28-02-2024T09:27:41 - [TEST_STEP][PASSED] - delay(2): Delayed 2 second(s)

28-02-2024T09:27:43 - [MESSAGE][PASSED] - Delayed 2 second(s)

28-02-2024T09:27:43 - [TEST_STEP][PASSED] - println(j): null

28-02-2024T09:27:43 - [TEST_STEP][PASSED] - playgame = allgames.get(j): null

28-02-2024T09:27:43 - [TEST_STEP][PASSED] - Object = convertWebElementToTestObject(playgame): null

28-02-2024T09:27:43 - [TEST_STEP][PASSED] - scrollToElement(Object, 10): Scroll to object '' successfully

28-02-2024T09:27:43 - [MESSAGE][PASSED] - Scroll to object '' successfully

28-02-2024T09:27:43 - [TEST_STEP][PASSED] - mouseOver(Object): Object: '' is hovered

28-02-2024T09:27:44 - [MESSAGE][PASSED] - Object: '' is hovered

28-02-2024T09:27:44 - [TEST_STEP][PASSED] - if (verifyElementClickable(Object)): null

28-02-2024T09:27:44 - [MESSAGE][PASSED] - Object '' is clickable

28-02-2024T09:27:44 - [TEST_STEP][PASSED] - playgame.click(): null

28-02-2024T09:27:44 - [TEST_STEP][PASSED] - delay(5): Delayed 5 second(s)

28-02-2024T09:27:49 - [MESSAGE][PASSED] - Delayed 5 second(s)

28-02-2024T09:27:49 - [TEST_STEP][PASSED] - switchToWindowIndex(1): Switched to window with index: '1'

28-02-2024T09:27:49 - [MESSAGE][PASSED] - Switched to window with index: '1'

28-02-2024T09:27:49 - [TEST_STEP][PASSED] - title = getUrl(): Current window's url is: 'https://games.livetables.io/game/lottery/?openTable=602000'

28-02-2024T09:27:49 - [MESSAGE][PASSED] - Current window's url is: 'https://games.livetables.io/game/lottery/?openTable=602000'

28-02-2024T09:27:49 - [TEST_STEP][PASSED] - println(title): null

28-02-2024T09:27:49 - [TEST_STEP][PASSED] - if (title.contains("notavailable")): null

28-02-2024T09:27:49 - [TEST_STEP][PASSED] - switchToWindowIndex(1): Switched to window with index: '1'

28-02-2024T09:27:49 - [MESSAGE][PASSED] - Switched to window with index: '1'

28-02-2024T09:27:49 - [TEST_STEP][PASSED] - closeWindowIndex(1): Window with index 1 is closed

28-02-2024T09:27:49 - [MESSAGE][PASSED] - Window with index 1 is closed

28-02-2024T09:27:49 - [TEST_STEP][PASSED] - switchToWindowIndex(0): Switched to window with index: '0'

28-02-2024T09:27:49 - [MESSAGE][PASSED] - Switched to window with index: '0'

28-02-2024T09:27:49 - [TEST_STEP][PASSED] - delay(2): Delayed 2 second(s)

28-02-2024T09:27:51 - [MESSAGE][PASSED] - Delayed 2 second(s)

28-02-2024T09:27:51 - [TEST_STEP][PASSED] - println(j): null

28-02-2024T09:27:51 - [TEST_STEP][PASSED] - playgame = allgames.get(j): null

28-02-2024T09:27:51 - [TEST_STEP][PASSED] - Object = convertWebElementToTestObject(playgame): null

28-02-2024T09:27:51 - [TEST_STEP][PASSED] - scrollToElement(Object, 10): Scroll to object '' successfully

28-02-2024T09:27:51 - [MESSAGE][PASSED] - Scroll to object '' successfully

28-02-2024T09:27:51 - [TEST_STEP][PASSED] - mouseOver(Object): Object: '' is hovered

28-02-2024T09:27:51 - [MESSAGE][PASSED] - Object: '' is hovered

28-02-2024T09:27:51 - [TEST_STEP][PASSED] - if (verifyElementClickable(Object)): null

28-02-2024T09:27:51 - [MESSAGE][PASSED] - Object '' is clickable

28-02-2024T09:27:51 - [TEST_STEP][PASSED] - playgame.click(): null

28-02-2024T09:27:51 - [TEST_STEP][PASSED] - delay(5): Delayed 5 second(s)

28-02-2024T09:27:56 - [MESSAGE][PASSED] - Delayed 5 second(s)

28-02-2024T09:27:56 - [TEST_STEP][PASSED] - switchToWindowIndex(1): Switched to window with index: '1'

28-02-2024T09:27:56 - [MESSAGE][PASSED] - Switched to window with index: '1'

28-02-2024T09:27:56 - [TEST_STEP][PASSED] - title = getUrl(): Current window's url is: 'https://play.livetables.io/betonteenpatti/?table_id=227101&game_id=16&identifier=104370049910eb29-9049-48c1-a5a9-6ab22b8b4ebb&limit_id=&language=en&operatorId=10437004'

28-02-2024T09:27:56 - [MESSAGE][PASSED] - Current window's url is: 'https://play.livetables.io/betonteenpatti/?table_id=227101&game_id=16&identifier=104370049910eb29-9049-48c1-a5a9-6ab22b8b4ebb&limit_id=&language=en&operatorId=10437004'

28-02-2024T09:27:56 - [TEST_STEP][PASSED] - println(title): null

28-02-2024T09:27:56 - [TEST_STEP][PASSED] - if (title.contains("notavailable")): null

28-02-2024T09:27:56 - [TEST_STEP][PASSED] - switchToWindowIndex(1): Switched to window with index: '1'

28-02-2024T09:27:56 - [MESSAGE][PASSED] - Switched to window with index: '1'

28-02-2024T09:27:56 - [TEST_STEP][PASSED] - closeWindowIndex(1): Window with index 1 is closed

28-02-2024T09:27:57 - [MESSAGE][PASSED] - Window with index 1 is closed

28-02-2024T09:27:57 - [TEST_STEP][PASSED] - switchToWindowIndex(0): Switched to window with index: '0'

28-02-2024T09:27:57 - [MESSAGE][PASSED] - Switched to window with index: '0'

28-02-2024T09:27:57 - [TEST_STEP][PASSED] - delay(2): Delayed 2 second(s)

28-02-2024T09:27:59 - [MESSAGE][PASSED] - Delayed 2 second(s)

28-02-2024T09:27:59 - [TEST_STEP][PASSED] - println(j): null

28-02-2024T09:27:59 - [TEST_STEP][PASSED] - playgame = allgames.get(j): null

28-02-2024T09:27:59 - [TEST_STEP][PASSED] - Object = convertWebElementToTestObject(playgame): null

28-02-2024T09:27:59 - [TEST_STEP][PASSED] - scrollToElement(Object, 10): Scroll to object '' successfully

28-02-2024T09:27:59 - [MESSAGE][PASSED] - Scroll to object '' successfully

28-02-2024T09:27:59 - [TEST_STEP][PASSED] - mouseOver(Object): Object: '' is hovered

28-02-2024T09:27:59 - [MESSAGE][PASSED] - Object: '' is hovered

28-02-2024T09:27:59 - [TEST_STEP][PASSED] - if (verifyElementClickable(Object)): null

28-02-2024T09:27:59 - [MESSAGE][PASSED] - Object '' is clickable

28-02-2024T09:27:59 - [TEST_STEP][PASSED] - playgame.click(): null

28-02-2024T09:27:59 - [TEST_STEP][PASSED] - delay(5): Delayed 5 second(s)

28-02-2024T09:28:04 - [MESSAGE][PASSED] - Delayed 5 second(s)

28-02-2024T09:28:04 - [TEST_STEP][PASSED] - switchToWindowIndex(1): Switched to window with index: '1'

28-02-2024T09:28:04 - [MESSAGE][PASSED] - Switched to window with index: '1'

28-02-2024T09:28:04 - [TEST_STEP][PASSED] - title = getUrl(): Current window's url is: 'https://play.livetables.io/blackjack/?table_id=201&game_id=1&identifier=10437004ab151bb9-7313-4316-a3d6-918375ecaea7&limit_id=&language=en&operatorId=10437004'

28-02-2024T09:28:04 - [MESSAGE][PASSED] - Current window's url is: 'https://play.livetables.io/blackjack/?table_id=201&game_id=1&identifier=10437004ab151bb9-7313-4316-a3d6-918375ecaea7&limit_id=&language=en&operatorId=10437004'

28-02-2024T09:28:04 - [TEST_STEP][PASSED] - println(title): null

28-02-2024T09:28:04 - [TEST_STEP][PASSED] - if (title.contains("notavailable")): null

28-02-2024T09:28:04 - [TEST_STEP][PASSED] - switchToWindowIndex(1): Switched to window with index: '1'

28-02-2024T09:28:04 - [MESSAGE][PASSED] - Switched to window with index: '1'

28-02-2024T09:28:04 - [TEST_STEP][PASSED] - closeWindowIndex(1): Window with index 1 is closed

28-02-2024T09:28:04 - [MESSAGE][PASSED] - Window with index 1 is closed

28-02-2024T09:28:04 - [TEST_STEP][PASSED] - switchToWindowIndex(0): Switched to window with index: '0'

28-02-2024T09:28:04 - [MESSAGE][PASSED] - Switched to window with index: '0'

28-02-2024T09:28:04 - [TEST_STEP][PASSED] - delay(2): Delayed 2 second(s)

28-02-2024T09:28:06 - [MESSAGE][PASSED] - Delayed 2 second(s)

28-02-2024T09:28:06 - [TEST_STEP][PASSED] - println(j): null

28-02-2024T09:28:06 - [TEST_STEP][PASSED] - playgame = allgames.get(j): null

28-02-2024T09:28:06 - [TEST_STEP][PASSED] - Object = convertWebElementToTestObject(playgame): null

28-02-2024T09:28:06 - [TEST_STEP][PASSED] - scrollToElement(Object, 10): Scroll to object '' successfully

28-02-2024T09:28:06 - [MESSAGE][PASSED] - Scroll to object '' successfully

28-02-2024T09:28:06 - [TEST_STEP][PASSED] - mouseOver(Object): Object: '' is hovered

28-02-2024T09:28:06 - [MESSAGE][PASSED] - Object: '' is hovered

28-02-2024T09:28:06 - [TEST_STEP][PASSED] - if (verifyElementClickable(Object)): null

28-02-2024T09:28:06 - [MESSAGE][PASSED] - Object '' is clickable

28-02-2024T09:28:06 - [TEST_STEP][PASSED] - playgame.click(): null

28-02-2024T09:28:06 - [TEST_STEP][PASSED] - delay(5): Delayed 5 second(s)

28-02-2024T09:28:11 - [MESSAGE][PASSED] - Delayed 5 second(s)

28-02-2024T09:28:11 - [TEST_STEP][PASSED] - switchToWindowIndex(1): Switched to window with index: '1'

28-02-2024T09:28:11 - [MESSAGE][PASSED] - Switched to window with index: '1'

28-02-2024T09:28:11 - [TEST_STEP][PASSED] - title = getUrl(): Current window's url is: 'https://play.livetables.io/blackjack/?table_id=203&game_id=1&identifier=1043700411a37394-361d-4046-b2c0-33691a809c7e&limit_id=&language=en&operatorId=10437004'

28-02-2024T09:28:11 - [MESSAGE][PASSED] - Current window's url is: 'https://play.livetables.io/blackjack/?table_id=203&game_id=1&identifier=1043700411a37394-361d-4046-b2c0-33691a809c7e&limit_id=&language=en&operatorId=10437004'

28-02-2024T09:28:11 - [TEST_STEP][PASSED] - println(title): null

28-02-2024T09:28:11 - [TEST_STEP][PASSED] - if (title.contains("notavailable")): null

28-02-2024T09:28:11 - [TEST_STEP][PASSED] - switchToWindowIndex(1): Switched to window with index: '1'

28-02-2024T09:28:11 - [MESSAGE][PASSED] - Switched to window with index: '1'

28-02-2024T09:28:11 - [TEST_STEP][PASSED] - closeWindowIndex(1): Window with index 1 is closed

28-02-2024T09:28:12 - [MESSAGE][PASSED] - Window with index 1 is closed

28-02-2024T09:28:12 - [TEST_STEP][PASSED] - switchToWindowIndex(0): Switched to window with index: '0'

28-02-2024T09:28:12 - [MESSAGE][PASSED] - Switched to window with index: '0'

28-02-2024T09:28:12 - [TEST_STEP][PASSED] - delay(2): Delayed 2 second(s)

28-02-2024T09:28:14 - [MESSAGE][PASSED] - Delayed 2 second(s)

28-02-2024T09:28:14 - [TEST_STEP][PASSED] - println(j): null

28-02-2024T09:28:14 - [TEST_STEP][PASSED] - playgame = allgames.get(j): null

28-02-2024T09:28:14 - [TEST_STEP][PASSED] - Object = convertWebElementToTestObject(playgame): null

28-02-2024T09:28:14 - [TEST_STEP][PASSED] - scrollToElement(Object, 10): Scroll to object '' successfully

28-02-2024T09:28:14 - [MESSAGE][PASSED] - Scroll to object '' successfully

28-02-2024T09:28:14 - [TEST_STEP][PASSED] - mouseOver(Object): Object: '' is hovered

28-02-2024T09:28:14 - [MESSAGE][PASSED] - Object: '' is hovered

28-02-2024T09:28:14 - [TEST_STEP][PASSED] - if (verifyElementClickable(Object)): null

28-02-2024T09:28:14 - [MESSAGE][PASSED] - Object '' is clickable

28-02-2024T09:28:14 - [TEST_STEP][PASSED] - playgame.click(): null

28-02-2024T09:28:14 - [TEST_STEP][PASSED] - delay(5): Delayed 5 second(s)

28-02-2024T09:28:19 - [MESSAGE][PASSED] - Delayed 5 second(s)

28-02-2024T09:28:19 - [TEST_STEP][PASSED] - switchToWindowIndex(1): Switched to window with index: '1'

28-02-2024T09:28:19 - [MESSAGE][PASSED] - Switched to window with index: '1'

28-02-2024T09:28:19 - [TEST_STEP][PASSED] - title = getUrl(): Current window's url is: 'https://play.livetables.io/blackjack/?table_id=204&game_id=1&identifier=10437004d444026b-82bf-4ed8-9646-a96a9381c988&limit_id=&language=en&operatorId=10437004'

28-02-2024T09:28:19 - [MESSAGE][PASSED] - Current window's url is: 'https://play.livetables.io/blackjack/?table_id=204&game_id=1&identifier=10437004d444026b-82bf-4ed8-9646-a96a9381c988&limit_id=&language=en&operatorId=10437004'

28-02-2024T09:28:19 - [TEST_STEP][PASSED] - println(title): null

28-02-2024T09:28:19 - [TEST_STEP][PASSED] - if (title.contains("notavailable")): null

28-02-2024T09:28:19 - [TEST_STEP][PASSED] - switchToWindowIndex(1): Switched to window with index: '1'

28-02-2024T09:28:19 - [MESSAGE][PASSED] - Switched to window with index: '1'

28-02-2024T09:28:19 - [TEST_STEP][PASSED] - closeWindowIndex(1): Window with index 1 is closed

28-02-2024T09:28:19 - [MESSAGE][PASSED] - Window with index 1 is closed

28-02-2024T09:28:19 - [TEST_STEP][PASSED] - switchToWindowIndex(0): Switched to window with index: '0'

28-02-2024T09:28:19 - [MESSAGE][PASSED] - Switched to window with index: '0'

28-02-2024T09:28:19 - [TEST_STEP][PASSED] - delay(2): Delayed 2 second(s)

28-02-2024T09:28:21 - [MESSAGE][PASSED] - Delayed 2 second(s)

28-02-2024T09:28:21 - [TEST_STEP][PASSED] - println(j): null

28-02-2024T09:28:21 - [TEST_STEP][PASSED] - playgame = allgames.get(j): null

28-02-2024T09:28:21 - [TEST_STEP][PASSED] - Object = convertWebElementToTestObject(playgame): null

28-02-2024T09:28:21 - [TEST_STEP][PASSED] - scrollToElement(Object, 10): Scroll to object '' successfully

28-02-2024T09:28:21 - [MESSAGE][PASSED] - Scroll to object '' successfully

28-02-2024T09:28:21 - [TEST_STEP][PASSED] - mouseOver(Object): Object: '' is hovered

28-02-2024T09:28:22 - [MESSAGE][PASSED] - Object: '' is hovered

28-02-2024T09:28:22 - [TEST_STEP][PASSED] - if (verifyElementClickable(Object)): null

28-02-2024T09:28:22 - [MESSAGE][PASSED] - Object '' is clickable

28-02-2024T09:28:22 - [TEST_STEP][PASSED] - playgame.click(): null

28-02-2024T09:28:22 - [TEST_STEP][PASSED] - delay(5): Delayed 5 second(s)

28-02-2024T09:28:27 - [MESSAGE][PASSED] - Delayed 5 second(s)

28-02-2024T09:28:27 - [TEST_STEP][PASSED] - switchToWindowIndex(1): Switched to window with index: '1'

28-02-2024T09:28:27 - [MESSAGE][PASSED] - Switched to window with index: '1'

28-02-2024T09:28:27 - [TEST_STEP][PASSED] - title = getUrl(): Current window's url is: 'https://play.livetables.io/blackjack/?table_id=4&game_id=1&identifier=10437004c19f20b4-febe-4c32-8e60-66a72a24bd1c&limit_id=&language=en&operatorId=10437004'

28-02-2024T09:28:27 - [MESSAGE][PASSED] - Current window's url is: 'https://play.livetables.io/blackjack/?table_id=4&game_id=1&identifier=10437004c19f20b4-febe-4c32-8e60-66a72a24bd1c&limit_id=&language=en&operatorId=10437004'

28-02-2024T09:28:27 - [TEST_STEP][PASSED] - println(title): null

28-02-2024T09:28:27 - [TEST_STEP][PASSED] - if (title.contains("notavailable")): null

28-02-2024T09:28:27 - [TEST_STEP][PASSED] - switchToWindowIndex(1): Switched to window with index: '1'

28-02-2024T09:28:27 - [MESSAGE][PASSED] - Switched to window with index: '1'

28-02-2024T09:28:27 - [TEST_STEP][PASSED] - closeWindowIndex(1): Window with index 1 is closed

28-02-2024T09:28:27 - [MESSAGE][PASSED] - Window with index 1 is closed

28-02-2024T09:28:27 - [TEST_STEP][PASSED] - switchToWindowIndex(0): Switched to window with index: '0'

28-02-2024T09:28:27 - [MESSAGE][PASSED] - Switched to window with index: '0'

28-02-2024T09:28:27 - [TEST_STEP][PASSED] - delay(2): Delayed 2 second(s)

28-02-2024T09:28:29 - [MESSAGE][PASSED] - Delayed 2 second(s)

28-02-2024T09:28:29 - [TEST_STEP][PASSED] - println(j): null

28-02-2024T09:28:29 - [TEST_STEP][PASSED] - playgame = allgames.get(j): null

28-02-2024T09:28:29 - [TEST_STEP][PASSED] - Object = convertWebElementToTestObject(playgame): null

28-02-2024T09:28:29 - [TEST_STEP][PASSED] - scrollToElement(Object, 10): Scroll to object '' successfully

28-02-2024T09:28:29 - [MESSAGE][PASSED] - Scroll to object '' successfully

28-02-2024T09:28:29 - [TEST_STEP][PASSED] - mouseOver(Object): Object: '' is hovered

28-02-2024T09:28:29 - [MESSAGE][PASSED] - Object: '' is hovered

28-02-2024T09:28:29 - [TEST_STEP][PASSED] - if (verifyElementClickable(Object)): null

28-02-2024T09:28:29 - [MESSAGE][PASSED] - Object '' is clickable

28-02-2024T09:28:29 - [TEST_STEP][PASSED] - playgame.click(): null

28-02-2024T09:28:29 - [TEST_STEP][PASSED] - delay(5): Delayed 5 second(s)

28-02-2024T09:28:34 - [MESSAGE][PASSED] - Delayed 5 second(s)

28-02-2024T09:28:34 - [TEST_STEP][PASSED] - switchToWindowIndex(1): Switched to window with index: '1'

28-02-2024T09:28:34 - [MESSAGE][PASSED] - Switched to window with index: '1'

28-02-2024T09:28:34 - [TEST_STEP][PASSED] - title = getUrl(): Current window's url is: 'https://play.livetables.io/blackjack/?table_id=1&game_id=1&identifier=104370049c9cb485-c7f6-444d-8bc4-644f0270dc20&limit_id=&language=en&operatorId=10437004'

28-02-2024T09:28:34 - [MESSAGE][PASSED] - Current window's url is: 'https://play.livetables.io/blackjack/?table_id=1&game_id=1&identifier=104370049c9cb485-c7f6-444d-8bc4-644f0270dc20&limit_id=&language=en&operatorId=10437004'

28-02-2024T09:28:34 - [TEST_STEP][PASSED] - println(title): null

28-02-2024T09:28:34 - [TEST_STEP][PASSED] - if (title.contains("notavailable")): null

28-02-2024T09:28:34 - [TEST_STEP][PASSED] - switchToWindowIndex(1): Switched to window with index: '1'

28-02-2024T09:28:34 - [MESSAGE][PASSED] - Switched to window with index: '1'

28-02-2024T09:28:34 - [TEST_STEP][PASSED] - closeWindowIndex(1): Window with index 1 is closed

28-02-2024T09:28:35 - [MESSAGE][PASSED] - Window with index 1 is closed

28-02-2024T09:28:35 - [TEST_STEP][PASSED] - switchToWindowIndex(0): Switched to window with index: '0'

28-02-2024T09:28:35 - [MESSAGE][PASSED] - Switched to window with index: '0'

28-02-2024T09:28:35 - [TEST_STEP][PASSED] - delay(2): Delayed 2 second(s)

28-02-2024T09:28:37 - [MESSAGE][PASSED] - Delayed 2 second(s)

28-02-2024T09:28:37 - [TEST_STEP][PASSED] - println(j): null

28-02-2024T09:28:37 - [TEST_STEP][PASSED] - playgame = allgames.get(j): null

28-02-2024T09:28:37 - [TEST_STEP][PASSED] - Object = convertWebElementToTestObject(playgame): null

28-02-2024T09:28:37 - [TEST_STEP][PASSED] - scrollToElement(Object, 10): Scroll to object '' successfully

28-02-2024T09:28:37 - [MESSAGE][PASSED] - Scroll to object '' successfully

28-02-2024T09:28:37 - [TEST_STEP][PASSED] - mouseOver(Object): Object: '' is hovered

28-02-2024T09:28:37 - [MESSAGE][PASSED] - Object: '' is hovered

28-02-2024T09:28:37 - [TEST_STEP][PASSED] - if (verifyElementClickable(Object)): null

28-02-2024T09:28:37 - [MESSAGE][PASSED] - Object '' is clickable

28-02-2024T09:28:37 - [TEST_STEP][PASSED] - playgame.click(): null

28-02-2024T09:28:37 - [TEST_STEP][PASSED] - delay(5): Delayed 5 second(s)

28-02-2024T09:28:42 - [MESSAGE][PASSED] - Delayed 5 second(s)

28-02-2024T09:28:42 - [TEST_STEP][PASSED] - switchToWindowIndex(1): Switched to window with index: '1'

28-02-2024T09:28:42 - [MESSAGE][PASSED] - Switched to window with index: '1'

28-02-2024T09:28:42 - [TEST_STEP][PASSED] - title = getUrl(): Current window's url is: 'https://play.livetables.io/blackjack/?table_id=223&game_id=1&identifier=10437004ec254c28-579a-493f-b915-47700c7e035b&limit_id=&language=en&operatorId=10437004'

28-02-2024T09:28:42 - [MESSAGE][PASSED] - Current window's url is: 'https://play.livetables.io/blackjack/?table_id=223&game_id=1&identifier=10437004ec254c28-579a-493f-b915-47700c7e035b&limit_id=&language=en&operatorId=10437004'

28-02-2024T09:28:42 - [TEST_STEP][PASSED] - println(title): null

28-02-2024T09:28:42 - [TEST_STEP][PASSED] - if (title.contains("notavailable")): null

28-02-2024T09:28:42 - [TEST_STEP][PASSED] - switchToWindowIndex(1): Switched to window with index: '1'

28-02-2024T09:28:42 - [MESSAGE][PASSED] - Switched to window with index: '1'

28-02-2024T09:28:42 - [TEST_STEP][PASSED] - closeWindowIndex(1): Window with index 1 is closed

28-02-2024T09:28:42 - [MESSAGE][PASSED] - Window with index 1 is closed

28-02-2024T09:28:42 - [TEST_STEP][PASSED] - switchToWindowIndex(0): Switched to window with index: '0'

28-02-2024T09:28:42 - [MESSAGE][PASSED] - Switched to window with index: '0'

28-02-2024T09:28:42 - [TEST_STEP][PASSED] - delay(2): Delayed 2 second(s)

28-02-2024T09:28:44 - [MESSAGE][PASSED] - Delayed 2 second(s)

28-02-2024T09:28:44 - [TEST_STEP][PASSED] - println(j): null

28-02-2024T09:28:44 - [TEST_STEP][PASSED] - playgame = allgames.get(j): null

28-02-2024T09:28:44 - [TEST_STEP][PASSED] - Object = convertWebElementToTestObject(playgame): null

28-02-2024T09:28:44 - [TEST_STEP][PASSED] - scrollToElement(Object, 10): Scroll to object '' successfully

28-02-2024T09:28:44 - [MESSAGE][PASSED] - Scroll to object '' successfully

28-02-2024T09:28:44 - [TEST_STEP][PASSED] - mouseOver(Object): Object: '' is hovered

28-02-2024T09:28:44 - [MESSAGE][PASSED] - Object: '' is hovered

28-02-2024T09:28:44 - [TEST_STEP][PASSED] - if (verifyElementClickable(Object)): null

28-02-2024T09:28:44 - [MESSAGE][PASSED] - Object '' is clickable

28-02-2024T09:28:44 - [TEST_STEP][PASSED] - playgame.click(): null

28-02-2024T09:28:44 - [TEST_STEP][PASSED] - delay(5): Delayed 5 second(s)

28-02-2024T09:28:49 - [MESSAGE][PASSED] - Delayed 5 second(s)

28-02-2024T09:28:49 - [TEST_STEP][PASSED] - switchToWindowIndex(1): Switched to window with index: '1'

28-02-2024T09:28:49 - [MESSAGE][PASSED] - Switched to window with index: '1'

28-02-2024T09:28:49 - [TEST_STEP][PASSED] - title = getUrl(): Current window's url is: 'https://play.livetables.io/blackjack/?table_id=227&game_id=46&identifier=10437004d203cd25-74d0-427c-8d95-f298b3a3c472&limit_id=&language=en&operatorId=10437004'

28-02-2024T09:28:49 - [MESSAGE][PASSED] - Current window's url is: 'https://play.livetables.io/blackjack/?table_id=227&game_id=46&identifier=10437004d203cd25-74d0-427c-8d95-f298b3a3c472&limit_id=&language=en&operatorId=10437004'

28-02-2024T09:28:49 - [TEST_STEP][PASSED] - println(title): null

28-02-2024T09:28:49 - [TEST_STEP][PASSED] - if (title.contains("notavailable")): null

28-02-2024T09:28:49 - [TEST_STEP][PASSED] - switchToWindowIndex(1): Switched to window with index: '1'

28-02-2024T09:28:49 - [MESSAGE][PASSED] - Switched to window with index: '1'

28-02-2024T09:28:49 - [TEST_STEP][PASSED] - closeWindowIndex(1): Window with index 1 is closed

28-02-2024T09:28:49 - [MESSAGE][PASSED] - Window with index 1 is closed

28-02-2024T09:28:49 - [TEST_STEP][PASSED] - switchToWindowIndex(0): Switched to window with index: '0'

28-02-2024T09:28:49 - [MESSAGE][PASSED] - Switched to window with index: '0'

28-02-2024T09:28:49 - [TEST_STEP][PASSED] - delay(2): Delayed 2 second(s)

28-02-2024T09:28:52 - [MESSAGE][PASSED] - Delayed 2 second(s)

28-02-2024T09:28:52 - [TEST_STEP][PASSED] - println(j): null

28-02-2024T09:28:52 - [TEST_STEP][PASSED] - playgame = allgames.get(j): null

28-02-2024T09:28:52 - [TEST_STEP][PASSED] - Object = convertWebElementToTestObject(playgame): null

28-02-2024T09:28:52 - [TEST_STEP][PASSED] - scrollToElement(Object, 10): Scroll to object '' successfully

28-02-2024T09:28:52 - [MESSAGE][PASSED] - Scroll to object '' successfully

28-02-2024T09:28:52 - [TEST_STEP][PASSED] - mouseOver(Object): Object: '' is hovered

28-02-2024T09:28:52 - [MESSAGE][PASSED] - Object: '' is hovered

28-02-2024T09:28:52 - [TEST_STEP][PASSED] - if (verifyElementClickable(Object)): null

28-02-2024T09:28:52 - [MESSAGE][PASSED] - Object '' is clickable

28-02-2024T09:28:52 - [TEST_STEP][PASSED] - playgame.click(): null

28-02-2024T09:28:52 - [TEST_STEP][PASSED] - delay(5): Delayed 5 second(s)

28-02-2024T09:28:57 - [MESSAGE][PASSED] - Delayed 5 second(s)

28-02-2024T09:28:57 - [TEST_STEP][PASSED] - switchToWindowIndex(1): Switched to window with index: '1'

28-02-2024T09:28:57 - [MESSAGE][PASSED] - Switched to window with index: '1'

28-02-2024T09:28:57 - [TEST_STEP][PASSED] - title = getUrl(): Current window's url is: 'https://play.livetables.io/casino_holdem/?table_id=507000&game_id=15&identifier=104370048b99d8c8-179c-47b1-862e-9ae7781ac9e8&limit_id=&language=en&operatorId=10437004'

28-02-2024T09:28:57 - [MESSAGE][PASSED] - Current window's url is: 'https://play.livetables.io/casino_holdem/?table_id=507000&game_id=15&identifier=104370048b99d8c8-179c-47b1-862e-9ae7781ac9e8&limit_id=&language=en&operatorId=10437004'

28-02-2024T09:28:57 - [TEST_STEP][PASSED] - println(title): null

28-02-2024T09:28:57 - [TEST_STEP][PASSED] - if (title.contains("notavailable")): null

28-02-2024T09:28:57 - [TEST_STEP][PASSED] - switchToWindowIndex(1): Switched to window with index: '1'

28-02-2024T09:28:57 - [MESSAGE][PASSED] - Switched to window with index: '1'

28-02-2024T09:28:57 - [TEST_STEP][PASSED] - closeWindowIndex(1): Window with index 1 is closed

28-02-2024T09:28:57 - [MESSAGE][PASSED] - Window with index 1 is closed

28-02-2024T09:28:57 - [TEST_STEP][PASSED] - switchToWindowIndex(0): Switched to window with index: '0'

28-02-2024T09:28:57 - [MESSAGE][PASSED] - Switched to window with index: '0'

28-02-2024T09:28:57 - [TEST_STEP][PASSED] - delay(2): Delayed 2 second(s)

28-02-2024T09:28:59 - [MESSAGE][PASSED] - Delayed 2 second(s)

28-02-2024T09:28:59 - [TEST_STEP][PASSED] - println(j): null

28-02-2024T09:28:59 - [TEST_STEP][PASSED] - playgame = allgames.get(j): null

28-02-2024T09:28:59 - [TEST_STEP][PASSED] - Object = convertWebElementToTestObject(playgame): null

28-02-2024T09:28:59 - [TEST_STEP][PASSED] - scrollToElement(Object, 10): Scroll to object '' successfully

28-02-2024T09:28:59 - [MESSAGE][PASSED] - Scroll to object '' successfully

28-02-2024T09:28:59 - [TEST_STEP][PASSED] - mouseOver(Object): Object: '' is hovered

28-02-2024T09:28:59 - [MESSAGE][PASSED] - Object: '' is hovered

28-02-2024T09:28:59 - [TEST_STEP][PASSED] - if (verifyElementClickable(Object)): null

28-02-2024T09:28:59 - [MESSAGE][PASSED] - Object '' is clickable

28-02-2024T09:28:59 - [TEST_STEP][PASSED] - playgame.click(): null

28-02-2024T09:28:59 - [TEST_STEP][PASSED] - delay(5): Delayed 5 second(s)

28-02-2024T09:29:04 - [MESSAGE][PASSED] - Delayed 5 second(s)

28-02-2024T09:29:04 - [TEST_STEP][PASSED] - switchToWindowIndex(1): Switched to window with index: '1'

28-02-2024T09:29:04 - [MESSAGE][PASSED] - Switched to window with index: '1'

28-02-2024T09:29:04 - [TEST_STEP][PASSED] - title = getUrl(): Current window's url is: 'https://play.livetables.io/baccarat/?table_id=32102&game_id=27&identifier=104370047eb9df21-6ef5-4509-9a03-4498f427233f&limit_id=&language=en&operatorId=10437004'

28-02-2024T09:29:04 - [MESSAGE][PASSED] - Current window's url is: 'https://play.livetables.io/baccarat/?table_id=32102&game_id=27&identifier=104370047eb9df21-6ef5-4509-9a03-4498f427233f&limit_id=&language=en&operatorId=10437004'

28-02-2024T09:29:04 - [TEST_STEP][PASSED] - println(title): null

28-02-2024T09:29:04 - [TEST_STEP][PASSED] - if (title.contains("notavailable")): null

28-02-2024T09:29:04 - [TEST_STEP][PASSED] - switchToWindowIndex(1): Switched to window with index: '1'

28-02-2024T09:29:04 - [MESSAGE][PASSED] - Switched to window with index: '1'

28-02-2024T09:29:04 - [TEST_STEP][PASSED] - closeWindowIndex(1): Window with index 1 is closed

28-02-2024T09:29:05 - [MESSAGE][PASSED] - Window with index 1 is closed

28-02-2024T09:29:05 - [TEST_STEP][PASSED] - switchToWindowIndex(0): Switched to window with index: '0'

28-02-2024T09:29:05 - [MESSAGE][PASSED] - Switched to window with index: '0'

28-02-2024T09:29:05 - [TEST_STEP][PASSED] - delay(2): Delayed 2 second(s)

28-02-2024T09:29:07 - [MESSAGE][PASSED] - Delayed 2 second(s)

28-02-2024T09:29:07 - [TEST_STEP][PASSED] - println(j): null

28-02-2024T09:29:07 - [TEST_STEP][PASSED] - playgame = allgames.get(j): null

28-02-2024T09:29:07 - [TEST_STEP][PASSED] - Object = convertWebElementToTestObject(playgame): null

28-02-2024T09:29:07 - [TEST_STEP][PASSED] - scrollToElement(Object, 10): Scroll to object '' successfully

28-02-2024T09:29:07 - [MESSAGE][PASSED] - Scroll to object '' successfully

28-02-2024T09:29:07 - [TEST_STEP][PASSED] - mouseOver(Object): Object: '' is hovered

28-02-2024T09:29:07 - [MESSAGE][PASSED] - Object: '' is hovered

28-02-2024T09:29:07 - [TEST_STEP][PASSED] - if (verifyElementClickable(Object)): null

28-02-2024T09:29:07 - [MESSAGE][PASSED] - Object '' is clickable

28-02-2024T09:29:07 - [TEST_STEP][PASSED] - playgame.click(): null

28-02-2024T09:29:07 - [TEST_STEP][PASSED] - delay(5): Delayed 5 second(s)

28-02-2024T09:29:12 - [MESSAGE][PASSED] - Delayed 5 second(s)

28-02-2024T09:29:12 - [TEST_STEP][PASSED] - switchToWindowIndex(1): Switched to window with index: '1'

28-02-2024T09:29:12 - [MESSAGE][PASSED] - Switched to window with index: '1'

28-02-2024T09:29:12 - [TEST_STEP][PASSED] - title = getUrl(): Current window's url is: 'https://play.livetables.io/baccarat/?table_id=32103&game_id=27&identifier=104370040407d504-7bba-4a3b-adb8-f3de96310a29&limit_id=&language=en&operatorId=10437004'

28-02-2024T09:29:12 - [MESSAGE][PASSED] - Current window's url is: 'https://play.livetables.io/baccarat/?table_id=32103&game_id=27&identifier=104370040407d504-7bba-4a3b-adb8-f3de96310a29&limit_id=&language=en&operatorId=10437004'

28-02-2024T09:29:12 - [TEST_STEP][PASSED] - println(title): null

28-02-2024T09:29:12 - [TEST_STEP][PASSED] - if (title.contains("notavailable")): null

28-02-2024T09:29:12 - [TEST_STEP][PASSED] - switchToWindowIndex(1): Switched to window with index: '1'

28-02-2024T09:29:12 - [MESSAGE][PASSED] - Switched to window with index: '1'

28-02-2024T09:29:12 - [TEST_STEP][PASSED] - closeWindowIndex(1): Window with index 1 is closed

28-02-2024T09:29:12 - [MESSAGE][PASSED] - Window with index 1 is closed

28-02-2024T09:29:12 - [TEST_STEP][PASSED] - switchToWindowIndex(0): Switched to window with index: '0'

28-02-2024T09:29:12 - [MESSAGE][PASSED] - Switched to window with index: '0'

28-02-2024T09:29:12 - [TEST_STEP][PASSED] - delay(2): Delayed 2 second(s)

28-02-2024T09:29:14 - [MESSAGE][PASSED] - Delayed 2 second(s)

28-02-2024T09:29:14 - [TEST_STEP][PASSED] - println(j): null

28-02-2024T09:29:14 - [TEST_STEP][PASSED] - playgame = allgames.get(j): null

28-02-2024T09:29:14 - [TEST_STEP][PASSED] - Object = convertWebElementToTestObject(playgame): null

28-02-2024T09:29:14 - [TEST_STEP][PASSED] - scrollToElement(Object, 10): Scroll to object '' successfully

28-02-2024T09:29:14 - [MESSAGE][PASSED] - Scroll to object '' successfully

28-02-2024T09:29:14 - [TEST_STEP][PASSED] - mouseOver(Object): Object: '' is hovered

28-02-2024T09:29:14 - [MESSAGE][PASSED] - Object: '' is hovered

28-02-2024T09:29:14 - [TEST_STEP][PASSED] - if (verifyElementClickable(Object)): null

28-02-2024T09:29:14 - [MESSAGE][PASSED] - Object '' is clickable

28-02-2024T09:29:14 - [TEST_STEP][PASSED] - playgame.click(): null

28-02-2024T09:29:15 - [TEST_STEP][PASSED] - delay(5): Delayed 5 second(s)

28-02-2024T09:29:20 - [MESSAGE][PASSED] - Delayed 5 second(s)

28-02-2024T09:29:20 - [TEST_STEP][PASSED] - switchToWindowIndex(1): Switched to window with index: '1'

28-02-2024T09:29:20 - [MESSAGE][PASSED] - Switched to window with index: '1'

28-02-2024T09:29:20 - [TEST_STEP][PASSED] - title = getUrl(): Current window's url is: 'https://play.livetables.io/roulette/?table_id=321001&game_id=29&identifier=104370045d65622c-a3a2-4bb5-8995-5562c5ea243d&limit_id=&language=en&operatorId=10437004'

28-02-2024T09:29:20 - [MESSAGE][PASSED] - Current window's url is: 'https://play.livetables.io/roulette/?table_id=321001&game_id=29&identifier=104370045d65622c-a3a2-4bb5-8995-5562c5ea243d&limit_id=&language=en&operatorId=10437004'

28-02-2024T09:29:20 - [TEST_STEP][PASSED] - println(title): null

28-02-2024T09:29:20 - [TEST_STEP][PASSED] - if (title.contains("notavailable")): null

28-02-2024T09:29:20 - [TEST_STEP][PASSED] - switchToWindowIndex(1): Switched to window with index: '1'

28-02-2024T09:29:20 - [MESSAGE][PASSED] - Switched to window with index: '1'

28-02-2024T09:29:20 - [TEST_STEP][PASSED] - closeWindowIndex(1): Window with index 1 is closed

28-02-2024T09:29:20 - [MESSAGE][PASSED] - Window with index 1 is closed

28-02-2024T09:29:20 - [TEST_STEP][PASSED] - switchToWindowIndex(0): Switched to window with index: '0'

28-02-2024T09:29:20 - [MESSAGE][PASSED] - Switched to window with index: '0'

28-02-2024T09:29:20 - [TEST_STEP][PASSED] - delay(2): Delayed 2 second(s)

28-02-2024T09:29:22 - [MESSAGE][PASSED] - Delayed 2 second(s)

28-02-2024T09:29:22 - [TEST_STEP][PASSED] - println(j): null

28-02-2024T09:29:22 - [TEST_STEP][PASSED] - playgame = allgames.get(j): null

28-02-2024T09:29:22 - [TEST_STEP][PASSED] - Object = convertWebElementToTestObject(playgame): null

28-02-2024T09:29:22 - [TEST_STEP][PASSED] - scrollToElement(Object, 10): Scroll to object '' successfully

28-02-2024T09:29:22 - [MESSAGE][PASSED] - Scroll to object '' successfully

28-02-2024T09:29:22 - [TEST_STEP][PASSED] - mouseOver(Object): Object: '' is hovered

28-02-2024T09:29:22 - [MESSAGE][PASSED] - Object: '' is hovered

28-02-2024T09:29:22 - [TEST_STEP][PASSED] - if (verifyElementClickable(Object)): null

28-02-2024T09:29:22 - [MESSAGE][PASSED] - Object '' is clickable

28-02-2024T09:29:22 - [TEST_STEP][PASSED] - playgame.click(): null

28-02-2024T09:29:22 - [TEST_STEP][PASSED] - delay(5): Delayed 5 second(s)

28-02-2024T09:29:27 - [MESSAGE][PASSED] - Delayed 5 second(s)

28-02-2024T09:29:27 - [TEST_STEP][PASSED] - switchToWindowIndex(1): Switched to window with index: '1'

28-02-2024T09:29:27 - [MESSAGE][PASSED] - Switched to window with index: '1'

28-02-2024T09:29:27 - [TEST_STEP][PASSED] - title = getUrl(): Current window's url is: 'https://play.livetables.io/cricketwar/?table_id=45100&game_id=45&identifier=104370047efdb371-fdd6-46c5-a51b-c5b23c13a9ef&limit_id=&language=en&operatorId=10437004'

28-02-2024T09:29:27 - [MESSAGE][PASSED] - Current window's url is: 'https://play.livetables.io/cricketwar/?table_id=45100&game_id=45&identifier=104370047efdb371-fdd6-46c5-a51b-c5b23c13a9ef&limit_id=&language=en&operatorId=10437004'

28-02-2024T09:29:27 - [TEST_STEP][PASSED] - println(title): null

28-02-2024T09:29:27 - [TEST_STEP][PASSED] - if (title.contains("notavailable")): null

28-02-2024T09:29:27 - [TEST_STEP][PASSED] - switchToWindowIndex(1): Switched to window with index: '1'

28-02-2024T09:29:27 - [MESSAGE][PASSED] - Switched to window with index: '1'

28-02-2024T09:29:27 - [TEST_STEP][PASSED] - closeWindowIndex(1): Window with index 1 is closed

28-02-2024T09:29:27 - [MESSAGE][PASSED] - Window with index 1 is closed

28-02-2024T09:29:27 - [TEST_STEP][PASSED] - switchToWindowIndex(0): Switched to window with index: '0'

28-02-2024T09:29:27 - [MESSAGE][PASSED] - Switched to window with index: '0'

28-02-2024T09:29:27 - [TEST_STEP][PASSED] - delay(2): Delayed 2 second(s)

28-02-2024T09:29:29 - [MESSAGE][PASSED] - Delayed 2 second(s)

28-02-2024T09:29:29 - [TEST_STEP][PASSED] - println(j): null

28-02-2024T09:29:29 - [TEST_STEP][PASSED] - playgame = allgames.get(j): null

28-02-2024T09:29:29 - [TEST_STEP][PASSED] - Object = convertWebElementToTestObject(playgame): null

28-02-2024T09:29:29 - [TEST_STEP][PASSED] - scrollToElement(Object, 10): Scroll to object '' successfully

28-02-2024T09:29:29 - [MESSAGE][PASSED] - Scroll to object '' successfully

28-02-2024T09:29:29 - [TEST_STEP][PASSED] - mouseOver(Object): Object: '' is hovered

28-02-2024T09:29:29 - [MESSAGE][PASSED] - Object: '' is hovered

28-02-2024T09:29:29 - [TEST_STEP][PASSED] - if (verifyElementClickable(Object)): null

28-02-2024T09:29:29 - [MESSAGE][PASSED] - Object '' is clickable

28-02-2024T09:29:29 - [TEST_STEP][PASSED] - playgame.click(): null

28-02-2024T09:29:30 - [TEST_STEP][PASSED] - delay(5): Delayed 5 second(s)

28-02-2024T09:29:35 - [MESSAGE][PASSED] - Delayed 5 second(s)

28-02-2024T09:29:35 - [TEST_STEP][PASSED] - switchToWindowIndex(1): Switched to window with index: '1'

28-02-2024T09:29:35 - [MESSAGE][PASSED] - Switched to window with index: '1'

28-02-2024T09:29:35 - [TEST_STEP][PASSED] - title = getUrl(): Current window's url is: 'https://play.livetables.io/roulette/?table_id=411000&game_id=3&identifier=10437004152dea97-ee7f-4b4c-93db-bbdfb957151c&limit_id=&language=en&operatorId=10437004'

28-02-2024T09:29:35 - [MESSAGE][PASSED] - Current window's url is: 'https://play.livetables.io/roulette/?table_id=411000&game_id=3&identifier=10437004152dea97-ee7f-4b4c-93db-bbdfb957151c&limit_id=&language=en&operatorId=10437004'

28-02-2024T09:29:35 - [TEST_STEP][PASSED] - println(title): null

28-02-2024T09:29:35 - [TEST_STEP][PASSED] - if (title.contains("notavailable")): null

28-02-2024T09:29:35 - [TEST_STEP][PASSED] - switchToWindowIndex(1): Switched to window with index: '1'

28-02-2024T09:29:35 - [MESSAGE][PASSED] - Switched to window with index: '1'

28-02-2024T09:29:35 - [TEST_STEP][PASSED] - closeWindowIndex(1): Window with index 1 is closed

28-02-2024T09:29:35 - [MESSAGE][PASSED] - Window with index 1 is closed

28-02-2024T09:29:35 - [TEST_STEP][PASSED] - switchToWindowIndex(0): Switched to window with index: '0'

28-02-2024T09:29:35 - [MESSAGE][PASSED] - Switched to window with index: '0'

28-02-2024T09:29:35 - [TEST_STEP][PASSED] - delay(2): Delayed 2 second(s)

28-02-2024T09:29:37 - [MESSAGE][PASSED] - Delayed 2 second(s)

28-02-2024T09:29:37 - [TEST_STEP][PASSED] - println(j): null

28-02-2024T09:29:37 - [TEST_STEP][PASSED] - playgame = allgames.get(j): null

28-02-2024T09:29:37 - [TEST_STEP][PASSED] - Object = convertWebElementToTestObject(playgame): null

28-02-2024T09:29:37 - [TEST_STEP][PASSED] - scrollToElement(Object, 10): Scroll to object '' successfully

28-02-2024T09:29:37 - [MESSAGE][PASSED] - Scroll to object '' successfully

28-02-2024T09:29:37 - [TEST_STEP][PASSED] - mouseOver(Object): Object: '' is hovered

28-02-2024T09:29:37 - [MESSAGE][PASSED] - Object: '' is hovered

28-02-2024T09:29:37 - [TEST_STEP][PASSED] - if (verifyElementClickable(Object)): null

28-02-2024T09:29:37 - [MESSAGE][PASSED] - Object '' is clickable

28-02-2024T09:29:37 - [TEST_STEP][PASSED] - playgame.click(): null

28-02-2024T09:29:37 - [TEST_STEP][PASSED] - delay(5): Delayed 5 second(s)

28-02-2024T09:29:42 - [MESSAGE][PASSED] - Delayed 5 second(s)

28-02-2024T09:29:42 - [TEST_STEP][PASSED] - switchToWindowIndex(1): Switched to window with index: '1'

28-02-2024T09:29:42 - [MESSAGE][PASSED] - Switched to window with index: '1'

28-02-2024T09:29:42 - [TEST_STEP][PASSED] - title = getUrl(): Current window's url is: 'https://play.livetables.io/roulette/?table_id=221003&game_id=3&identifier=10437004117a2dff-c177-48f7-a09d-5313d2b52474&limit_id=&language=en&operatorId=10437004'

28-02-2024T09:29:42 - [MESSAGE][PASSED] - Current window's url is: 'https://play.livetables.io/roulette/?table_id=221003&game_id=3&identifier=10437004117a2dff-c177-48f7-a09d-5313d2b52474&limit_id=&language=en&operatorId=10437004'

28-02-2024T09:29:42 - [TEST_STEP][PASSED] - println(title): null

28-02-2024T09:29:42 - [TEST_STEP][PASSED] - if (title.contains("notavailable")): null

28-02-2024T09:29:42 - [TEST_STEP][PASSED] - switchToWindowIndex(1): Switched to window with index: '1'

28-02-2024T09:29:42 - [MESSAGE][PASSED] - Switched to window with index: '1'

28-02-2024T09:29:42 - [TEST_STEP][PASSED] - closeWindowIndex(1): Window with index 1 is closed

28-02-2024T09:29:43 - [MESSAGE][PASSED] - Window with index 1 is closed

28-02-2024T09:29:43 - [TEST_STEP][PASSED] - switchToWindowIndex(0): Switched to window with index: '0'

28-02-2024T09:29:43 - [MESSAGE][PASSED] - Switched to window with index: '0'

28-02-2024T09:29:43 - [TEST_STEP][PASSED] - delay(2): Delayed 2 second(s)

28-02-2024T09:29:45 - [MESSAGE][PASSED] - Delayed 2 second(s)

28-02-2024T09:29:45 - [TEST_STEP][PASSED] - println(j): null

28-02-2024T09:29:45 - [TEST_STEP][PASSED] - playgame = allgames.get(j): null

28-02-2024T09:29:45 - [TEST_STEP][PASSED] - Object = convertWebElementToTestObject(playgame): null

28-02-2024T09:29:45 - [TEST_STEP][PASSED] - scrollToElement(Object, 10): Scroll to object '' successfully

28-02-2024T09:29:45 - [MESSAGE][PASSED] - Scroll to object '' successfully

28-02-2024T09:29:45 - [TEST_STEP][PASSED] - mouseOver(Object): Object: '' is hovered

28-02-2024T09:29:45 - [MESSAGE][PASSED] - Object: '' is hovered

28-02-2024T09:29:45 - [TEST_STEP][PASSED] - if (verifyElementClickable(Object)): null

28-02-2024T09:29:45 - [MESSAGE][PASSED] - Object '' is clickable

28-02-2024T09:29:45 - [TEST_STEP][PASSED] - playgame.click(): null

28-02-2024T09:29:45 - [TEST_STEP][PASSED] - delay(5): Delayed 5 second(s)

28-02-2024T09:29:50 - [MESSAGE][PASSED] - Delayed 5 second(s)

28-02-2024T09:29:50 - [TEST_STEP][PASSED] - switchToWindowIndex(1): Switched to window with index: '1'

28-02-2024T09:29:50 - [MESSAGE][PASSED] - Switched to window with index: '1'

28-02-2024T09:29:50 - [TEST_STEP][PASSED] - title = getUrl(): Current window's url is: 'https://play.livetables.io/baccarat/?table_id=150&game_id=24&identifier=10437004f1b32080-1b41-4d89-b86d-c1d08c6adab1&limit_id=&language=en&operatorId=10437004'

28-02-2024T09:29:50 - [MESSAGE][PASSED] - Current window's url is: 'https://play.livetables.io/baccarat/?table_id=150&game_id=24&identifier=10437004f1b32080-1b41-4d89-b86d-c1d08c6adab1&limit_id=&language=en&operatorId=10437004'

28-02-2024T09:29:50 - [TEST_STEP][PASSED] - println(title): null

28-02-2024T09:29:50 - [TEST_STEP][PASSED] - if (title.contains("notavailable")): null

28-02-2024T09:29:50 - [TEST_STEP][PASSED] - switchToWindowIndex(1): Switched to window with index: '1'

28-02-2024T09:29:50 - [MESSAGE][PASSED] - Switched to window with index: '1'

28-02-2024T09:29:50 - [TEST_STEP][PASSED] - closeWindowIndex(1): Window with index 1 is closed

28-02-2024T09:29:50 - [MESSAGE][PASSED] - Window with index 1 is closed

28-02-2024T09:29:50 - [TEST_STEP][PASSED] - switchToWindowIndex(0): Switched to window with index: '0'

28-02-2024T09:29:50 - [MESSAGE][PASSED] - Switched to window with index: '0'

28-02-2024T09:29:50 - [TEST_STEP][PASSED] - delay(2): Delayed 2 second(s)

28-02-2024T09:29:52 - [MESSAGE][PASSED] - Delayed 2 second(s)

28-02-2024T09:29:52 - [TEST_STEP][PASSED] - println(j): null

28-02-2024T09:29:52 - [TEST_STEP][PASSED] - playgame = allgames.get(j): null

28-02-2024T09:29:52 - [TEST_STEP][PASSED] - Object = convertWebElementToTestObject(playgame): null

28-02-2024T09:29:52 - [TEST_STEP][PASSED] - scrollToElement(Object, 10): Scroll to object '' successfully

28-02-2024T09:29:52 - [MESSAGE][PASSED] - Scroll to object '' successfully

28-02-2024T09:29:52 - [TEST_STEP][PASSED] - mouseOver(Object): Object: '' is hovered

28-02-2024T09:29:52 - [MESSAGE][PASSED] - Object: '' is hovered

28-02-2024T09:29:52 - [TEST_STEP][PASSED] - if (verifyElementClickable(Object)): null

28-02-2024T09:29:52 - [MESSAGE][PASSED] - Object '' is clickable

28-02-2024T09:29:52 - [TEST_STEP][PASSED] - playgame.click(): null

28-02-2024T09:29:52 - [TEST_STEP][PASSED] - delay(5): Delayed 5 second(s)

28-02-2024T09:29:57 - [MESSAGE][PASSED] - Delayed 5 second(s)

28-02-2024T09:29:57 - [TEST_STEP][PASSED] - switchToWindowIndex(1): Switched to window with index: '1'

28-02-2024T09:29:57 - [MESSAGE][PASSED] - Switched to window with index: '1'

28-02-2024T09:29:57 - [TEST_STEP][PASSED] - title = getUrl(): Current window's url is: 'https://play.livetables.io/rng_roulette/?table_id=481001&game_id=48&identifier=10437004d8d8b52e-2bdb-4d15-9434-9474f1dcc4b2&limit_id=&language=en&operatorId=10437004'

28-02-2024T09:29:57 - [MESSAGE][PASSED] - Current window's url is: 'https://play.livetables.io/rng_roulette/?table_id=481001&game_id=48&identifier=10437004d8d8b52e-2bdb-4d15-9434-9474f1dcc4b2&limit_id=&language=en&operatorId=10437004'

28-02-2024T09:29:57 - [TEST_STEP][PASSED] - println(title): null

28-02-2024T09:29:57 - [TEST_STEP][PASSED] - if (title.contains("notavailable")): null

28-02-2024T09:29:57 - [TEST_STEP][PASSED] - switchToWindowIndex(1): Switched to window with index: '1'

28-02-2024T09:29:57 - [MESSAGE][PASSED] - Switched to window with index: '1'

28-02-2024T09:29:57 - [TEST_STEP][PASSED] - closeWindowIndex(1): Window with index 1 is closed

28-02-2024T09:29:58 - [MESSAGE][PASSED] - Window with index 1 is closed

28-02-2024T09:29:58 - [TEST_STEP][PASSED] - switchToWindowIndex(0): Switched to window with index: '0'

28-02-2024T09:29:58 - [MESSAGE][PASSED] - Switched to window with index: '0'

28-02-2024T09:29:58 - [TEST_STEP][PASSED] - delay(2): Delayed 2 second(s)

28-02-2024T09:30:00 - [MESSAGE][PASSED] - Delayed 2 second(s)

28-02-2024T09:30:00 - [TEST_STEP][PASSED] - println(j): null

28-02-2024T09:30:00 - [TEST_STEP][PASSED] - playgame = allgames.get(j): null

28-02-2024T09:30:00 - [TEST_STEP][PASSED] - Object = convertWebElementToTestObject(playgame): null

28-02-2024T09:30:00 - [TEST_STEP][PASSED] - scrollToElement(Object, 10): Scroll to object '' successfully

28-02-2024T09:30:00 - [MESSAGE][PASSED] - Scroll to object '' successfully

28-02-2024T09:30:00 - [TEST_STEP][PASSED] - mouseOver(Object): Object: '' is hovered

28-02-2024T09:30:00 - [MESSAGE][PASSED] - Object: '' is hovered

28-02-2024T09:30:00 - [TEST_STEP][PASSED] - if (verifyElementClickable(Object)): null

28-02-2024T09:30:00 - [MESSAGE][PASSED] - Object '' is clickable

28-02-2024T09:30:00 - [TEST_STEP][PASSED] - playgame.click(): null

28-02-2024T09:30:00 - [TEST_STEP][PASSED] - delay(5): Delayed 5 second(s)

28-02-2024T09:30:05 - [MESSAGE][PASSED] - Delayed 5 second(s)

28-02-2024T09:30:05 - [TEST_STEP][PASSED] - switchToWindowIndex(1): Switched to window with index: '1'

28-02-2024T09:30:05 - [MESSAGE][PASSED] - Switched to window with index: '1'

28-02-2024T09:30:05 - [TEST_STEP][PASSED] - title = getUrl(): Current window's url is: 'https://play.livetables.io/baccarat/?table_id=43100&game_id=2&identifier=1043700464bf4ca6-b641-433f-88aa-092dd5a96b2f&limit_id=&language=en&operatorId=10437004'

28-02-2024T09:30:05 - [MESSAGE][PASSED] - Current window's url is: 'https://play.livetables.io/baccarat/?table_id=43100&game_id=2&identifier=1043700464bf4ca6-b641-433f-88aa-092dd5a96b2f&limit_id=&language=en&operatorId=10437004'

28-02-2024T09:30:05 - [TEST_STEP][PASSED] - println(title): null

28-02-2024T09:30:05 - [TEST_STEP][PASSED] - if (title.contains("notavailable")): null

28-02-2024T09:30:05 - [TEST_STEP][PASSED] - switchToWindowIndex(1): Switched to window with index: '1'

28-02-2024T09:30:05 - [MESSAGE][PASSED] - Switched to window with index: '1'

28-02-2024T09:30:05 - [TEST_STEP][PASSED] - closeWindowIndex(1): Window with index 1 is closed

28-02-2024T09:30:05 - [MESSAGE][PASSED] - Window with index 1 is closed

28-02-2024T09:30:05 - [TEST_STEP][PASSED] - switchToWindowIndex(0): Switched to window with index: '0'

28-02-2024T09:30:05 - [MESSAGE][PASSED] - Switched to window with index: '0'

28-02-2024T09:30:05 - [TEST_STEP][PASSED] - delay(2): Delayed 2 second(s)

28-02-2024T09:30:07 - [MESSAGE][PASSED] - Delayed 2 second(s)

28-02-2024T09:30:07 - [TEST_STEP][PASSED] - println(j): null

28-02-2024T09:30:07 - [TEST_STEP][PASSED] - playgame = allgames.get(j): null

28-02-2024T09:30:07 - [TEST_STEP][PASSED] - Object = convertWebElementToTestObject(playgame): null

28-02-2024T09:30:07 - [TEST_STEP][PASSED] - scrollToElement(Object, 10): Scroll to object '' successfully

28-02-2024T09:30:07 - [MESSAGE][PASSED] - Scroll to object '' successfully

28-02-2024T09:30:07 - [TEST_STEP][PASSED] - mouseOver(Object): Object: '' is hovered

28-02-2024T09:30:07 - [MESSAGE][PASSED] - Object: '' is hovered

28-02-2024T09:30:07 - [TEST_STEP][PASSED] - if (verifyElementClickable(Object)): null

28-02-2024T09:30:07 - [MESSAGE][PASSED] - Object '' is clickable

28-02-2024T09:30:07 - [TEST_STEP][PASSED] - playgame.click(): null

28-02-2024T09:30:08 - [TEST_STEP][PASSED] - delay(5): Delayed 5 second(s)

28-02-2024T09:30:13 - [MESSAGE][PASSED] - Delayed 5 second(s)

28-02-2024T09:30:13 - [TEST_STEP][PASSED] - switchToWindowIndex(1): Switched to window with index: '1'

28-02-2024T09:30:13 - [MESSAGE][PASSED] - Switched to window with index: '1'

28-02-2024T09:30:13 - [TEST_STEP][PASSED] - title = getUrl(): Current window's url is: 'https://play.livetables.io/baccarat/?table_id=100&game_id=2&identifier=10437004a67bf6a8-12a7-46e9-bed1-2f126068578d&limit_id=&language=en&operatorId=10437004'

28-02-2024T09:30:13 - [MESSAGE][PASSED] - Current window's url is: 'https://play.livetables.io/baccarat/?table_id=100&game_id=2&identifier=10437004a67bf6a8-12a7-46e9-bed1-2f126068578d&limit_id=&language=en&operatorId=10437004'

28-02-2024T09:30:13 - [TEST_STEP][PASSED] - println(title): null

28-02-2024T09:30:13 - [TEST_STEP][PASSED] - if (title.contains("notavailable")): null

28-02-2024T09:30:13 - [TEST_STEP][PASSED] - switchToWindowIndex(1): Switched to window with index: '1'

28-02-2024T09:30:13 - [MESSAGE][PASSED] - Switched to window with index: '1'

28-02-2024T09:30:13 - [TEST_STEP][PASSED] - closeWindowIndex(1): Window with index 1 is closed

28-02-2024T09:30:13 - [MESSAGE][PASSED] - Window with index 1 is closed

28-02-2024T09:30:13 - [TEST_STEP][PASSED] - switchToWindowIndex(0): Switched to window with index: '0'

28-02-2024T09:30:13 - [MESSAGE][PASSED] - Switched to window with index: '0'

28-02-2024T09:30:13 - [TEST_STEP][PASSED] - delay(2): Delayed 2 second(s)

28-02-2024T09:30:15 - [MESSAGE][PASSED] - Delayed 2 second(s)

28-02-2024T09:30:15 - [TEST_STEP][PASSED] - println(j): null

28-02-2024T09:30:15 - [TEST_STEP][PASSED] - playgame = allgames.get(j): null

28-02-2024T09:30:15 - [TEST_STEP][PASSED] - Object = convertWebElementToTestObject(playgame): null

28-02-2024T09:30:15 - [TEST_STEP][PASSED] - scrollToElement(Object, 10): Scroll to object '' successfully

28-02-2024T09:30:15 - [MESSAGE][PASSED] - Scroll to object '' successfully

28-02-2024T09:30:15 - [TEST_STEP][PASSED] - mouseOver(Object): Object: '' is hovered

28-02-2024T09:30:15 - [MESSAGE][PASSED] - Object: '' is hovered

28-02-2024T09:30:15 - [TEST_STEP][PASSED] - if (verifyElementClickable(Object)): null

28-02-2024T09:30:15 - [MESSAGE][PASSED] - Object '' is clickable

28-02-2024T09:30:15 - [TEST_STEP][PASSED] - playgame.click(): null

28-02-2024T09:30:15 - [TEST_STEP][PASSED] - delay(5): Delayed 5 second(s)

28-02-2024T09:30:20 - [MESSAGE][PASSED] - Delayed 5 second(s)

28-02-2024T09:30:20 - [TEST_STEP][PASSED] - switchToWindowIndex(1): Switched to window with index: '1'

28-02-2024T09:30:20 - [MESSAGE][PASSED] - Switched to window with index: '1'

28-02-2024T09:30:20 - [TEST_STEP][PASSED] - title = getUrl(): Current window's url is: 'https://play.livetables.io/baccarat/?table_id=120&game_id=20&identifier=10437004c36baa77-dfdd-4bc3-a565-8685e5d76447&limit_id=&language=en&operatorId=10437004'

28-02-2024T09:30:20 - [MESSAGE][PASSED] - Current window's url is: 'https://play.livetables.io/baccarat/?table_id=120&game_id=20&identifier=10437004c36baa77-dfdd-4bc3-a565-8685e5d76447&limit_id=&language=en&operatorId=10437004'

28-02-2024T09:30:20 - [TEST_STEP][PASSED] - println(title): null

28-02-2024T09:30:20 - [TEST_STEP][PASSED] - if (title.contains("notavailable")): null

28-02-2024T09:30:20 - [TEST_STEP][PASSED] - switchToWindowIndex(1): Switched to window with index: '1'

28-02-2024T09:30:20 - [MESSAGE][PASSED] - Switched to window with index: '1'

28-02-2024T09:30:20 - [TEST_STEP][PASSED] - closeWindowIndex(1): Window with index 1 is closed

28-02-2024T09:30:20 - [MESSAGE][PASSED] - Window with index 1 is closed

28-02-2024T09:30:20 - [TEST_STEP][PASSED] - switchToWindowIndex(0): Switched to window with index: '0'

28-02-2024T09:30:20 - [MESSAGE][PASSED] - Switched to window with index: '0'

28-02-2024T09:30:20 - [TEST_STEP][PASSED] - delay(2): Delayed 2 second(s)

28-02-2024T09:30:22 - [MESSAGE][PASSED] - Delayed 2 second(s)

28-02-2024T09:30:22 - [TEST_STEP][PASSED] - println(j): null

28-02-2024T09:30:22 - [TEST_STEP][PASSED] - playgame = allgames.get(j): null

28-02-2024T09:30:22 - [TEST_STEP][PASSED] - Object = convertWebElementToTestObject(playgame): null

28-02-2024T09:30:22 - [TEST_STEP][PASSED] - scrollToElement(Object, 10): Scroll to object '' successfully

28-02-2024T09:30:22 - [MESSAGE][PASSED] - Scroll to object '' successfully

28-02-2024T09:30:22 - [TEST_STEP][PASSED] - mouseOver(Object): Object: '' is hovered

28-02-2024T09:30:22 - [MESSAGE][PASSED] - Object: '' is hovered

28-02-2024T09:30:22 - [TEST_STEP][PASSED] - if (verifyElementClickable(Object)): null

28-02-2024T09:30:22 - [MESSAGE][PASSED] - Object '' is clickable

28-02-2024T09:30:22 - [TEST_STEP][PASSED] - playgame.click(): null

28-02-2024T09:30:23 - [TEST_STEP][PASSED] - delay(5): Delayed 5 second(s)

28-02-2024T09:30:28 - [MESSAGE][PASSED] - Delayed 5 second(s)

28-02-2024T09:30:28 - [TEST_STEP][PASSED] - switchToWindowIndex(1): Switched to window with index: '1'

28-02-2024T09:30:28 - [MESSAGE][PASSED] - Switched to window with index: '1'

28-02-2024T09:30:28 - [TEST_STEP][PASSED] - title = getUrl(): Current window's url is: 'https://play.livetables.io/baccarat/?table_id=130&game_id=21&identifier=10437004f181ef6c-0371-4ca5-96d2-02a07a4ca3d4&limit_id=&language=en&operatorId=10437004'

28-02-2024T09:30:28 - [MESSAGE][PASSED] - Current window's url is: 'https://play.livetables.io/baccarat/?table_id=130&game_id=21&identifier=10437004f181ef6c-0371-4ca5-96d2-02a07a4ca3d4&limit_id=&language=en&operatorId=10437004'

28-02-2024T09:30:28 - [TEST_STEP][PASSED] - println(title): null

28-02-2024T09:30:28 - [TEST_STEP][PASSED] - if (title.contains("notavailable")): null

28-02-2024T09:30:28 - [TEST_STEP][PASSED] - switchToWindowIndex(1): Switched to window with index: '1'

28-02-2024T09:30:28 - [MESSAGE][PASSED] - Switched to window with index: '1'

28-02-2024T09:30:28 - [TEST_STEP][PASSED] - closeWindowIndex(1): Window with index 1 is closed

28-02-2024T09:30:28 - [MESSAGE][PASSED] - Window with index 1 is closed

28-02-2024T09:30:28 - [TEST_STEP][PASSED] - switchToWindowIndex(0): Switched to window with index: '0'

28-02-2024T09:30:28 - [MESSAGE][PASSED] - Switched to window with index: '0'

28-02-2024T09:30:28 - [TEST_STEP][PASSED] - delay(2): Delayed 2 second(s)

28-02-2024T09:30:30 - [MESSAGE][PASSED] - Delayed 2 second(s)

28-02-2024T09:30:30 - [TEST_STEP][PASSED] - println(j): null

28-02-2024T09:30:30 - [TEST_STEP][PASSED] - playgame = allgames.get(j): null

28-02-2024T09:30:30 - [TEST_STEP][PASSED] - Object = convertWebElementToTestObject(playgame): null

28-02-2024T09:30:30 - [TEST_STEP][PASSED] - scrollToElement(Object, 10): Scroll to object '' successfully

28-02-2024T09:30:30 - [MESSAGE][PASSED] - Scroll to object '' successfully

28-02-2024T09:30:30 - [TEST_STEP][PASSED] - mouseOver(Object): Object: '' is hovered

28-02-2024T09:30:30 - [MESSAGE][PASSED] - Object: '' is hovered

28-02-2024T09:30:30 - [TEST_STEP][PASSED] - if (verifyElementClickable(Object)): null

28-02-2024T09:30:30 - [MESSAGE][PASSED] - Object '' is clickable

28-02-2024T09:30:30 - [TEST_STEP][PASSED] - playgame.click(): null

28-02-2024T09:30:30 - [TEST_STEP][PASSED] - delay(5): Delayed 5 second(s)

28-02-2024T09:30:35 - [MESSAGE][PASSED] - Delayed 5 second(s)

28-02-2024T09:30:35 - [TEST_STEP][PASSED] - switchToWindowIndex(1): Switched to window with index: '1'

28-02-2024T09:30:35 - [MESSAGE][PASSED] - Switched to window with index: '1'

28-02-2024T09:30:35 - [TEST_STEP][PASSED] - title = getUrl(): Current window's url is: 'https://play.livetables.io/blackjack/?table_id=226&game_id=1&identifier=104370048a9e3073-7556-4fa8-adcc-e6e36aca883f&limit_id=&language=en&operatorId=10437004'

28-02-2024T09:30:35 - [MESSAGE][PASSED] - Current window's url is: 'https://play.livetables.io/blackjack/?table_id=226&game_id=1&identifier=104370048a9e3073-7556-4fa8-adcc-e6e36aca883f&limit_id=&language=en&operatorId=10437004'

28-02-2024T09:30:35 - [TEST_STEP][PASSED] - println(title): null

28-02-2024T09:30:35 - [TEST_STEP][PASSED] - if (title.contains("notavailable")): null

28-02-2024T09:30:35 - [TEST_STEP][PASSED] - switchToWindowIndex(1): Switched to window with index: '1'

28-02-2024T09:30:35 - [MESSAGE][PASSED] - Switched to window with index: '1'

28-02-2024T09:30:35 - [TEST_STEP][PASSED] - closeWindowIndex(1): Window with index 1 is closed

28-02-2024T09:30:35 - [MESSAGE][PASSED] - Window with index 1 is closed

28-02-2024T09:30:35 - [TEST_STEP][PASSED] - switchToWindowIndex(0): Switched to window with index: '0'

28-02-2024T09:30:35 - [MESSAGE][PASSED] - Switched to window with index: '0'

28-02-2024T09:30:35 - [TEST_STEP][PASSED] - delay(2): Delayed 2 second(s)

28-02-2024T09:30:37 - [MESSAGE][PASSED] - Delayed 2 second(s)

28-02-2024T09:30:37 - [TEST_STEP][PASSED] - println(j): null

28-02-2024T09:30:37 - [TEST_STEP][PASSED] - playgame = allgames.get(j): null

28-02-2024T09:30:37 - [TEST_STEP][PASSED] - Object = convertWebElementToTestObject(playgame): null

28-02-2024T09:30:37 - [TEST_STEP][PASSED] - scrollToElement(Object, 10): Scroll to object '' successfully

28-02-2024T09:30:37 - [MESSAGE][PASSED] - Scroll to object '' successfully

28-02-2024T09:30:37 - [TEST_STEP][PASSED] - mouseOver(Object): Object: '' is hovered

28-02-2024T09:30:37 - [MESSAGE][PASSED] - Object: '' is hovered

28-02-2024T09:30:37 - [TEST_STEP][PASSED] - if (verifyElementClickable(Object)): null

28-02-2024T09:30:37 - [MESSAGE][PASSED] - Object '' is clickable

28-02-2024T09:30:37 - [TEST_STEP][PASSED] - playgame.click(): null

28-02-2024T09:30:37 - [TEST_STEP][PASSED] - delay(5): Delayed 5 second(s)

28-02-2024T09:30:42 - [MESSAGE][PASSED] - Delayed 5 second(s)

28-02-2024T09:30:42 - [TEST_STEP][PASSED] - switchToWindowIndex(1): Switched to window with index: '1'

28-02-2024T09:30:42 - [MESSAGE][PASSED] - Switched to window with index: '1'

28-02-2024T09:30:42 - [TEST_STEP][PASSED] - title = getUrl(): Current window's url is: 'https://play.livetables.io/category/1'

28-02-2024T09:30:42 - [MESSAGE][PASSED] - Current window's url is: 'https://play.livetables.io/category/1'

28-02-2024T09:30:42 - [TEST_STEP][PASSED] - println(title): null

28-02-2024T09:30:42 - [TEST_STEP][PASSED] - if (title.contains("notavailable")): null

28-02-2024T09:30:42 - [TEST_STEP][PASSED] - switchToWindowIndex(1): Switched to window with index: '1'

28-02-2024T09:30:42 - [MESSAGE][PASSED] - Switched to window with index: '1'

28-02-2024T09:30:42 - [TEST_STEP][PASSED] - closeWindowIndex(1): Window with index 1 is closed

28-02-2024T09:30:42 - [MESSAGE][PASSED] - Window with index 1 is closed

28-02-2024T09:30:42 - [TEST_STEP][PASSED] - switchToWindowIndex(0): Switched to window with index: '0'

28-02-2024T09:30:42 - [MESSAGE][PASSED] - Switched to window with index: '0'

28-02-2024T09:30:42 - [TEST_STEP][PASSED] - delay(2): Delayed 2 second(s)

28-02-2024T09:30:44 - [MESSAGE][PASSED] - Delayed 2 second(s)

28-02-2024T09:30:44 - [TEST_STEP][PASSED] - println(j): null

28-02-2024T09:30:44 - [TEST_STEP][PASSED] - playgame = allgames.get(j): null

28-02-2024T09:30:44 - [TEST_STEP][PASSED] - Object = convertWebElementToTestObject(playgame): null

28-02-2024T09:30:44 - [TEST_STEP][PASSED] - scrollToElement(Object, 10): Scroll to object '' successfully

28-02-2024T09:30:44 - [MESSAGE][PASSED] - Scroll to object '' successfully

28-02-2024T09:30:44 - [TEST_STEP][PASSED] - mouseOver(Object): Object: '' is hovered

28-02-2024T09:30:44 - [MESSAGE][PASSED] - Object: '' is hovered

28-02-2024T09:30:44 - [TEST_STEP][PASSED] - if (verifyElementClickable(Object)): null

28-02-2024T09:30:44 - [MESSAGE][PASSED] - Object '' is clickable

28-02-2024T09:30:44 - [TEST_STEP][PASSED] - playgame.click(): null

28-02-2024T09:30:44 - [TEST_STEP][PASSED] - delay(5): Delayed 5 second(s)

28-02-2024T09:30:49 - [MESSAGE][PASSED] - Delayed 5 second(s)

28-02-2024T09:30:49 - [TEST_STEP][PASSED] - switchToWindowIndex(1): Switched to window with index: '1'

28-02-2024T09:30:50 - [MESSAGE][PASSED] - Switched to window with index: '1'

28-02-2024T09:30:50 - [TEST_STEP][PASSED] - title = getUrl(): Current window's url is: 'https://play.livetables.io/lucky7/?table_id=228001&game_id=13&identifier=10437004a9283d3d-ab32-4888-9f84-e119110cff7d&limit_id=&language=en&operatorId=10437004'

28-02-2024T09:30:50 - [MESSAGE][PASSED] - Current window's url is: 'https://play.livetables.io/lucky7/?table_id=228001&game_id=13&identifier=10437004a9283d3d-ab32-4888-9f84-e119110cff7d&limit_id=&language=en&operatorId=10437004'

28-02-2024T09:30:50 - [TEST_STEP][PASSED] - println(title): null

28-02-2024T09:30:50 - [TEST_STEP][PASSED] - if (title.contains("notavailable")): null

28-02-2024T09:30:50 - [TEST_STEP][PASSED] - switchToWindowIndex(1): Switched to window with index: '1'

28-02-2024T09:30:50 - [MESSAGE][PASSED] - Switched to window with index: '1'

28-02-2024T09:30:50 - [TEST_STEP][PASSED] - closeWindowIndex(1): Window with index 1 is closed

28-02-2024T09:30:50 - [MESSAGE][PASSED] - Window with index 1 is closed

28-02-2024T09:30:50 - [TEST_STEP][PASSED] - switchToWindowIndex(0): Switched to window with index: '0'

28-02-2024T09:30:50 - [MESSAGE][PASSED] - Switched to window with index: '0'

28-02-2024T09:30:50 - [TEST_STEP][PASSED] - delay(2): Delayed 2 second(s)

28-02-2024T09:30:52 - [MESSAGE][PASSED] - Delayed 2 second(s)

28-02-2024T09:30:52 - [TEST_STEP][PASSED] - println(j): null

28-02-2024T09:30:52 - [TEST_STEP][PASSED] - playgame = allgames.get(j): null

28-02-2024T09:30:52 - [TEST_STEP][PASSED] - Object = convertWebElementToTestObject(playgame): null

28-02-2024T09:30:52 - [TEST_STEP][PASSED] - scrollToElement(Object, 10): Scroll to object '' successfully

28-02-2024T09:30:52 - [MESSAGE][PASSED] - Scroll to object '' successfully

28-02-2024T09:30:52 - [TEST_STEP][PASSED] - mouseOver(Object): Object: '' is hovered

28-02-2024T09:30:52 - [MESSAGE][PASSED] - Object: '' is hovered

28-02-2024T09:30:52 - [TEST_STEP][PASSED] - if (verifyElementClickable(Object)): null

28-02-2024T09:30:52 - [MESSAGE][PASSED] - Object '' is clickable

28-02-2024T09:30:52 - [TEST_STEP][PASSED] - playgame.click(): null

28-02-2024T09:30:52 - [TEST_STEP][PASSED] - delay(5): Delayed 5 second(s)

28-02-2024T09:30:57 - [MESSAGE][PASSED] - Delayed 5 second(s)

28-02-2024T09:30:57 - [TEST_STEP][PASSED] - switchToWindowIndex(1): Switched to window with index: '1'

28-02-2024T09:30:57 - [MESSAGE][PASSED] - Switched to window with index: '1'

28-02-2024T09:30:57 - [TEST_STEP][PASSED] - title = getUrl(): Current window's url is: 'https://play.livetables.io/blackjack/?table_id=4151&game_id=12&identifier=104370049e77fe14-b1c0-4081-9818-d0597b4cf3e3&limit_id=&language=en&operatorId=10437004'

28-02-2024T09:30:57 - [MESSAGE][PASSED] - Current window's url is: 'https://play.livetables.io/blackjack/?table_id=4151&game_id=12&identifier=104370049e77fe14-b1c0-4081-9818-d0597b4cf3e3&limit_id=&language=en&operatorId=10437004'

28-02-2024T09:30:57 - [TEST_STEP][PASSED] - println(title): null

28-02-2024T09:30:57 - [TEST_STEP][PASSED] - if (title.contains("notavailable")): null

28-02-2024T09:30:57 - [TEST_STEP][PASSED] - switchToWindowIndex(1): Switched to window with index: '1'

28-02-2024T09:30:57 - [MESSAGE][PASSED] - Switched to window with index: '1'

28-02-2024T09:30:57 - [TEST_STEP][PASSED] - closeWindowIndex(1): Window with index 1 is closed

28-02-2024T09:30:57 - [MESSAGE][PASSED] - Window with index 1 is closed

28-02-2024T09:30:57 - [TEST_STEP][PASSED] - switchToWindowIndex(0): Switched to window with index: '0'

28-02-2024T09:30:58 - [MESSAGE][PASSED] - Switched to window with index: '0'

28-02-2024T09:30:58 - [TEST_STEP][PASSED] - delay(2): Delayed 2 second(s)

28-02-2024T09:31:00 - [MESSAGE][PASSED] - Delayed 2 second(s)

28-02-2024T09:31:00 - [TEST_STEP][PASSED] - println(j): null

28-02-2024T09:31:00 - [TEST_STEP][PASSED] - playgame = allgames.get(j): null

28-02-2024T09:31:00 - [TEST_STEP][PASSED] - Object = convertWebElementToTestObject(playgame): null

28-02-2024T09:31:00 - [TEST_STEP][PASSED] - scrollToElement(Object, 10): Scroll to object '' successfully

28-02-2024T09:31:00 - [MESSAGE][PASSED] - Scroll to object '' successfully

28-02-2024T09:31:00 - [TEST_STEP][PASSED] - mouseOver(Object): Object: '' is hovered

28-02-2024T09:31:00 - [MESSAGE][PASSED] - Object: '' is hovered

28-02-2024T09:31:00 - [TEST_STEP][PASSED] - if (verifyElementClickable(Object)): null

28-02-2024T09:31:00 - [MESSAGE][PASSED] - Object '' is clickable

28-02-2024T09:31:00 - [TEST_STEP][PASSED] - playgame.click(): null

28-02-2024T09:31:00 - [TEST_STEP][PASSED] - delay(5): Delayed 5 second(s)

28-02-2024T09:31:05 - [MESSAGE][PASSED] - Delayed 5 second(s)

28-02-2024T09:31:05 - [TEST_STEP][PASSED] - switchToWindowIndex(1): Switched to window with index: '1'

28-02-2024T09:31:05 - [MESSAGE][PASSED] - Switched to window with index: '1'

28-02-2024T09:31:05 - [TEST_STEP][PASSED] - title = getUrl(): Current window's url is: 'https://play.livetables.io/baccarat/?table_id=32100&game_id=27&identifier=1043700477fdb163-8a47-463d-aefe-91991134572d&limit_id=&language=en&operatorId=10437004'

28-02-2024T09:31:05 - [MESSAGE][PASSED] - Current window's url is: 'https://play.livetables.io/baccarat/?table_id=32100&game_id=27&identifier=1043700477fdb163-8a47-463d-aefe-91991134572d&limit_id=&language=en&operatorId=10437004'

28-02-2024T09:31:05 - [TEST_STEP][PASSED] - println(title): null

28-02-2024T09:31:05 - [TEST_STEP][PASSED] - if (title.contains("notavailable")): null

28-02-2024T09:31:05 - [TEST_STEP][PASSED] - switchToWindowIndex(1): Switched to window with index: '1'

28-02-2024T09:31:05 - [MESSAGE][PASSED] - Switched to window with index: '1'

28-02-2024T09:31:05 - [TEST_STEP][PASSED] - closeWindowIndex(1): Window with index 1 is closed

28-02-2024T09:31:05 - [MESSAGE][PASSED] - Window with index 1 is closed

28-02-2024T09:31:05 - [TEST_STEP][PASSED] - switchToWindowIndex(0): Switched to window with index: '0'

28-02-2024T09:31:05 - [MESSAGE][PASSED] - Switched to window with index: '0'

28-02-2024T09:31:05 - [TEST_STEP][PASSED] - delay(2): Delayed 2 second(s)

28-02-2024T09:31:07 - [MESSAGE][PASSED] - Delayed 2 second(s)

28-02-2024T09:31:07 - [TEST_STEP][PASSED] - println(j): null

28-02-2024T09:31:07 - [TEST_STEP][PASSED] - playgame = allgames.get(j): null

28-02-2024T09:31:07 - [TEST_STEP][PASSED] - Object = convertWebElementToTestObject(playgame): null

28-02-2024T09:31:07 - [TEST_STEP][PASSED] - scrollToElement(Object, 10): Scroll to object '' successfully

28-02-2024T09:31:07 - [MESSAGE][PASSED] - Scroll to object '' successfully

28-02-2024T09:31:07 - [TEST_STEP][PASSED] - mouseOver(Object): Object: '' is hovered

28-02-2024T09:31:07 - [MESSAGE][PASSED] - Object: '' is hovered

28-02-2024T09:31:07 - [TEST_STEP][PASSED] - if (verifyElementClickable(Object)): null

28-02-2024T09:31:07 - [MESSAGE][PASSED] - Object '' is clickable

28-02-2024T09:31:07 - [TEST_STEP][PASSED] - playgame.click(): null

28-02-2024T09:31:07 - [TEST_STEP][PASSED] - delay(5): Delayed 5 second(s)

28-02-2024T09:31:12 - [MESSAGE][PASSED] - Delayed 5 second(s)

28-02-2024T09:31:12 - [TEST_STEP][PASSED] - switchToWindowIndex(1): Switched to window with index: '1'

28-02-2024T09:31:12 - [MESSAGE][PASSED] - Switched to window with index: '1'

28-02-2024T09:31:12 - [TEST_STEP][PASSED] - title = getUrl(): Current window's url is: 'https://play.livetables.io/baccarat/?table_id=32101&game_id=27&identifier=10437004458fd4dd-c786-4394-8574-43d06a45f947&limit_id=&language=en&operatorId=10437004'

28-02-2024T09:31:12 - [MESSAGE][PASSED] - Current window's url is: 'https://play.livetables.io/baccarat/?table_id=32101&game_id=27&identifier=10437004458fd4dd-c786-4394-8574-43d06a45f947&limit_id=&language=en&operatorId=10437004'

28-02-2024T09:31:12 - [TEST_STEP][PASSED] - println(title): null

28-02-2024T09:31:12 - [TEST_STEP][PASSED] - if (title.contains("notavailable")): null

28-02-2024T09:31:12 - [TEST_STEP][PASSED] - switchToWindowIndex(1): Switched to window with index: '1'

28-02-2024T09:31:12 - [MESSAGE][PASSED] - Switched to window with index: '1'

28-02-2024T09:31:12 - [TEST_STEP][PASSED] - closeWindowIndex(1): Window with index 1 is closed

28-02-2024T09:31:12 - [MESSAGE][PASSED] - Window with index 1 is closed

28-02-2024T09:31:12 - [TEST_STEP][PASSED] - switchToWindowIndex(0): Switched to window with index: '0'

28-02-2024T09:31:12 - [MESSAGE][PASSED] - Switched to window with index: '0'

28-02-2024T09:31:12 - [TEST_STEP][PASSED] - delay(2): Delayed 2 second(s)

28-02-2024T09:31:14 - [MESSAGE][PASSED] - Delayed 2 second(s)

28-02-2024T09:31:14 - [TEST_STEP][PASSED] - println(j): null

28-02-2024T09:31:14 - [TEST_STEP][PASSED] - playgame = allgames.get(j): null

28-02-2024T09:31:14 - [TEST_STEP][PASSED] - Object = convertWebElementToTestObject(playgame): null

28-02-2024T09:31:14 - [TEST_STEP][PASSED] - scrollToElement(Object, 10): Scroll to object '' successfully

28-02-2024T09:31:14 - [MESSAGE][PASSED] - Scroll to object '' successfully

28-02-2024T09:31:14 - [TEST_STEP][PASSED] - mouseOver(Object): Object: '' is hovered

28-02-2024T09:31:15 - [MESSAGE][PASSED] - Object: '' is hovered

28-02-2024T09:31:15 - [TEST_STEP][PASSED] - if (verifyElementClickable(Object)): null

28-02-2024T09:31:15 - [MESSAGE][PASSED] - Object '' is clickable

28-02-2024T09:31:15 - [TEST_STEP][PASSED] - playgame.click(): null

28-02-2024T09:31:15 - [TEST_STEP][PASSED] - delay(5): Delayed 5 second(s)

28-02-2024T09:31:20 - [MESSAGE][PASSED] - Delayed 5 second(s)

28-02-2024T09:31:20 - [TEST_STEP][PASSED] - switchToWindowIndex(1): Switched to window with index: '1'

28-02-2024T09:31:20 - [MESSAGE][PASSED] - Switched to window with index: '1'

28-02-2024T09:31:20 - [TEST_STEP][PASSED] - title = getUrl(): Current window's url is: 'https://play.livetables.io/roulette/?table_id=321000&game_id=29&identifier=104370042e7f3e91-d2cf-4e0d-ad76-2ab90a03dccd&limit_id=&language=en&operatorId=10437004'

28-02-2024T09:31:20 - [MESSAGE][PASSED] - Current window's url is: 'https://play.livetables.io/roulette/?table_id=321000&game_id=29&identifier=104370042e7f3e91-d2cf-4e0d-ad76-2ab90a03dccd&limit_id=&language=en&operatorId=10437004'

28-02-2024T09:31:20 - [TEST_STEP][PASSED] - println(title): null

28-02-2024T09:31:20 - [TEST_STEP][PASSED] - if (title.contains("notavailable")): null

28-02-2024T09:31:20 - [TEST_STEP][PASSED] - switchToWindowIndex(1): Switched to window with index: '1'

28-02-2024T09:31:20 - [MESSAGE][PASSED] - Switched to window with index: '1'

28-02-2024T09:31:20 - [TEST_STEP][PASSED] - closeWindowIndex(1): Window with index 1 is closed

28-02-2024T09:31:20 - [MESSAGE][PASSED] - Window with index 1 is closed

28-02-2024T09:31:20 - [TEST_STEP][PASSED] - switchToWindowIndex(0): Switched to window with index: '0'

28-02-2024T09:31:20 - [MESSAGE][PASSED] - Switched to window with index: '0'

28-02-2024T09:31:20 - [TEST_STEP][PASSED] - delay(2): Delayed 2 second(s)

28-02-2024T09:31:22 - [MESSAGE][PASSED] - Delayed 2 second(s)

28-02-2024T09:31:22 - [TEST_STEP][PASSED] - println(j): null

28-02-2024T09:31:22 - [TEST_STEP][PASSED] - playgame = allgames.get(j): null

28-02-2024T09:31:22 - [TEST_STEP][PASSED] - Object = convertWebElementToTestObject(playgame): null

28-02-2024T09:31:22 - [TEST_STEP][PASSED] - scrollToElement(Object, 10): Scroll to object '' successfully

28-02-2024T09:31:22 - [MESSAGE][PASSED] - Scroll to object '' successfully

28-02-2024T09:31:22 - [TEST_STEP][PASSED] - mouseOver(Object): Object: '' is hovered

28-02-2024T09:31:22 - [MESSAGE][PASSED] - Object: '' is hovered

28-02-2024T09:31:22 - [TEST_STEP][PASSED] - if (verifyElementClickable(Object)): null

28-02-2024T09:31:22 - [MESSAGE][PASSED] - Object '' is clickable

28-02-2024T09:31:22 - [TEST_STEP][PASSED] - playgame.click(): null

28-02-2024T09:31:22 - [TEST_STEP][PASSED] - delay(5): Delayed 5 second(s)

28-02-2024T09:31:27 - [MESSAGE][PASSED] - Delayed 5 second(s)

28-02-2024T09:31:27 - [TEST_STEP][PASSED] - switchToWindowIndex(1): Switched to window with index: '1'

28-02-2024T09:31:27 - [MESSAGE][PASSED] - Switched to window with index: '1'

28-02-2024T09:31:27 - [TEST_STEP][PASSED] - title = getUrl(): Current window's url is: 'https://play.livetables.io/roulette/?table_id=221005&game_id=3&identifier=10437004eb12e38d-7a3a-41dd-9a42-3d267d4e2dc1&limit_id=&language=en&operatorId=10437004'

28-02-2024T09:31:27 - [MESSAGE][PASSED] - Current window's url is: 'https://play.livetables.io/roulette/?table_id=221005&game_id=3&identifier=10437004eb12e38d-7a3a-41dd-9a42-3d267d4e2dc1&limit_id=&language=en&operatorId=10437004'

28-02-2024T09:31:27 - [TEST_STEP][PASSED] - println(title): null

28-02-2024T09:31:27 - [TEST_STEP][PASSED] - if (title.contains("notavailable")): null

28-02-2024T09:31:27 - [TEST_STEP][PASSED] - switchToWindowIndex(1): Switched to window with index: '1'

28-02-2024T09:31:27 - [MESSAGE][PASSED] - Switched to window with index: '1'

28-02-2024T09:31:27 - [TEST_STEP][PASSED] - closeWindowIndex(1): Window with index 1 is closed

28-02-2024T09:31:28 - [MESSAGE][PASSED] - Window with index 1 is closed

28-02-2024T09:31:28 - [TEST_STEP][PASSED] - switchToWindowIndex(0): Switched to window with index: '0'

28-02-2024T09:31:28 - [MESSAGE][PASSED] - Switched to window with index: '0'

28-02-2024T09:31:28 - [TEST_STEP][PASSED] - delay(2): Delayed 2 second(s)

28-02-2024T09:31:30 - [MESSAGE][PASSED] - Delayed 2 second(s)

28-02-2024T09:31:30 - [TEST_STEP][PASSED] - println(j): null

28-02-2024T09:31:30 - [TEST_STEP][PASSED] - playgame = allgames.get(j): null

28-02-2024T09:31:30 - [TEST_STEP][PASSED] - Object = convertWebElementToTestObject(playgame): null

28-02-2024T09:31:30 - [TEST_STEP][PASSED] - scrollToElement(Object, 10): Scroll to object '' successfully

28-02-2024T09:31:30 - [MESSAGE][PASSED] - Scroll to object '' successfully

28-02-2024T09:31:30 - [TEST_STEP][PASSED] - mouseOver(Object): Object: '' is hovered

28-02-2024T09:31:30 - [MESSAGE][PASSED] - Object: '' is hovered

28-02-2024T09:31:30 - [TEST_STEP][PASSED] - if (verifyElementClickable(Object)): null

28-02-2024T09:31:30 - [MESSAGE][PASSED] - Object '' is clickable

28-02-2024T09:31:30 - [TEST_STEP][PASSED] - playgame.click(): null

28-02-2024T09:31:30 - [TEST_STEP][PASSED] - delay(5): Delayed 5 second(s)

28-02-2024T09:31:35 - [MESSAGE][PASSED] - Delayed 5 second(s)

28-02-2024T09:31:35 - [TEST_STEP][PASSED] - switchToWindowIndex(1): Switched to window with index: '1'

28-02-2024T09:31:35 - [MESSAGE][PASSED] - Switched to window with index: '1'

28-02-2024T09:31:35 - [TEST_STEP][PASSED] - title = getUrl(): Current window's url is: 'https://play.livetables.io/baccarat/?table_id=170&game_id=25&identifier=104370048f844dea-001e-49b2-9633-58172147ec5d&limit_id=&language=en&operatorId=10437004'

28-02-2024T09:31:35 - [MESSAGE][PASSED] - Current window's url is: 'https://play.livetables.io/baccarat/?table_id=170&game_id=25&identifier=104370048f844dea-001e-49b2-9633-58172147ec5d&limit_id=&language=en&operatorId=10437004'

28-02-2024T09:31:35 - [TEST_STEP][PASSED] - println(title): null

28-02-2024T09:31:35 - [TEST_STEP][PASSED] - if (title.contains("notavailable")): null

28-02-2024T09:31:35 - [TEST_STEP][PASSED] - switchToWindowIndex(1): Switched to window with index: '1'

28-02-2024T09:31:35 - [MESSAGE][PASSED] - Switched to window with index: '1'

28-02-2024T09:31:35 - [TEST_STEP][PASSED] - closeWindowIndex(1): Window with index 1 is closed

28-02-2024T09:31:35 - [MESSAGE][PASSED] - Window with index 1 is closed

28-02-2024T09:31:35 - [TEST_STEP][PASSED] - switchToWindowIndex(0): Switched to window with index: '0'

28-02-2024T09:31:35 - [MESSAGE][PASSED] - Switched to window with index: '0'

28-02-2024T09:31:35 - [TEST_STEP][PASSED] - delay(2): Delayed 2 second(s)

28-02-2024T09:31:37 - [MESSAGE][PASSED] - Delayed 2 second(s)

28-02-2024T09:31:37 - [TEST_STEP][PASSED] - println(j): null

28-02-2024T09:31:37 - [TEST_STEP][PASSED] - playgame = allgames.get(j): null

28-02-2024T09:31:37 - [TEST_STEP][PASSED] - Object = convertWebElementToTestObject(playgame): null

28-02-2024T09:31:37 - [TEST_STEP][PASSED] - scrollToElement(Object, 10): Scroll to object '' successfully

28-02-2024T09:31:37 - [MESSAGE][PASSED] - Scroll to object '' successfully

28-02-2024T09:31:37 - [TEST_STEP][PASSED] - mouseOver(Object): Object: '' is hovered

28-02-2024T09:31:38 - [MESSAGE][PASSED] - Object: '' is hovered

28-02-2024T09:31:38 - [TEST_STEP][INCOMPLETE] - if (verifyElementClickable(Object)): null

28-02-2024T09:31:38 - [MESSAGE][PASSED] - Object '' is clickable

28-02-2024T09:31:38 - [TEST_STEP][PASSED] - playgame.click(): null

28-02-2024T09:31:38 - [TEST_STEP][PASSED] - delay(5): Delayed 5 second(s)

28-02-2024T09:31:43 - [MESSAGE][PASSED] - Delayed 5 second(s)

28-02-2024T09:31:43 - [TEST_STEP][PASSED] - switchToWindowIndex(1): Switched to window with index: '1'

28-02-2024T09:31:43 - [MESSAGE][PASSED] - Switched to window with index: '1'

28-02-2024T09:31:43 - [TEST_STEP][PASSED] - title = getUrl(): Current window's url is: 'https://play.livetables.io/onedayteenpatti/?table_id=227103&game_id=50&identifier=10437004394aff51-5149-4c2a-b9a4-bd8d656fe965&limit_id=&language=en&operatorId=10437004'

28-02-2024T09:31:43 - [MESSAGE][PASSED] - Current window's url is: 'https://play.livetables.io/onedayteenpatti/?table_id=227103&game_id=50&identifier=10437004394aff51-5149-4c2a-b9a4-bd8d656fe965&limit_id=&language=en&operatorId=10437004'

28-02-2024T09:31:43 - [TEST_STEP][PASSED] - println(title): null

28-02-2024T09:31:43 - [TEST_STEP][PASSED] - if (title.contains("notavailable")): null

28-02-2024T09:31:43 - [TEST_STEP][PASSED] - switchToWindowIndex(1): Switched to window with index: '1'

28-02-2024T09:31:43 - [MESSAGE][PASSED] - Switched to window with index: '1'

28-02-2024T09:31:43 - [TEST_STEP][PASSED] - closeWindowIndex(1): Window with index 1 is closed

28-02-2024T09:31:43 - [MESSAGE][PASSED] - Window with index 1 is closed

28-02-2024T09:31:43 - [TEST_STEP][PASSED] - switchToWindowIndex(0): Switched to window with index: '0'

28-02-2024T09:31:43 - [MESSAGE][PASSED] - Switched to window with index: '0'

28-02-2024T09:31:43 - [TEST_STEP][INCOMPLETE] - delay(2): null]]></system-out>
         <system-err><![CDATA[28-02-2024T09:14:58 - [TEST_CASE][INCOMPLETE] - Test Cases/Casino/Open game successful: null]]></system-err>
      </testcase>
      <system-out><![CDATA[28-02-2024T09:14:58 - [TEST_SUITE][INCOMPLETE] - Casino: null]]></system-out>
      <system-err><![CDATA[28-02-2024T09:14:58 - [TEST_SUITE][INCOMPLETE] - Casino: null]]></system-err>
   </testsuite>
</testsuites>
