<?xml version="1.0" encoding="UTF-8"?>
<testsuites name="My Account" time="34.944" tests="1" failures="0" errors="0">
   <testsuite name="My Account" tests="1" failures="0" errors="0" time="34.944" skipped="0" timestamp="26-02-2024T12:03:32" hostname="Deepa V - LAPTOP-KJGS4LH5" id="Test Suites/My Account">
      <properties>
         <property name="deviceName" value=""/>
         <property name="devicePlatform" value=""/>
         <property name="logFolder" value="C:\\Users\\Deepa V\\git\\HaboomWBT\\Reports\\20240226_120330\\My Account\\20240226_120330"/>
         <property name="logFiles" value="C:\\Users\\Deepa V\\git\\HaboomWBT\\Reports\\20240226_120330\\My Account\\20240226_120330\\execution0.log"/>
         <property name="attachments" value="C:\\Users\\Deepa V\\git\\HaboomWBT\\Reports\\20240226_120330\\My Account\\20240226_120330\\1708929241316.png, C:\\Users\\Deepa V\\git\\HaboomWBT\\Reports\\20240226_120330\\My Account\\20240226_120330\\1708929246918.png"/>
         <property name="hostName" value="Deepa V - LAPTOP-KJGS4LH5"/>
         <property name="os" value="Windows 11 64bit"/>
         <property name="katalonVersion" value="9.3.0.212"/>
         <property name="browser" value="Chrome 121.0.0.0"/>
         <property name="hostAddress" value="192.168.50.146"/>
         <property name="sessionId" value="359cf8814cb28de57136c7c7792868f7"/>
         <property name="seleniumVersion" value="3.141.59"/>
         <property name="proxyInformation" value="ProxyInformation { proxyOption=NO_PROXY, proxyServerType=HTTP, username=, password=********, proxyServerAddress=, proxyServerPort=0, executionList=&quot;&quot;, isApplyToDesiredCapabilities=true }"/>
         <property name="platform" value="Windows 11"/>
      </properties>
      <testcase name="Test Cases/My Account/Payment_Deposit successful in Bank Transfer" time="34.837" classname="Test Cases/My Account/Payment_Deposit successful in Bank Transfer" status="PASSED">
         <system-out><![CDATA[26-02-2024T12:03:32 - [TEST_CASE][PASSED] - Test Cases/My Account/Payment_Deposit successful in Bank Transfer: Test Cases/My Account/Payment_Deposit successful in Bank Transfer

26-02-2024T12:03:32 - [TEST_STEP][PASSED] - openBrowser(""): Browser is opened with url: ''

26-02-2024T12:03:32 - [MESSAGE][INFO] - Starting 'Chrome' driver

26-02-2024T12:03:32 - [MESSAGE][INFO] - Action delay is set to 0 milliseconds

26-02-2024T12:03:33 - [MESSAGE][PASSED] - Browser is opened with url: ''

26-02-2024T12:03:33 - [TEST_STEP][PASSED] - navigateToUrl("https://haboom.com/"): Navigate to 'https://haboom.com/' successfully

26-02-2024T12:03:40 - [MESSAGE][PASSED] - Navigate to 'https://haboom.com/' successfully

26-02-2024T12:03:40 - [TEST_STEP][PASSED] - setText(findTestObject("Object Repository/My Account_Payment/Deposit Bank Transfer/login to My haboom account/Login username"), "Sherlock"): Text 'Sherlock' is set on object 'Object Repository/My Account_Payment/Deposit Bank Transfer/login to My haboom account/Login username'

26-02-2024T12:03:42 - [MESSAGE][PASSED] - Text 'Sherlock' is set on object 'Object Repository/My Account_Payment/Deposit Bank Transfer/login to My haboom account/Login username'

26-02-2024T12:03:42 - [TEST_STEP][PASSED] - setEncryptedText(findTestObject("Object Repository/My Account_Payment/Deposit Bank Transfer/login to My haboom account/Login password"), "Ae2KZyjYBr0MQlyqU7ThAA=="): Text ****** has been set on object 'Object Repository/My Account_Payment/Deposit Bank Transfer/login to My haboom account/Login password'

26-02-2024T12:03:45 - [MESSAGE][PASSED] - Text ****** has been set on object 'Object Repository/My Account_Payment/Deposit Bank Transfer/login to My haboom account/Login password'

26-02-2024T12:03:45 - [TEST_STEP][PASSED] - click(findTestObject("Object Repository/My Account_Payment/Deposit Bank Transfer/login to My haboom account/Log Button")): Object: 'Object Repository/My Account_Payment/Deposit Bank Transfer/login to My haboom account/Log Button' is clicked on

26-02-2024T12:03:46 - [MESSAGE][PASSED] - Object: 'Object Repository/My Account_Payment/Deposit Bank Transfer/login to My haboom account/Log Button' is clicked on

26-02-2024T12:03:46 - [TEST_STEP][PASSED] - click(findTestObject("Object Repository/My Account_Payment/Deposit Bank Transfer/login to My haboom account/My Account")): Object: 'Object Repository/My Account_Payment/Deposit Bank Transfer/login to My haboom account/My Account' is clicked on

26-02-2024T12:03:49 - [MESSAGE][PASSED] - Object: 'Object Repository/My Account_Payment/Deposit Bank Transfer/login to My haboom account/My Account' is clicked on

26-02-2024T12:03:49 - [TEST_STEP][PASSED] - click(findTestObject("Object Repository/My Account_Payment/Deposit Bank Transfer/login to My haboom account/My Haboom Account")): Object: 'Object Repository/My Account_Payment/Deposit Bank Transfer/login to My haboom account/My Haboom Account' is clicked on

26-02-2024T12:03:52 - [MESSAGE][PASSED] - Object: 'Object Repository/My Account_Payment/Deposit Bank Transfer/login to My haboom account/My Haboom Account' is clicked on

26-02-2024T12:03:52 - [TEST_STEP][PASSED] - click(findTestObject("Object Repository/My Account_Payment/Deposit Bank Transfer/Bank transfer page/Payments")): Object: 'Object Repository/My Account_Payment/Deposit Bank Transfer/Bank transfer page/Payments' is clicked on

26-02-2024T12:03:52 - [MESSAGE][PASSED] - Object: 'Object Repository/My Account_Payment/Deposit Bank Transfer/Bank transfer page/Payments' is clicked on

26-02-2024T12:03:52 - [TEST_STEP][PASSED] - click(findTestObject("Object Repository/My Account_Payment/Deposit Bank Transfer/Bank transfer page/Deposit")): Object: 'Object Repository/My Account_Payment/Deposit Bank Transfer/Bank transfer page/Deposit' is clicked on

26-02-2024T12:03:54 - [MESSAGE][PASSED] - Object: 'Object Repository/My Account_Payment/Deposit Bank Transfer/Bank transfer page/Deposit' is clicked on

26-02-2024T12:03:54 - [TEST_STEP][PASSED] - click(findTestObject("Object Repository/My Account_Payment/Deposit Bank Transfer/Bank transfer page/Bank Transfer")): Object: 'Object Repository/My Account_Payment/Deposit Bank Transfer/Bank transfer page/Bank Transfer' is clicked on

26-02-2024T12:03:57 - [MESSAGE][PASSED] - Object: 'Object Repository/My Account_Payment/Deposit Bank Transfer/Bank transfer page/Bank Transfer' is clicked on

26-02-2024T12:03:57 - [TEST_STEP][PASSED] - setText(findTestObject("Object Repository/My Account_Payment/Deposit Bank Transfer/Bank transfer page/Amount input field"), "1000"): Text '1000' is set on object 'Object Repository/My Account_Payment/Deposit Bank Transfer/Bank transfer page/Amount input field'

26-02-2024T12:03:58 - [MESSAGE][PASSED] - Text '1000' is set on object 'Object Repository/My Account_Payment/Deposit Bank Transfer/Bank transfer page/Amount input field'

26-02-2024T12:03:58 - [TEST_STEP][PASSED] - click(findTestObject("Object Repository/My Account_Payment/Deposit Bank Transfer/Bank transfer page/Pay button")): Object: 'Object Repository/My Account_Payment/Deposit Bank Transfer/Bank transfer page/Pay button' is clicked on

26-02-2024T12:03:58 - [MESSAGE][PASSED] - Object: 'Object Repository/My Account_Payment/Deposit Bank Transfer/Bank transfer page/Pay button' is clicked on

26-02-2024T12:03:58 - [TEST_STEP][PASSED] - setText(findTestObject("Object Repository/My Account_Payment/Deposit Bank Transfer/Bank transfer page/UTR number enter field"), "54892179621539569"): Text '54892179621539569' is set on object 'Object Repository/My Account_Payment/Deposit Bank Transfer/Bank transfer page/UTR number enter field'

26-02-2024T12:03:58 - [MESSAGE][PASSED] - Text '54892179621539569' is set on object 'Object Repository/My Account_Payment/Deposit Bank Transfer/Bank transfer page/UTR number enter field'

26-02-2024T12:03:58 - [TEST_STEP][PASSED] - click(findTestObject("Object Repository/My Account_Payment/Deposit Bank Transfer/Bank transfer page/UTR Submit button")): Object: 'Object Repository/My Account_Payment/Deposit Bank Transfer/Bank transfer page/UTR Submit button' is clicked on

26-02-2024T12:03:59 - [MESSAGE][PASSED] - Object: 'Object Repository/My Account_Payment/Deposit Bank Transfer/Bank transfer page/UTR Submit button' is clicked on

26-02-2024T12:03:59 - [TEST_STEP][PASSED] - delay(2): Delayed 2 second(s)

26-02-2024T12:04:01 - [MESSAGE][PASSED] - Delayed 2 second(s)

26-02-2024T12:04:01 - [TEST_STEP][PASSED] - takeFullPageScreenshot(): Taking screenshot successfully

26-02-2024T12:04:01 - [MESSAGE][INFO] - 0 hidden object(s)

26-02-2024T12:04:01 - [MESSAGE][PASSED] - Taking screenshot successfully
[[ATTACHMENT|C:\\Users\\Deepa V\\git\\HaboomWBT\\Reports\\20240226_120330\\My Account\\20240226_120330\\1708929241316.png]]

26-02-2024T12:04:01 - [TEST_STEP][PASSED] - click(findTestObject("My Account_Payment/Transaction history page/Transaction page/Betting Activity")): Object: 'Object Repository/My Account_Payment/Transaction history page/Transaction page/Betting Activity' is clicked on

26-02-2024T12:04:02 - [MESSAGE][PASSED] - Object: 'Object Repository/My Account_Payment/Transaction history page/Transaction page/Betting Activity' is clicked on

26-02-2024T12:04:02 - [TEST_STEP][PASSED] - click(findTestObject("My Account_Payment/Transaction history page/Transaction page/Transaction History")): Object: 'Object Repository/My Account_Payment/Transaction history page/Transaction page/Transaction History' is clicked on

26-02-2024T12:04:03 - [MESSAGE][PASSED] - Object: 'Object Repository/My Account_Payment/Transaction history page/Transaction page/Transaction History' is clicked on

26-02-2024T12:04:03 - [TEST_STEP][PASSED] - click(findTestObject("My Account_Payment/Transaction history page/Transaction page/Transaction History (Options)")): Object: 'Object Repository/My Account_Payment/Transaction history page/Transaction page/Transaction History (Options)' is clicked on

26-02-2024T12:04:04 - [MESSAGE][PASSED] - Object: 'Object Repository/My Account_Payment/Transaction history page/Transaction page/Transaction History (Options)' is clicked on

26-02-2024T12:04:04 - [TEST_STEP][PASSED] - click(findTestObject("My Account_Payment/Transaction history page/Transaction page/Transactions filter")): Object: 'Object Repository/My Account_Payment/Transaction history page/Transaction page/Transactions filter' is clicked on

26-02-2024T12:04:04 - [MESSAGE][PASSED] - Object: 'Object Repository/My Account_Payment/Transaction history page/Transaction page/Transactions filter' is clicked on

26-02-2024T12:04:04 - [TEST_STEP][PASSED] - click(findTestObject("My Account_Payment/Transaction history page/Transaction page/Deposit Requests")): Object: 'Object Repository/My Account_Payment/Transaction history page/Transaction page/Deposit Requests' is clicked on

26-02-2024T12:04:04 - [MESSAGE][PASSED] - Object: 'Object Repository/My Account_Payment/Transaction history page/Transaction page/Deposit Requests' is clicked on

26-02-2024T12:04:04 - [TEST_STEP][PASSED] - delay(2): Delayed 2 second(s)

26-02-2024T12:04:06 - [MESSAGE][PASSED] - Delayed 2 second(s)

26-02-2024T12:04:06 - [TEST_STEP][PASSED] - takeFullPageScreenshot(): Taking screenshot successfully

26-02-2024T12:04:07 - [MESSAGE][INFO] - 0 hidden object(s)

26-02-2024T12:04:07 - [MESSAGE][PASSED] - Taking screenshot successfully
[[ATTACHMENT|C:\\Users\\Deepa V\\git\\HaboomWBT\\Reports\\20240226_120330\\My Account\\20240226_120330\\1708929246918.png]]]]></system-out>
         <system-err><![CDATA[]]></system-err>
      </testcase>
      <system-out><![CDATA[26-02-2024T12:03:32 - [TEST_SUITE][PASSED] - My Account: Test Cases/My Account/Payment_Deposit successful in Bank Transfer]]></system-out>
      <system-err><![CDATA[]]></system-err>
   </testsuite>
</testsuites>
