<?xml version="1.0" encoding="UTF-8"?>
<testsuites name="Casino" time="111.225" tests="1" failures="0" errors="1">
   <testsuite name="Casino" tests="1" failures="0" errors="1" time="111.225" skipped="0" timestamp="27-02-2024T12:24:43" hostname="M Gokul Jayanth - LAPTOP-QCN9K3GM" id="Test Suites/Casino">
      <properties>
         <property name="deviceName" value=""/>
         <property name="devicePlatform" value=""/>
         <property name="logFolder" value="C:\\Users\\M Gokul Jayanth\\git\\KatalonAutomation\\HaboomWBT\\Reports\\20240227_122439\\Casino\\20240227_122440"/>
         <property name="logFiles" value="C:\\Users\\M Gokul Jayanth\\git\\KatalonAutomation\\HaboomWBT\\Reports\\20240227_122439\\Casino\\20240227_122440\\execution0.log"/>
         <property name="attachments" value=""/>
         <property name="hostName" value="M Gokul Jayanth - LAPTOP-QCN9K3GM"/>
         <property name="os" value="Windows 11 64bit"/>
         <property name="katalonVersion" value="9.3.0.212"/>
         <property name="browser" value="Chrome 121.0.0.0"/>
         <property name="hostAddress" value="192.168.50.148"/>
         <property name="sessionId" value="27b5bc7c9f20d79d34c86a2b63623c00"/>
         <property name="seleniumVersion" value="3.141.59"/>
         <property name="proxyInformation" value="ProxyInformation { proxyOption=NO_PROXY, proxyServerType=HTTP, username=, password=********, proxyServerAddress=, proxyServerPort=0, executionList=&quot;&quot;, isApplyToDesiredCapabilities=true }"/>
         <property name="platform" value="Windows 11"/>
      </properties>
      <testcase name="Test Cases/Casino/Open game successful" time="111.103" classname="Test Cases/Casino/Open game successful" status="ERROR">
         <error type="ERROR" message="Test Cases/Casino/Open game successful FAILED.&#xa;Reason:&#xa;java.lang.IndexOutOfBoundsException: Index 20 out of bounds for length 20&#xa;	at java.base/jdk.internal.util.Preconditions.outOfBounds(Preconditions.java:64)&#xa;	at java.base/jdk.internal.util.Preconditions.outOfBoundsCheckIndex(Preconditions.java:70)&#xa;	at java.base/jdk.internal.util.Preconditions.checkIndex(Preconditions.java:266)&#xa;	at Open game successful.run(Open game successful:44)&#xa;	at com.kms.katalon.core.main.ScriptEngine.run(ScriptEngine.java:194)&#xa;	at com.kms.katalon.core.main.ScriptEngine.runScriptAsRawText(ScriptEngine.java:119)&#xa;	at com.kms.katalon.core.main.TestCaseExecutor.runScript(TestCaseExecutor.java:448)&#xa;	at com.kms.katalon.core.main.TestCaseExecutor.doExecute(TestCaseExecutor.java:439)&#xa;	at com.kms.katalon.core.main.TestCaseExecutor.processExecutionPhase(TestCaseExecutor.java:418)&#xa;	at com.kms.katalon.core.main.TestCaseExecutor.accessMainPhase(TestCaseExecutor.java:410)&#xa;	at com.kms.katalon.core.main.TestCaseExecutor.execute(TestCaseExecutor.java:285)&#xa;	at com.kms.katalon.core.common.CommonExecutor.accessTestCaseMainPhase(CommonExecutor.java:65)&#xa;	at com.kms.katalon.core.main.TestSuiteExecutor.accessTestSuiteMainPhase(TestSuiteExecutor.java:148)&#xa;	at com.kms.katalon.core.main.TestSuiteExecutor.execute(TestSuiteExecutor.java:106)&#xa;	at com.kms.katalon.core.main.TestCaseMain.startTestSuite(TestCaseMain.java:180)&#xa;	at TempTestSuite1709016880897.run(TempTestSuite1709016880897.groovy:36)&#xa;	at java.base/jdk.internal.reflect.NativeMethodAccessorImpl.invoke0(Native Method)&#xa;	at java.base/jdk.internal.reflect.NativeMethodAccessorImpl.invoke(NativeMethodAccessorImpl.java:77)&#xa;	at java.base/jdk.internal.reflect.DelegatingMethodAccessorImpl.invoke(DelegatingMethodAccessorImpl.java:43)&#xa;"/>
         <system-out><![CDATA[27-02-2024T12:24:43 - [TEST_CASE][ERROR] - Test Cases/Casino/Open game successful: Test Cases/Casino/Open game successful FAILED.
Reason:
java.lang.IndexOutOfBoundsException: Index 20 out of bounds for length 20
	at java.base/jdk.internal.util.Preconditions.outOfBounds(Preconditions.java:64)
	at java.base/jdk.internal.util.Preconditions.outOfBoundsCheckIndex(Preconditions.java:70)
	at java.base/jdk.internal.util.Preconditions.checkIndex(Preconditions.java:266)
	at Open game successful.run(Open game successful:44)
	at com.kms.katalon.core.main.ScriptEngine.run(ScriptEngine.java:194)
	at com.kms.katalon.core.main.ScriptEngine.runScriptAsRawText(ScriptEngine.java:119)
	at com.kms.katalon.core.main.TestCaseExecutor.runScript(TestCaseExecutor.java:448)
	at com.kms.katalon.core.main.TestCaseExecutor.doExecute(TestCaseExecutor.java:439)
	at com.kms.katalon.core.main.TestCaseExecutor.processExecutionPhase(TestCaseExecutor.java:418)
	at com.kms.katalon.core.main.TestCaseExecutor.accessMainPhase(TestCaseExecutor.java:410)
	at com.kms.katalon.core.main.TestCaseExecutor.execute(TestCaseExecutor.java:285)
	at com.kms.katalon.core.common.CommonExecutor.accessTestCaseMainPhase(CommonExecutor.java:65)
	at com.kms.katalon.core.main.TestSuiteExecutor.accessTestSuiteMainPhase(TestSuiteExecutor.java:148)
	at com.kms.katalon.core.main.TestSuiteExecutor.execute(TestSuiteExecutor.java:106)
	at com.kms.katalon.core.main.TestCaseMain.startTestSuite(TestCaseMain.java:180)
	at TempTestSuite1709016880897.run(TempTestSuite1709016880897.groovy:36)
	at java.base/jdk.internal.reflect.NativeMethodAccessorImpl.invoke0(Native Method)
	at java.base/jdk.internal.reflect.NativeMethodAccessorImpl.invoke(NativeMethodAccessorImpl.java:77)
	at java.base/jdk.internal.reflect.DelegatingMethodAccessorImpl.invoke(DelegatingMethodAccessorImpl.java:43)


27-02-2024T12:24:43 - [TEST_STEP][PASSED] - Start setup action : setupTestCase: Method 'setupTestCase' complete successfully

27-02-2024T12:24:43 - [TEST_STEP][PASSED] - openBrowser(""): Browser is opened with url: ''

27-02-2024T12:24:43 - [MESSAGE][INFO] - Starting 'Chrome' driver

27-02-2024T12:24:43 - [MESSAGE][INFO] - Action delay is set to 0 milliseconds

27-02-2024T12:24:44 - [MESSAGE][PASSED] - Browser is opened with url: ''

27-02-2024T12:24:44 - [TEST_STEP][PASSED] - navigateToUrl("https://haboom.com/"): Navigate to 'https://haboom.com/' successfully

27-02-2024T12:24:49 - [MESSAGE][PASSED] - Navigate to 'https://haboom.com/' successfully

27-02-2024T12:24:49 - [TEST_STEP][PASSED] - maximizeWindow(): Current window maximized

27-02-2024T12:24:49 - [MESSAGE][PASSED] - Current window maximized

27-02-2024T12:24:49 - [TEST_STEP][PASSED] - setText(findTestObject("Object Repository/Login Page/Login email field"), "MartinGarrix"): Text 'MartinGarrix' is set on object 'Object Repository/Login Page/Login email field'

27-02-2024T12:24:52 - [MESSAGE][PASSED] - Text 'MartinGarrix' is set on object 'Object Repository/Login Page/Login email field'

27-02-2024T12:24:52 - [TEST_STEP][PASSED] - setText(findTestObject("Object Repository/Login Page/Login Password"), "Test@1234"): Text 'Test@1234' is set on object 'Object Repository/Login Page/Login Password'

27-02-2024T12:24:54 - [MESSAGE][PASSED] - Text 'Test@1234' is set on object 'Object Repository/Login Page/Login Password'

27-02-2024T12:24:54 - [TEST_STEP][PASSED] - click(findTestObject("Object Repository/Login Page/login button")): Object: 'Object Repository/Login Page/login button' is clicked on

27-02-2024T12:24:55 - [MESSAGE][PASSED] - Object: 'Object Repository/Login Page/login button' is clicked on

27-02-2024T12:24:55 - [TEST_STEP][PASSED] - verifyElementText(findTestObject("Object Repository/Login Page/My Account"), "My Account"): Actual text and expected text of test object 'Object Repository/Login Page/My Account' are matched.

27-02-2024T12:24:58 - [MESSAGE][PASSED] - Actual text and expected text of test object 'Object Repository/Login Page/My Account' are matched.

27-02-2024T12:24:58 - [MESSAGE][PASSED] - Method 'setupTestCase' complete successfully

27-02-2024T12:24:58 - [TEST_STEP][PASSED] - click(findTestObject("Object Repository/Casino Page/CasinoMenu")): Object: 'Object Repository/Casino Page/CasinoMenu' is clicked on

27-02-2024T12:25:03 - [MESSAGE][PASSED] - Object: 'Object Repository/Casino Page/CasinoMenu' is clicked on

27-02-2024T12:25:03 - [TEST_STEP][PASSED] - provider = getWebDriver().findElements(By.xpath("//input[@name='provider_list']")): null

27-02-2024T12:25:04 - [TEST_STEP][PASSED] - println(provider.size()): null

27-02-2024T12:25:04 - [TEST_STEP][ERROR] - for ([i = 1, i < provider.size(), (i++)]): Test Cases/Casino/Open game successful FAILED.
Reason:
java.lang.IndexOutOfBoundsException: Index 20 out of bounds for length 20
	at java.base/jdk.internal.util.Preconditions.outOfBounds(Preconditions.java:64)
	at java.base/jdk.internal.util.Preconditions.outOfBoundsCheckIndex(Preconditions.java:70)
	at java.base/jdk.internal.util.Preconditions.checkIndex(Preconditions.java:266)
	at Open game successful.run(Open game successful:44)
	at com.kms.katalon.core.main.ScriptEngine.run(ScriptEngine.java:194)
	at com.kms.katalon.core.main.ScriptEngine.runScriptAsRawText(ScriptEngine.java:119)
	at com.kms.katalon.core.main.TestCaseExecutor.runScript(TestCaseExecutor.java:448)
	at com.kms.katalon.core.main.TestCaseExecutor.doExecute(TestCaseExecutor.java:439)
	at com.kms.katalon.core.main.TestCaseExecutor.processExecutionPhase(TestCaseExecutor.java:418)
	at com.kms.katalon.core.main.TestCaseExecutor.accessMainPhase(TestCaseExecutor.java:410)
	at com.kms.katalon.core.main.TestCaseExecutor.execute(TestCaseExecutor.java:285)
	at com.kms.katalon.core.common.CommonExecutor.accessTestCaseMainPhase(CommonExecutor.java:65)
	at com.kms.katalon.core.main.TestSuiteExecutor.accessTestSuiteMainPhase(TestSuiteExecutor.java:148)
	at com.kms.katalon.core.main.TestSuiteExecutor.execute(TestSuiteExecutor.java:106)
	at com.kms.katalon.core.main.TestCaseMain.startTestSuite(TestCaseMain.java:180)
	at TempTestSuite1709016880897.run(TempTestSuite1709016880897.groovy:36)
	at java.base/jdk.internal.reflect.NativeMethodAccessorImpl.invoke0(Native Method)
	at java.base/jdk.internal.reflect.NativeMethodAccessorImpl.invoke(NativeMethodAccessorImpl.java:77)
	at java.base/jdk.internal.reflect.DelegatingMethodAccessorImpl.invoke(DelegatingMethodAccessorImpl.java:43)


27-02-2024T12:25:04 - [TEST_STEP][PASSED] - currentElement = provider.get(i): null

27-02-2024T12:25:04 - [TEST_STEP][PASSED] - currentElement.click(): null

27-02-2024T12:25:04 - [TEST_STEP][PASSED] - delay(5): Delayed 5 second(s)

27-02-2024T12:25:09 - [MESSAGE][PASSED] - Delayed 5 second(s)

27-02-2024T12:25:09 - [TEST_STEP][PASSED] - providerwindow = getWindowTitle(): Current window's title is: 'Haboom - Best Online Casino Games for Real Money'

27-02-2024T12:25:09 - [MESSAGE][PASSED] - Current window's title is: 'Haboom - Best Online Casino Games for Real Money'

27-02-2024T12:25:09 - [TEST_STEP][PASSED] - allgames = getWebDriver().findElements(By.xpath("//*[@class='tile default-layout casinoLink'  and @data-type='casino']")): null

27-02-2024T12:25:09 - [TEST_STEP][PASSED] - println(allgames.size()): null

27-02-2024T12:25:09 - [TEST_STEP][ERROR] - for ([j = 0, j < 70, (j++)]): Test Cases/Casino/Open game successful FAILED.
Reason:
java.lang.IndexOutOfBoundsException: Index 20 out of bounds for length 20
	at java.base/jdk.internal.util.Preconditions.outOfBounds(Preconditions.java:64)
	at java.base/jdk.internal.util.Preconditions.outOfBoundsCheckIndex(Preconditions.java:70)
	at java.base/jdk.internal.util.Preconditions.checkIndex(Preconditions.java:266)
	at Open game successful.run(Open game successful:44)
	at com.kms.katalon.core.main.ScriptEngine.run(ScriptEngine.java:194)
	at com.kms.katalon.core.main.ScriptEngine.runScriptAsRawText(ScriptEngine.java:119)
	at com.kms.katalon.core.main.TestCaseExecutor.runScript(TestCaseExecutor.java:448)
	at com.kms.katalon.core.main.TestCaseExecutor.doExecute(TestCaseExecutor.java:439)
	at com.kms.katalon.core.main.TestCaseExecutor.processExecutionPhase(TestCaseExecutor.java:418)
	at com.kms.katalon.core.main.TestCaseExecutor.accessMainPhase(TestCaseExecutor.java:410)
	at com.kms.katalon.core.main.TestCaseExecutor.execute(TestCaseExecutor.java:285)
	at com.kms.katalon.core.common.CommonExecutor.accessTestCaseMainPhase(CommonExecutor.java:65)
	at com.kms.katalon.core.main.TestSuiteExecutor.accessTestSuiteMainPhase(TestSuiteExecutor.java:148)
	at com.kms.katalon.core.main.TestSuiteExecutor.execute(TestSuiteExecutor.java:106)
	at com.kms.katalon.core.main.TestCaseMain.startTestSuite(TestCaseMain.java:180)
	at TempTestSuite1709016880897.run(TempTestSuite1709016880897.groovy:36)
	at java.base/jdk.internal.reflect.NativeMethodAccessorImpl.invoke0(Native Method)
	at java.base/jdk.internal.reflect.NativeMethodAccessorImpl.invoke(NativeMethodAccessorImpl.java:77)
	at java.base/jdk.internal.reflect.DelegatingMethodAccessorImpl.invoke(DelegatingMethodAccessorImpl.java:43)


27-02-2024T12:25:09 - [TEST_STEP][PASSED] - println(j): null

27-02-2024T12:25:09 - [TEST_STEP][PASSED] - playgame = allgames.get(j): null

27-02-2024T12:25:09 - [TEST_STEP][PASSED] - Object = convertWebElementToTestObject(playgame): null

27-02-2024T12:25:09 - [TEST_STEP][PASSED] - scrollToElement(Object, 10): Scroll to object '' successfully

27-02-2024T12:25:09 - [MESSAGE][PASSED] - Scroll to object '' successfully

27-02-2024T12:25:09 - [TEST_STEP][PASSED] - playgame.click(): null

27-02-2024T12:25:09 - [TEST_STEP][PASSED] - delay(2): Delayed 2 second(s)

27-02-2024T12:25:11 - [MESSAGE][PASSED] - Delayed 2 second(s)

27-02-2024T12:25:11 - [TEST_STEP][PASSED] - title = getUrl(): Current window's url is: 'https://haboom.com/d/casino/casino'

27-02-2024T12:25:11 - [MESSAGE][PASSED] - Current window's url is: 'https://haboom.com/d/casino/casino'

27-02-2024T12:25:11 - [TEST_STEP][PASSED] - if (title.contains("notavailable")): null

27-02-2024T12:25:11 - [TEST_STEP][PASSED] - switchToWindowIndex(1): Switched to window with index: '1'

27-02-2024T12:25:11 - [MESSAGE][PASSED] - Switched to window with index: '1'

27-02-2024T12:25:11 - [TEST_STEP][PASSED] - closeWindowIndex(1): Window with index 1 is closed

27-02-2024T12:25:12 - [MESSAGE][PASSED] - Window with index 1 is closed

27-02-2024T12:25:12 - [TEST_STEP][PASSED] - switchToWindowIndex(0): Switched to window with index: '0'

27-02-2024T12:25:12 - [MESSAGE][PASSED] - Switched to window with index: '0'

27-02-2024T12:25:12 - [TEST_STEP][PASSED] - delay(2): Delayed 2 second(s)

27-02-2024T12:25:14 - [MESSAGE][PASSED] - Delayed 2 second(s)

27-02-2024T12:25:14 - [TEST_STEP][PASSED] - println(j): null

27-02-2024T12:25:14 - [TEST_STEP][PASSED] - playgame = allgames.get(j): null

27-02-2024T12:25:14 - [TEST_STEP][PASSED] - Object = convertWebElementToTestObject(playgame): null

27-02-2024T12:25:14 - [TEST_STEP][PASSED] - scrollToElement(Object, 10): Scroll to object '' successfully

27-02-2024T12:25:14 - [MESSAGE][PASSED] - Scroll to object '' successfully

27-02-2024T12:25:14 - [TEST_STEP][PASSED] - playgame.click(): null

27-02-2024T12:25:14 - [TEST_STEP][PASSED] - delay(2): Delayed 2 second(s)

27-02-2024T12:25:16 - [MESSAGE][PASSED] - Delayed 2 second(s)

27-02-2024T12:25:16 - [TEST_STEP][PASSED] - title = getUrl(): Current window's url is: 'https://haboom.com/d/casino/casino'

27-02-2024T12:25:16 - [MESSAGE][PASSED] - Current window's url is: 'https://haboom.com/d/casino/casino'

27-02-2024T12:25:16 - [TEST_STEP][PASSED] - if (title.contains("notavailable")): null

27-02-2024T12:25:16 - [TEST_STEP][PASSED] - switchToWindowIndex(1): Switched to window with index: '1'

27-02-2024T12:25:16 - [MESSAGE][PASSED] - Switched to window with index: '1'

27-02-2024T12:25:16 - [TEST_STEP][PASSED] - closeWindowIndex(1): Window with index 1 is closed

27-02-2024T12:25:16 - [MESSAGE][PASSED] - Window with index 1 is closed

27-02-2024T12:25:16 - [TEST_STEP][PASSED] - switchToWindowIndex(0): Switched to window with index: '0'

27-02-2024T12:25:16 - [MESSAGE][PASSED] - Switched to window with index: '0'

27-02-2024T12:25:16 - [TEST_STEP][PASSED] - delay(2): Delayed 2 second(s)

27-02-2024T12:25:18 - [MESSAGE][PASSED] - Delayed 2 second(s)

27-02-2024T12:25:18 - [TEST_STEP][PASSED] - println(j): null

27-02-2024T12:25:18 - [TEST_STEP][PASSED] - playgame = allgames.get(j): null

27-02-2024T12:25:18 - [TEST_STEP][PASSED] - Object = convertWebElementToTestObject(playgame): null

27-02-2024T12:25:18 - [TEST_STEP][PASSED] - scrollToElement(Object, 10): Scroll to object '' successfully

27-02-2024T12:25:18 - [MESSAGE][PASSED] - Scroll to object '' successfully

27-02-2024T12:25:18 - [TEST_STEP][PASSED] - playgame.click(): null

27-02-2024T12:25:18 - [TEST_STEP][PASSED] - delay(2): Delayed 2 second(s)

27-02-2024T12:25:20 - [MESSAGE][PASSED] - Delayed 2 second(s)

27-02-2024T12:25:20 - [TEST_STEP][PASSED] - title = getUrl(): Current window's url is: 'https://haboom.com/d/casino/casino'

27-02-2024T12:25:20 - [MESSAGE][PASSED] - Current window's url is: 'https://haboom.com/d/casino/casino'

27-02-2024T12:25:20 - [TEST_STEP][PASSED] - if (title.contains("notavailable")): null

27-02-2024T12:25:20 - [TEST_STEP][PASSED] - switchToWindowIndex(1): Switched to window with index: '1'

27-02-2024T12:25:20 - [MESSAGE][PASSED] - Switched to window with index: '1'

27-02-2024T12:25:20 - [TEST_STEP][PASSED] - closeWindowIndex(1): Window with index 1 is closed

27-02-2024T12:25:20 - [MESSAGE][PASSED] - Window with index 1 is closed

27-02-2024T12:25:20 - [TEST_STEP][PASSED] - switchToWindowIndex(0): Switched to window with index: '0'

27-02-2024T12:25:20 - [MESSAGE][PASSED] - Switched to window with index: '0'

27-02-2024T12:25:20 - [TEST_STEP][PASSED] - delay(2): Delayed 2 second(s)

27-02-2024T12:25:22 - [MESSAGE][PASSED] - Delayed 2 second(s)

27-02-2024T12:25:22 - [TEST_STEP][PASSED] - println(j): null

27-02-2024T12:25:22 - [TEST_STEP][PASSED] - playgame = allgames.get(j): null

27-02-2024T12:25:22 - [TEST_STEP][PASSED] - Object = convertWebElementToTestObject(playgame): null

27-02-2024T12:25:22 - [TEST_STEP][PASSED] - scrollToElement(Object, 10): Scroll to object '' successfully

27-02-2024T12:25:22 - [MESSAGE][PASSED] - Scroll to object '' successfully

27-02-2024T12:25:22 - [TEST_STEP][PASSED] - playgame.click(): null

27-02-2024T12:25:22 - [TEST_STEP][PASSED] - delay(2): Delayed 2 second(s)

27-02-2024T12:25:24 - [MESSAGE][PASSED] - Delayed 2 second(s)

27-02-2024T12:25:24 - [TEST_STEP][PASSED] - title = getUrl(): Current window's url is: 'https://haboom.com/d/casino/casino'

27-02-2024T12:25:24 - [MESSAGE][PASSED] - Current window's url is: 'https://haboom.com/d/casino/casino'

27-02-2024T12:25:24 - [TEST_STEP][PASSED] - if (title.contains("notavailable")): null

27-02-2024T12:25:24 - [TEST_STEP][PASSED] - switchToWindowIndex(1): Switched to window with index: '1'

27-02-2024T12:25:24 - [MESSAGE][PASSED] - Switched to window with index: '1'

27-02-2024T12:25:24 - [TEST_STEP][PASSED] - closeWindowIndex(1): Window with index 1 is closed

27-02-2024T12:25:24 - [MESSAGE][PASSED] - Window with index 1 is closed

27-02-2024T12:25:24 - [TEST_STEP][PASSED] - switchToWindowIndex(0): Switched to window with index: '0'

27-02-2024T12:25:24 - [MESSAGE][PASSED] - Switched to window with index: '0'

27-02-2024T12:25:24 - [TEST_STEP][PASSED] - delay(2): Delayed 2 second(s)

27-02-2024T12:25:26 - [MESSAGE][PASSED] - Delayed 2 second(s)

27-02-2024T12:25:26 - [TEST_STEP][PASSED] - println(j): null

27-02-2024T12:25:26 - [TEST_STEP][PASSED] - playgame = allgames.get(j): null

27-02-2024T12:25:26 - [TEST_STEP][PASSED] - Object = convertWebElementToTestObject(playgame): null

27-02-2024T12:25:26 - [TEST_STEP][PASSED] - scrollToElement(Object, 10): Scroll to object '' successfully

27-02-2024T12:25:26 - [MESSAGE][PASSED] - Scroll to object '' successfully

27-02-2024T12:25:26 - [TEST_STEP][PASSED] - playgame.click(): null

27-02-2024T12:25:26 - [TEST_STEP][PASSED] - delay(2): Delayed 2 second(s)

27-02-2024T12:25:28 - [MESSAGE][PASSED] - Delayed 2 second(s)

27-02-2024T12:25:28 - [TEST_STEP][PASSED] - title = getUrl(): Current window's url is: 'https://haboom.com/d/casino/casino'

27-02-2024T12:25:28 - [MESSAGE][PASSED] - Current window's url is: 'https://haboom.com/d/casino/casino'

27-02-2024T12:25:28 - [TEST_STEP][PASSED] - if (title.contains("notavailable")): null

27-02-2024T12:25:28 - [TEST_STEP][PASSED] - switchToWindowIndex(1): Switched to window with index: '1'

27-02-2024T12:25:28 - [MESSAGE][PASSED] - Switched to window with index: '1'

27-02-2024T12:25:28 - [TEST_STEP][PASSED] - closeWindowIndex(1): Window with index 1 is closed

27-02-2024T12:25:28 - [MESSAGE][PASSED] - Window with index 1 is closed

27-02-2024T12:25:28 - [TEST_STEP][PASSED] - switchToWindowIndex(0): Switched to window with index: '0'

27-02-2024T12:25:28 - [MESSAGE][PASSED] - Switched to window with index: '0'

27-02-2024T12:25:28 - [TEST_STEP][PASSED] - delay(2): Delayed 2 second(s)

27-02-2024T12:25:30 - [MESSAGE][PASSED] - Delayed 2 second(s)

27-02-2024T12:25:30 - [TEST_STEP][PASSED] - println(j): null

27-02-2024T12:25:30 - [TEST_STEP][PASSED] - playgame = allgames.get(j): null

27-02-2024T12:25:30 - [TEST_STEP][PASSED] - Object = convertWebElementToTestObject(playgame): null

27-02-2024T12:25:30 - [TEST_STEP][PASSED] - scrollToElement(Object, 10): Scroll to object '' successfully

27-02-2024T12:25:30 - [MESSAGE][PASSED] - Scroll to object '' successfully

27-02-2024T12:25:30 - [TEST_STEP][PASSED] - playgame.click(): null

27-02-2024T12:25:30 - [TEST_STEP][PASSED] - delay(2): Delayed 2 second(s)

27-02-2024T12:25:32 - [MESSAGE][PASSED] - Delayed 2 second(s)

27-02-2024T12:25:32 - [TEST_STEP][PASSED] - title = getUrl(): Current window's url is: 'https://haboom.com/d/casino/casino'

27-02-2024T12:25:32 - [MESSAGE][PASSED] - Current window's url is: 'https://haboom.com/d/casino/casino'

27-02-2024T12:25:32 - [TEST_STEP][PASSED] - if (title.contains("notavailable")): null

27-02-2024T12:25:32 - [TEST_STEP][PASSED] - switchToWindowIndex(1): Switched to window with index: '1'

27-02-2024T12:25:32 - [MESSAGE][PASSED] - Switched to window with index: '1'

27-02-2024T12:25:32 - [TEST_STEP][PASSED] - closeWindowIndex(1): Window with index 1 is closed

27-02-2024T12:25:33 - [MESSAGE][PASSED] - Window with index 1 is closed

27-02-2024T12:25:33 - [TEST_STEP][PASSED] - switchToWindowIndex(0): Switched to window with index: '0'

27-02-2024T12:25:33 - [MESSAGE][PASSED] - Switched to window with index: '0'

27-02-2024T12:25:33 - [TEST_STEP][PASSED] - delay(2): Delayed 2 second(s)

27-02-2024T12:25:35 - [MESSAGE][PASSED] - Delayed 2 second(s)

27-02-2024T12:25:35 - [TEST_STEP][PASSED] - println(j): null

27-02-2024T12:25:35 - [TEST_STEP][PASSED] - playgame = allgames.get(j): null

27-02-2024T12:25:35 - [TEST_STEP][PASSED] - Object = convertWebElementToTestObject(playgame): null

27-02-2024T12:25:35 - [TEST_STEP][PASSED] - scrollToElement(Object, 10): Scroll to object '' successfully

27-02-2024T12:25:35 - [MESSAGE][PASSED] - Scroll to object '' successfully

27-02-2024T12:25:35 - [TEST_STEP][PASSED] - playgame.click(): null

27-02-2024T12:25:35 - [TEST_STEP][PASSED] - delay(2): Delayed 2 second(s)

27-02-2024T12:25:37 - [MESSAGE][PASSED] - Delayed 2 second(s)

27-02-2024T12:25:37 - [TEST_STEP][PASSED] - title = getUrl(): Current window's url is: 'https://haboom.com/d/casino/casino'

27-02-2024T12:25:37 - [MESSAGE][PASSED] - Current window's url is: 'https://haboom.com/d/casino/casino'

27-02-2024T12:25:37 - [TEST_STEP][PASSED] - if (title.contains("notavailable")): null

27-02-2024T12:25:37 - [TEST_STEP][PASSED] - switchToWindowIndex(1): Switched to window with index: '1'

27-02-2024T12:25:37 - [MESSAGE][PASSED] - Switched to window with index: '1'

27-02-2024T12:25:37 - [TEST_STEP][PASSED] - closeWindowIndex(1): Window with index 1 is closed

27-02-2024T12:25:37 - [MESSAGE][PASSED] - Window with index 1 is closed

27-02-2024T12:25:37 - [TEST_STEP][PASSED] - switchToWindowIndex(0): Switched to window with index: '0'

27-02-2024T12:25:37 - [MESSAGE][PASSED] - Switched to window with index: '0'

27-02-2024T12:25:37 - [TEST_STEP][PASSED] - delay(2): Delayed 2 second(s)

27-02-2024T12:25:39 - [MESSAGE][PASSED] - Delayed 2 second(s)

27-02-2024T12:25:39 - [TEST_STEP][PASSED] - println(j): null

27-02-2024T12:25:39 - [TEST_STEP][PASSED] - playgame = allgames.get(j): null

27-02-2024T12:25:39 - [TEST_STEP][PASSED] - Object = convertWebElementToTestObject(playgame): null

27-02-2024T12:25:39 - [TEST_STEP][PASSED] - scrollToElement(Object, 10): Scroll to object '' successfully

27-02-2024T12:25:39 - [MESSAGE][PASSED] - Scroll to object '' successfully

27-02-2024T12:25:39 - [TEST_STEP][PASSED] - playgame.click(): null

27-02-2024T12:25:39 - [TEST_STEP][PASSED] - delay(2): Delayed 2 second(s)

27-02-2024T12:25:41 - [MESSAGE][PASSED] - Delayed 2 second(s)

27-02-2024T12:25:41 - [TEST_STEP][PASSED] - title = getUrl(): Current window's url is: 'https://haboom.com/d/casino/casino'

27-02-2024T12:25:41 - [MESSAGE][PASSED] - Current window's url is: 'https://haboom.com/d/casino/casino'

27-02-2024T12:25:41 - [TEST_STEP][PASSED] - if (title.contains("notavailable")): null

27-02-2024T12:25:41 - [TEST_STEP][PASSED] - switchToWindowIndex(1): Switched to window with index: '1'

27-02-2024T12:25:41 - [MESSAGE][PASSED] - Switched to window with index: '1'

27-02-2024T12:25:41 - [TEST_STEP][PASSED] - closeWindowIndex(1): Window with index 1 is closed

27-02-2024T12:25:41 - [MESSAGE][PASSED] - Window with index 1 is closed

27-02-2024T12:25:41 - [TEST_STEP][PASSED] - switchToWindowIndex(0): Switched to window with index: '0'

27-02-2024T12:25:41 - [MESSAGE][PASSED] - Switched to window with index: '0'

27-02-2024T12:25:41 - [TEST_STEP][PASSED] - delay(2): Delayed 2 second(s)

27-02-2024T12:25:43 - [MESSAGE][PASSED] - Delayed 2 second(s)

27-02-2024T12:25:43 - [TEST_STEP][PASSED] - println(j): null

27-02-2024T12:25:43 - [TEST_STEP][PASSED] - playgame = allgames.get(j): null

27-02-2024T12:25:43 - [TEST_STEP][PASSED] - Object = convertWebElementToTestObject(playgame): null

27-02-2024T12:25:43 - [TEST_STEP][PASSED] - scrollToElement(Object, 10): Scroll to object '' successfully

27-02-2024T12:25:43 - [MESSAGE][PASSED] - Scroll to object '' successfully

27-02-2024T12:25:43 - [TEST_STEP][PASSED] - playgame.click(): null

27-02-2024T12:25:43 - [TEST_STEP][PASSED] - delay(2): Delayed 2 second(s)

27-02-2024T12:25:45 - [MESSAGE][PASSED] - Delayed 2 second(s)

27-02-2024T12:25:45 - [TEST_STEP][PASSED] - title = getUrl(): Current window's url is: 'https://haboom.com/d/casino/casino'

27-02-2024T12:25:45 - [MESSAGE][PASSED] - Current window's url is: 'https://haboom.com/d/casino/casino'

27-02-2024T12:25:45 - [TEST_STEP][PASSED] - if (title.contains("notavailable")): null

27-02-2024T12:25:45 - [TEST_STEP][PASSED] - switchToWindowIndex(1): Switched to window with index: '1'

27-02-2024T12:25:45 - [MESSAGE][PASSED] - Switched to window with index: '1'

27-02-2024T12:25:45 - [TEST_STEP][PASSED] - closeWindowIndex(1): Window with index 1 is closed

27-02-2024T12:25:45 - [MESSAGE][PASSED] - Window with index 1 is closed

27-02-2024T12:25:45 - [TEST_STEP][PASSED] - switchToWindowIndex(0): Switched to window with index: '0'

27-02-2024T12:25:45 - [MESSAGE][PASSED] - Switched to window with index: '0'

27-02-2024T12:25:45 - [TEST_STEP][PASSED] - delay(2): Delayed 2 second(s)

27-02-2024T12:25:47 - [MESSAGE][PASSED] - Delayed 2 second(s)

27-02-2024T12:25:47 - [TEST_STEP][PASSED] - println(j): null

27-02-2024T12:25:47 - [TEST_STEP][PASSED] - playgame = allgames.get(j): null

27-02-2024T12:25:47 - [TEST_STEP][PASSED] - Object = convertWebElementToTestObject(playgame): null

27-02-2024T12:25:47 - [TEST_STEP][PASSED] - scrollToElement(Object, 10): Scroll to object '' successfully

27-02-2024T12:25:47 - [MESSAGE][PASSED] - Scroll to object '' successfully

27-02-2024T12:25:47 - [TEST_STEP][PASSED] - playgame.click(): null

27-02-2024T12:25:47 - [TEST_STEP][PASSED] - delay(2): Delayed 2 second(s)

27-02-2024T12:25:50 - [MESSAGE][PASSED] - Delayed 2 second(s)

27-02-2024T12:25:50 - [TEST_STEP][PASSED] - title = getUrl(): Current window's url is: 'https://haboom.com/d/casino/casino'

27-02-2024T12:25:50 - [MESSAGE][PASSED] - Current window's url is: 'https://haboom.com/d/casino/casino'

27-02-2024T12:25:50 - [TEST_STEP][PASSED] - if (title.contains("notavailable")): null

27-02-2024T12:25:50 - [TEST_STEP][PASSED] - switchToWindowIndex(1): Switched to window with index: '1'

27-02-2024T12:25:50 - [MESSAGE][PASSED] - Switched to window with index: '1'

27-02-2024T12:25:50 - [TEST_STEP][PASSED] - closeWindowIndex(1): Window with index 1 is closed

27-02-2024T12:25:50 - [MESSAGE][PASSED] - Window with index 1 is closed

27-02-2024T12:25:50 - [TEST_STEP][PASSED] - switchToWindowIndex(0): Switched to window with index: '0'

27-02-2024T12:25:50 - [MESSAGE][PASSED] - Switched to window with index: '0'

27-02-2024T12:25:50 - [TEST_STEP][PASSED] - delay(2): Delayed 2 second(s)

27-02-2024T12:25:52 - [MESSAGE][PASSED] - Delayed 2 second(s)

27-02-2024T12:25:52 - [TEST_STEP][PASSED] - println(j): null

27-02-2024T12:25:52 - [TEST_STEP][PASSED] - playgame = allgames.get(j): null

27-02-2024T12:25:52 - [TEST_STEP][PASSED] - Object = convertWebElementToTestObject(playgame): null

27-02-2024T12:25:52 - [TEST_STEP][PASSED] - scrollToElement(Object, 10): Scroll to object '' successfully

27-02-2024T12:25:52 - [MESSAGE][PASSED] - Scroll to object '' successfully

27-02-2024T12:25:52 - [TEST_STEP][PASSED] - playgame.click(): null

27-02-2024T12:25:52 - [TEST_STEP][PASSED] - delay(2): Delayed 2 second(s)

27-02-2024T12:25:54 - [MESSAGE][PASSED] - Delayed 2 second(s)

27-02-2024T12:25:54 - [TEST_STEP][PASSED] - title = getUrl(): Current window's url is: 'https://haboom.com/d/casino/casino'

27-02-2024T12:25:54 - [MESSAGE][PASSED] - Current window's url is: 'https://haboom.com/d/casino/casino'

27-02-2024T12:25:54 - [TEST_STEP][PASSED] - if (title.contains("notavailable")): null

27-02-2024T12:25:54 - [TEST_STEP][PASSED] - switchToWindowIndex(1): Switched to window with index: '1'

27-02-2024T12:25:54 - [MESSAGE][PASSED] - Switched to window with index: '1'

27-02-2024T12:25:54 - [TEST_STEP][PASSED] - closeWindowIndex(1): Window with index 1 is closed

27-02-2024T12:25:54 - [MESSAGE][PASSED] - Window with index 1 is closed

27-02-2024T12:25:54 - [TEST_STEP][PASSED] - switchToWindowIndex(0): Switched to window with index: '0'

27-02-2024T12:25:54 - [MESSAGE][PASSED] - Switched to window with index: '0'

27-02-2024T12:25:54 - [TEST_STEP][PASSED] - delay(2): Delayed 2 second(s)

27-02-2024T12:25:56 - [MESSAGE][PASSED] - Delayed 2 second(s)

27-02-2024T12:25:56 - [TEST_STEP][PASSED] - println(j): null

27-02-2024T12:25:56 - [TEST_STEP][PASSED] - playgame = allgames.get(j): null

27-02-2024T12:25:56 - [TEST_STEP][PASSED] - Object = convertWebElementToTestObject(playgame): null

27-02-2024T12:25:56 - [TEST_STEP][PASSED] - scrollToElement(Object, 10): Scroll to object '' successfully

27-02-2024T12:25:56 - [MESSAGE][PASSED] - Scroll to object '' successfully

27-02-2024T12:25:56 - [TEST_STEP][PASSED] - playgame.click(): null

27-02-2024T12:25:56 - [TEST_STEP][PASSED] - delay(2): Delayed 2 second(s)

27-02-2024T12:25:58 - [MESSAGE][PASSED] - Delayed 2 second(s)

27-02-2024T12:25:58 - [TEST_STEP][PASSED] - title = getUrl(): Current window's url is: 'https://haboom.com/d/casino/casino'

27-02-2024T12:25:58 - [MESSAGE][PASSED] - Current window's url is: 'https://haboom.com/d/casino/casino'

27-02-2024T12:25:58 - [TEST_STEP][PASSED] - if (title.contains("notavailable")): null

27-02-2024T12:25:58 - [TEST_STEP][PASSED] - switchToWindowIndex(1): Switched to window with index: '1'

27-02-2024T12:25:58 - [MESSAGE][PASSED] - Switched to window with index: '1'

27-02-2024T12:25:58 - [TEST_STEP][PASSED] - closeWindowIndex(1): Window with index 1 is closed

27-02-2024T12:25:58 - [MESSAGE][PASSED] - Window with index 1 is closed

27-02-2024T12:25:58 - [TEST_STEP][PASSED] - switchToWindowIndex(0): Switched to window with index: '0'

27-02-2024T12:25:58 - [MESSAGE][PASSED] - Switched to window with index: '0'

27-02-2024T12:25:58 - [TEST_STEP][PASSED] - delay(2): Delayed 2 second(s)

27-02-2024T12:26:00 - [MESSAGE][PASSED] - Delayed 2 second(s)

27-02-2024T12:26:00 - [TEST_STEP][PASSED] - println(j): null

27-02-2024T12:26:00 - [TEST_STEP][PASSED] - playgame = allgames.get(j): null

27-02-2024T12:26:00 - [TEST_STEP][PASSED] - Object = convertWebElementToTestObject(playgame): null

27-02-2024T12:26:00 - [TEST_STEP][PASSED] - scrollToElement(Object, 10): Scroll to object '' successfully

27-02-2024T12:26:00 - [MESSAGE][PASSED] - Scroll to object '' successfully

27-02-2024T12:26:00 - [TEST_STEP][PASSED] - playgame.click(): null

27-02-2024T12:26:00 - [TEST_STEP][PASSED] - delay(2): Delayed 2 second(s)

27-02-2024T12:26:02 - [MESSAGE][PASSED] - Delayed 2 second(s)

27-02-2024T12:26:02 - [TEST_STEP][PASSED] - title = getUrl(): Current window's url is: 'https://haboom.com/d/casino/casino'

27-02-2024T12:26:02 - [MESSAGE][PASSED] - Current window's url is: 'https://haboom.com/d/casino/casino'

27-02-2024T12:26:02 - [TEST_STEP][PASSED] - if (title.contains("notavailable")): null

27-02-2024T12:26:02 - [TEST_STEP][PASSED] - switchToWindowIndex(1): Switched to window with index: '1'

27-02-2024T12:26:02 - [MESSAGE][PASSED] - Switched to window with index: '1'

27-02-2024T12:26:02 - [TEST_STEP][PASSED] - closeWindowIndex(1): Window with index 1 is closed

27-02-2024T12:26:02 - [MESSAGE][PASSED] - Window with index 1 is closed

27-02-2024T12:26:02 - [TEST_STEP][PASSED] - switchToWindowIndex(0): Switched to window with index: '0'

27-02-2024T12:26:02 - [MESSAGE][PASSED] - Switched to window with index: '0'

27-02-2024T12:26:02 - [TEST_STEP][PASSED] - delay(2): Delayed 2 second(s)

27-02-2024T12:26:04 - [MESSAGE][PASSED] - Delayed 2 second(s)

27-02-2024T12:26:04 - [TEST_STEP][PASSED] - println(j): null

27-02-2024T12:26:04 - [TEST_STEP][PASSED] - playgame = allgames.get(j): null

27-02-2024T12:26:04 - [TEST_STEP][PASSED] - Object = convertWebElementToTestObject(playgame): null

27-02-2024T12:26:04 - [TEST_STEP][PASSED] - scrollToElement(Object, 10): Scroll to object '' successfully

27-02-2024T12:26:04 - [MESSAGE][PASSED] - Scroll to object '' successfully

27-02-2024T12:26:04 - [TEST_STEP][PASSED] - playgame.click(): null

27-02-2024T12:26:04 - [TEST_STEP][PASSED] - delay(2): Delayed 2 second(s)

27-02-2024T12:26:06 - [MESSAGE][PASSED] - Delayed 2 second(s)

27-02-2024T12:26:06 - [TEST_STEP][PASSED] - title = getUrl(): Current window's url is: 'https://haboom.com/d/casino/casino'

27-02-2024T12:26:06 - [MESSAGE][PASSED] - Current window's url is: 'https://haboom.com/d/casino/casino'

27-02-2024T12:26:06 - [TEST_STEP][PASSED] - if (title.contains("notavailable")): null

27-02-2024T12:26:06 - [TEST_STEP][PASSED] - switchToWindowIndex(1): Switched to window with index: '1'

27-02-2024T12:26:06 - [MESSAGE][PASSED] - Switched to window with index: '1'

27-02-2024T12:26:06 - [TEST_STEP][PASSED] - closeWindowIndex(1): Window with index 1 is closed

27-02-2024T12:26:07 - [MESSAGE][PASSED] - Window with index 1 is closed

27-02-2024T12:26:07 - [TEST_STEP][PASSED] - switchToWindowIndex(0): Switched to window with index: '0'

27-02-2024T12:26:07 - [MESSAGE][PASSED] - Switched to window with index: '0'

27-02-2024T12:26:07 - [TEST_STEP][PASSED] - delay(2): Delayed 2 second(s)

27-02-2024T12:26:09 - [MESSAGE][PASSED] - Delayed 2 second(s)

27-02-2024T12:26:09 - [TEST_STEP][PASSED] - println(j): null

27-02-2024T12:26:09 - [TEST_STEP][PASSED] - playgame = allgames.get(j): null

27-02-2024T12:26:09 - [TEST_STEP][PASSED] - Object = convertWebElementToTestObject(playgame): null

27-02-2024T12:26:09 - [TEST_STEP][PASSED] - scrollToElement(Object, 10): Scroll to object '' successfully

27-02-2024T12:26:09 - [MESSAGE][PASSED] - Scroll to object '' successfully

27-02-2024T12:26:09 - [TEST_STEP][PASSED] - playgame.click(): null

27-02-2024T12:26:09 - [TEST_STEP][PASSED] - delay(2): Delayed 2 second(s)

27-02-2024T12:26:11 - [MESSAGE][PASSED] - Delayed 2 second(s)

27-02-2024T12:26:11 - [TEST_STEP][PASSED] - title = getUrl(): Current window's url is: 'https://haboom.com/d/casino/casino'

27-02-2024T12:26:11 - [MESSAGE][PASSED] - Current window's url is: 'https://haboom.com/d/casino/casino'

27-02-2024T12:26:11 - [TEST_STEP][PASSED] - if (title.contains("notavailable")): null

27-02-2024T12:26:11 - [TEST_STEP][PASSED] - switchToWindowIndex(1): Switched to window with index: '1'

27-02-2024T12:26:11 - [MESSAGE][PASSED] - Switched to window with index: '1'

27-02-2024T12:26:11 - [TEST_STEP][PASSED] - closeWindowIndex(1): Window with index 1 is closed

27-02-2024T12:26:11 - [MESSAGE][PASSED] - Window with index 1 is closed

27-02-2024T12:26:11 - [TEST_STEP][PASSED] - switchToWindowIndex(0): Switched to window with index: '0'

27-02-2024T12:26:11 - [MESSAGE][PASSED] - Switched to window with index: '0'

27-02-2024T12:26:11 - [TEST_STEP][PASSED] - delay(2): Delayed 2 second(s)

27-02-2024T12:26:13 - [MESSAGE][PASSED] - Delayed 2 second(s)

27-02-2024T12:26:13 - [TEST_STEP][PASSED] - println(j): null

27-02-2024T12:26:13 - [TEST_STEP][PASSED] - playgame = allgames.get(j): null

27-02-2024T12:26:13 - [TEST_STEP][PASSED] - Object = convertWebElementToTestObject(playgame): null

27-02-2024T12:26:13 - [TEST_STEP][PASSED] - scrollToElement(Object, 10): Scroll to object '' successfully

27-02-2024T12:26:13 - [MESSAGE][PASSED] - Scroll to object '' successfully

27-02-2024T12:26:13 - [TEST_STEP][PASSED] - playgame.click(): null

27-02-2024T12:26:13 - [TEST_STEP][PASSED] - delay(2): Delayed 2 second(s)

27-02-2024T12:26:15 - [MESSAGE][PASSED] - Delayed 2 second(s)

27-02-2024T12:26:15 - [TEST_STEP][PASSED] - title = getUrl(): Current window's url is: 'https://haboom.com/d/casino/casino'

27-02-2024T12:26:15 - [MESSAGE][PASSED] - Current window's url is: 'https://haboom.com/d/casino/casino'

27-02-2024T12:26:15 - [TEST_STEP][PASSED] - if (title.contains("notavailable")): null

27-02-2024T12:26:15 - [TEST_STEP][PASSED] - switchToWindowIndex(1): Switched to window with index: '1'

27-02-2024T12:26:15 - [MESSAGE][PASSED] - Switched to window with index: '1'

27-02-2024T12:26:15 - [TEST_STEP][PASSED] - closeWindowIndex(1): Window with index 1 is closed

27-02-2024T12:26:15 - [MESSAGE][PASSED] - Window with index 1 is closed

27-02-2024T12:26:15 - [TEST_STEP][PASSED] - switchToWindowIndex(0): Switched to window with index: '0'

27-02-2024T12:26:15 - [MESSAGE][PASSED] - Switched to window with index: '0'

27-02-2024T12:26:15 - [TEST_STEP][PASSED] - delay(2): Delayed 2 second(s)

27-02-2024T12:26:17 - [MESSAGE][PASSED] - Delayed 2 second(s)

27-02-2024T12:26:17 - [TEST_STEP][PASSED] - println(j): null

27-02-2024T12:26:17 - [TEST_STEP][PASSED] - playgame = allgames.get(j): null

27-02-2024T12:26:17 - [TEST_STEP][PASSED] - Object = convertWebElementToTestObject(playgame): null

27-02-2024T12:26:17 - [TEST_STEP][PASSED] - scrollToElement(Object, 10): Scroll to object '' successfully

27-02-2024T12:26:17 - [MESSAGE][PASSED] - Scroll to object '' successfully

27-02-2024T12:26:17 - [TEST_STEP][PASSED] - playgame.click(): null

27-02-2024T12:26:17 - [TEST_STEP][PASSED] - delay(2): Delayed 2 second(s)

27-02-2024T12:26:19 - [MESSAGE][PASSED] - Delayed 2 second(s)

27-02-2024T12:26:19 - [TEST_STEP][PASSED] - title = getUrl(): Current window's url is: 'https://haboom.com/d/casino/casino'

27-02-2024T12:26:19 - [MESSAGE][PASSED] - Current window's url is: 'https://haboom.com/d/casino/casino'

27-02-2024T12:26:19 - [TEST_STEP][PASSED] - if (title.contains("notavailable")): null

27-02-2024T12:26:19 - [TEST_STEP][PASSED] - switchToWindowIndex(1): Switched to window with index: '1'

27-02-2024T12:26:19 - [MESSAGE][PASSED] - Switched to window with index: '1'

27-02-2024T12:26:19 - [TEST_STEP][PASSED] - closeWindowIndex(1): Window with index 1 is closed

27-02-2024T12:26:19 - [MESSAGE][PASSED] - Window with index 1 is closed

27-02-2024T12:26:19 - [TEST_STEP][PASSED] - switchToWindowIndex(0): Switched to window with index: '0'

27-02-2024T12:26:19 - [MESSAGE][PASSED] - Switched to window with index: '0'

27-02-2024T12:26:19 - [TEST_STEP][PASSED] - delay(2): Delayed 2 second(s)

27-02-2024T12:26:21 - [MESSAGE][PASSED] - Delayed 2 second(s)

27-02-2024T12:26:21 - [TEST_STEP][PASSED] - println(j): null

27-02-2024T12:26:21 - [TEST_STEP][PASSED] - playgame = allgames.get(j): null

27-02-2024T12:26:21 - [TEST_STEP][PASSED] - Object = convertWebElementToTestObject(playgame): null

27-02-2024T12:26:21 - [TEST_STEP][PASSED] - scrollToElement(Object, 10): Scroll to object '' successfully

27-02-2024T12:26:21 - [MESSAGE][PASSED] - Scroll to object '' successfully

27-02-2024T12:26:21 - [TEST_STEP][PASSED] - playgame.click(): null

27-02-2024T12:26:21 - [TEST_STEP][PASSED] - delay(2): Delayed 2 second(s)

27-02-2024T12:26:23 - [MESSAGE][PASSED] - Delayed 2 second(s)

27-02-2024T12:26:23 - [TEST_STEP][PASSED] - title = getUrl(): Current window's url is: 'https://haboom.com/d/casino/casino'

27-02-2024T12:26:23 - [MESSAGE][PASSED] - Current window's url is: 'https://haboom.com/d/casino/casino'

27-02-2024T12:26:23 - [TEST_STEP][PASSED] - if (title.contains("notavailable")): null

27-02-2024T12:26:23 - [TEST_STEP][PASSED] - switchToWindowIndex(1): Switched to window with index: '1'

27-02-2024T12:26:23 - [MESSAGE][PASSED] - Switched to window with index: '1'

27-02-2024T12:26:23 - [TEST_STEP][PASSED] - closeWindowIndex(1): Window with index 1 is closed

27-02-2024T12:26:23 - [MESSAGE][PASSED] - Window with index 1 is closed

27-02-2024T12:26:23 - [TEST_STEP][PASSED] - switchToWindowIndex(0): Switched to window with index: '0'

27-02-2024T12:26:23 - [MESSAGE][PASSED] - Switched to window with index: '0'

27-02-2024T12:26:23 - [TEST_STEP][PASSED] - delay(2): Delayed 2 second(s)

27-02-2024T12:26:25 - [MESSAGE][PASSED] - Delayed 2 second(s)

27-02-2024T12:26:25 - [TEST_STEP][PASSED] - println(j): null

27-02-2024T12:26:25 - [TEST_STEP][PASSED] - playgame = allgames.get(j): null

27-02-2024T12:26:25 - [TEST_STEP][PASSED] - Object = convertWebElementToTestObject(playgame): null

27-02-2024T12:26:25 - [TEST_STEP][PASSED] - scrollToElement(Object, 10): Scroll to object '' successfully

27-02-2024T12:26:25 - [MESSAGE][PASSED] - Scroll to object '' successfully

27-02-2024T12:26:25 - [TEST_STEP][PASSED] - playgame.click(): null

27-02-2024T12:26:25 - [TEST_STEP][PASSED] - delay(2): Delayed 2 second(s)

27-02-2024T12:26:27 - [MESSAGE][PASSED] - Delayed 2 second(s)

27-02-2024T12:26:27 - [TEST_STEP][PASSED] - title = getUrl(): Current window's url is: 'https://haboom.com/d/casino/casino'

27-02-2024T12:26:28 - [MESSAGE][PASSED] - Current window's url is: 'https://haboom.com/d/casino/casino'

27-02-2024T12:26:28 - [TEST_STEP][PASSED] - if (title.contains("notavailable")): null

27-02-2024T12:26:28 - [TEST_STEP][PASSED] - switchToWindowIndex(1): Switched to window with index: '1'

27-02-2024T12:26:28 - [MESSAGE][PASSED] - Switched to window with index: '1'

27-02-2024T12:26:28 - [TEST_STEP][PASSED] - closeWindowIndex(1): Window with index 1 is closed

27-02-2024T12:26:28 - [MESSAGE][PASSED] - Window with index 1 is closed

27-02-2024T12:26:28 - [TEST_STEP][PASSED] - switchToWindowIndex(0): Switched to window with index: '0'

27-02-2024T12:26:28 - [MESSAGE][PASSED] - Switched to window with index: '0'

27-02-2024T12:26:28 - [TEST_STEP][PASSED] - delay(2): Delayed 2 second(s)

27-02-2024T12:26:30 - [MESSAGE][PASSED] - Delayed 2 second(s)

27-02-2024T12:26:30 - [TEST_STEP][PASSED] - println(j): null

27-02-2024T12:26:30 - [TEST_STEP][PASSED] - playgame = allgames.get(j): null

27-02-2024T12:26:30 - [TEST_STEP][PASSED] - Object = convertWebElementToTestObject(playgame): null

27-02-2024T12:26:30 - [TEST_STEP][PASSED] - scrollToElement(Object, 10): Scroll to object '' successfully

27-02-2024T12:26:30 - [MESSAGE][PASSED] - Scroll to object '' successfully

27-02-2024T12:26:30 - [TEST_STEP][PASSED] - playgame.click(): null

27-02-2024T12:26:30 - [TEST_STEP][PASSED] - delay(2): Delayed 2 second(s)

27-02-2024T12:26:32 - [MESSAGE][PASSED] - Delayed 2 second(s)

27-02-2024T12:26:32 - [TEST_STEP][PASSED] - title = getUrl(): Current window's url is: 'https://haboom.com/d/casino/casino'

27-02-2024T12:26:32 - [MESSAGE][PASSED] - Current window's url is: 'https://haboom.com/d/casino/casino'

27-02-2024T12:26:32 - [TEST_STEP][PASSED] - if (title.contains("notavailable")): null

27-02-2024T12:26:32 - [TEST_STEP][PASSED] - switchToWindowIndex(1): Switched to window with index: '1'

27-02-2024T12:26:32 - [MESSAGE][PASSED] - Switched to window with index: '1'

27-02-2024T12:26:32 - [TEST_STEP][PASSED] - closeWindowIndex(1): Window with index 1 is closed

27-02-2024T12:26:32 - [MESSAGE][PASSED] - Window with index 1 is closed

27-02-2024T12:26:32 - [TEST_STEP][PASSED] - switchToWindowIndex(0): Switched to window with index: '0'

27-02-2024T12:26:32 - [MESSAGE][PASSED] - Switched to window with index: '0'

27-02-2024T12:26:32 - [TEST_STEP][PASSED] - delay(2): Delayed 2 second(s)

27-02-2024T12:26:34 - [MESSAGE][PASSED] - Delayed 2 second(s)

27-02-2024T12:26:34 - [TEST_STEP][PASSED] - println(j): null

27-02-2024T12:26:34 - [TEST_STEP][ERROR] - playgame = allgames.get(j): Test Cases/Casino/Open game successful FAILED.
Reason:
java.lang.IndexOutOfBoundsException: Index 20 out of bounds for length 20
	at java.base/jdk.internal.util.Preconditions.outOfBounds(Preconditions.java:64)
	at java.base/jdk.internal.util.Preconditions.outOfBoundsCheckIndex(Preconditions.java:70)
	at java.base/jdk.internal.util.Preconditions.checkIndex(Preconditions.java:266)
	at Open game successful.run(Open game successful:44)
	at com.kms.katalon.core.main.ScriptEngine.run(ScriptEngine.java:194)
	at com.kms.katalon.core.main.ScriptEngine.runScriptAsRawText(ScriptEngine.java:119)
	at com.kms.katalon.core.main.TestCaseExecutor.runScript(TestCaseExecutor.java:448)
	at com.kms.katalon.core.main.TestCaseExecutor.doExecute(TestCaseExecutor.java:439)
	at com.kms.katalon.core.main.TestCaseExecutor.processExecutionPhase(TestCaseExecutor.java:418)
	at com.kms.katalon.core.main.TestCaseExecutor.accessMainPhase(TestCaseExecutor.java:410)
	at com.kms.katalon.core.main.TestCaseExecutor.execute(TestCaseExecutor.java:285)
	at com.kms.katalon.core.common.CommonExecutor.accessTestCaseMainPhase(CommonExecutor.java:65)
	at com.kms.katalon.core.main.TestSuiteExecutor.accessTestSuiteMainPhase(TestSuiteExecutor.java:148)
	at com.kms.katalon.core.main.TestSuiteExecutor.execute(TestSuiteExecutor.java:106)
	at com.kms.katalon.core.main.TestCaseMain.startTestSuite(TestCaseMain.java:180)
	at TempTestSuite1709016880897.run(TempTestSuite1709016880897.groovy:36)
	at java.base/jdk.internal.reflect.NativeMethodAccessorImpl.invoke0(Native Method)
	at java.base/jdk.internal.reflect.NativeMethodAccessorImpl.invoke(NativeMethodAccessorImpl.java:77)
	at java.base/jdk.internal.reflect.DelegatingMethodAccessorImpl.invoke(DelegatingMethodAccessorImpl.java:43)


27-02-2024T12:26:34 - [MESSAGE][ERROR] - Test Cases/Casino/Open game successful FAILED.
Reason:
java.lang.IndexOutOfBoundsException: Index 20 out of bounds for length 20
	at java.base/jdk.internal.util.Preconditions.outOfBounds(Preconditions.java:64)
	at java.base/jdk.internal.util.Preconditions.outOfBoundsCheckIndex(Preconditions.java:70)
	at java.base/jdk.internal.util.Preconditions.checkIndex(Preconditions.java:266)
	at Open game successful.run(Open game successful:44)
	at com.kms.katalon.core.main.ScriptEngine.run(ScriptEngine.java:194)
	at com.kms.katalon.core.main.ScriptEngine.runScriptAsRawText(ScriptEngine.java:119)
	at com.kms.katalon.core.main.TestCaseExecutor.runScript(TestCaseExecutor.java:448)
	at com.kms.katalon.core.main.TestCaseExecutor.doExecute(TestCaseExecutor.java:439)
	at com.kms.katalon.core.main.TestCaseExecutor.processExecutionPhase(TestCaseExecutor.java:418)
	at com.kms.katalon.core.main.TestCaseExecutor.accessMainPhase(TestCaseExecutor.java:410)
	at com.kms.katalon.core.main.TestCaseExecutor.execute(TestCaseExecutor.java:285)
	at com.kms.katalon.core.common.CommonExecutor.accessTestCaseMainPhase(CommonExecutor.java:65)
	at com.kms.katalon.core.main.TestSuiteExecutor.accessTestSuiteMainPhase(TestSuiteExecutor.java:148)
	at com.kms.katalon.core.main.TestSuiteExecutor.execute(TestSuiteExecutor.java:106)
	at com.kms.katalon.core.main.TestCaseMain.startTestSuite(TestCaseMain.java:180)
	at TempTestSuite1709016880897.run(TempTestSuite1709016880897.groovy:36)
	at java.base/jdk.internal.reflect.NativeMethodAccessorImpl.invoke0(Native Method)
	at java.base/jdk.internal.reflect.NativeMethodAccessorImpl.invoke(NativeMethodAccessorImpl.java:77)
	at java.base/jdk.internal.reflect.DelegatingMethodAccessorImpl.invoke(DelegatingMethodAccessorImpl.java:43)]]></system-out>
         <system-err><![CDATA[27-02-2024T12:24:43 - [TEST_CASE][ERROR] - Test Cases/Casino/Open game successful: Test Cases/Casino/Open game successful FAILED.
Reason:
java.lang.IndexOutOfBoundsException: Index 20 out of bounds for length 20
	at java.base/jdk.internal.util.Preconditions.outOfBounds(Preconditions.java:64)
	at java.base/jdk.internal.util.Preconditions.outOfBoundsCheckIndex(Preconditions.java:70)
	at java.base/jdk.internal.util.Preconditions.checkIndex(Preconditions.java:266)
	at Open game successful.run(Open game successful:44)
	at com.kms.katalon.core.main.ScriptEngine.run(ScriptEngine.java:194)
	at com.kms.katalon.core.main.ScriptEngine.runScriptAsRawText(ScriptEngine.java:119)
	at com.kms.katalon.core.main.TestCaseExecutor.runScript(TestCaseExecutor.java:448)
	at com.kms.katalon.core.main.TestCaseExecutor.doExecute(TestCaseExecutor.java:439)
	at com.kms.katalon.core.main.TestCaseExecutor.processExecutionPhase(TestCaseExecutor.java:418)
	at com.kms.katalon.core.main.TestCaseExecutor.accessMainPhase(TestCaseExecutor.java:410)
	at com.kms.katalon.core.main.TestCaseExecutor.execute(TestCaseExecutor.java:285)
	at com.kms.katalon.core.common.CommonExecutor.accessTestCaseMainPhase(CommonExecutor.java:65)
	at com.kms.katalon.core.main.TestSuiteExecutor.accessTestSuiteMainPhase(TestSuiteExecutor.java:148)
	at com.kms.katalon.core.main.TestSuiteExecutor.execute(TestSuiteExecutor.java:106)
	at com.kms.katalon.core.main.TestCaseMain.startTestSuite(TestCaseMain.java:180)
	at TempTestSuite1709016880897.run(TempTestSuite1709016880897.groovy:36)
	at java.base/jdk.internal.reflect.NativeMethodAccessorImpl.invoke0(Native Method)
	at java.base/jdk.internal.reflect.NativeMethodAccessorImpl.invoke(NativeMethodAccessorImpl.java:77)
	at java.base/jdk.internal.reflect.DelegatingMethodAccessorImpl.invoke(DelegatingMethodAccessorImpl.java:43)]]></system-err>
      </testcase>
      <system-out><![CDATA[27-02-2024T12:24:43 - [TEST_SUITE][ERROR] - Casino: Test Cases/Casino/Open game successful FAILED.
Reason:
java.lang.IndexOutOfBoundsException: Index 20 out of bounds for length 20
	at java.base/jdk.internal.util.Preconditions.outOfBounds(Preconditions.java:64)
	at java.base/jdk.internal.util.Preconditions.outOfBoundsCheckIndex(Preconditions.java:70)
	at java.base/jdk.internal.util.Preconditions.checkIndex(Preconditions.java:266)
	at Open game successful.run(Open game successful:44)
	at com.kms.katalon.core.main.ScriptEngine.run(ScriptEngine.java:194)
	at com.kms.katalon.core.main.ScriptEngine.runScriptAsRawText(ScriptEngine.java:119)
	at com.kms.katalon.core.main.TestCaseExecutor.runScript(TestCaseExecutor.java:448)
	at com.kms.katalon.core.main.TestCaseExecutor.doExecute(TestCaseExecutor.java:439)
	at com.kms.katalon.core.main.TestCaseExecutor.processExecutionPhase(TestCaseExecutor.java:418)
	at com.kms.katalon.core.main.TestCaseExecutor.accessMainPhase(TestCaseExecutor.java:410)
	at com.kms.katalon.core.main.TestCaseExecutor.execute(TestCaseExecutor.java:285)
	at com.kms.katalon.core.common.CommonExecutor.accessTestCaseMainPhase(CommonExecutor.java:65)
	at com.kms.katalon.core.main.TestSuiteExecutor.accessTestSuiteMainPhase(TestSuiteExecutor.java:148)
	at com.kms.katalon.core.main.TestSuiteExecutor.execute(TestSuiteExecutor.java:106)
	at com.kms.katalon.core.main.TestCaseMain.startTestSuite(TestCaseMain.java:180)
	at TempTestSuite1709016880897.run(TempTestSuite1709016880897.groovy:36)
	at java.base/jdk.internal.reflect.NativeMethodAccessorImpl.invoke0(Native Method)
	at java.base/jdk.internal.reflect.NativeMethodAccessorImpl.invoke(NativeMethodAccessorImpl.java:77)
	at java.base/jdk.internal.reflect.DelegatingMethodAccessorImpl.invoke(DelegatingMethodAccessorImpl.java:43)]]></system-out>
      <system-err><![CDATA[27-02-2024T12:24:43 - [TEST_SUITE][ERROR] - Casino: Test Cases/Casino/Open game successful FAILED.
Reason:
java.lang.IndexOutOfBoundsException: Index 20 out of bounds for length 20
	at java.base/jdk.internal.util.Preconditions.outOfBounds(Preconditions.java:64)
	at java.base/jdk.internal.util.Preconditions.outOfBoundsCheckIndex(Preconditions.java:70)
	at java.base/jdk.internal.util.Preconditions.checkIndex(Preconditions.java:266)
	at Open game successful.run(Open game successful:44)
	at com.kms.katalon.core.main.ScriptEngine.run(ScriptEngine.java:194)
	at com.kms.katalon.core.main.ScriptEngine.runScriptAsRawText(ScriptEngine.java:119)
	at com.kms.katalon.core.main.TestCaseExecutor.runScript(TestCaseExecutor.java:448)
	at com.kms.katalon.core.main.TestCaseExecutor.doExecute(TestCaseExecutor.java:439)
	at com.kms.katalon.core.main.TestCaseExecutor.processExecutionPhase(TestCaseExecutor.java:418)
	at com.kms.katalon.core.main.TestCaseExecutor.accessMainPhase(TestCaseExecutor.java:410)
	at com.kms.katalon.core.main.TestCaseExecutor.execute(TestCaseExecutor.java:285)
	at com.kms.katalon.core.common.CommonExecutor.accessTestCaseMainPhase(CommonExecutor.java:65)
	at com.kms.katalon.core.main.TestSuiteExecutor.accessTestSuiteMainPhase(TestSuiteExecutor.java:148)
	at com.kms.katalon.core.main.TestSuiteExecutor.execute(TestSuiteExecutor.java:106)
	at com.kms.katalon.core.main.TestCaseMain.startTestSuite(TestCaseMain.java:180)
	at TempTestSuite1709016880897.run(TempTestSuite1709016880897.groovy:36)
	at java.base/jdk.internal.reflect.NativeMethodAccessorImpl.invoke0(Native Method)
	at java.base/jdk.internal.reflect.NativeMethodAccessorImpl.invoke(NativeMethodAccessorImpl.java:77)
	at java.base/jdk.internal.reflect.DelegatingMethodAccessorImpl.invoke(DelegatingMethodAccessorImpl.java:43)]]></system-err>
   </testsuite>
</testsuites>
