<?xml version="1.0" encoding="UTF-8"?>
<testsuites name="Exchange" time="47.037" tests="1" failures="0" errors="0">
   <testsuite name="Exchange" tests="1" failures="0" errors="0" time="47.037" skipped="0" timestamp="01-03-2024T12:53:15" hostname="M Gokul Jayanth - LAPTOP-QCN9K3GM" id="Test Suites/Exchange">
      <properties>
         <property name="deviceName" value=""/>
         <property name="devicePlatform" value=""/>
         <property name="logFolder" value="C:\\Users\\M Gokul Jayanth\\git\\KatalonAutomation\\HaboomWBT\\Reports\\20240301_125312\\Exchange\\20240301_125313"/>
         <property name="logFiles" value="C:\\Users\\M Gokul Jayanth\\git\\KatalonAutomation\\HaboomWBT\\Reports\\20240301_125312\\Exchange\\20240301_125313\\execution0.log"/>
         <property name="attachments" value=""/>
         <property name="hostName" value="M Gokul Jayanth - LAPTOP-QCN9K3GM"/>
         <property name="os" value="Windows 11 64bit"/>
         <property name="katalonVersion" value="9.3.0.212"/>
         <property name="browser" value="Chrome 121.0.0.0"/>
         <property name="hostAddress" value="192.168.1.8"/>
         <property name="sessionId" value="27f4ecb07de7002b445f5ac6d4c3a0c1"/>
         <property name="seleniumVersion" value="3.141.59"/>
         <property name="proxyInformation" value="ProxyInformation { proxyOption=NO_PROXY, proxyServerType=HTTP, username=, password=********, proxyServerAddress=, proxyServerPort=0, executionList=&quot;&quot;, isApplyToDesiredCapabilities=true }"/>
         <property name="platform" value="Windows 11"/>
      </properties>
      <testcase name="Test Cases/Exchange/Place exchange_cricket bet" time="46.899" classname="Test Cases/Exchange/Place exchange_cricket bet" status="PASSED">
         <system-out><![CDATA[01-03-2024T12:53:16 - [TEST_CASE][PASSED] - Test Cases/Exchange/Place exchange_cricket bet: Test Cases/Exchange/Place exchange_cricket bet

01-03-2024T12:53:16 - [TEST_STEP][PASSED] - Start setup action : setupTestCase: Method 'setupTestCase' complete successfully

01-03-2024T12:53:16 - [TEST_STEP][PASSED] - openBrowser(""): Browser is opened with url: ''

01-03-2024T12:53:16 - [MESSAGE][INFO] - Starting 'Chrome' driver

01-03-2024T12:53:16 - [MESSAGE][INFO] - Action delay is set to 0 milliseconds

01-03-2024T12:53:17 - [MESSAGE][PASSED] - Browser is opened with url: ''

01-03-2024T12:53:17 - [TEST_STEP][PASSED] - navigateToUrl("https://haboom.com/"): Navigate to 'https://haboom.com/' successfully

01-03-2024T12:53:23 - [MESSAGE][PASSED] - Navigate to 'https://haboom.com/' successfully

01-03-2024T12:53:23 - [TEST_STEP][PASSED] - maximizeWindow(): Current window maximized

01-03-2024T12:53:24 - [MESSAGE][PASSED] - Current window maximized

01-03-2024T12:53:24 - [TEST_STEP][PASSED] - setText(findTestObject("Object Repository/Login Page/Login email field"), "MartinGarrix"): Text 'MartinGarrix' is set on object 'Object Repository/Login Page/Login email field'

01-03-2024T12:53:26 - [MESSAGE][PASSED] - Text 'MartinGarrix' is set on object 'Object Repository/Login Page/Login email field'

01-03-2024T12:53:26 - [TEST_STEP][PASSED] - setText(findTestObject("Object Repository/Login Page/Login Password"), "Test@1234"): Text 'Test@1234' is set on object 'Object Repository/Login Page/Login Password'

01-03-2024T12:53:29 - [MESSAGE][PASSED] - Text 'Test@1234' is set on object 'Object Repository/Login Page/Login Password'

01-03-2024T12:53:29 - [TEST_STEP][PASSED] - click(findTestObject("Object Repository/Login Page/login button")): Object: 'Object Repository/Login Page/login button' is clicked on

01-03-2024T12:53:30 - [MESSAGE][PASSED] - Object: 'Object Repository/Login Page/login button' is clicked on

01-03-2024T12:53:30 - [MESSAGE][PASSED] - Method 'setupTestCase' complete successfully

01-03-2024T12:53:30 - [TEST_STEP][PASSED] - click(findTestObject("Object Repository/Exchange Page/Exchange_menu")): Object: 'Object Repository/Exchange Page/Exchange_menu' is clicked on

01-03-2024T12:53:36 - [MESSAGE][PASSED] - Object: 'Object Repository/Exchange Page/Exchange_menu' is clicked on

01-03-2024T12:53:36 - [TEST_STEP][PASSED] - click(findTestObject("Object Repository/Exchange Page/Cricket_menu")): Object: 'Object Repository/Exchange Page/Cricket_menu' is clicked on

01-03-2024T12:53:38 - [MESSAGE][PASSED] - Object: 'Object Repository/Exchange Page/Cricket_menu' is clicked on

01-03-2024T12:53:38 - [TEST_STEP][PASSED] - delay(5): Delayed 5 second(s)

01-03-2024T12:53:43 - [MESSAGE][PASSED] - Delayed 5 second(s)

01-03-2024T12:53:43 - [TEST_STEP][PASSED] - game1 = getWebDriver().findElement(By.xpath("(//section[@class='mod-event-line ng-scope ng-isolate-scope'])[1]/ul[1]/li[1]")): null

01-03-2024T12:53:44 - [TEST_STEP][PASSED] - game1.click(): null

01-03-2024T12:53:45 - [TEST_STEP][PASSED] - delay(5): Delayed 5 second(s)

01-03-2024T12:53:50 - [MESSAGE][PASSED] - Delayed 5 second(s)

01-03-2024T12:53:50 - [TEST_STEP][PASSED] - teamAback = getWebDriver().findElement(By.xpath("(//tr[@class='runner-line ng-scope'])[1]/td[4]/button")): null

01-03-2024T12:53:50 - [TEST_STEP][PASSED] - teamAback.click(): null

01-03-2024T12:53:50 - [TEST_STEP][PASSED] - getvalue = getWebDriver().findElement(By.xpath("(//tr[@class='runner-line ng-scope'])[1]/td[4]/button/div/span[1]")): null

01-03-2024T12:53:52 - [TEST_STEP][PASSED] - stringoddvalue = getvalue.getText(): null

01-03-2024T12:53:52 - [TEST_STEP][PASSED] - println(stringoddvalue): null

01-03-2024T12:53:52 - [TEST_STEP][PASSED] - floatoddvalue = stringoddvalue.toFloat(): null

01-03-2024T12:53:52 - [TEST_STEP][PASSED] - println(floatoddvalue): null

01-03-2024T12:53:52 - [TEST_STEP][PASSED] - newoddvalue = floatoddvalue + 0.10: null

01-03-2024T12:53:52 - [TEST_STEP][PASSED] - println(newoddvalue): null

01-03-2024T12:53:52 - [TEST_STEP][PASSED] - newstringoddvalue = newoddvalue.floatValue(): null

01-03-2024T12:53:52 - [TEST_STEP][PASSED] - setText(findTestObject("Object Repository/Exchange Page/oddvalue_field"), newstringoddvalue): Text '3.0' is set on object 'Object Repository/Exchange Page/oddvalue_field'

01-03-2024T12:53:55 - [MESSAGE][PASSED] - Text '3.0' is set on object 'Object Repository/Exchange Page/oddvalue_field'

01-03-2024T12:53:55 - [TEST_STEP][PASSED] - click(findTestObject("Object Repository/Exchange Page/Placebet_button")): Object: 'Object Repository/Exchange Page/Placebet_button' is clicked on

01-03-2024T12:53:57 - [MESSAGE][PASSED] - Object: 'Object Repository/Exchange Page/Placebet_button' is clicked on

01-03-2024T12:53:57 - [TEST_STEP][PASSED] - delay(5): Delayed 5 second(s)

01-03-2024T12:54:02 - [MESSAGE][PASSED] - Delayed 5 second(s)]]></system-out>
         <system-err><![CDATA[]]></system-err>
      </testcase>
      <system-out><![CDATA[01-03-2024T12:53:15 - [TEST_SUITE][PASSED] - Exchange: Test Cases/Exchange/Place exchange_cricket bet]]></system-out>
      <system-err><![CDATA[]]></system-err>
   </testsuite>
</testsuites>
