<?xml version="1.0" encoding="UTF-8"?>
<testsuites name="HomePage" time="20.642" tests="1" failures="0" errors="0">
   <testsuite name="HomePage" tests="1" failures="0" errors="0" time="20.642" skipped="0" timestamp="28-02-2024T14:59:19" hostname="M Gokul Jayanth - LAPTOP-QCN9K3GM" id="Test Suites/HomePage">
      <properties>
         <property name="deviceName" value=""/>
         <property name="devicePlatform" value=""/>
         <property name="logFolder" value="C:\\Users\\M Gokul Jayanth\\git\\KatalonAutomation\\HaboomWBT\\Reports\\20240228_145917\\HomePage\\20240228_145917"/>
         <property name="logFiles" value="C:\\Users\\M Gokul Jayanth\\git\\KatalonAutomation\\HaboomWBT\\Reports\\20240228_145917\\HomePage\\20240228_145917\\execution0.log"/>
         <property name="attachments" value=""/>
         <property name="hostName" value="M Gokul Jayanth - LAPTOP-QCN9K3GM"/>
         <property name="os" value="Windows 11 64bit"/>
         <property name="katalonVersion" value="9.3.0.212"/>
         <property name="browser" value="Chrome 121.0.0.0"/>
         <property name="hostAddress" value="192.168.50.148"/>
         <property name="sessionId" value="c5620834d12876e0f204f2ba2b9b83be"/>
         <property name="seleniumVersion" value="3.141.59"/>
         <property name="proxyInformation" value="ProxyInformation { proxyOption=NO_PROXY, proxyServerType=HTTP, username=, password=********, proxyServerAddress=, proxyServerPort=0, executionList=&quot;&quot;, isApplyToDesiredCapabilities=true }"/>
         <property name="platform" value="Windows 11"/>
      </properties>
      <testcase name="Test Cases/HomePage/Open topmatches games successful" time="20.51" classname="Test Cases/HomePage/Open topmatches games successful" status="PASSED">
         <system-out><![CDATA[28-02-2024T14:59:19 - [TEST_CASE][PASSED] - Test Cases/HomePage/Open topmatches games successful: Test Cases/HomePage/Open topmatches games successful

28-02-2024T14:59:19 - [TEST_STEP][PASSED] - Start setup action : setupTestCase: Method 'setupTestCase' complete successfully

28-02-2024T14:59:20 - [TEST_STEP][PASSED] - openBrowser(""): Browser is opened with url: ''

28-02-2024T14:59:20 - [MESSAGE][INFO] - Starting 'Chrome' driver

28-02-2024T14:59:20 - [MESSAGE][INFO] - Action delay is set to 0 milliseconds

28-02-2024T14:59:21 - [MESSAGE][PASSED] - Browser is opened with url: ''

28-02-2024T14:59:21 - [TEST_STEP][PASSED] - navigateToUrl("https://haboom.com/"): Navigate to 'https://haboom.com/' successfully

28-02-2024T14:59:29 - [MESSAGE][PASSED] - Navigate to 'https://haboom.com/' successfully

28-02-2024T14:59:29 - [TEST_STEP][PASSED] - maximizeWindow(): Current window maximized

28-02-2024T14:59:29 - [MESSAGE][PASSED] - Current window maximized

28-02-2024T14:59:29 - [TEST_STEP][PASSED] - setText(findTestObject("Object Repository/Login Page/Login email field"), "MartinGarrix"): Text 'MartinGarrix' is set on object 'Object Repository/Login Page/Login email field'

28-02-2024T14:59:32 - [MESSAGE][PASSED] - Text 'MartinGarrix' is set on object 'Object Repository/Login Page/Login email field'

28-02-2024T14:59:32 - [TEST_STEP][PASSED] - setText(findTestObject("Object Repository/Login Page/Login Password"), "Test@1234"): Text 'Test@1234' is set on object 'Object Repository/Login Page/Login Password'

28-02-2024T14:59:35 - [MESSAGE][PASSED] - Text 'Test@1234' is set on object 'Object Repository/Login Page/Login Password'

28-02-2024T14:59:35 - [TEST_STEP][PASSED] - click(findTestObject("Object Repository/Login Page/login button")): Object: 'Object Repository/Login Page/login button' is clicked on

28-02-2024T14:59:36 - [MESSAGE][PASSED] - Object: 'Object Repository/Login Page/login button' is clicked on

28-02-2024T14:59:36 - [MESSAGE][PASSED] - Method 'setupTestCase' complete successfully

28-02-2024T14:59:37 - [TEST_STEP][PASSED] - element = getWebDriver().findElement(By.xpath("(//div[@id='cricketMatches']/div)[1]")): null

28-02-2024T14:59:40 - [TEST_STEP][PASSED] - Object = convertWebElementToTestObject(element): null

28-02-2024T14:59:40 - [TEST_STEP][PASSED] - click(Object): Object: '' is clicked on

28-02-2024T14:59:40 - [MESSAGE][PASSED] - Object: '' is clicked on

28-02-2024T14:59:40 - [TEST_STEP][PASSED] - actualtitle = getWindowTitle(): Current window's title is: 'Haboom - Trusted Online Casino and Sports Betting Platform'

28-02-2024T14:59:40 - [MESSAGE][PASSED] - Current window's title is: 'Haboom - Trusted Online Casino and Sports Betting Platform'

28-02-2024T14:59:40 - [TEST_STEP][PASSED] - expectedtitle = getWindowTitle(): Current window's title is: 'Haboom - Trusted Online Casino and Sports Betting Platform'

28-02-2024T14:59:40 - [MESSAGE][PASSED] - Current window's title is: 'Haboom - Trusted Online Casino and Sports Betting Platform'

28-02-2024T14:59:40 - [TEST_STEP][PASSED] - verifyMatch(actualtitle, expectedtitle, true): Actual text 'Haboom - Trusted Online Casino and Sports Betting Platform' and expected text 'Haboom - Trusted Online Casino and Sports Betting Platform' are matched  using regular expression

28-02-2024T14:59:40 - [MESSAGE][PASSED] - Actual text 'Haboom - Trusted Online Casino and Sports Betting Platform' and expected text 'Haboom - Trusted Online Casino and Sports Betting Platform' are matched  using regular expression]]></system-out>
         <system-err><![CDATA[]]></system-err>
      </testcase>
      <system-out><![CDATA[28-02-2024T14:59:19 - [TEST_SUITE][PASSED] - HomePage: Test Cases/HomePage/Open topmatches games successful]]></system-out>
      <system-err><![CDATA[]]></system-err>
   </testsuite>
</testsuites>
