<?xml version="1.0" encoding="UTF-8"?>
<testsuites name="HomePage" time="45.688" tests="3" failures="0" errors="0">
   <testsuite name="HomePage" tests="3" failures="0" errors="0" time="45.688" skipped="0" timestamp="28-02-2024T18:20:44" hostname="M Gokul Jayanth - LAPTOP-QCN9K3GM" id="Test Suites/HomePage">
      <properties>
         <property name="deviceName" value=""/>
         <property name="devicePlatform" value=""/>
         <property name="logFolder" value="C:\\Users\\M Gokul Jayanth\\git\\KatalonAutomation\\HaboomWBT\\Reports\\20240228_182042\\HomePage\\20240228_182042"/>
         <property name="logFiles" value="C:\\Users\\M Gokul Jayanth\\git\\KatalonAutomation\\HaboomWBT\\Reports\\20240228_182042\\HomePage\\20240228_182042\\execution0.log"/>
         <property name="attachments" value=""/>
         <property name="hostName" value="M Gokul Jayanth - LAPTOP-QCN9K3GM"/>
         <property name="os" value="Windows 11 64bit"/>
         <property name="katalonVersion" value="9.3.0.212"/>
         <property name="browser" value="Chrome 121.0.0.0"/>
         <property name="hostAddress" value="192.168.50.148"/>
         <property name="sessionId" value="b77481e11b3a5a5cc1a6c404071d5a19"/>
         <property name="seleniumVersion" value="3.141.59"/>
         <property name="proxyInformation" value="ProxyInformation { proxyOption=NO_PROXY, proxyServerType=HTTP, username=, password=********, proxyServerAddress=, proxyServerPort=0, executionList=&quot;&quot;, isApplyToDesiredCapabilities=true }"/>
         <property name="platform" value="Windows 11"/>
      </properties>
      <testcase name="Test Cases/HomePage/Open Footer_help successful" time="15.462" classname="Test Cases/HomePage/Open Footer_help successful" status="PASSED">
         <system-out><![CDATA[28-02-2024T18:20:44 - [TEST_CASE][PASSED] - Test Cases/HomePage/Open Footer_help successful: Test Cases/HomePage/Open Footer_help successful

28-02-2024T18:20:44 - [TEST_STEP][PASSED] - Start setup action : setupTestCase: Method 'setupTestCase' complete successfully

28-02-2024T18:20:44 - [TEST_STEP][PASSED] - openBrowser(""): Browser is opened with url: ''

28-02-2024T18:20:44 - [MESSAGE][INFO] - Starting 'Chrome' driver

28-02-2024T18:20:44 - [MESSAGE][INFO] - Action delay is set to 0 milliseconds

28-02-2024T18:20:45 - [MESSAGE][PASSED] - Browser is opened with url: ''

28-02-2024T18:20:45 - [TEST_STEP][PASSED] - navigateToUrl("https://haboom.com/"): Navigate to 'https://haboom.com/' successfully

28-02-2024T18:20:52 - [MESSAGE][PASSED] - Navigate to 'https://haboom.com/' successfully

28-02-2024T18:20:52 - [TEST_STEP][PASSED] - maximizeWindow(): Current window maximized

28-02-2024T18:20:53 - [MESSAGE][PASSED] - Current window maximized

28-02-2024T18:20:53 - [TEST_STEP][PASSED] - setText(findTestObject("Object Repository/Login Page/Login email field"), "MartinGarrix"): Text 'MartinGarrix' is set on object 'Object Repository/Login Page/Login email field'

28-02-2024T18:20:55 - [MESSAGE][PASSED] - Text 'MartinGarrix' is set on object 'Object Repository/Login Page/Login email field'

28-02-2024T18:20:55 - [TEST_STEP][PASSED] - setText(findTestObject("Object Repository/Login Page/Login Password"), "Test@1234"): Text 'Test@1234' is set on object 'Object Repository/Login Page/Login Password'

28-02-2024T18:20:56 - [MESSAGE][PASSED] - Text 'Test@1234' is set on object 'Object Repository/Login Page/Login Password'

28-02-2024T18:20:56 - [TEST_STEP][PASSED] - click(findTestObject("Object Repository/Login Page/login button")): Object: 'Object Repository/Login Page/login button' is clicked on

28-02-2024T18:20:56 - [MESSAGE][PASSED] - Object: 'Object Repository/Login Page/login button' is clicked on

28-02-2024T18:20:56 - [MESSAGE][PASSED] - Method 'setupTestCase' complete successfully

28-02-2024T18:20:56 - [TEST_STEP][PASSED] - click(findTestObject("Object Repository/Home Page/Footerlink_Help")): Object: 'Object Repository/Home Page/Footerlink_Help' is clicked on

28-02-2024T18:20:59 - [MESSAGE][PASSED] - Object: 'Object Repository/Home Page/Footerlink_Help' is clicked on

28-02-2024T18:20:59 - [TEST_STEP][PASSED] - Expectedtitle = getWindowTitle(): Current window's title is: 'Haboom - Helpdesk'

28-02-2024T18:21:00 - [MESSAGE][PASSED] - Current window's title is: 'Haboom - Helpdesk'

28-02-2024T18:21:00 - [TEST_STEP][PASSED] - Actualtitle = "Haboom - Helpdesk": null

28-02-2024T18:21:00 - [TEST_STEP][PASSED] - verifyMatch(Expectedtitle, Actualtitle, true): Actual text 'Haboom - Helpdesk' and expected text 'Haboom - Helpdesk' are matched  using regular expression

28-02-2024T18:21:00 - [MESSAGE][PASSED] - Actual text 'Haboom - Helpdesk' and expected text 'Haboom - Helpdesk' are matched  using regular expression]]></system-out>
         <system-err><![CDATA[]]></system-err>
      </testcase>
      <testcase name="Test Cases/HomePage/Open Footer_FAQ successfuk" time="16.367" classname="Test Cases/HomePage/Open Footer_FAQ successfuk" status="PASSED">
         <system-out><![CDATA[28-02-2024T18:21:00 - [TEST_CASE][PASSED] - Test Cases/HomePage/Open Footer_FAQ successfuk: Test Cases/HomePage/Open Footer_FAQ successfuk

28-02-2024T18:21:00 - [TEST_STEP][PASSED] - Start setup action : setupTestCase: Method 'setupTestCase' complete successfully

28-02-2024T18:21:00 - [TEST_STEP][PASSED] - openBrowser(""): Browser is opened with url: ''

28-02-2024T18:21:00 - [MESSAGE][WARNING] - A browser is already opened. Closing browser and opening a new one

28-02-2024T18:21:00 - [MESSAGE][INFO] - Starting 'Chrome' driver

28-02-2024T18:21:00 - [MESSAGE][INFO] - Action delay is set to 0 milliseconds

28-02-2024T18:21:00 - [MESSAGE][PASSED] - Browser is opened with url: ''

28-02-2024T18:21:00 - [TEST_STEP][PASSED] - navigateToUrl("https://haboom.com/"): Navigate to 'https://haboom.com/' successfully

28-02-2024T18:21:07 - [MESSAGE][PASSED] - Navigate to 'https://haboom.com/' successfully

28-02-2024T18:21:07 - [TEST_STEP][PASSED] - maximizeWindow(): Current window maximized

28-02-2024T18:21:07 - [MESSAGE][PASSED] - Current window maximized

28-02-2024T18:21:07 - [TEST_STEP][PASSED] - setText(findTestObject("Object Repository/Login Page/Login email field"), "MartinGarrix"): Text 'MartinGarrix' is set on object 'Object Repository/Login Page/Login email field'

28-02-2024T18:21:10 - [MESSAGE][PASSED] - Text 'MartinGarrix' is set on object 'Object Repository/Login Page/Login email field'

28-02-2024T18:21:10 - [TEST_STEP][PASSED] - setText(findTestObject("Object Repository/Login Page/Login Password"), "Test@1234"): Text 'Test@1234' is set on object 'Object Repository/Login Page/Login Password'

28-02-2024T18:21:12 - [MESSAGE][PASSED] - Text 'Test@1234' is set on object 'Object Repository/Login Page/Login Password'

28-02-2024T18:21:12 - [TEST_STEP][PASSED] - click(findTestObject("Object Repository/Login Page/login button")): Object: 'Object Repository/Login Page/login button' is clicked on

28-02-2024T18:21:12 - [MESSAGE][PASSED] - Object: 'Object Repository/Login Page/login button' is clicked on

28-02-2024T18:21:12 - [MESSAGE][PASSED] - Method 'setupTestCase' complete successfully

28-02-2024T18:21:12 - [TEST_STEP][PASSED] - click(findTestObject("Object Repository/Home Page/Footerlink_FAQs")): Object: 'Object Repository/Home Page/Footerlink_FAQs' is clicked on

28-02-2024T18:21:16 - [MESSAGE][PASSED] - Object: 'Object Repository/Home Page/Footerlink_FAQs' is clicked on

28-02-2024T18:21:16 - [TEST_STEP][PASSED] - Expectedtitle = getWindowTitle(): Current window's title is: 'Haboom - Quick Answers'

28-02-2024T18:21:16 - [MESSAGE][PASSED] - Current window's title is: 'Haboom - Quick Answers'

28-02-2024T18:21:16 - [TEST_STEP][PASSED] - Actualtitle = "Haboom - Quick Answers": null

28-02-2024T18:21:16 - [TEST_STEP][PASSED] - verifyMatch(Expectedtitle, Actualtitle, true): Actual text 'Haboom - Quick Answers' and expected text 'Haboom - Quick Answers' are matched  using regular expression

28-02-2024T18:21:16 - [MESSAGE][PASSED] - Actual text 'Haboom - Quick Answers' and expected text 'Haboom - Quick Answers' are matched  using regular expression]]></system-out>
         <system-err><![CDATA[]]></system-err>
      </testcase>
      <testcase name="Test Cases/HomePage/Open Footer_afflliates successful" time="13.719" classname="Test Cases/HomePage/Open Footer_afflliates successful" status="PASSED">
         <system-out><![CDATA[28-02-2024T18:21:16 - [TEST_CASE][PASSED] - Test Cases/HomePage/Open Footer_afflliates successful: Test Cases/HomePage/Open Footer_afflliates successful

28-02-2024T18:21:16 - [TEST_STEP][PASSED] - Start setup action : setupTestCase: Method 'setupTestCase' complete successfully

28-02-2024T18:21:16 - [TEST_STEP][PASSED] - openBrowser(""): Browser is opened with url: ''

28-02-2024T18:21:16 - [MESSAGE][WARNING] - A browser is already opened. Closing browser and opening a new one

28-02-2024T18:21:16 - [MESSAGE][INFO] - Starting 'Chrome' driver

28-02-2024T18:21:16 - [MESSAGE][INFO] - Action delay is set to 0 milliseconds

28-02-2024T18:21:17 - [MESSAGE][PASSED] - Browser is opened with url: ''

28-02-2024T18:21:17 - [TEST_STEP][PASSED] - navigateToUrl("https://haboom.com/"): Navigate to 'https://haboom.com/' successfully

28-02-2024T18:21:20 - [MESSAGE][PASSED] - Navigate to 'https://haboom.com/' successfully

28-02-2024T18:21:20 - [TEST_STEP][PASSED] - maximizeWindow(): Current window maximized

28-02-2024T18:21:21 - [MESSAGE][PASSED] - Current window maximized

28-02-2024T18:21:21 - [TEST_STEP][PASSED] - setText(findTestObject("Object Repository/Login Page/Login email field"), "MartinGarrix"): Text 'MartinGarrix' is set on object 'Object Repository/Login Page/Login email field'

28-02-2024T18:21:23 - [MESSAGE][PASSED] - Text 'MartinGarrix' is set on object 'Object Repository/Login Page/Login email field'

28-02-2024T18:21:23 - [TEST_STEP][PASSED] - setText(findTestObject("Object Repository/Login Page/Login Password"), "Test@1234"): Text 'Test@1234' is set on object 'Object Repository/Login Page/Login Password'

28-02-2024T18:21:25 - [MESSAGE][PASSED] - Text 'Test@1234' is set on object 'Object Repository/Login Page/Login Password'

28-02-2024T18:21:25 - [TEST_STEP][PASSED] - click(findTestObject("Object Repository/Login Page/login button")): Object: 'Object Repository/Login Page/login button' is clicked on

28-02-2024T18:21:25 - [MESSAGE][PASSED] - Object: 'Object Repository/Login Page/login button' is clicked on

28-02-2024T18:21:25 - [MESSAGE][PASSED] - Method 'setupTestCase' complete successfully

28-02-2024T18:21:25 - [TEST_STEP][PASSED] - click(findTestObject("Object Repository/Home Page/Footerlink_Affiliates")): Object: 'Object Repository/Home Page/Footerlink_Affiliates' is clicked on

28-02-2024T18:21:30 - [MESSAGE][PASSED] - Object: 'Object Repository/Home Page/Footerlink_Affiliates' is clicked on

28-02-2024T18:21:30 - [TEST_STEP][PASSED] - Expectedtitle = getWindowTitle(): Current window's title is: 'Haboom - Official Affiliate Program'

28-02-2024T18:21:30 - [MESSAGE][PASSED] - Current window's title is: 'Haboom - Official Affiliate Program'

28-02-2024T18:21:30 - [TEST_STEP][PASSED] - Actualtitle = "Haboom - Official Affiliate Program": null

28-02-2024T18:21:30 - [TEST_STEP][PASSED] - verifyMatch(Expectedtitle, Actualtitle, true): Actual text 'Haboom - Official Affiliate Program' and expected text 'Haboom - Official Affiliate Program' are matched  using regular expression

28-02-2024T18:21:30 - [MESSAGE][PASSED] - Actual text 'Haboom - Official Affiliate Program' and expected text 'Haboom - Official Affiliate Program' are matched  using regular expression]]></system-out>
         <system-err><![CDATA[]]></system-err>
      </testcase>
      <system-out><![CDATA[28-02-2024T18:20:44 - [TEST_SUITE][PASSED] - HomePage: Test Cases/HomePage/Open Footer_afflliates successful]]></system-out>
      <system-err><![CDATA[]]></system-err>
   </testsuite>
</testsuites>
