<?xml version="1.0" encoding="UTF-8"?>
<testsuites name="Casino" time="220.121" tests="1" failures="0" errors="1">
   <testsuite name="Casino" tests="1" failures="0" errors="1" time="220.121" skipped="0" timestamp="26-02-2024T17:33:46" hostname="M Gokul Jayanth - LAPTOP-QCN9K3GM" id="Test Suites/Casino">
      <properties>
         <property name="deviceName" value=""/>
         <property name="devicePlatform" value=""/>
         <property name="logFolder" value="C:\\Users\\M Gokul Jayanth\\git\\KatalonAutomation\\HaboomWBT\\Reports\\20240226_173343\\Casino\\20240226_173344"/>
         <property name="logFiles" value="C:\\Users\\M Gokul Jayanth\\git\\KatalonAutomation\\HaboomWBT\\Reports\\20240226_173343\\Casino\\20240226_173344\\execution0.log"/>
         <property name="attachments" value=""/>
         <property name="hostName" value="M Gokul Jayanth - LAPTOP-QCN9K3GM"/>
         <property name="os" value="Windows 11 64bit"/>
         <property name="katalonVersion" value="9.3.0.212"/>
         <property name="browser" value="Chrome 121.0.0.0"/>
         <property name="hostAddress" value="192.168.50.148"/>
         <property name="sessionId" value="cd6a2eb9d1a6b88c9998c207281d5275"/>
         <property name="seleniumVersion" value="3.141.59"/>
         <property name="proxyInformation" value="ProxyInformation { proxyOption=NO_PROXY, proxyServerType=HTTP, username=, password=********, proxyServerAddress=, proxyServerPort=0, executionList=&quot;&quot;, isApplyToDesiredCapabilities=true }"/>
         <property name="platform" value="Windows 11"/>
      </properties>
      <testcase name="Test Cases/Casino/Open game successful" time="219.975" classname="Test Cases/Casino/Open game successful" status="ERROR">
         <error type="ERROR" message="Test Cases/Casino/Open game successful FAILED.&#xa;Reason:&#xa;groovy.lang.MissingMethodException: No signature of method: static com.kms.katalon.core.webui.keyword.WebUiBuiltInKeywords.scrollToElement() is applicable for argument types: (org.openqa.selenium.support.events.EventFiringWebDriver$EventFiringWebElement...) values: [[[CChromeDriver: chrome on WINDOWS (cd6a2eb9d1a6b88c9998c207281d5275)] -> xpath: //input[@name='provider_list']], ...]&#xa;Possible solutions: scrollToElement(com.kms.katalon.core.testobject.TestObject, int), scrollToElement(com.kms.katalon.core.testobject.TestObject, int, com.kms.katalon.core.model.FailureHandling)&#xa;	at Open game successful.run(Open game successful:89)&#xa;	at com.kms.katalon.core.main.ScriptEngine.run(ScriptEngine.java:194)&#xa;	at com.kms.katalon.core.main.ScriptEngine.runScriptAsRawText(ScriptEngine.java:119)&#xa;	at com.kms.katalon.core.main.TestCaseExecutor.runScript(TestCaseExecutor.java:448)&#xa;	at com.kms.katalon.core.main.TestCaseExecutor.doExecute(TestCaseExecutor.java:439)&#xa;	at com.kms.katalon.core.main.TestCaseExecutor.processExecutionPhase(TestCaseExecutor.java:418)&#xa;	at com.kms.katalon.core.main.TestCaseExecutor.accessMainPhase(TestCaseExecutor.java:410)&#xa;	at com.kms.katalon.core.main.TestCaseExecutor.execute(TestCaseExecutor.java:285)&#xa;	at com.kms.katalon.core.common.CommonExecutor.accessTestCaseMainPhase(CommonExecutor.java:65)&#xa;	at com.kms.katalon.core.main.TestSuiteExecutor.accessTestSuiteMainPhase(TestSuiteExecutor.java:148)&#xa;	at com.kms.katalon.core.main.TestSuiteExecutor.execute(TestSuiteExecutor.java:106)&#xa;	at com.kms.katalon.core.main.TestCaseMain.startTestSuite(TestCaseMain.java:180)&#xa;	at TempTestSuite1708949024723.run(TempTestSuite1708949024723.groovy:36)&#xa;	at java.base/jdk.internal.reflect.NativeMethodAccessorImpl.invoke0(Native Method)&#xa;	at java.base/jdk.internal.reflect.NativeMethodAccessorImpl.invoke(NativeMethodAccessorImpl.java:77)&#xa;	at java.base/jdk.internal.reflect.DelegatingMethodAccessorImpl.invoke(DelegatingMethodAccessorImpl.java:43)&#xa;"/>
         <system-out><![CDATA[26-02-2024T17:33:47 - [TEST_CASE][ERROR] - Test Cases/Casino/Open game successful: Test Cases/Casino/Open game successful FAILED.
Reason:
groovy.lang.MissingMethodException: No signature of method: static com.kms.katalon.core.webui.keyword.WebUiBuiltInKeywords.scrollToElement() is applicable for argument types: (org.openqa.selenium.support.events.EventFiringWebDriver$EventFiringWebElement...) values: [[[CChromeDriver: chrome on WINDOWS (cd6a2eb9d1a6b88c9998c207281d5275)] -> xpath: //input[@name='provider_list']], ...]
Possible solutions: scrollToElement(com.kms.katalon.core.testobject.TestObject, int), scrollToElement(com.kms.katalon.core.testobject.TestObject, int, com.kms.katalon.core.model.FailureHandling)
	at Open game successful.run(Open game successful:89)
	at com.kms.katalon.core.main.ScriptEngine.run(ScriptEngine.java:194)
	at com.kms.katalon.core.main.ScriptEngine.runScriptAsRawText(ScriptEngine.java:119)
	at com.kms.katalon.core.main.TestCaseExecutor.runScript(TestCaseExecutor.java:448)
	at com.kms.katalon.core.main.TestCaseExecutor.doExecute(TestCaseExecutor.java:439)
	at com.kms.katalon.core.main.TestCaseExecutor.processExecutionPhase(TestCaseExecutor.java:418)
	at com.kms.katalon.core.main.TestCaseExecutor.accessMainPhase(TestCaseExecutor.java:410)
	at com.kms.katalon.core.main.TestCaseExecutor.execute(TestCaseExecutor.java:285)
	at com.kms.katalon.core.common.CommonExecutor.accessTestCaseMainPhase(CommonExecutor.java:65)
	at com.kms.katalon.core.main.TestSuiteExecutor.accessTestSuiteMainPhase(TestSuiteExecutor.java:148)
	at com.kms.katalon.core.main.TestSuiteExecutor.execute(TestSuiteExecutor.java:106)
	at com.kms.katalon.core.main.TestCaseMain.startTestSuite(TestCaseMain.java:180)
	at TempTestSuite1708949024723.run(TempTestSuite1708949024723.groovy:36)
	at java.base/jdk.internal.reflect.NativeMethodAccessorImpl.invoke0(Native Method)
	at java.base/jdk.internal.reflect.NativeMethodAccessorImpl.invoke(NativeMethodAccessorImpl.java:77)
	at java.base/jdk.internal.reflect.DelegatingMethodAccessorImpl.invoke(DelegatingMethodAccessorImpl.java:43)


26-02-2024T17:33:47 - [TEST_STEP][PASSED] - Start setup action : setupTestCase: Method 'setupTestCase' complete successfully

26-02-2024T17:33:47 - [TEST_STEP][PASSED] - openBrowser(""): Browser is opened with url: ''

26-02-2024T17:33:47 - [MESSAGE][INFO] - Starting 'Chrome' driver

26-02-2024T17:33:47 - [MESSAGE][INFO] - Action delay is set to 0 milliseconds

26-02-2024T17:33:48 - [MESSAGE][PASSED] - Browser is opened with url: ''

26-02-2024T17:33:48 - [TEST_STEP][PASSED] - navigateToUrl("https://haboom.com/"): Navigate to 'https://haboom.com/' successfully

26-02-2024T17:33:52 - [MESSAGE][PASSED] - Navigate to 'https://haboom.com/' successfully

26-02-2024T17:33:52 - [TEST_STEP][PASSED] - maximizeWindow(): Current window maximized

26-02-2024T17:33:52 - [MESSAGE][PASSED] - Current window maximized

26-02-2024T17:33:52 - [TEST_STEP][PASSED] - setText(findTestObject("Object Repository/Login Page/Login email field"), "MartinGarrix"): Text 'MartinGarrix' is set on object 'Object Repository/Login Page/Login email field'

26-02-2024T17:33:54 - [MESSAGE][PASSED] - Text 'MartinGarrix' is set on object 'Object Repository/Login Page/Login email field'

26-02-2024T17:33:54 - [TEST_STEP][PASSED] - setText(findTestObject("Object Repository/Login Page/Login Password"), "Test@1234"): Text 'Test@1234' is set on object 'Object Repository/Login Page/Login Password'

26-02-2024T17:33:55 - [MESSAGE][PASSED] - Text 'Test@1234' is set on object 'Object Repository/Login Page/Login Password'

26-02-2024T17:33:55 - [TEST_STEP][PASSED] - click(findTestObject("Object Repository/Login Page/login button")): Object: 'Object Repository/Login Page/login button' is clicked on

26-02-2024T17:33:56 - [MESSAGE][PASSED] - Object: 'Object Repository/Login Page/login button' is clicked on

26-02-2024T17:33:56 - [TEST_STEP][PASSED] - verifyElementText(findTestObject("Object Repository/Login Page/My Account"), "My Account"): Actual text and expected text of test object 'Object Repository/Login Page/My Account' are matched.

26-02-2024T17:33:58 - [MESSAGE][PASSED] - Actual text and expected text of test object 'Object Repository/Login Page/My Account' are matched.

26-02-2024T17:33:58 - [MESSAGE][PASSED] - Method 'setupTestCase' complete successfully

26-02-2024T17:33:58 - [TEST_STEP][PASSED] - click(findTestObject("Object Repository/Casino Page/CasinoMenu")): Object: 'Object Repository/Casino Page/CasinoMenu' is clicked on

26-02-2024T17:34:01 - [MESSAGE][PASSED] - Object: 'Object Repository/Casino Page/CasinoMenu' is clicked on

26-02-2024T17:34:01 - [TEST_STEP][PASSED] - provider = getWebDriver().findElements(By.xpath("//input[@name='provider_list']")): null

26-02-2024T17:34:02 - [TEST_STEP][PASSED] - println(provider.size()): null

26-02-2024T17:34:02 - [TEST_STEP][ERROR] - for ([i = 0, i < provider.size(), (i++)]): Test Cases/Casino/Open game successful FAILED.
Reason:
groovy.lang.MissingMethodException: No signature of method: static com.kms.katalon.core.webui.keyword.WebUiBuiltInKeywords.scrollToElement() is applicable for argument types: (org.openqa.selenium.support.events.EventFiringWebDriver$EventFiringWebElement...) values: [[[CChromeDriver: chrome on WINDOWS (cd6a2eb9d1a6b88c9998c207281d5275)] -> xpath: //input[@name='provider_list']], ...]
Possible solutions: scrollToElement(com.kms.katalon.core.testobject.TestObject, int), scrollToElement(com.kms.katalon.core.testobject.TestObject, int, com.kms.katalon.core.model.FailureHandling)
	at Open game successful.run(Open game successful:89)
	at com.kms.katalon.core.main.ScriptEngine.run(ScriptEngine.java:194)
	at com.kms.katalon.core.main.ScriptEngine.runScriptAsRawText(ScriptEngine.java:119)
	at com.kms.katalon.core.main.TestCaseExecutor.runScript(TestCaseExecutor.java:448)
	at com.kms.katalon.core.main.TestCaseExecutor.doExecute(TestCaseExecutor.java:439)
	at com.kms.katalon.core.main.TestCaseExecutor.processExecutionPhase(TestCaseExecutor.java:418)
	at com.kms.katalon.core.main.TestCaseExecutor.accessMainPhase(TestCaseExecutor.java:410)
	at com.kms.katalon.core.main.TestCaseExecutor.execute(TestCaseExecutor.java:285)
	at com.kms.katalon.core.common.CommonExecutor.accessTestCaseMainPhase(CommonExecutor.java:65)
	at com.kms.katalon.core.main.TestSuiteExecutor.accessTestSuiteMainPhase(TestSuiteExecutor.java:148)
	at com.kms.katalon.core.main.TestSuiteExecutor.execute(TestSuiteExecutor.java:106)
	at com.kms.katalon.core.main.TestCaseMain.startTestSuite(TestCaseMain.java:180)
	at TempTestSuite1708949024723.run(TempTestSuite1708949024723.groovy:36)
	at java.base/jdk.internal.reflect.NativeMethodAccessorImpl.invoke0(Native Method)
	at java.base/jdk.internal.reflect.NativeMethodAccessorImpl.invoke(NativeMethodAccessorImpl.java:77)
	at java.base/jdk.internal.reflect.DelegatingMethodAccessorImpl.invoke(DelegatingMethodAccessorImpl.java:43)


26-02-2024T17:34:02 - [TEST_STEP][PASSED] - if (i != 0): null

26-02-2024T17:34:02 - [TEST_STEP][ERROR] - if (i != 0): Test Cases/Casino/Open game successful FAILED.
Reason:
groovy.lang.MissingMethodException: No signature of method: static com.kms.katalon.core.webui.keyword.WebUiBuiltInKeywords.scrollToElement() is applicable for argument types: (org.openqa.selenium.support.events.EventFiringWebDriver$EventFiringWebElement...) values: [[[CChromeDriver: chrome on WINDOWS (cd6a2eb9d1a6b88c9998c207281d5275)] -> xpath: //input[@name='provider_list']], ...]
Possible solutions: scrollToElement(com.kms.katalon.core.testobject.TestObject, int), scrollToElement(com.kms.katalon.core.testobject.TestObject, int, com.kms.katalon.core.model.FailureHandling)
	at Open game successful.run(Open game successful:89)
	at com.kms.katalon.core.main.ScriptEngine.run(ScriptEngine.java:194)
	at com.kms.katalon.core.main.ScriptEngine.runScriptAsRawText(ScriptEngine.java:119)
	at com.kms.katalon.core.main.TestCaseExecutor.runScript(TestCaseExecutor.java:448)
	at com.kms.katalon.core.main.TestCaseExecutor.doExecute(TestCaseExecutor.java:439)
	at com.kms.katalon.core.main.TestCaseExecutor.processExecutionPhase(TestCaseExecutor.java:418)
	at com.kms.katalon.core.main.TestCaseExecutor.accessMainPhase(TestCaseExecutor.java:410)
	at com.kms.katalon.core.main.TestCaseExecutor.execute(TestCaseExecutor.java:285)
	at com.kms.katalon.core.common.CommonExecutor.accessTestCaseMainPhase(CommonExecutor.java:65)
	at com.kms.katalon.core.main.TestSuiteExecutor.accessTestSuiteMainPhase(TestSuiteExecutor.java:148)
	at com.kms.katalon.core.main.TestSuiteExecutor.execute(TestSuiteExecutor.java:106)
	at com.kms.katalon.core.main.TestCaseMain.startTestSuite(TestCaseMain.java:180)
	at TempTestSuite1708949024723.run(TempTestSuite1708949024723.groovy:36)
	at java.base/jdk.internal.reflect.NativeMethodAccessorImpl.invoke0(Native Method)
	at java.base/jdk.internal.reflect.NativeMethodAccessorImpl.invoke(NativeMethodAccessorImpl.java:77)
	at java.base/jdk.internal.reflect.DelegatingMethodAccessorImpl.invoke(DelegatingMethodAccessorImpl.java:43)


26-02-2024T17:34:02 - [TEST_STEP][PASSED] - currentElement = provider.get(i): null

26-02-2024T17:34:02 - [TEST_STEP][PASSED] - currentElement.click(): null

26-02-2024T17:34:02 - [TEST_STEP][PASSED] - providerwindow = getWindowTitle(): Current window's title is: 'Haboom - Best Online Casino Games for Real Money'

26-02-2024T17:34:02 - [MESSAGE][PASSED] - Current window's title is: 'Haboom - Best Online Casino Games for Real Money'

26-02-2024T17:34:02 - [TEST_STEP][PASSED] - allgames = getWebDriver().findElements(By.xpath("//div[@class='tile-container' and @ bis_skin_checked='1']")): null

26-02-2024T17:34:02 - [TEST_STEP][PASSED] - for ([j = 0, j < allgames.size(), (j++)]): Delayed 5 second(s)

26-02-2024T17:34:02 - [TEST_STEP][PASSED] - playgame = allgames.get(j): null

26-02-2024T17:34:02 - [TEST_STEP][PASSED] - playgame.click(): null

26-02-2024T17:34:02 - [TEST_STEP][PASSED] - delay(5): Delayed 5 second(s)

26-02-2024T17:34:07 - [MESSAGE][PASSED] - Delayed 5 second(s)

26-02-2024T17:34:07 - [TEST_STEP][PASSED] - title = getUrl(): Current window's url is: 'https://haboom.com/d/casino/casino'

26-02-2024T17:34:07 - [MESSAGE][PASSED] - Current window's url is: 'https://haboom.com/d/casino/casino'

26-02-2024T17:34:07 - [TEST_STEP][PASSED] - if (title.contains("notavailable")): null

26-02-2024T17:34:07 - [TEST_STEP][PASSED] - switchToWindowIndex(1): Switched to window with index: '1'

26-02-2024T17:34:07 - [MESSAGE][PASSED] - Switched to window with index: '1'

26-02-2024T17:34:07 - [TEST_STEP][PASSED] - closeWindowIndex(1): Window with index 1 is closed

26-02-2024T17:34:08 - [MESSAGE][PASSED] - Window with index 1 is closed

26-02-2024T17:34:08 - [TEST_STEP][PASSED] - switchToWindowIndex(0): Switched to window with index: '0'

26-02-2024T17:34:08 - [MESSAGE][PASSED] - Switched to window with index: '0'

26-02-2024T17:34:08 - [TEST_STEP][PASSED] - delay(5): Delayed 5 second(s)

26-02-2024T17:34:13 - [MESSAGE][PASSED] - Delayed 5 second(s)

26-02-2024T17:34:13 - [TEST_STEP][PASSED] - playgame = allgames.get(j): null

26-02-2024T17:34:13 - [TEST_STEP][PASSED] - playgame.click(): null

26-02-2024T17:34:13 - [TEST_STEP][PASSED] - delay(5): Delayed 5 second(s)

26-02-2024T17:34:18 - [MESSAGE][PASSED] - Delayed 5 second(s)

26-02-2024T17:34:18 - [TEST_STEP][PASSED] - title = getUrl(): Current window's url is: 'https://haboom.com/d/casino/casino'

26-02-2024T17:34:18 - [MESSAGE][PASSED] - Current window's url is: 'https://haboom.com/d/casino/casino'

26-02-2024T17:34:18 - [TEST_STEP][PASSED] - if (title.contains("notavailable")): null

26-02-2024T17:34:18 - [TEST_STEP][PASSED] - switchToWindowIndex(1): Switched to window with index: '1'

26-02-2024T17:34:18 - [MESSAGE][PASSED] - Switched to window with index: '1'

26-02-2024T17:34:18 - [TEST_STEP][PASSED] - closeWindowIndex(1): Window with index 1 is closed

26-02-2024T17:34:18 - [MESSAGE][PASSED] - Window with index 1 is closed

26-02-2024T17:34:18 - [TEST_STEP][PASSED] - switchToWindowIndex(0): Switched to window with index: '0'

26-02-2024T17:34:18 - [MESSAGE][PASSED] - Switched to window with index: '0'

26-02-2024T17:34:18 - [TEST_STEP][PASSED] - delay(5): Delayed 5 second(s)

26-02-2024T17:34:23 - [MESSAGE][PASSED] - Delayed 5 second(s)

26-02-2024T17:34:23 - [TEST_STEP][PASSED] - playgame = allgames.get(j): null

26-02-2024T17:34:23 - [TEST_STEP][PASSED] - playgame.click(): null

26-02-2024T17:34:23 - [TEST_STEP][PASSED] - delay(5): Delayed 5 second(s)

26-02-2024T17:34:28 - [MESSAGE][PASSED] - Delayed 5 second(s)

26-02-2024T17:34:28 - [TEST_STEP][PASSED] - title = getUrl(): Current window's url is: 'https://haboom.com/d/casino/casino'

26-02-2024T17:34:28 - [MESSAGE][PASSED] - Current window's url is: 'https://haboom.com/d/casino/casino'

26-02-2024T17:34:28 - [TEST_STEP][PASSED] - if (title.contains("notavailable")): null

26-02-2024T17:34:28 - [TEST_STEP][PASSED] - switchToWindowIndex(1): Switched to window with index: '1'

26-02-2024T17:34:28 - [MESSAGE][PASSED] - Switched to window with index: '1'

26-02-2024T17:34:28 - [TEST_STEP][PASSED] - closeWindowIndex(1): Window with index 1 is closed

26-02-2024T17:34:28 - [MESSAGE][PASSED] - Window with index 1 is closed

26-02-2024T17:34:28 - [TEST_STEP][PASSED] - switchToWindowIndex(0): Switched to window with index: '0'

26-02-2024T17:34:28 - [MESSAGE][PASSED] - Switched to window with index: '0'

26-02-2024T17:34:28 - [TEST_STEP][PASSED] - delay(5): Delayed 5 second(s)

26-02-2024T17:34:33 - [MESSAGE][PASSED] - Delayed 5 second(s)

26-02-2024T17:34:33 - [TEST_STEP][PASSED] - playgame = allgames.get(j): null

26-02-2024T17:34:33 - [TEST_STEP][PASSED] - playgame.click(): null

26-02-2024T17:34:33 - [TEST_STEP][PASSED] - delay(5): Delayed 5 second(s)

26-02-2024T17:34:38 - [MESSAGE][PASSED] - Delayed 5 second(s)

26-02-2024T17:34:38 - [TEST_STEP][PASSED] - title = getUrl(): Current window's url is: 'https://haboom.com/d/casino/casino'

26-02-2024T17:34:38 - [MESSAGE][PASSED] - Current window's url is: 'https://haboom.com/d/casino/casino'

26-02-2024T17:34:38 - [TEST_STEP][PASSED] - if (title.contains("notavailable")): null

26-02-2024T17:34:38 - [TEST_STEP][PASSED] - switchToWindowIndex(1): Switched to window with index: '1'

26-02-2024T17:34:38 - [MESSAGE][PASSED] - Switched to window with index: '1'

26-02-2024T17:34:38 - [TEST_STEP][PASSED] - closeWindowIndex(1): Window with index 1 is closed

26-02-2024T17:34:38 - [MESSAGE][PASSED] - Window with index 1 is closed

26-02-2024T17:34:38 - [TEST_STEP][PASSED] - switchToWindowIndex(0): Switched to window with index: '0'

26-02-2024T17:34:38 - [MESSAGE][PASSED] - Switched to window with index: '0'

26-02-2024T17:34:38 - [TEST_STEP][PASSED] - delay(5): Delayed 5 second(s)

26-02-2024T17:34:43 - [MESSAGE][PASSED] - Delayed 5 second(s)

26-02-2024T17:34:43 - [TEST_STEP][PASSED] - playgame = allgames.get(j): null

26-02-2024T17:34:43 - [TEST_STEP][PASSED] - playgame.click(): null

26-02-2024T17:34:43 - [TEST_STEP][PASSED] - delay(5): Delayed 5 second(s)

26-02-2024T17:34:48 - [MESSAGE][PASSED] - Delayed 5 second(s)

26-02-2024T17:34:48 - [TEST_STEP][PASSED] - title = getUrl(): Current window's url is: 'https://haboom.com/d/casino/casino'

26-02-2024T17:34:48 - [MESSAGE][PASSED] - Current window's url is: 'https://haboom.com/d/casino/casino'

26-02-2024T17:34:48 - [TEST_STEP][PASSED] - if (title.contains("notavailable")): null

26-02-2024T17:34:48 - [TEST_STEP][PASSED] - switchToWindowIndex(1): Switched to window with index: '1'

26-02-2024T17:34:48 - [MESSAGE][PASSED] - Switched to window with index: '1'

26-02-2024T17:34:48 - [TEST_STEP][PASSED] - closeWindowIndex(1): Window with index 1 is closed

26-02-2024T17:34:48 - [MESSAGE][PASSED] - Window with index 1 is closed

26-02-2024T17:34:48 - [TEST_STEP][PASSED] - switchToWindowIndex(0): Switched to window with index: '0'

26-02-2024T17:34:48 - [MESSAGE][PASSED] - Switched to window with index: '0'

26-02-2024T17:34:48 - [TEST_STEP][PASSED] - delay(5): Delayed 5 second(s)

26-02-2024T17:34:53 - [MESSAGE][PASSED] - Delayed 5 second(s)

26-02-2024T17:34:53 - [TEST_STEP][PASSED] - playgame = allgames.get(j): null

26-02-2024T17:34:53 - [TEST_STEP][PASSED] - playgame.click(): null

26-02-2024T17:34:53 - [TEST_STEP][PASSED] - delay(5): Delayed 5 second(s)

26-02-2024T17:34:58 - [MESSAGE][PASSED] - Delayed 5 second(s)

26-02-2024T17:34:58 - [TEST_STEP][PASSED] - title = getUrl(): Current window's url is: 'https://haboom.com/d/casino/casino'

26-02-2024T17:34:58 - [MESSAGE][PASSED] - Current window's url is: 'https://haboom.com/d/casino/casino'

26-02-2024T17:34:58 - [TEST_STEP][PASSED] - if (title.contains("notavailable")): null

26-02-2024T17:34:58 - [TEST_STEP][PASSED] - switchToWindowIndex(1): Switched to window with index: '1'

26-02-2024T17:34:58 - [MESSAGE][PASSED] - Switched to window with index: '1'

26-02-2024T17:34:58 - [TEST_STEP][PASSED] - closeWindowIndex(1): Window with index 1 is closed

26-02-2024T17:34:58 - [MESSAGE][PASSED] - Window with index 1 is closed

26-02-2024T17:34:58 - [TEST_STEP][PASSED] - switchToWindowIndex(0): Switched to window with index: '0'

26-02-2024T17:34:59 - [MESSAGE][PASSED] - Switched to window with index: '0'

26-02-2024T17:34:59 - [TEST_STEP][PASSED] - delay(5): Delayed 5 second(s)

26-02-2024T17:35:04 - [MESSAGE][PASSED] - Delayed 5 second(s)

26-02-2024T17:35:04 - [TEST_STEP][PASSED] - playgame = allgames.get(j): null

26-02-2024T17:35:04 - [TEST_STEP][PASSED] - playgame.click(): null

26-02-2024T17:35:04 - [TEST_STEP][PASSED] - delay(5): Delayed 5 second(s)

26-02-2024T17:35:09 - [MESSAGE][PASSED] - Delayed 5 second(s)

26-02-2024T17:35:09 - [TEST_STEP][PASSED] - title = getUrl(): Current window's url is: 'https://haboom.com/d/casino/casino'

26-02-2024T17:35:09 - [MESSAGE][PASSED] - Current window's url is: 'https://haboom.com/d/casino/casino'

26-02-2024T17:35:09 - [TEST_STEP][PASSED] - if (title.contains("notavailable")): null

26-02-2024T17:35:09 - [TEST_STEP][PASSED] - switchToWindowIndex(1): Switched to window with index: '1'

26-02-2024T17:35:09 - [MESSAGE][PASSED] - Switched to window with index: '1'

26-02-2024T17:35:09 - [TEST_STEP][PASSED] - closeWindowIndex(1): Window with index 1 is closed

26-02-2024T17:35:09 - [MESSAGE][PASSED] - Window with index 1 is closed

26-02-2024T17:35:09 - [TEST_STEP][PASSED] - switchToWindowIndex(0): Switched to window with index: '0'

26-02-2024T17:35:09 - [MESSAGE][PASSED] - Switched to window with index: '0'

26-02-2024T17:35:09 - [TEST_STEP][PASSED] - delay(5): Delayed 5 second(s)

26-02-2024T17:35:14 - [MESSAGE][PASSED] - Delayed 5 second(s)

26-02-2024T17:35:14 - [TEST_STEP][PASSED] - playgame = allgames.get(j): null

26-02-2024T17:35:14 - [TEST_STEP][PASSED] - playgame.click(): null

26-02-2024T17:35:14 - [TEST_STEP][PASSED] - delay(5): Delayed 5 second(s)

26-02-2024T17:35:19 - [MESSAGE][PASSED] - Delayed 5 second(s)

26-02-2024T17:35:19 - [TEST_STEP][PASSED] - title = getUrl(): Current window's url is: 'https://haboom.com/d/casino/casino'

26-02-2024T17:35:19 - [MESSAGE][PASSED] - Current window's url is: 'https://haboom.com/d/casino/casino'

26-02-2024T17:35:19 - [TEST_STEP][PASSED] - if (title.contains("notavailable")): null

26-02-2024T17:35:19 - [TEST_STEP][PASSED] - switchToWindowIndex(1): Switched to window with index: '1'

26-02-2024T17:35:19 - [MESSAGE][PASSED] - Switched to window with index: '1'

26-02-2024T17:35:19 - [TEST_STEP][PASSED] - closeWindowIndex(1): Window with index 1 is closed

26-02-2024T17:35:19 - [MESSAGE][PASSED] - Window with index 1 is closed

26-02-2024T17:35:19 - [TEST_STEP][PASSED] - switchToWindowIndex(0): Switched to window with index: '0'

26-02-2024T17:35:19 - [MESSAGE][PASSED] - Switched to window with index: '0'

26-02-2024T17:35:19 - [TEST_STEP][PASSED] - delay(5): Delayed 5 second(s)

26-02-2024T17:35:24 - [MESSAGE][PASSED] - Delayed 5 second(s)

26-02-2024T17:35:24 - [TEST_STEP][PASSED] - playgame = allgames.get(j): null

26-02-2024T17:35:24 - [TEST_STEP][PASSED] - playgame.click(): null

26-02-2024T17:35:24 - [TEST_STEP][PASSED] - delay(5): Delayed 5 second(s)

26-02-2024T17:35:29 - [MESSAGE][PASSED] - Delayed 5 second(s)

26-02-2024T17:35:29 - [TEST_STEP][PASSED] - title = getUrl(): Current window's url is: 'https://haboom.com/d/casino/casino'

26-02-2024T17:35:29 - [MESSAGE][PASSED] - Current window's url is: 'https://haboom.com/d/casino/casino'

26-02-2024T17:35:29 - [TEST_STEP][PASSED] - if (title.contains("notavailable")): null

26-02-2024T17:35:29 - [TEST_STEP][PASSED] - switchToWindowIndex(1): Switched to window with index: '1'

26-02-2024T17:35:29 - [MESSAGE][PASSED] - Switched to window with index: '1'

26-02-2024T17:35:29 - [TEST_STEP][PASSED] - closeWindowIndex(1): Window with index 1 is closed

26-02-2024T17:35:29 - [MESSAGE][PASSED] - Window with index 1 is closed

26-02-2024T17:35:29 - [TEST_STEP][PASSED] - switchToWindowIndex(0): Switched to window with index: '0'

26-02-2024T17:35:29 - [MESSAGE][PASSED] - Switched to window with index: '0'

26-02-2024T17:35:29 - [TEST_STEP][PASSED] - delay(5): Delayed 5 second(s)

26-02-2024T17:35:34 - [MESSAGE][PASSED] - Delayed 5 second(s)

26-02-2024T17:35:34 - [TEST_STEP][PASSED] - playgame = allgames.get(j): null

26-02-2024T17:35:34 - [TEST_STEP][PASSED] - playgame.click(): null

26-02-2024T17:35:34 - [TEST_STEP][PASSED] - delay(5): Delayed 5 second(s)

26-02-2024T17:35:39 - [MESSAGE][PASSED] - Delayed 5 second(s)

26-02-2024T17:35:39 - [TEST_STEP][PASSED] - title = getUrl(): Current window's url is: 'https://haboom.com/d/casino/casino'

26-02-2024T17:35:39 - [MESSAGE][PASSED] - Current window's url is: 'https://haboom.com/d/casino/casino'

26-02-2024T17:35:39 - [TEST_STEP][PASSED] - if (title.contains("notavailable")): null

26-02-2024T17:35:39 - [TEST_STEP][PASSED] - switchToWindowIndex(1): Switched to window with index: '1'

26-02-2024T17:35:39 - [MESSAGE][PASSED] - Switched to window with index: '1'

26-02-2024T17:35:39 - [TEST_STEP][PASSED] - closeWindowIndex(1): Window with index 1 is closed

26-02-2024T17:35:39 - [MESSAGE][PASSED] - Window with index 1 is closed

26-02-2024T17:35:39 - [TEST_STEP][PASSED] - switchToWindowIndex(0): Switched to window with index: '0'

26-02-2024T17:35:39 - [MESSAGE][PASSED] - Switched to window with index: '0'

26-02-2024T17:35:39 - [TEST_STEP][PASSED] - delay(5): Delayed 5 second(s)

26-02-2024T17:35:44 - [MESSAGE][PASSED] - Delayed 5 second(s)

26-02-2024T17:35:44 - [TEST_STEP][PASSED] - playgame = allgames.get(j): null

26-02-2024T17:35:44 - [TEST_STEP][PASSED] - playgame.click(): null

26-02-2024T17:35:44 - [TEST_STEP][PASSED] - delay(5): Delayed 5 second(s)

26-02-2024T17:35:49 - [MESSAGE][PASSED] - Delayed 5 second(s)

26-02-2024T17:35:49 - [TEST_STEP][PASSED] - title = getUrl(): Current window's url is: 'https://haboom.com/d/casino/casino'

26-02-2024T17:35:49 - [MESSAGE][PASSED] - Current window's url is: 'https://haboom.com/d/casino/casino'

26-02-2024T17:35:49 - [TEST_STEP][PASSED] - if (title.contains("notavailable")): null

26-02-2024T17:35:49 - [TEST_STEP][PASSED] - switchToWindowIndex(1): Switched to window with index: '1'

26-02-2024T17:35:49 - [MESSAGE][PASSED] - Switched to window with index: '1'

26-02-2024T17:35:49 - [TEST_STEP][PASSED] - closeWindowIndex(1): Window with index 1 is closed

26-02-2024T17:35:50 - [MESSAGE][PASSED] - Window with index 1 is closed

26-02-2024T17:35:50 - [TEST_STEP][PASSED] - switchToWindowIndex(0): Switched to window with index: '0'

26-02-2024T17:35:50 - [MESSAGE][PASSED] - Switched to window with index: '0'

26-02-2024T17:35:50 - [TEST_STEP][PASSED] - delay(5): Delayed 5 second(s)

26-02-2024T17:35:55 - [MESSAGE][PASSED] - Delayed 5 second(s)

26-02-2024T17:35:55 - [TEST_STEP][PASSED] - playgame = allgames.get(j): null

26-02-2024T17:35:55 - [TEST_STEP][PASSED] - playgame.click(): null

26-02-2024T17:35:55 - [TEST_STEP][PASSED] - delay(5): Delayed 5 second(s)

26-02-2024T17:36:00 - [MESSAGE][PASSED] - Delayed 5 second(s)

26-02-2024T17:36:00 - [TEST_STEP][PASSED] - title = getUrl(): Current window's url is: 'https://haboom.com/d/casino/casino'

26-02-2024T17:36:00 - [MESSAGE][PASSED] - Current window's url is: 'https://haboom.com/d/casino/casino'

26-02-2024T17:36:00 - [TEST_STEP][PASSED] - if (title.contains("notavailable")): null

26-02-2024T17:36:00 - [TEST_STEP][PASSED] - switchToWindowIndex(1): Switched to window with index: '1'

26-02-2024T17:36:00 - [MESSAGE][PASSED] - Switched to window with index: '1'

26-02-2024T17:36:00 - [TEST_STEP][PASSED] - closeWindowIndex(1): Window with index 1 is closed

26-02-2024T17:36:00 - [MESSAGE][PASSED] - Window with index 1 is closed

26-02-2024T17:36:00 - [TEST_STEP][PASSED] - switchToWindowIndex(0): Switched to window with index: '0'

26-02-2024T17:36:00 - [MESSAGE][PASSED] - Switched to window with index: '0'

26-02-2024T17:36:00 - [TEST_STEP][PASSED] - delay(5): Delayed 5 second(s)

26-02-2024T17:36:05 - [MESSAGE][PASSED] - Delayed 5 second(s)

26-02-2024T17:36:05 - [TEST_STEP][PASSED] - playgame = allgames.get(j): null

26-02-2024T17:36:05 - [TEST_STEP][PASSED] - playgame.click(): null

26-02-2024T17:36:05 - [TEST_STEP][PASSED] - delay(5): Delayed 5 second(s)

26-02-2024T17:36:10 - [MESSAGE][PASSED] - Delayed 5 second(s)

26-02-2024T17:36:10 - [TEST_STEP][PASSED] - title = getUrl(): Current window's url is: 'https://haboom.com/d/casino/casino'

26-02-2024T17:36:10 - [MESSAGE][PASSED] - Current window's url is: 'https://haboom.com/d/casino/casino'

26-02-2024T17:36:10 - [TEST_STEP][PASSED] - if (title.contains("notavailable")): null

26-02-2024T17:36:10 - [TEST_STEP][PASSED] - switchToWindowIndex(1): Switched to window with index: '1'

26-02-2024T17:36:10 - [MESSAGE][PASSED] - Switched to window with index: '1'

26-02-2024T17:36:10 - [TEST_STEP][PASSED] - closeWindowIndex(1): Window with index 1 is closed

26-02-2024T17:36:10 - [MESSAGE][PASSED] - Window with index 1 is closed

26-02-2024T17:36:10 - [TEST_STEP][PASSED] - switchToWindowIndex(0): Switched to window with index: '0'

26-02-2024T17:36:10 - [MESSAGE][PASSED] - Switched to window with index: '0'

26-02-2024T17:36:10 - [TEST_STEP][PASSED] - delay(5): Delayed 5 second(s)

26-02-2024T17:36:15 - [MESSAGE][PASSED] - Delayed 5 second(s)

26-02-2024T17:36:15 - [TEST_STEP][PASSED] - playgame = allgames.get(j): null

26-02-2024T17:36:15 - [TEST_STEP][PASSED] - playgame.click(): null

26-02-2024T17:36:15 - [TEST_STEP][PASSED] - delay(5): Delayed 5 second(s)

26-02-2024T17:36:20 - [MESSAGE][PASSED] - Delayed 5 second(s)

26-02-2024T17:36:20 - [TEST_STEP][PASSED] - title = getUrl(): Current window's url is: 'https://haboom.com/d/casino/casino'

26-02-2024T17:36:20 - [MESSAGE][PASSED] - Current window's url is: 'https://haboom.com/d/casino/casino'

26-02-2024T17:36:20 - [TEST_STEP][PASSED] - if (title.contains("notavailable")): null

26-02-2024T17:36:20 - [TEST_STEP][PASSED] - switchToWindowIndex(1): Switched to window with index: '1'

26-02-2024T17:36:20 - [MESSAGE][PASSED] - Switched to window with index: '1'

26-02-2024T17:36:20 - [TEST_STEP][PASSED] - closeWindowIndex(1): Window with index 1 is closed

26-02-2024T17:36:20 - [MESSAGE][PASSED] - Window with index 1 is closed

26-02-2024T17:36:20 - [TEST_STEP][PASSED] - switchToWindowIndex(0): Switched to window with index: '0'

26-02-2024T17:36:20 - [MESSAGE][PASSED] - Switched to window with index: '0'

26-02-2024T17:36:20 - [TEST_STEP][PASSED] - delay(5): Delayed 5 second(s)

26-02-2024T17:36:25 - [MESSAGE][PASSED] - Delayed 5 second(s)

26-02-2024T17:36:25 - [TEST_STEP][PASSED] - playgame = allgames.get(j): null

26-02-2024T17:36:25 - [TEST_STEP][PASSED] - playgame.click(): null

26-02-2024T17:36:25 - [TEST_STEP][PASSED] - delay(5): Delayed 5 second(s)

26-02-2024T17:36:30 - [MESSAGE][PASSED] - Delayed 5 second(s)

26-02-2024T17:36:30 - [TEST_STEP][PASSED] - title = getUrl(): Current window's url is: 'https://haboom.com/d/casino/casino'

26-02-2024T17:36:30 - [MESSAGE][PASSED] - Current window's url is: 'https://haboom.com/d/casino/casino'

26-02-2024T17:36:30 - [TEST_STEP][PASSED] - if (title.contains("notavailable")): null

26-02-2024T17:36:30 - [TEST_STEP][PASSED] - switchToWindowIndex(1): Switched to window with index: '1'

26-02-2024T17:36:30 - [MESSAGE][PASSED] - Switched to window with index: '1'

26-02-2024T17:36:30 - [TEST_STEP][PASSED] - closeWindowIndex(1): Window with index 1 is closed

26-02-2024T17:36:30 - [MESSAGE][PASSED] - Window with index 1 is closed

26-02-2024T17:36:30 - [TEST_STEP][PASSED] - switchToWindowIndex(0): Switched to window with index: '0'

26-02-2024T17:36:30 - [MESSAGE][PASSED] - Switched to window with index: '0'

26-02-2024T17:36:30 - [TEST_STEP][PASSED] - delay(5): Delayed 5 second(s)

26-02-2024T17:36:35 - [MESSAGE][PASSED] - Delayed 5 second(s)

26-02-2024T17:36:35 - [TEST_STEP][PASSED] - playgame = allgames.get(j): null

26-02-2024T17:36:35 - [TEST_STEP][PASSED] - playgame.click(): null

26-02-2024T17:36:35 - [TEST_STEP][PASSED] - delay(5): Delayed 5 second(s)

26-02-2024T17:36:40 - [MESSAGE][PASSED] - Delayed 5 second(s)

26-02-2024T17:36:40 - [TEST_STEP][PASSED] - title = getUrl(): Current window's url is: 'https://haboom.com/d/casino/casino'

26-02-2024T17:36:40 - [MESSAGE][PASSED] - Current window's url is: 'https://haboom.com/d/casino/casino'

26-02-2024T17:36:40 - [TEST_STEP][PASSED] - if (title.contains("notavailable")): null

26-02-2024T17:36:40 - [TEST_STEP][PASSED] - switchToWindowIndex(1): Switched to window with index: '1'

26-02-2024T17:36:40 - [MESSAGE][PASSED] - Switched to window with index: '1'

26-02-2024T17:36:40 - [TEST_STEP][PASSED] - closeWindowIndex(1): Window with index 1 is closed

26-02-2024T17:36:41 - [MESSAGE][PASSED] - Window with index 1 is closed

26-02-2024T17:36:41 - [TEST_STEP][PASSED] - switchToWindowIndex(0): Switched to window with index: '0'

26-02-2024T17:36:41 - [MESSAGE][PASSED] - Switched to window with index: '0'

26-02-2024T17:36:41 - [TEST_STEP][PASSED] - delay(5): Delayed 5 second(s)

26-02-2024T17:36:46 - [MESSAGE][PASSED] - Delayed 5 second(s)

26-02-2024T17:36:46 - [TEST_STEP][PASSED] - playgame = allgames.get(j): null

26-02-2024T17:36:46 - [TEST_STEP][PASSED] - playgame.click(): null

26-02-2024T17:36:46 - [TEST_STEP][PASSED] - delay(5): Delayed 5 second(s)

26-02-2024T17:36:51 - [MESSAGE][PASSED] - Delayed 5 second(s)

26-02-2024T17:36:51 - [TEST_STEP][PASSED] - title = getUrl(): Current window's url is: 'https://haboom.com/d/casino/casino'

26-02-2024T17:36:51 - [MESSAGE][PASSED] - Current window's url is: 'https://haboom.com/d/casino/casino'

26-02-2024T17:36:51 - [TEST_STEP][PASSED] - if (title.contains("notavailable")): null

26-02-2024T17:36:51 - [TEST_STEP][PASSED] - switchToWindowIndex(1): Switched to window with index: '1'

26-02-2024T17:36:51 - [MESSAGE][PASSED] - Switched to window with index: '1'

26-02-2024T17:36:51 - [TEST_STEP][PASSED] - closeWindowIndex(1): Window with index 1 is closed

26-02-2024T17:36:51 - [MESSAGE][PASSED] - Window with index 1 is closed

26-02-2024T17:36:51 - [TEST_STEP][PASSED] - switchToWindowIndex(0): Switched to window with index: '0'

26-02-2024T17:36:51 - [MESSAGE][PASSED] - Switched to window with index: '0'

26-02-2024T17:36:51 - [TEST_STEP][PASSED] - delay(5): Delayed 5 second(s)

26-02-2024T17:36:56 - [MESSAGE][PASSED] - Delayed 5 second(s)

26-02-2024T17:36:56 - [TEST_STEP][PASSED] - playgame = allgames.get(j): null

26-02-2024T17:36:56 - [TEST_STEP][PASSED] - playgame.click(): null

26-02-2024T17:36:56 - [TEST_STEP][PASSED] - delay(5): Delayed 5 second(s)

26-02-2024T17:37:01 - [MESSAGE][PASSED] - Delayed 5 second(s)

26-02-2024T17:37:01 - [TEST_STEP][PASSED] - title = getUrl(): Current window's url is: 'https://haboom.com/d/casino/casino'

26-02-2024T17:37:01 - [MESSAGE][PASSED] - Current window's url is: 'https://haboom.com/d/casino/casino'

26-02-2024T17:37:01 - [TEST_STEP][PASSED] - if (title.contains("notavailable")): null

26-02-2024T17:37:01 - [TEST_STEP][PASSED] - switchToWindowIndex(1): Switched to window with index: '1'

26-02-2024T17:37:01 - [MESSAGE][PASSED] - Switched to window with index: '1'

26-02-2024T17:37:01 - [TEST_STEP][PASSED] - closeWindowIndex(1): Window with index 1 is closed

26-02-2024T17:37:01 - [MESSAGE][PASSED] - Window with index 1 is closed

26-02-2024T17:37:01 - [TEST_STEP][PASSED] - switchToWindowIndex(0): Switched to window with index: '0'

26-02-2024T17:37:01 - [MESSAGE][PASSED] - Switched to window with index: '0'

26-02-2024T17:37:01 - [TEST_STEP][PASSED] - delay(5): Delayed 5 second(s)

26-02-2024T17:37:06 - [MESSAGE][PASSED] - Delayed 5 second(s)

26-02-2024T17:37:06 - [TEST_STEP][PASSED] - playgame = allgames.get(j): null

26-02-2024T17:37:06 - [TEST_STEP][PASSED] - playgame.click(): null

26-02-2024T17:37:06 - [TEST_STEP][PASSED] - delay(5): Delayed 5 second(s)

26-02-2024T17:37:11 - [MESSAGE][PASSED] - Delayed 5 second(s)

26-02-2024T17:37:11 - [TEST_STEP][PASSED] - title = getUrl(): Current window's url is: 'https://haboom.com/d/casino/casino'

26-02-2024T17:37:11 - [MESSAGE][PASSED] - Current window's url is: 'https://haboom.com/d/casino/casino'

26-02-2024T17:37:11 - [TEST_STEP][PASSED] - if (title.contains("notavailable")): null

26-02-2024T17:37:11 - [TEST_STEP][PASSED] - switchToWindowIndex(1): Switched to window with index: '1'

26-02-2024T17:37:11 - [MESSAGE][PASSED] - Switched to window with index: '1'

26-02-2024T17:37:11 - [TEST_STEP][PASSED] - closeWindowIndex(1): Window with index 1 is closed

26-02-2024T17:37:11 - [MESSAGE][PASSED] - Window with index 1 is closed

26-02-2024T17:37:11 - [TEST_STEP][PASSED] - switchToWindowIndex(0): Switched to window with index: '0'

26-02-2024T17:37:11 - [MESSAGE][PASSED] - Switched to window with index: '0'

26-02-2024T17:37:11 - [TEST_STEP][PASSED] - delay(5): Delayed 5 second(s)

26-02-2024T17:37:16 - [MESSAGE][PASSED] - Delayed 5 second(s)

26-02-2024T17:37:16 - [TEST_STEP][PASSED] - playgame = allgames.get(j): null

26-02-2024T17:37:16 - [TEST_STEP][PASSED] - playgame.click(): null

26-02-2024T17:37:16 - [TEST_STEP][PASSED] - delay(5): Delayed 5 second(s)

26-02-2024T17:37:21 - [MESSAGE][PASSED] - Delayed 5 second(s)

26-02-2024T17:37:21 - [TEST_STEP][PASSED] - title = getUrl(): Current window's url is: 'https://haboom.com/d/casino/casino'

26-02-2024T17:37:21 - [MESSAGE][PASSED] - Current window's url is: 'https://haboom.com/d/casino/casino'

26-02-2024T17:37:21 - [TEST_STEP][PASSED] - if (title.contains("notavailable")): null

26-02-2024T17:37:21 - [TEST_STEP][PASSED] - switchToWindowIndex(1): Switched to window with index: '1'

26-02-2024T17:37:21 - [MESSAGE][PASSED] - Switched to window with index: '1'

26-02-2024T17:37:21 - [TEST_STEP][PASSED] - closeWindowIndex(1): Window with index 1 is closed

26-02-2024T17:37:21 - [MESSAGE][PASSED] - Window with index 1 is closed

26-02-2024T17:37:21 - [TEST_STEP][PASSED] - switchToWindowIndex(0): Switched to window with index: '0'

26-02-2024T17:37:21 - [MESSAGE][PASSED] - Switched to window with index: '0'

26-02-2024T17:37:21 - [TEST_STEP][PASSED] - delay(5): Delayed 5 second(s)

26-02-2024T17:37:26 - [MESSAGE][PASSED] - Delayed 5 second(s)

26-02-2024T17:37:26 - [TEST_STEP][PASSED] - switchToWindowTitle(providerwindow): Switched to window with title: 'Haboom - Best Online Casino Games for Real Money'

26-02-2024T17:37:26 - [MESSAGE][PASSED] - Switched to window with title: 'Haboom - Best Online Casino Games for Real Money'

26-02-2024T17:37:26 - [TEST_STEP][ERROR] - scrollToElement(currentElement, 10): Test Cases/Casino/Open game successful FAILED.
Reason:
groovy.lang.MissingMethodException: No signature of method: static com.kms.katalon.core.webui.keyword.WebUiBuiltInKeywords.scrollToElement() is applicable for argument types: (org.openqa.selenium.support.events.EventFiringWebDriver$EventFiringWebElement...) values: [[[CChromeDriver: chrome on WINDOWS (cd6a2eb9d1a6b88c9998c207281d5275)] -> xpath: //input[@name='provider_list']], ...]
Possible solutions: scrollToElement(com.kms.katalon.core.testobject.TestObject, int), scrollToElement(com.kms.katalon.core.testobject.TestObject, int, com.kms.katalon.core.model.FailureHandling)
	at Open game successful.run(Open game successful:89)
	at com.kms.katalon.core.main.ScriptEngine.run(ScriptEngine.java:194)
	at com.kms.katalon.core.main.ScriptEngine.runScriptAsRawText(ScriptEngine.java:119)
	at com.kms.katalon.core.main.TestCaseExecutor.runScript(TestCaseExecutor.java:448)
	at com.kms.katalon.core.main.TestCaseExecutor.doExecute(TestCaseExecutor.java:439)
	at com.kms.katalon.core.main.TestCaseExecutor.processExecutionPhase(TestCaseExecutor.java:418)
	at com.kms.katalon.core.main.TestCaseExecutor.accessMainPhase(TestCaseExecutor.java:410)
	at com.kms.katalon.core.main.TestCaseExecutor.execute(TestCaseExecutor.java:285)
	at com.kms.katalon.core.common.CommonExecutor.accessTestCaseMainPhase(CommonExecutor.java:65)
	at com.kms.katalon.core.main.TestSuiteExecutor.accessTestSuiteMainPhase(TestSuiteExecutor.java:148)
	at com.kms.katalon.core.main.TestSuiteExecutor.execute(TestSuiteExecutor.java:106)
	at com.kms.katalon.core.main.TestCaseMain.startTestSuite(TestCaseMain.java:180)
	at TempTestSuite1708949024723.run(TempTestSuite1708949024723.groovy:36)
	at java.base/jdk.internal.reflect.NativeMethodAccessorImpl.invoke0(Native Method)
	at java.base/jdk.internal.reflect.NativeMethodAccessorImpl.invoke(NativeMethodAccessorImpl.java:77)
	at java.base/jdk.internal.reflect.DelegatingMethodAccessorImpl.invoke(DelegatingMethodAccessorImpl.java:43)


26-02-2024T17:37:26 - [MESSAGE][ERROR] - Test Cases/Casino/Open game successful FAILED.
Reason:
groovy.lang.MissingMethodException: No signature of method: static com.kms.katalon.core.webui.keyword.WebUiBuiltInKeywords.scrollToElement() is applicable for argument types: (org.openqa.selenium.support.events.EventFiringWebDriver$EventFiringWebElement...) values: [[[CChromeDriver: chrome on WINDOWS (cd6a2eb9d1a6b88c9998c207281d5275)] -> xpath: //input[@name='provider_list']], ...]
Possible solutions: scrollToElement(com.kms.katalon.core.testobject.TestObject, int), scrollToElement(com.kms.katalon.core.testobject.TestObject, int, com.kms.katalon.core.model.FailureHandling)
	at Open game successful.run(Open game successful:89)
	at com.kms.katalon.core.main.ScriptEngine.run(ScriptEngine.java:194)
	at com.kms.katalon.core.main.ScriptEngine.runScriptAsRawText(ScriptEngine.java:119)
	at com.kms.katalon.core.main.TestCaseExecutor.runScript(TestCaseExecutor.java:448)
	at com.kms.katalon.core.main.TestCaseExecutor.doExecute(TestCaseExecutor.java:439)
	at com.kms.katalon.core.main.TestCaseExecutor.processExecutionPhase(TestCaseExecutor.java:418)
	at com.kms.katalon.core.main.TestCaseExecutor.accessMainPhase(TestCaseExecutor.java:410)
	at com.kms.katalon.core.main.TestCaseExecutor.execute(TestCaseExecutor.java:285)
	at com.kms.katalon.core.common.CommonExecutor.accessTestCaseMainPhase(CommonExecutor.java:65)
	at com.kms.katalon.core.main.TestSuiteExecutor.accessTestSuiteMainPhase(TestSuiteExecutor.java:148)
	at com.kms.katalon.core.main.TestSuiteExecutor.execute(TestSuiteExecutor.java:106)
	at com.kms.katalon.core.main.TestCaseMain.startTestSuite(TestCaseMain.java:180)
	at TempTestSuite1708949024723.run(TempTestSuite1708949024723.groovy:36)
	at java.base/jdk.internal.reflect.NativeMethodAccessorImpl.invoke0(Native Method)
	at java.base/jdk.internal.reflect.NativeMethodAccessorImpl.invoke(NativeMethodAccessorImpl.java:77)
	at java.base/jdk.internal.reflect.DelegatingMethodAccessorImpl.invoke(DelegatingMethodAccessorImpl.java:43)]]></system-out>
         <system-err><![CDATA[26-02-2024T17:33:47 - [TEST_CASE][ERROR] - Test Cases/Casino/Open game successful: Test Cases/Casino/Open game successful FAILED.
Reason:
groovy.lang.MissingMethodException: No signature of method: static com.kms.katalon.core.webui.keyword.WebUiBuiltInKeywords.scrollToElement() is applicable for argument types: (org.openqa.selenium.support.events.EventFiringWebDriver$EventFiringWebElement...) values: [[[CChromeDriver: chrome on WINDOWS (cd6a2eb9d1a6b88c9998c207281d5275)] -> xpath: //input[@name='provider_list']], ...]
Possible solutions: scrollToElement(com.kms.katalon.core.testobject.TestObject, int), scrollToElement(com.kms.katalon.core.testobject.TestObject, int, com.kms.katalon.core.model.FailureHandling)
	at Open game successful.run(Open game successful:89)
	at com.kms.katalon.core.main.ScriptEngine.run(ScriptEngine.java:194)
	at com.kms.katalon.core.main.ScriptEngine.runScriptAsRawText(ScriptEngine.java:119)
	at com.kms.katalon.core.main.TestCaseExecutor.runScript(TestCaseExecutor.java:448)
	at com.kms.katalon.core.main.TestCaseExecutor.doExecute(TestCaseExecutor.java:439)
	at com.kms.katalon.core.main.TestCaseExecutor.processExecutionPhase(TestCaseExecutor.java:418)
	at com.kms.katalon.core.main.TestCaseExecutor.accessMainPhase(TestCaseExecutor.java:410)
	at com.kms.katalon.core.main.TestCaseExecutor.execute(TestCaseExecutor.java:285)
	at com.kms.katalon.core.common.CommonExecutor.accessTestCaseMainPhase(CommonExecutor.java:65)
	at com.kms.katalon.core.main.TestSuiteExecutor.accessTestSuiteMainPhase(TestSuiteExecutor.java:148)
	at com.kms.katalon.core.main.TestSuiteExecutor.execute(TestSuiteExecutor.java:106)
	at com.kms.katalon.core.main.TestCaseMain.startTestSuite(TestCaseMain.java:180)
	at TempTestSuite1708949024723.run(TempTestSuite1708949024723.groovy:36)
	at java.base/jdk.internal.reflect.NativeMethodAccessorImpl.invoke0(Native Method)
	at java.base/jdk.internal.reflect.NativeMethodAccessorImpl.invoke(NativeMethodAccessorImpl.java:77)
	at java.base/jdk.internal.reflect.DelegatingMethodAccessorImpl.invoke(DelegatingMethodAccessorImpl.java:43)]]></system-err>
      </testcase>
      <system-out><![CDATA[26-02-2024T17:33:46 - [TEST_SUITE][ERROR] - Casino: Test Cases/Casino/Open game successful FAILED.
Reason:
groovy.lang.MissingMethodException: No signature of method: static com.kms.katalon.core.webui.keyword.WebUiBuiltInKeywords.scrollToElement() is applicable for argument types: (org.openqa.selenium.support.events.EventFiringWebDriver$EventFiringWebElement...) values: [[[CChromeDriver: chrome on WINDOWS (cd6a2eb9d1a6b88c9998c207281d5275)] -> xpath: //input[@name='provider_list']], ...]
Possible solutions: scrollToElement(com.kms.katalon.core.testobject.TestObject, int), scrollToElement(com.kms.katalon.core.testobject.TestObject, int, com.kms.katalon.core.model.FailureHandling)
	at Open game successful.run(Open game successful:89)
	at com.kms.katalon.core.main.ScriptEngine.run(ScriptEngine.java:194)
	at com.kms.katalon.core.main.ScriptEngine.runScriptAsRawText(ScriptEngine.java:119)
	at com.kms.katalon.core.main.TestCaseExecutor.runScript(TestCaseExecutor.java:448)
	at com.kms.katalon.core.main.TestCaseExecutor.doExecute(TestCaseExecutor.java:439)
	at com.kms.katalon.core.main.TestCaseExecutor.processExecutionPhase(TestCaseExecutor.java:418)
	at com.kms.katalon.core.main.TestCaseExecutor.accessMainPhase(TestCaseExecutor.java:410)
	at com.kms.katalon.core.main.TestCaseExecutor.execute(TestCaseExecutor.java:285)
	at com.kms.katalon.core.common.CommonExecutor.accessTestCaseMainPhase(CommonExecutor.java:65)
	at com.kms.katalon.core.main.TestSuiteExecutor.accessTestSuiteMainPhase(TestSuiteExecutor.java:148)
	at com.kms.katalon.core.main.TestSuiteExecutor.execute(TestSuiteExecutor.java:106)
	at com.kms.katalon.core.main.TestCaseMain.startTestSuite(TestCaseMain.java:180)
	at TempTestSuite1708949024723.run(TempTestSuite1708949024723.groovy:36)
	at java.base/jdk.internal.reflect.NativeMethodAccessorImpl.invoke0(Native Method)
	at java.base/jdk.internal.reflect.NativeMethodAccessorImpl.invoke(NativeMethodAccessorImpl.java:77)
	at java.base/jdk.internal.reflect.DelegatingMethodAccessorImpl.invoke(DelegatingMethodAccessorImpl.java:43)]]></system-out>
      <system-err><![CDATA[26-02-2024T17:33:46 - [TEST_SUITE][ERROR] - Casino: Test Cases/Casino/Open game successful FAILED.
Reason:
groovy.lang.MissingMethodException: No signature of method: static com.kms.katalon.core.webui.keyword.WebUiBuiltInKeywords.scrollToElement() is applicable for argument types: (org.openqa.selenium.support.events.EventFiringWebDriver$EventFiringWebElement...) values: [[[CChromeDriver: chrome on WINDOWS (cd6a2eb9d1a6b88c9998c207281d5275)] -> xpath: //input[@name='provider_list']], ...]
Possible solutions: scrollToElement(com.kms.katalon.core.testobject.TestObject, int), scrollToElement(com.kms.katalon.core.testobject.TestObject, int, com.kms.katalon.core.model.FailureHandling)
	at Open game successful.run(Open game successful:89)
	at com.kms.katalon.core.main.ScriptEngine.run(ScriptEngine.java:194)
	at com.kms.katalon.core.main.ScriptEngine.runScriptAsRawText(ScriptEngine.java:119)
	at com.kms.katalon.core.main.TestCaseExecutor.runScript(TestCaseExecutor.java:448)
	at com.kms.katalon.core.main.TestCaseExecutor.doExecute(TestCaseExecutor.java:439)
	at com.kms.katalon.core.main.TestCaseExecutor.processExecutionPhase(TestCaseExecutor.java:418)
	at com.kms.katalon.core.main.TestCaseExecutor.accessMainPhase(TestCaseExecutor.java:410)
	at com.kms.katalon.core.main.TestCaseExecutor.execute(TestCaseExecutor.java:285)
	at com.kms.katalon.core.common.CommonExecutor.accessTestCaseMainPhase(CommonExecutor.java:65)
	at com.kms.katalon.core.main.TestSuiteExecutor.accessTestSuiteMainPhase(TestSuiteExecutor.java:148)
	at com.kms.katalon.core.main.TestSuiteExecutor.execute(TestSuiteExecutor.java:106)
	at com.kms.katalon.core.main.TestCaseMain.startTestSuite(TestCaseMain.java:180)
	at TempTestSuite1708949024723.run(TempTestSuite1708949024723.groovy:36)
	at java.base/jdk.internal.reflect.NativeMethodAccessorImpl.invoke0(Native Method)
	at java.base/jdk.internal.reflect.NativeMethodAccessorImpl.invoke(NativeMethodAccessorImpl.java:77)
	at java.base/jdk.internal.reflect.DelegatingMethodAccessorImpl.invoke(DelegatingMethodAccessorImpl.java:43)]]></system-err>
   </testsuite>
</testsuites>
