<?xml version="1.0" encoding="UTF-8"?>
<testsuites name="My Account" time="156.056" tests="4" failures="0" errors="0">
   <testsuite name="My Account" tests="4" failures="0" errors="0" time="156.056" skipped="0" timestamp="26-02-2024T17:01:33" hostname="Deepa V - LAPTOP-KJGS4LH5" id="Test Suites/My Account">
      <properties>
         <property name="deviceName" value=""/>
         <property name="devicePlatform" value=""/>
         <property name="logFolder" value="C:\\Users\\Deepa V\\git\\HaboomWBT\\Reports\\20240226_170129\\My Account\\20240226_170129"/>
         <property name="logFiles" value="C:\\Users\\Deepa V\\git\\HaboomWBT\\Reports\\20240226_170129\\My Account\\20240226_170129\\execution0.log"/>
         <property name="attachments" value="C:\\Users\\Deepa V\\git\\HaboomWBT\\Reports\\20240226_170129\\My Account\\20240226_170129\\1708947143607.png, C:\\Users\\Deepa V\\git\\HaboomWBT\\Reports\\20240226_170129\\My Account\\20240226_170129\\1708947151057.png, C:\\Users\\Deepa V\\git\\HaboomWBT\\Reports\\20240226_170129\\My Account\\20240226_170129\\1708947188714.png, C:\\Users\\Deepa V\\git\\HaboomWBT\\Reports\\20240226_170129\\My Account\\20240226_170129\\1708947215167.png, C:\\Users\\Deepa V\\git\\HaboomWBT\\Reports\\20240226_170129\\My Account\\20240226_170129\\1708947249107.png"/>
         <property name="hostName" value="Deepa V - LAPTOP-KJGS4LH5"/>
         <property name="os" value="Windows 11 64bit"/>
         <property name="katalonVersion" value="9.3.0.212"/>
         <property name="browser" value="Chrome 121.0.0.0"/>
         <property name="hostAddress" value="192.168.50.146"/>
         <property name="sessionId" value="acdc12af3f716184bd49aed7bae9d7ba"/>
         <property name="seleniumVersion" value="3.141.59"/>
         <property name="proxyInformation" value="ProxyInformation { proxyOption=NO_PROXY, proxyServerType=HTTP, username=, password=********, proxyServerAddress=, proxyServerPort=0, executionList=&quot;&quot;, isApplyToDesiredCapabilities=true }"/>
         <property name="platform" value="Windows 11"/>
      </properties>
      <testcase name="Test Cases/My Account/Payment_Deposit successful in Bank Transfer" time="58.115" classname="Test Cases/My Account/Payment_Deposit successful in Bank Transfer" status="PASSED">
         <system-out><![CDATA[26-02-2024T17:01:33 - [TEST_CASE][PASSED] - Test Cases/My Account/Payment_Deposit successful in Bank Transfer: Test Cases/My Account/Payment_Deposit successful in Bank Transfer

26-02-2024T17:01:34 - [TEST_STEP][PASSED] - openBrowser(""): Browser is opened with url: ''

26-02-2024T17:01:34 - [MESSAGE][INFO] - Starting 'Chrome' driver

26-02-2024T17:01:34 - [MESSAGE][INFO] - Action delay is set to 0 milliseconds

26-02-2024T17:01:36 - [MESSAGE][PASSED] - Browser is opened with url: ''

26-02-2024T17:01:36 - [TEST_STEP][PASSED] - navigateToUrl("https://haboom.com/"): Navigate to 'https://haboom.com/' successfully

26-02-2024T17:01:43 - [MESSAGE][PASSED] - Navigate to 'https://haboom.com/' successfully

26-02-2024T17:01:43 - [TEST_STEP][PASSED] - setText(findTestObject("Object Repository/My Account_Payment/Deposit Bank Transfer/login to My haboom account/Login username"), "Sherlock"): Text 'Sherlock' is set on object 'Object Repository/My Account_Payment/Deposit Bank Transfer/login to My haboom account/Login username'

26-02-2024T17:01:47 - [MESSAGE][PASSED] - Text 'Sherlock' is set on object 'Object Repository/My Account_Payment/Deposit Bank Transfer/login to My haboom account/Login username'

26-02-2024T17:01:47 - [TEST_STEP][PASSED] - setEncryptedText(findTestObject("Object Repository/My Account_Payment/Deposit Bank Transfer/login to My haboom account/Login password"), "Ae2KZyjYBr0MQlyqU7ThAA=="): Text ****** has been set on object 'Object Repository/My Account_Payment/Deposit Bank Transfer/login to My haboom account/Login password'

26-02-2024T17:01:50 - [MESSAGE][PASSED] - Text ****** has been set on object 'Object Repository/My Account_Payment/Deposit Bank Transfer/login to My haboom account/Login password'

26-02-2024T17:01:50 - [TEST_STEP][PASSED] - click(findTestObject("Object Repository/My Account_Payment/Deposit Bank Transfer/login to My haboom account/Log Button")): Object: 'Object Repository/My Account_Payment/Deposit Bank Transfer/login to My haboom account/Log Button' is clicked on

26-02-2024T17:01:52 - [MESSAGE][PASSED] - Object: 'Object Repository/My Account_Payment/Deposit Bank Transfer/login to My haboom account/Log Button' is clicked on

26-02-2024T17:01:52 - [TEST_STEP][PASSED] - click(findTestObject("Object Repository/My Account_Payment/Deposit Bank Transfer/login to My haboom account/My Account")): Object: 'Object Repository/My Account_Payment/Deposit Bank Transfer/login to My haboom account/My Account' is clicked on

26-02-2024T17:01:58 - [MESSAGE][PASSED] - Object: 'Object Repository/My Account_Payment/Deposit Bank Transfer/login to My haboom account/My Account' is clicked on

26-02-2024T17:01:58 - [TEST_STEP][PASSED] - click(findTestObject("Object Repository/My Account_Payment/Deposit Bank Transfer/login to My haboom account/My Haboom Account")): Object: 'Object Repository/My Account_Payment/Deposit Bank Transfer/login to My haboom account/My Haboom Account' is clicked on

26-02-2024T17:02:04 - [MESSAGE][PASSED] - Object: 'Object Repository/My Account_Payment/Deposit Bank Transfer/login to My haboom account/My Haboom Account' is clicked on

26-02-2024T17:02:04 - [TEST_STEP][PASSED] - click(findTestObject("Object Repository/My Account_Payment/Deposit Bank Transfer/Bank transfer page/Payments")): Object: 'Object Repository/My Account_Payment/Deposit Bank Transfer/Bank transfer page/Payments' is clicked on

26-02-2024T17:02:05 - [MESSAGE][PASSED] - Object: 'Object Repository/My Account_Payment/Deposit Bank Transfer/Bank transfer page/Payments' is clicked on

26-02-2024T17:02:05 - [TEST_STEP][PASSED] - click(findTestObject("Object Repository/My Account_Payment/Deposit Bank Transfer/Bank transfer page/Deposit")): Object: 'Object Repository/My Account_Payment/Deposit Bank Transfer/Bank transfer page/Deposit' is clicked on

26-02-2024T17:02:09 - [MESSAGE][PASSED] - Object: 'Object Repository/My Account_Payment/Deposit Bank Transfer/Bank transfer page/Deposit' is clicked on

26-02-2024T17:02:09 - [TEST_STEP][PASSED] - click(findTestObject("Object Repository/My Account_Payment/Deposit Bank Transfer/Bank transfer page/Bank Transfer")): Object: 'Object Repository/My Account_Payment/Deposit Bank Transfer/Bank transfer page/Bank Transfer' is clicked on

26-02-2024T17:02:18 - [MESSAGE][PASSED] - Object: 'Object Repository/My Account_Payment/Deposit Bank Transfer/Bank transfer page/Bank Transfer' is clicked on

26-02-2024T17:02:18 - [TEST_STEP][PASSED] - setText(findTestObject("Object Repository/My Account_Payment/Deposit Bank Transfer/Bank transfer page/Amount input field"), "1000"): Text '1000' is set on object 'Object Repository/My Account_Payment/Deposit Bank Transfer/Bank transfer page/Amount input field'

26-02-2024T17:02:19 - [MESSAGE][PASSED] - Text '1000' is set on object 'Object Repository/My Account_Payment/Deposit Bank Transfer/Bank transfer page/Amount input field'

26-02-2024T17:02:19 - [TEST_STEP][PASSED] - click(findTestObject("Object Repository/My Account_Payment/Deposit Bank Transfer/Bank transfer page/Pay button")): Object: 'Object Repository/My Account_Payment/Deposit Bank Transfer/Bank transfer page/Pay button' is clicked on

26-02-2024T17:02:20 - [MESSAGE][PASSED] - Object: 'Object Repository/My Account_Payment/Deposit Bank Transfer/Bank transfer page/Pay button' is clicked on

26-02-2024T17:02:20 - [TEST_STEP][PASSED] - setText(findTestObject("Object Repository/My Account_Payment/Deposit Bank Transfer/Bank transfer page/UTR number enter field"), "54892179621539569"): Text '54892179621539569' is set on object 'Object Repository/My Account_Payment/Deposit Bank Transfer/Bank transfer page/UTR number enter field'

26-02-2024T17:02:20 - [MESSAGE][PASSED] - Text '54892179621539569' is set on object 'Object Repository/My Account_Payment/Deposit Bank Transfer/Bank transfer page/UTR number enter field'

26-02-2024T17:02:20 - [TEST_STEP][PASSED] - click(findTestObject("Object Repository/My Account_Payment/Deposit Bank Transfer/Bank transfer page/UTR Submit button")): Object: 'Object Repository/My Account_Payment/Deposit Bank Transfer/Bank transfer page/UTR Submit button' is clicked on

26-02-2024T17:02:21 - [MESSAGE][PASSED] - Object: 'Object Repository/My Account_Payment/Deposit Bank Transfer/Bank transfer page/UTR Submit button' is clicked on

26-02-2024T17:02:21 - [TEST_STEP][PASSED] - delay(2): Delayed 2 second(s)

26-02-2024T17:02:23 - [MESSAGE][PASSED] - Delayed 2 second(s)

26-02-2024T17:02:23 - [TEST_STEP][PASSED] - takeFullPageScreenshot(): Taking screenshot successfully

26-02-2024T17:02:24 - [MESSAGE][INFO] - 0 hidden object(s)

26-02-2024T17:02:25 - [MESSAGE][PASSED] - Taking screenshot successfully
[[ATTACHMENT|C:\\Users\\Deepa V\\git\\HaboomWBT\\Reports\\20240226_170129\\My Account\\20240226_170129\\1708947143607.png]]

26-02-2024T17:02:25 - [TEST_STEP][PASSED] - click(findTestObject("My Account_Payment/Transaction history page/Transaction page/Betting Activity")): Object: 'Object Repository/My Account_Payment/Transaction history page/Transaction page/Betting Activity' is clicked on

26-02-2024T17:02:25 - [MESSAGE][PASSED] - Object: 'Object Repository/My Account_Payment/Transaction history page/Transaction page/Betting Activity' is clicked on

26-02-2024T17:02:25 - [TEST_STEP][PASSED] - click(findTestObject("My Account_Payment/Transaction history page/Transaction page/Transaction History")): Object: 'Object Repository/My Account_Payment/Transaction history page/Transaction page/Transaction History' is clicked on

26-02-2024T17:02:27 - [MESSAGE][PASSED] - Object: 'Object Repository/My Account_Payment/Transaction history page/Transaction page/Transaction History' is clicked on

26-02-2024T17:02:27 - [TEST_STEP][PASSED] - click(findTestObject("My Account_Payment/Transaction history page/Transaction page/Transaction History (Options)")): Object: 'Object Repository/My Account_Payment/Transaction history page/Transaction page/Transaction History (Options)' is clicked on

26-02-2024T17:02:27 - [MESSAGE][PASSED] - Object: 'Object Repository/My Account_Payment/Transaction history page/Transaction page/Transaction History (Options)' is clicked on

26-02-2024T17:02:27 - [TEST_STEP][PASSED] - click(findTestObject("My Account_Payment/Transaction history page/Transaction page/Transactions filter")): Object: 'Object Repository/My Account_Payment/Transaction history page/Transaction page/Transactions filter' is clicked on

26-02-2024T17:02:28 - [MESSAGE][PASSED] - Object: 'Object Repository/My Account_Payment/Transaction history page/Transaction page/Transactions filter' is clicked on

26-02-2024T17:02:28 - [TEST_STEP][PASSED] - click(findTestObject("My Account_Payment/Transaction history page/Transaction page/Deposit Requests")): Object: 'Object Repository/My Account_Payment/Transaction history page/Transaction page/Deposit Requests' is clicked on

26-02-2024T17:02:29 - [MESSAGE][PASSED] - Object: 'Object Repository/My Account_Payment/Transaction history page/Transaction page/Deposit Requests' is clicked on

26-02-2024T17:02:29 - [TEST_STEP][PASSED] - delay(2): Delayed 2 second(s)

26-02-2024T17:02:31 - [MESSAGE][PASSED] - Delayed 2 second(s)

26-02-2024T17:02:31 - [TEST_STEP][PASSED] - takeFullPageScreenshot(): Taking screenshot successfully

26-02-2024T17:02:31 - [MESSAGE][INFO] - 0 hidden object(s)

26-02-2024T17:02:32 - [MESSAGE][PASSED] - Taking screenshot successfully
[[ATTACHMENT|C:\\Users\\Deepa V\\git\\HaboomWBT\\Reports\\20240226_170129\\My Account\\20240226_170129\\1708947151057.png]]]]></system-out>
         <system-err><![CDATA[]]></system-err>
      </testcase>
      <testcase name="Test Cases/My Account/Payment_Deposit failure in Instant method" time="37.086" classname="Test Cases/My Account/Payment_Deposit failure in Instant method" status="PASSED">
         <system-out><![CDATA[26-02-2024T17:02:32 - [TEST_CASE][PASSED] - Test Cases/My Account/Payment_Deposit failure in Instant method: Test Cases/My Account/Payment_Deposit failure in Instant method

26-02-2024T17:02:32 - [TEST_STEP][PASSED] - openBrowser(""): Browser is opened with url: ''

26-02-2024T17:02:32 - [MESSAGE][WARNING] - A browser is already opened. Closing browser and opening a new one

26-02-2024T17:02:32 - [MESSAGE][INFO] - Starting 'Chrome' driver

26-02-2024T17:02:32 - [MESSAGE][INFO] - Action delay is set to 0 milliseconds

26-02-2024T17:02:33 - [MESSAGE][PASSED] - Browser is opened with url: ''

26-02-2024T17:02:33 - [TEST_STEP][PASSED] - navigateToUrl("https://haboom.com/"): Navigate to 'https://haboom.com/' successfully

26-02-2024T17:02:40 - [MESSAGE][PASSED] - Navigate to 'https://haboom.com/' successfully

26-02-2024T17:02:40 - [TEST_STEP][PASSED] - setText(findTestObject("My Account_Payment/My Account page/Login Username"), "Sherlock"): Text 'Sherlock' is set on object 'Object Repository/My Account_Payment/My Account page/Login Username'

26-02-2024T17:02:46 - [MESSAGE][PASSED] - Text 'Sherlock' is set on object 'Object Repository/My Account_Payment/My Account page/Login Username'

26-02-2024T17:02:46 - [TEST_STEP][PASSED] - setText(findTestObject("My Account_Payment/My Account page/Login Password"), "Eternals@123"): Text 'Eternals@123' is set on object 'Object Repository/My Account_Payment/My Account page/Login Password'

26-02-2024T17:02:49 - [MESSAGE][PASSED] - Text 'Eternals@123' is set on object 'Object Repository/My Account_Payment/My Account page/Login Password'

26-02-2024T17:02:49 - [TEST_STEP][PASSED] - click(findTestObject("My Account_Payment/My Account page/Login Button")): Object: 'Object Repository/My Account_Payment/My Account page/Login Button' is clicked on

26-02-2024T17:02:50 - [MESSAGE][PASSED] - Object: 'Object Repository/My Account_Payment/My Account page/Login Button' is clicked on

26-02-2024T17:02:50 - [TEST_STEP][PASSED] - click(findTestObject("My Account_Payment/My Account page/My Account")): Object: 'Object Repository/My Account_Payment/My Account page/My Account' is clicked on

26-02-2024T17:02:55 - [MESSAGE][PASSED] - Object: 'Object Repository/My Account_Payment/My Account page/My Account' is clicked on

26-02-2024T17:02:55 - [TEST_STEP][PASSED] - click(findTestObject("My Account_Payment/My Account page/My Haboom Account")): Object: 'Object Repository/My Account_Payment/My Account page/My Haboom Account' is clicked on

26-02-2024T17:02:59 - [MESSAGE][PASSED] - Object: 'Object Repository/My Account_Payment/My Account page/My Haboom Account' is clicked on

26-02-2024T17:02:59 - [TEST_STEP][PASSED] - click(findTestObject("My Account_Payment/Deposit page/Payments")): Object: 'Object Repository/My Account_Payment/Deposit page/Payments' is clicked on

26-02-2024T17:02:59 - [MESSAGE][PASSED] - Object: 'Object Repository/My Account_Payment/Deposit page/Payments' is clicked on

26-02-2024T17:02:59 - [TEST_STEP][PASSED] - click(findTestObject("My Account_Payment/Deposit page/Deposit")): Object: 'Object Repository/My Account_Payment/Deposit page/Deposit' is clicked on

26-02-2024T17:03:02 - [MESSAGE][PASSED] - Object: 'Object Repository/My Account_Payment/Deposit page/Deposit' is clicked on

26-02-2024T17:03:02 - [TEST_STEP][PASSED] - setText(findTestObject("My Account_Payment/Deposit page/Payment link/Deposit amount entry"), "1000"): Text '1000' is set on object 'Object Repository/My Account_Payment/Deposit page/Payment link/Deposit amount entry'

26-02-2024T17:03:03 - [MESSAGE][PASSED] - Text '1000' is set on object 'Object Repository/My Account_Payment/Deposit page/Payment link/Deposit amount entry'

26-02-2024T17:03:03 - [TEST_STEP][PASSED] - click(findTestObject("My Account_Payment/Deposit page/Payment link/button_Deposit")): Object: 'Object Repository/My Account_Payment/Deposit page/Payment link/button_Deposit' is clicked on

26-02-2024T17:03:04 - [MESSAGE][PASSED] - Object: 'Object Repository/My Account_Payment/Deposit page/Payment link/button_Deposit' is clicked on

26-02-2024T17:03:04 - [TEST_STEP][PASSED] - switchToWindowTitle(""): Switched to window with title: ''

26-02-2024T17:03:05 - [MESSAGE][PASSED] - Switched to window with title: ''

26-02-2024T17:03:05 - [TEST_STEP][PASSED] - click(findTestObject("My Account_Payment/Transaction page/Page_/Transaction_failure")): Object: 'Object Repository/My Account_Payment/Transaction page/Page_/Transaction_failure' is clicked on

26-02-2024T17:03:06 - [MESSAGE][PASSED] - Object: 'Object Repository/My Account_Payment/Transaction page/Page_/Transaction_failure' is clicked on

26-02-2024T17:03:06 - [TEST_STEP][PASSED] - delay(2): Delayed 2 second(s)

26-02-2024T17:03:08 - [MESSAGE][PASSED] - Delayed 2 second(s)

26-02-2024T17:03:08 - [TEST_STEP][PASSED] - takeFullPageScreenshot(): Taking screenshot successfully

26-02-2024T17:03:09 - [MESSAGE][INFO] - 0 hidden object(s)

26-02-2024T17:03:09 - [MESSAGE][PASSED] - Taking screenshot successfully
[[ATTACHMENT|C:\\Users\\Deepa V\\git\\HaboomWBT\\Reports\\20240226_170129\\My Account\\20240226_170129\\1708947188714.png]]]]></system-out>
         <system-err><![CDATA[]]></system-err>
      </testcase>
      <testcase name="Test Cases/My Account/Payment_Deposit Error message for depositing less than minimum amount" time="26.862" classname="Test Cases/My Account/Payment_Deposit Error message for depositing less than minimum amount" status="PASSED">
         <system-out><![CDATA[26-02-2024T17:03:09 - [TEST_CASE][PASSED] - Test Cases/My Account/Payment_Deposit Error message for depositing less than minimum amount: Test Cases/My Account/Payment_Deposit Error message for depositing less than minimum amount

26-02-2024T17:03:09 - [TEST_STEP][PASSED] - openBrowser("https://haboom.com/"): Browser is opened with url: 'https://haboom.com/'

26-02-2024T17:03:09 - [MESSAGE][WARNING] - A browser is already opened. Closing browser and opening a new one

26-02-2024T17:03:09 - [MESSAGE][INFO] - Starting 'Chrome' driver

26-02-2024T17:03:09 - [MESSAGE][INFO] - Action delay is set to 0 milliseconds

26-02-2024T17:03:14 - [MESSAGE][PASSED] - Browser is opened with url: 'https://haboom.com/'

26-02-2024T17:03:14 - [TEST_STEP][PASSED] - setText(findTestObject("My Account_Payment/My Account page/Login Username"), "Sherlock"): Text 'Sherlock' is set on object 'Object Repository/My Account_Payment/My Account page/Login Username'

26-02-2024T17:03:18 - [MESSAGE][PASSED] - Text 'Sherlock' is set on object 'Object Repository/My Account_Payment/My Account page/Login Username'

26-02-2024T17:03:18 - [TEST_STEP][PASSED] - setText(findTestObject("My Account_Payment/My Account page/Login Password"), "Eternals@123"): Text 'Eternals@123' is set on object 'Object Repository/My Account_Payment/My Account page/Login Password'

26-02-2024T17:03:22 - [MESSAGE][PASSED] - Text 'Eternals@123' is set on object 'Object Repository/My Account_Payment/My Account page/Login Password'

26-02-2024T17:03:22 - [TEST_STEP][PASSED] - click(findTestObject("My Account_Payment/My Account page/Login Button")): Object: 'Object Repository/My Account_Payment/My Account page/Login Button' is clicked on

26-02-2024T17:03:23 - [MESSAGE][PASSED] - Object: 'Object Repository/My Account_Payment/My Account page/Login Button' is clicked on

26-02-2024T17:03:23 - [TEST_STEP][PASSED] - click(findTestObject("My Account_Payment/My Account page/My Account")): Object: 'Object Repository/My Account_Payment/My Account page/My Account' is clicked on

26-02-2024T17:03:28 - [MESSAGE][PASSED] - Object: 'Object Repository/My Account_Payment/My Account page/My Account' is clicked on

26-02-2024T17:03:28 - [TEST_STEP][PASSED] - click(findTestObject("My Account_Payment/My Account page/My Haboom Account")): Object: 'Object Repository/My Account_Payment/My Account page/My Haboom Account' is clicked on

26-02-2024T17:03:30 - [MESSAGE][PASSED] - Object: 'Object Repository/My Account_Payment/My Account page/My Haboom Account' is clicked on

26-02-2024T17:03:30 - [TEST_STEP][PASSED] - click(findTestObject("My Account_Payment/Deposit page/Payments")): Object: 'Object Repository/My Account_Payment/Deposit page/Payments' is clicked on

26-02-2024T17:03:31 - [MESSAGE][PASSED] - Object: 'Object Repository/My Account_Payment/Deposit page/Payments' is clicked on

26-02-2024T17:03:31 - [TEST_STEP][PASSED] - click(findTestObject("My Account_Payment/Deposit page/Deposit")): Object: 'Object Repository/My Account_Payment/Deposit page/Deposit' is clicked on

26-02-2024T17:03:33 - [MESSAGE][PASSED] - Object: 'Object Repository/My Account_Payment/Deposit page/Deposit' is clicked on

26-02-2024T17:03:33 - [TEST_STEP][PASSED] - setText(findTestObject("My Account_Payment/Deposit page/Payment link/Deposit amount entry"), "10"): Text '10' is set on object 'Object Repository/My Account_Payment/Deposit page/Payment link/Deposit amount entry'

26-02-2024T17:03:34 - [MESSAGE][PASSED] - Text '10' is set on object 'Object Repository/My Account_Payment/Deposit page/Payment link/Deposit amount entry'

26-02-2024T17:03:34 - [TEST_STEP][PASSED] - click(findTestObject("My Account_Payment/Deposit page/Payment link/button_Deposit")): Object: 'Object Repository/My Account_Payment/Deposit page/Payment link/button_Deposit' is clicked on

26-02-2024T17:03:35 - [MESSAGE][PASSED] - Object: 'Object Repository/My Account_Payment/Deposit page/Payment link/button_Deposit' is clicked on

26-02-2024T17:03:35 - [TEST_STEP][PASSED] - takeFullPageScreenshot(): Taking screenshot successfully

26-02-2024T17:03:35 - [MESSAGE][INFO] - 0 hidden object(s)

26-02-2024T17:03:35 - [MESSAGE][PASSED] - Taking screenshot successfully
[[ATTACHMENT|C:\\Users\\Deepa V\\git\\HaboomWBT\\Reports\\20240226_170129\\My Account\\20240226_170129\\1708947215167.png]]

26-02-2024T17:03:35 - [TEST_STEP][PASSED] - closeBrowser(): Browser is closed

26-02-2024T17:03:36 - [MESSAGE][PASSED] - Browser is closed]]></system-out>
         <system-err><![CDATA[]]></system-err>
      </testcase>
      <testcase name="Test Cases/My Account/Payment_ Successful Withdraw" time="33.773" classname="Test Cases/My Account/Payment_ Successful Withdraw" status="PASSED">
         <system-out><![CDATA[26-02-2024T17:03:36 - [TEST_CASE][PASSED] - Test Cases/My Account/Payment_ Successful Withdraw: Test Cases/My Account/Payment_ Successful Withdraw

26-02-2024T17:03:36 - [TEST_STEP][PASSED] - openBrowser(""): Browser is opened with url: ''

26-02-2024T17:03:36 - [MESSAGE][INFO] - Starting 'Chrome' driver

26-02-2024T17:03:36 - [MESSAGE][INFO] - Action delay is set to 0 milliseconds

26-02-2024T17:03:36 - [MESSAGE][PASSED] - Browser is opened with url: ''

26-02-2024T17:03:36 - [TEST_STEP][PASSED] - navigateToUrl("https://haboom.com/"): Navigate to 'https://haboom.com/' successfully

26-02-2024T17:03:41 - [MESSAGE][PASSED] - Navigate to 'https://haboom.com/' successfully

26-02-2024T17:03:41 - [TEST_STEP][PASSED] - setText(findTestObject("My Account_Payment/My Account page/Login Username"), "Sherlock"): Text 'Sherlock' is set on object 'Object Repository/My Account_Payment/My Account page/Login Username'

26-02-2024T17:03:46 - [MESSAGE][PASSED] - Text 'Sherlock' is set on object 'Object Repository/My Account_Payment/My Account page/Login Username'

26-02-2024T17:03:46 - [TEST_STEP][PASSED] - setText(findTestObject("My Account_Payment/My Account page/Login Password"), "Eternals@123"): Text 'Eternals@123' is set on object 'Object Repository/My Account_Payment/My Account page/Login Password'

26-02-2024T17:03:51 - [MESSAGE][PASSED] - Text 'Eternals@123' is set on object 'Object Repository/My Account_Payment/My Account page/Login Password'

26-02-2024T17:03:51 - [TEST_STEP][PASSED] - click(findTestObject("My Account_Payment/My Account page/Login Button")): Object: 'Object Repository/My Account_Payment/My Account page/Login Button' is clicked on

26-02-2024T17:03:53 - [MESSAGE][PASSED] - Object: 'Object Repository/My Account_Payment/My Account page/Login Button' is clicked on

26-02-2024T17:03:53 - [TEST_STEP][PASSED] - click(findTestObject("My Account_Payment/My Account page/My Account")): Object: 'Object Repository/My Account_Payment/My Account page/My Account' is clicked on

26-02-2024T17:03:58 - [MESSAGE][PASSED] - Object: 'Object Repository/My Account_Payment/My Account page/My Account' is clicked on

26-02-2024T17:03:58 - [TEST_STEP][PASSED] - click(findTestObject("My Account_Payment/My Account page/My Haboom Account")): Object: 'Object Repository/My Account_Payment/My Account page/My Haboom Account' is clicked on

26-02-2024T17:04:00 - [MESSAGE][PASSED] - Object: 'Object Repository/My Account_Payment/My Account page/My Haboom Account' is clicked on

26-02-2024T17:04:00 - [TEST_STEP][PASSED] - click(findTestObject("My Account_Payment/Deposit page/Payments")): Object: 'Object Repository/My Account_Payment/Deposit page/Payments' is clicked on

26-02-2024T17:04:01 - [MESSAGE][PASSED] - Object: 'Object Repository/My Account_Payment/Deposit page/Payments' is clicked on

26-02-2024T17:04:01 - [TEST_STEP][PASSED] - click(findTestObject("My Account_Payment/Withdraw/Withdraw page/Withdraw")): Object: 'Object Repository/My Account_Payment/Withdraw/Withdraw page/Withdraw' is clicked on

26-02-2024T17:04:03 - [MESSAGE][PASSED] - Object: 'Object Repository/My Account_Payment/Withdraw/Withdraw page/Withdraw' is clicked on

26-02-2024T17:04:03 - [TEST_STEP][PASSED] - setText(findTestObject("My Account_Payment/Withdraw/Withdraw page/Withdraw amount entery field"), "100"): Text '100' is set on object 'Object Repository/My Account_Payment/Withdraw/Withdraw page/Withdraw amount entery field'

26-02-2024T17:04:04 - [MESSAGE][PASSED] - Text '100' is set on object 'Object Repository/My Account_Payment/Withdraw/Withdraw page/Withdraw amount entery field'

26-02-2024T17:04:04 - [TEST_STEP][PASSED] - click(findTestObject("My Account_Payment/Withdraw/Withdraw page/Withdraw button")): Object: 'Object Repository/My Account_Payment/Withdraw/Withdraw page/Withdraw button' is clicked on

26-02-2024T17:04:05 - [MESSAGE][PASSED] - Object: 'Object Repository/My Account_Payment/Withdraw/Withdraw page/Withdraw button' is clicked on

26-02-2024T17:04:05 - [TEST_STEP][PASSED] - setText(findTestObject("My Account_Payment/Withdraw/Withdraw page/Account holder name"), "Sherlock"): Text 'Sherlock' is set on object 'Object Repository/My Account_Payment/Withdraw/Withdraw page/Account holder name'

26-02-2024T17:04:06 - [MESSAGE][PASSED] - Text 'Sherlock' is set on object 'Object Repository/My Account_Payment/Withdraw/Withdraw page/Account holder name'

26-02-2024T17:04:06 - [TEST_STEP][PASSED] - setText(findTestObject("My Account_Payment/Withdraw/Withdraw page/Account number"), "5896478963245187"): Text '5896478963245187' is set on object 'Object Repository/My Account_Payment/Withdraw/Withdraw page/Account number'

26-02-2024T17:04:06 - [MESSAGE][PASSED] - Text '5896478963245187' is set on object 'Object Repository/My Account_Payment/Withdraw/Withdraw page/Account number'

26-02-2024T17:04:06 - [TEST_STEP][PASSED] - setText(findTestObject("My Account_Payment/Withdraw/Withdraw page/Account IFSC code"), "SBIN0000800"): Text 'SBIN0000800' is set on object 'Object Repository/My Account_Payment/Withdraw/Withdraw page/Account IFSC code'

26-02-2024T17:04:07 - [MESSAGE][PASSED] - Text 'SBIN0000800' is set on object 'Object Repository/My Account_Payment/Withdraw/Withdraw page/Account IFSC code'

26-02-2024T17:04:07 - [TEST_STEP][PASSED] - click(findTestObject("My Account_Payment/Withdraw/Withdraw page/Withdraw Submit button")): Object: 'Object Repository/My Account_Payment/Withdraw/Withdraw page/Withdraw Submit button' is clicked on

26-02-2024T17:04:08 - [MESSAGE][PASSED] - Object: 'Object Repository/My Account_Payment/Withdraw/Withdraw page/Withdraw Submit button' is clicked on

26-02-2024T17:04:08 - [TEST_STEP][PASSED] - delay(1): Delayed 1 second(s)

26-02-2024T17:04:09 - [MESSAGE][PASSED] - Delayed 1 second(s)

26-02-2024T17:04:09 - [TEST_STEP][PASSED] - takeFullPageScreenshot(): Taking screenshot successfully

26-02-2024T17:04:09 - [MESSAGE][INFO] - 0 hidden object(s)

26-02-2024T17:04:09 - [MESSAGE][PASSED] - Taking screenshot successfully
[[ATTACHMENT|C:\\Users\\Deepa V\\git\\HaboomWBT\\Reports\\20240226_170129\\My Account\\20240226_170129\\1708947249107.png]]]]></system-out>
         <system-err><![CDATA[]]></system-err>
      </testcase>
      <system-out><![CDATA[26-02-2024T17:01:33 - [TEST_SUITE][PASSED] - My Account: Test Cases/My Account/Payment_ Successful Withdraw]]></system-out>
      <system-err><![CDATA[]]></system-err>
   </testsuite>
</testsuites>
