<?xml version="1.0" encoding="UTF-8"?>
<testsuites name="Casino" time="185.219" tests="1" failures="0" errors="0">
   <testsuite name="Casino" tests="1" failures="0" errors="0" time="185.219" skipped="0" timestamp="27-02-2024T12:58:36" hostname="M Gokul Jayanth - LAPTOP-QCN9K3GM" id="Test Suites/Casino">
      <properties>
         <property name="deviceName" value=""/>
         <property name="devicePlatform" value=""/>
         <property name="logFolder" value="C:\\Users\\M Gokul Jayanth\\git\\KatalonAutomation\\HaboomWBT\\Reports\\20240227_125833\\Casino\\20240227_125834"/>
         <property name="logFiles" value="C:\\Users\\M Gokul Jayanth\\git\\KatalonAutomation\\HaboomWBT\\Reports\\20240227_125833\\Casino\\20240227_125834\\execution0.log"/>
         <property name="attachments" value=""/>
         <property name="hostName" value="M Gokul Jayanth - LAPTOP-QCN9K3GM"/>
         <property name="os" value="Windows 11 64bit"/>
         <property name="katalonVersion" value="9.3.0.212"/>
         <property name="browser" value="Chrome 121.0.0.0"/>
         <property name="hostAddress" value="192.168.50.148"/>
         <property name="sessionId" value="d2eeb9975a723e20ab88af15ee1cbfe7"/>
         <property name="seleniumVersion" value="3.141.59"/>
         <property name="proxyInformation" value="ProxyInformation { proxyOption=NO_PROXY, proxyServerType=HTTP, username=, password=********, proxyServerAddress=, proxyServerPort=0, executionList=&quot;&quot;, isApplyToDesiredCapabilities=true }"/>
         <property name="platform" value="Windows 11"/>
      </properties>
      <testcase name="Test Cases/Casino/Open game successful" time="185.089" classname="Test Cases/Casino/Open game successful" status="INCOMPLETE">
         <system-out><![CDATA[27-02-2024T12:58:36 - [TEST_CASE][INCOMPLETE] - Test Cases/Casino/Open game successful: null

27-02-2024T12:58:36 - [TEST_STEP][PASSED] - Start setup action : setupTestCase: Method 'setupTestCase' complete successfully

27-02-2024T12:58:37 - [TEST_STEP][PASSED] - openBrowser(""): Browser is opened with url: ''

27-02-2024T12:58:37 - [MESSAGE][INFO] - Starting 'Chrome' driver

27-02-2024T12:58:37 - [MESSAGE][INFO] - Action delay is set to 0 milliseconds

27-02-2024T12:58:38 - [MESSAGE][PASSED] - Browser is opened with url: ''

27-02-2024T12:58:38 - [TEST_STEP][PASSED] - navigateToUrl("https://haboom.com/"): Navigate to 'https://haboom.com/' successfully

27-02-2024T12:58:52 - [MESSAGE][PASSED] - Navigate to 'https://haboom.com/' successfully

27-02-2024T12:58:52 - [TEST_STEP][PASSED] - maximizeWindow(): Current window maximized

27-02-2024T12:58:52 - [MESSAGE][PASSED] - Current window maximized

27-02-2024T12:58:52 - [TEST_STEP][PASSED] - setText(findTestObject("Object Repository/Login Page/Login email field"), "MartinGarrix"): Text 'MartinGarrix' is set on object 'Object Repository/Login Page/Login email field'

27-02-2024T12:58:54 - [MESSAGE][PASSED] - Text 'MartinGarrix' is set on object 'Object Repository/Login Page/Login email field'

27-02-2024T12:58:54 - [TEST_STEP][PASSED] - setText(findTestObject("Object Repository/Login Page/Login Password"), "Test@1234"): Text 'Test@1234' is set on object 'Object Repository/Login Page/Login Password'

27-02-2024T12:58:57 - [MESSAGE][PASSED] - Text 'Test@1234' is set on object 'Object Repository/Login Page/Login Password'

27-02-2024T12:58:57 - [TEST_STEP][PASSED] - click(findTestObject("Object Repository/Login Page/login button")): Object: 'Object Repository/Login Page/login button' is clicked on

27-02-2024T12:58:58 - [MESSAGE][PASSED] - Object: 'Object Repository/Login Page/login button' is clicked on

27-02-2024T12:58:58 - [TEST_STEP][PASSED] - verifyElementText(findTestObject("Object Repository/Login Page/My Account"), "My Account"): Actual text and expected text of test object 'Object Repository/Login Page/My Account' are matched.

27-02-2024T12:59:05 - [MESSAGE][PASSED] - Actual text and expected text of test object 'Object Repository/Login Page/My Account' are matched.

27-02-2024T12:59:05 - [MESSAGE][PASSED] - Method 'setupTestCase' complete successfully

27-02-2024T12:59:05 - [TEST_STEP][PASSED] - click(findTestObject("Object Repository/Casino Page/CasinoMenu")): Object: 'Object Repository/Casino Page/CasinoMenu' is clicked on

27-02-2024T12:59:17 - [MESSAGE][PASSED] - Object: 'Object Repository/Casino Page/CasinoMenu' is clicked on

27-02-2024T12:59:17 - [TEST_STEP][PASSED] - provider = getWebDriver().findElements(By.xpath("//input[@name='provider_list']")): null

27-02-2024T12:59:18 - [TEST_STEP][PASSED] - println(provider.size()): null

27-02-2024T12:59:18 - [TEST_STEP][INCOMPLETE] - for ([i = 1, i < provider.size(), (i++)]): null

27-02-2024T12:59:18 - [TEST_STEP][PASSED] - currentElement = provider.get(i): null

27-02-2024T12:59:18 - [TEST_STEP][PASSED] - currentElement.click(): null

27-02-2024T12:59:18 - [TEST_STEP][PASSED] - scrollToPosition(0, 1000): Browser is scrolled to position x = 0, y = 1000

27-02-2024T12:59:18 - [MESSAGE][PASSED] - Browser is scrolled to position x = 0, y = 1000

27-02-2024T12:59:18 - [TEST_STEP][PASSED] - delay(5): Delayed 5 second(s)

27-02-2024T12:59:23 - [MESSAGE][PASSED] - Delayed 5 second(s)

27-02-2024T12:59:23 - [TEST_STEP][PASSED] - scrollToPosition(0, 100): Browser is scrolled to position x = 0, y = 100

27-02-2024T12:59:23 - [MESSAGE][PASSED] - Browser is scrolled to position x = 0, y = 100

27-02-2024T12:59:23 - [TEST_STEP][PASSED] - providerwindow = getWindowTitle(): Current window's title is: 'Haboom - Best Online Casino Games for Real Money'

27-02-2024T12:59:23 - [MESSAGE][PASSED] - Current window's title is: 'Haboom - Best Online Casino Games for Real Money'

27-02-2024T12:59:23 - [TEST_STEP][PASSED] - allgames = getWebDriver().findElements(By.xpath("//div[@class='tile-container' and @bis_skin_checked='1']")): null

27-02-2024T12:59:24 - [TEST_STEP][PASSED] - println(allgames.size()): null

27-02-2024T12:59:24 - [TEST_STEP][INCOMPLETE] - for ([j = 0, j < allgames.size(), (j++)]): null

27-02-2024T12:59:24 - [TEST_STEP][PASSED] - println(j): null

27-02-2024T12:59:24 - [TEST_STEP][PASSED] - playgame = allgames.get(j): null

27-02-2024T12:59:24 - [TEST_STEP][PASSED] - Object = convertWebElementToTestObject(playgame): null

27-02-2024T12:59:24 - [TEST_STEP][PASSED] - scrollToElement(Object, 10): Scroll to object '' successfully

27-02-2024T12:59:24 - [MESSAGE][PASSED] - Scroll to object '' successfully

27-02-2024T12:59:24 - [TEST_STEP][PASSED] - playgame.click(): null

27-02-2024T12:59:24 - [TEST_STEP][PASSED] - delay(2): Delayed 2 second(s)

27-02-2024T12:59:26 - [MESSAGE][PASSED] - Delayed 2 second(s)

27-02-2024T12:59:26 - [TEST_STEP][PASSED] - title = getUrl(): Current window's url is: 'https://haboom.com/d/casino/casino'

27-02-2024T12:59:26 - [MESSAGE][PASSED] - Current window's url is: 'https://haboom.com/d/casino/casino'

27-02-2024T12:59:26 - [TEST_STEP][PASSED] - if (title.contains("notavailable")): null

27-02-2024T12:59:26 - [TEST_STEP][PASSED] - switchToWindowIndex(1): Switched to window with index: '1'

27-02-2024T12:59:27 - [MESSAGE][PASSED] - Switched to window with index: '1'

27-02-2024T12:59:27 - [TEST_STEP][PASSED] - closeWindowIndex(1): Window with index 1 is closed

27-02-2024T12:59:27 - [MESSAGE][PASSED] - Window with index 1 is closed

27-02-2024T12:59:27 - [TEST_STEP][PASSED] - switchToWindowIndex(0): Switched to window with index: '0'

27-02-2024T12:59:27 - [MESSAGE][PASSED] - Switched to window with index: '0'

27-02-2024T12:59:27 - [TEST_STEP][PASSED] - delay(2): Delayed 2 second(s)

27-02-2024T12:59:29 - [MESSAGE][PASSED] - Delayed 2 second(s)

27-02-2024T12:59:29 - [TEST_STEP][PASSED] - println(j): null

27-02-2024T12:59:29 - [TEST_STEP][PASSED] - playgame = allgames.get(j): null

27-02-2024T12:59:29 - [TEST_STEP][PASSED] - Object = convertWebElementToTestObject(playgame): null

27-02-2024T12:59:29 - [TEST_STEP][PASSED] - scrollToElement(Object, 10): Scroll to object '' successfully

27-02-2024T12:59:29 - [MESSAGE][PASSED] - Scroll to object '' successfully

27-02-2024T12:59:29 - [TEST_STEP][PASSED] - playgame.click(): null

27-02-2024T12:59:29 - [TEST_STEP][PASSED] - delay(2): Delayed 2 second(s)

27-02-2024T12:59:31 - [MESSAGE][PASSED] - Delayed 2 second(s)

27-02-2024T12:59:31 - [TEST_STEP][PASSED] - title = getUrl(): Current window's url is: 'https://haboom.com/d/casino/casino'

27-02-2024T12:59:31 - [MESSAGE][PASSED] - Current window's url is: 'https://haboom.com/d/casino/casino'

27-02-2024T12:59:31 - [TEST_STEP][PASSED] - if (title.contains("notavailable")): null

27-02-2024T12:59:31 - [TEST_STEP][PASSED] - switchToWindowIndex(1): Switched to window with index: '1'

27-02-2024T12:59:31 - [MESSAGE][PASSED] - Switched to window with index: '1'

27-02-2024T12:59:31 - [TEST_STEP][PASSED] - closeWindowIndex(1): Window with index 1 is closed

27-02-2024T12:59:31 - [MESSAGE][PASSED] - Window with index 1 is closed

27-02-2024T12:59:31 - [TEST_STEP][PASSED] - switchToWindowIndex(0): Switched to window with index: '0'

27-02-2024T12:59:31 - [MESSAGE][PASSED] - Switched to window with index: '0'

27-02-2024T12:59:31 - [TEST_STEP][PASSED] - delay(2): Delayed 2 second(s)

27-02-2024T12:59:33 - [MESSAGE][PASSED] - Delayed 2 second(s)

27-02-2024T12:59:33 - [TEST_STEP][PASSED] - println(j): null

27-02-2024T12:59:33 - [TEST_STEP][PASSED] - playgame = allgames.get(j): null

27-02-2024T12:59:33 - [TEST_STEP][PASSED] - Object = convertWebElementToTestObject(playgame): null

27-02-2024T12:59:33 - [TEST_STEP][PASSED] - scrollToElement(Object, 10): Scroll to object '' successfully

27-02-2024T12:59:33 - [MESSAGE][PASSED] - Scroll to object '' successfully

27-02-2024T12:59:33 - [TEST_STEP][PASSED] - playgame.click(): null

27-02-2024T12:59:33 - [TEST_STEP][PASSED] - delay(2): Delayed 2 second(s)

27-02-2024T12:59:35 - [MESSAGE][PASSED] - Delayed 2 second(s)

27-02-2024T12:59:35 - [TEST_STEP][PASSED] - title = getUrl(): Current window's url is: 'https://haboom.com/d/casino/casino'

27-02-2024T12:59:35 - [MESSAGE][PASSED] - Current window's url is: 'https://haboom.com/d/casino/casino'

27-02-2024T12:59:35 - [TEST_STEP][PASSED] - if (title.contains("notavailable")): null

27-02-2024T12:59:35 - [TEST_STEP][PASSED] - switchToWindowIndex(1): Switched to window with index: '1'

27-02-2024T12:59:35 - [MESSAGE][PASSED] - Switched to window with index: '1'

27-02-2024T12:59:35 - [TEST_STEP][PASSED] - closeWindowIndex(1): Window with index 1 is closed

27-02-2024T12:59:35 - [MESSAGE][PASSED] - Window with index 1 is closed

27-02-2024T12:59:35 - [TEST_STEP][PASSED] - switchToWindowIndex(0): Switched to window with index: '0'

27-02-2024T12:59:35 - [MESSAGE][PASSED] - Switched to window with index: '0'

27-02-2024T12:59:35 - [TEST_STEP][PASSED] - delay(2): Delayed 2 second(s)

27-02-2024T12:59:37 - [MESSAGE][PASSED] - Delayed 2 second(s)

27-02-2024T12:59:37 - [TEST_STEP][PASSED] - println(j): null

27-02-2024T12:59:37 - [TEST_STEP][PASSED] - playgame = allgames.get(j): null

27-02-2024T12:59:37 - [TEST_STEP][PASSED] - Object = convertWebElementToTestObject(playgame): null

27-02-2024T12:59:37 - [TEST_STEP][PASSED] - scrollToElement(Object, 10): Scroll to object '' successfully

27-02-2024T12:59:37 - [MESSAGE][PASSED] - Scroll to object '' successfully

27-02-2024T12:59:37 - [TEST_STEP][PASSED] - playgame.click(): null

27-02-2024T12:59:37 - [TEST_STEP][PASSED] - delay(2): Delayed 2 second(s)

27-02-2024T12:59:39 - [MESSAGE][PASSED] - Delayed 2 second(s)

27-02-2024T12:59:39 - [TEST_STEP][PASSED] - title = getUrl(): Current window's url is: 'https://haboom.com/d/casino/casino'

27-02-2024T12:59:39 - [MESSAGE][PASSED] - Current window's url is: 'https://haboom.com/d/casino/casino'

27-02-2024T12:59:39 - [TEST_STEP][PASSED] - if (title.contains("notavailable")): null

27-02-2024T12:59:39 - [TEST_STEP][PASSED] - switchToWindowIndex(1): Switched to window with index: '1'

27-02-2024T12:59:39 - [MESSAGE][PASSED] - Switched to window with index: '1'

27-02-2024T12:59:39 - [TEST_STEP][PASSED] - closeWindowIndex(1): Window with index 1 is closed

27-02-2024T12:59:39 - [MESSAGE][PASSED] - Window with index 1 is closed

27-02-2024T12:59:39 - [TEST_STEP][PASSED] - switchToWindowIndex(0): Switched to window with index: '0'

27-02-2024T12:59:39 - [MESSAGE][PASSED] - Switched to window with index: '0'

27-02-2024T12:59:39 - [TEST_STEP][PASSED] - delay(2): Delayed 2 second(s)

27-02-2024T12:59:41 - [MESSAGE][PASSED] - Delayed 2 second(s)

27-02-2024T12:59:41 - [TEST_STEP][PASSED] - println(j): null

27-02-2024T12:59:41 - [TEST_STEP][PASSED] - playgame = allgames.get(j): null

27-02-2024T12:59:41 - [TEST_STEP][PASSED] - Object = convertWebElementToTestObject(playgame): null

27-02-2024T12:59:41 - [TEST_STEP][PASSED] - scrollToElement(Object, 10): Scroll to object '' successfully

27-02-2024T12:59:41 - [MESSAGE][PASSED] - Scroll to object '' successfully

27-02-2024T12:59:41 - [TEST_STEP][PASSED] - playgame.click(): null

27-02-2024T12:59:41 - [TEST_STEP][PASSED] - delay(2): Delayed 2 second(s)

27-02-2024T12:59:43 - [MESSAGE][PASSED] - Delayed 2 second(s)

27-02-2024T12:59:43 - [TEST_STEP][PASSED] - title = getUrl(): Current window's url is: 'https://haboom.com/d/casino/casino'

27-02-2024T12:59:43 - [MESSAGE][PASSED] - Current window's url is: 'https://haboom.com/d/casino/casino'

27-02-2024T12:59:43 - [TEST_STEP][PASSED] - if (title.contains("notavailable")): null

27-02-2024T12:59:43 - [TEST_STEP][PASSED] - switchToWindowIndex(1): Switched to window with index: '1'

27-02-2024T12:59:43 - [MESSAGE][PASSED] - Switched to window with index: '1'

27-02-2024T12:59:43 - [TEST_STEP][PASSED] - closeWindowIndex(1): Window with index 1 is closed

27-02-2024T12:59:44 - [MESSAGE][PASSED] - Window with index 1 is closed

27-02-2024T12:59:44 - [TEST_STEP][PASSED] - switchToWindowIndex(0): Switched to window with index: '0'

27-02-2024T12:59:44 - [MESSAGE][PASSED] - Switched to window with index: '0'

27-02-2024T12:59:44 - [TEST_STEP][PASSED] - delay(2): Delayed 2 second(s)

27-02-2024T12:59:46 - [MESSAGE][PASSED] - Delayed 2 second(s)

27-02-2024T12:59:46 - [TEST_STEP][PASSED] - println(j): null

27-02-2024T12:59:46 - [TEST_STEP][PASSED] - playgame = allgames.get(j): null

27-02-2024T12:59:46 - [TEST_STEP][PASSED] - Object = convertWebElementToTestObject(playgame): null

27-02-2024T12:59:46 - [TEST_STEP][PASSED] - scrollToElement(Object, 10): Scroll to object '' successfully

27-02-2024T12:59:46 - [MESSAGE][PASSED] - Scroll to object '' successfully

27-02-2024T12:59:46 - [TEST_STEP][PASSED] - playgame.click(): null

27-02-2024T12:59:46 - [TEST_STEP][PASSED] - delay(2): Delayed 2 second(s)

27-02-2024T12:59:48 - [MESSAGE][PASSED] - Delayed 2 second(s)

27-02-2024T12:59:48 - [TEST_STEP][PASSED] - title = getUrl(): Current window's url is: 'https://haboom.com/d/casino/casino'

27-02-2024T12:59:48 - [MESSAGE][PASSED] - Current window's url is: 'https://haboom.com/d/casino/casino'

27-02-2024T12:59:48 - [TEST_STEP][PASSED] - if (title.contains("notavailable")): null

27-02-2024T12:59:48 - [TEST_STEP][PASSED] - switchToWindowIndex(1): Switched to window with index: '1'

27-02-2024T12:59:48 - [MESSAGE][PASSED] - Switched to window with index: '1'

27-02-2024T12:59:48 - [TEST_STEP][PASSED] - closeWindowIndex(1): Window with index 1 is closed

27-02-2024T12:59:48 - [MESSAGE][PASSED] - Window with index 1 is closed

27-02-2024T12:59:48 - [TEST_STEP][PASSED] - switchToWindowIndex(0): Switched to window with index: '0'

27-02-2024T12:59:48 - [MESSAGE][PASSED] - Switched to window with index: '0'

27-02-2024T12:59:48 - [TEST_STEP][PASSED] - delay(2): Delayed 2 second(s)

27-02-2024T12:59:50 - [MESSAGE][PASSED] - Delayed 2 second(s)

27-02-2024T12:59:50 - [TEST_STEP][PASSED] - println(j): null

27-02-2024T12:59:50 - [TEST_STEP][PASSED] - playgame = allgames.get(j): null

27-02-2024T12:59:50 - [TEST_STEP][PASSED] - Object = convertWebElementToTestObject(playgame): null

27-02-2024T12:59:50 - [TEST_STEP][PASSED] - scrollToElement(Object, 10): Scroll to object '' successfully

27-02-2024T12:59:50 - [MESSAGE][PASSED] - Scroll to object '' successfully

27-02-2024T12:59:50 - [TEST_STEP][PASSED] - playgame.click(): null

27-02-2024T12:59:50 - [TEST_STEP][PASSED] - delay(2): Delayed 2 second(s)

27-02-2024T12:59:52 - [MESSAGE][PASSED] - Delayed 2 second(s)

27-02-2024T12:59:52 - [TEST_STEP][PASSED] - title = getUrl(): Current window's url is: 'https://haboom.com/d/casino/casino'

27-02-2024T12:59:52 - [MESSAGE][PASSED] - Current window's url is: 'https://haboom.com/d/casino/casino'

27-02-2024T12:59:52 - [TEST_STEP][PASSED] - if (title.contains("notavailable")): null

27-02-2024T12:59:52 - [TEST_STEP][PASSED] - switchToWindowIndex(1): Switched to window with index: '1'

27-02-2024T12:59:52 - [MESSAGE][PASSED] - Switched to window with index: '1'

27-02-2024T12:59:52 - [TEST_STEP][PASSED] - closeWindowIndex(1): Window with index 1 is closed

27-02-2024T12:59:52 - [MESSAGE][PASSED] - Window with index 1 is closed

27-02-2024T12:59:52 - [TEST_STEP][PASSED] - switchToWindowIndex(0): Switched to window with index: '0'

27-02-2024T12:59:52 - [MESSAGE][PASSED] - Switched to window with index: '0'

27-02-2024T12:59:52 - [TEST_STEP][PASSED] - delay(2): Delayed 2 second(s)

27-02-2024T12:59:54 - [MESSAGE][PASSED] - Delayed 2 second(s)

27-02-2024T12:59:54 - [TEST_STEP][PASSED] - println(j): null

27-02-2024T12:59:54 - [TEST_STEP][PASSED] - playgame = allgames.get(j): null

27-02-2024T12:59:54 - [TEST_STEP][PASSED] - Object = convertWebElementToTestObject(playgame): null

27-02-2024T12:59:54 - [TEST_STEP][PASSED] - scrollToElement(Object, 10): Scroll to object '' successfully

27-02-2024T12:59:54 - [MESSAGE][PASSED] - Scroll to object '' successfully

27-02-2024T12:59:54 - [TEST_STEP][PASSED] - playgame.click(): null

27-02-2024T12:59:54 - [TEST_STEP][PASSED] - delay(2): Delayed 2 second(s)

27-02-2024T12:59:56 - [MESSAGE][PASSED] - Delayed 2 second(s)

27-02-2024T12:59:56 - [TEST_STEP][PASSED] - title = getUrl(): Current window's url is: 'https://haboom.com/d/casino/casino'

27-02-2024T12:59:56 - [MESSAGE][PASSED] - Current window's url is: 'https://haboom.com/d/casino/casino'

27-02-2024T12:59:56 - [TEST_STEP][PASSED] - if (title.contains("notavailable")): null

27-02-2024T12:59:56 - [TEST_STEP][PASSED] - switchToWindowIndex(1): Switched to window with index: '1'

27-02-2024T12:59:56 - [MESSAGE][PASSED] - Switched to window with index: '1'

27-02-2024T12:59:56 - [TEST_STEP][PASSED] - closeWindowIndex(1): Window with index 1 is closed

27-02-2024T12:59:56 - [MESSAGE][PASSED] - Window with index 1 is closed

27-02-2024T12:59:56 - [TEST_STEP][PASSED] - switchToWindowIndex(0): Switched to window with index: '0'

27-02-2024T12:59:56 - [MESSAGE][PASSED] - Switched to window with index: '0'

27-02-2024T12:59:56 - [TEST_STEP][PASSED] - delay(2): Delayed 2 second(s)

27-02-2024T12:59:58 - [MESSAGE][PASSED] - Delayed 2 second(s)

27-02-2024T12:59:58 - [TEST_STEP][PASSED] - println(j): null

27-02-2024T12:59:58 - [TEST_STEP][PASSED] - playgame = allgames.get(j): null

27-02-2024T12:59:58 - [TEST_STEP][PASSED] - Object = convertWebElementToTestObject(playgame): null

27-02-2024T12:59:58 - [TEST_STEP][PASSED] - scrollToElement(Object, 10): Scroll to object '' successfully

27-02-2024T12:59:58 - [MESSAGE][PASSED] - Scroll to object '' successfully

27-02-2024T12:59:58 - [TEST_STEP][PASSED] - playgame.click(): null

27-02-2024T12:59:58 - [TEST_STEP][PASSED] - delay(2): Delayed 2 second(s)

27-02-2024T13:00:00 - [MESSAGE][PASSED] - Delayed 2 second(s)

27-02-2024T13:00:00 - [TEST_STEP][PASSED] - title = getUrl(): Current window's url is: 'https://haboom.com/d/casino/casino'

27-02-2024T13:00:00 - [MESSAGE][PASSED] - Current window's url is: 'https://haboom.com/d/casino/casino'

27-02-2024T13:00:00 - [TEST_STEP][PASSED] - if (title.contains("notavailable")): null

27-02-2024T13:00:00 - [TEST_STEP][PASSED] - switchToWindowIndex(1): Switched to window with index: '1'

27-02-2024T13:00:00 - [MESSAGE][PASSED] - Switched to window with index: '1'

27-02-2024T13:00:00 - [TEST_STEP][PASSED] - closeWindowIndex(1): Window with index 1 is closed

27-02-2024T13:00:00 - [MESSAGE][PASSED] - Window with index 1 is closed

27-02-2024T13:00:00 - [TEST_STEP][PASSED] - switchToWindowIndex(0): Switched to window with index: '0'

27-02-2024T13:00:00 - [MESSAGE][PASSED] - Switched to window with index: '0'

27-02-2024T13:00:00 - [TEST_STEP][PASSED] - delay(2): Delayed 2 second(s)

27-02-2024T13:00:02 - [MESSAGE][PASSED] - Delayed 2 second(s)

27-02-2024T13:00:02 - [TEST_STEP][PASSED] - println(j): null

27-02-2024T13:00:02 - [TEST_STEP][PASSED] - playgame = allgames.get(j): null

27-02-2024T13:00:02 - [TEST_STEP][PASSED] - Object = convertWebElementToTestObject(playgame): null

27-02-2024T13:00:02 - [TEST_STEP][PASSED] - scrollToElement(Object, 10): Scroll to object '' successfully

27-02-2024T13:00:02 - [MESSAGE][PASSED] - Scroll to object '' successfully

27-02-2024T13:00:02 - [TEST_STEP][PASSED] - playgame.click(): null

27-02-2024T13:00:03 - [TEST_STEP][PASSED] - delay(2): Delayed 2 second(s)

27-02-2024T13:00:05 - [MESSAGE][PASSED] - Delayed 2 second(s)

27-02-2024T13:00:05 - [TEST_STEP][PASSED] - title = getUrl(): Current window's url is: 'https://haboom.com/d/casino/casino'

27-02-2024T13:00:05 - [MESSAGE][PASSED] - Current window's url is: 'https://haboom.com/d/casino/casino'

27-02-2024T13:00:05 - [TEST_STEP][PASSED] - if (title.contains("notavailable")): null

27-02-2024T13:00:05 - [TEST_STEP][PASSED] - switchToWindowIndex(1): Switched to window with index: '1'

27-02-2024T13:00:05 - [MESSAGE][PASSED] - Switched to window with index: '1'

27-02-2024T13:00:05 - [TEST_STEP][PASSED] - closeWindowIndex(1): Window with index 1 is closed

27-02-2024T13:00:05 - [MESSAGE][PASSED] - Window with index 1 is closed

27-02-2024T13:00:05 - [TEST_STEP][PASSED] - switchToWindowIndex(0): Switched to window with index: '0'

27-02-2024T13:00:05 - [MESSAGE][PASSED] - Switched to window with index: '0'

27-02-2024T13:00:05 - [TEST_STEP][PASSED] - delay(2): Delayed 2 second(s)

27-02-2024T13:00:07 - [MESSAGE][PASSED] - Delayed 2 second(s)

27-02-2024T13:00:07 - [TEST_STEP][PASSED] - println(j): null

27-02-2024T13:00:07 - [TEST_STEP][PASSED] - playgame = allgames.get(j): null

27-02-2024T13:00:07 - [TEST_STEP][PASSED] - Object = convertWebElementToTestObject(playgame): null

27-02-2024T13:00:07 - [TEST_STEP][PASSED] - scrollToElement(Object, 10): Scroll to object '' successfully

27-02-2024T13:00:07 - [MESSAGE][PASSED] - Scroll to object '' successfully

27-02-2024T13:00:07 - [TEST_STEP][PASSED] - playgame.click(): null

27-02-2024T13:00:07 - [TEST_STEP][PASSED] - delay(2): Delayed 2 second(s)

27-02-2024T13:00:09 - [MESSAGE][PASSED] - Delayed 2 second(s)

27-02-2024T13:00:09 - [TEST_STEP][PASSED] - title = getUrl(): Current window's url is: 'https://haboom.com/d/casino/casino'

27-02-2024T13:00:09 - [MESSAGE][PASSED] - Current window's url is: 'https://haboom.com/d/casino/casino'

27-02-2024T13:00:09 - [TEST_STEP][PASSED] - if (title.contains("notavailable")): null

27-02-2024T13:00:09 - [TEST_STEP][PASSED] - switchToWindowIndex(1): Switched to window with index: '1'

27-02-2024T13:00:09 - [MESSAGE][PASSED] - Switched to window with index: '1'

27-02-2024T13:00:09 - [TEST_STEP][PASSED] - closeWindowIndex(1): Window with index 1 is closed

27-02-2024T13:00:09 - [MESSAGE][PASSED] - Window with index 1 is closed

27-02-2024T13:00:09 - [TEST_STEP][PASSED] - switchToWindowIndex(0): Switched to window with index: '0'

27-02-2024T13:00:09 - [MESSAGE][PASSED] - Switched to window with index: '0'

27-02-2024T13:00:09 - [TEST_STEP][PASSED] - delay(2): Delayed 2 second(s)

27-02-2024T13:00:11 - [MESSAGE][PASSED] - Delayed 2 second(s)

27-02-2024T13:00:11 - [TEST_STEP][PASSED] - println(j): null

27-02-2024T13:00:11 - [TEST_STEP][PASSED] - playgame = allgames.get(j): null

27-02-2024T13:00:11 - [TEST_STEP][PASSED] - Object = convertWebElementToTestObject(playgame): null

27-02-2024T13:00:11 - [TEST_STEP][PASSED] - scrollToElement(Object, 10): Scroll to object '' successfully

27-02-2024T13:00:11 - [MESSAGE][PASSED] - Scroll to object '' successfully

27-02-2024T13:00:11 - [TEST_STEP][PASSED] - playgame.click(): null

27-02-2024T13:00:11 - [TEST_STEP][PASSED] - delay(2): Delayed 2 second(s)

27-02-2024T13:00:13 - [MESSAGE][PASSED] - Delayed 2 second(s)

27-02-2024T13:00:13 - [TEST_STEP][PASSED] - title = getUrl(): Current window's url is: 'https://haboom.com/d/casino/casino'

27-02-2024T13:00:13 - [MESSAGE][PASSED] - Current window's url is: 'https://haboom.com/d/casino/casino'

27-02-2024T13:00:13 - [TEST_STEP][PASSED] - if (title.contains("notavailable")): null

27-02-2024T13:00:13 - [TEST_STEP][PASSED] - switchToWindowIndex(1): Switched to window with index: '1'

27-02-2024T13:00:13 - [MESSAGE][PASSED] - Switched to window with index: '1'

27-02-2024T13:00:13 - [TEST_STEP][PASSED] - closeWindowIndex(1): Window with index 1 is closed

27-02-2024T13:00:13 - [MESSAGE][PASSED] - Window with index 1 is closed

27-02-2024T13:00:13 - [TEST_STEP][PASSED] - switchToWindowIndex(0): Switched to window with index: '0'

27-02-2024T13:00:13 - [MESSAGE][PASSED] - Switched to window with index: '0'

27-02-2024T13:00:13 - [TEST_STEP][PASSED] - delay(2): Delayed 2 second(s)

27-02-2024T13:00:15 - [MESSAGE][PASSED] - Delayed 2 second(s)

27-02-2024T13:00:15 - [TEST_STEP][PASSED] - println(j): null

27-02-2024T13:00:15 - [TEST_STEP][PASSED] - playgame = allgames.get(j): null

27-02-2024T13:00:15 - [TEST_STEP][PASSED] - Object = convertWebElementToTestObject(playgame): null

27-02-2024T13:00:15 - [TEST_STEP][PASSED] - scrollToElement(Object, 10): Scroll to object '' successfully

27-02-2024T13:00:15 - [MESSAGE][PASSED] - Scroll to object '' successfully

27-02-2024T13:00:15 - [TEST_STEP][PASSED] - playgame.click(): null

27-02-2024T13:00:15 - [TEST_STEP][PASSED] - delay(2): Delayed 2 second(s)

27-02-2024T13:00:17 - [MESSAGE][PASSED] - Delayed 2 second(s)

27-02-2024T13:00:17 - [TEST_STEP][PASSED] - title = getUrl(): Current window's url is: 'https://haboom.com/d/casino/casino'

27-02-2024T13:00:17 - [MESSAGE][PASSED] - Current window's url is: 'https://haboom.com/d/casino/casino'

27-02-2024T13:00:17 - [TEST_STEP][PASSED] - if (title.contains("notavailable")): null

27-02-2024T13:00:17 - [TEST_STEP][PASSED] - switchToWindowIndex(1): Switched to window with index: '1'

27-02-2024T13:00:17 - [MESSAGE][PASSED] - Switched to window with index: '1'

27-02-2024T13:00:17 - [TEST_STEP][PASSED] - closeWindowIndex(1): Window with index 1 is closed

27-02-2024T13:00:17 - [MESSAGE][PASSED] - Window with index 1 is closed

27-02-2024T13:00:17 - [TEST_STEP][PASSED] - switchToWindowIndex(0): Switched to window with index: '0'

27-02-2024T13:00:17 - [MESSAGE][PASSED] - Switched to window with index: '0'

27-02-2024T13:00:17 - [TEST_STEP][PASSED] - delay(2): Delayed 2 second(s)

27-02-2024T13:00:19 - [MESSAGE][PASSED] - Delayed 2 second(s)

27-02-2024T13:00:19 - [TEST_STEP][PASSED] - println(j): null

27-02-2024T13:00:19 - [TEST_STEP][PASSED] - playgame = allgames.get(j): null

27-02-2024T13:00:19 - [TEST_STEP][PASSED] - Object = convertWebElementToTestObject(playgame): null

27-02-2024T13:00:19 - [TEST_STEP][PASSED] - scrollToElement(Object, 10): Scroll to object '' successfully

27-02-2024T13:00:19 - [MESSAGE][PASSED] - Scroll to object '' successfully

27-02-2024T13:00:19 - [TEST_STEP][PASSED] - playgame.click(): null

27-02-2024T13:00:19 - [TEST_STEP][PASSED] - delay(2): Delayed 2 second(s)

27-02-2024T13:00:21 - [MESSAGE][PASSED] - Delayed 2 second(s)

27-02-2024T13:00:21 - [TEST_STEP][PASSED] - title = getUrl(): Current window's url is: 'https://haboom.com/d/casino/casino'

27-02-2024T13:00:21 - [MESSAGE][PASSED] - Current window's url is: 'https://haboom.com/d/casino/casino'

27-02-2024T13:00:21 - [TEST_STEP][PASSED] - if (title.contains("notavailable")): null

27-02-2024T13:00:21 - [TEST_STEP][PASSED] - switchToWindowIndex(1): Switched to window with index: '1'

27-02-2024T13:00:21 - [MESSAGE][PASSED] - Switched to window with index: '1'

27-02-2024T13:00:21 - [TEST_STEP][PASSED] - closeWindowIndex(1): Window with index 1 is closed

27-02-2024T13:00:22 - [MESSAGE][PASSED] - Window with index 1 is closed

27-02-2024T13:00:22 - [TEST_STEP][PASSED] - switchToWindowIndex(0): Switched to window with index: '0'

27-02-2024T13:00:22 - [MESSAGE][PASSED] - Switched to window with index: '0'

27-02-2024T13:00:22 - [TEST_STEP][PASSED] - delay(2): Delayed 2 second(s)

27-02-2024T13:00:24 - [MESSAGE][PASSED] - Delayed 2 second(s)

27-02-2024T13:00:24 - [TEST_STEP][PASSED] - println(j): null

27-02-2024T13:00:24 - [TEST_STEP][PASSED] - playgame = allgames.get(j): null

27-02-2024T13:00:24 - [TEST_STEP][PASSED] - Object = convertWebElementToTestObject(playgame): null

27-02-2024T13:00:24 - [TEST_STEP][PASSED] - scrollToElement(Object, 10): Scroll to object '' successfully

27-02-2024T13:00:24 - [MESSAGE][PASSED] - Scroll to object '' successfully

27-02-2024T13:00:24 - [TEST_STEP][PASSED] - playgame.click(): null

27-02-2024T13:00:24 - [TEST_STEP][PASSED] - delay(2): Delayed 2 second(s)

27-02-2024T13:00:26 - [MESSAGE][PASSED] - Delayed 2 second(s)

27-02-2024T13:00:26 - [TEST_STEP][PASSED] - title = getUrl(): Current window's url is: 'https://haboom.com/d/casino/casino'

27-02-2024T13:00:26 - [MESSAGE][PASSED] - Current window's url is: 'https://haboom.com/d/casino/casino'

27-02-2024T13:00:26 - [TEST_STEP][PASSED] - if (title.contains("notavailable")): null

27-02-2024T13:00:26 - [TEST_STEP][PASSED] - switchToWindowIndex(1): Switched to window with index: '1'

27-02-2024T13:00:26 - [MESSAGE][PASSED] - Switched to window with index: '1'

27-02-2024T13:00:26 - [TEST_STEP][PASSED] - closeWindowIndex(1): Window with index 1 is closed

27-02-2024T13:00:26 - [MESSAGE][PASSED] - Window with index 1 is closed

27-02-2024T13:00:26 - [TEST_STEP][PASSED] - switchToWindowIndex(0): Switched to window with index: '0'

27-02-2024T13:00:26 - [MESSAGE][PASSED] - Switched to window with index: '0'

27-02-2024T13:00:26 - [TEST_STEP][PASSED] - delay(2): Delayed 2 second(s)

27-02-2024T13:00:28 - [MESSAGE][PASSED] - Delayed 2 second(s)

27-02-2024T13:00:28 - [TEST_STEP][PASSED] - println(j): null

27-02-2024T13:00:28 - [TEST_STEP][PASSED] - playgame = allgames.get(j): null

27-02-2024T13:00:28 - [TEST_STEP][PASSED] - Object = convertWebElementToTestObject(playgame): null

27-02-2024T13:00:28 - [TEST_STEP][PASSED] - scrollToElement(Object, 10): Scroll to object '' successfully

27-02-2024T13:00:28 - [MESSAGE][PASSED] - Scroll to object '' successfully

27-02-2024T13:00:28 - [TEST_STEP][PASSED] - playgame.click(): null

27-02-2024T13:00:28 - [TEST_STEP][PASSED] - delay(2): Delayed 2 second(s)

27-02-2024T13:00:30 - [MESSAGE][PASSED] - Delayed 2 second(s)

27-02-2024T13:00:30 - [TEST_STEP][PASSED] - title = getUrl(): Current window's url is: 'https://haboom.com/d/casino/casino'

27-02-2024T13:00:30 - [MESSAGE][PASSED] - Current window's url is: 'https://haboom.com/d/casino/casino'

27-02-2024T13:00:30 - [TEST_STEP][PASSED] - if (title.contains("notavailable")): null

27-02-2024T13:00:30 - [TEST_STEP][PASSED] - switchToWindowIndex(1): Switched to window with index: '1'

27-02-2024T13:00:30 - [MESSAGE][PASSED] - Switched to window with index: '1'

27-02-2024T13:00:30 - [TEST_STEP][PASSED] - closeWindowIndex(1): Window with index 1 is closed

27-02-2024T13:00:30 - [MESSAGE][PASSED] - Window with index 1 is closed

27-02-2024T13:00:30 - [TEST_STEP][PASSED] - switchToWindowIndex(0): Switched to window with index: '0'

27-02-2024T13:00:30 - [MESSAGE][PASSED] - Switched to window with index: '0'

27-02-2024T13:00:30 - [TEST_STEP][PASSED] - delay(2): Delayed 2 second(s)

27-02-2024T13:00:32 - [MESSAGE][PASSED] - Delayed 2 second(s)

27-02-2024T13:00:32 - [TEST_STEP][PASSED] - println(j): null

27-02-2024T13:00:32 - [TEST_STEP][PASSED] - playgame = allgames.get(j): null

27-02-2024T13:00:32 - [TEST_STEP][PASSED] - Object = convertWebElementToTestObject(playgame): null

27-02-2024T13:00:32 - [TEST_STEP][PASSED] - scrollToElement(Object, 10): Scroll to object '' successfully

27-02-2024T13:00:32 - [MESSAGE][PASSED] - Scroll to object '' successfully

27-02-2024T13:00:32 - [TEST_STEP][PASSED] - playgame.click(): null

27-02-2024T13:00:32 - [TEST_STEP][PASSED] - delay(2): Delayed 2 second(s)

27-02-2024T13:00:34 - [MESSAGE][PASSED] - Delayed 2 second(s)

27-02-2024T13:00:34 - [TEST_STEP][PASSED] - title = getUrl(): Current window's url is: 'https://haboom.com/d/casino/casino'

27-02-2024T13:00:34 - [MESSAGE][PASSED] - Current window's url is: 'https://haboom.com/d/casino/casino'

27-02-2024T13:00:34 - [TEST_STEP][PASSED] - if (title.contains("notavailable")): null

27-02-2024T13:00:34 - [TEST_STEP][PASSED] - switchToWindowIndex(1): Switched to window with index: '1'

27-02-2024T13:00:34 - [MESSAGE][PASSED] - Switched to window with index: '1'

27-02-2024T13:00:34 - [TEST_STEP][PASSED] - closeWindowIndex(1): Window with index 1 is closed

27-02-2024T13:00:34 - [MESSAGE][PASSED] - Window with index 1 is closed

27-02-2024T13:00:34 - [TEST_STEP][PASSED] - switchToWindowIndex(0): Switched to window with index: '0'

27-02-2024T13:00:34 - [MESSAGE][PASSED] - Switched to window with index: '0'

27-02-2024T13:00:34 - [TEST_STEP][PASSED] - delay(2): Delayed 2 second(s)

27-02-2024T13:00:36 - [MESSAGE][PASSED] - Delayed 2 second(s)

27-02-2024T13:00:36 - [TEST_STEP][PASSED] - println(j): null

27-02-2024T13:00:36 - [TEST_STEP][PASSED] - playgame = allgames.get(j): null

27-02-2024T13:00:36 - [TEST_STEP][PASSED] - Object = convertWebElementToTestObject(playgame): null

27-02-2024T13:00:36 - [TEST_STEP][PASSED] - scrollToElement(Object, 10): Scroll to object '' successfully

27-02-2024T13:00:36 - [MESSAGE][PASSED] - Scroll to object '' successfully

27-02-2024T13:00:36 - [TEST_STEP][PASSED] - playgame.click(): null

27-02-2024T13:00:36 - [TEST_STEP][PASSED] - delay(2): Delayed 2 second(s)

27-02-2024T13:00:38 - [MESSAGE][PASSED] - Delayed 2 second(s)

27-02-2024T13:00:38 - [TEST_STEP][PASSED] - title = getUrl(): Current window's url is: 'https://haboom.com/d/casino/casino'

27-02-2024T13:00:38 - [MESSAGE][PASSED] - Current window's url is: 'https://haboom.com/d/casino/casino'

27-02-2024T13:00:38 - [TEST_STEP][PASSED] - if (title.contains("notavailable")): null

27-02-2024T13:00:38 - [TEST_STEP][PASSED] - switchToWindowIndex(1): Switched to window with index: '1'

27-02-2024T13:00:38 - [MESSAGE][PASSED] - Switched to window with index: '1'

27-02-2024T13:00:38 - [TEST_STEP][PASSED] - closeWindowIndex(1): Window with index 1 is closed

27-02-2024T13:00:38 - [MESSAGE][PASSED] - Window with index 1 is closed

27-02-2024T13:00:38 - [TEST_STEP][PASSED] - switchToWindowIndex(0): Switched to window with index: '0'

27-02-2024T13:00:38 - [MESSAGE][PASSED] - Switched to window with index: '0'

27-02-2024T13:00:38 - [TEST_STEP][PASSED] - delay(2): Delayed 2 second(s)

27-02-2024T13:00:40 - [MESSAGE][PASSED] - Delayed 2 second(s)

27-02-2024T13:00:40 - [TEST_STEP][PASSED] - println(j): null

27-02-2024T13:00:40 - [TEST_STEP][PASSED] - playgame = allgames.get(j): null

27-02-2024T13:00:40 - [TEST_STEP][PASSED] - Object = convertWebElementToTestObject(playgame): null

27-02-2024T13:00:40 - [TEST_STEP][PASSED] - scrollToElement(Object, 10): Scroll to object '' successfully

27-02-2024T13:00:40 - [MESSAGE][PASSED] - Scroll to object '' successfully

27-02-2024T13:00:40 - [TEST_STEP][PASSED] - playgame.click(): null

27-02-2024T13:00:41 - [TEST_STEP][PASSED] - delay(2): Delayed 2 second(s)

27-02-2024T13:00:43 - [MESSAGE][PASSED] - Delayed 2 second(s)

27-02-2024T13:00:43 - [TEST_STEP][PASSED] - title = getUrl(): Current window's url is: 'https://haboom.com/d/casino/casino'

27-02-2024T13:00:43 - [MESSAGE][PASSED] - Current window's url is: 'https://haboom.com/d/casino/casino'

27-02-2024T13:00:43 - [TEST_STEP][PASSED] - if (title.contains("notavailable")): null

27-02-2024T13:00:43 - [TEST_STEP][PASSED] - switchToWindowIndex(1): Switched to window with index: '1'

27-02-2024T13:00:43 - [MESSAGE][PASSED] - Switched to window with index: '1'

27-02-2024T13:00:43 - [TEST_STEP][PASSED] - closeWindowIndex(1): Window with index 1 is closed

27-02-2024T13:00:43 - [MESSAGE][PASSED] - Window with index 1 is closed

27-02-2024T13:00:43 - [TEST_STEP][PASSED] - switchToWindowIndex(0): Switched to window with index: '0'

27-02-2024T13:00:43 - [MESSAGE][PASSED] - Switched to window with index: '0'

27-02-2024T13:00:43 - [TEST_STEP][PASSED] - delay(2): Delayed 2 second(s)

27-02-2024T13:00:45 - [MESSAGE][PASSED] - Delayed 2 second(s)

27-02-2024T13:00:45 - [TEST_STEP][PASSED] - println(j): null

27-02-2024T13:00:45 - [TEST_STEP][PASSED] - playgame = allgames.get(j): null

27-02-2024T13:00:45 - [TEST_STEP][PASSED] - Object = convertWebElementToTestObject(playgame): null

27-02-2024T13:00:45 - [TEST_STEP][PASSED] - scrollToElement(Object, 10): Scroll to object '' successfully

27-02-2024T13:00:45 - [MESSAGE][PASSED] - Scroll to object '' successfully

27-02-2024T13:00:45 - [TEST_STEP][PASSED] - playgame.click(): null

27-02-2024T13:00:45 - [TEST_STEP][PASSED] - delay(2): Delayed 2 second(s)

27-02-2024T13:00:47 - [MESSAGE][PASSED] - Delayed 2 second(s)

27-02-2024T13:00:47 - [TEST_STEP][PASSED] - title = getUrl(): Current window's url is: 'https://haboom.com/d/casino/casino'

27-02-2024T13:00:47 - [MESSAGE][PASSED] - Current window's url is: 'https://haboom.com/d/casino/casino'

27-02-2024T13:00:47 - [TEST_STEP][PASSED] - if (title.contains("notavailable")): null

27-02-2024T13:00:47 - [TEST_STEP][PASSED] - switchToWindowIndex(1): Switched to window with index: '1'

27-02-2024T13:00:47 - [MESSAGE][PASSED] - Switched to window with index: '1'

27-02-2024T13:00:47 - [TEST_STEP][PASSED] - closeWindowIndex(1): Window with index 1 is closed

27-02-2024T13:00:47 - [MESSAGE][PASSED] - Window with index 1 is closed

27-02-2024T13:00:47 - [TEST_STEP][PASSED] - switchToWindowIndex(0): Switched to window with index: '0'

27-02-2024T13:00:47 - [MESSAGE][PASSED] - Switched to window with index: '0'

27-02-2024T13:00:47 - [TEST_STEP][PASSED] - delay(2): Delayed 2 second(s)

27-02-2024T13:00:49 - [MESSAGE][PASSED] - Delayed 2 second(s)

27-02-2024T13:00:49 - [TEST_STEP][PASSED] - println(j): null

27-02-2024T13:00:49 - [TEST_STEP][PASSED] - playgame = allgames.get(j): null

27-02-2024T13:00:49 - [TEST_STEP][PASSED] - Object = convertWebElementToTestObject(playgame): null

27-02-2024T13:00:49 - [TEST_STEP][PASSED] - scrollToElement(Object, 10): Scroll to object '' successfully

27-02-2024T13:00:49 - [MESSAGE][PASSED] - Scroll to object '' successfully

27-02-2024T13:00:49 - [TEST_STEP][PASSED] - playgame.click(): null

27-02-2024T13:00:49 - [TEST_STEP][PASSED] - delay(2): Delayed 2 second(s)

27-02-2024T13:00:51 - [MESSAGE][PASSED] - Delayed 2 second(s)

27-02-2024T13:00:51 - [TEST_STEP][PASSED] - title = getUrl(): Current window's url is: 'https://haboom.com/d/casino/casino'

27-02-2024T13:00:51 - [MESSAGE][PASSED] - Current window's url is: 'https://haboom.com/d/casino/casino'

27-02-2024T13:00:51 - [TEST_STEP][PASSED] - if (title.contains("notavailable")): null

27-02-2024T13:00:51 - [TEST_STEP][PASSED] - switchToWindowIndex(1): Switched to window with index: '1'

27-02-2024T13:00:51 - [MESSAGE][PASSED] - Switched to window with index: '1'

27-02-2024T13:00:51 - [TEST_STEP][PASSED] - closeWindowIndex(1): Window with index 1 is closed

27-02-2024T13:00:51 - [MESSAGE][PASSED] - Window with index 1 is closed

27-02-2024T13:00:51 - [TEST_STEP][PASSED] - switchToWindowIndex(0): Switched to window with index: '0'

27-02-2024T13:00:51 - [MESSAGE][PASSED] - Switched to window with index: '0'

27-02-2024T13:00:51 - [TEST_STEP][PASSED] - delay(2): Delayed 2 second(s)

27-02-2024T13:00:53 - [MESSAGE][PASSED] - Delayed 2 second(s)

27-02-2024T13:00:53 - [TEST_STEP][PASSED] - println(j): null

27-02-2024T13:00:53 - [TEST_STEP][PASSED] - playgame = allgames.get(j): null

27-02-2024T13:00:53 - [TEST_STEP][PASSED] - Object = convertWebElementToTestObject(playgame): null

27-02-2024T13:00:53 - [TEST_STEP][PASSED] - scrollToElement(Object, 10): Scroll to object '' successfully

27-02-2024T13:00:53 - [MESSAGE][PASSED] - Scroll to object '' successfully

27-02-2024T13:00:53 - [TEST_STEP][PASSED] - playgame.click(): null

27-02-2024T13:00:53 - [TEST_STEP][PASSED] - delay(2): Delayed 2 second(s)

27-02-2024T13:00:55 - [MESSAGE][PASSED] - Delayed 2 second(s)

27-02-2024T13:00:55 - [TEST_STEP][PASSED] - title = getUrl(): Current window's url is: 'https://haboom.com/d/casino/casino'

27-02-2024T13:00:55 - [MESSAGE][PASSED] - Current window's url is: 'https://haboom.com/d/casino/casino'

27-02-2024T13:00:55 - [TEST_STEP][PASSED] - if (title.contains("notavailable")): null

27-02-2024T13:00:55 - [TEST_STEP][PASSED] - switchToWindowIndex(1): Switched to window with index: '1'

27-02-2024T13:00:55 - [MESSAGE][PASSED] - Switched to window with index: '1'

27-02-2024T13:00:55 - [TEST_STEP][PASSED] - closeWindowIndex(1): Window with index 1 is closed

27-02-2024T13:00:55 - [MESSAGE][PASSED] - Window with index 1 is closed

27-02-2024T13:00:55 - [TEST_STEP][PASSED] - switchToWindowIndex(0): Switched to window with index: '0'

27-02-2024T13:00:55 - [MESSAGE][PASSED] - Switched to window with index: '0'

27-02-2024T13:00:55 - [TEST_STEP][PASSED] - delay(2): Delayed 2 second(s)

27-02-2024T13:00:57 - [MESSAGE][PASSED] - Delayed 2 second(s)

27-02-2024T13:00:57 - [TEST_STEP][PASSED] - println(j): null

27-02-2024T13:00:57 - [TEST_STEP][PASSED] - playgame = allgames.get(j): null

27-02-2024T13:00:57 - [TEST_STEP][PASSED] - Object = convertWebElementToTestObject(playgame): null

27-02-2024T13:00:57 - [TEST_STEP][PASSED] - scrollToElement(Object, 10): Scroll to object '' successfully

27-02-2024T13:00:57 - [MESSAGE][PASSED] - Scroll to object '' successfully

27-02-2024T13:00:57 - [TEST_STEP][PASSED] - playgame.click(): null

27-02-2024T13:00:57 - [TEST_STEP][PASSED] - delay(2): Delayed 2 second(s)

27-02-2024T13:00:59 - [MESSAGE][PASSED] - Delayed 2 second(s)

27-02-2024T13:00:59 - [TEST_STEP][PASSED] - title = getUrl(): Current window's url is: 'https://haboom.com/d/casino/casino'

27-02-2024T13:00:59 - [MESSAGE][PASSED] - Current window's url is: 'https://haboom.com/d/casino/casino'

27-02-2024T13:00:59 - [TEST_STEP][PASSED] - if (title.contains("notavailable")): null

27-02-2024T13:00:59 - [TEST_STEP][PASSED] - switchToWindowIndex(1): Switched to window with index: '1'

27-02-2024T13:00:59 - [MESSAGE][PASSED] - Switched to window with index: '1'

27-02-2024T13:00:59 - [TEST_STEP][PASSED] - closeWindowIndex(1): Window with index 1 is closed

27-02-2024T13:00:59 - [MESSAGE][PASSED] - Window with index 1 is closed

27-02-2024T13:00:59 - [TEST_STEP][PASSED] - switchToWindowIndex(0): Switched to window with index: '0'

27-02-2024T13:01:00 - [MESSAGE][PASSED] - Switched to window with index: '0'

27-02-2024T13:01:00 - [TEST_STEP][PASSED] - delay(2): Delayed 2 second(s)

27-02-2024T13:01:02 - [MESSAGE][PASSED] - Delayed 2 second(s)

27-02-2024T13:01:02 - [TEST_STEP][PASSED] - println(j): null

27-02-2024T13:01:02 - [TEST_STEP][PASSED] - playgame = allgames.get(j): null

27-02-2024T13:01:02 - [TEST_STEP][PASSED] - Object = convertWebElementToTestObject(playgame): null

27-02-2024T13:01:02 - [TEST_STEP][PASSED] - scrollToElement(Object, 10): Scroll to object '' successfully

27-02-2024T13:01:02 - [MESSAGE][PASSED] - Scroll to object '' successfully

27-02-2024T13:01:02 - [TEST_STEP][PASSED] - playgame.click(): null

27-02-2024T13:01:02 - [TEST_STEP][PASSED] - delay(2): Delayed 2 second(s)

27-02-2024T13:01:04 - [MESSAGE][PASSED] - Delayed 2 second(s)

27-02-2024T13:01:04 - [TEST_STEP][PASSED] - title = getUrl(): Current window's url is: 'https://haboom.com/d/casino/casino'

27-02-2024T13:01:04 - [MESSAGE][PASSED] - Current window's url is: 'https://haboom.com/d/casino/casino'

27-02-2024T13:01:04 - [TEST_STEP][PASSED] - if (title.contains("notavailable")): null

27-02-2024T13:01:04 - [TEST_STEP][PASSED] - switchToWindowIndex(1): Switched to window with index: '1'

27-02-2024T13:01:04 - [MESSAGE][PASSED] - Switched to window with index: '1'

27-02-2024T13:01:04 - [TEST_STEP][PASSED] - closeWindowIndex(1): Window with index 1 is closed

27-02-2024T13:01:04 - [MESSAGE][PASSED] - Window with index 1 is closed

27-02-2024T13:01:04 - [TEST_STEP][PASSED] - switchToWindowIndex(0): Switched to window with index: '0'

27-02-2024T13:01:04 - [MESSAGE][PASSED] - Switched to window with index: '0'

27-02-2024T13:01:04 - [TEST_STEP][PASSED] - delay(2): Delayed 2 second(s)

27-02-2024T13:01:06 - [MESSAGE][PASSED] - Delayed 2 second(s)

27-02-2024T13:01:06 - [TEST_STEP][PASSED] - println(j): null

27-02-2024T13:01:06 - [TEST_STEP][PASSED] - playgame = allgames.get(j): null

27-02-2024T13:01:06 - [TEST_STEP][PASSED] - Object = convertWebElementToTestObject(playgame): null

27-02-2024T13:01:06 - [TEST_STEP][PASSED] - scrollToElement(Object, 10): Scroll to object '' successfully

27-02-2024T13:01:06 - [MESSAGE][PASSED] - Scroll to object '' successfully

27-02-2024T13:01:06 - [TEST_STEP][PASSED] - playgame.click(): null

27-02-2024T13:01:06 - [TEST_STEP][PASSED] - delay(2): Delayed 2 second(s)

27-02-2024T13:01:08 - [MESSAGE][PASSED] - Delayed 2 second(s)

27-02-2024T13:01:08 - [TEST_STEP][PASSED] - title = getUrl(): Current window's url is: 'https://haboom.com/d/casino/casino'

27-02-2024T13:01:08 - [MESSAGE][PASSED] - Current window's url is: 'https://haboom.com/d/casino/casino'

27-02-2024T13:01:08 - [TEST_STEP][PASSED] - if (title.contains("notavailable")): null

27-02-2024T13:01:08 - [TEST_STEP][PASSED] - switchToWindowIndex(1): Switched to window with index: '1'

27-02-2024T13:01:08 - [MESSAGE][PASSED] - Switched to window with index: '1'

27-02-2024T13:01:08 - [TEST_STEP][PASSED] - closeWindowIndex(1): Window with index 1 is closed

27-02-2024T13:01:08 - [MESSAGE][PASSED] - Window with index 1 is closed

27-02-2024T13:01:08 - [TEST_STEP][PASSED] - switchToWindowIndex(0): Switched to window with index: '0'

27-02-2024T13:01:08 - [MESSAGE][PASSED] - Switched to window with index: '0'

27-02-2024T13:01:08 - [TEST_STEP][PASSED] - delay(2): Delayed 2 second(s)

27-02-2024T13:01:10 - [MESSAGE][PASSED] - Delayed 2 second(s)

27-02-2024T13:01:10 - [TEST_STEP][PASSED] - println(j): null

27-02-2024T13:01:10 - [TEST_STEP][PASSED] - playgame = allgames.get(j): null

27-02-2024T13:01:10 - [TEST_STEP][PASSED] - Object = convertWebElementToTestObject(playgame): null

27-02-2024T13:01:10 - [TEST_STEP][PASSED] - scrollToElement(Object, 10): Scroll to object '' successfully

27-02-2024T13:01:10 - [MESSAGE][PASSED] - Scroll to object '' successfully

27-02-2024T13:01:10 - [TEST_STEP][PASSED] - playgame.click(): null

27-02-2024T13:01:10 - [TEST_STEP][PASSED] - delay(2): Delayed 2 second(s)

27-02-2024T13:01:12 - [MESSAGE][PASSED] - Delayed 2 second(s)

27-02-2024T13:01:12 - [TEST_STEP][PASSED] - title = getUrl(): Current window's url is: 'https://haboom.com/d/casino/casino'

27-02-2024T13:01:12 - [MESSAGE][PASSED] - Current window's url is: 'https://haboom.com/d/casino/casino'

27-02-2024T13:01:12 - [TEST_STEP][PASSED] - if (title.contains("notavailable")): null

27-02-2024T13:01:12 - [TEST_STEP][PASSED] - switchToWindowIndex(1): Switched to window with index: '1'

27-02-2024T13:01:12 - [MESSAGE][PASSED] - Switched to window with index: '1'

27-02-2024T13:01:12 - [TEST_STEP][PASSED] - closeWindowIndex(1): Window with index 1 is closed

27-02-2024T13:01:12 - [MESSAGE][PASSED] - Window with index 1 is closed

27-02-2024T13:01:12 - [TEST_STEP][PASSED] - switchToWindowIndex(0): Switched to window with index: '0'

27-02-2024T13:01:12 - [MESSAGE][PASSED] - Switched to window with index: '0'

27-02-2024T13:01:12 - [TEST_STEP][PASSED] - delay(2): Delayed 2 second(s)

27-02-2024T13:01:14 - [MESSAGE][PASSED] - Delayed 2 second(s)

27-02-2024T13:01:14 - [TEST_STEP][PASSED] - println(j): null

27-02-2024T13:01:14 - [TEST_STEP][PASSED] - playgame = allgames.get(j): null

27-02-2024T13:01:14 - [TEST_STEP][PASSED] - Object = convertWebElementToTestObject(playgame): null

27-02-2024T13:01:14 - [TEST_STEP][PASSED] - scrollToElement(Object, 10): Scroll to object '' successfully

27-02-2024T13:01:14 - [MESSAGE][PASSED] - Scroll to object '' successfully

27-02-2024T13:01:14 - [TEST_STEP][PASSED] - playgame.click(): null

27-02-2024T13:01:14 - [TEST_STEP][PASSED] - delay(2): Delayed 2 second(s)

27-02-2024T13:01:16 - [MESSAGE][PASSED] - Delayed 2 second(s)

27-02-2024T13:01:16 - [TEST_STEP][PASSED] - title = getUrl(): Current window's url is: 'https://haboom.com/d/casino/casino'

27-02-2024T13:01:16 - [MESSAGE][PASSED] - Current window's url is: 'https://haboom.com/d/casino/casino'

27-02-2024T13:01:16 - [TEST_STEP][PASSED] - if (title.contains("notavailable")): null

27-02-2024T13:01:16 - [TEST_STEP][PASSED] - switchToWindowIndex(1): Switched to window with index: '1'

27-02-2024T13:01:16 - [MESSAGE][PASSED] - Switched to window with index: '1'

27-02-2024T13:01:16 - [TEST_STEP][PASSED] - closeWindowIndex(1): Window with index 1 is closed

27-02-2024T13:01:16 - [MESSAGE][PASSED] - Window with index 1 is closed

27-02-2024T13:01:16 - [TEST_STEP][PASSED] - switchToWindowIndex(0): Switched to window with index: '0'

27-02-2024T13:01:16 - [MESSAGE][PASSED] - Switched to window with index: '0'

27-02-2024T13:01:16 - [TEST_STEP][PASSED] - delay(2): Delayed 2 second(s)

27-02-2024T13:01:18 - [MESSAGE][PASSED] - Delayed 2 second(s)

27-02-2024T13:01:18 - [TEST_STEP][PASSED] - println(j): null

27-02-2024T13:01:18 - [TEST_STEP][PASSED] - playgame = allgames.get(j): null

27-02-2024T13:01:18 - [TEST_STEP][PASSED] - Object = convertWebElementToTestObject(playgame): null

27-02-2024T13:01:18 - [TEST_STEP][PASSED] - scrollToElement(Object, 10): Scroll to object '' successfully

27-02-2024T13:01:18 - [MESSAGE][PASSED] - Scroll to object '' successfully

27-02-2024T13:01:18 - [TEST_STEP][PASSED] - playgame.click(): null

27-02-2024T13:01:18 - [TEST_STEP][PASSED] - delay(2): Delayed 2 second(s)

27-02-2024T13:01:20 - [MESSAGE][PASSED] - Delayed 2 second(s)

27-02-2024T13:01:20 - [TEST_STEP][PASSED] - title = getUrl(): Current window's url is: 'https://haboom.com/d/casino/casino'

27-02-2024T13:01:20 - [MESSAGE][PASSED] - Current window's url is: 'https://haboom.com/d/casino/casino'

27-02-2024T13:01:20 - [TEST_STEP][PASSED] - if (title.contains("notavailable")): null

27-02-2024T13:01:20 - [TEST_STEP][PASSED] - switchToWindowIndex(1): Switched to window with index: '1'

27-02-2024T13:01:20 - [MESSAGE][PASSED] - Switched to window with index: '1'

27-02-2024T13:01:20 - [TEST_STEP][PASSED] - closeWindowIndex(1): Window with index 1 is closed

27-02-2024T13:01:21 - [MESSAGE][PASSED] - Window with index 1 is closed

27-02-2024T13:01:21 - [TEST_STEP][PASSED] - switchToWindowIndex(0): Switched to window with index: '0'

27-02-2024T13:01:21 - [MESSAGE][PASSED] - Switched to window with index: '0'

27-02-2024T13:01:21 - [TEST_STEP][PASSED] - delay(2): Delayed 2 second(s)

27-02-2024T13:01:23 - [MESSAGE][PASSED] - Delayed 2 second(s)

27-02-2024T13:01:23 - [TEST_STEP][PASSED] - println(j): null

27-02-2024T13:01:23 - [TEST_STEP][PASSED] - playgame = allgames.get(j): null

27-02-2024T13:01:23 - [TEST_STEP][PASSED] - Object = convertWebElementToTestObject(playgame): null

27-02-2024T13:01:23 - [TEST_STEP][PASSED] - scrollToElement(Object, 10): Scroll to object '' successfully

27-02-2024T13:01:23 - [MESSAGE][PASSED] - Scroll to object '' successfully

27-02-2024T13:01:23 - [TEST_STEP][PASSED] - playgame.click(): null

27-02-2024T13:01:23 - [TEST_STEP][PASSED] - delay(2): Delayed 2 second(s)

27-02-2024T13:01:25 - [MESSAGE][PASSED] - Delayed 2 second(s)

27-02-2024T13:01:25 - [TEST_STEP][PASSED] - title = getUrl(): Current window's url is: 'https://haboom.com/d/casino/casino'

27-02-2024T13:01:25 - [MESSAGE][PASSED] - Current window's url is: 'https://haboom.com/d/casino/casino'

27-02-2024T13:01:25 - [TEST_STEP][PASSED] - if (title.contains("notavailable")): null

27-02-2024T13:01:25 - [TEST_STEP][PASSED] - switchToWindowIndex(1): Switched to window with index: '1'

27-02-2024T13:01:25 - [MESSAGE][PASSED] - Switched to window with index: '1'

27-02-2024T13:01:25 - [TEST_STEP][PASSED] - closeWindowIndex(1): Window with index 1 is closed

27-02-2024T13:01:25 - [MESSAGE][PASSED] - Window with index 1 is closed

27-02-2024T13:01:25 - [TEST_STEP][PASSED] - switchToWindowIndex(0): Switched to window with index: '0'

27-02-2024T13:01:25 - [MESSAGE][PASSED] - Switched to window with index: '0'

27-02-2024T13:01:25 - [TEST_STEP][PASSED] - delay(2): Delayed 2 second(s)

27-02-2024T13:01:27 - [MESSAGE][PASSED] - Delayed 2 second(s)

27-02-2024T13:01:27 - [TEST_STEP][PASSED] - println(j): null

27-02-2024T13:01:27 - [TEST_STEP][PASSED] - playgame = allgames.get(j): null

27-02-2024T13:01:27 - [TEST_STEP][PASSED] - Object = convertWebElementToTestObject(playgame): null

27-02-2024T13:01:27 - [TEST_STEP][PASSED] - scrollToElement(Object, 10): Scroll to object '' successfully

27-02-2024T13:01:27 - [MESSAGE][PASSED] - Scroll to object '' successfully

27-02-2024T13:01:27 - [TEST_STEP][PASSED] - playgame.click(): null

27-02-2024T13:01:27 - [TEST_STEP][PASSED] - delay(2): Delayed 2 second(s)

27-02-2024T13:01:29 - [MESSAGE][PASSED] - Delayed 2 second(s)

27-02-2024T13:01:29 - [TEST_STEP][PASSED] - title = getUrl(): Current window's url is: 'https://haboom.com/d/casino/casino'

27-02-2024T13:01:29 - [MESSAGE][PASSED] - Current window's url is: 'https://haboom.com/d/casino/casino'

27-02-2024T13:01:29 - [TEST_STEP][PASSED] - if (title.contains("notavailable")): null

27-02-2024T13:01:29 - [TEST_STEP][PASSED] - switchToWindowIndex(1): Switched to window with index: '1'

27-02-2024T13:01:29 - [MESSAGE][PASSED] - Switched to window with index: '1'

27-02-2024T13:01:29 - [TEST_STEP][PASSED] - closeWindowIndex(1): Window with index 1 is closed

27-02-2024T13:01:29 - [MESSAGE][PASSED] - Window with index 1 is closed

27-02-2024T13:01:29 - [TEST_STEP][PASSED] - switchToWindowIndex(0): Switched to window with index: '0'

27-02-2024T13:01:29 - [MESSAGE][PASSED] - Switched to window with index: '0'

27-02-2024T13:01:29 - [TEST_STEP][PASSED] - delay(2): Delayed 2 second(s)

27-02-2024T13:01:31 - [MESSAGE][PASSED] - Delayed 2 second(s)

27-02-2024T13:01:31 - [TEST_STEP][PASSED] - println(j): null

27-02-2024T13:01:31 - [TEST_STEP][PASSED] - playgame = allgames.get(j): null

27-02-2024T13:01:31 - [TEST_STEP][PASSED] - Object = convertWebElementToTestObject(playgame): null

27-02-2024T13:01:31 - [TEST_STEP][PASSED] - scrollToElement(Object, 10): Scroll to object '' successfully

27-02-2024T13:01:31 - [MESSAGE][PASSED] - Scroll to object '' successfully

27-02-2024T13:01:31 - [TEST_STEP][PASSED] - playgame.click(): null

27-02-2024T13:01:31 - [TEST_STEP][PASSED] - delay(2): Delayed 2 second(s)

27-02-2024T13:01:33 - [MESSAGE][PASSED] - Delayed 2 second(s)

27-02-2024T13:01:33 - [TEST_STEP][PASSED] - title = getUrl(): Current window's url is: 'https://haboom.com/d/casino/casino'

27-02-2024T13:01:33 - [MESSAGE][PASSED] - Current window's url is: 'https://haboom.com/d/casino/casino'

27-02-2024T13:01:33 - [TEST_STEP][PASSED] - if (title.contains("notavailable")): null

27-02-2024T13:01:33 - [TEST_STEP][PASSED] - switchToWindowIndex(1): Switched to window with index: '1'

27-02-2024T13:01:33 - [MESSAGE][PASSED] - Switched to window with index: '1'

27-02-2024T13:01:33 - [TEST_STEP][PASSED] - closeWindowIndex(1): Window with index 1 is closed

27-02-2024T13:01:33 - [MESSAGE][PASSED] - Window with index 1 is closed

27-02-2024T13:01:33 - [TEST_STEP][PASSED] - switchToWindowIndex(0): Switched to window with index: '0'

27-02-2024T13:01:33 - [MESSAGE][PASSED] - Switched to window with index: '0'

27-02-2024T13:01:33 - [TEST_STEP][PASSED] - delay(2): Delayed 2 second(s)

27-02-2024T13:01:35 - [MESSAGE][PASSED] - Delayed 2 second(s)

27-02-2024T13:01:35 - [TEST_STEP][PASSED] - println(j): null

27-02-2024T13:01:35 - [TEST_STEP][PASSED] - playgame = allgames.get(j): null

27-02-2024T13:01:35 - [TEST_STEP][PASSED] - Object = convertWebElementToTestObject(playgame): null

27-02-2024T13:01:35 - [TEST_STEP][PASSED] - scrollToElement(Object, 10): Scroll to object '' successfully

27-02-2024T13:01:35 - [MESSAGE][PASSED] - Scroll to object '' successfully

27-02-2024T13:01:35 - [TEST_STEP][PASSED] - playgame.click(): null

27-02-2024T13:01:35 - [TEST_STEP][PASSED] - delay(2): Delayed 2 second(s)

27-02-2024T13:01:37 - [MESSAGE][PASSED] - Delayed 2 second(s)

27-02-2024T13:01:37 - [TEST_STEP][PASSED] - title = getUrl(): Current window's url is: 'https://haboom.com/d/casino/casino'

27-02-2024T13:01:37 - [MESSAGE][PASSED] - Current window's url is: 'https://haboom.com/d/casino/casino'

27-02-2024T13:01:37 - [TEST_STEP][PASSED] - if (title.contains("notavailable")): null

27-02-2024T13:01:37 - [TEST_STEP][PASSED] - switchToWindowIndex(1): Switched to window with index: '1'

27-02-2024T13:01:37 - [MESSAGE][PASSED] - Switched to window with index: '1'

27-02-2024T13:01:37 - [TEST_STEP][PASSED] - closeWindowIndex(1): Window with index 1 is closed

27-02-2024T13:01:37 - [MESSAGE][PASSED] - Window with index 1 is closed

27-02-2024T13:01:37 - [TEST_STEP][PASSED] - switchToWindowIndex(0): Switched to window with index: '0'

27-02-2024T13:01:37 - [MESSAGE][PASSED] - Switched to window with index: '0'

27-02-2024T13:01:37 - [TEST_STEP][PASSED] - delay(2): Delayed 2 second(s)

27-02-2024T13:01:39 - [MESSAGE][PASSED] - Delayed 2 second(s)

27-02-2024T13:01:39 - [TEST_STEP][PASSED] - println(j): null

27-02-2024T13:01:39 - [TEST_STEP][PASSED] - playgame = allgames.get(j): null

27-02-2024T13:01:39 - [TEST_STEP][PASSED] - Object = convertWebElementToTestObject(playgame): null

27-02-2024T13:01:39 - [TEST_STEP][PASSED] - scrollToElement(Object, 10): Scroll to object '' successfully

27-02-2024T13:01:39 - [MESSAGE][PASSED] - Scroll to object '' successfully

27-02-2024T13:01:39 - [TEST_STEP][PASSED] - playgame.click(): null

27-02-2024T13:01:39 - [TEST_STEP][PASSED] - delay(2): Delayed 2 second(s)

27-02-2024T13:01:41 - [MESSAGE][PASSED] - Delayed 2 second(s)

27-02-2024T13:01:41 - [TEST_STEP][PASSED] - title = getUrl(): Current window's url is: 'https://haboom.com/d/casino/casino'

27-02-2024T13:01:41 - [MESSAGE][PASSED] - Current window's url is: 'https://haboom.com/d/casino/casino'

27-02-2024T13:01:41 - [TEST_STEP][PASSED] - if (title.contains("notavailable")): null

27-02-2024T13:01:41 - [TEST_STEP][PASSED] - switchToWindowIndex(1): Switched to window with index: '1'

27-02-2024T13:01:41 - [MESSAGE][PASSED] - Switched to window with index: '1'

27-02-2024T13:01:41 - [TEST_STEP][PASSED] - closeWindowIndex(1): Window with index 1 is closed

27-02-2024T13:01:41 - [MESSAGE][PASSED] - Window with index 1 is closed

27-02-2024T13:01:41 - [TEST_STEP][PASSED] - switchToWindowIndex(0): Switched to window with index: '0'

27-02-2024T13:01:41 - [MESSAGE][PASSED] - Switched to window with index: '0'

27-02-2024T13:01:41 - [TEST_STEP][INCOMPLETE] - delay(2): null]]></system-out>
         <system-err><![CDATA[27-02-2024T12:58:36 - [TEST_CASE][INCOMPLETE] - Test Cases/Casino/Open game successful: null]]></system-err>
      </testcase>
      <system-out><![CDATA[27-02-2024T12:58:36 - [TEST_SUITE][INCOMPLETE] - Casino: null]]></system-out>
      <system-err><![CDATA[27-02-2024T12:58:36 - [TEST_SUITE][INCOMPLETE] - Casino: null]]></system-err>
   </testsuite>
</testsuites>
