<?xml version="1.0" encoding="UTF-8"?>
<testsuites name="Casino" time="79.741" tests="1" failures="0" errors="0">
   <testsuite name="Casino" tests="1" failures="0" errors="0" time="79.741" skipped="0" timestamp="27-02-2024T13:48:55" hostname="M Gokul Jayanth - LAPTOP-QCN9K3GM" id="Test Suites/Casino">
      <properties>
         <property name="deviceName" value=""/>
         <property name="devicePlatform" value=""/>
         <property name="logFolder" value="C:\\Users\\M Gokul Jayanth\\git\\KatalonAutomation\\HaboomWBT\\Reports\\20240227_134852\\Casino\\20240227_134853"/>
         <property name="logFiles" value="C:\\Users\\M Gokul Jayanth\\git\\KatalonAutomation\\HaboomWBT\\Reports\\20240227_134852\\Casino\\20240227_134853\\execution0.log"/>
         <property name="attachments" value=""/>
         <property name="hostName" value="M Gokul Jayanth - LAPTOP-QCN9K3GM"/>
         <property name="os" value="Windows 11 64bit"/>
         <property name="katalonVersion" value="9.3.0.212"/>
         <property name="browser" value="Chrome 121.0.0.0"/>
         <property name="hostAddress" value="192.168.50.148"/>
         <property name="sessionId" value="64a58f05343e468621d841cbd136de6a"/>
         <property name="seleniumVersion" value="3.141.59"/>
         <property name="proxyInformation" value="ProxyInformation { proxyOption=NO_PROXY, proxyServerType=HTTP, username=, password=********, proxyServerAddress=, proxyServerPort=0, executionList=&quot;&quot;, isApplyToDesiredCapabilities=true }"/>
         <property name="platform" value="Windows 11"/>
      </properties>
      <testcase name="Test Cases/Casino/Open game successful" time="79.609" classname="Test Cases/Casino/Open game successful" status="INCOMPLETE">
         <system-out><![CDATA[27-02-2024T13:48:56 - [TEST_CASE][INCOMPLETE] - Test Cases/Casino/Open game successful: null

27-02-2024T13:48:56 - [TEST_STEP][PASSED] - Start setup action : setupTestCase: Method 'setupTestCase' complete successfully

27-02-2024T13:48:56 - [TEST_STEP][PASSED] - openBrowser(""): Browser is opened with url: ''

27-02-2024T13:48:56 - [MESSAGE][INFO] - Starting 'Chrome' driver

27-02-2024T13:48:56 - [MESSAGE][INFO] - Action delay is set to 0 milliseconds

27-02-2024T13:48:57 - [MESSAGE][PASSED] - Browser is opened with url: ''

27-02-2024T13:48:57 - [TEST_STEP][PASSED] - navigateToUrl("https://haboom.com/"): Navigate to 'https://haboom.com/' successfully

27-02-2024T13:49:04 - [MESSAGE][PASSED] - Navigate to 'https://haboom.com/' successfully

27-02-2024T13:49:04 - [TEST_STEP][PASSED] - maximizeWindow(): Current window maximized

27-02-2024T13:49:04 - [MESSAGE][PASSED] - Current window maximized

27-02-2024T13:49:04 - [TEST_STEP][PASSED] - setText(findTestObject("Object Repository/Login Page/Login email field"), "MartinGarrix"): Text 'MartinGarrix' is set on object 'Object Repository/Login Page/Login email field'

27-02-2024T13:49:06 - [MESSAGE][PASSED] - Text 'MartinGarrix' is set on object 'Object Repository/Login Page/Login email field'

27-02-2024T13:49:06 - [TEST_STEP][PASSED] - setText(findTestObject("Object Repository/Login Page/Login Password"), "Test@1234"): Text 'Test@1234' is set on object 'Object Repository/Login Page/Login Password'

27-02-2024T13:49:08 - [MESSAGE][PASSED] - Text 'Test@1234' is set on object 'Object Repository/Login Page/Login Password'

27-02-2024T13:49:08 - [TEST_STEP][PASSED] - click(findTestObject("Object Repository/Login Page/login button")): Object: 'Object Repository/Login Page/login button' is clicked on

27-02-2024T13:49:09 - [MESSAGE][PASSED] - Object: 'Object Repository/Login Page/login button' is clicked on

27-02-2024T13:49:09 - [TEST_STEP][PASSED] - verifyElementText(findTestObject("Object Repository/Login Page/My Account"), "My Account"): Actual text and expected text of test object 'Object Repository/Login Page/My Account' are matched.

27-02-2024T13:49:11 - [MESSAGE][PASSED] - Actual text and expected text of test object 'Object Repository/Login Page/My Account' are matched.

27-02-2024T13:49:11 - [MESSAGE][PASSED] - Method 'setupTestCase' complete successfully

27-02-2024T13:49:11 - [TEST_STEP][PASSED] - click(findTestObject("Object Repository/Casino Page/CasinoMenu")): Object: 'Object Repository/Casino Page/CasinoMenu' is clicked on

27-02-2024T13:49:13 - [MESSAGE][PASSED] - Object: 'Object Repository/Casino Page/CasinoMenu' is clicked on

27-02-2024T13:49:13 - [TEST_STEP][PASSED] - provider = getWebDriver().findElements(By.xpath("//input[@name='provider_list']")): null

27-02-2024T13:49:14 - [TEST_STEP][PASSED] - println(provider.size()): null

27-02-2024T13:49:14 - [TEST_STEP][INCOMPLETE] - for ([i = 1, i < provider.size(), (i++)]): null

27-02-2024T13:49:14 - [TEST_STEP][PASSED] - currentElement = provider.get(i): null

27-02-2024T13:49:14 - [TEST_STEP][PASSED] - currentElement.click(): null

27-02-2024T13:49:14 - [TEST_STEP][PASSED] - scrollToPosition(0, 250): Browser is scrolled to position x = 0, y = 250

27-02-2024T13:49:14 - [MESSAGE][PASSED] - Browser is scrolled to position x = 0, y = 250

27-02-2024T13:49:14 - [TEST_STEP][PASSED] - delay(3): Delayed 3 second(s)

27-02-2024T13:49:17 - [MESSAGE][PASSED] - Delayed 3 second(s)

27-02-2024T13:49:17 - [TEST_STEP][PASSED] - scrollToPosition(0, 500): Browser is scrolled to position x = 0, y = 500

27-02-2024T13:49:17 - [MESSAGE][PASSED] - Browser is scrolled to position x = 0, y = 500

27-02-2024T13:49:17 - [TEST_STEP][PASSED] - delay(3): Delayed 3 second(s)

27-02-2024T13:49:20 - [MESSAGE][PASSED] - Delayed 3 second(s)

27-02-2024T13:49:20 - [TEST_STEP][PASSED] - scrollToPosition(0, 750): Browser is scrolled to position x = 0, y = 750

27-02-2024T13:49:20 - [MESSAGE][PASSED] - Browser is scrolled to position x = 0, y = 750

27-02-2024T13:49:20 - [TEST_STEP][PASSED] - delay(3): Delayed 3 second(s)

27-02-2024T13:49:23 - [MESSAGE][PASSED] - Delayed 3 second(s)

27-02-2024T13:49:23 - [TEST_STEP][PASSED] - scrollToPosition(0, 1000): Browser is scrolled to position x = 0, y = 1000

27-02-2024T13:49:23 - [MESSAGE][PASSED] - Browser is scrolled to position x = 0, y = 1000

27-02-2024T13:49:23 - [TEST_STEP][PASSED] - delay(3): Delayed 3 second(s)

27-02-2024T13:49:26 - [MESSAGE][PASSED] - Delayed 3 second(s)

27-02-2024T13:49:26 - [TEST_STEP][PASSED] - scrollToPosition(0, 0): Browser is scrolled to position x = 0, y = 0

27-02-2024T13:49:26 - [MESSAGE][PASSED] - Browser is scrolled to position x = 0, y = 0

27-02-2024T13:49:26 - [TEST_STEP][PASSED] - delay(3): Delayed 3 second(s)

27-02-2024T13:49:29 - [MESSAGE][PASSED] - Delayed 3 second(s)

27-02-2024T13:49:29 - [TEST_STEP][PASSED] - providerwindow = getWindowTitle(): Current window's title is: 'Haboom - Best Online Casino Games for Real Money'

27-02-2024T13:49:29 - [MESSAGE][PASSED] - Current window's title is: 'Haboom - Best Online Casino Games for Real Money'

27-02-2024T13:49:29 - [TEST_STEP][PASSED] - allgames = getWebDriver().findElements(By.xpath("//div[@class='tile-container' and @bis_skin_checked='1']")): null

27-02-2024T13:49:29 - [TEST_STEP][PASSED] - println(allgames.size()): null

27-02-2024T13:49:29 - [TEST_STEP][INCOMPLETE] - for ([j = 0, j < allgames.size(), (j++)]): null

27-02-2024T13:49:29 - [TEST_STEP][PASSED] - println(j): null

27-02-2024T13:49:29 - [TEST_STEP][PASSED] - playgame = allgames.get(j): null

27-02-2024T13:49:29 - [TEST_STEP][PASSED] - Object = convertWebElementToTestObject(playgame): null

27-02-2024T13:49:29 - [TEST_STEP][PASSED] - mouseOver(Object): Object: '' is hovered

27-02-2024T13:49:29 - [MESSAGE][PASSED] - Object: '' is hovered

27-02-2024T13:49:29 - [TEST_STEP][PASSED] - playgame.click(): null

27-02-2024T13:49:29 - [TEST_STEP][PASSED] - delay(2): Delayed 2 second(s)

27-02-2024T13:49:31 - [MESSAGE][PASSED] - Delayed 2 second(s)

27-02-2024T13:49:31 - [TEST_STEP][PASSED] - title = getUrl(): Current window's url is: 'https://haboom.com/d/casino/casino'

27-02-2024T13:49:31 - [MESSAGE][PASSED] - Current window's url is: 'https://haboom.com/d/casino/casino'

27-02-2024T13:49:31 - [TEST_STEP][PASSED] - if (title.contains("notavailable")): null

27-02-2024T13:49:31 - [TEST_STEP][PASSED] - switchToWindowIndex(1): Switched to window with index: '1'

27-02-2024T13:49:31 - [MESSAGE][PASSED] - Switched to window with index: '1'

27-02-2024T13:49:31 - [TEST_STEP][PASSED] - closeWindowIndex(1): Window with index 1 is closed

27-02-2024T13:49:31 - [MESSAGE][PASSED] - Window with index 1 is closed

27-02-2024T13:49:31 - [TEST_STEP][PASSED] - switchToWindowIndex(0): Switched to window with index: '0'

27-02-2024T13:49:31 - [MESSAGE][PASSED] - Switched to window with index: '0'

27-02-2024T13:49:31 - [TEST_STEP][PASSED] - delay(2): Delayed 2 second(s)

27-02-2024T13:49:33 - [MESSAGE][PASSED] - Delayed 2 second(s)

27-02-2024T13:49:33 - [TEST_STEP][PASSED] - println(j): null

27-02-2024T13:49:33 - [TEST_STEP][PASSED] - playgame = allgames.get(j): null

27-02-2024T13:49:33 - [TEST_STEP][PASSED] - Object = convertWebElementToTestObject(playgame): null

27-02-2024T13:49:33 - [TEST_STEP][PASSED] - mouseOver(Object): Object: '' is hovered

27-02-2024T13:49:34 - [MESSAGE][PASSED] - Object: '' is hovered

27-02-2024T13:49:34 - [TEST_STEP][PASSED] - playgame.click(): null

27-02-2024T13:49:34 - [TEST_STEP][PASSED] - delay(2): Delayed 2 second(s)

27-02-2024T13:49:36 - [MESSAGE][PASSED] - Delayed 2 second(s)

27-02-2024T13:49:36 - [TEST_STEP][PASSED] - title = getUrl(): Current window's url is: 'https://haboom.com/d/casino/casino'

27-02-2024T13:49:36 - [MESSAGE][PASSED] - Current window's url is: 'https://haboom.com/d/casino/casino'

27-02-2024T13:49:36 - [TEST_STEP][PASSED] - if (title.contains("notavailable")): null

27-02-2024T13:49:36 - [TEST_STEP][PASSED] - switchToWindowIndex(1): Switched to window with index: '1'

27-02-2024T13:49:36 - [MESSAGE][PASSED] - Switched to window with index: '1'

27-02-2024T13:49:36 - [TEST_STEP][PASSED] - closeWindowIndex(1): Window with index 1 is closed

27-02-2024T13:49:36 - [MESSAGE][PASSED] - Window with index 1 is closed

27-02-2024T13:49:36 - [TEST_STEP][PASSED] - switchToWindowIndex(0): Switched to window with index: '0'

27-02-2024T13:49:36 - [MESSAGE][PASSED] - Switched to window with index: '0'

27-02-2024T13:49:36 - [TEST_STEP][PASSED] - delay(2): Delayed 2 second(s)

27-02-2024T13:49:38 - [MESSAGE][PASSED] - Delayed 2 second(s)

27-02-2024T13:49:38 - [TEST_STEP][PASSED] - println(j): null

27-02-2024T13:49:38 - [TEST_STEP][PASSED] - playgame = allgames.get(j): null

27-02-2024T13:49:38 - [TEST_STEP][PASSED] - Object = convertWebElementToTestObject(playgame): null

27-02-2024T13:49:38 - [TEST_STEP][PASSED] - mouseOver(Object): Object: '' is hovered

27-02-2024T13:49:38 - [MESSAGE][PASSED] - Object: '' is hovered

27-02-2024T13:49:38 - [TEST_STEP][PASSED] - playgame.click(): null

27-02-2024T13:49:38 - [TEST_STEP][PASSED] - delay(2): Delayed 2 second(s)

27-02-2024T13:49:40 - [MESSAGE][PASSED] - Delayed 2 second(s)

27-02-2024T13:49:40 - [TEST_STEP][PASSED] - title = getUrl(): Current window's url is: 'https://haboom.com/d/casino/casino'

27-02-2024T13:49:40 - [MESSAGE][PASSED] - Current window's url is: 'https://haboom.com/d/casino/casino'

27-02-2024T13:49:40 - [TEST_STEP][PASSED] - if (title.contains("notavailable")): null

27-02-2024T13:49:40 - [TEST_STEP][PASSED] - switchToWindowIndex(1): Switched to window with index: '1'

27-02-2024T13:49:40 - [MESSAGE][PASSED] - Switched to window with index: '1'

27-02-2024T13:49:40 - [TEST_STEP][PASSED] - closeWindowIndex(1): Window with index 1 is closed

27-02-2024T13:49:40 - [MESSAGE][PASSED] - Window with index 1 is closed

27-02-2024T13:49:40 - [TEST_STEP][PASSED] - switchToWindowIndex(0): Switched to window with index: '0'

27-02-2024T13:49:40 - [MESSAGE][PASSED] - Switched to window with index: '0'

27-02-2024T13:49:40 - [TEST_STEP][PASSED] - delay(2): Delayed 2 second(s)

27-02-2024T13:49:42 - [MESSAGE][PASSED] - Delayed 2 second(s)

27-02-2024T13:49:42 - [TEST_STEP][PASSED] - println(j): null

27-02-2024T13:49:42 - [TEST_STEP][PASSED] - playgame = allgames.get(j): null

27-02-2024T13:49:42 - [TEST_STEP][PASSED] - Object = convertWebElementToTestObject(playgame): null

27-02-2024T13:49:42 - [TEST_STEP][PASSED] - mouseOver(Object): Object: '' is hovered

27-02-2024T13:49:42 - [MESSAGE][PASSED] - Object: '' is hovered

27-02-2024T13:49:42 - [TEST_STEP][PASSED] - playgame.click(): null

27-02-2024T13:49:42 - [TEST_STEP][PASSED] - delay(2): Delayed 2 second(s)

27-02-2024T13:49:44 - [MESSAGE][PASSED] - Delayed 2 second(s)

27-02-2024T13:49:44 - [TEST_STEP][PASSED] - title = getUrl(): Current window's url is: 'https://haboom.com/d/casino/casino'

27-02-2024T13:49:44 - [MESSAGE][PASSED] - Current window's url is: 'https://haboom.com/d/casino/casino'

27-02-2024T13:49:44 - [TEST_STEP][PASSED] - if (title.contains("notavailable")): null

27-02-2024T13:49:44 - [TEST_STEP][PASSED] - switchToWindowIndex(1): Switched to window with index: '1'

27-02-2024T13:49:44 - [MESSAGE][PASSED] - Switched to window with index: '1'

27-02-2024T13:49:44 - [TEST_STEP][PASSED] - closeWindowIndex(1): Window with index 1 is closed

27-02-2024T13:49:45 - [MESSAGE][PASSED] - Window with index 1 is closed

27-02-2024T13:49:45 - [TEST_STEP][PASSED] - switchToWindowIndex(0): Switched to window with index: '0'

27-02-2024T13:49:45 - [MESSAGE][PASSED] - Switched to window with index: '0'

27-02-2024T13:49:45 - [TEST_STEP][PASSED] - delay(2): Delayed 2 second(s)

27-02-2024T13:49:47 - [MESSAGE][PASSED] - Delayed 2 second(s)

27-02-2024T13:49:47 - [TEST_STEP][PASSED] - println(j): null

27-02-2024T13:49:47 - [TEST_STEP][PASSED] - playgame = allgames.get(j): null

27-02-2024T13:49:47 - [TEST_STEP][PASSED] - Object = convertWebElementToTestObject(playgame): null

27-02-2024T13:49:47 - [TEST_STEP][PASSED] - mouseOver(Object): Object: '' is hovered

27-02-2024T13:49:47 - [MESSAGE][PASSED] - Object: '' is hovered

27-02-2024T13:49:47 - [TEST_STEP][PASSED] - playgame.click(): null

27-02-2024T13:49:47 - [TEST_STEP][PASSED] - delay(2): Delayed 2 second(s)

27-02-2024T13:49:49 - [MESSAGE][PASSED] - Delayed 2 second(s)

27-02-2024T13:49:49 - [TEST_STEP][PASSED] - title = getUrl(): Current window's url is: 'https://haboom.com/d/casino/casino'

27-02-2024T13:49:49 - [MESSAGE][PASSED] - Current window's url is: 'https://haboom.com/d/casino/casino'

27-02-2024T13:49:49 - [TEST_STEP][PASSED] - if (title.contains("notavailable")): null

27-02-2024T13:49:49 - [TEST_STEP][PASSED] - switchToWindowIndex(1): Switched to window with index: '1'

27-02-2024T13:49:49 - [MESSAGE][PASSED] - Switched to window with index: '1'

27-02-2024T13:49:49 - [TEST_STEP][PASSED] - closeWindowIndex(1): Window with index 1 is closed

27-02-2024T13:49:49 - [MESSAGE][PASSED] - Window with index 1 is closed

27-02-2024T13:49:49 - [TEST_STEP][PASSED] - switchToWindowIndex(0): Switched to window with index: '0'

27-02-2024T13:49:49 - [MESSAGE][PASSED] - Switched to window with index: '0'

27-02-2024T13:49:49 - [TEST_STEP][PASSED] - delay(2): Delayed 2 second(s)

27-02-2024T13:49:51 - [MESSAGE][PASSED] - Delayed 2 second(s)

27-02-2024T13:49:51 - [TEST_STEP][PASSED] - println(j): null

27-02-2024T13:49:51 - [TEST_STEP][PASSED] - playgame = allgames.get(j): null

27-02-2024T13:49:51 - [TEST_STEP][PASSED] - Object = convertWebElementToTestObject(playgame): null

27-02-2024T13:49:51 - [TEST_STEP][PASSED] - mouseOver(Object): Object: '' is hovered

27-02-2024T13:49:51 - [MESSAGE][PASSED] - Object: '' is hovered

27-02-2024T13:49:51 - [TEST_STEP][PASSED] - playgame.click(): null

27-02-2024T13:49:51 - [TEST_STEP][PASSED] - delay(2): Delayed 2 second(s)

27-02-2024T13:49:53 - [MESSAGE][PASSED] - Delayed 2 second(s)

27-02-2024T13:49:53 - [TEST_STEP][PASSED] - title = getUrl(): Current window's url is: 'https://haboom.com/d/casino/casino'

27-02-2024T13:49:53 - [MESSAGE][PASSED] - Current window's url is: 'https://haboom.com/d/casino/casino'

27-02-2024T13:49:53 - [TEST_STEP][PASSED] - if (title.contains("notavailable")): null

27-02-2024T13:49:53 - [TEST_STEP][PASSED] - switchToWindowIndex(1): Switched to window with index: '1'

27-02-2024T13:49:53 - [MESSAGE][PASSED] - Switched to window with index: '1'

27-02-2024T13:49:53 - [TEST_STEP][PASSED] - closeWindowIndex(1): Window with index 1 is closed

27-02-2024T13:49:53 - [MESSAGE][PASSED] - Window with index 1 is closed

27-02-2024T13:49:53 - [TEST_STEP][PASSED] - switchToWindowIndex(0): Switched to window with index: '0'

27-02-2024T13:49:53 - [MESSAGE][PASSED] - Switched to window with index: '0'

27-02-2024T13:49:53 - [TEST_STEP][PASSED] - delay(2): Delayed 2 second(s)

27-02-2024T13:49:55 - [MESSAGE][PASSED] - Delayed 2 second(s)

27-02-2024T13:49:55 - [TEST_STEP][PASSED] - println(j): null

27-02-2024T13:49:55 - [TEST_STEP][PASSED] - playgame = allgames.get(j): null

27-02-2024T13:49:55 - [TEST_STEP][PASSED] - Object = convertWebElementToTestObject(playgame): null

27-02-2024T13:49:55 - [TEST_STEP][PASSED] - mouseOver(Object): Object: '' is hovered

27-02-2024T13:49:56 - [MESSAGE][PASSED] - Object: '' is hovered

27-02-2024T13:49:56 - [TEST_STEP][PASSED] - playgame.click(): null

27-02-2024T13:49:56 - [TEST_STEP][PASSED] - delay(2): Delayed 2 second(s)

27-02-2024T13:49:58 - [MESSAGE][PASSED] - Delayed 2 second(s)

27-02-2024T13:49:58 - [TEST_STEP][PASSED] - title = getUrl(): Current window's url is: 'https://haboom.com/d/casino/casino'

27-02-2024T13:49:58 - [MESSAGE][PASSED] - Current window's url is: 'https://haboom.com/d/casino/casino'

27-02-2024T13:49:58 - [TEST_STEP][PASSED] - if (title.contains("notavailable")): null

27-02-2024T13:49:58 - [TEST_STEP][PASSED] - switchToWindowIndex(1): Switched to window with index: '1'

27-02-2024T13:49:58 - [MESSAGE][PASSED] - Switched to window with index: '1'

27-02-2024T13:49:58 - [TEST_STEP][PASSED] - closeWindowIndex(1): Window with index 1 is closed

27-02-2024T13:49:58 - [MESSAGE][PASSED] - Window with index 1 is closed

27-02-2024T13:49:58 - [TEST_STEP][PASSED] - switchToWindowIndex(0): Switched to window with index: '0'

27-02-2024T13:49:58 - [MESSAGE][PASSED] - Switched to window with index: '0'

27-02-2024T13:49:58 - [TEST_STEP][PASSED] - delay(2): Delayed 2 second(s)

27-02-2024T13:50:00 - [MESSAGE][PASSED] - Delayed 2 second(s)

27-02-2024T13:50:00 - [TEST_STEP][PASSED] - println(j): null

27-02-2024T13:50:00 - [TEST_STEP][PASSED] - playgame = allgames.get(j): null

27-02-2024T13:50:00 - [TEST_STEP][PASSED] - Object = convertWebElementToTestObject(playgame): null

27-02-2024T13:50:00 - [TEST_STEP][PASSED] - mouseOver(Object): Object: '' is hovered

27-02-2024T13:50:00 - [MESSAGE][PASSED] - Object: '' is hovered

27-02-2024T13:50:00 - [TEST_STEP][PASSED] - playgame.click(): null

27-02-2024T13:50:00 - [TEST_STEP][PASSED] - delay(2): Delayed 2 second(s)

27-02-2024T13:50:02 - [MESSAGE][PASSED] - Delayed 2 second(s)

27-02-2024T13:50:02 - [TEST_STEP][PASSED] - title = getUrl(): Current window's url is: 'https://haboom.com/d/casino/casino'

27-02-2024T13:50:02 - [MESSAGE][PASSED] - Current window's url is: 'https://haboom.com/d/casino/casino'

27-02-2024T13:50:02 - [TEST_STEP][PASSED] - if (title.contains("notavailable")): null

27-02-2024T13:50:02 - [TEST_STEP][PASSED] - switchToWindowIndex(1): Switched to window with index: '1'

27-02-2024T13:50:02 - [MESSAGE][PASSED] - Switched to window with index: '1'

27-02-2024T13:50:02 - [TEST_STEP][PASSED] - closeWindowIndex(1): Window with index 1 is closed

27-02-2024T13:50:02 - [MESSAGE][PASSED] - Window with index 1 is closed

27-02-2024T13:50:02 - [TEST_STEP][PASSED] - switchToWindowIndex(0): Switched to window with index: '0'

27-02-2024T13:50:02 - [MESSAGE][PASSED] - Switched to window with index: '0'

27-02-2024T13:50:02 - [TEST_STEP][PASSED] - delay(2): Delayed 2 second(s)

27-02-2024T13:50:04 - [MESSAGE][PASSED] - Delayed 2 second(s)

27-02-2024T13:50:04 - [TEST_STEP][PASSED] - println(j): null

27-02-2024T13:50:04 - [TEST_STEP][PASSED] - playgame = allgames.get(j): null

27-02-2024T13:50:04 - [TEST_STEP][PASSED] - Object = convertWebElementToTestObject(playgame): null

27-02-2024T13:50:04 - [TEST_STEP][PASSED] - mouseOver(Object): Object: '' is hovered

27-02-2024T13:50:04 - [MESSAGE][PASSED] - Object: '' is hovered

27-02-2024T13:50:04 - [TEST_STEP][PASSED] - playgame.click(): null

27-02-2024T13:50:04 - [TEST_STEP][PASSED] - delay(2): Delayed 2 second(s)

27-02-2024T13:50:06 - [MESSAGE][PASSED] - Delayed 2 second(s)

27-02-2024T13:50:06 - [TEST_STEP][PASSED] - title = getUrl(): Current window's url is: 'https://haboom.com/d/casino/casino'

27-02-2024T13:50:06 - [MESSAGE][PASSED] - Current window's url is: 'https://haboom.com/d/casino/casino'

27-02-2024T13:50:06 - [TEST_STEP][PASSED] - if (title.contains("notavailable")): null

27-02-2024T13:50:06 - [TEST_STEP][PASSED] - switchToWindowIndex(1): Switched to window with index: '1'

27-02-2024T13:50:06 - [MESSAGE][PASSED] - Switched to window with index: '1'

27-02-2024T13:50:06 - [TEST_STEP][PASSED] - closeWindowIndex(1): Window with index 1 is closed

27-02-2024T13:50:06 - [MESSAGE][PASSED] - Window with index 1 is closed

27-02-2024T13:50:06 - [TEST_STEP][PASSED] - switchToWindowIndex(0): Switched to window with index: '0'

27-02-2024T13:50:07 - [MESSAGE][PASSED] - Switched to window with index: '0'

27-02-2024T13:50:07 - [TEST_STEP][PASSED] - delay(2): Delayed 2 second(s)

27-02-2024T13:50:09 - [MESSAGE][PASSED] - Delayed 2 second(s)

27-02-2024T13:50:09 - [TEST_STEP][PASSED] - println(j): null

27-02-2024T13:50:09 - [TEST_STEP][PASSED] - playgame = allgames.get(j): null

27-02-2024T13:50:09 - [TEST_STEP][PASSED] - Object = convertWebElementToTestObject(playgame): null

27-02-2024T13:50:09 - [TEST_STEP][PASSED] - mouseOver(Object): Object: '' is hovered

27-02-2024T13:50:09 - [MESSAGE][PASSED] - Object: '' is hovered

27-02-2024T13:50:09 - [TEST_STEP][PASSED] - playgame.click(): null

27-02-2024T13:50:09 - [TEST_STEP][PASSED] - delay(2): Delayed 2 second(s)

27-02-2024T13:50:11 - [MESSAGE][PASSED] - Delayed 2 second(s)

27-02-2024T13:50:11 - [TEST_STEP][PASSED] - title = getUrl(): Current window's url is: 'https://haboom.com/d/casino/casino'

27-02-2024T13:50:11 - [MESSAGE][PASSED] - Current window's url is: 'https://haboom.com/d/casino/casino'

27-02-2024T13:50:11 - [TEST_STEP][PASSED] - if (title.contains("notavailable")): null

27-02-2024T13:50:11 - [TEST_STEP][PASSED] - switchToWindowIndex(1): Switched to window with index: '1'

27-02-2024T13:50:11 - [MESSAGE][PASSED] - Switched to window with index: '1'

27-02-2024T13:50:11 - [TEST_STEP][PASSED] - closeWindowIndex(1): Window with index 1 is closed

27-02-2024T13:50:11 - [MESSAGE][PASSED] - Window with index 1 is closed

27-02-2024T13:50:11 - [TEST_STEP][PASSED] - switchToWindowIndex(0): Switched to window with index: '0'

27-02-2024T13:50:11 - [MESSAGE][PASSED] - Switched to window with index: '0'

27-02-2024T13:50:11 - [TEST_STEP][PASSED] - delay(2): Delayed 2 second(s)

27-02-2024T13:50:13 - [MESSAGE][PASSED] - Delayed 2 second(s)

27-02-2024T13:50:13 - [TEST_STEP][PASSED] - println(j): null

27-02-2024T13:50:13 - [TEST_STEP][PASSED] - playgame = allgames.get(j): null

27-02-2024T13:50:13 - [TEST_STEP][PASSED] - Object = convertWebElementToTestObject(playgame): null

27-02-2024T13:50:13 - [TEST_STEP][PASSED] - mouseOver(Object): Object: '' is hovered

27-02-2024T13:50:13 - [MESSAGE][PASSED] - Object: '' is hovered

27-02-2024T13:50:13 - [TEST_STEP][PASSED] - playgame.click(): null

27-02-2024T13:50:13 - [TEST_STEP][PASSED] - delay(2): Delayed 2 second(s)

27-02-2024T13:50:15 - [MESSAGE][PASSED] - Delayed 2 second(s)

27-02-2024T13:50:15 - [TEST_STEP][PASSED] - title = getUrl(): Current window's url is: 'https://haboom.com/d/casino/casino'

27-02-2024T13:50:15 - [MESSAGE][PASSED] - Current window's url is: 'https://haboom.com/d/casino/casino'

27-02-2024T13:50:15 - [TEST_STEP][PASSED] - if (title.contains("notavailable")): null

27-02-2024T13:50:15 - [TEST_STEP][PASSED] - switchToWindowIndex(1): Switched to window with index: '1'

27-02-2024T13:50:15 - [MESSAGE][PASSED] - Switched to window with index: '1'

27-02-2024T13:50:15 - [TEST_STEP][PASSED] - closeWindowIndex(1): Window with index 1 is closed

27-02-2024T13:50:15 - [MESSAGE][PASSED] - Window with index 1 is closed

27-02-2024T13:50:15 - [TEST_STEP][PASSED] - switchToWindowIndex(0): Switched to window with index: '0'

27-02-2024T13:50:15 - [MESSAGE][PASSED] - Switched to window with index: '0'

27-02-2024T13:50:15 - [TEST_STEP][INCOMPLETE] - delay(2): null]]></system-out>
         <system-err><![CDATA[27-02-2024T13:48:56 - [TEST_CASE][INCOMPLETE] - Test Cases/Casino/Open game successful: null]]></system-err>
      </testcase>
      <system-out><![CDATA[27-02-2024T13:48:55 - [TEST_SUITE][INCOMPLETE] - Casino: null]]></system-out>
      <system-err><![CDATA[27-02-2024T13:48:55 - [TEST_SUITE][INCOMPLETE] - Casino: null]]></system-err>
   </testsuite>
</testsuites>
