<?xml version="1.0" encoding="UTF-8"?>
<testsuites name="Casino" time="86.061" tests="1" failures="0" errors="0">
   <testsuite name="Casino" tests="1" failures="0" errors="0" time="86.061" skipped="0" timestamp="27-02-2024T14:31:05" hostname="M Gokul Jayanth - LAPTOP-QCN9K3GM" id="Test Suites/Casino">
      <properties>
         <property name="deviceName" value=""/>
         <property name="devicePlatform" value=""/>
         <property name="logFolder" value="C:\\Users\\M Gokul Jayanth\\git\\KatalonAutomation\\HaboomWBT\\Reports\\20240227_143103\\Casino\\20240227_143103"/>
         <property name="logFiles" value="C:\\Users\\M Gokul Jayanth\\git\\KatalonAutomation\\HaboomWBT\\Reports\\20240227_143103\\Casino\\20240227_143103\\execution0.log"/>
         <property name="attachments" value=""/>
         <property name="hostName" value="M Gokul Jayanth - LAPTOP-QCN9K3GM"/>
         <property name="os" value="Windows 11 64bit"/>
         <property name="katalonVersion" value="9.3.0.212"/>
         <property name="browser" value="Chrome 121.0.0.0"/>
         <property name="hostAddress" value="192.168.50.148"/>
         <property name="sessionId" value="566ef4a998076c7795ebf33a270a6b3f"/>
         <property name="seleniumVersion" value="3.141.59"/>
         <property name="proxyInformation" value="ProxyInformation { proxyOption=NO_PROXY, proxyServerType=HTTP, username=, password=********, proxyServerAddress=, proxyServerPort=0, executionList=&quot;&quot;, isApplyToDesiredCapabilities=true }"/>
         <property name="platform" value="Windows 11"/>
      </properties>
      <testcase name="Test Cases/Casino/Open game successful" time="85.932" classname="Test Cases/Casino/Open game successful" status="INCOMPLETE">
         <system-out><![CDATA[27-02-2024T14:31:05 - [TEST_CASE][INCOMPLETE] - Test Cases/Casino/Open game successful: null

27-02-2024T14:31:05 - [TEST_STEP][PASSED] - Start setup action : setupTestCase: Method 'setupTestCase' complete successfully

27-02-2024T14:31:05 - [TEST_STEP][PASSED] - openBrowser(""): Browser is opened with url: ''

27-02-2024T14:31:05 - [MESSAGE][INFO] - Starting 'Chrome' driver

27-02-2024T14:31:05 - [MESSAGE][INFO] - Action delay is set to 0 milliseconds

27-02-2024T14:31:06 - [MESSAGE][PASSED] - Browser is opened with url: ''

27-02-2024T14:31:06 - [TEST_STEP][PASSED] - navigateToUrl("https://haboom.com/"): Navigate to 'https://haboom.com/' successfully

27-02-2024T14:31:12 - [MESSAGE][PASSED] - Navigate to 'https://haboom.com/' successfully

27-02-2024T14:31:12 - [TEST_STEP][PASSED] - maximizeWindow(): Current window maximized

27-02-2024T14:31:12 - [MESSAGE][PASSED] - Current window maximized

27-02-2024T14:31:12 - [TEST_STEP][PASSED] - setText(findTestObject("Object Repository/Login Page/Login email field"), "MartinGarrix"): Text 'MartinGarrix' is set on object 'Object Repository/Login Page/Login email field'

27-02-2024T14:31:14 - [MESSAGE][PASSED] - Text 'MartinGarrix' is set on object 'Object Repository/Login Page/Login email field'

27-02-2024T14:31:14 - [TEST_STEP][PASSED] - setText(findTestObject("Object Repository/Login Page/Login Password"), "Test@1234"): Text 'Test@1234' is set on object 'Object Repository/Login Page/Login Password'

27-02-2024T14:31:16 - [MESSAGE][PASSED] - Text 'Test@1234' is set on object 'Object Repository/Login Page/Login Password'

27-02-2024T14:31:16 - [TEST_STEP][PASSED] - click(findTestObject("Object Repository/Login Page/login button")): Object: 'Object Repository/Login Page/login button' is clicked on

27-02-2024T14:31:16 - [MESSAGE][PASSED] - Object: 'Object Repository/Login Page/login button' is clicked on

27-02-2024T14:31:16 - [TEST_STEP][PASSED] - verifyElementText(findTestObject("Object Repository/Login Page/My Account"), "My Account"): Actual text and expected text of test object 'Object Repository/Login Page/My Account' are matched.

27-02-2024T14:31:19 - [MESSAGE][PASSED] - Actual text and expected text of test object 'Object Repository/Login Page/My Account' are matched.

27-02-2024T14:31:19 - [MESSAGE][PASSED] - Method 'setupTestCase' complete successfully

27-02-2024T14:31:19 - [TEST_STEP][PASSED] - click(findTestObject("Object Repository/Casino Page/CasinoMenu")): Object: 'Object Repository/Casino Page/CasinoMenu' is clicked on

27-02-2024T14:31:21 - [MESSAGE][PASSED] - Object: 'Object Repository/Casino Page/CasinoMenu' is clicked on

27-02-2024T14:31:21 - [TEST_STEP][PASSED] - provider = getWebDriver().findElements(By.xpath("//input[@name='provider_list']")): null

27-02-2024T14:31:22 - [TEST_STEP][PASSED] - println(provider.size()): null

27-02-2024T14:31:22 - [TEST_STEP][INCOMPLETE] - for ([i = 20, i < provider.size(), (i++)]): null

27-02-2024T14:31:22 - [TEST_STEP][PASSED] - currentElement = provider.get(i): null

27-02-2024T14:31:22 - [TEST_STEP][PASSED] - currentElement.click(): null

27-02-2024T14:31:22 - [TEST_STEP][PASSED] - scrollToPosition(0, 250): Browser is scrolled to position x = 0, y = 250

27-02-2024T14:31:22 - [MESSAGE][PASSED] - Browser is scrolled to position x = 0, y = 250

27-02-2024T14:31:22 - [TEST_STEP][PASSED] - delay(5): Delayed 5 second(s)

27-02-2024T14:31:27 - [MESSAGE][PASSED] - Delayed 5 second(s)

27-02-2024T14:31:27 - [TEST_STEP][PASSED] - scrollToPosition(0, 500): Browser is scrolled to position x = 0, y = 500

27-02-2024T14:31:27 - [MESSAGE][PASSED] - Browser is scrolled to position x = 0, y = 500

27-02-2024T14:31:27 - [TEST_STEP][PASSED] - delay(5): Delayed 5 second(s)

27-02-2024T14:31:32 - [MESSAGE][PASSED] - Delayed 5 second(s)

27-02-2024T14:31:32 - [TEST_STEP][PASSED] - scrollToPosition(0, 750): Browser is scrolled to position x = 0, y = 750

27-02-2024T14:31:32 - [MESSAGE][PASSED] - Browser is scrolled to position x = 0, y = 750

27-02-2024T14:31:32 - [TEST_STEP][PASSED] - delay(5): Delayed 5 second(s)

27-02-2024T14:31:37 - [MESSAGE][PASSED] - Delayed 5 second(s)

27-02-2024T14:31:37 - [TEST_STEP][PASSED] - scrollToPosition(0, 1000): Browser is scrolled to position x = 0, y = 1000

27-02-2024T14:31:37 - [MESSAGE][PASSED] - Browser is scrolled to position x = 0, y = 1000

27-02-2024T14:31:37 - [TEST_STEP][PASSED] - delay(5): Delayed 5 second(s)

27-02-2024T14:31:42 - [MESSAGE][PASSED] - Delayed 5 second(s)

27-02-2024T14:31:42 - [TEST_STEP][PASSED] - scrollToPosition(0, 1250): Browser is scrolled to position x = 0, y = 1250

27-02-2024T14:31:42 - [MESSAGE][PASSED] - Browser is scrolled to position x = 0, y = 1250

27-02-2024T14:31:42 - [TEST_STEP][PASSED] - delay(5): Delayed 5 second(s)

27-02-2024T14:31:47 - [MESSAGE][PASSED] - Delayed 5 second(s)

27-02-2024T14:31:47 - [TEST_STEP][PASSED] - scrollToPosition(0, 1500): Browser is scrolled to position x = 0, y = 1500

27-02-2024T14:31:47 - [MESSAGE][PASSED] - Browser is scrolled to position x = 0, y = 1500

27-02-2024T14:31:47 - [TEST_STEP][PASSED] - delay(5): Delayed 5 second(s)

27-02-2024T14:31:52 - [MESSAGE][PASSED] - Delayed 5 second(s)

27-02-2024T14:31:52 - [TEST_STEP][PASSED] - scrollToPosition(0, 0): Browser is scrolled to position x = 0, y = 0

27-02-2024T14:31:52 - [MESSAGE][PASSED] - Browser is scrolled to position x = 0, y = 0

27-02-2024T14:31:52 - [TEST_STEP][PASSED] - delay(10): Delayed 10 second(s)

27-02-2024T14:32:02 - [MESSAGE][PASSED] - Delayed 10 second(s)

27-02-2024T14:32:02 - [TEST_STEP][PASSED] - providerwindow = getWindowTitle(): Current window's title is: 'Haboom - Best Online Casino Games for Real Money'

27-02-2024T14:32:02 - [MESSAGE][PASSED] - Current window's title is: 'Haboom - Best Online Casino Games for Real Money'

27-02-2024T14:32:02 - [TEST_STEP][PASSED] - allgames = getWebDriver().findElements(By.xpath("//div[@class='tile-container' and @bis_skin_checked='1']")): null

27-02-2024T14:32:02 - [TEST_STEP][PASSED] - println(allgames.size()): null

27-02-2024T14:32:02 - [TEST_STEP][INCOMPLETE] - for ([j = 0, j < allgames.size(), (j++)]): null

27-02-2024T14:32:02 - [TEST_STEP][PASSED] - println(j): null

27-02-2024T14:32:02 - [TEST_STEP][PASSED] - playgame = allgames.get(j): null

27-02-2024T14:32:02 - [TEST_STEP][PASSED] - Object = convertWebElementToTestObject(playgame): null

27-02-2024T14:32:02 - [TEST_STEP][PASSED] - scrollToElement(Object, 10): Scroll to object '' successfully

27-02-2024T14:32:02 - [MESSAGE][PASSED] - Scroll to object '' successfully

27-02-2024T14:32:02 - [TEST_STEP][PASSED] - mouseOver(Object): Object: '' is hovered

27-02-2024T14:32:03 - [MESSAGE][PASSED] - Object: '' is hovered

27-02-2024T14:32:03 - [TEST_STEP][PASSED] - playgame.click(): null

27-02-2024T14:32:03 - [TEST_STEP][PASSED] - delay(2): Delayed 2 second(s)

27-02-2024T14:32:05 - [MESSAGE][PASSED] - Delayed 2 second(s)

27-02-2024T14:32:05 - [TEST_STEP][PASSED] - title = getUrl(): Current window's url is: 'https://haboom.com/d/casino/casino'

27-02-2024T14:32:05 - [MESSAGE][PASSED] - Current window's url is: 'https://haboom.com/d/casino/casino'

27-02-2024T14:32:05 - [TEST_STEP][PASSED] - if (title.contains("notavailable")): null

27-02-2024T14:32:05 - [TEST_STEP][PASSED] - switchToWindowIndex(1): Switched to window with index: '1'

27-02-2024T14:32:05 - [MESSAGE][PASSED] - Switched to window with index: '1'

27-02-2024T14:32:05 - [TEST_STEP][PASSED] - closeWindowIndex(1): Window with index 1 is closed

27-02-2024T14:32:05 - [MESSAGE][PASSED] - Window with index 1 is closed

27-02-2024T14:32:05 - [TEST_STEP][PASSED] - switchToWindowIndex(0): Switched to window with index: '0'

27-02-2024T14:32:05 - [MESSAGE][PASSED] - Switched to window with index: '0'

27-02-2024T14:32:05 - [TEST_STEP][PASSED] - delay(2): Delayed 2 second(s)

27-02-2024T14:32:07 - [MESSAGE][PASSED] - Delayed 2 second(s)

27-02-2024T14:32:07 - [TEST_STEP][PASSED] - println(j): null

27-02-2024T14:32:07 - [TEST_STEP][PASSED] - playgame = allgames.get(j): null

27-02-2024T14:32:07 - [TEST_STEP][PASSED] - Object = convertWebElementToTestObject(playgame): null

27-02-2024T14:32:07 - [TEST_STEP][PASSED] - scrollToElement(Object, 10): Scroll to object '' successfully

27-02-2024T14:32:07 - [MESSAGE][PASSED] - Scroll to object '' successfully

27-02-2024T14:32:07 - [TEST_STEP][PASSED] - mouseOver(Object): Object: '' is hovered

27-02-2024T14:32:07 - [MESSAGE][PASSED] - Object: '' is hovered

27-02-2024T14:32:07 - [TEST_STEP][PASSED] - playgame.click(): null

27-02-2024T14:32:07 - [TEST_STEP][PASSED] - delay(2): Delayed 2 second(s)

27-02-2024T14:32:09 - [MESSAGE][PASSED] - Delayed 2 second(s)

27-02-2024T14:32:09 - [TEST_STEP][PASSED] - title = getUrl(): Current window's url is: 'https://haboom.com/d/casino/casino'

27-02-2024T14:32:09 - [MESSAGE][PASSED] - Current window's url is: 'https://haboom.com/d/casino/casino'

27-02-2024T14:32:09 - [TEST_STEP][PASSED] - if (title.contains("notavailable")): null

27-02-2024T14:32:09 - [TEST_STEP][PASSED] - switchToWindowIndex(1): Switched to window with index: '1'

27-02-2024T14:32:09 - [MESSAGE][PASSED] - Switched to window with index: '1'

27-02-2024T14:32:09 - [TEST_STEP][PASSED] - closeWindowIndex(1): Window with index 1 is closed

27-02-2024T14:32:09 - [MESSAGE][PASSED] - Window with index 1 is closed

27-02-2024T14:32:09 - [TEST_STEP][PASSED] - switchToWindowIndex(0): Switched to window with index: '0'

27-02-2024T14:32:09 - [MESSAGE][PASSED] - Switched to window with index: '0'

27-02-2024T14:32:09 - [TEST_STEP][PASSED] - delay(2): Delayed 2 second(s)

27-02-2024T14:32:11 - [MESSAGE][PASSED] - Delayed 2 second(s)

27-02-2024T14:32:11 - [TEST_STEP][PASSED] - println(j): null

27-02-2024T14:32:11 - [TEST_STEP][PASSED] - playgame = allgames.get(j): null

27-02-2024T14:32:11 - [TEST_STEP][PASSED] - Object = convertWebElementToTestObject(playgame): null

27-02-2024T14:32:11 - [TEST_STEP][PASSED] - scrollToElement(Object, 10): Scroll to object '' successfully

27-02-2024T14:32:11 - [MESSAGE][PASSED] - Scroll to object '' successfully

27-02-2024T14:32:11 - [TEST_STEP][PASSED] - mouseOver(Object): Object: '' is hovered

27-02-2024T14:32:11 - [MESSAGE][PASSED] - Object: '' is hovered

27-02-2024T14:32:11 - [TEST_STEP][PASSED] - playgame.click(): null

27-02-2024T14:32:12 - [TEST_STEP][PASSED] - delay(2): Delayed 2 second(s)

27-02-2024T14:32:14 - [MESSAGE][PASSED] - Delayed 2 second(s)

27-02-2024T14:32:14 - [TEST_STEP][PASSED] - title = getUrl(): Current window's url is: 'https://haboom.com/d/casino/casino'

27-02-2024T14:32:14 - [MESSAGE][PASSED] - Current window's url is: 'https://haboom.com/d/casino/casino'

27-02-2024T14:32:14 - [TEST_STEP][PASSED] - if (title.contains("notavailable")): null

27-02-2024T14:32:14 - [TEST_STEP][PASSED] - switchToWindowIndex(1): Switched to window with index: '1'

27-02-2024T14:32:14 - [MESSAGE][PASSED] - Switched to window with index: '1'

27-02-2024T14:32:14 - [TEST_STEP][PASSED] - closeWindowIndex(1): Window with index 1 is closed

27-02-2024T14:32:14 - [MESSAGE][PASSED] - Window with index 1 is closed

27-02-2024T14:32:14 - [TEST_STEP][PASSED] - switchToWindowIndex(0): Switched to window with index: '0'

27-02-2024T14:32:14 - [MESSAGE][PASSED] - Switched to window with index: '0'

27-02-2024T14:32:14 - [TEST_STEP][PASSED] - delay(2): Delayed 2 second(s)

27-02-2024T14:32:16 - [MESSAGE][PASSED] - Delayed 2 second(s)

27-02-2024T14:32:16 - [TEST_STEP][PASSED] - println(j): null

27-02-2024T14:32:16 - [TEST_STEP][PASSED] - playgame = allgames.get(j): null

27-02-2024T14:32:16 - [TEST_STEP][PASSED] - Object = convertWebElementToTestObject(playgame): null

27-02-2024T14:32:16 - [TEST_STEP][PASSED] - scrollToElement(Object, 10): Scroll to object '' successfully

27-02-2024T14:32:16 - [MESSAGE][PASSED] - Scroll to object '' successfully

27-02-2024T14:32:16 - [TEST_STEP][PASSED] - mouseOver(Object): Object: '' is hovered

27-02-2024T14:32:16 - [MESSAGE][PASSED] - Object: '' is hovered

27-02-2024T14:32:16 - [TEST_STEP][PASSED] - playgame.click(): null

27-02-2024T14:32:16 - [TEST_STEP][PASSED] - delay(2): Delayed 2 second(s)

27-02-2024T14:32:18 - [MESSAGE][PASSED] - Delayed 2 second(s)

27-02-2024T14:32:18 - [TEST_STEP][PASSED] - title = getUrl(): Current window's url is: 'https://haboom.com/d/casino/casino'

27-02-2024T14:32:18 - [MESSAGE][PASSED] - Current window's url is: 'https://haboom.com/d/casino/casino'

27-02-2024T14:32:18 - [TEST_STEP][PASSED] - if (title.contains("notavailable")): null

27-02-2024T14:32:18 - [TEST_STEP][PASSED] - switchToWindowIndex(1): Switched to window with index: '1'

27-02-2024T14:32:18 - [MESSAGE][PASSED] - Switched to window with index: '1'

27-02-2024T14:32:18 - [TEST_STEP][PASSED] - closeWindowIndex(1): Window with index 1 is closed

27-02-2024T14:32:18 - [MESSAGE][PASSED] - Window with index 1 is closed

27-02-2024T14:32:18 - [TEST_STEP][PASSED] - switchToWindowIndex(0): Switched to window with index: '0'

27-02-2024T14:32:18 - [MESSAGE][PASSED] - Switched to window with index: '0'

27-02-2024T14:32:18 - [TEST_STEP][PASSED] - delay(2): Delayed 2 second(s)

27-02-2024T14:32:20 - [MESSAGE][PASSED] - Delayed 2 second(s)

27-02-2024T14:32:20 - [TEST_STEP][PASSED] - println(j): null

27-02-2024T14:32:20 - [TEST_STEP][PASSED] - playgame = allgames.get(j): null

27-02-2024T14:32:20 - [TEST_STEP][PASSED] - Object = convertWebElementToTestObject(playgame): null

27-02-2024T14:32:20 - [TEST_STEP][PASSED] - scrollToElement(Object, 10): Scroll to object '' successfully

27-02-2024T14:32:20 - [MESSAGE][PASSED] - Scroll to object '' successfully

27-02-2024T14:32:20 - [TEST_STEP][PASSED] - mouseOver(Object): Object: '' is hovered

27-02-2024T14:32:20 - [MESSAGE][PASSED] - Object: '' is hovered

27-02-2024T14:32:20 - [TEST_STEP][PASSED] - playgame.click(): null

27-02-2024T14:32:20 - [TEST_STEP][PASSED] - delay(2): Delayed 2 second(s)

27-02-2024T14:32:22 - [MESSAGE][PASSED] - Delayed 2 second(s)

27-02-2024T14:32:22 - [TEST_STEP][PASSED] - title = getUrl(): Current window's url is: 'https://haboom.com/d/casino/casino'

27-02-2024T14:32:22 - [MESSAGE][PASSED] - Current window's url is: 'https://haboom.com/d/casino/casino'

27-02-2024T14:32:22 - [TEST_STEP][PASSED] - if (title.contains("notavailable")): null

27-02-2024T14:32:22 - [TEST_STEP][PASSED] - switchToWindowIndex(1): Switched to window with index: '1'

27-02-2024T14:32:22 - [MESSAGE][PASSED] - Switched to window with index: '1'

27-02-2024T14:32:22 - [TEST_STEP][PASSED] - closeWindowIndex(1): Window with index 1 is closed

27-02-2024T14:32:22 - [MESSAGE][PASSED] - Window with index 1 is closed

27-02-2024T14:32:22 - [TEST_STEP][PASSED] - switchToWindowIndex(0): Switched to window with index: '0'

27-02-2024T14:32:22 - [MESSAGE][PASSED] - Switched to window with index: '0'

27-02-2024T14:32:22 - [TEST_STEP][PASSED] - delay(2): Delayed 2 second(s)

27-02-2024T14:32:24 - [MESSAGE][PASSED] - Delayed 2 second(s)

27-02-2024T14:32:24 - [TEST_STEP][PASSED] - println(j): null

27-02-2024T14:32:24 - [TEST_STEP][PASSED] - playgame = allgames.get(j): null

27-02-2024T14:32:24 - [TEST_STEP][PASSED] - Object = convertWebElementToTestObject(playgame): null

27-02-2024T14:32:24 - [TEST_STEP][PASSED] - scrollToElement(Object, 10): Scroll to object '' successfully

27-02-2024T14:32:24 - [MESSAGE][PASSED] - Scroll to object '' successfully

27-02-2024T14:32:24 - [TEST_STEP][PASSED] - mouseOver(Object): Object: '' is hovered

27-02-2024T14:32:25 - [MESSAGE][PASSED] - Object: '' is hovered

27-02-2024T14:32:25 - [TEST_STEP][PASSED] - playgame.click(): null

27-02-2024T14:32:25 - [TEST_STEP][PASSED] - delay(2): Delayed 2 second(s)

27-02-2024T14:32:27 - [MESSAGE][PASSED] - Delayed 2 second(s)

27-02-2024T14:32:27 - [TEST_STEP][PASSED] - title = getUrl(): Current window's url is: 'https://haboom.com/d/casino/casino'

27-02-2024T14:32:27 - [MESSAGE][PASSED] - Current window's url is: 'https://haboom.com/d/casino/casino'

27-02-2024T14:32:27 - [TEST_STEP][PASSED] - if (title.contains("notavailable")): null

27-02-2024T14:32:27 - [TEST_STEP][PASSED] - switchToWindowIndex(1): Switched to window with index: '1'

27-02-2024T14:32:27 - [MESSAGE][PASSED] - Switched to window with index: '1'

27-02-2024T14:32:27 - [TEST_STEP][PASSED] - closeWindowIndex(1): Window with index 1 is closed

27-02-2024T14:32:27 - [MESSAGE][PASSED] - Window with index 1 is closed

27-02-2024T14:32:27 - [TEST_STEP][PASSED] - switchToWindowIndex(0): Switched to window with index: '0'

27-02-2024T14:32:27 - [MESSAGE][PASSED] - Switched to window with index: '0'

27-02-2024T14:32:27 - [TEST_STEP][PASSED] - delay(2): Delayed 2 second(s)

27-02-2024T14:32:29 - [MESSAGE][PASSED] - Delayed 2 second(s)

27-02-2024T14:32:29 - [TEST_STEP][PASSED] - println(j): null

27-02-2024T14:32:29 - [TEST_STEP][PASSED] - playgame = allgames.get(j): null

27-02-2024T14:32:29 - [TEST_STEP][PASSED] - Object = convertWebElementToTestObject(playgame): null

27-02-2024T14:32:29 - [TEST_STEP][PASSED] - scrollToElement(Object, 10): Scroll to object '' successfully

27-02-2024T14:32:29 - [MESSAGE][PASSED] - Scroll to object '' successfully

27-02-2024T14:32:29 - [TEST_STEP][PASSED] - mouseOver(Object): Object: '' is hovered

27-02-2024T14:32:29 - [MESSAGE][PASSED] - Object: '' is hovered

27-02-2024T14:32:29 - [TEST_STEP][PASSED] - playgame.click(): null

27-02-2024T14:32:29 - [TEST_STEP][PASSED] - delay(2): Delayed 2 second(s)

27-02-2024T14:32:31 - [MESSAGE][PASSED] - Delayed 2 second(s)

27-02-2024T14:32:31 - [TEST_STEP][PASSED] - title = getUrl(): Current window's url is: 'https://haboom.com/d/casino/casino'

27-02-2024T14:32:31 - [MESSAGE][PASSED] - Current window's url is: 'https://haboom.com/d/casino/casino'

27-02-2024T14:32:31 - [TEST_STEP][PASSED] - if (title.contains("notavailable")): null

27-02-2024T14:32:31 - [TEST_STEP][PASSED] - switchToWindowIndex(1): Switched to window with index: '1'

27-02-2024T14:32:31 - [MESSAGE][PASSED] - Switched to window with index: '1'

27-02-2024T14:32:31 - [TEST_STEP][PASSED] - closeWindowIndex(1): Window with index 1 is closed

27-02-2024T14:32:31 - [MESSAGE][PASSED] - Window with index 1 is closed

27-02-2024T14:32:31 - [TEST_STEP][PASSED] - switchToWindowIndex(0): Switched to window with index: '0'

27-02-2024T14:32:31 - [MESSAGE][PASSED] - Switched to window with index: '0'

27-02-2024T14:32:31 - [TEST_STEP][INCOMPLETE] - delay(2): null]]></system-out>
         <system-err><![CDATA[27-02-2024T14:31:05 - [TEST_CASE][INCOMPLETE] - Test Cases/Casino/Open game successful: null]]></system-err>
      </testcase>
      <system-out><![CDATA[27-02-2024T14:31:05 - [TEST_SUITE][INCOMPLETE] - Casino: null]]></system-out>
      <system-err><![CDATA[27-02-2024T14:31:05 - [TEST_SUITE][INCOMPLETE] - Casino: null]]></system-err>
   </testsuite>
</testsuites>
