<?xml version="1.0" encoding="UTF-8"?>
<testsuites name="HABOOM" time="22.418" tests="1" failures="0" errors="0">
   <testsuite name="HABOOM" tests="1" failures="0" errors="0" time="22.418" skipped="0" timestamp="26-02-2024T14:27:15" hostname="Dhamodharan - LAPTOP-QCDUFDJE" id="Test Suites/HABOOM">
      <properties>
         <property name="deviceName" value=""/>
         <property name="devicePlatform" value=""/>
         <property name="logFolder" value="C:\\Users\\Dhamodharan\\git\\HaboomWBT\\Reports\\20240226_142710\\HABOOM\\20240226_142710"/>
         <property name="logFiles" value="C:\\Users\\Dhamodharan\\git\\HaboomWBT\\Reports\\20240226_142710\\HABOOM\\20240226_142710\\execution0.log"/>
         <property name="attachments" value=""/>
         <property name="hostName" value="Dhamodharan - LAPTOP-QCDUFDJE"/>
         <property name="os" value="Windows 11 64bit"/>
         <property name="katalonVersion" value="9.3.0.212"/>
         <property name="browser" value="Chrome 122.0.0.0"/>
         <property name="hostAddress" value="192.168.50.131"/>
         <property name="sessionId" value="790238d9766fc80691f10e67e56487ee"/>
         <property name="seleniumVersion" value="3.141.59"/>
         <property name="proxyInformation" value="ProxyInformation { proxyOption=NO_PROXY, proxyServerType=HTTP, username=, password=********, proxyServerAddress=, proxyServerPort=0, executionList=&quot;&quot;, isApplyToDesiredCapabilities=true }"/>
         <property name="platform" value="Windows 11"/>
      </properties>
      <testcase name="Test Cases/HOMEPAGE LOGIN/Login Invalid" time="22.177" classname="Test Cases/HOMEPAGE LOGIN/Login Invalid" status="PASSED">
         <system-out><![CDATA[26-02-2024T14:27:15 - [TEST_CASE][PASSED] - Test Cases/HOMEPAGE LOGIN/Login Invalid: Test Cases/HOMEPAGE LOGIN/Login Invalid

26-02-2024T14:27:16 - [TEST_STEP][PASSED] - openBrowser(""): Browser is opened with url: ''

26-02-2024T14:27:16 - [MESSAGE][INFO] - Starting 'Chrome' driver

26-02-2024T14:27:16 - [MESSAGE][INFO] - Action delay is set to 0 milliseconds

26-02-2024T14:27:18 - [MESSAGE][PASSED] - Browser is opened with url: ''

26-02-2024T14:27:18 - [TEST_STEP][PASSED] - maximizeWindow(): Current window maximized

26-02-2024T14:27:19 - [MESSAGE][PASSED] - Current window maximized

26-02-2024T14:27:19 - [TEST_STEP][PASSED] - navigateToUrl("https://haboom.com/"): Navigate to 'https://haboom.com/' successfully

26-02-2024T14:27:25 - [MESSAGE][PASSED] - Navigate to 'https://haboom.com/' successfully

26-02-2024T14:27:25 - [TEST_STEP][PASSED] - setText(findTestObject("Login/Login_Valid/Username_Field"), "rock"): Text 'rock' is set on object 'Object Repository/Login/Login_Valid/Username_Field'

26-02-2024T14:27:33 - [MESSAGE][PASSED] - Text 'rock' is set on object 'Object Repository/Login/Login_Valid/Username_Field'

26-02-2024T14:27:33 - [TEST_STEP][PASSED] - setEncryptedText(findTestObject("Object Repository/Login/Login_Valid/Password_Field"), "lhW90T3e44I="): Text ****** has been set on object 'Object Repository/Login/Login_Valid/Password_Field'

26-02-2024T14:27:36 - [MESSAGE][PASSED] - Text ****** has been set on object 'Object Repository/Login/Login_Valid/Password_Field'

26-02-2024T14:27:36 - [TEST_STEP][PASSED] - click(findTestObject("Object Repository/Login/Login_Valid/Login_Button")): Object: 'Object Repository/Login/Login_Valid/Login_Button' is clicked on

26-02-2024T14:27:37 - [MESSAGE][PASSED] - Object: 'Object Repository/Login/Login_Valid/Login_Button' is clicked on]]></system-out>
         <system-err><![CDATA[]]></system-err>
      </testcase>
      <system-out><![CDATA[26-02-2024T14:27:15 - [TEST_SUITE][PASSED] - HABOOM: Test Cases/HOMEPAGE LOGIN/Login Invalid]]></system-out>
      <system-err><![CDATA[]]></system-err>
   </testsuite>
</testsuites>
