<?xml version="1.0" encoding="UTF-8"?>
<testsuites name="Casino" time="219.223" tests="1" failures="0" errors="1">
   <testsuite name="Casino" tests="1" failures="0" errors="1" time="219.223" skipped="0" timestamp="27-02-2024T09:52:51" hostname="M Gokul Jayanth - LAPTOP-QCN9K3GM" id="Test Suites/Casino">
      <properties>
         <property name="deviceName" value=""/>
         <property name="devicePlatform" value=""/>
         <property name="logFolder" value="C:\\Users\\M Gokul Jayanth\\git\\KatalonAutomation\\HaboomWBT\\Reports\\20240227_095247\\Casino\\20240227_095248"/>
         <property name="logFiles" value="C:\\Users\\M Gokul Jayanth\\git\\KatalonAutomation\\HaboomWBT\\Reports\\20240227_095247\\Casino\\20240227_095248\\execution0.log"/>
         <property name="attachments" value=""/>
         <property name="hostName" value="M Gokul Jayanth - LAPTOP-QCN9K3GM"/>
         <property name="os" value="Windows 11 64bit"/>
         <property name="katalonVersion" value="9.3.0.212"/>
         <property name="browser" value="Chrome 121.0.0.0"/>
         <property name="hostAddress" value="192.168.50.148"/>
         <property name="sessionId" value="3eded35b61d7f914e8291b16c1df6474"/>
         <property name="seleniumVersion" value="3.141.59"/>
         <property name="proxyInformation" value="ProxyInformation { proxyOption=NO_PROXY, proxyServerType=HTTP, username=, password=********, proxyServerAddress=, proxyServerPort=0, executionList=&quot;&quot;, isApplyToDesiredCapabilities=true }"/>
         <property name="platform" value="Windows 11"/>
      </properties>
      <testcase name="Test Cases/Casino/Open game successful" time="219.088" classname="Test Cases/Casino/Open game successful" status="ERROR">
         <error type="ERROR" message="Test Cases/Casino/Open game successful FAILED.&#xa;Reason:&#xa;java.lang.IndexOutOfBoundsException: Index 20 out of bounds for length 20&#xa;	at java.base/jdk.internal.util.Preconditions.outOfBounds(Preconditions.java:64)&#xa;	at java.base/jdk.internal.util.Preconditions.outOfBoundsCheckIndex(Preconditions.java:70)&#xa;	at java.base/jdk.internal.util.Preconditions.checkIndex(Preconditions.java:266)&#xa;	at Open game successful.run(Open game successful:41)&#xa;	at com.kms.katalon.core.main.ScriptEngine.run(ScriptEngine.java:194)&#xa;	at com.kms.katalon.core.main.ScriptEngine.runScriptAsRawText(ScriptEngine.java:119)&#xa;	at com.kms.katalon.core.main.TestCaseExecutor.runScript(TestCaseExecutor.java:448)&#xa;	at com.kms.katalon.core.main.TestCaseExecutor.doExecute(TestCaseExecutor.java:439)&#xa;	at com.kms.katalon.core.main.TestCaseExecutor.processExecutionPhase(TestCaseExecutor.java:418)&#xa;	at com.kms.katalon.core.main.TestCaseExecutor.accessMainPhase(TestCaseExecutor.java:410)&#xa;	at com.kms.katalon.core.main.TestCaseExecutor.execute(TestCaseExecutor.java:285)&#xa;	at com.kms.katalon.core.common.CommonExecutor.accessTestCaseMainPhase(CommonExecutor.java:65)&#xa;	at com.kms.katalon.core.main.TestSuiteExecutor.accessTestSuiteMainPhase(TestSuiteExecutor.java:148)&#xa;	at com.kms.katalon.core.main.TestSuiteExecutor.execute(TestSuiteExecutor.java:106)&#xa;	at com.kms.katalon.core.main.TestCaseMain.startTestSuite(TestCaseMain.java:180)&#xa;	at TempTestSuite1709007768942.run(TempTestSuite1709007768942.groovy:36)&#xa;	at java.base/jdk.internal.reflect.NativeMethodAccessorImpl.invoke0(Native Method)&#xa;	at java.base/jdk.internal.reflect.NativeMethodAccessorImpl.invoke(NativeMethodAccessorImpl.java:77)&#xa;	at java.base/jdk.internal.reflect.DelegatingMethodAccessorImpl.invoke(DelegatingMethodAccessorImpl.java:43)&#xa;"/>
         <system-out><![CDATA[27-02-2024T09:52:51 - [TEST_CASE][ERROR] - Test Cases/Casino/Open game successful: Test Cases/Casino/Open game successful FAILED.
Reason:
java.lang.IndexOutOfBoundsException: Index 20 out of bounds for length 20
	at java.base/jdk.internal.util.Preconditions.outOfBounds(Preconditions.java:64)
	at java.base/jdk.internal.util.Preconditions.outOfBoundsCheckIndex(Preconditions.java:70)
	at java.base/jdk.internal.util.Preconditions.checkIndex(Preconditions.java:266)
	at Open game successful.run(Open game successful:41)
	at com.kms.katalon.core.main.ScriptEngine.run(ScriptEngine.java:194)
	at com.kms.katalon.core.main.ScriptEngine.runScriptAsRawText(ScriptEngine.java:119)
	at com.kms.katalon.core.main.TestCaseExecutor.runScript(TestCaseExecutor.java:448)
	at com.kms.katalon.core.main.TestCaseExecutor.doExecute(TestCaseExecutor.java:439)
	at com.kms.katalon.core.main.TestCaseExecutor.processExecutionPhase(TestCaseExecutor.java:418)
	at com.kms.katalon.core.main.TestCaseExecutor.accessMainPhase(TestCaseExecutor.java:410)
	at com.kms.katalon.core.main.TestCaseExecutor.execute(TestCaseExecutor.java:285)
	at com.kms.katalon.core.common.CommonExecutor.accessTestCaseMainPhase(CommonExecutor.java:65)
	at com.kms.katalon.core.main.TestSuiteExecutor.accessTestSuiteMainPhase(TestSuiteExecutor.java:148)
	at com.kms.katalon.core.main.TestSuiteExecutor.execute(TestSuiteExecutor.java:106)
	at com.kms.katalon.core.main.TestCaseMain.startTestSuite(TestCaseMain.java:180)
	at TempTestSuite1709007768942.run(TempTestSuite1709007768942.groovy:36)
	at java.base/jdk.internal.reflect.NativeMethodAccessorImpl.invoke0(Native Method)
	at java.base/jdk.internal.reflect.NativeMethodAccessorImpl.invoke(NativeMethodAccessorImpl.java:77)
	at java.base/jdk.internal.reflect.DelegatingMethodAccessorImpl.invoke(DelegatingMethodAccessorImpl.java:43)


27-02-2024T09:52:51 - [TEST_STEP][PASSED] - Start setup action : setupTestCase: Method 'setupTestCase' complete successfully

27-02-2024T09:52:51 - [TEST_STEP][PASSED] - openBrowser(""): Browser is opened with url: ''

27-02-2024T09:52:51 - [MESSAGE][INFO] - Starting 'Chrome' driver

27-02-2024T09:52:51 - [MESSAGE][INFO] - Action delay is set to 0 milliseconds

27-02-2024T09:52:52 - [MESSAGE][PASSED] - Browser is opened with url: ''

27-02-2024T09:52:52 - [TEST_STEP][PASSED] - navigateToUrl("https://haboom.com/"): Navigate to 'https://haboom.com/' successfully

27-02-2024T09:52:56 - [MESSAGE][PASSED] - Navigate to 'https://haboom.com/' successfully

27-02-2024T09:52:56 - [TEST_STEP][PASSED] - maximizeWindow(): Current window maximized

27-02-2024T09:52:56 - [MESSAGE][PASSED] - Current window maximized

27-02-2024T09:52:56 - [TEST_STEP][PASSED] - setText(findTestObject("Object Repository/Login Page/Login email field"), "MartinGarrix"): Text 'MartinGarrix' is set on object 'Object Repository/Login Page/Login email field'

27-02-2024T09:52:58 - [MESSAGE][PASSED] - Text 'MartinGarrix' is set on object 'Object Repository/Login Page/Login email field'

27-02-2024T09:52:58 - [TEST_STEP][PASSED] - setText(findTestObject("Object Repository/Login Page/Login Password"), "Test@1234"): Text 'Test@1234' is set on object 'Object Repository/Login Page/Login Password'

27-02-2024T09:52:59 - [MESSAGE][PASSED] - Text 'Test@1234' is set on object 'Object Repository/Login Page/Login Password'

27-02-2024T09:52:59 - [TEST_STEP][PASSED] - click(findTestObject("Object Repository/Login Page/login button")): Object: 'Object Repository/Login Page/login button' is clicked on

27-02-2024T09:52:59 - [MESSAGE][PASSED] - Object: 'Object Repository/Login Page/login button' is clicked on

27-02-2024T09:52:59 - [TEST_STEP][PASSED] - verifyElementText(findTestObject("Object Repository/Login Page/My Account"), "My Account"): Actual text and expected text of test object 'Object Repository/Login Page/My Account' are matched.

27-02-2024T09:53:02 - [MESSAGE][PASSED] - Actual text and expected text of test object 'Object Repository/Login Page/My Account' are matched.

27-02-2024T09:53:02 - [MESSAGE][PASSED] - Method 'setupTestCase' complete successfully

27-02-2024T09:53:02 - [TEST_STEP][PASSED] - click(findTestObject("Object Repository/Casino Page/CasinoMenu")): Object: 'Object Repository/Casino Page/CasinoMenu' is clicked on

27-02-2024T09:53:03 - [MESSAGE][PASSED] - Object: 'Object Repository/Casino Page/CasinoMenu' is clicked on

27-02-2024T09:53:03 - [TEST_STEP][PASSED] - provider = getWebDriver().findElements(By.xpath("//input[@name='provider_list']")): null

27-02-2024T09:53:04 - [TEST_STEP][PASSED] - println(provider.size()): null

27-02-2024T09:53:04 - [TEST_STEP][ERROR] - for ([i = 1, i < provider.size(), (i++)]): Test Cases/Casino/Open game successful FAILED.
Reason:
java.lang.IndexOutOfBoundsException: Index 20 out of bounds for length 20
	at java.base/jdk.internal.util.Preconditions.outOfBounds(Preconditions.java:64)
	at java.base/jdk.internal.util.Preconditions.outOfBoundsCheckIndex(Preconditions.java:70)
	at java.base/jdk.internal.util.Preconditions.checkIndex(Preconditions.java:266)
	at Open game successful.run(Open game successful:41)
	at com.kms.katalon.core.main.ScriptEngine.run(ScriptEngine.java:194)
	at com.kms.katalon.core.main.ScriptEngine.runScriptAsRawText(ScriptEngine.java:119)
	at com.kms.katalon.core.main.TestCaseExecutor.runScript(TestCaseExecutor.java:448)
	at com.kms.katalon.core.main.TestCaseExecutor.doExecute(TestCaseExecutor.java:439)
	at com.kms.katalon.core.main.TestCaseExecutor.processExecutionPhase(TestCaseExecutor.java:418)
	at com.kms.katalon.core.main.TestCaseExecutor.accessMainPhase(TestCaseExecutor.java:410)
	at com.kms.katalon.core.main.TestCaseExecutor.execute(TestCaseExecutor.java:285)
	at com.kms.katalon.core.common.CommonExecutor.accessTestCaseMainPhase(CommonExecutor.java:65)
	at com.kms.katalon.core.main.TestSuiteExecutor.accessTestSuiteMainPhase(TestSuiteExecutor.java:148)
	at com.kms.katalon.core.main.TestSuiteExecutor.execute(TestSuiteExecutor.java:106)
	at com.kms.katalon.core.main.TestCaseMain.startTestSuite(TestCaseMain.java:180)
	at TempTestSuite1709007768942.run(TempTestSuite1709007768942.groovy:36)
	at java.base/jdk.internal.reflect.NativeMethodAccessorImpl.invoke0(Native Method)
	at java.base/jdk.internal.reflect.NativeMethodAccessorImpl.invoke(NativeMethodAccessorImpl.java:77)
	at java.base/jdk.internal.reflect.DelegatingMethodAccessorImpl.invoke(DelegatingMethodAccessorImpl.java:43)


27-02-2024T09:53:04 - [TEST_STEP][PASSED] - currentElement = provider.get(i): null

27-02-2024T09:53:04 - [TEST_STEP][PASSED] - currentElement.click(): null

27-02-2024T09:53:04 - [TEST_STEP][PASSED] - providerwindow = getWindowTitle(): Current window's title is: 'Haboom - Best Online Casino Games for Real Money'

27-02-2024T09:53:04 - [MESSAGE][PASSED] - Current window's title is: 'Haboom - Best Online Casino Games for Real Money'

27-02-2024T09:53:04 - [TEST_STEP][PASSED] - allgames = getWebDriver().findElements(By.xpath("//div[@class='tile-container' and @ bis_skin_checked='1']")): null

27-02-2024T09:53:05 - [TEST_STEP][ERROR] - for ([j = 0, j <= allgames.size(), (j++)]): Test Cases/Casino/Open game successful FAILED.
Reason:
java.lang.IndexOutOfBoundsException: Index 20 out of bounds for length 20
	at java.base/jdk.internal.util.Preconditions.outOfBounds(Preconditions.java:64)
	at java.base/jdk.internal.util.Preconditions.outOfBoundsCheckIndex(Preconditions.java:70)
	at java.base/jdk.internal.util.Preconditions.checkIndex(Preconditions.java:266)
	at Open game successful.run(Open game successful:41)
	at com.kms.katalon.core.main.ScriptEngine.run(ScriptEngine.java:194)
	at com.kms.katalon.core.main.ScriptEngine.runScriptAsRawText(ScriptEngine.java:119)
	at com.kms.katalon.core.main.TestCaseExecutor.runScript(TestCaseExecutor.java:448)
	at com.kms.katalon.core.main.TestCaseExecutor.doExecute(TestCaseExecutor.java:439)
	at com.kms.katalon.core.main.TestCaseExecutor.processExecutionPhase(TestCaseExecutor.java:418)
	at com.kms.katalon.core.main.TestCaseExecutor.accessMainPhase(TestCaseExecutor.java:410)
	at com.kms.katalon.core.main.TestCaseExecutor.execute(TestCaseExecutor.java:285)
	at com.kms.katalon.core.common.CommonExecutor.accessTestCaseMainPhase(CommonExecutor.java:65)
	at com.kms.katalon.core.main.TestSuiteExecutor.accessTestSuiteMainPhase(TestSuiteExecutor.java:148)
	at com.kms.katalon.core.main.TestSuiteExecutor.execute(TestSuiteExecutor.java:106)
	at com.kms.katalon.core.main.TestCaseMain.startTestSuite(TestCaseMain.java:180)
	at TempTestSuite1709007768942.run(TempTestSuite1709007768942.groovy:36)
	at java.base/jdk.internal.reflect.NativeMethodAccessorImpl.invoke0(Native Method)
	at java.base/jdk.internal.reflect.NativeMethodAccessorImpl.invoke(NativeMethodAccessorImpl.java:77)
	at java.base/jdk.internal.reflect.DelegatingMethodAccessorImpl.invoke(DelegatingMethodAccessorImpl.java:43)


27-02-2024T09:53:05 - [TEST_STEP][PASSED] - println(j): null

27-02-2024T09:53:05 - [TEST_STEP][PASSED] - playgame = allgames.get(j): null

27-02-2024T09:53:05 - [TEST_STEP][PASSED] - Object = convertWebElementToTestObject(playgame): null

27-02-2024T09:53:05 - [TEST_STEP][PASSED] - scrollToElement(Object, 10): Scroll to object '' successfully

27-02-2024T09:53:05 - [MESSAGE][PASSED] - Scroll to object '' successfully

27-02-2024T09:53:05 - [TEST_STEP][PASSED] - playgame.click(): null

27-02-2024T09:53:05 - [TEST_STEP][PASSED] - delay(5): Delayed 5 second(s)

27-02-2024T09:53:10 - [MESSAGE][PASSED] - Delayed 5 second(s)

27-02-2024T09:53:10 - [TEST_STEP][PASSED] - title = getUrl(): Current window's url is: 'https://haboom.com/d/casino/casino'

27-02-2024T09:53:10 - [MESSAGE][PASSED] - Current window's url is: 'https://haboom.com/d/casino/casino'

27-02-2024T09:53:10 - [TEST_STEP][PASSED] - if (title.contains("notavailable")): null

27-02-2024T09:53:10 - [TEST_STEP][PASSED] - switchToWindowIndex(1): Switched to window with index: '1'

27-02-2024T09:53:10 - [MESSAGE][PASSED] - Switched to window with index: '1'

27-02-2024T09:53:10 - [TEST_STEP][PASSED] - closeWindowIndex(1): Window with index 1 is closed

27-02-2024T09:53:10 - [MESSAGE][PASSED] - Window with index 1 is closed

27-02-2024T09:53:10 - [TEST_STEP][PASSED] - switchToWindowIndex(0): Switched to window with index: '0'

27-02-2024T09:53:10 - [MESSAGE][PASSED] - Switched to window with index: '0'

27-02-2024T09:53:10 - [TEST_STEP][PASSED] - delay(5): Delayed 5 second(s)

27-02-2024T09:53:15 - [MESSAGE][PASSED] - Delayed 5 second(s)

27-02-2024T09:53:15 - [TEST_STEP][PASSED] - println(j): null

27-02-2024T09:53:15 - [TEST_STEP][PASSED] - playgame = allgames.get(j): null

27-02-2024T09:53:15 - [TEST_STEP][PASSED] - Object = convertWebElementToTestObject(playgame): null

27-02-2024T09:53:15 - [TEST_STEP][PASSED] - scrollToElement(Object, 10): Scroll to object '' successfully

27-02-2024T09:53:15 - [MESSAGE][PASSED] - Scroll to object '' successfully

27-02-2024T09:53:15 - [TEST_STEP][PASSED] - playgame.click(): null

27-02-2024T09:53:15 - [TEST_STEP][PASSED] - delay(5): Delayed 5 second(s)

27-02-2024T09:53:20 - [MESSAGE][PASSED] - Delayed 5 second(s)

27-02-2024T09:53:20 - [TEST_STEP][PASSED] - title = getUrl(): Current window's url is: 'https://haboom.com/d/casino/casino'

27-02-2024T09:53:20 - [MESSAGE][PASSED] - Current window's url is: 'https://haboom.com/d/casino/casino'

27-02-2024T09:53:20 - [TEST_STEP][PASSED] - if (title.contains("notavailable")): null

27-02-2024T09:53:20 - [TEST_STEP][PASSED] - switchToWindowIndex(1): Switched to window with index: '1'

27-02-2024T09:53:20 - [MESSAGE][PASSED] - Switched to window with index: '1'

27-02-2024T09:53:20 - [TEST_STEP][PASSED] - closeWindowIndex(1): Window with index 1 is closed

27-02-2024T09:53:20 - [MESSAGE][PASSED] - Window with index 1 is closed

27-02-2024T09:53:20 - [TEST_STEP][PASSED] - switchToWindowIndex(0): Switched to window with index: '0'

27-02-2024T09:53:20 - [MESSAGE][PASSED] - Switched to window with index: '0'

27-02-2024T09:53:20 - [TEST_STEP][PASSED] - delay(5): Delayed 5 second(s)

27-02-2024T09:53:25 - [MESSAGE][PASSED] - Delayed 5 second(s)

27-02-2024T09:53:25 - [TEST_STEP][PASSED] - println(j): null

27-02-2024T09:53:25 - [TEST_STEP][PASSED] - playgame = allgames.get(j): null

27-02-2024T09:53:25 - [TEST_STEP][PASSED] - Object = convertWebElementToTestObject(playgame): null

27-02-2024T09:53:25 - [TEST_STEP][PASSED] - scrollToElement(Object, 10): Scroll to object '' successfully

27-02-2024T09:53:25 - [MESSAGE][PASSED] - Scroll to object '' successfully

27-02-2024T09:53:25 - [TEST_STEP][PASSED] - playgame.click(): null

27-02-2024T09:53:25 - [TEST_STEP][PASSED] - delay(5): Delayed 5 second(s)

27-02-2024T09:53:30 - [MESSAGE][PASSED] - Delayed 5 second(s)

27-02-2024T09:53:30 - [TEST_STEP][PASSED] - title = getUrl(): Current window's url is: 'https://haboom.com/d/casino/casino'

27-02-2024T09:53:30 - [MESSAGE][PASSED] - Current window's url is: 'https://haboom.com/d/casino/casino'

27-02-2024T09:53:30 - [TEST_STEP][PASSED] - if (title.contains("notavailable")): null

27-02-2024T09:53:30 - [TEST_STEP][PASSED] - switchToWindowIndex(1): Switched to window with index: '1'

27-02-2024T09:53:30 - [MESSAGE][PASSED] - Switched to window with index: '1'

27-02-2024T09:53:30 - [TEST_STEP][PASSED] - closeWindowIndex(1): Window with index 1 is closed

27-02-2024T09:53:31 - [MESSAGE][PASSED] - Window with index 1 is closed

27-02-2024T09:53:31 - [TEST_STEP][PASSED] - switchToWindowIndex(0): Switched to window with index: '0'

27-02-2024T09:53:31 - [MESSAGE][PASSED] - Switched to window with index: '0'

27-02-2024T09:53:31 - [TEST_STEP][PASSED] - delay(5): Delayed 5 second(s)

27-02-2024T09:53:36 - [MESSAGE][PASSED] - Delayed 5 second(s)

27-02-2024T09:53:36 - [TEST_STEP][PASSED] - println(j): null

27-02-2024T09:53:36 - [TEST_STEP][PASSED] - playgame = allgames.get(j): null

27-02-2024T09:53:36 - [TEST_STEP][PASSED] - Object = convertWebElementToTestObject(playgame): null

27-02-2024T09:53:36 - [TEST_STEP][PASSED] - scrollToElement(Object, 10): Scroll to object '' successfully

27-02-2024T09:53:36 - [MESSAGE][PASSED] - Scroll to object '' successfully

27-02-2024T09:53:36 - [TEST_STEP][PASSED] - playgame.click(): null

27-02-2024T09:53:36 - [TEST_STEP][PASSED] - delay(5): Delayed 5 second(s)

27-02-2024T09:53:41 - [MESSAGE][PASSED] - Delayed 5 second(s)

27-02-2024T09:53:41 - [TEST_STEP][PASSED] - title = getUrl(): Current window's url is: 'https://haboom.com/d/casino/casino'

27-02-2024T09:53:41 - [MESSAGE][PASSED] - Current window's url is: 'https://haboom.com/d/casino/casino'

27-02-2024T09:53:41 - [TEST_STEP][PASSED] - if (title.contains("notavailable")): null

27-02-2024T09:53:41 - [TEST_STEP][PASSED] - switchToWindowIndex(1): Switched to window with index: '1'

27-02-2024T09:53:41 - [MESSAGE][PASSED] - Switched to window with index: '1'

27-02-2024T09:53:41 - [TEST_STEP][PASSED] - closeWindowIndex(1): Window with index 1 is closed

27-02-2024T09:53:41 - [MESSAGE][PASSED] - Window with index 1 is closed

27-02-2024T09:53:41 - [TEST_STEP][PASSED] - switchToWindowIndex(0): Switched to window with index: '0'

27-02-2024T09:53:41 - [MESSAGE][PASSED] - Switched to window with index: '0'

27-02-2024T09:53:41 - [TEST_STEP][PASSED] - delay(5): Delayed 5 second(s)

27-02-2024T09:53:46 - [MESSAGE][PASSED] - Delayed 5 second(s)

27-02-2024T09:53:46 - [TEST_STEP][PASSED] - println(j): null

27-02-2024T09:53:46 - [TEST_STEP][PASSED] - playgame = allgames.get(j): null

27-02-2024T09:53:46 - [TEST_STEP][PASSED] - Object = convertWebElementToTestObject(playgame): null

27-02-2024T09:53:46 - [TEST_STEP][PASSED] - scrollToElement(Object, 10): Scroll to object '' successfully

27-02-2024T09:53:46 - [MESSAGE][PASSED] - Scroll to object '' successfully

27-02-2024T09:53:46 - [TEST_STEP][PASSED] - playgame.click(): null

27-02-2024T09:53:46 - [TEST_STEP][PASSED] - delay(5): Delayed 5 second(s)

27-02-2024T09:53:51 - [MESSAGE][PASSED] - Delayed 5 second(s)

27-02-2024T09:53:51 - [TEST_STEP][PASSED] - title = getUrl(): Current window's url is: 'https://haboom.com/d/casino/casino'

27-02-2024T09:53:51 - [MESSAGE][PASSED] - Current window's url is: 'https://haboom.com/d/casino/casino'

27-02-2024T09:53:51 - [TEST_STEP][PASSED] - if (title.contains("notavailable")): null

27-02-2024T09:53:51 - [TEST_STEP][PASSED] - switchToWindowIndex(1): Switched to window with index: '1'

27-02-2024T09:53:51 - [MESSAGE][PASSED] - Switched to window with index: '1'

27-02-2024T09:53:51 - [TEST_STEP][PASSED] - closeWindowIndex(1): Window with index 1 is closed

27-02-2024T09:53:51 - [MESSAGE][PASSED] - Window with index 1 is closed

27-02-2024T09:53:51 - [TEST_STEP][PASSED] - switchToWindowIndex(0): Switched to window with index: '0'

27-02-2024T09:53:51 - [MESSAGE][PASSED] - Switched to window with index: '0'

27-02-2024T09:53:51 - [TEST_STEP][PASSED] - delay(5): Delayed 5 second(s)

27-02-2024T09:53:56 - [MESSAGE][PASSED] - Delayed 5 second(s)

27-02-2024T09:53:56 - [TEST_STEP][PASSED] - println(j): null

27-02-2024T09:53:56 - [TEST_STEP][PASSED] - playgame = allgames.get(j): null

27-02-2024T09:53:56 - [TEST_STEP][PASSED] - Object = convertWebElementToTestObject(playgame): null

27-02-2024T09:53:56 - [TEST_STEP][PASSED] - scrollToElement(Object, 10): Scroll to object '' successfully

27-02-2024T09:53:56 - [MESSAGE][PASSED] - Scroll to object '' successfully

27-02-2024T09:53:56 - [TEST_STEP][PASSED] - playgame.click(): null

27-02-2024T09:53:56 - [TEST_STEP][PASSED] - delay(5): Delayed 5 second(s)

27-02-2024T09:54:01 - [MESSAGE][PASSED] - Delayed 5 second(s)

27-02-2024T09:54:01 - [TEST_STEP][PASSED] - title = getUrl(): Current window's url is: 'https://haboom.com/d/casino/casino'

27-02-2024T09:54:01 - [MESSAGE][PASSED] - Current window's url is: 'https://haboom.com/d/casino/casino'

27-02-2024T09:54:01 - [TEST_STEP][PASSED] - if (title.contains("notavailable")): null

27-02-2024T09:54:01 - [TEST_STEP][PASSED] - switchToWindowIndex(1): Switched to window with index: '1'

27-02-2024T09:54:01 - [MESSAGE][PASSED] - Switched to window with index: '1'

27-02-2024T09:54:01 - [TEST_STEP][PASSED] - closeWindowIndex(1): Window with index 1 is closed

27-02-2024T09:54:01 - [MESSAGE][PASSED] - Window with index 1 is closed

27-02-2024T09:54:01 - [TEST_STEP][PASSED] - switchToWindowIndex(0): Switched to window with index: '0'

27-02-2024T09:54:01 - [MESSAGE][PASSED] - Switched to window with index: '0'

27-02-2024T09:54:01 - [TEST_STEP][PASSED] - delay(5): Delayed 5 second(s)

27-02-2024T09:54:06 - [MESSAGE][PASSED] - Delayed 5 second(s)

27-02-2024T09:54:06 - [TEST_STEP][PASSED] - println(j): null

27-02-2024T09:54:06 - [TEST_STEP][PASSED] - playgame = allgames.get(j): null

27-02-2024T09:54:06 - [TEST_STEP][PASSED] - Object = convertWebElementToTestObject(playgame): null

27-02-2024T09:54:06 - [TEST_STEP][PASSED] - scrollToElement(Object, 10): Scroll to object '' successfully

27-02-2024T09:54:06 - [MESSAGE][PASSED] - Scroll to object '' successfully

27-02-2024T09:54:06 - [TEST_STEP][PASSED] - playgame.click(): null

27-02-2024T09:54:06 - [TEST_STEP][PASSED] - delay(5): Delayed 5 second(s)

27-02-2024T09:54:11 - [MESSAGE][PASSED] - Delayed 5 second(s)

27-02-2024T09:54:11 - [TEST_STEP][PASSED] - title = getUrl(): Current window's url is: 'https://haboom.com/d/casino/casino'

27-02-2024T09:54:11 - [MESSAGE][PASSED] - Current window's url is: 'https://haboom.com/d/casino/casino'

27-02-2024T09:54:11 - [TEST_STEP][PASSED] - if (title.contains("notavailable")): null

27-02-2024T09:54:11 - [TEST_STEP][PASSED] - switchToWindowIndex(1): Switched to window with index: '1'

27-02-2024T09:54:11 - [MESSAGE][PASSED] - Switched to window with index: '1'

27-02-2024T09:54:11 - [TEST_STEP][PASSED] - closeWindowIndex(1): Window with index 1 is closed

27-02-2024T09:54:12 - [MESSAGE][PASSED] - Window with index 1 is closed

27-02-2024T09:54:12 - [TEST_STEP][PASSED] - switchToWindowIndex(0): Switched to window with index: '0'

27-02-2024T09:54:12 - [MESSAGE][PASSED] - Switched to window with index: '0'

27-02-2024T09:54:12 - [TEST_STEP][PASSED] - delay(5): Delayed 5 second(s)

27-02-2024T09:54:17 - [MESSAGE][PASSED] - Delayed 5 second(s)

27-02-2024T09:54:17 - [TEST_STEP][PASSED] - println(j): null

27-02-2024T09:54:17 - [TEST_STEP][PASSED] - playgame = allgames.get(j): null

27-02-2024T09:54:17 - [TEST_STEP][PASSED] - Object = convertWebElementToTestObject(playgame): null

27-02-2024T09:54:17 - [TEST_STEP][PASSED] - scrollToElement(Object, 10): Scroll to object '' successfully

27-02-2024T09:54:17 - [MESSAGE][PASSED] - Scroll to object '' successfully

27-02-2024T09:54:17 - [TEST_STEP][PASSED] - playgame.click(): null

27-02-2024T09:54:17 - [TEST_STEP][PASSED] - delay(5): Delayed 5 second(s)

27-02-2024T09:54:22 - [MESSAGE][PASSED] - Delayed 5 second(s)

27-02-2024T09:54:22 - [TEST_STEP][PASSED] - title = getUrl(): Current window's url is: 'https://haboom.com/d/casino/casino'

27-02-2024T09:54:22 - [MESSAGE][PASSED] - Current window's url is: 'https://haboom.com/d/casino/casino'

27-02-2024T09:54:22 - [TEST_STEP][PASSED] - if (title.contains("notavailable")): null

27-02-2024T09:54:22 - [TEST_STEP][PASSED] - switchToWindowIndex(1): Switched to window with index: '1'

27-02-2024T09:54:22 - [MESSAGE][PASSED] - Switched to window with index: '1'

27-02-2024T09:54:22 - [TEST_STEP][PASSED] - closeWindowIndex(1): Window with index 1 is closed

27-02-2024T09:54:22 - [MESSAGE][PASSED] - Window with index 1 is closed

27-02-2024T09:54:22 - [TEST_STEP][PASSED] - switchToWindowIndex(0): Switched to window with index: '0'

27-02-2024T09:54:22 - [MESSAGE][PASSED] - Switched to window with index: '0'

27-02-2024T09:54:22 - [TEST_STEP][PASSED] - delay(5): Delayed 5 second(s)

27-02-2024T09:54:27 - [MESSAGE][PASSED] - Delayed 5 second(s)

27-02-2024T09:54:27 - [TEST_STEP][PASSED] - println(j): null

27-02-2024T09:54:27 - [TEST_STEP][PASSED] - playgame = allgames.get(j): null

27-02-2024T09:54:27 - [TEST_STEP][PASSED] - Object = convertWebElementToTestObject(playgame): null

27-02-2024T09:54:27 - [TEST_STEP][PASSED] - scrollToElement(Object, 10): Scroll to object '' successfully

27-02-2024T09:54:27 - [MESSAGE][PASSED] - Scroll to object '' successfully

27-02-2024T09:54:27 - [TEST_STEP][PASSED] - playgame.click(): null

27-02-2024T09:54:27 - [TEST_STEP][PASSED] - delay(5): Delayed 5 second(s)

27-02-2024T09:54:32 - [MESSAGE][PASSED] - Delayed 5 second(s)

27-02-2024T09:54:32 - [TEST_STEP][PASSED] - title = getUrl(): Current window's url is: 'https://haboom.com/d/casino/casino'

27-02-2024T09:54:32 - [MESSAGE][PASSED] - Current window's url is: 'https://haboom.com/d/casino/casino'

27-02-2024T09:54:32 - [TEST_STEP][PASSED] - if (title.contains("notavailable")): null

27-02-2024T09:54:32 - [TEST_STEP][PASSED] - switchToWindowIndex(1): Switched to window with index: '1'

27-02-2024T09:54:32 - [MESSAGE][PASSED] - Switched to window with index: '1'

27-02-2024T09:54:32 - [TEST_STEP][PASSED] - closeWindowIndex(1): Window with index 1 is closed

27-02-2024T09:54:32 - [MESSAGE][PASSED] - Window with index 1 is closed

27-02-2024T09:54:32 - [TEST_STEP][PASSED] - switchToWindowIndex(0): Switched to window with index: '0'

27-02-2024T09:54:32 - [MESSAGE][PASSED] - Switched to window with index: '0'

27-02-2024T09:54:32 - [TEST_STEP][PASSED] - delay(5): Delayed 5 second(s)

27-02-2024T09:54:37 - [MESSAGE][PASSED] - Delayed 5 second(s)

27-02-2024T09:54:37 - [TEST_STEP][PASSED] - println(j): null

27-02-2024T09:54:37 - [TEST_STEP][PASSED] - playgame = allgames.get(j): null

27-02-2024T09:54:37 - [TEST_STEP][PASSED] - Object = convertWebElementToTestObject(playgame): null

27-02-2024T09:54:37 - [TEST_STEP][PASSED] - scrollToElement(Object, 10): Scroll to object '' successfully

27-02-2024T09:54:37 - [MESSAGE][PASSED] - Scroll to object '' successfully

27-02-2024T09:54:37 - [TEST_STEP][PASSED] - playgame.click(): null

27-02-2024T09:54:37 - [TEST_STEP][PASSED] - delay(5): Delayed 5 second(s)

27-02-2024T09:54:42 - [MESSAGE][PASSED] - Delayed 5 second(s)

27-02-2024T09:54:42 - [TEST_STEP][PASSED] - title = getUrl(): Current window's url is: 'https://haboom.com/d/casino/casino'

27-02-2024T09:54:42 - [MESSAGE][PASSED] - Current window's url is: 'https://haboom.com/d/casino/casino'

27-02-2024T09:54:42 - [TEST_STEP][PASSED] - if (title.contains("notavailable")): null

27-02-2024T09:54:42 - [TEST_STEP][PASSED] - switchToWindowIndex(1): Switched to window with index: '1'

27-02-2024T09:54:42 - [MESSAGE][PASSED] - Switched to window with index: '1'

27-02-2024T09:54:42 - [TEST_STEP][PASSED] - closeWindowIndex(1): Window with index 1 is closed

27-02-2024T09:54:42 - [MESSAGE][PASSED] - Window with index 1 is closed

27-02-2024T09:54:42 - [TEST_STEP][PASSED] - switchToWindowIndex(0): Switched to window with index: '0'

27-02-2024T09:54:42 - [MESSAGE][PASSED] - Switched to window with index: '0'

27-02-2024T09:54:42 - [TEST_STEP][PASSED] - delay(5): Delayed 5 second(s)

27-02-2024T09:54:47 - [MESSAGE][PASSED] - Delayed 5 second(s)

27-02-2024T09:54:47 - [TEST_STEP][PASSED] - println(j): null

27-02-2024T09:54:47 - [TEST_STEP][PASSED] - playgame = allgames.get(j): null

27-02-2024T09:54:47 - [TEST_STEP][PASSED] - Object = convertWebElementToTestObject(playgame): null

27-02-2024T09:54:47 - [TEST_STEP][PASSED] - scrollToElement(Object, 10): Scroll to object '' successfully

27-02-2024T09:54:47 - [MESSAGE][PASSED] - Scroll to object '' successfully

27-02-2024T09:54:47 - [TEST_STEP][PASSED] - playgame.click(): null

27-02-2024T09:54:47 - [TEST_STEP][PASSED] - delay(5): Delayed 5 second(s)

27-02-2024T09:54:52 - [MESSAGE][PASSED] - Delayed 5 second(s)

27-02-2024T09:54:52 - [TEST_STEP][PASSED] - title = getUrl(): Current window's url is: 'https://haboom.com/d/casino/casino'

27-02-2024T09:54:52 - [MESSAGE][PASSED] - Current window's url is: 'https://haboom.com/d/casino/casino'

27-02-2024T09:54:52 - [TEST_STEP][PASSED] - if (title.contains("notavailable")): null

27-02-2024T09:54:52 - [TEST_STEP][PASSED] - switchToWindowIndex(1): Switched to window with index: '1'

27-02-2024T09:54:52 - [MESSAGE][PASSED] - Switched to window with index: '1'

27-02-2024T09:54:52 - [TEST_STEP][PASSED] - closeWindowIndex(1): Window with index 1 is closed

27-02-2024T09:54:52 - [MESSAGE][PASSED] - Window with index 1 is closed

27-02-2024T09:54:52 - [TEST_STEP][PASSED] - switchToWindowIndex(0): Switched to window with index: '0'

27-02-2024T09:54:52 - [MESSAGE][PASSED] - Switched to window with index: '0'

27-02-2024T09:54:52 - [TEST_STEP][PASSED] - delay(5): Delayed 5 second(s)

27-02-2024T09:54:57 - [MESSAGE][PASSED] - Delayed 5 second(s)

27-02-2024T09:54:57 - [TEST_STEP][PASSED] - println(j): null

27-02-2024T09:54:57 - [TEST_STEP][PASSED] - playgame = allgames.get(j): null

27-02-2024T09:54:57 - [TEST_STEP][PASSED] - Object = convertWebElementToTestObject(playgame): null

27-02-2024T09:54:57 - [TEST_STEP][PASSED] - scrollToElement(Object, 10): Scroll to object '' successfully

27-02-2024T09:54:57 - [MESSAGE][PASSED] - Scroll to object '' successfully

27-02-2024T09:54:57 - [TEST_STEP][PASSED] - playgame.click(): null

27-02-2024T09:54:58 - [TEST_STEP][PASSED] - delay(5): Delayed 5 second(s)

27-02-2024T09:55:03 - [MESSAGE][PASSED] - Delayed 5 second(s)

27-02-2024T09:55:03 - [TEST_STEP][PASSED] - title = getUrl(): Current window's url is: 'https://haboom.com/d/casino/casino'

27-02-2024T09:55:03 - [MESSAGE][PASSED] - Current window's url is: 'https://haboom.com/d/casino/casino'

27-02-2024T09:55:03 - [TEST_STEP][PASSED] - if (title.contains("notavailable")): null

27-02-2024T09:55:03 - [TEST_STEP][PASSED] - switchToWindowIndex(1): Switched to window with index: '1'

27-02-2024T09:55:03 - [MESSAGE][PASSED] - Switched to window with index: '1'

27-02-2024T09:55:03 - [TEST_STEP][PASSED] - closeWindowIndex(1): Window with index 1 is closed

27-02-2024T09:55:03 - [MESSAGE][PASSED] - Window with index 1 is closed

27-02-2024T09:55:03 - [TEST_STEP][PASSED] - switchToWindowIndex(0): Switched to window with index: '0'

27-02-2024T09:55:03 - [MESSAGE][PASSED] - Switched to window with index: '0'

27-02-2024T09:55:03 - [TEST_STEP][PASSED] - delay(5): Delayed 5 second(s)

27-02-2024T09:55:08 - [MESSAGE][PASSED] - Delayed 5 second(s)

27-02-2024T09:55:08 - [TEST_STEP][PASSED] - println(j): null

27-02-2024T09:55:08 - [TEST_STEP][PASSED] - playgame = allgames.get(j): null

27-02-2024T09:55:08 - [TEST_STEP][PASSED] - Object = convertWebElementToTestObject(playgame): null

27-02-2024T09:55:08 - [TEST_STEP][PASSED] - scrollToElement(Object, 10): Scroll to object '' successfully

27-02-2024T09:55:08 - [MESSAGE][PASSED] - Scroll to object '' successfully

27-02-2024T09:55:08 - [TEST_STEP][PASSED] - playgame.click(): null

27-02-2024T09:55:08 - [TEST_STEP][PASSED] - delay(5): Delayed 5 second(s)

27-02-2024T09:55:13 - [MESSAGE][PASSED] - Delayed 5 second(s)

27-02-2024T09:55:13 - [TEST_STEP][PASSED] - title = getUrl(): Current window's url is: 'https://haboom.com/d/casino/casino'

27-02-2024T09:55:13 - [MESSAGE][PASSED] - Current window's url is: 'https://haboom.com/d/casino/casino'

27-02-2024T09:55:13 - [TEST_STEP][PASSED] - if (title.contains("notavailable")): null

27-02-2024T09:55:13 - [TEST_STEP][PASSED] - switchToWindowIndex(1): Switched to window with index: '1'

27-02-2024T09:55:13 - [MESSAGE][PASSED] - Switched to window with index: '1'

27-02-2024T09:55:13 - [TEST_STEP][PASSED] - closeWindowIndex(1): Window with index 1 is closed

27-02-2024T09:55:13 - [MESSAGE][PASSED] - Window with index 1 is closed

27-02-2024T09:55:13 - [TEST_STEP][PASSED] - switchToWindowIndex(0): Switched to window with index: '0'

27-02-2024T09:55:13 - [MESSAGE][PASSED] - Switched to window with index: '0'

27-02-2024T09:55:13 - [TEST_STEP][PASSED] - delay(5): Delayed 5 second(s)

27-02-2024T09:55:18 - [MESSAGE][PASSED] - Delayed 5 second(s)

27-02-2024T09:55:18 - [TEST_STEP][PASSED] - println(j): null

27-02-2024T09:55:18 - [TEST_STEP][PASSED] - playgame = allgames.get(j): null

27-02-2024T09:55:18 - [TEST_STEP][PASSED] - Object = convertWebElementToTestObject(playgame): null

27-02-2024T09:55:18 - [TEST_STEP][PASSED] - scrollToElement(Object, 10): Scroll to object '' successfully

27-02-2024T09:55:18 - [MESSAGE][PASSED] - Scroll to object '' successfully

27-02-2024T09:55:18 - [TEST_STEP][PASSED] - playgame.click(): null

27-02-2024T09:55:18 - [TEST_STEP][PASSED] - delay(5): Delayed 5 second(s)

27-02-2024T09:55:23 - [MESSAGE][PASSED] - Delayed 5 second(s)

27-02-2024T09:55:23 - [TEST_STEP][PASSED] - title = getUrl(): Current window's url is: 'https://haboom.com/d/casino/casino'

27-02-2024T09:55:23 - [MESSAGE][PASSED] - Current window's url is: 'https://haboom.com/d/casino/casino'

27-02-2024T09:55:23 - [TEST_STEP][PASSED] - if (title.contains("notavailable")): null

27-02-2024T09:55:23 - [TEST_STEP][PASSED] - switchToWindowIndex(1): Switched to window with index: '1'

27-02-2024T09:55:23 - [MESSAGE][PASSED] - Switched to window with index: '1'

27-02-2024T09:55:23 - [TEST_STEP][PASSED] - closeWindowIndex(1): Window with index 1 is closed

27-02-2024T09:55:23 - [MESSAGE][PASSED] - Window with index 1 is closed

27-02-2024T09:55:23 - [TEST_STEP][PASSED] - switchToWindowIndex(0): Switched to window with index: '0'

27-02-2024T09:55:23 - [MESSAGE][PASSED] - Switched to window with index: '0'

27-02-2024T09:55:23 - [TEST_STEP][PASSED] - delay(5): Delayed 5 second(s)

27-02-2024T09:55:28 - [MESSAGE][PASSED] - Delayed 5 second(s)

27-02-2024T09:55:28 - [TEST_STEP][PASSED] - println(j): null

27-02-2024T09:55:28 - [TEST_STEP][PASSED] - playgame = allgames.get(j): null

27-02-2024T09:55:28 - [TEST_STEP][PASSED] - Object = convertWebElementToTestObject(playgame): null

27-02-2024T09:55:28 - [TEST_STEP][PASSED] - scrollToElement(Object, 10): Scroll to object '' successfully

27-02-2024T09:55:28 - [MESSAGE][PASSED] - Scroll to object '' successfully

27-02-2024T09:55:28 - [TEST_STEP][PASSED] - playgame.click(): null

27-02-2024T09:55:28 - [TEST_STEP][PASSED] - delay(5): Delayed 5 second(s)

27-02-2024T09:55:33 - [MESSAGE][PASSED] - Delayed 5 second(s)

27-02-2024T09:55:33 - [TEST_STEP][PASSED] - title = getUrl(): Current window's url is: 'https://haboom.com/d/casino/casino'

27-02-2024T09:55:33 - [MESSAGE][PASSED] - Current window's url is: 'https://haboom.com/d/casino/casino'

27-02-2024T09:55:33 - [TEST_STEP][PASSED] - if (title.contains("notavailable")): null

27-02-2024T09:55:33 - [TEST_STEP][PASSED] - switchToWindowIndex(1): Switched to window with index: '1'

27-02-2024T09:55:33 - [MESSAGE][PASSED] - Switched to window with index: '1'

27-02-2024T09:55:33 - [TEST_STEP][PASSED] - closeWindowIndex(1): Window with index 1 is closed

27-02-2024T09:55:33 - [MESSAGE][PASSED] - Window with index 1 is closed

27-02-2024T09:55:33 - [TEST_STEP][PASSED] - switchToWindowIndex(0): Switched to window with index: '0'

27-02-2024T09:55:33 - [MESSAGE][PASSED] - Switched to window with index: '0'

27-02-2024T09:55:33 - [TEST_STEP][PASSED] - delay(5): Delayed 5 second(s)

27-02-2024T09:55:38 - [MESSAGE][PASSED] - Delayed 5 second(s)

27-02-2024T09:55:38 - [TEST_STEP][PASSED] - println(j): null

27-02-2024T09:55:38 - [TEST_STEP][PASSED] - playgame = allgames.get(j): null

27-02-2024T09:55:38 - [TEST_STEP][PASSED] - Object = convertWebElementToTestObject(playgame): null

27-02-2024T09:55:38 - [TEST_STEP][PASSED] - scrollToElement(Object, 10): Scroll to object '' successfully

27-02-2024T09:55:38 - [MESSAGE][PASSED] - Scroll to object '' successfully

27-02-2024T09:55:38 - [TEST_STEP][PASSED] - playgame.click(): null

27-02-2024T09:55:38 - [TEST_STEP][PASSED] - delay(5): Delayed 5 second(s)

27-02-2024T09:55:43 - [MESSAGE][PASSED] - Delayed 5 second(s)

27-02-2024T09:55:43 - [TEST_STEP][PASSED] - title = getUrl(): Current window's url is: 'https://haboom.com/d/casino/casino'

27-02-2024T09:55:43 - [MESSAGE][PASSED] - Current window's url is: 'https://haboom.com/d/casino/casino'

27-02-2024T09:55:43 - [TEST_STEP][PASSED] - if (title.contains("notavailable")): null

27-02-2024T09:55:43 - [TEST_STEP][PASSED] - switchToWindowIndex(1): Switched to window with index: '1'

27-02-2024T09:55:43 - [MESSAGE][PASSED] - Switched to window with index: '1'

27-02-2024T09:55:43 - [TEST_STEP][PASSED] - closeWindowIndex(1): Window with index 1 is closed

27-02-2024T09:55:44 - [MESSAGE][PASSED] - Window with index 1 is closed

27-02-2024T09:55:44 - [TEST_STEP][PASSED] - switchToWindowIndex(0): Switched to window with index: '0'

27-02-2024T09:55:44 - [MESSAGE][PASSED] - Switched to window with index: '0'

27-02-2024T09:55:44 - [TEST_STEP][PASSED] - delay(5): Delayed 5 second(s)

27-02-2024T09:55:49 - [MESSAGE][PASSED] - Delayed 5 second(s)

27-02-2024T09:55:49 - [TEST_STEP][PASSED] - println(j): null

27-02-2024T09:55:49 - [TEST_STEP][PASSED] - playgame = allgames.get(j): null

27-02-2024T09:55:49 - [TEST_STEP][PASSED] - Object = convertWebElementToTestObject(playgame): null

27-02-2024T09:55:49 - [TEST_STEP][PASSED] - scrollToElement(Object, 10): Scroll to object '' successfully

27-02-2024T09:55:49 - [MESSAGE][PASSED] - Scroll to object '' successfully

27-02-2024T09:55:49 - [TEST_STEP][PASSED] - playgame.click(): null

27-02-2024T09:55:49 - [TEST_STEP][PASSED] - delay(5): Delayed 5 second(s)

27-02-2024T09:55:54 - [MESSAGE][PASSED] - Delayed 5 second(s)

27-02-2024T09:55:54 - [TEST_STEP][PASSED] - title = getUrl(): Current window's url is: 'https://haboom.com/d/casino/casino'

27-02-2024T09:55:54 - [MESSAGE][PASSED] - Current window's url is: 'https://haboom.com/d/casino/casino'

27-02-2024T09:55:54 - [TEST_STEP][PASSED] - if (title.contains("notavailable")): null

27-02-2024T09:55:54 - [TEST_STEP][PASSED] - switchToWindowIndex(1): Switched to window with index: '1'

27-02-2024T09:55:54 - [MESSAGE][PASSED] - Switched to window with index: '1'

27-02-2024T09:55:54 - [TEST_STEP][PASSED] - closeWindowIndex(1): Window with index 1 is closed

27-02-2024T09:55:54 - [MESSAGE][PASSED] - Window with index 1 is closed

27-02-2024T09:55:54 - [TEST_STEP][PASSED] - switchToWindowIndex(0): Switched to window with index: '0'

27-02-2024T09:55:54 - [MESSAGE][PASSED] - Switched to window with index: '0'

27-02-2024T09:55:54 - [TEST_STEP][PASSED] - delay(5): Delayed 5 second(s)

27-02-2024T09:55:59 - [MESSAGE][PASSED] - Delayed 5 second(s)

27-02-2024T09:55:59 - [TEST_STEP][PASSED] - println(j): null

27-02-2024T09:55:59 - [TEST_STEP][PASSED] - playgame = allgames.get(j): null

27-02-2024T09:55:59 - [TEST_STEP][PASSED] - Object = convertWebElementToTestObject(playgame): null

27-02-2024T09:55:59 - [TEST_STEP][PASSED] - scrollToElement(Object, 10): Scroll to object '' successfully

27-02-2024T09:55:59 - [MESSAGE][PASSED] - Scroll to object '' successfully

27-02-2024T09:55:59 - [TEST_STEP][PASSED] - playgame.click(): null

27-02-2024T09:55:59 - [TEST_STEP][PASSED] - delay(5): Delayed 5 second(s)

27-02-2024T09:56:04 - [MESSAGE][PASSED] - Delayed 5 second(s)

27-02-2024T09:56:04 - [TEST_STEP][PASSED] - title = getUrl(): Current window's url is: 'https://haboom.com/d/casino/casino'

27-02-2024T09:56:04 - [MESSAGE][PASSED] - Current window's url is: 'https://haboom.com/d/casino/casino'

27-02-2024T09:56:04 - [TEST_STEP][PASSED] - if (title.contains("notavailable")): null

27-02-2024T09:56:04 - [TEST_STEP][PASSED] - switchToWindowIndex(1): Switched to window with index: '1'

27-02-2024T09:56:04 - [MESSAGE][PASSED] - Switched to window with index: '1'

27-02-2024T09:56:04 - [TEST_STEP][PASSED] - closeWindowIndex(1): Window with index 1 is closed

27-02-2024T09:56:04 - [MESSAGE][PASSED] - Window with index 1 is closed

27-02-2024T09:56:04 - [TEST_STEP][PASSED] - switchToWindowIndex(0): Switched to window with index: '0'

27-02-2024T09:56:04 - [MESSAGE][PASSED] - Switched to window with index: '0'

27-02-2024T09:56:04 - [TEST_STEP][PASSED] - delay(5): Delayed 5 second(s)

27-02-2024T09:56:09 - [MESSAGE][PASSED] - Delayed 5 second(s)

27-02-2024T09:56:09 - [TEST_STEP][PASSED] - println(j): null

27-02-2024T09:56:09 - [TEST_STEP][PASSED] - playgame = allgames.get(j): null

27-02-2024T09:56:09 - [TEST_STEP][PASSED] - Object = convertWebElementToTestObject(playgame): null

27-02-2024T09:56:09 - [TEST_STEP][PASSED] - scrollToElement(Object, 10): Scroll to object '' successfully

27-02-2024T09:56:09 - [MESSAGE][PASSED] - Scroll to object '' successfully

27-02-2024T09:56:09 - [TEST_STEP][PASSED] - playgame.click(): null

27-02-2024T09:56:09 - [TEST_STEP][PASSED] - delay(5): Delayed 5 second(s)

27-02-2024T09:56:14 - [MESSAGE][PASSED] - Delayed 5 second(s)

27-02-2024T09:56:14 - [TEST_STEP][PASSED] - title = getUrl(): Current window's url is: 'https://haboom.com/d/casino/casino'

27-02-2024T09:56:14 - [MESSAGE][PASSED] - Current window's url is: 'https://haboom.com/d/casino/casino'

27-02-2024T09:56:14 - [TEST_STEP][PASSED] - if (title.contains("notavailable")): null

27-02-2024T09:56:14 - [TEST_STEP][PASSED] - switchToWindowIndex(1): Switched to window with index: '1'

27-02-2024T09:56:14 - [MESSAGE][PASSED] - Switched to window with index: '1'

27-02-2024T09:56:14 - [TEST_STEP][PASSED] - closeWindowIndex(1): Window with index 1 is closed

27-02-2024T09:56:14 - [MESSAGE][PASSED] - Window with index 1 is closed

27-02-2024T09:56:14 - [TEST_STEP][PASSED] - switchToWindowIndex(0): Switched to window with index: '0'

27-02-2024T09:56:14 - [MESSAGE][PASSED] - Switched to window with index: '0'

27-02-2024T09:56:14 - [TEST_STEP][PASSED] - delay(5): Delayed 5 second(s)

27-02-2024T09:56:20 - [MESSAGE][PASSED] - Delayed 5 second(s)

27-02-2024T09:56:20 - [TEST_STEP][PASSED] - println(j): null

27-02-2024T09:56:20 - [TEST_STEP][PASSED] - playgame = allgames.get(j): null

27-02-2024T09:56:20 - [TEST_STEP][PASSED] - Object = convertWebElementToTestObject(playgame): null

27-02-2024T09:56:20 - [TEST_STEP][PASSED] - scrollToElement(Object, 10): Scroll to object '' successfully

27-02-2024T09:56:20 - [MESSAGE][PASSED] - Scroll to object '' successfully

27-02-2024T09:56:20 - [TEST_STEP][PASSED] - playgame.click(): null

27-02-2024T09:56:20 - [TEST_STEP][PASSED] - delay(5): Delayed 5 second(s)

27-02-2024T09:56:25 - [MESSAGE][PASSED] - Delayed 5 second(s)

27-02-2024T09:56:25 - [TEST_STEP][PASSED] - title = getUrl(): Current window's url is: 'https://haboom.com/d/casino/casino'

27-02-2024T09:56:25 - [MESSAGE][PASSED] - Current window's url is: 'https://haboom.com/d/casino/casino'

27-02-2024T09:56:25 - [TEST_STEP][PASSED] - if (title.contains("notavailable")): null

27-02-2024T09:56:25 - [TEST_STEP][PASSED] - switchToWindowIndex(1): Switched to window with index: '1'

27-02-2024T09:56:25 - [MESSAGE][PASSED] - Switched to window with index: '1'

27-02-2024T09:56:25 - [TEST_STEP][PASSED] - closeWindowIndex(1): Window with index 1 is closed

27-02-2024T09:56:25 - [MESSAGE][PASSED] - Window with index 1 is closed

27-02-2024T09:56:25 - [TEST_STEP][PASSED] - switchToWindowIndex(0): Switched to window with index: '0'

27-02-2024T09:56:25 - [MESSAGE][PASSED] - Switched to window with index: '0'

27-02-2024T09:56:25 - [TEST_STEP][PASSED] - delay(5): Delayed 5 second(s)

27-02-2024T09:56:30 - [MESSAGE][PASSED] - Delayed 5 second(s)

27-02-2024T09:56:30 - [TEST_STEP][PASSED] - println(j): null

27-02-2024T09:56:30 - [TEST_STEP][ERROR] - playgame = allgames.get(j): Test Cases/Casino/Open game successful FAILED.
Reason:
java.lang.IndexOutOfBoundsException: Index 20 out of bounds for length 20
	at java.base/jdk.internal.util.Preconditions.outOfBounds(Preconditions.java:64)
	at java.base/jdk.internal.util.Preconditions.outOfBoundsCheckIndex(Preconditions.java:70)
	at java.base/jdk.internal.util.Preconditions.checkIndex(Preconditions.java:266)
	at Open game successful.run(Open game successful:41)
	at com.kms.katalon.core.main.ScriptEngine.run(ScriptEngine.java:194)
	at com.kms.katalon.core.main.ScriptEngine.runScriptAsRawText(ScriptEngine.java:119)
	at com.kms.katalon.core.main.TestCaseExecutor.runScript(TestCaseExecutor.java:448)
	at com.kms.katalon.core.main.TestCaseExecutor.doExecute(TestCaseExecutor.java:439)
	at com.kms.katalon.core.main.TestCaseExecutor.processExecutionPhase(TestCaseExecutor.java:418)
	at com.kms.katalon.core.main.TestCaseExecutor.accessMainPhase(TestCaseExecutor.java:410)
	at com.kms.katalon.core.main.TestCaseExecutor.execute(TestCaseExecutor.java:285)
	at com.kms.katalon.core.common.CommonExecutor.accessTestCaseMainPhase(CommonExecutor.java:65)
	at com.kms.katalon.core.main.TestSuiteExecutor.accessTestSuiteMainPhase(TestSuiteExecutor.java:148)
	at com.kms.katalon.core.main.TestSuiteExecutor.execute(TestSuiteExecutor.java:106)
	at com.kms.katalon.core.main.TestCaseMain.startTestSuite(TestCaseMain.java:180)
	at TempTestSuite1709007768942.run(TempTestSuite1709007768942.groovy:36)
	at java.base/jdk.internal.reflect.NativeMethodAccessorImpl.invoke0(Native Method)
	at java.base/jdk.internal.reflect.NativeMethodAccessorImpl.invoke(NativeMethodAccessorImpl.java:77)
	at java.base/jdk.internal.reflect.DelegatingMethodAccessorImpl.invoke(DelegatingMethodAccessorImpl.java:43)


27-02-2024T09:56:30 - [MESSAGE][ERROR] - Test Cases/Casino/Open game successful FAILED.
Reason:
java.lang.IndexOutOfBoundsException: Index 20 out of bounds for length 20
	at java.base/jdk.internal.util.Preconditions.outOfBounds(Preconditions.java:64)
	at java.base/jdk.internal.util.Preconditions.outOfBoundsCheckIndex(Preconditions.java:70)
	at java.base/jdk.internal.util.Preconditions.checkIndex(Preconditions.java:266)
	at Open game successful.run(Open game successful:41)
	at com.kms.katalon.core.main.ScriptEngine.run(ScriptEngine.java:194)
	at com.kms.katalon.core.main.ScriptEngine.runScriptAsRawText(ScriptEngine.java:119)
	at com.kms.katalon.core.main.TestCaseExecutor.runScript(TestCaseExecutor.java:448)
	at com.kms.katalon.core.main.TestCaseExecutor.doExecute(TestCaseExecutor.java:439)
	at com.kms.katalon.core.main.TestCaseExecutor.processExecutionPhase(TestCaseExecutor.java:418)
	at com.kms.katalon.core.main.TestCaseExecutor.accessMainPhase(TestCaseExecutor.java:410)
	at com.kms.katalon.core.main.TestCaseExecutor.execute(TestCaseExecutor.java:285)
	at com.kms.katalon.core.common.CommonExecutor.accessTestCaseMainPhase(CommonExecutor.java:65)
	at com.kms.katalon.core.main.TestSuiteExecutor.accessTestSuiteMainPhase(TestSuiteExecutor.java:148)
	at com.kms.katalon.core.main.TestSuiteExecutor.execute(TestSuiteExecutor.java:106)
	at com.kms.katalon.core.main.TestCaseMain.startTestSuite(TestCaseMain.java:180)
	at TempTestSuite1709007768942.run(TempTestSuite1709007768942.groovy:36)
	at java.base/jdk.internal.reflect.NativeMethodAccessorImpl.invoke0(Native Method)
	at java.base/jdk.internal.reflect.NativeMethodAccessorImpl.invoke(NativeMethodAccessorImpl.java:77)
	at java.base/jdk.internal.reflect.DelegatingMethodAccessorImpl.invoke(DelegatingMethodAccessorImpl.java:43)]]></system-out>
         <system-err><![CDATA[27-02-2024T09:52:51 - [TEST_CASE][ERROR] - Test Cases/Casino/Open game successful: Test Cases/Casino/Open game successful FAILED.
Reason:
java.lang.IndexOutOfBoundsException: Index 20 out of bounds for length 20
	at java.base/jdk.internal.util.Preconditions.outOfBounds(Preconditions.java:64)
	at java.base/jdk.internal.util.Preconditions.outOfBoundsCheckIndex(Preconditions.java:70)
	at java.base/jdk.internal.util.Preconditions.checkIndex(Preconditions.java:266)
	at Open game successful.run(Open game successful:41)
	at com.kms.katalon.core.main.ScriptEngine.run(ScriptEngine.java:194)
	at com.kms.katalon.core.main.ScriptEngine.runScriptAsRawText(ScriptEngine.java:119)
	at com.kms.katalon.core.main.TestCaseExecutor.runScript(TestCaseExecutor.java:448)
	at com.kms.katalon.core.main.TestCaseExecutor.doExecute(TestCaseExecutor.java:439)
	at com.kms.katalon.core.main.TestCaseExecutor.processExecutionPhase(TestCaseExecutor.java:418)
	at com.kms.katalon.core.main.TestCaseExecutor.accessMainPhase(TestCaseExecutor.java:410)
	at com.kms.katalon.core.main.TestCaseExecutor.execute(TestCaseExecutor.java:285)
	at com.kms.katalon.core.common.CommonExecutor.accessTestCaseMainPhase(CommonExecutor.java:65)
	at com.kms.katalon.core.main.TestSuiteExecutor.accessTestSuiteMainPhase(TestSuiteExecutor.java:148)
	at com.kms.katalon.core.main.TestSuiteExecutor.execute(TestSuiteExecutor.java:106)
	at com.kms.katalon.core.main.TestCaseMain.startTestSuite(TestCaseMain.java:180)
	at TempTestSuite1709007768942.run(TempTestSuite1709007768942.groovy:36)
	at java.base/jdk.internal.reflect.NativeMethodAccessorImpl.invoke0(Native Method)
	at java.base/jdk.internal.reflect.NativeMethodAccessorImpl.invoke(NativeMethodAccessorImpl.java:77)
	at java.base/jdk.internal.reflect.DelegatingMethodAccessorImpl.invoke(DelegatingMethodAccessorImpl.java:43)]]></system-err>
      </testcase>
      <system-out><![CDATA[27-02-2024T09:52:51 - [TEST_SUITE][ERROR] - Casino: Test Cases/Casino/Open game successful FAILED.
Reason:
java.lang.IndexOutOfBoundsException: Index 20 out of bounds for length 20
	at java.base/jdk.internal.util.Preconditions.outOfBounds(Preconditions.java:64)
	at java.base/jdk.internal.util.Preconditions.outOfBoundsCheckIndex(Preconditions.java:70)
	at java.base/jdk.internal.util.Preconditions.checkIndex(Preconditions.java:266)
	at Open game successful.run(Open game successful:41)
	at com.kms.katalon.core.main.ScriptEngine.run(ScriptEngine.java:194)
	at com.kms.katalon.core.main.ScriptEngine.runScriptAsRawText(ScriptEngine.java:119)
	at com.kms.katalon.core.main.TestCaseExecutor.runScript(TestCaseExecutor.java:448)
	at com.kms.katalon.core.main.TestCaseExecutor.doExecute(TestCaseExecutor.java:439)
	at com.kms.katalon.core.main.TestCaseExecutor.processExecutionPhase(TestCaseExecutor.java:418)
	at com.kms.katalon.core.main.TestCaseExecutor.accessMainPhase(TestCaseExecutor.java:410)
	at com.kms.katalon.core.main.TestCaseExecutor.execute(TestCaseExecutor.java:285)
	at com.kms.katalon.core.common.CommonExecutor.accessTestCaseMainPhase(CommonExecutor.java:65)
	at com.kms.katalon.core.main.TestSuiteExecutor.accessTestSuiteMainPhase(TestSuiteExecutor.java:148)
	at com.kms.katalon.core.main.TestSuiteExecutor.execute(TestSuiteExecutor.java:106)
	at com.kms.katalon.core.main.TestCaseMain.startTestSuite(TestCaseMain.java:180)
	at TempTestSuite1709007768942.run(TempTestSuite1709007768942.groovy:36)
	at java.base/jdk.internal.reflect.NativeMethodAccessorImpl.invoke0(Native Method)
	at java.base/jdk.internal.reflect.NativeMethodAccessorImpl.invoke(NativeMethodAccessorImpl.java:77)
	at java.base/jdk.internal.reflect.DelegatingMethodAccessorImpl.invoke(DelegatingMethodAccessorImpl.java:43)]]></system-out>
      <system-err><![CDATA[27-02-2024T09:52:51 - [TEST_SUITE][ERROR] - Casino: Test Cases/Casino/Open game successful FAILED.
Reason:
java.lang.IndexOutOfBoundsException: Index 20 out of bounds for length 20
	at java.base/jdk.internal.util.Preconditions.outOfBounds(Preconditions.java:64)
	at java.base/jdk.internal.util.Preconditions.outOfBoundsCheckIndex(Preconditions.java:70)
	at java.base/jdk.internal.util.Preconditions.checkIndex(Preconditions.java:266)
	at Open game successful.run(Open game successful:41)
	at com.kms.katalon.core.main.ScriptEngine.run(ScriptEngine.java:194)
	at com.kms.katalon.core.main.ScriptEngine.runScriptAsRawText(ScriptEngine.java:119)
	at com.kms.katalon.core.main.TestCaseExecutor.runScript(TestCaseExecutor.java:448)
	at com.kms.katalon.core.main.TestCaseExecutor.doExecute(TestCaseExecutor.java:439)
	at com.kms.katalon.core.main.TestCaseExecutor.processExecutionPhase(TestCaseExecutor.java:418)
	at com.kms.katalon.core.main.TestCaseExecutor.accessMainPhase(TestCaseExecutor.java:410)
	at com.kms.katalon.core.main.TestCaseExecutor.execute(TestCaseExecutor.java:285)
	at com.kms.katalon.core.common.CommonExecutor.accessTestCaseMainPhase(CommonExecutor.java:65)
	at com.kms.katalon.core.main.TestSuiteExecutor.accessTestSuiteMainPhase(TestSuiteExecutor.java:148)
	at com.kms.katalon.core.main.TestSuiteExecutor.execute(TestSuiteExecutor.java:106)
	at com.kms.katalon.core.main.TestCaseMain.startTestSuite(TestCaseMain.java:180)
	at TempTestSuite1709007768942.run(TempTestSuite1709007768942.groovy:36)
	at java.base/jdk.internal.reflect.NativeMethodAccessorImpl.invoke0(Native Method)
	at java.base/jdk.internal.reflect.NativeMethodAccessorImpl.invoke(NativeMethodAccessorImpl.java:77)
	at java.base/jdk.internal.reflect.DelegatingMethodAccessorImpl.invoke(DelegatingMethodAccessorImpl.java:43)]]></system-err>
   </testsuite>
</testsuites>
