<?xml version="1.0" encoding="UTF-8"?>
<testsuites name="HomePage" time="74.505" tests="4" failures="0" errors="0">
   <testsuite name="HomePage" tests="4" failures="0" errors="0" time="74.505" skipped="0" timestamp="28-02-2024T11:58:23" hostname="M Gokul Jayanth - LAPTOP-QCN9K3GM" id="Test Suites/HomePage">
      <properties>
         <property name="deviceName" value=""/>
         <property name="devicePlatform" value=""/>
         <property name="logFolder" value="C:\\Users\\M Gokul Jayanth\\git\\KatalonAutomation\\HaboomWBT\\Reports\\20240228_115820\\HomePage\\20240228_115821"/>
         <property name="logFiles" value="C:\\Users\\M Gokul Jayanth\\git\\KatalonAutomation\\HaboomWBT\\Reports\\20240228_115820\\HomePage\\20240228_115821\\execution0.log"/>
         <property name="attachments" value=""/>
         <property name="hostName" value="M Gokul Jayanth - LAPTOP-QCN9K3GM"/>
         <property name="os" value="Windows 11 64bit"/>
         <property name="katalonVersion" value="9.3.0.212"/>
         <property name="browser" value="Chrome 121.0.0.0"/>
         <property name="hostAddress" value="192.168.50.148"/>
         <property name="sessionId" value="98d5a66bf11ac849c00c985ecc19b3e3"/>
         <property name="seleniumVersion" value="3.141.59"/>
         <property name="proxyInformation" value="ProxyInformation { proxyOption=NO_PROXY, proxyServerType=HTTP, username=, password=********, proxyServerAddress=, proxyServerPort=0, executionList=&quot;&quot;, isApplyToDesiredCapabilities=true }"/>
         <property name="platform" value="Windows 11"/>
      </properties>
      <testcase name="Test Cases/HomePage/Open recommended games successful" time="14.739" classname="Test Cases/HomePage/Open recommended games successful" status="PASSED">
         <system-out><![CDATA[28-02-2024T11:58:23 - [TEST_CASE][PASSED] - Test Cases/HomePage/Open recommended games successful: Test Cases/HomePage/Open recommended games successful

28-02-2024T11:58:23 - [TEST_STEP][PASSED] - Start setup action : setupTestCase: Method 'setupTestCase' complete successfully

28-02-2024T11:58:23 - [TEST_STEP][PASSED] - openBrowser(""): Browser is opened with url: ''

28-02-2024T11:58:24 - [MESSAGE][INFO] - Starting 'Chrome' driver

28-02-2024T11:58:24 - [MESSAGE][INFO] - Action delay is set to 0 milliseconds

28-02-2024T11:58:25 - [MESSAGE][PASSED] - Browser is opened with url: ''

28-02-2024T11:58:25 - [TEST_STEP][PASSED] - navigateToUrl("https://haboom.com/"): Navigate to 'https://haboom.com/' successfully

28-02-2024T11:58:31 - [MESSAGE][PASSED] - Navigate to 'https://haboom.com/' successfully

28-02-2024T11:58:31 - [TEST_STEP][PASSED] - maximizeWindow(): Current window maximized

28-02-2024T11:58:31 - [MESSAGE][PASSED] - Current window maximized

28-02-2024T11:58:31 - [TEST_STEP][PASSED] - setText(findTestObject("Object Repository/Login Page/Login email field"), "MartinGarrix"): Text 'MartinGarrix' is set on object 'Object Repository/Login Page/Login email field'

28-02-2024T11:58:33 - [MESSAGE][PASSED] - Text 'MartinGarrix' is set on object 'Object Repository/Login Page/Login email field'

28-02-2024T11:58:33 - [TEST_STEP][PASSED] - setText(findTestObject("Object Repository/Login Page/Login Password"), "Test@1234"): Text 'Test@1234' is set on object 'Object Repository/Login Page/Login Password'

28-02-2024T11:58:34 - [MESSAGE][PASSED] - Text 'Test@1234' is set on object 'Object Repository/Login Page/Login Password'

28-02-2024T11:58:34 - [TEST_STEP][PASSED] - click(findTestObject("Object Repository/Login Page/login button")): Object: 'Object Repository/Login Page/login button' is clicked on

28-02-2024T11:58:34 - [MESSAGE][PASSED] - Object: 'Object Repository/Login Page/login button' is clicked on

28-02-2024T11:58:34 - [MESSAGE][PASSED] - Method 'setupTestCase' complete successfully

28-02-2024T11:58:34 - [TEST_STEP][PASSED] - click(findTestObject("Object Repository/Home Page/Recommendedgames_Teenpatti_image")): Object: 'Object Repository/Home Page/Recommendedgames_Teenpatti_image' is clicked on

28-02-2024T11:58:37 - [MESSAGE][PASSED] - Object: 'Object Repository/Home Page/Recommendedgames_Teenpatti_image' is clicked on

28-02-2024T11:58:37 - [TEST_STEP][PASSED] - switchToWindowIndex(1): Switched to window with index: '1'

28-02-2024T11:58:37 - [MESSAGE][PASSED] - Switched to window with index: '1'

28-02-2024T11:58:37 - [TEST_STEP][PASSED] - actualtitle = getWindowTitle(): Current window's title is: 'Three Card Poker'

28-02-2024T11:58:38 - [MESSAGE][PASSED] - Current window's title is: 'Three Card Poker'

28-02-2024T11:58:38 - [TEST_STEP][PASSED] - expectedtitle = "Three Card Poker": null

28-02-2024T11:58:38 - [TEST_STEP][PASSED] - verifyMatch(actualtitle, expectedtitle, true): Actual text 'Three Card Poker' and expected text 'Three Card Poker' are matched  using regular expression

28-02-2024T11:58:38 - [MESSAGE][PASSED] - Actual text 'Three Card Poker' and expected text 'Three Card Poker' are matched  using regular expression]]></system-out>
         <system-err><![CDATA[]]></system-err>
      </testcase>
      <testcase name="Test Cases/HomePage/Open top10 games successful" time="15.04" classname="Test Cases/HomePage/Open top10 games successful" status="PASSED">
         <system-out><![CDATA[28-02-2024T11:58:38 - [TEST_CASE][PASSED] - Test Cases/HomePage/Open top10 games successful: Test Cases/HomePage/Open top10 games successful

28-02-2024T11:58:38 - [TEST_STEP][PASSED] - Start setup action : setupTestCase: Method 'setupTestCase' complete successfully

28-02-2024T11:58:38 - [TEST_STEP][PASSED] - openBrowser(""): Browser is opened with url: ''

28-02-2024T11:58:38 - [MESSAGE][WARNING] - A browser is already opened. Closing browser and opening a new one

28-02-2024T11:58:38 - [MESSAGE][INFO] - Starting 'Chrome' driver

28-02-2024T11:58:38 - [MESSAGE][INFO] - Action delay is set to 0 milliseconds

28-02-2024T11:58:39 - [MESSAGE][PASSED] - Browser is opened with url: ''

28-02-2024T11:58:39 - [TEST_STEP][PASSED] - navigateToUrl("https://haboom.com/"): Navigate to 'https://haboom.com/' successfully

28-02-2024T11:58:45 - [MESSAGE][PASSED] - Navigate to 'https://haboom.com/' successfully

28-02-2024T11:58:45 - [TEST_STEP][PASSED] - maximizeWindow(): Current window maximized

28-02-2024T11:58:45 - [MESSAGE][PASSED] - Current window maximized

28-02-2024T11:58:45 - [TEST_STEP][PASSED] - setText(findTestObject("Object Repository/Login Page/Login email field"), "MartinGarrix"): Text 'MartinGarrix' is set on object 'Object Repository/Login Page/Login email field'

28-02-2024T11:58:47 - [MESSAGE][PASSED] - Text 'MartinGarrix' is set on object 'Object Repository/Login Page/Login email field'

28-02-2024T11:58:47 - [TEST_STEP][PASSED] - setText(findTestObject("Object Repository/Login Page/Login Password"), "Test@1234"): Text 'Test@1234' is set on object 'Object Repository/Login Page/Login Password'

28-02-2024T11:58:48 - [MESSAGE][PASSED] - Text 'Test@1234' is set on object 'Object Repository/Login Page/Login Password'

28-02-2024T11:58:48 - [TEST_STEP][PASSED] - click(findTestObject("Object Repository/Login Page/login button")): Object: 'Object Repository/Login Page/login button' is clicked on

28-02-2024T11:58:49 - [MESSAGE][PASSED] - Object: 'Object Repository/Login Page/login button' is clicked on

28-02-2024T11:58:49 - [MESSAGE][PASSED] - Method 'setupTestCase' complete successfully

28-02-2024T11:58:49 - [TEST_STEP][PASSED] - click(findTestObject("Object Repository/Home Page/Top10games_Roulette_image")): Object: 'Object Repository/Home Page/Top10games_Roulette_image' is clicked on

28-02-2024T11:58:51 - [MESSAGE][PASSED] - Object: 'Object Repository/Home Page/Top10games_Roulette_image' is clicked on

28-02-2024T11:58:51 - [TEST_STEP][PASSED] - switchToWindowIndex(1): Switched to window with index: '1'

28-02-2024T11:58:51 - [MESSAGE][PASSED] - Switched to window with index: '1'

28-02-2024T11:58:51 - [TEST_STEP][PASSED] - actualtitle = getWindowTitle(): Current window's title is: 'Casino'

28-02-2024T11:58:53 - [MESSAGE][PASSED] - Current window's title is: 'Casino'

28-02-2024T11:58:53 - [TEST_STEP][PASSED] - expectedtitle = "Casino": null

28-02-2024T11:58:53 - [TEST_STEP][PASSED] - verifyMatch(actualtitle, expectedtitle, true): Actual text 'Casino' and expected text 'Casino' are matched  using regular expression

28-02-2024T11:58:53 - [MESSAGE][PASSED] - Actual text 'Casino' and expected text 'Casino' are matched  using regular expression]]></system-out>
         <system-err><![CDATA[]]></system-err>
      </testcase>
      <testcase name="Test Cases/HomePage/open exchange_cricket game successfull" time="23.709" classname="Test Cases/HomePage/open exchange_cricket game successfull" status="PASSED">
         <system-out><![CDATA[28-02-2024T11:58:53 - [TEST_CASE][PASSED] - Test Cases/HomePage/open exchange_cricket game successfull: Test Cases/HomePage/open exchange_cricket game successfull

28-02-2024T11:58:53 - [TEST_STEP][PASSED] - Start setup action : setupTestCase: Method 'setupTestCase' complete successfully

28-02-2024T11:58:53 - [TEST_STEP][PASSED] - openBrowser(""): Browser is opened with url: ''

28-02-2024T11:58:53 - [MESSAGE][WARNING] - A browser is already opened. Closing browser and opening a new one

28-02-2024T11:58:53 - [MESSAGE][INFO] - Starting 'Chrome' driver

28-02-2024T11:58:53 - [MESSAGE][INFO] - Action delay is set to 0 milliseconds

28-02-2024T11:58:54 - [MESSAGE][PASSED] - Browser is opened with url: ''

28-02-2024T11:58:54 - [TEST_STEP][PASSED] - navigateToUrl("https://haboom.com/"): Navigate to 'https://haboom.com/' successfully

28-02-2024T11:59:04 - [MESSAGE][PASSED] - Navigate to 'https://haboom.com/' successfully

28-02-2024T11:59:04 - [TEST_STEP][PASSED] - maximizeWindow(): Current window maximized

28-02-2024T11:59:04 - [MESSAGE][PASSED] - Current window maximized

28-02-2024T11:59:04 - [TEST_STEP][PASSED] - setText(findTestObject("Object Repository/Login Page/Login email field"), "MartinGarrix"): Text 'MartinGarrix' is set on object 'Object Repository/Login Page/Login email field'

28-02-2024T11:59:06 - [MESSAGE][PASSED] - Text 'MartinGarrix' is set on object 'Object Repository/Login Page/Login email field'

28-02-2024T11:59:06 - [TEST_STEP][PASSED] - setText(findTestObject("Object Repository/Login Page/Login Password"), "Test@1234"): Text 'Test@1234' is set on object 'Object Repository/Login Page/Login Password'

28-02-2024T11:59:07 - [MESSAGE][PASSED] - Text 'Test@1234' is set on object 'Object Repository/Login Page/Login Password'

28-02-2024T11:59:07 - [TEST_STEP][PASSED] - click(findTestObject("Object Repository/Login Page/login button")): Object: 'Object Repository/Login Page/login button' is clicked on

28-02-2024T11:59:07 - [MESSAGE][PASSED] - Object: 'Object Repository/Login Page/login button' is clicked on

28-02-2024T11:59:07 - [MESSAGE][PASSED] - Method 'setupTestCase' complete successfully

28-02-2024T11:59:07 - [TEST_STEP][PASSED] - click(findTestObject("Object Repository/Home Page/Exchange_cricket")): Object: 'Object Repository/Home Page/Exchange_cricket' is clicked on

28-02-2024T11:59:12 - [MESSAGE][PASSED] - Object: 'Object Repository/Home Page/Exchange_cricket' is clicked on

28-02-2024T11:59:12 - [TEST_STEP][PASSED] - delay(5): Delayed 5 second(s)

28-02-2024T11:59:17 - [MESSAGE][PASSED] - Delayed 5 second(s)

28-02-2024T11:59:17 - [TEST_STEP][PASSED] - Actualtitle = getWindowTitle(): Current window's title is: 'Cricket Betting Exchange & Cricket Best Odds » Haboom™ Exchange'

28-02-2024T11:59:17 - [MESSAGE][PASSED] - Current window's title is: 'Cricket Betting Exchange & Cricket Best Odds » Haboom™ Exchange'

28-02-2024T11:59:17 - [TEST_STEP][PASSED] - println(Actualtitle): null

28-02-2024T11:59:17 - [TEST_STEP][PASSED] - Expectedtitle = "Cricket Betting Exchange & Cricket Best Odds » Haboom™ Exchange": null

28-02-2024T11:59:17 - [TEST_STEP][PASSED] - verifyMatch(Actualtitle, Expectedtitle, true): Actual text 'Cricket Betting Exchange & Cricket Best Odds » Haboom™ Exchange' and expected text 'Cricket Betting Exchange & Cricket Best Odds » Haboom™ Exchange' are matched  using regular expression

28-02-2024T11:59:17 - [MESSAGE][PASSED] - Actual text 'Cricket Betting Exchange & Cricket Best Odds » Haboom™ Exchange' and expected text 'Cricket Betting Exchange & Cricket Best Odds » Haboom™ Exchange' are matched  using regular expression]]></system-out>
         <system-err><![CDATA[]]></system-err>
      </testcase>
      <testcase name="Test Cases/HomePage/open exchange_soccer game successfull" time="20.887" classname="Test Cases/HomePage/open exchange_soccer game successfull" status="PASSED">
         <system-out><![CDATA[28-02-2024T11:59:17 - [TEST_CASE][PASSED] - Test Cases/HomePage/open exchange_soccer game successfull: Test Cases/HomePage/open exchange_soccer game successfull

28-02-2024T11:59:17 - [TEST_STEP][PASSED] - Start setup action : setupTestCase: Method 'setupTestCase' complete successfully

28-02-2024T11:59:17 - [TEST_STEP][PASSED] - openBrowser(""): Browser is opened with url: ''

28-02-2024T11:59:17 - [MESSAGE][WARNING] - A browser is already opened. Closing browser and opening a new one

28-02-2024T11:59:17 - [MESSAGE][INFO] - Starting 'Chrome' driver

28-02-2024T11:59:17 - [MESSAGE][INFO] - Action delay is set to 0 milliseconds

28-02-2024T11:59:18 - [MESSAGE][PASSED] - Browser is opened with url: ''

28-02-2024T11:59:18 - [TEST_STEP][PASSED] - navigateToUrl("https://haboom.com/"): Navigate to 'https://haboom.com/' successfully

28-02-2024T11:59:22 - [MESSAGE][PASSED] - Navigate to 'https://haboom.com/' successfully

28-02-2024T11:59:22 - [TEST_STEP][PASSED] - maximizeWindow(): Current window maximized

28-02-2024T11:59:22 - [MESSAGE][PASSED] - Current window maximized

28-02-2024T11:59:22 - [TEST_STEP][PASSED] - setText(findTestObject("Object Repository/Login Page/Login email field"), "MartinGarrix"): Text 'MartinGarrix' is set on object 'Object Repository/Login Page/Login email field'

28-02-2024T11:59:24 - [MESSAGE][PASSED] - Text 'MartinGarrix' is set on object 'Object Repository/Login Page/Login email field'

28-02-2024T11:59:24 - [TEST_STEP][PASSED] - setText(findTestObject("Object Repository/Login Page/Login Password"), "Test@1234"): Text 'Test@1234' is set on object 'Object Repository/Login Page/Login Password'

28-02-2024T11:59:24 - [MESSAGE][PASSED] - Text 'Test@1234' is set on object 'Object Repository/Login Page/Login Password'

28-02-2024T11:59:24 - [TEST_STEP][PASSED] - click(findTestObject("Object Repository/Login Page/login button")): Object: 'Object Repository/Login Page/login button' is clicked on

28-02-2024T11:59:25 - [MESSAGE][PASSED] - Object: 'Object Repository/Login Page/login button' is clicked on

28-02-2024T11:59:25 - [MESSAGE][PASSED] - Method 'setupTestCase' complete successfully

28-02-2024T11:59:25 - [TEST_STEP][PASSED] - click(findTestObject("Object Repository/Home Page/Exchange_soccer")): Object: 'Object Repository/Home Page/Exchange_soccer' is clicked on

28-02-2024T11:59:33 - [MESSAGE][PASSED] - Object: 'Object Repository/Home Page/Exchange_soccer' is clicked on

28-02-2024T11:59:33 - [TEST_STEP][PASSED] - delay(5): Delayed 5 second(s)

28-02-2024T11:59:38 - [MESSAGE][PASSED] - Delayed 5 second(s)

28-02-2024T11:59:38 - [TEST_STEP][PASSED] - Actualtitle = getWindowTitle(): Current window's title is: 'Football Betting Exchange & Football Best Odds » Haboom™ Exchange'

28-02-2024T11:59:38 - [MESSAGE][PASSED] - Current window's title is: 'Football Betting Exchange & Football Best Odds » Haboom™ Exchange'

28-02-2024T11:59:38 - [TEST_STEP][PASSED] - println(Actualtitle): null

28-02-2024T11:59:38 - [TEST_STEP][PASSED] - Expectedtitle = "Football Betting Exchange & Football Best Odds » Haboom™ Exchange": null

28-02-2024T11:59:38 - [TEST_STEP][PASSED] - verifyMatch(Actualtitle, Expectedtitle, true): Actual text 'Football Betting Exchange & Football Best Odds » Haboom™ Exchange' and expected text 'Football Betting Exchange & Football Best Odds » Haboom™ Exchange' are matched  using regular expression

28-02-2024T11:59:38 - [MESSAGE][PASSED] - Actual text 'Football Betting Exchange & Football Best Odds » Haboom™ Exchange' and expected text 'Football Betting Exchange & Football Best Odds » Haboom™ Exchange' are matched  using regular expression]]></system-out>
         <system-err><![CDATA[]]></system-err>
      </testcase>
      <system-out><![CDATA[28-02-2024T11:58:23 - [TEST_SUITE][PASSED] - HomePage: Test Cases/HomePage/open exchange_soccer game successfull]]></system-out>
      <system-err><![CDATA[]]></system-err>
   </testsuite>
</testsuites>
