<?xml version="1.0" encoding="UTF-8"?>
<testsuites name="Casino" time="218.462" tests="1" failures="1" errors="0">
   <testsuite name="Casino" tests="1" failures="1" errors="0" time="218.462" skipped="0" timestamp="28-02-2024T09:51:34" hostname="M Gokul Jayanth - LAPTOP-QCN9K3GM" id="Test Suites/Casino">
      <properties>
         <property name="deviceName" value=""/>
         <property name="devicePlatform" value=""/>
         <property name="logFolder" value="C:\\Users\\M Gokul Jayanth\\git\\KatalonAutomation\\HaboomWBT\\Reports\\20240228_095132\\Casino\\20240228_095132"/>
         <property name="logFiles" value="C:\\Users\\M Gokul Jayanth\\git\\KatalonAutomation\\HaboomWBT\\Reports\\20240228_095132\\Casino\\20240228_095132\\execution0.log"/>
         <property name="attachments" value="C:\\Users\\M Gokul Jayanth\\git\\KatalonAutomation\\HaboomWBT\\Reports\\20240228_095132\\Casino\\20240228_095132\\1709094312114.png, C:\\Users\\M Gokul Jayanth\\git\\KatalonAutomation\\HaboomWBT\\Reports\\20240228_095132\\Casino\\20240228_095132\\1709094312447.png"/>
         <property name="hostName" value="M Gokul Jayanth - LAPTOP-QCN9K3GM"/>
         <property name="os" value="Windows 11 64bit"/>
         <property name="katalonVersion" value="9.3.0.212"/>
         <property name="browser" value="Chrome 121.0.0.0"/>
         <property name="hostAddress" value="192.168.50.148"/>
         <property name="sessionId" value="b0be9fd61e6741e3b788ec9f6fad6464"/>
         <property name="seleniumVersion" value="3.141.59"/>
         <property name="proxyInformation" value="ProxyInformation { proxyOption=NO_PROXY, proxyServerType=HTTP, username=, password=********, proxyServerAddress=, proxyServerPort=0, executionList=&quot;&quot;, isApplyToDesiredCapabilities=true }"/>
         <property name="platform" value="Windows 11"/>
      </properties>
      <testcase name="Test Cases/Casino/Open game successful" time="218.329" classname="Test Cases/Casino/Open game successful" status="FAILED">
         <failure type="FAILED" message="Test Cases/Casino/Open game successful FAILED.&#xa;Reason:&#xa;com.kms.katalon.core.exception.StepFailedException: Unable to switch to window with index: '1'&#xa;	at com.kms.katalon.core.webui.keyword.internal.WebUIKeywordMain.stepFailed(WebUIKeywordMain.groovy:64)&#xa;	at com.kms.katalon.core.webui.keyword.internal.WebUIKeywordMain.runKeyword(WebUIKeywordMain.groovy:26)&#xa;	at com.kms.katalon.core.webui.keyword.builtin.SwitchToWindowIndexKeyword.switchToWindowIndex(SwitchToWindowIndexKeyword.groovy:85)&#xa;	at com.kms.katalon.core.webui.keyword.builtin.SwitchToWindowIndexKeyword.execute(SwitchToWindowIndexKeyword.groovy:67)&#xa;	at com.kms.katalon.core.keyword.internal.KeywordExecutor.executeKeywordForPlatform(KeywordExecutor.groovy:74)&#xa;	at com.kms.katalon.core.webui.keyword.WebUiBuiltInKeywords.switchToWindowIndex(WebUiBuiltInKeywords.groovy:1930)&#xa;	at Open game successful.run(Open game successful:85)&#xa;	at com.kms.katalon.core.main.ScriptEngine.run(ScriptEngine.java:194)&#xa;	at com.kms.katalon.core.main.ScriptEngine.runScriptAsRawText(ScriptEngine.java:119)&#xa;	at com.kms.katalon.core.main.TestCaseExecutor.runScript(TestCaseExecutor.java:448)&#xa;	at com.kms.katalon.core.main.TestCaseExecutor.doExecute(TestCaseExecutor.java:439)&#xa;	at com.kms.katalon.core.main.TestCaseExecutor.processExecutionPhase(TestCaseExecutor.java:418)&#xa;	at com.kms.katalon.core.main.TestCaseExecutor.accessMainPhase(TestCaseExecutor.java:410)&#xa;	at com.kms.katalon.core.main.TestCaseExecutor.execute(TestCaseExecutor.java:285)&#xa;	at com.kms.katalon.core.common.CommonExecutor.accessTestCaseMainPhase(CommonExecutor.java:65)&#xa;	at com.kms.katalon.core.main.TestSuiteExecutor.accessTestSuiteMainPhase(TestSuiteExecutor.java:148)&#xa;	at com.kms.katalon.core.main.TestSuiteExecutor.execute(TestSuiteExecutor.java:106)&#xa;	at com.kms.katalon.core.main.TestCaseMain.startTestSuite(TestCaseMain.java:180)&#xa;	at TempTestSuite1709094092066.run(TempTestSuite1709094092066.groovy:36)&#xa;	at java.base/jdk.internal.reflect.NativeMethodAccessorImpl.invoke0(Native Method)&#xa;	at java.base/jdk.internal.reflect.NativeMethodAccessorImpl.invoke(NativeMethodAccessorImpl.java:77)&#xa;	at java.base/jdk.internal.reflect.DelegatingMethodAccessorImpl.invoke(DelegatingMethodAccessorImpl.java:43)&#xa;Caused by: com.kms.katalon.core.exception.StepFailedException: Cannot find window with index: '1'&#xa;	at com.kms.katalon.core.webui.keyword.internal.WebUIKeywordMain.stepFailed(WebUIKeywordMain.groovy:64)&#xa;	at com.kms.katalon.core.webui.keyword.builtin.SwitchToWindowIndexKeyword$_switchToWindowIndex_closure1.doCall(SwitchToWindowIndexKeyword.groovy:83)&#xa;	at com.kms.katalon.core.webui.keyword.builtin.SwitchToWindowIndexKeyword$_switchToWindowIndex_closure1.call(SwitchToWindowIndexKeyword.groovy)&#xa;	at com.kms.katalon.core.webui.keyword.internal.WebUIKeywordMain.runKeyword(WebUIKeywordMain.groovy:20)&#xa;	... 20 more&#xa;"/>
         <system-out><![CDATA[28-02-2024T09:51:34 - [TEST_CASE][FAILED] - Test Cases/Casino/Open game successful: Test Cases/Casino/Open game successful FAILED.
Reason:
com.kms.katalon.core.exception.StepFailedException: Unable to switch to window with index: '1'
	at com.kms.katalon.core.webui.keyword.internal.WebUIKeywordMain.stepFailed(WebUIKeywordMain.groovy:64)
	at com.kms.katalon.core.webui.keyword.internal.WebUIKeywordMain.runKeyword(WebUIKeywordMain.groovy:26)
	at com.kms.katalon.core.webui.keyword.builtin.SwitchToWindowIndexKeyword.switchToWindowIndex(SwitchToWindowIndexKeyword.groovy:85)
	at com.kms.katalon.core.webui.keyword.builtin.SwitchToWindowIndexKeyword.execute(SwitchToWindowIndexKeyword.groovy:67)
	at com.kms.katalon.core.keyword.internal.KeywordExecutor.executeKeywordForPlatform(KeywordExecutor.groovy:74)
	at com.kms.katalon.core.webui.keyword.WebUiBuiltInKeywords.switchToWindowIndex(WebUiBuiltInKeywords.groovy:1930)
	at Open game successful.run(Open game successful:85)
	at com.kms.katalon.core.main.ScriptEngine.run(ScriptEngine.java:194)
	at com.kms.katalon.core.main.ScriptEngine.runScriptAsRawText(ScriptEngine.java:119)
	at com.kms.katalon.core.main.TestCaseExecutor.runScript(TestCaseExecutor.java:448)
	at com.kms.katalon.core.main.TestCaseExecutor.doExecute(TestCaseExecutor.java:439)
	at com.kms.katalon.core.main.TestCaseExecutor.processExecutionPhase(TestCaseExecutor.java:418)
	at com.kms.katalon.core.main.TestCaseExecutor.accessMainPhase(TestCaseExecutor.java:410)
	at com.kms.katalon.core.main.TestCaseExecutor.execute(TestCaseExecutor.java:285)
	at com.kms.katalon.core.common.CommonExecutor.accessTestCaseMainPhase(CommonExecutor.java:65)
	at com.kms.katalon.core.main.TestSuiteExecutor.accessTestSuiteMainPhase(TestSuiteExecutor.java:148)
	at com.kms.katalon.core.main.TestSuiteExecutor.execute(TestSuiteExecutor.java:106)
	at com.kms.katalon.core.main.TestCaseMain.startTestSuite(TestCaseMain.java:180)
	at TempTestSuite1709094092066.run(TempTestSuite1709094092066.groovy:36)
	at java.base/jdk.internal.reflect.NativeMethodAccessorImpl.invoke0(Native Method)
	at java.base/jdk.internal.reflect.NativeMethodAccessorImpl.invoke(NativeMethodAccessorImpl.java:77)
	at java.base/jdk.internal.reflect.DelegatingMethodAccessorImpl.invoke(DelegatingMethodAccessorImpl.java:43)
Caused by: com.kms.katalon.core.exception.StepFailedException: Cannot find window with index: '1'
	at com.kms.katalon.core.webui.keyword.internal.WebUIKeywordMain.stepFailed(WebUIKeywordMain.groovy:64)
	at com.kms.katalon.core.webui.keyword.builtin.SwitchToWindowIndexKeyword$_switchToWindowIndex_closure1.doCall(SwitchToWindowIndexKeyword.groovy:83)
	at com.kms.katalon.core.webui.keyword.builtin.SwitchToWindowIndexKeyword$_switchToWindowIndex_closure1.call(SwitchToWindowIndexKeyword.groovy)
	at com.kms.katalon.core.webui.keyword.internal.WebUIKeywordMain.runKeyword(WebUIKeywordMain.groovy:20)
	... 20 more


28-02-2024T09:51:34 - [TEST_STEP][PASSED] - Start setup action : setupTestCase: Method 'setupTestCase' complete successfully

28-02-2024T09:51:34 - [TEST_STEP][PASSED] - openBrowser(""): Browser is opened with url: ''

28-02-2024T09:51:34 - [MESSAGE][INFO] - Starting 'Chrome' driver

28-02-2024T09:51:34 - [MESSAGE][INFO] - Action delay is set to 0 milliseconds

28-02-2024T09:51:35 - [MESSAGE][PASSED] - Browser is opened with url: ''

28-02-2024T09:51:35 - [TEST_STEP][PASSED] - navigateToUrl("https://haboom.com/"): Navigate to 'https://haboom.com/' successfully

28-02-2024T09:51:42 - [MESSAGE][PASSED] - Navigate to 'https://haboom.com/' successfully

28-02-2024T09:51:42 - [TEST_STEP][PASSED] - maximizeWindow(): Current window maximized

28-02-2024T09:51:42 - [MESSAGE][PASSED] - Current window maximized

28-02-2024T09:51:42 - [TEST_STEP][PASSED] - setText(findTestObject("Object Repository/Login Page/Login email field"), "MartinGarrix"): Text 'MartinGarrix' is set on object 'Object Repository/Login Page/Login email field'

28-02-2024T09:51:45 - [MESSAGE][PASSED] - Text 'MartinGarrix' is set on object 'Object Repository/Login Page/Login email field'

28-02-2024T09:51:45 - [TEST_STEP][PASSED] - setText(findTestObject("Object Repository/Login Page/Login Password"), "Test@1234"): Text 'Test@1234' is set on object 'Object Repository/Login Page/Login Password'

28-02-2024T09:51:47 - [MESSAGE][PASSED] - Text 'Test@1234' is set on object 'Object Repository/Login Page/Login Password'

28-02-2024T09:51:47 - [TEST_STEP][PASSED] - click(findTestObject("Object Repository/Login Page/login button")): Object: 'Object Repository/Login Page/login button' is clicked on

28-02-2024T09:51:47 - [MESSAGE][PASSED] - Object: 'Object Repository/Login Page/login button' is clicked on

28-02-2024T09:51:47 - [TEST_STEP][PASSED] - verifyElementText(findTestObject("Object Repository/Login Page/My Account"), "My Account"): Actual text and expected text of test object 'Object Repository/Login Page/My Account' are matched.

28-02-2024T09:51:53 - [MESSAGE][PASSED] - Actual text and expected text of test object 'Object Repository/Login Page/My Account' are matched.

28-02-2024T09:51:53 - [MESSAGE][PASSED] - Method 'setupTestCase' complete successfully

28-02-2024T09:51:53 - [TEST_STEP][PASSED] - click(findTestObject("Object Repository/Casino Page/CasinoMenu")): Object: 'Object Repository/Casino Page/CasinoMenu' is clicked on

28-02-2024T09:51:55 - [MESSAGE][PASSED] - Object: 'Object Repository/Casino Page/CasinoMenu' is clicked on

28-02-2024T09:51:55 - [TEST_STEP][PASSED] - provider = getWebDriver().findElements(By.xpath("//input[@name='provider_list']")): null

28-02-2024T09:51:56 - [TEST_STEP][PASSED] - println(provider.size()): null

28-02-2024T09:51:56 - [TEST_STEP][PASSED] - for ([i = 1, i < provider.size(), (i++)]): null

28-02-2024T09:51:56 - [TEST_STEP][PASSED] - currentElement = provider.get(i): null

28-02-2024T09:51:56 - [TEST_STEP][PASSED] - currentElement.click(): null

28-02-2024T09:51:56 - [TEST_STEP][PASSED] - scrollToPosition(0, 250): Browser is scrolled to position x = 0, y = 250

28-02-2024T09:51:56 - [MESSAGE][PASSED] - Browser is scrolled to position x = 0, y = 250

28-02-2024T09:51:56 - [TEST_STEP][PASSED] - delay(5): Delayed 5 second(s)

28-02-2024T09:52:01 - [MESSAGE][PASSED] - Delayed 5 second(s)

28-02-2024T09:52:01 - [TEST_STEP][PASSED] - scrollToPosition(0, 500): Browser is scrolled to position x = 0, y = 500

28-02-2024T09:52:01 - [MESSAGE][PASSED] - Browser is scrolled to position x = 0, y = 500

28-02-2024T09:52:01 - [TEST_STEP][PASSED] - delay(5): Delayed 5 second(s)

28-02-2024T09:52:06 - [MESSAGE][PASSED] - Delayed 5 second(s)

28-02-2024T09:52:06 - [TEST_STEP][PASSED] - scrollToPosition(0, 750): Browser is scrolled to position x = 0, y = 750

28-02-2024T09:52:06 - [MESSAGE][PASSED] - Browser is scrolled to position x = 0, y = 750

28-02-2024T09:52:06 - [TEST_STEP][PASSED] - delay(5): Delayed 5 second(s)

28-02-2024T09:52:11 - [MESSAGE][PASSED] - Delayed 5 second(s)

28-02-2024T09:52:11 - [TEST_STEP][PASSED] - scrollToPosition(0, 1000): Browser is scrolled to position x = 0, y = 1000

28-02-2024T09:52:11 - [MESSAGE][PASSED] - Browser is scrolled to position x = 0, y = 1000

28-02-2024T09:52:11 - [TEST_STEP][PASSED] - delay(5): Delayed 5 second(s)

28-02-2024T09:52:16 - [MESSAGE][PASSED] - Delayed 5 second(s)

28-02-2024T09:52:16 - [TEST_STEP][PASSED] - scrollToPosition(0, 1250): Browser is scrolled to position x = 0, y = 1250

28-02-2024T09:52:16 - [MESSAGE][PASSED] - Browser is scrolled to position x = 0, y = 1250

28-02-2024T09:52:16 - [TEST_STEP][PASSED] - delay(5): Delayed 5 second(s)

28-02-2024T09:52:21 - [MESSAGE][PASSED] - Delayed 5 second(s)

28-02-2024T09:52:21 - [TEST_STEP][PASSED] - scrollToPosition(0, 1500): Browser is scrolled to position x = 0, y = 1500

28-02-2024T09:52:21 - [MESSAGE][PASSED] - Browser is scrolled to position x = 0, y = 1500

28-02-2024T09:52:21 - [TEST_STEP][PASSED] - delay(5): Delayed 5 second(s)

28-02-2024T09:52:26 - [MESSAGE][PASSED] - Delayed 5 second(s)

28-02-2024T09:52:26 - [TEST_STEP][PASSED] - scrollToPosition(0, 1750): Browser is scrolled to position x = 0, y = 1750

28-02-2024T09:52:26 - [MESSAGE][PASSED] - Browser is scrolled to position x = 0, y = 1750

28-02-2024T09:52:26 - [TEST_STEP][PASSED] - delay(5): Delayed 5 second(s)

28-02-2024T09:52:31 - [MESSAGE][PASSED] - Delayed 5 second(s)

28-02-2024T09:52:31 - [TEST_STEP][PASSED] - scrollToPosition(0, 0): Browser is scrolled to position x = 0, y = 0

28-02-2024T09:52:31 - [MESSAGE][PASSED] - Browser is scrolled to position x = 0, y = 0

28-02-2024T09:52:31 - [TEST_STEP][PASSED] - delay(10): Delayed 10 second(s)

28-02-2024T09:52:41 - [MESSAGE][PASSED] - Delayed 10 second(s)

28-02-2024T09:52:41 - [TEST_STEP][PASSED] - providerwindow = getWindowTitle(): Current window's title is: 'Haboom - Best Online Casino Games for Real Money'

28-02-2024T09:52:41 - [MESSAGE][PASSED] - Current window's title is: 'Haboom - Best Online Casino Games for Real Money'

28-02-2024T09:52:41 - [TEST_STEP][PASSED] - allgames = getWebDriver().findElements(By.xpath("//div[@class='tile-container' and @bis_skin_checked='1']")): null

28-02-2024T09:52:41 - [TEST_STEP][PASSED] - println(allgames.size()): null

28-02-2024T09:52:41 - [TEST_STEP][PASSED] - for ([j = 71, j < allgames.size(), (j++)]): null

28-02-2024T09:52:41 - [TEST_STEP][PASSED] - println(j): null

28-02-2024T09:52:41 - [TEST_STEP][PASSED] - playgame = allgames.get(j): null

28-02-2024T09:52:41 - [TEST_STEP][PASSED] - Object = convertWebElementToTestObject(playgame): null

28-02-2024T09:52:41 - [TEST_STEP][PASSED] - scrollToElement(Object, 10): Scroll to object '' successfully

28-02-2024T09:52:41 - [MESSAGE][PASSED] - Scroll to object '' successfully

28-02-2024T09:52:41 - [TEST_STEP][PASSED] - mouseOver(Object): Object: '' is hovered

28-02-2024T09:52:42 - [MESSAGE][PASSED] - Object: '' is hovered

28-02-2024T09:52:42 - [TEST_STEP][PASSED] - if (verifyElementClickable(Object)): null

28-02-2024T09:52:42 - [MESSAGE][PASSED] - Object '' is clickable

28-02-2024T09:52:42 - [TEST_STEP][PASSED] - playgame.click(): null

28-02-2024T09:52:42 - [TEST_STEP][PASSED] - delay(5): Delayed 5 second(s)

28-02-2024T09:52:47 - [MESSAGE][PASSED] - Delayed 5 second(s)

28-02-2024T09:52:47 - [TEST_STEP][PASSED] - switchToWindowIndex(1): Switched to window with index: '1'

28-02-2024T09:52:47 - [MESSAGE][PASSED] - Switched to window with index: '1'

28-02-2024T09:52:47 - [TEST_STEP][PASSED] - title = getUrl(): Current window's url is: 'https://play.livetables.io/blackjack/?table_id=225&game_id=1&identifier=104370041bc4f12c-8105-48e8-82a9-787d76dea9ab&limit_id=&language=en&operatorId=10437004'

28-02-2024T09:52:47 - [MESSAGE][PASSED] - Current window's url is: 'https://play.livetables.io/blackjack/?table_id=225&game_id=1&identifier=104370041bc4f12c-8105-48e8-82a9-787d76dea9ab&limit_id=&language=en&operatorId=10437004'

28-02-2024T09:52:47 - [TEST_STEP][PASSED] - println(title): null

28-02-2024T09:52:47 - [TEST_STEP][PASSED] - if (title.contains("notavailable")): null

28-02-2024T09:52:47 - [TEST_STEP][PASSED] - switchToWindowIndex(1): Switched to window with index: '1'

28-02-2024T09:52:47 - [MESSAGE][PASSED] - Switched to window with index: '1'

28-02-2024T09:52:47 - [TEST_STEP][PASSED] - closeWindowIndex(1): Window with index 1 is closed

28-02-2024T09:52:47 - [MESSAGE][PASSED] - Window with index 1 is closed

28-02-2024T09:52:47 - [TEST_STEP][PASSED] - switchToWindowIndex(0): Switched to window with index: '0'

28-02-2024T09:52:47 - [MESSAGE][PASSED] - Switched to window with index: '0'

28-02-2024T09:52:47 - [TEST_STEP][PASSED] - delay(2): Delayed 2 second(s)

28-02-2024T09:52:49 - [MESSAGE][PASSED] - Delayed 2 second(s)

28-02-2024T09:52:49 - [TEST_STEP][PASSED] - println(j): null

28-02-2024T09:52:49 - [TEST_STEP][PASSED] - playgame = allgames.get(j): null

28-02-2024T09:52:49 - [TEST_STEP][PASSED] - Object = convertWebElementToTestObject(playgame): null

28-02-2024T09:52:49 - [TEST_STEP][PASSED] - scrollToElement(Object, 10): Scroll to object '' successfully

28-02-2024T09:52:49 - [MESSAGE][PASSED] - Scroll to object '' successfully

28-02-2024T09:52:49 - [TEST_STEP][PASSED] - mouseOver(Object): Object: '' is hovered

28-02-2024T09:52:49 - [MESSAGE][PASSED] - Object: '' is hovered

28-02-2024T09:52:49 - [TEST_STEP][PASSED] - if (verifyElementClickable(Object)): null

28-02-2024T09:52:49 - [MESSAGE][PASSED] - Object '' is clickable

28-02-2024T09:52:49 - [TEST_STEP][PASSED] - playgame.click(): null

28-02-2024T09:52:49 - [TEST_STEP][PASSED] - delay(5): Delayed 5 second(s)

28-02-2024T09:52:54 - [MESSAGE][PASSED] - Delayed 5 second(s)

28-02-2024T09:52:54 - [TEST_STEP][PASSED] - switchToWindowIndex(1): Switched to window with index: '1'

28-02-2024T09:52:54 - [MESSAGE][PASSED] - Switched to window with index: '1'

28-02-2024T09:52:54 - [TEST_STEP][PASSED] - title = getUrl(): Current window's url is: 'https://play.livetables.io/blackjack/?table_id=224&game_id=1&identifier=1043700439c681c1-6423-47a4-986f-b09d1ebfa956&limit_id=&language=en&operatorId=10437004'

28-02-2024T09:52:54 - [MESSAGE][PASSED] - Current window's url is: 'https://play.livetables.io/blackjack/?table_id=224&game_id=1&identifier=1043700439c681c1-6423-47a4-986f-b09d1ebfa956&limit_id=&language=en&operatorId=10437004'

28-02-2024T09:52:54 - [TEST_STEP][PASSED] - println(title): null

28-02-2024T09:52:54 - [TEST_STEP][PASSED] - if (title.contains("notavailable")): null

28-02-2024T09:52:54 - [TEST_STEP][PASSED] - switchToWindowIndex(1): Switched to window with index: '1'

28-02-2024T09:52:54 - [MESSAGE][PASSED] - Switched to window with index: '1'

28-02-2024T09:52:54 - [TEST_STEP][PASSED] - closeWindowIndex(1): Window with index 1 is closed

28-02-2024T09:52:54 - [MESSAGE][PASSED] - Window with index 1 is closed

28-02-2024T09:52:54 - [TEST_STEP][PASSED] - switchToWindowIndex(0): Switched to window with index: '0'

28-02-2024T09:52:54 - [MESSAGE][PASSED] - Switched to window with index: '0'

28-02-2024T09:52:54 - [TEST_STEP][PASSED] - delay(2): Delayed 2 second(s)

28-02-2024T09:52:56 - [MESSAGE][PASSED] - Delayed 2 second(s)

28-02-2024T09:52:56 - [TEST_STEP][PASSED] - println(j): null

28-02-2024T09:52:56 - [TEST_STEP][PASSED] - playgame = allgames.get(j): null

28-02-2024T09:52:56 - [TEST_STEP][PASSED] - Object = convertWebElementToTestObject(playgame): null

28-02-2024T09:52:56 - [TEST_STEP][PASSED] - scrollToElement(Object, 10): Scroll to object '' successfully

28-02-2024T09:52:56 - [MESSAGE][PASSED] - Scroll to object '' successfully

28-02-2024T09:52:56 - [TEST_STEP][PASSED] - mouseOver(Object): Object: '' is hovered

28-02-2024T09:52:56 - [MESSAGE][PASSED] - Object: '' is hovered

28-02-2024T09:52:56 - [TEST_STEP][PASSED] - if (verifyElementClickable(Object)): null

28-02-2024T09:52:56 - [MESSAGE][PASSED] - Object '' is clickable

28-02-2024T09:52:56 - [TEST_STEP][PASSED] - playgame.click(): null

28-02-2024T09:52:57 - [TEST_STEP][PASSED] - delay(5): Delayed 5 second(s)

28-02-2024T09:53:02 - [MESSAGE][PASSED] - Delayed 5 second(s)

28-02-2024T09:53:02 - [TEST_STEP][PASSED] - switchToWindowIndex(1): Switched to window with index: '1'

28-02-2024T09:53:02 - [MESSAGE][PASSED] - Switched to window with index: '1'

28-02-2024T09:53:02 - [TEST_STEP][PASSED] - title = getUrl(): Current window's url is: 'https://ezugi.evo-games.com/frontend/evo/r2/#provider=evolution&ua_launch_id=17b7ec19c28b0afa0a618dd9&game=roulette&table_id=01rb77cq1gtenhmo&app='

28-02-2024T09:53:02 - [MESSAGE][PASSED] - Current window's url is: 'https://ezugi.evo-games.com/frontend/evo/r2/#provider=evolution&ua_launch_id=17b7ec19c28b0afa0a618dd9&game=roulette&table_id=01rb77cq1gtenhmo&app='

28-02-2024T09:53:02 - [TEST_STEP][PASSED] - println(title): null

28-02-2024T09:53:02 - [TEST_STEP][PASSED] - if (title.contains("notavailable")): null

28-02-2024T09:53:02 - [TEST_STEP][PASSED] - switchToWindowIndex(1): Switched to window with index: '1'

28-02-2024T09:53:02 - [MESSAGE][PASSED] - Switched to window with index: '1'

28-02-2024T09:53:02 - [TEST_STEP][PASSED] - closeWindowIndex(1): Window with index 1 is closed

28-02-2024T09:53:02 - [MESSAGE][PASSED] - Window with index 1 is closed

28-02-2024T09:53:02 - [TEST_STEP][PASSED] - switchToWindowIndex(0): Switched to window with index: '0'

28-02-2024T09:53:02 - [MESSAGE][PASSED] - Switched to window with index: '0'

28-02-2024T09:53:02 - [TEST_STEP][PASSED] - delay(2): Delayed 2 second(s)

28-02-2024T09:53:04 - [MESSAGE][PASSED] - Delayed 2 second(s)

28-02-2024T09:53:04 - [TEST_STEP][PASSED] - scrollToPosition(0, 50): Browser is scrolled to position x = 0, y = 50

28-02-2024T09:53:04 - [MESSAGE][PASSED] - Browser is scrolled to position x = 0, y = 50

28-02-2024T09:53:04 - [TEST_STEP][PASSED] - delay(20): Delayed 20 second(s)

28-02-2024T09:53:24 - [MESSAGE][PASSED] - Delayed 20 second(s)

28-02-2024T09:53:24 - [TEST_STEP][PASSED] - currentElement = provider.get(i): null

28-02-2024T09:53:24 - [TEST_STEP][PASSED] - currentElement.click(): null

28-02-2024T09:53:24 - [TEST_STEP][PASSED] - scrollToPosition(0, 250): Browser is scrolled to position x = 0, y = 250

28-02-2024T09:53:24 - [MESSAGE][PASSED] - Browser is scrolled to position x = 0, y = 250

28-02-2024T09:53:24 - [TEST_STEP][PASSED] - delay(5): Delayed 5 second(s)

28-02-2024T09:53:29 - [MESSAGE][PASSED] - Delayed 5 second(s)

28-02-2024T09:53:29 - [TEST_STEP][PASSED] - scrollToPosition(0, 500): Browser is scrolled to position x = 0, y = 500

28-02-2024T09:53:29 - [MESSAGE][PASSED] - Browser is scrolled to position x = 0, y = 500

28-02-2024T09:53:29 - [TEST_STEP][PASSED] - delay(5): Delayed 5 second(s)

28-02-2024T09:53:34 - [MESSAGE][PASSED] - Delayed 5 second(s)

28-02-2024T09:53:34 - [TEST_STEP][PASSED] - scrollToPosition(0, 750): Browser is scrolled to position x = 0, y = 750

28-02-2024T09:53:34 - [MESSAGE][PASSED] - Browser is scrolled to position x = 0, y = 750

28-02-2024T09:53:34 - [TEST_STEP][PASSED] - delay(5): Delayed 5 second(s)

28-02-2024T09:53:39 - [MESSAGE][PASSED] - Delayed 5 second(s)

28-02-2024T09:53:39 - [TEST_STEP][PASSED] - scrollToPosition(0, 1000): Browser is scrolled to position x = 0, y = 1000

28-02-2024T09:53:39 - [MESSAGE][PASSED] - Browser is scrolled to position x = 0, y = 1000

28-02-2024T09:53:39 - [TEST_STEP][PASSED] - delay(5): Delayed 5 second(s)

28-02-2024T09:53:44 - [MESSAGE][PASSED] - Delayed 5 second(s)

28-02-2024T09:53:44 - [TEST_STEP][PASSED] - scrollToPosition(0, 1250): Browser is scrolled to position x = 0, y = 1250

28-02-2024T09:53:44 - [MESSAGE][PASSED] - Browser is scrolled to position x = 0, y = 1250

28-02-2024T09:53:44 - [TEST_STEP][PASSED] - delay(5): Delayed 5 second(s)

28-02-2024T09:53:49 - [MESSAGE][PASSED] - Delayed 5 second(s)

28-02-2024T09:53:49 - [TEST_STEP][PASSED] - scrollToPosition(0, 1500): Browser is scrolled to position x = 0, y = 1500

28-02-2024T09:53:49 - [MESSAGE][PASSED] - Browser is scrolled to position x = 0, y = 1500

28-02-2024T09:53:49 - [TEST_STEP][PASSED] - delay(5): Delayed 5 second(s)

28-02-2024T09:53:54 - [MESSAGE][PASSED] - Delayed 5 second(s)

28-02-2024T09:53:54 - [TEST_STEP][PASSED] - scrollToPosition(0, 1750): Browser is scrolled to position x = 0, y = 1750

28-02-2024T09:53:54 - [MESSAGE][PASSED] - Browser is scrolled to position x = 0, y = 1750

28-02-2024T09:53:54 - [TEST_STEP][PASSED] - delay(5): Delayed 5 second(s)

28-02-2024T09:53:59 - [MESSAGE][PASSED] - Delayed 5 second(s)

28-02-2024T09:53:59 - [TEST_STEP][PASSED] - scrollToPosition(0, 0): Browser is scrolled to position x = 0, y = 0

28-02-2024T09:53:59 - [MESSAGE][PASSED] - Browser is scrolled to position x = 0, y = 0

28-02-2024T09:53:59 - [TEST_STEP][PASSED] - delay(10): Delayed 10 second(s)

28-02-2024T09:54:09 - [MESSAGE][PASSED] - Delayed 10 second(s)

28-02-2024T09:54:09 - [TEST_STEP][PASSED] - providerwindow = getWindowTitle(): Current window's title is: 'Haboom - Best Online Casino Games for Real Money'

28-02-2024T09:54:09 - [MESSAGE][PASSED] - Current window's title is: 'Haboom - Best Online Casino Games for Real Money'

28-02-2024T09:54:09 - [TEST_STEP][PASSED] - allgames = getWebDriver().findElements(By.xpath("//div[@class='tile-container' and @bis_skin_checked='1']")): null

28-02-2024T09:54:09 - [TEST_STEP][PASSED] - println(allgames.size()): null

28-02-2024T09:54:09 - [TEST_STEP][PASSED] - for ([j = 71, j < allgames.size(), (j++)]): null

28-02-2024T09:54:09 - [TEST_STEP][PASSED] - println(j): null

28-02-2024T09:54:09 - [TEST_STEP][PASSED] - playgame = allgames.get(j): null

28-02-2024T09:54:09 - [TEST_STEP][PASSED] - Object = convertWebElementToTestObject(playgame): null

28-02-2024T09:54:09 - [TEST_STEP][PASSED] - scrollToElement(Object, 10): Scroll to object '' successfully

28-02-2024T09:54:09 - [MESSAGE][PASSED] - Scroll to object '' successfully

28-02-2024T09:54:09 - [TEST_STEP][PASSED] - mouseOver(Object): Object: '' is hovered

28-02-2024T09:54:10 - [MESSAGE][PASSED] - Object: '' is hovered

28-02-2024T09:54:10 - [TEST_STEP][PASSED] - if (verifyElementClickable(Object)): null

28-02-2024T09:54:10 - [MESSAGE][PASSED] - Object '' is clickable

28-02-2024T09:54:10 - [TEST_STEP][PASSED] - playgame.click(): null

28-02-2024T09:54:10 - [TEST_STEP][PASSED] - delay(5): Delayed 5 second(s)

28-02-2024T09:54:15 - [MESSAGE][PASSED] - Delayed 5 second(s)

28-02-2024T09:54:15 - [TEST_STEP][PASSED] - switchToWindowIndex(1): Switched to window with index: '1'

28-02-2024T09:54:15 - [MESSAGE][PASSED] - Switched to window with index: '1'

28-02-2024T09:54:15 - [TEST_STEP][PASSED] - title = getUrl(): Current window's url is: 'https://play.livetables.io/blackjack/?table_id=225&game_id=1&identifier=1043700418888492-1a45-4312-b431-1443de32dc17&limit_id=&language=en&operatorId=10437004'

28-02-2024T09:54:15 - [MESSAGE][PASSED] - Current window's url is: 'https://play.livetables.io/blackjack/?table_id=225&game_id=1&identifier=1043700418888492-1a45-4312-b431-1443de32dc17&limit_id=&language=en&operatorId=10437004'

28-02-2024T09:54:15 - [TEST_STEP][PASSED] - println(title): null

28-02-2024T09:54:15 - [TEST_STEP][PASSED] - if (title.contains("notavailable")): null

28-02-2024T09:54:15 - [TEST_STEP][PASSED] - switchToWindowIndex(1): Switched to window with index: '1'

28-02-2024T09:54:15 - [MESSAGE][PASSED] - Switched to window with index: '1'

28-02-2024T09:54:15 - [TEST_STEP][PASSED] - closeWindowIndex(1): Window with index 1 is closed

28-02-2024T09:54:15 - [MESSAGE][PASSED] - Window with index 1 is closed

28-02-2024T09:54:15 - [TEST_STEP][PASSED] - switchToWindowIndex(0): Switched to window with index: '0'

28-02-2024T09:54:15 - [MESSAGE][PASSED] - Switched to window with index: '0'

28-02-2024T09:54:15 - [TEST_STEP][PASSED] - delay(2): Delayed 2 second(s)

28-02-2024T09:54:17 - [MESSAGE][PASSED] - Delayed 2 second(s)

28-02-2024T09:54:17 - [TEST_STEP][PASSED] - println(j): null

28-02-2024T09:54:17 - [TEST_STEP][PASSED] - playgame = allgames.get(j): null

28-02-2024T09:54:17 - [TEST_STEP][PASSED] - Object = convertWebElementToTestObject(playgame): null

28-02-2024T09:54:17 - [TEST_STEP][PASSED] - scrollToElement(Object, 10): Scroll to object '' successfully

28-02-2024T09:54:17 - [MESSAGE][PASSED] - Scroll to object '' successfully

28-02-2024T09:54:17 - [TEST_STEP][PASSED] - mouseOver(Object): Object: '' is hovered

28-02-2024T09:54:17 - [MESSAGE][PASSED] - Object: '' is hovered

28-02-2024T09:54:17 - [TEST_STEP][PASSED] - if (verifyElementClickable(Object)): null

28-02-2024T09:54:17 - [MESSAGE][PASSED] - Object '' is clickable

28-02-2024T09:54:17 - [TEST_STEP][PASSED] - playgame.click(): null

28-02-2024T09:54:17 - [TEST_STEP][PASSED] - delay(5): Delayed 5 second(s)

28-02-2024T09:54:22 - [MESSAGE][PASSED] - Delayed 5 second(s)

28-02-2024T09:54:22 - [TEST_STEP][PASSED] - switchToWindowIndex(1): Switched to window with index: '1'

28-02-2024T09:54:22 - [MESSAGE][PASSED] - Switched to window with index: '1'

28-02-2024T09:54:22 - [TEST_STEP][PASSED] - title = getUrl(): Current window's url is: 'https://play.livetables.io/blackjack/?table_id=224&game_id=1&identifier=10437004cadf103f-b443-4c1d-9324-5e22624f5e8f&limit_id=&language=en&operatorId=10437004'

28-02-2024T09:54:22 - [MESSAGE][PASSED] - Current window's url is: 'https://play.livetables.io/blackjack/?table_id=224&game_id=1&identifier=10437004cadf103f-b443-4c1d-9324-5e22624f5e8f&limit_id=&language=en&operatorId=10437004'

28-02-2024T09:54:22 - [TEST_STEP][PASSED] - println(title): null

28-02-2024T09:54:22 - [TEST_STEP][PASSED] - if (title.contains("notavailable")): null

28-02-2024T09:54:22 - [TEST_STEP][PASSED] - switchToWindowIndex(1): Switched to window with index: '1'

28-02-2024T09:54:22 - [MESSAGE][PASSED] - Switched to window with index: '1'

28-02-2024T09:54:22 - [TEST_STEP][PASSED] - closeWindowIndex(1): Window with index 1 is closed

28-02-2024T09:54:23 - [MESSAGE][PASSED] - Window with index 1 is closed

28-02-2024T09:54:23 - [TEST_STEP][PASSED] - switchToWindowIndex(0): Switched to window with index: '0'

28-02-2024T09:54:23 - [MESSAGE][PASSED] - Switched to window with index: '0'

28-02-2024T09:54:23 - [TEST_STEP][PASSED] - delay(2): Delayed 2 second(s)

28-02-2024T09:54:25 - [MESSAGE][PASSED] - Delayed 2 second(s)

28-02-2024T09:54:25 - [TEST_STEP][PASSED] - println(j): null

28-02-2024T09:54:25 - [TEST_STEP][PASSED] - playgame = allgames.get(j): null

28-02-2024T09:54:25 - [TEST_STEP][PASSED] - Object = convertWebElementToTestObject(playgame): null

28-02-2024T09:54:25 - [TEST_STEP][PASSED] - scrollToElement(Object, 10): Scroll to object '' successfully

28-02-2024T09:54:25 - [MESSAGE][PASSED] - Scroll to object '' successfully

28-02-2024T09:54:25 - [TEST_STEP][PASSED] - mouseOver(Object): Object: '' is hovered

28-02-2024T09:54:25 - [MESSAGE][PASSED] - Object: '' is hovered

28-02-2024T09:54:25 - [TEST_STEP][PASSED] - if (verifyElementClickable(Object)): null

28-02-2024T09:54:25 - [MESSAGE][PASSED] - Object '' is clickable

28-02-2024T09:54:25 - [TEST_STEP][PASSED] - playgame.click(): null

28-02-2024T09:54:25 - [TEST_STEP][PASSED] - delay(5): Delayed 5 second(s)

28-02-2024T09:54:30 - [MESSAGE][PASSED] - Delayed 5 second(s)

28-02-2024T09:54:30 - [TEST_STEP][PASSED] - switchToWindowIndex(1): Switched to window with index: '1'

28-02-2024T09:54:30 - [MESSAGE][PASSED] - Switched to window with index: '1'

28-02-2024T09:54:30 - [TEST_STEP][PASSED] - title = getUrl(): Current window's url is: 'https://ezugi.evo-games.com/frontend/evo/r2/#provider=evolution&ua_launch_id=17b7ec2df63467fa278513c2&game=roulette&table_id=01rb77cq1gtenhmo&app='

28-02-2024T09:54:30 - [MESSAGE][PASSED] - Current window's url is: 'https://ezugi.evo-games.com/frontend/evo/r2/#provider=evolution&ua_launch_id=17b7ec2df63467fa278513c2&game=roulette&table_id=01rb77cq1gtenhmo&app='

28-02-2024T09:54:30 - [TEST_STEP][PASSED] - println(title): null

28-02-2024T09:54:30 - [TEST_STEP][PASSED] - if (title.contains("notavailable")): null

28-02-2024T09:54:30 - [TEST_STEP][PASSED] - switchToWindowIndex(1): Switched to window with index: '1'

28-02-2024T09:54:30 - [MESSAGE][PASSED] - Switched to window with index: '1'

28-02-2024T09:54:30 - [TEST_STEP][PASSED] - closeWindowIndex(1): Window with index 1 is closed

28-02-2024T09:54:30 - [MESSAGE][PASSED] - Window with index 1 is closed

28-02-2024T09:54:30 - [TEST_STEP][PASSED] - switchToWindowIndex(0): Switched to window with index: '0'

28-02-2024T09:54:30 - [MESSAGE][PASSED] - Switched to window with index: '0'

28-02-2024T09:54:30 - [TEST_STEP][PASSED] - delay(2): Delayed 2 second(s)

28-02-2024T09:54:32 - [MESSAGE][PASSED] - Delayed 2 second(s)

28-02-2024T09:54:32 - [TEST_STEP][PASSED] - println(j): null

28-02-2024T09:54:32 - [TEST_STEP][PASSED] - playgame = allgames.get(j): null

28-02-2024T09:54:32 - [TEST_STEP][PASSED] - Object = convertWebElementToTestObject(playgame): null

28-02-2024T09:54:32 - [TEST_STEP][PASSED] - scrollToElement(Object, 10): Scroll to object '' successfully

28-02-2024T09:54:32 - [MESSAGE][PASSED] - Scroll to object '' successfully

28-02-2024T09:54:32 - [TEST_STEP][PASSED] - mouseOver(Object): Object: '' is hovered

28-02-2024T09:54:35 - [MESSAGE][PASSED] - Object: '' is hovered

28-02-2024T09:54:35 - [TEST_STEP][PASSED] - if (verifyElementClickable(Object)): null

28-02-2024T09:54:35 - [MESSAGE][PASSED] - Object '' is clickable

28-02-2024T09:54:35 - [TEST_STEP][PASSED] - playgame.click(): null

28-02-2024T09:54:35 - [TEST_STEP][PASSED] - delay(5): Delayed 5 second(s)

28-02-2024T09:54:40 - [MESSAGE][PASSED] - Delayed 5 second(s)

28-02-2024T09:54:40 - [TEST_STEP][FAILED] - switchToWindowIndex(1): Unable to switch to window with index: '1' (Root cause: com.kms.katalon.core.exception.StepFailedException: Unable to switch to window with index: '1'
	at com.kms.katalon.core.webui.keyword.internal.WebUIKeywordMain.stepFailed(WebUIKeywordMain.groovy:64)
	at com.kms.katalon.core.webui.keyword.internal.WebUIKeywordMain.runKeyword(WebUIKeywordMain.groovy:26)
	at com.kms.katalon.core.webui.keyword.builtin.SwitchToWindowIndexKeyword.switchToWindowIndex(SwitchToWindowIndexKeyword.groovy:85)
	at com.kms.katalon.core.webui.keyword.builtin.SwitchToWindowIndexKeyword.execute(SwitchToWindowIndexKeyword.groovy:67)
	at com.kms.katalon.core.keyword.internal.KeywordExecutor.executeKeywordForPlatform(KeywordExecutor.groovy:74)
	at com.kms.katalon.core.webui.keyword.WebUiBuiltInKeywords.switchToWindowIndex(WebUiBuiltInKeywords.groovy:1930)
	at Open game successful.run(Open game successful:85)
	at com.kms.katalon.core.main.ScriptEngine.run(ScriptEngine.java:194)
	at com.kms.katalon.core.main.ScriptEngine.runScriptAsRawText(ScriptEngine.java:119)
	at com.kms.katalon.core.main.TestCaseExecutor.runScript(TestCaseExecutor.java:448)
	at com.kms.katalon.core.main.TestCaseExecutor.doExecute(TestCaseExecutor.java:439)
	at com.kms.katalon.core.main.TestCaseExecutor.processExecutionPhase(TestCaseExecutor.java:418)
	at com.kms.katalon.core.main.TestCaseExecutor.accessMainPhase(TestCaseExecutor.java:410)
	at com.kms.katalon.core.main.TestCaseExecutor.execute(TestCaseExecutor.java:285)
	at com.kms.katalon.core.common.CommonExecutor.accessTestCaseMainPhase(CommonExecutor.java:65)
	at com.kms.katalon.core.main.TestSuiteExecutor.accessTestSuiteMainPhase(TestSuiteExecutor.java:148)
	at com.kms.katalon.core.main.TestSuiteExecutor.execute(TestSuiteExecutor.java:106)
	at com.kms.katalon.core.main.TestCaseMain.startTestSuite(TestCaseMain.java:180)
	at TempTestSuite1709094092066.run(TempTestSuite1709094092066.groovy:36)
	at java.base/jdk.internal.reflect.NativeMethodAccessorImpl.invoke0(Native Method)
	at java.base/jdk.internal.reflect.NativeMethodAccessorImpl.invoke(NativeMethodAccessorImpl.java:77)
	at java.base/jdk.internal.reflect.DelegatingMethodAccessorImpl.invoke(DelegatingMethodAccessorImpl.java:43)
Caused by: com.kms.katalon.core.exception.StepFailedException: Cannot find window with index: '1'
	at com.kms.katalon.core.webui.keyword.internal.WebUIKeywordMain.stepFailed(WebUIKeywordMain.groovy:64)
	at com.kms.katalon.core.webui.keyword.builtin.SwitchToWindowIndexKeyword$_switchToWindowIndex_closure1.doCall(SwitchToWindowIndexKeyword.groovy:83)
	at com.kms.katalon.core.webui.keyword.builtin.SwitchToWindowIndexKeyword$_switchToWindowIndex_closure1.call(SwitchToWindowIndexKeyword.groovy)
	at com.kms.katalon.core.webui.keyword.internal.WebUIKeywordMain.runKeyword(WebUIKeywordMain.groovy:20)
	... 20 more
)

28-02-2024T09:55:12 - [MESSAGE][FAILED] - Cannot find window with index: '1' (Root cause: com.kms.katalon.core.exception.StepFailedException: Cannot find window with index: '1'
	at com.kms.katalon.core.webui.keyword.internal.WebUIKeywordMain.stepFailed(WebUIKeywordMain.groovy:64)
	at com.kms.katalon.core.webui.keyword.builtin.SwitchToWindowIndexKeyword$_switchToWindowIndex_closure1.doCall(SwitchToWindowIndexKeyword.groovy:83)
	at com.kms.katalon.core.webui.keyword.builtin.SwitchToWindowIndexKeyword$_switchToWindowIndex_closure1.call(SwitchToWindowIndexKeyword.groovy)
	at com.kms.katalon.core.webui.keyword.internal.WebUIKeywordMain.runKeyword(WebUIKeywordMain.groovy:20)
	at com.kms.katalon.core.webui.keyword.builtin.SwitchToWindowIndexKeyword.switchToWindowIndex(SwitchToWindowIndexKeyword.groovy:85)
	at com.kms.katalon.core.webui.keyword.builtin.SwitchToWindowIndexKeyword.execute(SwitchToWindowIndexKeyword.groovy:67)
	at com.kms.katalon.core.keyword.internal.KeywordExecutor.executeKeywordForPlatform(KeywordExecutor.groovy:74)
	at com.kms.katalon.core.webui.keyword.WebUiBuiltInKeywords.switchToWindowIndex(WebUiBuiltInKeywords.groovy:1930)
	at Open game successful.run(Open game successful:85)
	at com.kms.katalon.core.main.ScriptEngine.run(ScriptEngine.java:194)
	at com.kms.katalon.core.main.ScriptEngine.runScriptAsRawText(ScriptEngine.java:119)
	at com.kms.katalon.core.main.TestCaseExecutor.runScript(TestCaseExecutor.java:448)
	at com.kms.katalon.core.main.TestCaseExecutor.doExecute(TestCaseExecutor.java:439)
	at com.kms.katalon.core.main.TestCaseExecutor.processExecutionPhase(TestCaseExecutor.java:418)
	at com.kms.katalon.core.main.TestCaseExecutor.accessMainPhase(TestCaseExecutor.java:410)
	at com.kms.katalon.core.main.TestCaseExecutor.execute(TestCaseExecutor.java:285)
	at com.kms.katalon.core.common.CommonExecutor.accessTestCaseMainPhase(CommonExecutor.java:65)
	at com.kms.katalon.core.main.TestSuiteExecutor.accessTestSuiteMainPhase(TestSuiteExecutor.java:148)
	at com.kms.katalon.core.main.TestSuiteExecutor.execute(TestSuiteExecutor.java:106)
	at com.kms.katalon.core.main.TestCaseMain.startTestSuite(TestCaseMain.java:180)
	at TempTestSuite1709094092066.run(TempTestSuite1709094092066.groovy:36)
	at java.base/jdk.internal.reflect.NativeMethodAccessorImpl.invoke0(Native Method)
	at java.base/jdk.internal.reflect.NativeMethodAccessorImpl.invoke(NativeMethodAccessorImpl.java:77)
	at java.base/jdk.internal.reflect.DelegatingMethodAccessorImpl.invoke(DelegatingMethodAccessorImpl.java:43)
)
[[ATTACHMENT|C:\\Users\\M Gokul Jayanth\\git\\KatalonAutomation\\HaboomWBT\\Reports\\20240228_095132\\Casino\\20240228_095132\\1709094312114.png]]

28-02-2024T09:55:12 - [MESSAGE][FAILED] - Unable to switch to window with index: '1' (Root cause: com.kms.katalon.core.exception.StepFailedException: Unable to switch to window with index: '1'
	at com.kms.katalon.core.webui.keyword.internal.WebUIKeywordMain.stepFailed(WebUIKeywordMain.groovy:64)
	at com.kms.katalon.core.webui.keyword.internal.WebUIKeywordMain.runKeyword(WebUIKeywordMain.groovy:26)
	at com.kms.katalon.core.webui.keyword.builtin.SwitchToWindowIndexKeyword.switchToWindowIndex(SwitchToWindowIndexKeyword.groovy:85)
	at com.kms.katalon.core.webui.keyword.builtin.SwitchToWindowIndexKeyword.execute(SwitchToWindowIndexKeyword.groovy:67)
	at com.kms.katalon.core.keyword.internal.KeywordExecutor.executeKeywordForPlatform(KeywordExecutor.groovy:74)
	at com.kms.katalon.core.webui.keyword.WebUiBuiltInKeywords.switchToWindowIndex(WebUiBuiltInKeywords.groovy:1930)
	at Open game successful.run(Open game successful:85)
	at com.kms.katalon.core.main.ScriptEngine.run(ScriptEngine.java:194)
	at com.kms.katalon.core.main.ScriptEngine.runScriptAsRawText(ScriptEngine.java:119)
	at com.kms.katalon.core.main.TestCaseExecutor.runScript(TestCaseExecutor.java:448)
	at com.kms.katalon.core.main.TestCaseExecutor.doExecute(TestCaseExecutor.java:439)
	at com.kms.katalon.core.main.TestCaseExecutor.processExecutionPhase(TestCaseExecutor.java:418)
	at com.kms.katalon.core.main.TestCaseExecutor.accessMainPhase(TestCaseExecutor.java:410)
	at com.kms.katalon.core.main.TestCaseExecutor.execute(TestCaseExecutor.java:285)
	at com.kms.katalon.core.common.CommonExecutor.accessTestCaseMainPhase(CommonExecutor.java:65)
	at com.kms.katalon.core.main.TestSuiteExecutor.accessTestSuiteMainPhase(TestSuiteExecutor.java:148)
	at com.kms.katalon.core.main.TestSuiteExecutor.execute(TestSuiteExecutor.java:106)
	at com.kms.katalon.core.main.TestCaseMain.startTestSuite(TestCaseMain.java:180)
	at TempTestSuite1709094092066.run(TempTestSuite1709094092066.groovy:36)
	at java.base/jdk.internal.reflect.NativeMethodAccessorImpl.invoke0(Native Method)
	at java.base/jdk.internal.reflect.NativeMethodAccessorImpl.invoke(NativeMethodAccessorImpl.java:77)
	at java.base/jdk.internal.reflect.DelegatingMethodAccessorImpl.invoke(DelegatingMethodAccessorImpl.java:43)
Caused by: com.kms.katalon.core.exception.StepFailedException: Cannot find window with index: '1'
	at com.kms.katalon.core.webui.keyword.internal.WebUIKeywordMain.stepFailed(WebUIKeywordMain.groovy:64)
	at com.kms.katalon.core.webui.keyword.builtin.SwitchToWindowIndexKeyword$_switchToWindowIndex_closure1.doCall(SwitchToWindowIndexKeyword.groovy:83)
	at com.kms.katalon.core.webui.keyword.builtin.SwitchToWindowIndexKeyword$_switchToWindowIndex_closure1.call(SwitchToWindowIndexKeyword.groovy)
	at com.kms.katalon.core.webui.keyword.internal.WebUIKeywordMain.runKeyword(WebUIKeywordMain.groovy:20)
	... 20 more
)
[[ATTACHMENT|C:\\Users\\M Gokul Jayanth\\git\\KatalonAutomation\\HaboomWBT\\Reports\\20240228_095132\\Casino\\20240228_095132\\1709094312447.png]]]]></system-out>
         <system-err><![CDATA[28-02-2024T09:51:34 - [TEST_CASE][FAILED] - Test Cases/Casino/Open game successful: Test Cases/Casino/Open game successful FAILED.
Reason:
com.kms.katalon.core.exception.StepFailedException: Unable to switch to window with index: '1'
	at com.kms.katalon.core.webui.keyword.internal.WebUIKeywordMain.stepFailed(WebUIKeywordMain.groovy:64)
	at com.kms.katalon.core.webui.keyword.internal.WebUIKeywordMain.runKeyword(WebUIKeywordMain.groovy:26)
	at com.kms.katalon.core.webui.keyword.builtin.SwitchToWindowIndexKeyword.switchToWindowIndex(SwitchToWindowIndexKeyword.groovy:85)
	at com.kms.katalon.core.webui.keyword.builtin.SwitchToWindowIndexKeyword.execute(SwitchToWindowIndexKeyword.groovy:67)
	at com.kms.katalon.core.keyword.internal.KeywordExecutor.executeKeywordForPlatform(KeywordExecutor.groovy:74)
	at com.kms.katalon.core.webui.keyword.WebUiBuiltInKeywords.switchToWindowIndex(WebUiBuiltInKeywords.groovy:1930)
	at Open game successful.run(Open game successful:85)
	at com.kms.katalon.core.main.ScriptEngine.run(ScriptEngine.java:194)
	at com.kms.katalon.core.main.ScriptEngine.runScriptAsRawText(ScriptEngine.java:119)
	at com.kms.katalon.core.main.TestCaseExecutor.runScript(TestCaseExecutor.java:448)
	at com.kms.katalon.core.main.TestCaseExecutor.doExecute(TestCaseExecutor.java:439)
	at com.kms.katalon.core.main.TestCaseExecutor.processExecutionPhase(TestCaseExecutor.java:418)
	at com.kms.katalon.core.main.TestCaseExecutor.accessMainPhase(TestCaseExecutor.java:410)
	at com.kms.katalon.core.main.TestCaseExecutor.execute(TestCaseExecutor.java:285)
	at com.kms.katalon.core.common.CommonExecutor.accessTestCaseMainPhase(CommonExecutor.java:65)
	at com.kms.katalon.core.main.TestSuiteExecutor.accessTestSuiteMainPhase(TestSuiteExecutor.java:148)
	at com.kms.katalon.core.main.TestSuiteExecutor.execute(TestSuiteExecutor.java:106)
	at com.kms.katalon.core.main.TestCaseMain.startTestSuite(TestCaseMain.java:180)
	at TempTestSuite1709094092066.run(TempTestSuite1709094092066.groovy:36)
	at java.base/jdk.internal.reflect.NativeMethodAccessorImpl.invoke0(Native Method)
	at java.base/jdk.internal.reflect.NativeMethodAccessorImpl.invoke(NativeMethodAccessorImpl.java:77)
	at java.base/jdk.internal.reflect.DelegatingMethodAccessorImpl.invoke(DelegatingMethodAccessorImpl.java:43)
Caused by: com.kms.katalon.core.exception.StepFailedException: Cannot find window with index: '1'
	at com.kms.katalon.core.webui.keyword.internal.WebUIKeywordMain.stepFailed(WebUIKeywordMain.groovy:64)
	at com.kms.katalon.core.webui.keyword.builtin.SwitchToWindowIndexKeyword$_switchToWindowIndex_closure1.doCall(SwitchToWindowIndexKeyword.groovy:83)
	at com.kms.katalon.core.webui.keyword.builtin.SwitchToWindowIndexKeyword$_switchToWindowIndex_closure1.call(SwitchToWindowIndexKeyword.groovy)
	at com.kms.katalon.core.webui.keyword.internal.WebUIKeywordMain.runKeyword(WebUIKeywordMain.groovy:20)
	... 20 more]]></system-err>
      </testcase>
      <system-out><![CDATA[28-02-2024T09:51:34 - [TEST_SUITE][FAILED] - Casino: Test Cases/Casino/Open game successful FAILED.
Reason:
com.kms.katalon.core.exception.StepFailedException: Unable to switch to window with index: '1'
	at com.kms.katalon.core.webui.keyword.internal.WebUIKeywordMain.stepFailed(WebUIKeywordMain.groovy:64)
	at com.kms.katalon.core.webui.keyword.internal.WebUIKeywordMain.runKeyword(WebUIKeywordMain.groovy:26)
	at com.kms.katalon.core.webui.keyword.builtin.SwitchToWindowIndexKeyword.switchToWindowIndex(SwitchToWindowIndexKeyword.groovy:85)
	at com.kms.katalon.core.webui.keyword.builtin.SwitchToWindowIndexKeyword.execute(SwitchToWindowIndexKeyword.groovy:67)
	at com.kms.katalon.core.keyword.internal.KeywordExecutor.executeKeywordForPlatform(KeywordExecutor.groovy:74)
	at com.kms.katalon.core.webui.keyword.WebUiBuiltInKeywords.switchToWindowIndex(WebUiBuiltInKeywords.groovy:1930)
	at Open game successful.run(Open game successful:85)
	at com.kms.katalon.core.main.ScriptEngine.run(ScriptEngine.java:194)
	at com.kms.katalon.core.main.ScriptEngine.runScriptAsRawText(ScriptEngine.java:119)
	at com.kms.katalon.core.main.TestCaseExecutor.runScript(TestCaseExecutor.java:448)
	at com.kms.katalon.core.main.TestCaseExecutor.doExecute(TestCaseExecutor.java:439)
	at com.kms.katalon.core.main.TestCaseExecutor.processExecutionPhase(TestCaseExecutor.java:418)
	at com.kms.katalon.core.main.TestCaseExecutor.accessMainPhase(TestCaseExecutor.java:410)
	at com.kms.katalon.core.main.TestCaseExecutor.execute(TestCaseExecutor.java:285)
	at com.kms.katalon.core.common.CommonExecutor.accessTestCaseMainPhase(CommonExecutor.java:65)
	at com.kms.katalon.core.main.TestSuiteExecutor.accessTestSuiteMainPhase(TestSuiteExecutor.java:148)
	at com.kms.katalon.core.main.TestSuiteExecutor.execute(TestSuiteExecutor.java:106)
	at com.kms.katalon.core.main.TestCaseMain.startTestSuite(TestCaseMain.java:180)
	at TempTestSuite1709094092066.run(TempTestSuite1709094092066.groovy:36)
	at java.base/jdk.internal.reflect.NativeMethodAccessorImpl.invoke0(Native Method)
	at java.base/jdk.internal.reflect.NativeMethodAccessorImpl.invoke(NativeMethodAccessorImpl.java:77)
	at java.base/jdk.internal.reflect.DelegatingMethodAccessorImpl.invoke(DelegatingMethodAccessorImpl.java:43)
Caused by: com.kms.katalon.core.exception.StepFailedException: Cannot find window with index: '1'
	at com.kms.katalon.core.webui.keyword.internal.WebUIKeywordMain.stepFailed(WebUIKeywordMain.groovy:64)
	at com.kms.katalon.core.webui.keyword.builtin.SwitchToWindowIndexKeyword$_switchToWindowIndex_closure1.doCall(SwitchToWindowIndexKeyword.groovy:83)
	at com.kms.katalon.core.webui.keyword.builtin.SwitchToWindowIndexKeyword$_switchToWindowIndex_closure1.call(SwitchToWindowIndexKeyword.groovy)
	at com.kms.katalon.core.webui.keyword.internal.WebUIKeywordMain.runKeyword(WebUIKeywordMain.groovy:20)
	... 20 more]]></system-out>
      <system-err><![CDATA[28-02-2024T09:51:34 - [TEST_SUITE][FAILED] - Casino: Test Cases/Casino/Open game successful FAILED.
Reason:
com.kms.katalon.core.exception.StepFailedException: Unable to switch to window with index: '1'
	at com.kms.katalon.core.webui.keyword.internal.WebUIKeywordMain.stepFailed(WebUIKeywordMain.groovy:64)
	at com.kms.katalon.core.webui.keyword.internal.WebUIKeywordMain.runKeyword(WebUIKeywordMain.groovy:26)
	at com.kms.katalon.core.webui.keyword.builtin.SwitchToWindowIndexKeyword.switchToWindowIndex(SwitchToWindowIndexKeyword.groovy:85)
	at com.kms.katalon.core.webui.keyword.builtin.SwitchToWindowIndexKeyword.execute(SwitchToWindowIndexKeyword.groovy:67)
	at com.kms.katalon.core.keyword.internal.KeywordExecutor.executeKeywordForPlatform(KeywordExecutor.groovy:74)
	at com.kms.katalon.core.webui.keyword.WebUiBuiltInKeywords.switchToWindowIndex(WebUiBuiltInKeywords.groovy:1930)
	at Open game successful.run(Open game successful:85)
	at com.kms.katalon.core.main.ScriptEngine.run(ScriptEngine.java:194)
	at com.kms.katalon.core.main.ScriptEngine.runScriptAsRawText(ScriptEngine.java:119)
	at com.kms.katalon.core.main.TestCaseExecutor.runScript(TestCaseExecutor.java:448)
	at com.kms.katalon.core.main.TestCaseExecutor.doExecute(TestCaseExecutor.java:439)
	at com.kms.katalon.core.main.TestCaseExecutor.processExecutionPhase(TestCaseExecutor.java:418)
	at com.kms.katalon.core.main.TestCaseExecutor.accessMainPhase(TestCaseExecutor.java:410)
	at com.kms.katalon.core.main.TestCaseExecutor.execute(TestCaseExecutor.java:285)
	at com.kms.katalon.core.common.CommonExecutor.accessTestCaseMainPhase(CommonExecutor.java:65)
	at com.kms.katalon.core.main.TestSuiteExecutor.accessTestSuiteMainPhase(TestSuiteExecutor.java:148)
	at com.kms.katalon.core.main.TestSuiteExecutor.execute(TestSuiteExecutor.java:106)
	at com.kms.katalon.core.main.TestCaseMain.startTestSuite(TestCaseMain.java:180)
	at TempTestSuite1709094092066.run(TempTestSuite1709094092066.groovy:36)
	at java.base/jdk.internal.reflect.NativeMethodAccessorImpl.invoke0(Native Method)
	at java.base/jdk.internal.reflect.NativeMethodAccessorImpl.invoke(NativeMethodAccessorImpl.java:77)
	at java.base/jdk.internal.reflect.DelegatingMethodAccessorImpl.invoke(DelegatingMethodAccessorImpl.java:43)
Caused by: com.kms.katalon.core.exception.StepFailedException: Cannot find window with index: '1'
	at com.kms.katalon.core.webui.keyword.internal.WebUIKeywordMain.stepFailed(WebUIKeywordMain.groovy:64)
	at com.kms.katalon.core.webui.keyword.builtin.SwitchToWindowIndexKeyword$_switchToWindowIndex_closure1.doCall(SwitchToWindowIndexKeyword.groovy:83)
	at com.kms.katalon.core.webui.keyword.builtin.SwitchToWindowIndexKeyword$_switchToWindowIndex_closure1.call(SwitchToWindowIndexKeyword.groovy)
	at com.kms.katalon.core.webui.keyword.internal.WebUIKeywordMain.runKeyword(WebUIKeywordMain.groovy:20)
	... 20 more]]></system-err>
   </testsuite>
</testsuites>
