<?xml version="1.0" encoding="UTF-8"?>
<testsuites name="Casino" time="137.943" tests="1" failures="0" errors="0">
   <testsuite name="Casino" tests="1" failures="0" errors="0" time="137.943" skipped="0" timestamp="27-02-2024T15:07:17" hostname="M Gokul Jayanth - LAPTOP-QCN9K3GM" id="Test Suites/Casino">
      <properties>
         <property name="deviceName" value=""/>
         <property name="devicePlatform" value=""/>
         <property name="logFolder" value="C:\\Users\\M Gokul Jayanth\\git\\KatalonAutomation\\HaboomWBT\\Reports\\20240227_150713\\Casino\\20240227_150714"/>
         <property name="logFiles" value="C:\\Users\\M Gokul Jayanth\\git\\KatalonAutomation\\HaboomWBT\\Reports\\20240227_150713\\Casino\\20240227_150714\\execution0.log"/>
         <property name="attachments" value=""/>
         <property name="hostName" value="M Gokul Jayanth - LAPTOP-QCN9K3GM"/>
         <property name="os" value="Windows 11 64bit"/>
         <property name="katalonVersion" value="9.3.0.212"/>
         <property name="browser" value="Chrome 121.0.0.0"/>
         <property name="hostAddress" value="192.168.50.148"/>
         <property name="sessionId" value="b6c70961a640a62364d886b93278535a"/>
         <property name="seleniumVersion" value="3.141.59"/>
         <property name="proxyInformation" value="ProxyInformation { proxyOption=NO_PROXY, proxyServerType=HTTP, username=, password=********, proxyServerAddress=, proxyServerPort=0, executionList=&quot;&quot;, isApplyToDesiredCapabilities=true }"/>
         <property name="platform" value="Windows 11"/>
      </properties>
      <testcase name="Test Cases/Casino/Open game successful" time="137.803" classname="Test Cases/Casino/Open game successful" status="INCOMPLETE">
         <system-out><![CDATA[27-02-2024T15:07:17 - [TEST_CASE][INCOMPLETE] - Test Cases/Casino/Open game successful: null

27-02-2024T15:07:17 - [TEST_STEP][PASSED] - Start setup action : setupTestCase: Method 'setupTestCase' complete successfully

27-02-2024T15:07:17 - [TEST_STEP][PASSED] - openBrowser(""): Browser is opened with url: ''

27-02-2024T15:07:17 - [MESSAGE][INFO] - Starting 'Chrome' driver

27-02-2024T15:07:17 - [MESSAGE][INFO] - Action delay is set to 0 milliseconds

27-02-2024T15:07:18 - [MESSAGE][PASSED] - Browser is opened with url: ''

27-02-2024T15:07:18 - [TEST_STEP][PASSED] - navigateToUrl("https://haboom.com/"): Navigate to 'https://haboom.com/' successfully

27-02-2024T15:07:22 - [MESSAGE][PASSED] - Navigate to 'https://haboom.com/' successfully

27-02-2024T15:07:22 - [TEST_STEP][PASSED] - maximizeWindow(): Current window maximized

27-02-2024T15:07:22 - [MESSAGE][PASSED] - Current window maximized

27-02-2024T15:07:22 - [TEST_STEP][PASSED] - setText(findTestObject("Object Repository/Login Page/Login email field"), "MartinGarrix"): Text 'MartinGarrix' is set on object 'Object Repository/Login Page/Login email field'

27-02-2024T15:07:24 - [MESSAGE][PASSED] - Text 'MartinGarrix' is set on object 'Object Repository/Login Page/Login email field'

27-02-2024T15:07:24 - [TEST_STEP][PASSED] - setText(findTestObject("Object Repository/Login Page/Login Password"), "Test@1234"): Text 'Test@1234' is set on object 'Object Repository/Login Page/Login Password'

27-02-2024T15:07:25 - [MESSAGE][PASSED] - Text 'Test@1234' is set on object 'Object Repository/Login Page/Login Password'

27-02-2024T15:07:25 - [TEST_STEP][PASSED] - click(findTestObject("Object Repository/Login Page/login button")): Object: 'Object Repository/Login Page/login button' is clicked on

27-02-2024T15:07:28 - [MESSAGE][PASSED] - Object: 'Object Repository/Login Page/login button' is clicked on

27-02-2024T15:07:28 - [TEST_STEP][PASSED] - verifyElementText(findTestObject("Object Repository/Login Page/My Account"), "My Account"): Actual text and expected text of test object 'Object Repository/Login Page/My Account' are matched.

27-02-2024T15:07:33 - [MESSAGE][PASSED] - Actual text and expected text of test object 'Object Repository/Login Page/My Account' are matched.

27-02-2024T15:07:33 - [MESSAGE][PASSED] - Method 'setupTestCase' complete successfully

27-02-2024T15:07:33 - [TEST_STEP][PASSED] - click(findTestObject("Object Repository/Casino Page/CasinoMenu")): Object: 'Object Repository/Casino Page/CasinoMenu' is clicked on

27-02-2024T15:07:38 - [MESSAGE][PASSED] - Object: 'Object Repository/Casino Page/CasinoMenu' is clicked on

27-02-2024T15:07:38 - [TEST_STEP][PASSED] - provider = getWebDriver().findElements(By.xpath("//input[@name='provider_list']")): null

27-02-2024T15:07:38 - [TEST_STEP][PASSED] - println(provider.size()): null

27-02-2024T15:07:38 - [TEST_STEP][INCOMPLETE] - for ([i = 20, i < provider.size(), (i++)]): null

27-02-2024T15:07:38 - [TEST_STEP][PASSED] - currentElement = provider.get(i): null

27-02-2024T15:07:38 - [TEST_STEP][PASSED] - currentElement.click(): null

27-02-2024T15:07:38 - [TEST_STEP][PASSED] - scrollToPosition(0, 250): Browser is scrolled to position x = 0, y = 250

27-02-2024T15:07:38 - [MESSAGE][PASSED] - Browser is scrolled to position x = 0, y = 250

27-02-2024T15:07:38 - [TEST_STEP][PASSED] - delay(5): Delayed 5 second(s)

27-02-2024T15:07:44 - [MESSAGE][PASSED] - Delayed 5 second(s)

27-02-2024T15:07:44 - [TEST_STEP][PASSED] - scrollToPosition(0, 500): Browser is scrolled to position x = 0, y = 500

27-02-2024T15:07:44 - [MESSAGE][PASSED] - Browser is scrolled to position x = 0, y = 500

27-02-2024T15:07:44 - [TEST_STEP][PASSED] - delay(5): Delayed 5 second(s)

27-02-2024T15:07:49 - [MESSAGE][PASSED] - Delayed 5 second(s)

27-02-2024T15:07:49 - [TEST_STEP][PASSED] - scrollToPosition(0, 750): Browser is scrolled to position x = 0, y = 750

27-02-2024T15:07:49 - [MESSAGE][PASSED] - Browser is scrolled to position x = 0, y = 750

27-02-2024T15:07:49 - [TEST_STEP][PASSED] - delay(5): Delayed 5 second(s)

27-02-2024T15:07:54 - [MESSAGE][PASSED] - Delayed 5 second(s)

27-02-2024T15:07:54 - [TEST_STEP][PASSED] - scrollToPosition(0, 1000): Browser is scrolled to position x = 0, y = 1000

27-02-2024T15:07:54 - [MESSAGE][PASSED] - Browser is scrolled to position x = 0, y = 1000

27-02-2024T15:07:54 - [TEST_STEP][PASSED] - delay(5): Delayed 5 second(s)

27-02-2024T15:07:59 - [MESSAGE][PASSED] - Delayed 5 second(s)

27-02-2024T15:07:59 - [TEST_STEP][PASSED] - scrollToPosition(0, 1250): Browser is scrolled to position x = 0, y = 1250

27-02-2024T15:07:59 - [MESSAGE][PASSED] - Browser is scrolled to position x = 0, y = 1250

27-02-2024T15:07:59 - [TEST_STEP][PASSED] - delay(5): Delayed 5 second(s)

27-02-2024T15:08:04 - [MESSAGE][PASSED] - Delayed 5 second(s)

27-02-2024T15:08:04 - [TEST_STEP][PASSED] - scrollToPosition(0, 1500): Browser is scrolled to position x = 0, y = 1500

27-02-2024T15:08:04 - [MESSAGE][PASSED] - Browser is scrolled to position x = 0, y = 1500

27-02-2024T15:08:04 - [TEST_STEP][PASSED] - delay(5): Delayed 5 second(s)

27-02-2024T15:08:09 - [MESSAGE][PASSED] - Delayed 5 second(s)

27-02-2024T15:08:09 - [TEST_STEP][PASSED] - scrollToPosition(0, 0): Browser is scrolled to position x = 0, y = 0

27-02-2024T15:08:09 - [MESSAGE][PASSED] - Browser is scrolled to position x = 0, y = 0

27-02-2024T15:08:09 - [TEST_STEP][PASSED] - delay(10): Delayed 10 second(s)

27-02-2024T15:08:19 - [MESSAGE][PASSED] - Delayed 10 second(s)

27-02-2024T15:08:19 - [TEST_STEP][PASSED] - providerwindow = getWindowTitle(): Current window's title is: 'Haboom - Best Online Casino Games for Real Money'

27-02-2024T15:08:19 - [MESSAGE][PASSED] - Current window's title is: 'Haboom - Best Online Casino Games for Real Money'

27-02-2024T15:08:19 - [TEST_STEP][PASSED] - allgames = getWebDriver().findElements(By.xpath("//div[@class='tile-container' and @bis_skin_checked='1']")): null

27-02-2024T15:08:19 - [TEST_STEP][PASSED] - println(allgames.size()): null

27-02-2024T15:08:19 - [TEST_STEP][INCOMPLETE] - for ([j = 0, j < allgames.size(), (j++)]): null

27-02-2024T15:08:19 - [TEST_STEP][PASSED] - println(j): null

27-02-2024T15:08:19 - [TEST_STEP][PASSED] - playgame = allgames.get(j): null

27-02-2024T15:08:19 - [TEST_STEP][PASSED] - Object = convertWebElementToTestObject(playgame): null

27-02-2024T15:08:19 - [TEST_STEP][PASSED] - scrollToElement(Object, 10): Scroll to object '' successfully

27-02-2024T15:08:19 - [MESSAGE][PASSED] - Scroll to object '' successfully

27-02-2024T15:08:19 - [TEST_STEP][PASSED] - mouseOver(Object): Object: '' is hovered

27-02-2024T15:08:21 - [MESSAGE][PASSED] - Object: '' is hovered

27-02-2024T15:08:21 - [TEST_STEP][PASSED] - playgame.click(): null

27-02-2024T15:08:21 - [TEST_STEP][PASSED] - delay(5): Delayed 5 second(s)

27-02-2024T15:08:26 - [MESSAGE][PASSED] - Delayed 5 second(s)

27-02-2024T15:08:26 - [TEST_STEP][PASSED] - switchToWindowIndex(1): Switched to window with index: '1'

27-02-2024T15:08:26 - [MESSAGE][PASSED] - Switched to window with index: '1'

27-02-2024T15:08:26 - [TEST_STEP][PASSED] - title = getUrl(): Current window's url is: 'https://haboom.com/notavailable?slots&ns=success&lin=true&gameF=false'

27-02-2024T15:08:26 - [MESSAGE][PASSED] - Current window's url is: 'https://haboom.com/notavailable?slots&ns=success&lin=true&gameF=false'

27-02-2024T15:08:26 - [TEST_STEP][PASSED] - println(title): null

27-02-2024T15:08:26 - [TEST_STEP][PASSED] - if (title.contains("notavailable")): null

27-02-2024T15:08:26 - [TEST_STEP][PASSED] - println("Failed"): null

27-02-2024T15:08:26 - [TEST_STEP][PASSED] - println("Game number -" + j + "- Failed to open"): null

27-02-2024T15:08:26 - [TEST_STEP][PASSED] - switchToWindowIndex(1): Switched to window with index: '1'

27-02-2024T15:08:26 - [MESSAGE][PASSED] - Switched to window with index: '1'

27-02-2024T15:08:26 - [TEST_STEP][PASSED] - closeWindowIndex(1): Window with index 1 is closed

27-02-2024T15:08:26 - [MESSAGE][PASSED] - Window with index 1 is closed

27-02-2024T15:08:26 - [TEST_STEP][PASSED] - switchToWindowIndex(0): Switched to window with index: '0'

27-02-2024T15:08:26 - [MESSAGE][PASSED] - Switched to window with index: '0'

27-02-2024T15:08:26 - [TEST_STEP][PASSED] - delay(2): Delayed 2 second(s)

27-02-2024T15:08:28 - [MESSAGE][PASSED] - Delayed 2 second(s)

27-02-2024T15:08:28 - [TEST_STEP][PASSED] - println(j): null

27-02-2024T15:08:28 - [TEST_STEP][PASSED] - playgame = allgames.get(j): null

27-02-2024T15:08:28 - [TEST_STEP][PASSED] - Object = convertWebElementToTestObject(playgame): null

27-02-2024T15:08:28 - [TEST_STEP][PASSED] - scrollToElement(Object, 10): Scroll to object '' successfully

27-02-2024T15:08:28 - [MESSAGE][PASSED] - Scroll to object '' successfully

27-02-2024T15:08:28 - [TEST_STEP][PASSED] - mouseOver(Object): Object: '' is hovered

27-02-2024T15:08:28 - [MESSAGE][PASSED] - Object: '' is hovered

27-02-2024T15:08:28 - [TEST_STEP][PASSED] - playgame.click(): null

27-02-2024T15:08:28 - [TEST_STEP][PASSED] - delay(5): Delayed 5 second(s)

27-02-2024T15:08:33 - [MESSAGE][PASSED] - Delayed 5 second(s)

27-02-2024T15:08:33 - [TEST_STEP][PASSED] - switchToWindowIndex(1): Switched to window with index: '1'

27-02-2024T15:08:33 - [MESSAGE][PASSED] - Switched to window with index: '1'

27-02-2024T15:08:33 - [TEST_STEP][PASSED] - title = getUrl(): Current window's url is: 'https://haboom.com/notavailable?slots&ns=success&lin=true&gameF=false'

27-02-2024T15:08:33 - [MESSAGE][PASSED] - Current window's url is: 'https://haboom.com/notavailable?slots&ns=success&lin=true&gameF=false'

27-02-2024T15:08:33 - [TEST_STEP][PASSED] - println(title): null

27-02-2024T15:08:33 - [TEST_STEP][PASSED] - if (title.contains("notavailable")): null

27-02-2024T15:08:33 - [TEST_STEP][PASSED] - println("Failed"): null

27-02-2024T15:08:33 - [TEST_STEP][PASSED] - println("Game number -" + j + "- Failed to open"): null

27-02-2024T15:08:33 - [TEST_STEP][PASSED] - switchToWindowIndex(1): Switched to window with index: '1'

27-02-2024T15:08:33 - [MESSAGE][PASSED] - Switched to window with index: '1'

27-02-2024T15:08:33 - [TEST_STEP][PASSED] - closeWindowIndex(1): Window with index 1 is closed

27-02-2024T15:08:33 - [MESSAGE][PASSED] - Window with index 1 is closed

27-02-2024T15:08:33 - [TEST_STEP][PASSED] - switchToWindowIndex(0): Switched to window with index: '0'

27-02-2024T15:08:33 - [MESSAGE][PASSED] - Switched to window with index: '0'

27-02-2024T15:08:33 - [TEST_STEP][PASSED] - delay(2): Delayed 2 second(s)

27-02-2024T15:08:35 - [MESSAGE][PASSED] - Delayed 2 second(s)

27-02-2024T15:08:35 - [TEST_STEP][PASSED] - println(j): null

27-02-2024T15:08:35 - [TEST_STEP][PASSED] - playgame = allgames.get(j): null

27-02-2024T15:08:35 - [TEST_STEP][PASSED] - Object = convertWebElementToTestObject(playgame): null

27-02-2024T15:08:35 - [TEST_STEP][PASSED] - scrollToElement(Object, 10): Scroll to object '' successfully

27-02-2024T15:08:35 - [MESSAGE][PASSED] - Scroll to object '' successfully

27-02-2024T15:08:35 - [TEST_STEP][PASSED] - mouseOver(Object): Object: '' is hovered

27-02-2024T15:08:36 - [MESSAGE][PASSED] - Object: '' is hovered

27-02-2024T15:08:36 - [TEST_STEP][PASSED] - playgame.click(): null

27-02-2024T15:08:36 - [TEST_STEP][PASSED] - delay(5): Delayed 5 second(s)

27-02-2024T15:08:41 - [MESSAGE][PASSED] - Delayed 5 second(s)

27-02-2024T15:08:41 - [TEST_STEP][PASSED] - switchToWindowIndex(1): Switched to window with index: '1'

27-02-2024T15:08:41 - [MESSAGE][PASSED] - Switched to window with index: '1'

27-02-2024T15:08:41 - [TEST_STEP][PASSED] - title = getUrl(): Current window's url is: 'https://haboom.com/notavailable?slots&ns=success&lin=true&gameF=false'

27-02-2024T15:08:41 - [MESSAGE][PASSED] - Current window's url is: 'https://haboom.com/notavailable?slots&ns=success&lin=true&gameF=false'

27-02-2024T15:08:41 - [TEST_STEP][PASSED] - println(title): null

27-02-2024T15:08:41 - [TEST_STEP][PASSED] - if (title.contains("notavailable")): null

27-02-2024T15:08:41 - [TEST_STEP][PASSED] - println("Failed"): null

27-02-2024T15:08:41 - [TEST_STEP][PASSED] - println("Game number -" + j + "- Failed to open"): null

27-02-2024T15:08:41 - [TEST_STEP][PASSED] - switchToWindowIndex(1): Switched to window with index: '1'

27-02-2024T15:08:41 - [MESSAGE][PASSED] - Switched to window with index: '1'

27-02-2024T15:08:41 - [TEST_STEP][PASSED] - closeWindowIndex(1): Window with index 1 is closed

27-02-2024T15:08:41 - [MESSAGE][PASSED] - Window with index 1 is closed

27-02-2024T15:08:41 - [TEST_STEP][PASSED] - switchToWindowIndex(0): Switched to window with index: '0'

27-02-2024T15:08:41 - [MESSAGE][PASSED] - Switched to window with index: '0'

27-02-2024T15:08:41 - [TEST_STEP][PASSED] - delay(2): Delayed 2 second(s)

27-02-2024T15:08:43 - [MESSAGE][PASSED] - Delayed 2 second(s)

27-02-2024T15:08:43 - [TEST_STEP][PASSED] - println(j): null

27-02-2024T15:08:43 - [TEST_STEP][PASSED] - playgame = allgames.get(j): null

27-02-2024T15:08:43 - [TEST_STEP][PASSED] - Object = convertWebElementToTestObject(playgame): null

27-02-2024T15:08:43 - [TEST_STEP][PASSED] - scrollToElement(Object, 10): Scroll to object '' successfully

27-02-2024T15:08:43 - [MESSAGE][PASSED] - Scroll to object '' successfully

27-02-2024T15:08:43 - [TEST_STEP][PASSED] - mouseOver(Object): Object: '' is hovered

27-02-2024T15:08:43 - [MESSAGE][PASSED] - Object: '' is hovered

27-02-2024T15:08:43 - [TEST_STEP][PASSED] - playgame.click(): null

27-02-2024T15:08:43 - [TEST_STEP][PASSED] - delay(5): Delayed 5 second(s)

27-02-2024T15:08:48 - [MESSAGE][PASSED] - Delayed 5 second(s)

27-02-2024T15:08:48 - [TEST_STEP][PASSED] - switchToWindowIndex(1): Switched to window with index: '1'

27-02-2024T15:08:48 - [MESSAGE][PASSED] - Switched to window with index: '1'

27-02-2024T15:08:48 - [TEST_STEP][PASSED] - title = getUrl(): Current window's url is: 'https://haboom.com/notavailable?slots&ns=success&lin=true&gameF=false'

27-02-2024T15:08:48 - [MESSAGE][PASSED] - Current window's url is: 'https://haboom.com/notavailable?slots&ns=success&lin=true&gameF=false'

27-02-2024T15:08:48 - [TEST_STEP][PASSED] - println(title): null

27-02-2024T15:08:48 - [TEST_STEP][PASSED] - if (title.contains("notavailable")): null

27-02-2024T15:08:48 - [TEST_STEP][PASSED] - println("Failed"): null

27-02-2024T15:08:48 - [TEST_STEP][PASSED] - println("Game number -" + j + "- Failed to open"): null

27-02-2024T15:08:48 - [TEST_STEP][PASSED] - switchToWindowIndex(1): Switched to window with index: '1'

27-02-2024T15:08:48 - [MESSAGE][PASSED] - Switched to window with index: '1'

27-02-2024T15:08:48 - [TEST_STEP][PASSED] - closeWindowIndex(1): Window with index 1 is closed

27-02-2024T15:08:48 - [MESSAGE][PASSED] - Window with index 1 is closed

27-02-2024T15:08:48 - [TEST_STEP][PASSED] - switchToWindowIndex(0): Switched to window with index: '0'

27-02-2024T15:08:48 - [MESSAGE][PASSED] - Switched to window with index: '0'

27-02-2024T15:08:48 - [TEST_STEP][PASSED] - delay(2): Delayed 2 second(s)

27-02-2024T15:08:50 - [MESSAGE][PASSED] - Delayed 2 second(s)

27-02-2024T15:08:50 - [TEST_STEP][PASSED] - println(j): null

27-02-2024T15:08:50 - [TEST_STEP][PASSED] - playgame = allgames.get(j): null

27-02-2024T15:08:50 - [TEST_STEP][PASSED] - Object = convertWebElementToTestObject(playgame): null

27-02-2024T15:08:50 - [TEST_STEP][PASSED] - scrollToElement(Object, 10): Scroll to object '' successfully

27-02-2024T15:08:50 - [MESSAGE][PASSED] - Scroll to object '' successfully

27-02-2024T15:08:50 - [TEST_STEP][PASSED] - mouseOver(Object): Object: '' is hovered

27-02-2024T15:08:50 - [MESSAGE][PASSED] - Object: '' is hovered

27-02-2024T15:08:50 - [TEST_STEP][PASSED] - playgame.click(): null

27-02-2024T15:08:50 - [TEST_STEP][PASSED] - delay(5): Delayed 5 second(s)

27-02-2024T15:08:55 - [MESSAGE][PASSED] - Delayed 5 second(s)

27-02-2024T15:08:55 - [TEST_STEP][PASSED] - switchToWindowIndex(1): Switched to window with index: '1'

27-02-2024T15:08:55 - [MESSAGE][PASSED] - Switched to window with index: '1'

27-02-2024T15:08:55 - [TEST_STEP][PASSED] - title = getUrl(): Current window's url is: 'https://haboom.com/notavailable?slots&ns=success&lin=true&gameF=false'

27-02-2024T15:08:55 - [MESSAGE][PASSED] - Current window's url is: 'https://haboom.com/notavailable?slots&ns=success&lin=true&gameF=false'

27-02-2024T15:08:55 - [TEST_STEP][PASSED] - println(title): null

27-02-2024T15:08:55 - [TEST_STEP][PASSED] - if (title.contains("notavailable")): null

27-02-2024T15:08:55 - [TEST_STEP][PASSED] - println("Failed"): null

27-02-2024T15:08:55 - [TEST_STEP][PASSED] - println("Game number -" + j + "- Failed to open"): null

27-02-2024T15:08:55 - [TEST_STEP][PASSED] - switchToWindowIndex(1): Switched to window with index: '1'

27-02-2024T15:08:55 - [MESSAGE][PASSED] - Switched to window with index: '1'

27-02-2024T15:08:55 - [TEST_STEP][PASSED] - closeWindowIndex(1): Window with index 1 is closed

27-02-2024T15:08:55 - [MESSAGE][PASSED] - Window with index 1 is closed

27-02-2024T15:08:55 - [TEST_STEP][PASSED] - switchToWindowIndex(0): Switched to window with index: '0'

27-02-2024T15:08:56 - [MESSAGE][PASSED] - Switched to window with index: '0'

27-02-2024T15:08:56 - [TEST_STEP][PASSED] - delay(2): Delayed 2 second(s)

27-02-2024T15:08:58 - [MESSAGE][PASSED] - Delayed 2 second(s)

27-02-2024T15:08:58 - [TEST_STEP][PASSED] - println(j): null

27-02-2024T15:08:58 - [TEST_STEP][PASSED] - playgame = allgames.get(j): null

27-02-2024T15:08:58 - [TEST_STEP][PASSED] - Object = convertWebElementToTestObject(playgame): null

27-02-2024T15:08:58 - [TEST_STEP][PASSED] - scrollToElement(Object, 10): Scroll to object '' successfully

27-02-2024T15:08:58 - [MESSAGE][PASSED] - Scroll to object '' successfully

27-02-2024T15:08:58 - [TEST_STEP][PASSED] - mouseOver(Object): Object: '' is hovered

27-02-2024T15:08:58 - [MESSAGE][PASSED] - Object: '' is hovered

27-02-2024T15:08:58 - [TEST_STEP][PASSED] - playgame.click(): null

27-02-2024T15:08:58 - [TEST_STEP][PASSED] - delay(5): Delayed 5 second(s)

27-02-2024T15:09:03 - [MESSAGE][PASSED] - Delayed 5 second(s)

27-02-2024T15:09:03 - [TEST_STEP][PASSED] - switchToWindowIndex(1): Switched to window with index: '1'

27-02-2024T15:09:03 - [MESSAGE][PASSED] - Switched to window with index: '1'

27-02-2024T15:09:03 - [TEST_STEP][PASSED] - title = getUrl(): Current window's url is: 'https://haboom.com/notavailable?slots&ns=success&lin=true&gameF=false'

27-02-2024T15:09:03 - [MESSAGE][PASSED] - Current window's url is: 'https://haboom.com/notavailable?slots&ns=success&lin=true&gameF=false'

27-02-2024T15:09:03 - [TEST_STEP][PASSED] - println(title): null

27-02-2024T15:09:03 - [TEST_STEP][PASSED] - if (title.contains("notavailable")): null

27-02-2024T15:09:03 - [TEST_STEP][PASSED] - println("Failed"): null

27-02-2024T15:09:03 - [TEST_STEP][PASSED] - println("Game number -" + j + "- Failed to open"): null

27-02-2024T15:09:03 - [TEST_STEP][PASSED] - switchToWindowIndex(1): Switched to window with index: '1'

27-02-2024T15:09:03 - [MESSAGE][PASSED] - Switched to window with index: '1'

27-02-2024T15:09:03 - [TEST_STEP][PASSED] - closeWindowIndex(1): Window with index 1 is closed

27-02-2024T15:09:03 - [MESSAGE][PASSED] - Window with index 1 is closed

27-02-2024T15:09:03 - [TEST_STEP][PASSED] - switchToWindowIndex(0): Switched to window with index: '0'

27-02-2024T15:09:03 - [MESSAGE][PASSED] - Switched to window with index: '0'

27-02-2024T15:09:03 - [TEST_STEP][PASSED] - delay(2): Delayed 2 second(s)

27-02-2024T15:09:05 - [MESSAGE][PASSED] - Delayed 2 second(s)

27-02-2024T15:09:05 - [TEST_STEP][PASSED] - println(j): null

27-02-2024T15:09:05 - [TEST_STEP][PASSED] - playgame = allgames.get(j): null

27-02-2024T15:09:05 - [TEST_STEP][PASSED] - Object = convertWebElementToTestObject(playgame): null

27-02-2024T15:09:05 - [TEST_STEP][PASSED] - scrollToElement(Object, 10): Scroll to object '' successfully

27-02-2024T15:09:05 - [MESSAGE][PASSED] - Scroll to object '' successfully

27-02-2024T15:09:05 - [TEST_STEP][PASSED] - mouseOver(Object): Object: '' is hovered

27-02-2024T15:09:05 - [MESSAGE][PASSED] - Object: '' is hovered

27-02-2024T15:09:05 - [TEST_STEP][PASSED] - playgame.click(): null

27-02-2024T15:09:05 - [TEST_STEP][PASSED] - delay(5): Delayed 5 second(s)

27-02-2024T15:09:10 - [MESSAGE][PASSED] - Delayed 5 second(s)

27-02-2024T15:09:10 - [TEST_STEP][PASSED] - switchToWindowIndex(1): Switched to window with index: '1'

27-02-2024T15:09:10 - [MESSAGE][PASSED] - Switched to window with index: '1'

27-02-2024T15:09:10 - [TEST_STEP][PASSED] - title = getUrl(): Current window's url is: 'https://haboom.com/notavailable?slots&ns=success&lin=true&gameF=false'

27-02-2024T15:09:10 - [MESSAGE][PASSED] - Current window's url is: 'https://haboom.com/notavailable?slots&ns=success&lin=true&gameF=false'

27-02-2024T15:09:10 - [TEST_STEP][PASSED] - println(title): null

27-02-2024T15:09:10 - [TEST_STEP][PASSED] - if (title.contains("notavailable")): null

27-02-2024T15:09:10 - [TEST_STEP][PASSED] - println("Failed"): null

27-02-2024T15:09:10 - [TEST_STEP][PASSED] - println("Game number -" + j + "- Failed to open"): null

27-02-2024T15:09:10 - [TEST_STEP][PASSED] - switchToWindowIndex(1): Switched to window with index: '1'

27-02-2024T15:09:10 - [MESSAGE][PASSED] - Switched to window with index: '1'

27-02-2024T15:09:10 - [TEST_STEP][PASSED] - closeWindowIndex(1): Window with index 1 is closed

27-02-2024T15:09:10 - [MESSAGE][PASSED] - Window with index 1 is closed

27-02-2024T15:09:10 - [TEST_STEP][PASSED] - switchToWindowIndex(0): Switched to window with index: '0'

27-02-2024T15:09:10 - [MESSAGE][PASSED] - Switched to window with index: '0'

27-02-2024T15:09:10 - [TEST_STEP][PASSED] - delay(2): Delayed 2 second(s)

27-02-2024T15:09:12 - [MESSAGE][PASSED] - Delayed 2 second(s)

27-02-2024T15:09:12 - [TEST_STEP][PASSED] - println(j): null

27-02-2024T15:09:12 - [TEST_STEP][PASSED] - playgame = allgames.get(j): null

27-02-2024T15:09:12 - [TEST_STEP][PASSED] - Object = convertWebElementToTestObject(playgame): null

27-02-2024T15:09:12 - [TEST_STEP][PASSED] - scrollToElement(Object, 10): Scroll to object '' successfully

27-02-2024T15:09:12 - [MESSAGE][PASSED] - Scroll to object '' successfully

27-02-2024T15:09:12 - [TEST_STEP][PASSED] - mouseOver(Object): Object: '' is hovered

27-02-2024T15:09:12 - [MESSAGE][PASSED] - Object: '' is hovered

27-02-2024T15:09:12 - [TEST_STEP][PASSED] - playgame.click(): null

27-02-2024T15:09:12 - [TEST_STEP][PASSED] - delay(5): Delayed 5 second(s)

27-02-2024T15:09:17 - [MESSAGE][PASSED] - Delayed 5 second(s)

27-02-2024T15:09:17 - [TEST_STEP][PASSED] - switchToWindowIndex(1): Switched to window with index: '1'

27-02-2024T15:09:17 - [MESSAGE][PASSED] - Switched to window with index: '1'

27-02-2024T15:09:17 - [TEST_STEP][PASSED] - title = getUrl(): Current window's url is: 'https://haboom.com/notavailable?slots&ns=success&lin=true&gameF=false'

27-02-2024T15:09:17 - [MESSAGE][PASSED] - Current window's url is: 'https://haboom.com/notavailable?slots&ns=success&lin=true&gameF=false'

27-02-2024T15:09:17 - [TEST_STEP][PASSED] - println(title): null

27-02-2024T15:09:17 - [TEST_STEP][PASSED] - if (title.contains("notavailable")): null

27-02-2024T15:09:17 - [TEST_STEP][PASSED] - println("Failed"): null

27-02-2024T15:09:17 - [TEST_STEP][PASSED] - println("Game number -" + j + "- Failed to open"): null

27-02-2024T15:09:17 - [TEST_STEP][PASSED] - switchToWindowIndex(1): Switched to window with index: '1'

27-02-2024T15:09:17 - [MESSAGE][PASSED] - Switched to window with index: '1'

27-02-2024T15:09:17 - [TEST_STEP][PASSED] - closeWindowIndex(1): Window with index 1 is closed

27-02-2024T15:09:18 - [MESSAGE][PASSED] - Window with index 1 is closed

27-02-2024T15:09:18 - [TEST_STEP][PASSED] - switchToWindowIndex(0): Switched to window with index: '0'

27-02-2024T15:09:18 - [MESSAGE][PASSED] - Switched to window with index: '0'

27-02-2024T15:09:18 - [TEST_STEP][PASSED] - delay(2): Delayed 2 second(s)

27-02-2024T15:09:20 - [MESSAGE][PASSED] - Delayed 2 second(s)

27-02-2024T15:09:20 - [TEST_STEP][PASSED] - println(j): null

27-02-2024T15:09:20 - [TEST_STEP][PASSED] - playgame = allgames.get(j): null

27-02-2024T15:09:20 - [TEST_STEP][PASSED] - Object = convertWebElementToTestObject(playgame): null

27-02-2024T15:09:20 - [TEST_STEP][PASSED] - scrollToElement(Object, 10): Scroll to object '' successfully

27-02-2024T15:09:20 - [MESSAGE][PASSED] - Scroll to object '' successfully

27-02-2024T15:09:20 - [TEST_STEP][PASSED] - mouseOver(Object): Object: '' is hovered

27-02-2024T15:09:20 - [MESSAGE][PASSED] - Object: '' is hovered

27-02-2024T15:09:20 - [TEST_STEP][PASSED] - playgame.click(): null

27-02-2024T15:09:20 - [TEST_STEP][PASSED] - delay(5): Delayed 5 second(s)

27-02-2024T15:09:25 - [MESSAGE][PASSED] - Delayed 5 second(s)

27-02-2024T15:09:25 - [TEST_STEP][PASSED] - switchToWindowIndex(1): Switched to window with index: '1'

27-02-2024T15:09:25 - [MESSAGE][PASSED] - Switched to window with index: '1'

27-02-2024T15:09:25 - [TEST_STEP][PASSED] - title = getUrl(): Current window's url is: 'https://haboom.com/notavailable?slots&ns=success&lin=true&gameF=false'

27-02-2024T15:09:25 - [MESSAGE][PASSED] - Current window's url is: 'https://haboom.com/notavailable?slots&ns=success&lin=true&gameF=false'

27-02-2024T15:09:25 - [TEST_STEP][PASSED] - println(title): null

27-02-2024T15:09:25 - [TEST_STEP][PASSED] - if (title.contains("notavailable")): null

27-02-2024T15:09:25 - [TEST_STEP][PASSED] - println("Failed"): null

27-02-2024T15:09:25 - [TEST_STEP][PASSED] - println("Game number -" + j + "- Failed to open"): null

27-02-2024T15:09:25 - [TEST_STEP][PASSED] - switchToWindowIndex(1): Switched to window with index: '1'

27-02-2024T15:09:25 - [MESSAGE][PASSED] - Switched to window with index: '1'

27-02-2024T15:09:25 - [TEST_STEP][PASSED] - closeWindowIndex(1): Window with index 1 is closed

27-02-2024T15:09:25 - [MESSAGE][PASSED] - Window with index 1 is closed

27-02-2024T15:09:25 - [TEST_STEP][PASSED] - switchToWindowIndex(0): Switched to window with index: '0'

27-02-2024T15:09:25 - [MESSAGE][PASSED] - Switched to window with index: '0'

27-02-2024T15:09:25 - [TEST_STEP][PASSED] - delay(2): Delayed 2 second(s)

27-02-2024T15:09:27 - [MESSAGE][PASSED] - Delayed 2 second(s)

27-02-2024T15:09:27 - [TEST_STEP][PASSED] - println(j): null

27-02-2024T15:09:27 - [TEST_STEP][PASSED] - playgame = allgames.get(j): null

27-02-2024T15:09:27 - [TEST_STEP][PASSED] - Object = convertWebElementToTestObject(playgame): null

27-02-2024T15:09:27 - [TEST_STEP][PASSED] - scrollToElement(Object, 10): Scroll to object '' successfully

27-02-2024T15:09:27 - [MESSAGE][PASSED] - Scroll to object '' successfully

27-02-2024T15:09:27 - [TEST_STEP][PASSED] - mouseOver(Object): Object: '' is hovered

27-02-2024T15:09:27 - [MESSAGE][PASSED] - Object: '' is hovered

27-02-2024T15:09:27 - [TEST_STEP][PASSED] - playgame.click(): null

27-02-2024T15:09:27 - [TEST_STEP][PASSED] - delay(5): Delayed 5 second(s)

27-02-2024T15:09:32 - [MESSAGE][PASSED] - Delayed 5 second(s)

27-02-2024T15:09:32 - [TEST_STEP][PASSED] - switchToWindowIndex(1): Switched to window with index: '1'

27-02-2024T15:09:32 - [MESSAGE][PASSED] - Switched to window with index: '1'

27-02-2024T15:09:32 - [TEST_STEP][PASSED] - title = getUrl(): Current window's url is: 'https://haboom.com/notavailable?slots&ns=success&lin=true&gameF=false'

27-02-2024T15:09:32 - [MESSAGE][PASSED] - Current window's url is: 'https://haboom.com/notavailable?slots&ns=success&lin=true&gameF=false'

27-02-2024T15:09:32 - [TEST_STEP][PASSED] - println(title): null

27-02-2024T15:09:32 - [TEST_STEP][PASSED] - if (title.contains("notavailable")): null

27-02-2024T15:09:32 - [TEST_STEP][PASSED] - println("Failed"): null

27-02-2024T15:09:32 - [TEST_STEP][PASSED] - println("Game number -" + j + "- Failed to open"): null

27-02-2024T15:09:32 - [TEST_STEP][PASSED] - switchToWindowIndex(1): Switched to window with index: '1'

27-02-2024T15:09:32 - [MESSAGE][PASSED] - Switched to window with index: '1'

27-02-2024T15:09:32 - [TEST_STEP][PASSED] - closeWindowIndex(1): Window with index 1 is closed

27-02-2024T15:09:32 - [MESSAGE][PASSED] - Window with index 1 is closed

27-02-2024T15:09:32 - [TEST_STEP][PASSED] - switchToWindowIndex(0): Switched to window with index: '0'

27-02-2024T15:09:32 - [MESSAGE][PASSED] - Switched to window with index: '0'

27-02-2024T15:09:32 - [TEST_STEP][PASSED] - delay(2): Delayed 2 second(s)

27-02-2024T15:09:34 - [MESSAGE][PASSED] - Delayed 2 second(s)

27-02-2024T15:09:34 - [TEST_STEP][PASSED] - println(j): null

27-02-2024T15:09:34 - [TEST_STEP][PASSED] - playgame = allgames.get(j): null

27-02-2024T15:09:34 - [TEST_STEP][PASSED] - Object = convertWebElementToTestObject(playgame): null

27-02-2024T15:09:34 - [TEST_STEP][PASSED] - scrollToElement(Object, 10): Scroll to object '' successfully

27-02-2024T15:09:34 - [MESSAGE][PASSED] - Scroll to object '' successfully

27-02-2024T15:09:34 - [TEST_STEP][PASSED] - mouseOver(Object): Object: '' is hovered

27-02-2024T15:09:35 - [MESSAGE][PASSED] - Object: '' is hovered

27-02-2024T15:09:35 - [TEST_STEP][PASSED] - playgame.click(): null

27-02-2024T15:09:35 - [TEST_STEP][INCOMPLETE] - delay(5): null]]></system-out>
         <system-err><![CDATA[27-02-2024T15:07:17 - [TEST_CASE][INCOMPLETE] - Test Cases/Casino/Open game successful: null]]></system-err>
      </testcase>
      <system-out><![CDATA[27-02-2024T15:07:17 - [TEST_SUITE][INCOMPLETE] - Casino: null]]></system-out>
      <system-err><![CDATA[27-02-2024T15:07:17 - [TEST_SUITE][INCOMPLETE] - Casino: null]]></system-err>
   </testsuite>
</testsuites>
