<?xml version="1.0" encoding="UTF-8"?>
<testsuites name="HABOOM" time="18.298" tests="1" failures="0" errors="0">
   <testsuite name="HABOOM" tests="1" failures="0" errors="0" time="18.298" skipped="0" timestamp="26-02-2024T11:52:23" hostname="Dhamodharan - LAPTOP-QCDUFDJE" id="Test Suites/HABOOM">
      <properties>
         <property name="deviceName" value=""/>
         <property name="devicePlatform" value=""/>
         <property name="logFolder" value="C:\\Users\\Dhamodharan\\git\\HaboomWBT\\Reports\\20240226_115220\\HABOOM\\20240226_115221"/>
         <property name="logFiles" value="C:\\Users\\Dhamodharan\\git\\HaboomWBT\\Reports\\20240226_115220\\HABOOM\\20240226_115221\\execution0.log"/>
         <property name="attachments" value=""/>
         <property name="hostName" value="Dhamodharan - LAPTOP-QCDUFDJE"/>
         <property name="os" value="Windows 11 64bit"/>
         <property name="katalonVersion" value="9.3.0.212"/>
         <property name="browser" value="Chrome 122.0.0.0"/>
         <property name="hostAddress" value="192.168.50.131"/>
         <property name="sessionId" value="d2f1748930fb627208a815a5b6119b42"/>
         <property name="seleniumVersion" value="3.141.59"/>
         <property name="proxyInformation" value="ProxyInformation { proxyOption=NO_PROXY, proxyServerType=HTTP, username=, password=********, proxyServerAddress=, proxyServerPort=0, executionList=&quot;&quot;, isApplyToDesiredCapabilities=true }"/>
         <property name="platform" value="Windows 11"/>
      </properties>
      <testcase name="Test Cases/JOINNOW/Joinnow valid" time="18.169" classname="Test Cases/JOINNOW/Joinnow valid" status="PASSED">
         <system-out><![CDATA[26-02-2024T11:52:23 - [TEST_CASE][PASSED] - Test Cases/JOINNOW/Joinnow valid: Test Cases/JOINNOW/Joinnow valid

26-02-2024T11:52:24 - [TEST_STEP][PASSED] - openBrowser(""): Browser is opened with url: ''

26-02-2024T11:52:24 - [MESSAGE][INFO] - Starting 'Chrome' driver

26-02-2024T11:52:24 - [MESSAGE][INFO] - Action delay is set to 0 milliseconds

26-02-2024T11:52:25 - [MESSAGE][PASSED] - Browser is opened with url: ''

26-02-2024T11:52:25 - [TEST_STEP][PASSED] - maximizeWindow(): Current window maximized

26-02-2024T11:52:25 - [MESSAGE][PASSED] - Current window maximized

26-02-2024T11:52:25 - [TEST_STEP][PASSED] - navigateToUrl("https://haboom.com/"): Navigate to 'https://haboom.com/' successfully

26-02-2024T11:52:31 - [MESSAGE][PASSED] - Navigate to 'https://haboom.com/' successfully

26-02-2024T11:52:31 - [TEST_STEP][PASSED] - click(findTestObject("Object Repository/JOINNOW/Joinnow valid/Join Now_button")): Object: 'Object Repository/JOINNOW/Joinnow valid/Join Now_button' is clicked on

26-02-2024T11:52:34 - [MESSAGE][PASSED] - Object: 'Object Repository/JOINNOW/Joinnow valid/Join Now_button' is clicked on

26-02-2024T11:52:34 - [TEST_STEP][PASSED] - randomusername = RandomStringUtils.randomAlphabetic(10): null

26-02-2024T11:52:34 - [TEST_STEP][PASSED] - setText(findTestObject("Object Repository/JOINNOW/Joinnow valid/User name_Field"), randomusername): Text 'CsLxvmEChX' is set on object 'Object Repository/JOINNOW/Joinnow valid/User name_Field'

26-02-2024T11:52:36 - [MESSAGE][PASSED] - Text 'CsLxvmEChX' is set on object 'Object Repository/JOINNOW/Joinnow valid/User name_Field'

26-02-2024T11:52:36 - [TEST_STEP][PASSED] - randomemail = RandomStringUtils.randomAlphanumeric(10): null

26-02-2024T11:52:36 - [TEST_STEP][PASSED] - setText(findTestObject("Object Repository/JOINNOW/Joinnow valid/Email address_Field"), randomemail + "@gmail.com"): Text 'zr8zBj6p4k@gmail.com' is set on object 'Object Repository/JOINNOW/Joinnow valid/Email address_Field'

26-02-2024T11:52:36 - [MESSAGE][PASSED] - Text 'zr8zBj6p4k@gmail.com' is set on object 'Object Repository/JOINNOW/Joinnow valid/Email address_Field'

26-02-2024T11:52:36 - [TEST_STEP][PASSED] - setEncryptedText(findTestObject("Object Repository/JOINNOW/Joinnow valid/Password_Field"), "Ae2KZyjYBr3zjExtfoMITg=="): Text ****** has been set on object 'Object Repository/JOINNOW/Joinnow valid/Password_Field'

26-02-2024T11:52:37 - [MESSAGE][PASSED] - Text ****** has been set on object 'Object Repository/JOINNOW/Joinnow valid/Password_Field'

26-02-2024T11:52:37 - [TEST_STEP][PASSED] - randomnumber = RandomStringUtils.randomNumeric(14): null

26-02-2024T11:52:37 - [TEST_STEP][PASSED] - setText(findTestObject("Object Repository/JOINNOW/Joinnow valid/Mobile number_Field"), randomnumber): Text '96165463297386' is set on object 'Object Repository/JOINNOW/Joinnow valid/Mobile number_Field'

26-02-2024T11:52:37 - [MESSAGE][PASSED] - Text '96165463297386' is set on object 'Object Repository/JOINNOW/Joinnow valid/Mobile number_Field'

26-02-2024T11:52:37 - [TEST_STEP][PASSED] - delay(2): Delayed 2 second(s)

26-02-2024T11:52:39 - [MESSAGE][PASSED] - Delayed 2 second(s)

26-02-2024T11:52:39 - [TEST_STEP][PASSED] - click(findTestObject("Object Repository/JOINNOW/Joinnow valid/Register_button")): Object: 'Object Repository/JOINNOW/Joinnow valid/Register_button' is clicked on

26-02-2024T11:52:40 - [MESSAGE][PASSED] - Object: 'Object Repository/JOINNOW/Joinnow valid/Register_button' is clicked on

26-02-2024T11:52:40 - [TEST_STEP][PASSED] - delay(2): Delayed 2 second(s)

26-02-2024T11:52:42 - [MESSAGE][PASSED] - Delayed 2 second(s)]]></system-out>
         <system-err><![CDATA[]]></system-err>
      </testcase>
      <system-out><![CDATA[26-02-2024T11:52:23 - [TEST_SUITE][PASSED] - HABOOM: Test Cases/JOINNOW/Joinnow valid]]></system-out>
      <system-err><![CDATA[]]></system-err>
   </testsuite>
</testsuites>
