<?xml version="1.0" encoding="UTF-8"?>
<testsuites name="Exchange" time="35.535" tests="1" failures="0" errors="0">
   <testsuite name="Exchange" tests="1" failures="0" errors="0" time="35.535" skipped="0" timestamp="01-03-2024T09:56:17" hostname="M Gokul Jayanth - LAPTOP-QCN9K3GM" id="Test Suites/Exchange">
      <properties>
         <property name="deviceName" value=""/>
         <property name="devicePlatform" value=""/>
         <property name="logFolder" value="C:\\Users\\M Gokul Jayanth\\git\\KatalonAutomation\\HaboomWBT\\Reports\\20240301_095615\\Exchange\\20240301_095615"/>
         <property name="logFiles" value="C:\\Users\\M Gokul Jayanth\\git\\KatalonAutomation\\HaboomWBT\\Reports\\20240301_095615\\Exchange\\20240301_095615\\execution0.log"/>
         <property name="attachments" value=""/>
         <property name="hostName" value="M Gokul Jayanth - LAPTOP-QCN9K3GM"/>
         <property name="os" value="Windows 11 64bit"/>
         <property name="katalonVersion" value="9.3.0.212"/>
         <property name="browser" value="Chrome 121.0.0.0"/>
         <property name="hostAddress" value="192.168.1.8"/>
         <property name="sessionId" value="60bdf7484f3b1f40bd478d15631c5a29"/>
         <property name="seleniumVersion" value="3.141.59"/>
         <property name="proxyInformation" value="ProxyInformation { proxyOption=NO_PROXY, proxyServerType=HTTP, username=, password=********, proxyServerAddress=, proxyServerPort=0, executionList=&quot;&quot;, isApplyToDesiredCapabilities=true }"/>
         <property name="platform" value="Windows 11"/>
      </properties>
      <testcase name="Test Cases/Exchange/Place exchange_cricket bet" time="35.413" classname="Test Cases/Exchange/Place exchange_cricket bet" status="PASSED">
         <system-out><![CDATA[01-03-2024T09:56:17 - [TEST_CASE][PASSED] - Test Cases/Exchange/Place exchange_cricket bet: Test Cases/Exchange/Place exchange_cricket bet

01-03-2024T09:56:17 - [TEST_STEP][PASSED] - Start setup action : setupTestCase: Method 'setupTestCase' complete successfully

01-03-2024T09:56:17 - [TEST_STEP][PASSED] - openBrowser(""): Browser is opened with url: ''

01-03-2024T09:56:17 - [MESSAGE][INFO] - Starting 'Chrome' driver

01-03-2024T09:56:17 - [MESSAGE][INFO] - Action delay is set to 0 milliseconds

01-03-2024T09:56:18 - [MESSAGE][PASSED] - Browser is opened with url: ''

01-03-2024T09:56:18 - [TEST_STEP][PASSED] - navigateToUrl("https://haboom.com/"): Navigate to 'https://haboom.com/' successfully

01-03-2024T09:56:24 - [MESSAGE][PASSED] - Navigate to 'https://haboom.com/' successfully

01-03-2024T09:56:24 - [TEST_STEP][PASSED] - maximizeWindow(): Current window maximized

01-03-2024T09:56:25 - [MESSAGE][PASSED] - Current window maximized

01-03-2024T09:56:25 - [TEST_STEP][PASSED] - setText(findTestObject("Object Repository/Login Page/Login email field"), "MartinGarrix"): Text 'MartinGarrix' is set on object 'Object Repository/Login Page/Login email field'

01-03-2024T09:56:27 - [MESSAGE][PASSED] - Text 'MartinGarrix' is set on object 'Object Repository/Login Page/Login email field'

01-03-2024T09:56:27 - [TEST_STEP][PASSED] - setText(findTestObject("Object Repository/Login Page/Login Password"), "Test@1234"): Text 'Test@1234' is set on object 'Object Repository/Login Page/Login Password'

01-03-2024T09:56:28 - [MESSAGE][PASSED] - Text 'Test@1234' is set on object 'Object Repository/Login Page/Login Password'

01-03-2024T09:56:28 - [TEST_STEP][PASSED] - click(findTestObject("Object Repository/Login Page/login button")): Object: 'Object Repository/Login Page/login button' is clicked on

01-03-2024T09:56:29 - [MESSAGE][PASSED] - Object: 'Object Repository/Login Page/login button' is clicked on

01-03-2024T09:56:29 - [MESSAGE][PASSED] - Method 'setupTestCase' complete successfully

01-03-2024T09:56:29 - [TEST_STEP][PASSED] - click(findTestObject("Object Repository/Exchange Page/Exchange_menu")): Object: 'Object Repository/Exchange Page/Exchange_menu' is clicked on

01-03-2024T09:56:33 - [MESSAGE][PASSED] - Object: 'Object Repository/Exchange Page/Exchange_menu' is clicked on

01-03-2024T09:56:33 - [TEST_STEP][PASSED] - click(findTestObject("Object Repository/Exchange Page/Cricket_menu")): Object: 'Object Repository/Exchange Page/Cricket_menu' is clicked on

01-03-2024T09:56:35 - [MESSAGE][PASSED] - Object: 'Object Repository/Exchange Page/Cricket_menu' is clicked on

01-03-2024T09:56:35 - [TEST_STEP][PASSED] - delay(5): Delayed 5 second(s)

01-03-2024T09:56:40 - [MESSAGE][PASSED] - Delayed 5 second(s)

01-03-2024T09:56:40 - [TEST_STEP][PASSED] - game1 = getWebDriver().findElement(By.xpath("(//section[@class='mod-event-line ng-scope ng-isolate-scope'])[1]/ul[1]/li[1]")): null

01-03-2024T09:56:40 - [TEST_STEP][PASSED] - game1.click(): null

01-03-2024T09:56:41 - [TEST_STEP][PASSED] - delay(5): Delayed 5 second(s)

01-03-2024T09:56:46 - [MESSAGE][PASSED] - Delayed 5 second(s)

01-03-2024T09:56:46 - [TEST_STEP][PASSED] - teamAback = getWebDriver().findElement(By.xpath("(//tr[@class='runner-line ng-scope'])[1]/td[4]/button")): null

01-03-2024T09:56:47 - [TEST_STEP][PASSED] - teamAback.click(): null

01-03-2024T09:56:47 - [TEST_STEP][PASSED] - getvalue = getWebDriver().findElement(By.xpath("(//tr[@class='runner-line ng-scope'])[1]/td[4]/button/div/span[1]")): null

01-03-2024T09:56:47 - [TEST_STEP][PASSED] - oddvalue = getvalue.getText(): null

01-03-2024T09:56:47 - [TEST_STEP][PASSED] - println(oddvalue): null

01-03-2024T09:56:47 - [TEST_STEP][PASSED] - x = Integer.parseInt("9"): null

01-03-2024T09:56:47 - [TEST_STEP][PASSED] - print(x): null

01-03-2024T09:56:47 - [TEST_STEP][PASSED] - closeBrowser(): Browser is closed

01-03-2024T09:56:47 - [MESSAGE][PASSED] - Browser is closed

01-03-2024T09:56:47 - [TEST_STEP][PASSED] - delay(5): Delayed 5 second(s)

01-03-2024T09:56:52 - [MESSAGE][PASSED] - Delayed 5 second(s)]]></system-out>
         <system-err><![CDATA[]]></system-err>
      </testcase>
      <system-out><![CDATA[01-03-2024T09:56:17 - [TEST_SUITE][PASSED] - Exchange: Test Cases/Exchange/Place exchange_cricket bet]]></system-out>
      <system-err><![CDATA[]]></system-err>
   </testsuite>
</testsuites>
