<?xml version="1.0" encoding="UTF-8"?>
<testsuites name="Exchange" time="40.969" tests="1" failures="0" errors="0">
   <testsuite name="Exchange" tests="1" failures="0" errors="0" time="40.969" skipped="0" timestamp="29-02-2024T13:01:26" hostname="M Gokul Jayanth - LAPTOP-QCN9K3GM" id="Test Suites/Exchange">
      <properties>
         <property name="deviceName" value=""/>
         <property name="devicePlatform" value=""/>
         <property name="logFolder" value="C:\\Users\\M Gokul Jayanth\\git\\KatalonAutomation\\HaboomWBT\\Reports\\20240229_130124\\Exchange\\20240229_130124"/>
         <property name="logFiles" value="C:\\Users\\M Gokul Jayanth\\git\\KatalonAutomation\\HaboomWBT\\Reports\\20240229_130124\\Exchange\\20240229_130124\\execution0.log"/>
         <property name="attachments" value=""/>
         <property name="hostName" value="M Gokul Jayanth - LAPTOP-QCN9K3GM"/>
         <property name="os" value="Windows 11 64bit"/>
         <property name="katalonVersion" value="9.3.0.212"/>
         <property name="browser" value="Chrome 121.0.0.0"/>
         <property name="hostAddress" value="192.168.50.148"/>
         <property name="sessionId" value="5a0c9acf0913fa390bb280b226a405e2"/>
         <property name="seleniumVersion" value="3.141.59"/>
         <property name="proxyInformation" value="ProxyInformation { proxyOption=NO_PROXY, proxyServerType=HTTP, username=, password=********, proxyServerAddress=, proxyServerPort=0, executionList=&quot;&quot;, isApplyToDesiredCapabilities=true }"/>
         <property name="platform" value="Windows 11"/>
      </properties>
      <testcase name="Test Cases/Exchange/Place exchange_cricket bet" time="40.852" classname="Test Cases/Exchange/Place exchange_cricket bet" status="PASSED">
         <system-out><![CDATA[29-02-2024T13:01:26 - [TEST_CASE][PASSED] - Test Cases/Exchange/Place exchange_cricket bet: Test Cases/Exchange/Place exchange_cricket bet

29-02-2024T13:01:26 - [TEST_STEP][PASSED] - Start setup action : setupTestCase: Method 'setupTestCase' complete successfully

29-02-2024T13:01:26 - [TEST_STEP][PASSED] - openBrowser(""): Browser is opened with url: ''

29-02-2024T13:01:26 - [MESSAGE][INFO] - Starting 'Chrome' driver

29-02-2024T13:01:26 - [MESSAGE][INFO] - Action delay is set to 0 milliseconds

29-02-2024T13:01:27 - [MESSAGE][PASSED] - Browser is opened with url: ''

29-02-2024T13:01:27 - [TEST_STEP][PASSED] - navigateToUrl("https://haboom.com/"): Navigate to 'https://haboom.com/' successfully

29-02-2024T13:01:35 - [MESSAGE][PASSED] - Navigate to 'https://haboom.com/' successfully

29-02-2024T13:01:35 - [TEST_STEP][PASSED] - maximizeWindow(): Current window maximized

29-02-2024T13:01:35 - [MESSAGE][PASSED] - Current window maximized

29-02-2024T13:01:35 - [TEST_STEP][PASSED] - setText(findTestObject("Object Repository/Login Page/Login email field"), "MartinGarrix"): Text 'MartinGarrix' is set on object 'Object Repository/Login Page/Login email field'

29-02-2024T13:01:37 - [MESSAGE][PASSED] - Text 'MartinGarrix' is set on object 'Object Repository/Login Page/Login email field'

29-02-2024T13:01:37 - [TEST_STEP][PASSED] - setText(findTestObject("Object Repository/Login Page/Login Password"), "Test@1234"): Text 'Test@1234' is set on object 'Object Repository/Login Page/Login Password'

29-02-2024T13:01:41 - [MESSAGE][PASSED] - Text 'Test@1234' is set on object 'Object Repository/Login Page/Login Password'

29-02-2024T13:01:41 - [TEST_STEP][PASSED] - click(findTestObject("Object Repository/Login Page/login button")): Object: 'Object Repository/Login Page/login button' is clicked on

29-02-2024T13:01:42 - [MESSAGE][PASSED] - Object: 'Object Repository/Login Page/login button' is clicked on

29-02-2024T13:01:42 - [MESSAGE][PASSED] - Method 'setupTestCase' complete successfully

29-02-2024T13:01:42 - [TEST_STEP][PASSED] - click(findTestObject("Object Repository/Exchange Page/Exchange_menu")): Object: 'Object Repository/Exchange Page/Exchange_menu' is clicked on

29-02-2024T13:01:48 - [MESSAGE][PASSED] - Object: 'Object Repository/Exchange Page/Exchange_menu' is clicked on

29-02-2024T13:01:48 - [TEST_STEP][PASSED] - click(findTestObject("Object Repository/Exchange Page/Cricket_menu")): Object: 'Object Repository/Exchange Page/Cricket_menu' is clicked on

29-02-2024T13:01:50 - [MESSAGE][PASSED] - Object: 'Object Repository/Exchange Page/Cricket_menu' is clicked on

29-02-2024T13:01:50 - [TEST_STEP][PASSED] - delay(5): Delayed 5 second(s)

29-02-2024T13:01:55 - [MESSAGE][PASSED] - Delayed 5 second(s)

29-02-2024T13:01:55 - [TEST_STEP][PASSED] - game1 = getWebDriver().findElement(By.xpath("(//section[@class='mod-event-line ng-scope ng-isolate-scope'])[1]/ul[1]/li[1]")): null

29-02-2024T13:01:55 - [TEST_STEP][PASSED] - game1.click(): null

29-02-2024T13:01:56 - [TEST_STEP][PASSED] - delay(5): Delayed 5 second(s)

29-02-2024T13:02:01 - [MESSAGE][PASSED] - Delayed 5 second(s)

29-02-2024T13:02:01 - [TEST_STEP][PASSED] - teamAback = getWebDriver().findElement(By.xpath("(//tr[@class='runner-line ng-scope'])[1]/td[4]/button")): null

29-02-2024T13:02:02 - [TEST_STEP][PASSED] - teamAback.click(): null

29-02-2024T13:02:02 - [TEST_STEP][PASSED] - delay(5): Delayed 5 second(s)

29-02-2024T13:02:07 - [MESSAGE][PASSED] - Delayed 5 second(s)]]></system-out>
         <system-err><![CDATA[]]></system-err>
      </testcase>
      <system-out><![CDATA[29-02-2024T13:01:26 - [TEST_SUITE][PASSED] - Exchange: Test Cases/Exchange/Place exchange_cricket bet]]></system-out>
      <system-err><![CDATA[]]></system-err>
   </testsuite>
</testsuites>
