<?xml version="1.0" encoding="UTF-8"?>
<testsuites name="Exchange" time="47.473" tests="1" failures="0" errors="0">
   <testsuite name="Exchange" tests="1" failures="0" errors="0" time="47.473" skipped="0" timestamp="01-03-2024T12:49:20" hostname="M Gokul Jayanth - LAPTOP-QCN9K3GM" id="Test Suites/Exchange">
      <properties>
         <property name="deviceName" value=""/>
         <property name="devicePlatform" value=""/>
         <property name="logFolder" value="C:\\Users\\M Gokul Jayanth\\git\\KatalonAutomation\\HaboomWBT\\Reports\\20240301_124918\\Exchange\\20240301_124918"/>
         <property name="logFiles" value="C:\\Users\\M Gokul Jayanth\\git\\KatalonAutomation\\HaboomWBT\\Reports\\20240301_124918\\Exchange\\20240301_124918\\execution0.log"/>
         <property name="attachments" value=""/>
         <property name="hostName" value="M Gokul Jayanth - LAPTOP-QCN9K3GM"/>
         <property name="os" value="Windows 11 64bit"/>
         <property name="katalonVersion" value="9.3.0.212"/>
         <property name="browser" value="Chrome 121.0.0.0"/>
         <property name="hostAddress" value="192.168.1.8"/>
         <property name="sessionId" value="978d1e7fbb997660dd34455704d314d7"/>
         <property name="seleniumVersion" value="3.141.59"/>
         <property name="proxyInformation" value="ProxyInformation { proxyOption=NO_PROXY, proxyServerType=HTTP, username=, password=********, proxyServerAddress=, proxyServerPort=0, executionList=&quot;&quot;, isApplyToDesiredCapabilities=true }"/>
         <property name="platform" value="Windows 11"/>
      </properties>
      <testcase name="Test Cases/Exchange/Place exchange_cricket bet" time="47.353" classname="Test Cases/Exchange/Place exchange_cricket bet" status="PASSED">
         <system-out><![CDATA[01-03-2024T12:49:20 - [TEST_CASE][PASSED] - Test Cases/Exchange/Place exchange_cricket bet: Test Cases/Exchange/Place exchange_cricket bet

01-03-2024T12:49:20 - [TEST_STEP][PASSED] - Start setup action : setupTestCase: Method 'setupTestCase' complete successfully

01-03-2024T12:49:20 - [TEST_STEP][PASSED] - openBrowser(""): Browser is opened with url: ''

01-03-2024T12:49:20 - [MESSAGE][INFO] - Starting 'Chrome' driver

01-03-2024T12:49:20 - [MESSAGE][INFO] - Action delay is set to 0 milliseconds

01-03-2024T12:49:21 - [MESSAGE][PASSED] - Browser is opened with url: ''

01-03-2024T12:49:21 - [TEST_STEP][PASSED] - navigateToUrl("https://haboom.com/"): Navigate to 'https://haboom.com/' successfully

01-03-2024T12:49:28 - [MESSAGE][PASSED] - Navigate to 'https://haboom.com/' successfully

01-03-2024T12:49:28 - [TEST_STEP][PASSED] - maximizeWindow(): Current window maximized

01-03-2024T12:49:28 - [MESSAGE][PASSED] - Current window maximized

01-03-2024T12:49:28 - [TEST_STEP][PASSED] - setText(findTestObject("Object Repository/Login Page/Login email field"), "MartinGarrix"): Text 'MartinGarrix' is set on object 'Object Repository/Login Page/Login email field'

01-03-2024T12:49:34 - [MESSAGE][PASSED] - Text 'MartinGarrix' is set on object 'Object Repository/Login Page/Login email field'

01-03-2024T12:49:34 - [TEST_STEP][PASSED] - setText(findTestObject("Object Repository/Login Page/Login Password"), "Test@1234"): Text 'Test@1234' is set on object 'Object Repository/Login Page/Login Password'

01-03-2024T12:49:36 - [MESSAGE][PASSED] - Text 'Test@1234' is set on object 'Object Repository/Login Page/Login Password'

01-03-2024T12:49:36 - [TEST_STEP][PASSED] - click(findTestObject("Object Repository/Login Page/login button")): Object: 'Object Repository/Login Page/login button' is clicked on

01-03-2024T12:49:37 - [MESSAGE][PASSED] - Object: 'Object Repository/Login Page/login button' is clicked on

01-03-2024T12:49:37 - [MESSAGE][PASSED] - Method 'setupTestCase' complete successfully

01-03-2024T12:49:37 - [TEST_STEP][PASSED] - click(findTestObject("Object Repository/Exchange Page/Exchange_menu")): Object: 'Object Repository/Exchange Page/Exchange_menu' is clicked on

01-03-2024T12:49:43 - [MESSAGE][PASSED] - Object: 'Object Repository/Exchange Page/Exchange_menu' is clicked on

01-03-2024T12:49:43 - [TEST_STEP][PASSED] - click(findTestObject("Object Repository/Exchange Page/Cricket_menu")): Object: 'Object Repository/Exchange Page/Cricket_menu' is clicked on

01-03-2024T12:49:46 - [MESSAGE][PASSED] - Object: 'Object Repository/Exchange Page/Cricket_menu' is clicked on

01-03-2024T12:49:46 - [TEST_STEP][PASSED] - delay(5): Delayed 5 second(s)

01-03-2024T12:49:51 - [MESSAGE][PASSED] - Delayed 5 second(s)

01-03-2024T12:49:51 - [TEST_STEP][PASSED] - game1 = getWebDriver().findElement(By.xpath("(//section[@class='mod-event-line ng-scope ng-isolate-scope'])[1]/ul[1]/li[1]")): null

01-03-2024T12:49:51 - [TEST_STEP][PASSED] - game1.click(): null

01-03-2024T12:49:54 - [TEST_STEP][PASSED] - delay(5): Delayed 5 second(s)

01-03-2024T12:49:59 - [MESSAGE][PASSED] - Delayed 5 second(s)

01-03-2024T12:49:59 - [TEST_STEP][PASSED] - teamAback = getWebDriver().findElement(By.xpath("(//tr[@class='runner-line ng-scope'])[1]/td[4]/button")): null

01-03-2024T12:49:59 - [TEST_STEP][PASSED] - teamAback.click(): null

01-03-2024T12:49:59 - [TEST_STEP][PASSED] - getvalue = getWebDriver().findElement(By.xpath("(//tr[@class='runner-line ng-scope'])[1]/td[4]/button/div/span[1]")): null

01-03-2024T12:50:00 - [TEST_STEP][PASSED] - stringoddvalue = getvalue.getText(): null

01-03-2024T12:50:00 - [TEST_STEP][PASSED] - println(stringoddvalue): null

01-03-2024T12:50:00 - [TEST_STEP][PASSED] - floatoddvalue = stringoddvalue.toFloat(): null

01-03-2024T12:50:00 - [TEST_STEP][PASSED] - println(floatoddvalue): null

01-03-2024T12:50:00 - [TEST_STEP][PASSED] - newoddvalue = floatoddvalue + 0.20: null

01-03-2024T12:50:00 - [TEST_STEP][PASSED] - println(newoddvalue): null

01-03-2024T12:50:00 - [TEST_STEP][PASSED] - newstringoddvalue = newoddvalue.floatValue(): null

01-03-2024T12:50:00 - [TEST_STEP][PASSED] - setText(findTestObject("Object Repository/Exchange Page/oddvalue_field"), newstringoddvalue): Text '3.2' is set on object 'Object Repository/Exchange Page/oddvalue_field'

01-03-2024T12:50:02 - [MESSAGE][PASSED] - Text '3.2' is set on object 'Object Repository/Exchange Page/oddvalue_field'

01-03-2024T12:50:02 - [TEST_STEP][PASSED] - click(findTestObject("Object Repository/Exchange Page/Placebet_button")): Object: 'Object Repository/Exchange Page/Placebet_button' is clicked on

01-03-2024T12:50:02 - [MESSAGE][PASSED] - Object: 'Object Repository/Exchange Page/Placebet_button' is clicked on

01-03-2024T12:50:02 - [TEST_STEP][PASSED] - delay(5): Delayed 5 second(s)

01-03-2024T12:50:07 - [MESSAGE][PASSED] - Delayed 5 second(s)]]></system-out>
         <system-err><![CDATA[]]></system-err>
      </testcase>
      <system-out><![CDATA[01-03-2024T12:49:20 - [TEST_SUITE][PASSED] - Exchange: Test Cases/Exchange/Place exchange_cricket bet]]></system-out>
      <system-err><![CDATA[]]></system-err>
   </testsuite>
</testsuites>
