<?xml version="1.0" encoding="UTF-8"?>
<testsuites name="My Account" time="259.228" tests="7" failures="0" errors="0">
   <testsuite name="My Account" tests="7" failures="0" errors="0" time="259.228" skipped="0" timestamp="27-02-2024T15:16:41" hostname="Deepa V - LAPTOP-KJGS4LH5" id="Test Suites/My Account">
      <properties>
         <property name="deviceName" value=""/>
         <property name="devicePlatform" value=""/>
         <property name="logFolder" value="C:\\Users\\Deepa V\\git\\HaboomWBT\\Reports\\20240227_151638\\My Account\\20240227_151638"/>
         <property name="logFiles" value="C:\\Users\\Deepa V\\git\\HaboomWBT\\Reports\\20240227_151638\\My Account\\20240227_151638\\execution0.log"/>
         <property name="attachments" value="C:\\Users\\Deepa V\\git\\HaboomWBT\\Reports\\20240227_151638\\My Account\\20240227_151638\\1709027234538.png, C:\\Users\\Deepa V\\git\\HaboomWBT\\Reports\\20240227_151638\\My Account\\20240227_151638\\1709027266113.png, C:\\Users\\Deepa V\\git\\HaboomWBT\\Reports\\20240227_151638\\My Account\\20240227_151638\\1709027302142.png, C:\\Users\\Deepa V\\git\\HaboomWBT\\Reports\\20240227_151638\\My Account\\20240227_151638\\1709027335433.png, C:\\Users\\Deepa V\\git\\HaboomWBT\\Reports\\20240227_151638\\My Account\\20240227_151638\\1709027340956.png, C:\\Users\\Deepa V\\git\\HaboomWBT\\Reports\\20240227_151638\\My Account\\20240227_151638\\1709027373766.png, C:\\Users\\Deepa V\\git\\HaboomWBT\\Reports\\20240227_151638\\My Account\\20240227_151638\\1709027407780.png, C:\\Users\\Deepa V\\git\\HaboomWBT\\Reports\\20240227_151638\\My Account\\20240227_151638\\1709027459640.png"/>
         <property name="hostName" value="Deepa V - LAPTOP-KJGS4LH5"/>
         <property name="os" value="Windows 11 64bit"/>
         <property name="katalonVersion" value="9.3.0.212"/>
         <property name="browser" value="Chrome 122.0.0.0"/>
         <property name="hostAddress" value="192.168.50.146"/>
         <property name="sessionId" value="4ebdb44f65e302e7af9343207f79ca40"/>
         <property name="seleniumVersion" value="3.141.59"/>
         <property name="proxyInformation" value="ProxyInformation { proxyOption=NO_PROXY, proxyServerType=HTTP, username=, password=********, proxyServerAddress=, proxyServerPort=0, executionList=&quot;&quot;, isApplyToDesiredCapabilities=true }"/>
         <property name="platform" value="Windows 11"/>
      </properties>
      <testcase name="Test Cases/My Account/Payment_Deposit successful in Instant method" time="34.069" classname="Test Cases/My Account/Payment_Deposit successful in Instant method" status="PASSED">
         <system-out><![CDATA[27-02-2024T15:16:41 - [TEST_CASE][PASSED] - Test Cases/My Account/Payment_Deposit successful in Instant method: Test Cases/My Account/Payment_Deposit successful in Instant method

27-02-2024T15:16:41 - [TEST_STEP][PASSED] - openBrowser(""): Browser is opened with url: ''

27-02-2024T15:16:41 - [MESSAGE][INFO] - Starting 'Chrome' driver

27-02-2024T15:16:41 - [MESSAGE][INFO] - Action delay is set to 0 milliseconds

27-02-2024T15:16:43 - [MESSAGE][PASSED] - Browser is opened with url: ''

27-02-2024T15:16:43 - [TEST_STEP][PASSED] - navigateToUrl("https://haboom.com/"): Navigate to 'https://haboom.com/' successfully

27-02-2024T15:16:49 - [MESSAGE][PASSED] - Navigate to 'https://haboom.com/' successfully

27-02-2024T15:16:49 - [TEST_STEP][PASSED] - setText(findTestObject("Object Repository/My Account_Payment/My Account page/Login Username"), "Sherlock"): Text 'Sherlock' is set on object 'Object Repository/My Account_Payment/My Account page/Login Username'

27-02-2024T15:16:53 - [MESSAGE][PASSED] - Text 'Sherlock' is set on object 'Object Repository/My Account_Payment/My Account page/Login Username'

27-02-2024T15:16:53 - [TEST_STEP][PASSED] - setEncryptedText(findTestObject("Object Repository/My Account_Payment/My Account page/Login Password"), "Ae2KZyjYBr0MQlyqU7ThAA=="): Text ****** has been set on object 'Object Repository/My Account_Payment/My Account page/Login Password'

27-02-2024T15:16:55 - [MESSAGE][PASSED] - Text ****** has been set on object 'Object Repository/My Account_Payment/My Account page/Login Password'

27-02-2024T15:16:55 - [TEST_STEP][PASSED] - click(findTestObject("Object Repository/My Account_Payment/My Account page/Login Button")): Object: 'Object Repository/My Account_Payment/My Account page/Login Button' is clicked on

27-02-2024T15:16:56 - [MESSAGE][PASSED] - Object: 'Object Repository/My Account_Payment/My Account page/Login Button' is clicked on

27-02-2024T15:16:56 - [TEST_STEP][PASSED] - click(findTestObject("Object Repository/My Account_Payment/My Account page/My Account")): Object: 'Object Repository/My Account_Payment/My Account page/My Account' is clicked on

27-02-2024T15:16:59 - [MESSAGE][PASSED] - Object: 'Object Repository/My Account_Payment/My Account page/My Account' is clicked on

27-02-2024T15:16:59 - [TEST_STEP][PASSED] - click(findTestObject("Object Repository/My Account_Payment/My Account page/My Haboom Account")): Object: 'Object Repository/My Account_Payment/My Account page/My Haboom Account' is clicked on

27-02-2024T15:17:07 - [MESSAGE][PASSED] - Object: 'Object Repository/My Account_Payment/My Account page/My Haboom Account' is clicked on

27-02-2024T15:17:07 - [TEST_STEP][PASSED] - click(findTestObject("Object Repository/My Account_Payment/Deposit page/Payments")): Object: 'Object Repository/My Account_Payment/Deposit page/Payments' is clicked on

27-02-2024T15:17:08 - [MESSAGE][PASSED] - Object: 'Object Repository/My Account_Payment/Deposit page/Payments' is clicked on

27-02-2024T15:17:08 - [TEST_STEP][PASSED] - click(findTestObject("My Account_Payment/Deposit Bank Transfer/Bank transfer page/Deposit")): Object: 'Object Repository/My Account_Payment/Deposit Bank Transfer/Bank transfer page/Deposit' is clicked on

27-02-2024T15:17:10 - [MESSAGE][PASSED] - Object: 'Object Repository/My Account_Payment/Deposit Bank Transfer/Bank transfer page/Deposit' is clicked on

27-02-2024T15:17:10 - [TEST_STEP][PASSED] - click(findTestObject("My Account_Payment/Deposit page/Instant Page/Instant Methods")): Object: 'Object Repository/My Account_Payment/Deposit page/Instant Page/Instant Methods' is clicked on

27-02-2024T15:17:11 - [MESSAGE][PASSED] - Object: 'Object Repository/My Account_Payment/Deposit page/Instant Page/Instant Methods' is clicked on

27-02-2024T15:17:11 - [TEST_STEP][PASSED] - setText(findTestObject("My Account_Payment/Deposit page/deposit input field/input instant method"), "1000"): Text '1000' is set on object 'Object Repository/My Account_Payment/Deposit page/deposit input field/input instant method'

27-02-2024T15:17:11 - [MESSAGE][PASSED] - Text '1000' is set on object 'Object Repository/My Account_Payment/Deposit page/deposit input field/input instant method'

27-02-2024T15:17:11 - [TEST_STEP][PASSED] - click(findTestObject("My Account_Payment/Deposit page/Deposit Page/button_Deposit")): Object: 'Object Repository/My Account_Payment/Deposit page/Deposit Page/button_Deposit' is clicked on

27-02-2024T15:17:12 - [MESSAGE][PASSED] - Object: 'Object Repository/My Account_Payment/Deposit page/Deposit Page/button_Deposit' is clicked on

27-02-2024T15:17:12 - [TEST_STEP][PASSED] - switchToWindowTitle(""): Switched to window with title: ''

27-02-2024T15:17:13 - [MESSAGE][PASSED] - Switched to window with title: ''

27-02-2024T15:17:13 - [TEST_STEP][PASSED] - click(findTestObject("Object Repository/My Account_Payment/Transaction page/Transaction success button")): Object: 'Object Repository/My Account_Payment/Transaction page/Transaction success button' is clicked on

27-02-2024T15:17:14 - [MESSAGE][PASSED] - Object: 'Object Repository/My Account_Payment/Transaction page/Transaction success button' is clicked on

27-02-2024T15:17:14 - [TEST_STEP][PASSED] - takeFullPageScreenshot(): Taking screenshot successfully

27-02-2024T15:17:14 - [MESSAGE][INFO] - 0 hidden object(s)

27-02-2024T15:17:14 - [MESSAGE][PASSED] - Taking screenshot successfully
[[ATTACHMENT|C:\\Users\\Deepa V\\git\\HaboomWBT\\Reports\\20240227_151638\\My Account\\20240227_151638\\1709027234538.png]]

27-02-2024T15:17:14 - [TEST_STEP][PASSED] - closeBrowser(): Browser is closed

27-02-2024T15:17:15 - [MESSAGE][PASSED] - Browser is closed]]></system-out>
         <system-err><![CDATA[]]></system-err>
      </testcase>
      <testcase name="Test Cases/My Account/Payment_Deposit Error message for depositing less than minimum amount" time="31.686" classname="Test Cases/My Account/Payment_Deposit Error message for depositing less than minimum amount" status="PASSED">
         <system-out><![CDATA[27-02-2024T15:17:15 - [TEST_CASE][PASSED] - Test Cases/My Account/Payment_Deposit Error message for depositing less than minimum amount: Test Cases/My Account/Payment_Deposit Error message for depositing less than minimum amount

27-02-2024T15:17:15 - [TEST_STEP][PASSED] - openBrowser("https://haboom.com/"): Browser is opened with url: 'https://haboom.com/'

27-02-2024T15:17:15 - [MESSAGE][INFO] - Starting 'Chrome' driver

27-02-2024T15:17:15 - [MESSAGE][INFO] - Action delay is set to 0 milliseconds

27-02-2024T15:17:22 - [MESSAGE][PASSED] - Browser is opened with url: 'https://haboom.com/'

27-02-2024T15:17:22 - [TEST_STEP][PASSED] - setText(findTestObject("My Account_Payment/My Account page/Login Username"), "Sherlock"): Text 'Sherlock' is set on object 'Object Repository/My Account_Payment/My Account page/Login Username'

27-02-2024T15:17:26 - [MESSAGE][PASSED] - Text 'Sherlock' is set on object 'Object Repository/My Account_Payment/My Account page/Login Username'

27-02-2024T15:17:26 - [TEST_STEP][PASSED] - setText(findTestObject("My Account_Payment/My Account page/Login Password"), "Eternals@123"): Text 'Eternals@123' is set on object 'Object Repository/My Account_Payment/My Account page/Login Password'

27-02-2024T15:17:29 - [MESSAGE][PASSED] - Text 'Eternals@123' is set on object 'Object Repository/My Account_Payment/My Account page/Login Password'

27-02-2024T15:17:29 - [TEST_STEP][PASSED] - click(findTestObject("My Account_Payment/My Account page/Login Button")): Object: 'Object Repository/My Account_Payment/My Account page/Login Button' is clicked on

27-02-2024T15:17:30 - [MESSAGE][PASSED] - Object: 'Object Repository/My Account_Payment/My Account page/Login Button' is clicked on

27-02-2024T15:17:30 - [TEST_STEP][PASSED] - click(findTestObject("My Account_Payment/My Account page/My Account")): Object: 'Object Repository/My Account_Payment/My Account page/My Account' is clicked on

27-02-2024T15:17:36 - [MESSAGE][PASSED] - Object: 'Object Repository/My Account_Payment/My Account page/My Account' is clicked on

27-02-2024T15:17:36 - [TEST_STEP][PASSED] - click(findTestObject("My Account_Payment/My Account page/My Haboom Account")): Object: 'Object Repository/My Account_Payment/My Account page/My Haboom Account' is clicked on

27-02-2024T15:17:40 - [MESSAGE][PASSED] - Object: 'Object Repository/My Account_Payment/My Account page/My Haboom Account' is clicked on

27-02-2024T15:17:40 - [TEST_STEP][PASSED] - click(findTestObject("My Account_Payment/Deposit page/Payments")): Object: 'Object Repository/My Account_Payment/Deposit page/Payments' is clicked on

27-02-2024T15:17:41 - [MESSAGE][PASSED] - Object: 'Object Repository/My Account_Payment/Deposit page/Payments' is clicked on

27-02-2024T15:17:41 - [TEST_STEP][PASSED] - click(findTestObject("My Account_Payment/Deposit page/Deposit")): Object: 'Object Repository/My Account_Payment/Deposit page/Deposit' is clicked on

27-02-2024T15:17:44 - [MESSAGE][PASSED] - Object: 'Object Repository/My Account_Payment/Deposit page/Deposit' is clicked on

27-02-2024T15:17:44 - [TEST_STEP][PASSED] - setText(findTestObject("My Account_Payment/Deposit page/Payment link/Deposit amount entry"), "10"): Text '10' is set on object 'Object Repository/My Account_Payment/Deposit page/Payment link/Deposit amount entry'

27-02-2024T15:17:45 - [MESSAGE][PASSED] - Text '10' is set on object 'Object Repository/My Account_Payment/Deposit page/Payment link/Deposit amount entry'

27-02-2024T15:17:45 - [TEST_STEP][PASSED] - click(findTestObject("My Account_Payment/Deposit page/Payment link/button_Deposit")): Object: 'Object Repository/My Account_Payment/Deposit page/Payment link/button_Deposit' is clicked on

27-02-2024T15:17:46 - [MESSAGE][PASSED] - Object: 'Object Repository/My Account_Payment/Deposit page/Payment link/button_Deposit' is clicked on

27-02-2024T15:17:46 - [TEST_STEP][PASSED] - takeFullPageScreenshot(): Taking screenshot successfully

27-02-2024T15:17:46 - [MESSAGE][INFO] - 0 hidden object(s)

27-02-2024T15:17:46 - [MESSAGE][PASSED] - Taking screenshot successfully
[[ATTACHMENT|C:\\Users\\Deepa V\\git\\HaboomWBT\\Reports\\20240227_151638\\My Account\\20240227_151638\\1709027266113.png]]

27-02-2024T15:17:46 - [TEST_STEP][PASSED] - closeBrowser(): Browser is closed

27-02-2024T15:17:47 - [MESSAGE][PASSED] - Browser is closed]]></system-out>
         <system-err><![CDATA[]]></system-err>
      </testcase>
      <testcase name="Test Cases/My Account/Payment_Deposit failure in Instant method" time="35.417" classname="Test Cases/My Account/Payment_Deposit failure in Instant method" status="PASSED">
         <system-out><![CDATA[27-02-2024T15:17:47 - [TEST_CASE][PASSED] - Test Cases/My Account/Payment_Deposit failure in Instant method: Test Cases/My Account/Payment_Deposit failure in Instant method

27-02-2024T15:17:47 - [TEST_STEP][PASSED] - openBrowser(""): Browser is opened with url: ''

27-02-2024T15:17:47 - [MESSAGE][INFO] - Starting 'Chrome' driver

27-02-2024T15:17:47 - [MESSAGE][INFO] - Action delay is set to 0 milliseconds

27-02-2024T15:17:48 - [MESSAGE][PASSED] - Browser is opened with url: ''

27-02-2024T15:17:48 - [TEST_STEP][PASSED] - navigateToUrl("https://haboom.com/"): Navigate to 'https://haboom.com/' successfully

27-02-2024T15:17:53 - [MESSAGE][PASSED] - Navigate to 'https://haboom.com/' successfully

27-02-2024T15:17:53 - [TEST_STEP][PASSED] - setText(findTestObject("My Account_Payment/My Account page/Login Username"), "Sherlock"): Text 'Sherlock' is set on object 'Object Repository/My Account_Payment/My Account page/Login Username'

27-02-2024T15:17:57 - [MESSAGE][PASSED] - Text 'Sherlock' is set on object 'Object Repository/My Account_Payment/My Account page/Login Username'

27-02-2024T15:17:57 - [TEST_STEP][PASSED] - setText(findTestObject("My Account_Payment/My Account page/Login Password"), "Eternals@123"): Text 'Eternals@123' is set on object 'Object Repository/My Account_Payment/My Account page/Login Password'

27-02-2024T15:18:00 - [MESSAGE][PASSED] - Text 'Eternals@123' is set on object 'Object Repository/My Account_Payment/My Account page/Login Password'

27-02-2024T15:18:00 - [TEST_STEP][PASSED] - click(findTestObject("My Account_Payment/My Account page/Login Button")): Object: 'Object Repository/My Account_Payment/My Account page/Login Button' is clicked on

27-02-2024T15:18:01 - [MESSAGE][PASSED] - Object: 'Object Repository/My Account_Payment/My Account page/Login Button' is clicked on

27-02-2024T15:18:01 - [TEST_STEP][PASSED] - click(findTestObject("My Account_Payment/My Account page/My Account")): Object: 'Object Repository/My Account_Payment/My Account page/My Account' is clicked on

27-02-2024T15:18:07 - [MESSAGE][PASSED] - Object: 'Object Repository/My Account_Payment/My Account page/My Account' is clicked on

27-02-2024T15:18:07 - [TEST_STEP][PASSED] - click(findTestObject("My Account_Payment/My Account page/My Haboom Account")): Object: 'Object Repository/My Account_Payment/My Account page/My Haboom Account' is clicked on

27-02-2024T15:18:11 - [MESSAGE][PASSED] - Object: 'Object Repository/My Account_Payment/My Account page/My Haboom Account' is clicked on

27-02-2024T15:18:11 - [TEST_STEP][PASSED] - click(findTestObject("My Account_Payment/Deposit page/Payments")): Object: 'Object Repository/My Account_Payment/Deposit page/Payments' is clicked on

27-02-2024T15:18:12 - [MESSAGE][PASSED] - Object: 'Object Repository/My Account_Payment/Deposit page/Payments' is clicked on

27-02-2024T15:18:12 - [TEST_STEP][PASSED] - click(findTestObject("My Account_Payment/Deposit page/Deposit")): Object: 'Object Repository/My Account_Payment/Deposit page/Deposit' is clicked on

27-02-2024T15:18:15 - [MESSAGE][PASSED] - Object: 'Object Repository/My Account_Payment/Deposit page/Deposit' is clicked on

27-02-2024T15:18:15 - [TEST_STEP][PASSED] - setText(findTestObject("My Account_Payment/Deposit page/Payment link/Deposit amount entry"), "1000"): Text '1000' is set on object 'Object Repository/My Account_Payment/Deposit page/Payment link/Deposit amount entry'

27-02-2024T15:18:16 - [MESSAGE][PASSED] - Text '1000' is set on object 'Object Repository/My Account_Payment/Deposit page/Payment link/Deposit amount entry'

27-02-2024T15:18:16 - [TEST_STEP][PASSED] - click(findTestObject("My Account_Payment/Deposit page/Payment link/button_Deposit")): Object: 'Object Repository/My Account_Payment/Deposit page/Payment link/button_Deposit' is clicked on

27-02-2024T15:18:17 - [MESSAGE][PASSED] - Object: 'Object Repository/My Account_Payment/Deposit page/Payment link/button_Deposit' is clicked on

27-02-2024T15:18:17 - [TEST_STEP][PASSED] - switchToWindowTitle(""): Switched to window with title: ''

27-02-2024T15:18:18 - [MESSAGE][PASSED] - Switched to window with title: ''

27-02-2024T15:18:18 - [TEST_STEP][PASSED] - click(findTestObject("My Account_Payment/Transaction page/Page_/Transaction_failure")): Object: 'Object Repository/My Account_Payment/Transaction page/Page_/Transaction_failure' is clicked on

27-02-2024T15:18:20 - [MESSAGE][PASSED] - Object: 'Object Repository/My Account_Payment/Transaction page/Page_/Transaction_failure' is clicked on

27-02-2024T15:18:20 - [TEST_STEP][PASSED] - delay(2): Delayed 2 second(s)

27-02-2024T15:18:22 - [MESSAGE][PASSED] - Delayed 2 second(s)

27-02-2024T15:18:22 - [TEST_STEP][PASSED] - takeFullPageScreenshot(): Taking screenshot successfully

27-02-2024T15:18:22 - [MESSAGE][INFO] - 0 hidden object(s)

27-02-2024T15:18:22 - [MESSAGE][PASSED] - Taking screenshot successfully
[[ATTACHMENT|C:\\Users\\Deepa V\\git\\HaboomWBT\\Reports\\20240227_151638\\My Account\\20240227_151638\\1709027302142.png]]]]></system-out>
         <system-err><![CDATA[]]></system-err>
      </testcase>
      <testcase name="Test Cases/My Account/Payment_Deposit successful in Bank Transfer" time="38.933" classname="Test Cases/My Account/Payment_Deposit successful in Bank Transfer" status="PASSED">
         <system-out><![CDATA[27-02-2024T15:18:22 - [TEST_CASE][PASSED] - Test Cases/My Account/Payment_Deposit successful in Bank Transfer: Test Cases/My Account/Payment_Deposit successful in Bank Transfer

27-02-2024T15:18:22 - [TEST_STEP][PASSED] - openBrowser(""): Browser is opened with url: ''

27-02-2024T15:18:22 - [MESSAGE][WARNING] - A browser is already opened. Closing browser and opening a new one

27-02-2024T15:18:22 - [MESSAGE][INFO] - Starting 'Chrome' driver

27-02-2024T15:18:22 - [MESSAGE][INFO] - Action delay is set to 0 milliseconds

27-02-2024T15:18:23 - [MESSAGE][PASSED] - Browser is opened with url: ''

27-02-2024T15:18:23 - [TEST_STEP][PASSED] - navigateToUrl("https://haboom.com/"): Navigate to 'https://haboom.com/' successfully

27-02-2024T15:18:29 - [MESSAGE][PASSED] - Navigate to 'https://haboom.com/' successfully

27-02-2024T15:18:29 - [TEST_STEP][PASSED] - setText(findTestObject("Object Repository/My Account_Payment/Deposit Bank Transfer/login to My haboom account/Login username"), "Sherlock"): Text 'Sherlock' is set on object 'Object Repository/My Account_Payment/Deposit Bank Transfer/login to My haboom account/Login username'

27-02-2024T15:18:32 - [MESSAGE][PASSED] - Text 'Sherlock' is set on object 'Object Repository/My Account_Payment/Deposit Bank Transfer/login to My haboom account/Login username'

27-02-2024T15:18:32 - [TEST_STEP][PASSED] - setEncryptedText(findTestObject("Object Repository/My Account_Payment/Deposit Bank Transfer/login to My haboom account/Login password"), "Ae2KZyjYBr0MQlyqU7ThAA=="): Text ****** has been set on object 'Object Repository/My Account_Payment/Deposit Bank Transfer/login to My haboom account/Login password'

27-02-2024T15:18:33 - [MESSAGE][PASSED] - Text ****** has been set on object 'Object Repository/My Account_Payment/Deposit Bank Transfer/login to My haboom account/Login password'

27-02-2024T15:18:34 - [TEST_STEP][PASSED] - click(findTestObject("Object Repository/My Account_Payment/Deposit Bank Transfer/login to My haboom account/Log Button")): Object: 'Object Repository/My Account_Payment/Deposit Bank Transfer/login to My haboom account/Log Button' is clicked on

27-02-2024T15:18:35 - [MESSAGE][PASSED] - Object: 'Object Repository/My Account_Payment/Deposit Bank Transfer/login to My haboom account/Log Button' is clicked on

27-02-2024T15:18:35 - [TEST_STEP][PASSED] - click(findTestObject("Object Repository/My Account_Payment/Deposit Bank Transfer/login to My haboom account/My Account")): Object: 'Object Repository/My Account_Payment/Deposit Bank Transfer/login to My haboom account/My Account' is clicked on

27-02-2024T15:18:38 - [MESSAGE][PASSED] - Object: 'Object Repository/My Account_Payment/Deposit Bank Transfer/login to My haboom account/My Account' is clicked on

27-02-2024T15:18:38 - [TEST_STEP][PASSED] - click(findTestObject("Object Repository/My Account_Payment/Deposit Bank Transfer/login to My haboom account/My Haboom Account")): Object: 'Object Repository/My Account_Payment/Deposit Bank Transfer/login to My haboom account/My Haboom Account' is clicked on

27-02-2024T15:18:41 - [MESSAGE][PASSED] - Object: 'Object Repository/My Account_Payment/Deposit Bank Transfer/login to My haboom account/My Haboom Account' is clicked on

27-02-2024T15:18:41 - [TEST_STEP][PASSED] - click(findTestObject("Object Repository/My Account_Payment/Deposit Bank Transfer/Bank transfer page/Payments")): Object: 'Object Repository/My Account_Payment/Deposit Bank Transfer/Bank transfer page/Payments' is clicked on

27-02-2024T15:18:42 - [MESSAGE][PASSED] - Object: 'Object Repository/My Account_Payment/Deposit Bank Transfer/Bank transfer page/Payments' is clicked on

27-02-2024T15:18:42 - [TEST_STEP][PASSED] - click(findTestObject("Object Repository/My Account_Payment/Deposit Bank Transfer/Bank transfer page/Deposit")): Object: 'Object Repository/My Account_Payment/Deposit Bank Transfer/Bank transfer page/Deposit' is clicked on

27-02-2024T15:18:45 - [MESSAGE][PASSED] - Object: 'Object Repository/My Account_Payment/Deposit Bank Transfer/Bank transfer page/Deposit' is clicked on

27-02-2024T15:18:45 - [TEST_STEP][PASSED] - click(findTestObject("Object Repository/My Account_Payment/Deposit Bank Transfer/Bank transfer page/Bank Transfer")): Object: 'Object Repository/My Account_Payment/Deposit Bank Transfer/Bank transfer page/Bank Transfer' is clicked on

27-02-2024T15:18:51 - [MESSAGE][PASSED] - Object: 'Object Repository/My Account_Payment/Deposit Bank Transfer/Bank transfer page/Bank Transfer' is clicked on

27-02-2024T15:18:51 - [TEST_STEP][PASSED] - setText(findTestObject("Object Repository/My Account_Payment/Deposit Bank Transfer/Bank transfer page/Amount input field"), "1000"): Text '1000' is set on object 'Object Repository/My Account_Payment/Deposit Bank Transfer/Bank transfer page/Amount input field'

27-02-2024T15:18:52 - [MESSAGE][PASSED] - Text '1000' is set on object 'Object Repository/My Account_Payment/Deposit Bank Transfer/Bank transfer page/Amount input field'

27-02-2024T15:18:52 - [TEST_STEP][PASSED] - click(findTestObject("Object Repository/My Account_Payment/Deposit Bank Transfer/Bank transfer page/Pay button")): Object: 'Object Repository/My Account_Payment/Deposit Bank Transfer/Bank transfer page/Pay button' is clicked on

27-02-2024T15:18:52 - [MESSAGE][PASSED] - Object: 'Object Repository/My Account_Payment/Deposit Bank Transfer/Bank transfer page/Pay button' is clicked on

27-02-2024T15:18:52 - [TEST_STEP][PASSED] - setText(findTestObject("Object Repository/My Account_Payment/Deposit Bank Transfer/Bank transfer page/UTR number enter field"), "54892179621539569"): Text '54892179621539569' is set on object 'Object Repository/My Account_Payment/Deposit Bank Transfer/Bank transfer page/UTR number enter field'

27-02-2024T15:18:53 - [MESSAGE][PASSED] - Text '54892179621539569' is set on object 'Object Repository/My Account_Payment/Deposit Bank Transfer/Bank transfer page/UTR number enter field'

27-02-2024T15:18:53 - [TEST_STEP][PASSED] - click(findTestObject("Object Repository/My Account_Payment/Deposit Bank Transfer/Bank transfer page/UTR Submit button")): Object: 'Object Repository/My Account_Payment/Deposit Bank Transfer/Bank transfer page/UTR Submit button' is clicked on

27-02-2024T15:18:53 - [MESSAGE][PASSED] - Object: 'Object Repository/My Account_Payment/Deposit Bank Transfer/Bank transfer page/UTR Submit button' is clicked on

27-02-2024T15:18:53 - [TEST_STEP][PASSED] - delay(2): Delayed 2 second(s)

27-02-2024T15:18:55 - [MESSAGE][PASSED] - Delayed 2 second(s)

27-02-2024T15:18:55 - [TEST_STEP][PASSED] - takeFullPageScreenshot(): Taking screenshot successfully

27-02-2024T15:18:55 - [MESSAGE][INFO] - 0 hidden object(s)

27-02-2024T15:18:55 - [MESSAGE][PASSED] - Taking screenshot successfully
[[ATTACHMENT|C:\\Users\\Deepa V\\git\\HaboomWBT\\Reports\\20240227_151638\\My Account\\20240227_151638\\1709027335433.png]]

27-02-2024T15:18:55 - [TEST_STEP][PASSED] - click(findTestObject("My Account_Payment/Transaction history page/Transaction page/Betting Activity")): Object: 'Object Repository/My Account_Payment/Transaction history page/Transaction page/Betting Activity' is clicked on

27-02-2024T15:18:56 - [MESSAGE][PASSED] - Object: 'Object Repository/My Account_Payment/Transaction history page/Transaction page/Betting Activity' is clicked on

27-02-2024T15:18:56 - [TEST_STEP][PASSED] - click(findTestObject("My Account_Payment/Transaction history page/Transaction page/Transaction History")): Object: 'Object Repository/My Account_Payment/Transaction history page/Transaction page/Transaction History' is clicked on

27-02-2024T15:18:57 - [MESSAGE][PASSED] - Object: 'Object Repository/My Account_Payment/Transaction history page/Transaction page/Transaction History' is clicked on

27-02-2024T15:18:57 - [TEST_STEP][PASSED] - click(findTestObject("My Account_Payment/Transaction history page/Transaction page/Transaction History (Options)")): Object: 'Object Repository/My Account_Payment/Transaction history page/Transaction page/Transaction History (Options)' is clicked on

27-02-2024T15:18:58 - [MESSAGE][PASSED] - Object: 'Object Repository/My Account_Payment/Transaction history page/Transaction page/Transaction History (Options)' is clicked on

27-02-2024T15:18:58 - [TEST_STEP][PASSED] - click(findTestObject("My Account_Payment/Transaction history page/Transaction page/Transactions filter")): Object: 'Object Repository/My Account_Payment/Transaction history page/Transaction page/Transactions filter' is clicked on

27-02-2024T15:18:58 - [MESSAGE][PASSED] - Object: 'Object Repository/My Account_Payment/Transaction history page/Transaction page/Transactions filter' is clicked on

27-02-2024T15:18:58 - [TEST_STEP][PASSED] - click(findTestObject("My Account_Payment/Transaction history page/Transaction page/Deposit Requests")): Object: 'Object Repository/My Account_Payment/Transaction history page/Transaction page/Deposit Requests' is clicked on

27-02-2024T15:18:58 - [MESSAGE][PASSED] - Object: 'Object Repository/My Account_Payment/Transaction history page/Transaction page/Deposit Requests' is clicked on

27-02-2024T15:18:58 - [TEST_STEP][PASSED] - delay(2): Delayed 2 second(s)

27-02-2024T15:19:00 - [MESSAGE][PASSED] - Delayed 2 second(s)

27-02-2024T15:19:00 - [TEST_STEP][PASSED] - takeFullPageScreenshot(): Taking screenshot successfully

27-02-2024T15:19:01 - [MESSAGE][INFO] - 0 hidden object(s)

27-02-2024T15:19:01 - [MESSAGE][PASSED] - Taking screenshot successfully
[[ATTACHMENT|C:\\Users\\Deepa V\\git\\HaboomWBT\\Reports\\20240227_151638\\My Account\\20240227_151638\\1709027340956.png]]]]></system-out>
         <system-err><![CDATA[]]></system-err>
      </testcase>
      <testcase name="Test Cases/My Account/Payment_ Successful Withdraw" time="33.07" classname="Test Cases/My Account/Payment_ Successful Withdraw" status="PASSED">
         <system-out><![CDATA[27-02-2024T15:19:01 - [TEST_CASE][PASSED] - Test Cases/My Account/Payment_ Successful Withdraw: Test Cases/My Account/Payment_ Successful Withdraw

27-02-2024T15:19:01 - [TEST_STEP][PASSED] - openBrowser(""): Browser is opened with url: ''

27-02-2024T15:19:01 - [MESSAGE][WARNING] - A browser is already opened. Closing browser and opening a new one

27-02-2024T15:19:01 - [MESSAGE][INFO] - Starting 'Chrome' driver

27-02-2024T15:19:01 - [MESSAGE][INFO] - Action delay is set to 0 milliseconds

27-02-2024T15:19:02 - [MESSAGE][PASSED] - Browser is opened with url: ''

27-02-2024T15:19:02 - [TEST_STEP][PASSED] - navigateToUrl("https://haboom.com/"): Navigate to 'https://haboom.com/' successfully

27-02-2024T15:19:09 - [MESSAGE][PASSED] - Navigate to 'https://haboom.com/' successfully

27-02-2024T15:19:09 - [TEST_STEP][PASSED] - setText(findTestObject("My Account_Payment/Deposit Bank Transfer/login to My haboom account/Login username"), "Sherlock"): Text 'Sherlock' is set on object 'Object Repository/My Account_Payment/Deposit Bank Transfer/login to My haboom account/Login username'

27-02-2024T15:19:12 - [MESSAGE][PASSED] - Text 'Sherlock' is set on object 'Object Repository/My Account_Payment/Deposit Bank Transfer/login to My haboom account/Login username'

27-02-2024T15:19:12 - [TEST_STEP][PASSED] - setText(findTestObject("My Account_Payment/My Account page/Login Password"), "Eternals@123"): Text 'Eternals@123' is set on object 'Object Repository/My Account_Payment/My Account page/Login Password'

27-02-2024T15:19:15 - [MESSAGE][PASSED] - Text 'Eternals@123' is set on object 'Object Repository/My Account_Payment/My Account page/Login Password'

27-02-2024T15:19:15 - [TEST_STEP][PASSED] - click(findTestObject("My Account_Payment/My Account page/Login Button")): Object: 'Object Repository/My Account_Payment/My Account page/Login Button' is clicked on

27-02-2024T15:19:16 - [MESSAGE][PASSED] - Object: 'Object Repository/My Account_Payment/My Account page/Login Button' is clicked on

27-02-2024T15:19:16 - [TEST_STEP][PASSED] - click(findTestObject("My Account_Payment/My Account page/My Account")): Object: 'Object Repository/My Account_Payment/My Account page/My Account' is clicked on

27-02-2024T15:19:22 - [MESSAGE][PASSED] - Object: 'Object Repository/My Account_Payment/My Account page/My Account' is clicked on

27-02-2024T15:19:22 - [TEST_STEP][PASSED] - click(findTestObject("My Account_Payment/My Account page/My Haboom Account")): Object: 'Object Repository/My Account_Payment/My Account page/My Haboom Account' is clicked on

27-02-2024T15:19:26 - [MESSAGE][PASSED] - Object: 'Object Repository/My Account_Payment/My Account page/My Haboom Account' is clicked on

27-02-2024T15:19:26 - [TEST_STEP][PASSED] - click(findTestObject("My Account_Payment/Deposit page/Payments")): Object: 'Object Repository/My Account_Payment/Deposit page/Payments' is clicked on

27-02-2024T15:19:27 - [MESSAGE][PASSED] - Object: 'Object Repository/My Account_Payment/Deposit page/Payments' is clicked on

27-02-2024T15:19:27 - [TEST_STEP][PASSED] - click(findTestObject("My Account_Payment/Withdraw/Withdraw page/Withdraw")): Object: 'Object Repository/My Account_Payment/Withdraw/Withdraw page/Withdraw' is clicked on

27-02-2024T15:19:29 - [MESSAGE][PASSED] - Object: 'Object Repository/My Account_Payment/Withdraw/Withdraw page/Withdraw' is clicked on

27-02-2024T15:19:29 - [TEST_STEP][PASSED] - setText(findTestObject("My Account_Payment/Withdraw/Withdraw page/Withdraw amount entery field"), "100"): Text '100' is set on object 'Object Repository/My Account_Payment/Withdraw/Withdraw page/Withdraw amount entery field'

27-02-2024T15:19:29 - [MESSAGE][PASSED] - Text '100' is set on object 'Object Repository/My Account_Payment/Withdraw/Withdraw page/Withdraw amount entery field'

27-02-2024T15:19:29 - [TEST_STEP][PASSED] - click(findTestObject("My Account_Payment/Withdraw/Withdraw page/Withdraw button")): Object: 'Object Repository/My Account_Payment/Withdraw/Withdraw page/Withdraw button' is clicked on

27-02-2024T15:19:30 - [MESSAGE][PASSED] - Object: 'Object Repository/My Account_Payment/Withdraw/Withdraw page/Withdraw button' is clicked on

27-02-2024T15:19:30 - [TEST_STEP][PASSED] - setText(findTestObject("My Account_Payment/Withdraw/Withdraw page/Account holder name"), "Sherlock"): Text 'Sherlock' is set on object 'Object Repository/My Account_Payment/Withdraw/Withdraw page/Account holder name'

27-02-2024T15:19:31 - [MESSAGE][PASSED] - Text 'Sherlock' is set on object 'Object Repository/My Account_Payment/Withdraw/Withdraw page/Account holder name'

27-02-2024T15:19:31 - [TEST_STEP][PASSED] - setText(findTestObject("My Account_Payment/Withdraw/Withdraw page/Account number"), "5896478963245187"): Text '5896478963245187' is set on object 'Object Repository/My Account_Payment/Withdraw/Withdraw page/Account number'

27-02-2024T15:19:31 - [MESSAGE][PASSED] - Text '5896478963245187' is set on object 'Object Repository/My Account_Payment/Withdraw/Withdraw page/Account number'

27-02-2024T15:19:31 - [TEST_STEP][PASSED] - setText(findTestObject("My Account_Payment/Withdraw/Withdraw page/Account IFSC code"), "SBIN0000800"): Text 'SBIN0000800' is set on object 'Object Repository/My Account_Payment/Withdraw/Withdraw page/Account IFSC code'

27-02-2024T15:19:32 - [MESSAGE][PASSED] - Text 'SBIN0000800' is set on object 'Object Repository/My Account_Payment/Withdraw/Withdraw page/Account IFSC code'

27-02-2024T15:19:32 - [TEST_STEP][PASSED] - click(findTestObject("My Account_Payment/Withdraw/Withdraw page/Withdraw Submit button")): Object: 'Object Repository/My Account_Payment/Withdraw/Withdraw page/Withdraw Submit button' is clicked on

27-02-2024T15:19:32 - [MESSAGE][PASSED] - Object: 'Object Repository/My Account_Payment/Withdraw/Withdraw page/Withdraw Submit button' is clicked on

27-02-2024T15:19:32 - [TEST_STEP][PASSED] - delay(1): Delayed 1 second(s)

27-02-2024T15:19:33 - [MESSAGE][PASSED] - Delayed 1 second(s)

27-02-2024T15:19:33 - [TEST_STEP][PASSED] - takeFullPageScreenshot(): Taking screenshot successfully

27-02-2024T15:19:34 - [MESSAGE][INFO] - 0 hidden object(s)

27-02-2024T15:19:34 - [MESSAGE][PASSED] - Taking screenshot successfully
[[ATTACHMENT|C:\\Users\\Deepa V\\git\\HaboomWBT\\Reports\\20240227_151638\\My Account\\20240227_151638\\1709027373766.png]]]]></system-out>
         <system-err><![CDATA[]]></system-err>
      </testcase>
      <testcase name="Test Cases/My Account/payment_ withdraw Error display for insufficient funds" time="33.886" classname="Test Cases/My Account/payment_ withdraw Error display for insufficient funds" status="PASSED">
         <system-out><![CDATA[27-02-2024T15:19:34 - [TEST_CASE][PASSED] - Test Cases/My Account/payment_ withdraw Error display for insufficient funds: Test Cases/My Account/payment_ withdraw Error display for insufficient funds

27-02-2024T15:19:34 - [TEST_STEP][PASSED] - openBrowser(""): Browser is opened with url: ''

27-02-2024T15:19:34 - [MESSAGE][WARNING] - A browser is already opened. Closing browser and opening a new one

27-02-2024T15:19:34 - [MESSAGE][INFO] - Starting 'Chrome' driver

27-02-2024T15:19:34 - [MESSAGE][INFO] - Action delay is set to 0 milliseconds

27-02-2024T15:19:35 - [MESSAGE][PASSED] - Browser is opened with url: ''

27-02-2024T15:19:35 - [TEST_STEP][PASSED] - navigateToUrl("https://haboom.com/"): Navigate to 'https://haboom.com/' successfully

27-02-2024T15:19:42 - [MESSAGE][PASSED] - Navigate to 'https://haboom.com/' successfully

27-02-2024T15:19:42 - [TEST_STEP][PASSED] - setText(findTestObject("My Account_Payment/My Account page/Login Username"), "Sherlock"): Text 'Sherlock' is set on object 'Object Repository/My Account_Payment/My Account page/Login Username'

27-02-2024T15:19:45 - [MESSAGE][PASSED] - Text 'Sherlock' is set on object 'Object Repository/My Account_Payment/My Account page/Login Username'

27-02-2024T15:19:45 - [TEST_STEP][PASSED] - setText(findTestObject("My Account_Payment/My Account page/Login Password"), "Eternals@123"): Text 'Eternals@123' is set on object 'Object Repository/My Account_Payment/My Account page/Login Password'

27-02-2024T15:19:48 - [MESSAGE][PASSED] - Text 'Eternals@123' is set on object 'Object Repository/My Account_Payment/My Account page/Login Password'

27-02-2024T15:19:48 - [TEST_STEP][PASSED] - click(findTestObject("My Account_Payment/My Account page/Login Button")): Object: 'Object Repository/My Account_Payment/My Account page/Login Button' is clicked on

27-02-2024T15:19:49 - [MESSAGE][PASSED] - Object: 'Object Repository/My Account_Payment/My Account page/Login Button' is clicked on

27-02-2024T15:19:49 - [TEST_STEP][PASSED] - click(findTestObject("My Account_Payment/My Account page/My Account")): Object: 'Object Repository/My Account_Payment/My Account page/My Account' is clicked on

27-02-2024T15:19:54 - [MESSAGE][PASSED] - Object: 'Object Repository/My Account_Payment/My Account page/My Account' is clicked on

27-02-2024T15:19:54 - [TEST_STEP][PASSED] - click(findTestObject("My Account_Payment/My Account page/My Haboom Account")): Object: 'Object Repository/My Account_Payment/My Account page/My Haboom Account' is clicked on

27-02-2024T15:19:58 - [MESSAGE][PASSED] - Object: 'Object Repository/My Account_Payment/My Account page/My Haboom Account' is clicked on

27-02-2024T15:19:58 - [TEST_STEP][PASSED] - click(findTestObject("My Account_Payment/Deposit page/Payments")): Object: 'Object Repository/My Account_Payment/Deposit page/Payments' is clicked on

27-02-2024T15:19:59 - [MESSAGE][PASSED] - Object: 'Object Repository/My Account_Payment/Deposit page/Payments' is clicked on

27-02-2024T15:19:59 - [TEST_STEP][PASSED] - click(findTestObject("My Account_Payment/Withdraw/Withdraw page/Withdraw")): Object: 'Object Repository/My Account_Payment/Withdraw/Withdraw page/Withdraw' is clicked on

27-02-2024T15:20:00 - [MESSAGE][PASSED] - Object: 'Object Repository/My Account_Payment/Withdraw/Withdraw page/Withdraw' is clicked on

27-02-2024T15:20:00 - [TEST_STEP][PASSED] - setText(findTestObject("My Account_Payment/Withdraw/Withdraw page/Withdraw amount entery field"), "10000"): Text '10000' is set on object 'Object Repository/My Account_Payment/Withdraw/Withdraw page/Withdraw amount entery field'

27-02-2024T15:20:01 - [MESSAGE][PASSED] - Text '10000' is set on object 'Object Repository/My Account_Payment/Withdraw/Withdraw page/Withdraw amount entery field'

27-02-2024T15:20:01 - [TEST_STEP][PASSED] - click(findTestObject("My Account_Payment/Withdraw/Withdraw page/Withdraw button")): Object: 'Object Repository/My Account_Payment/Withdraw/Withdraw page/Withdraw button' is clicked on

27-02-2024T15:20:02 - [MESSAGE][PASSED] - Object: 'Object Repository/My Account_Payment/Withdraw/Withdraw page/Withdraw button' is clicked on

27-02-2024T15:20:02 - [TEST_STEP][PASSED] - setText(findTestObject("My Account_Payment/Withdraw/Withdraw page/Account holder name"), "Sherlock"): Text 'Sherlock' is set on object 'Object Repository/My Account_Payment/Withdraw/Withdraw page/Account holder name'

27-02-2024T15:20:03 - [MESSAGE][PASSED] - Text 'Sherlock' is set on object 'Object Repository/My Account_Payment/Withdraw/Withdraw page/Account holder name'

27-02-2024T15:20:03 - [TEST_STEP][PASSED] - setText(findTestObject("My Account_Payment/Withdraw/Withdraw page/Account number"), "5896478963245187"): Text '5896478963245187' is set on object 'Object Repository/My Account_Payment/Withdraw/Withdraw page/Account number'

27-02-2024T15:20:04 - [MESSAGE][PASSED] - Text '5896478963245187' is set on object 'Object Repository/My Account_Payment/Withdraw/Withdraw page/Account number'

27-02-2024T15:20:04 - [TEST_STEP][PASSED] - setText(findTestObject("My Account_Payment/Withdraw/Withdraw page/Account IFSC code"), "SBIN0000800"): Text 'SBIN0000800' is set on object 'Object Repository/My Account_Payment/Withdraw/Withdraw page/Account IFSC code'

27-02-2024T15:20:04 - [MESSAGE][PASSED] - Text 'SBIN0000800' is set on object 'Object Repository/My Account_Payment/Withdraw/Withdraw page/Account IFSC code'

27-02-2024T15:20:04 - [TEST_STEP][PASSED] - click(findTestObject("My Account_Payment/Withdraw/Withdraw page/Withdraw Submit button")): Object: 'Object Repository/My Account_Payment/Withdraw/Withdraw page/Withdraw Submit button' is clicked on

27-02-2024T15:20:04 - [MESSAGE][PASSED] - Object: 'Object Repository/My Account_Payment/Withdraw/Withdraw page/Withdraw Submit button' is clicked on

27-02-2024T15:20:04 - [TEST_STEP][PASSED] - verifyElementText(findTestObject("My Account_Payment/Withdraw/Insufficient error message/Insufficient Funds"), "Insufficient Funds"): Actual text and expected text of test object 'Object Repository/My Account_Payment/Withdraw/Insufficient error message/Insufficient Funds' are matched.

27-02-2024T15:20:05 - [MESSAGE][PASSED] - Actual text and expected text of test object 'Object Repository/My Account_Payment/Withdraw/Insufficient error message/Insufficient Funds' are matched.

27-02-2024T15:20:05 - [TEST_STEP][PASSED] - delay(2): Delayed 2 second(s)

27-02-2024T15:20:07 - [MESSAGE][PASSED] - Delayed 2 second(s)

27-02-2024T15:20:07 - [TEST_STEP][PASSED] - takeFullPageScreenshot(): Taking screenshot successfully

27-02-2024T15:20:08 - [MESSAGE][INFO] - 0 hidden object(s)

27-02-2024T15:20:08 - [MESSAGE][PASSED] - Taking screenshot successfully
[[ATTACHMENT|C:\\Users\\Deepa V\\git\\HaboomWBT\\Reports\\20240227_151638\\My Account\\20240227_151638\\1709027407780.png]]]]></system-out>
         <system-err><![CDATA[]]></system-err>
      </testcase>
      <testcase name="Test Cases/My Account/Payment_Transfer Funds successful" time="52.018" classname="Test Cases/My Account/Payment_Transfer Funds successful" status="PASSED">
         <system-out><![CDATA[27-02-2024T15:20:08 - [TEST_CASE][PASSED] - Test Cases/My Account/Payment_Transfer Funds successful: Test Cases/My Account/Payment_Transfer Funds successful

27-02-2024T15:20:08 - [TEST_STEP][PASSED] - openBrowser(""): Browser is opened with url: ''

27-02-2024T15:20:08 - [MESSAGE][WARNING] - A browser is already opened. Closing browser and opening a new one

27-02-2024T15:20:08 - [MESSAGE][INFO] - Starting 'Chrome' driver

27-02-2024T15:20:08 - [MESSAGE][INFO] - Action delay is set to 0 milliseconds

27-02-2024T15:20:09 - [MESSAGE][PASSED] - Browser is opened with url: ''

27-02-2024T15:20:09 - [TEST_STEP][PASSED] - navigateToUrl("https://haboom.com/"): Navigate to 'https://haboom.com/' successfully

27-02-2024T15:20:16 - [MESSAGE][PASSED] - Navigate to 'https://haboom.com/' successfully

27-02-2024T15:20:16 - [TEST_STEP][PASSED] - setText(findTestObject("My Account_Payment/My Account page/Login Username"), "Sherlock"): Text 'Sherlock' is set on object 'Object Repository/My Account_Payment/My Account page/Login Username'

27-02-2024T15:20:20 - [MESSAGE][PASSED] - Text 'Sherlock' is set on object 'Object Repository/My Account_Payment/My Account page/Login Username'

27-02-2024T15:20:20 - [TEST_STEP][PASSED] - setText(findTestObject("My Account_Payment/My Account page/Login Password"), "Eternals@123"): Text 'Eternals@123' is set on object 'Object Repository/My Account_Payment/My Account page/Login Password'

27-02-2024T15:20:22 - [MESSAGE][PASSED] - Text 'Eternals@123' is set on object 'Object Repository/My Account_Payment/My Account page/Login Password'

27-02-2024T15:20:22 - [TEST_STEP][PASSED] - click(findTestObject("My Account_Payment/My Account page/Login Button")): Object: 'Object Repository/My Account_Payment/My Account page/Login Button' is clicked on

27-02-2024T15:20:23 - [MESSAGE][PASSED] - Object: 'Object Repository/My Account_Payment/My Account page/Login Button' is clicked on

27-02-2024T15:20:23 - [TEST_STEP][PASSED] - click(findTestObject("My Account_Payment/My Account page/My Account")): Object: 'Object Repository/My Account_Payment/My Account page/My Account' is clicked on

27-02-2024T15:20:32 - [MESSAGE][PASSED] - Object: 'Object Repository/My Account_Payment/My Account page/My Account' is clicked on

27-02-2024T15:20:32 - [TEST_STEP][PASSED] - click(findTestObject("My Account_Payment/My Account page/My Haboom Account")): Object: 'Object Repository/My Account_Payment/My Account page/My Haboom Account' is clicked on

27-02-2024T15:20:45 - [MESSAGE][PASSED] - Object: 'Object Repository/My Account_Payment/My Account page/My Haboom Account' is clicked on

27-02-2024T15:20:45 - [TEST_STEP][PASSED] - click(findTestObject("My Account_Payment/Deposit Bank Transfer/Bank transfer page/Payments")): Object: 'Object Repository/My Account_Payment/Deposit Bank Transfer/Bank transfer page/Payments' is clicked on

27-02-2024T15:20:46 - [MESSAGE][PASSED] - Object: 'Object Repository/My Account_Payment/Deposit Bank Transfer/Bank transfer page/Payments' is clicked on

27-02-2024T15:20:46 - [TEST_STEP][PASSED] - click(findTestObject("My Account_Payment/Transfer Funds/Transfer funds Page/Transfer Funds")): Object: 'Object Repository/My Account_Payment/Transfer Funds/Transfer funds Page/Transfer Funds' is clicked on

27-02-2024T15:20:48 - [MESSAGE][PASSED] - Object: 'Object Repository/My Account_Payment/Transfer Funds/Transfer funds Page/Transfer Funds' is clicked on

27-02-2024T15:20:48 - [TEST_STEP][PASSED] - click(findTestObject("My Account_Payment/Transfer Funds/Transfer funds Page/transfer amount")): Object: 'Object Repository/My Account_Payment/Transfer Funds/Transfer funds Page/transfer amount' is clicked on

27-02-2024T15:20:48 - [MESSAGE][PASSED] - Object: 'Object Repository/My Account_Payment/Transfer Funds/Transfer funds Page/transfer amount' is clicked on

27-02-2024T15:20:48 - [TEST_STEP][PASSED] - setText(findTestObject("My Account_Payment/Transfer Funds/Transfer funds Page/transfer amount"), "100"): Text '100' is set on object 'Object Repository/My Account_Payment/Transfer Funds/Transfer funds Page/transfer amount'

27-02-2024T15:20:49 - [MESSAGE][PASSED] - Text '100' is set on object 'Object Repository/My Account_Payment/Transfer Funds/Transfer funds Page/transfer amount'

27-02-2024T15:20:49 - [TEST_STEP][PASSED] - click(findTestObject("My Account_Payment/Transfer Funds/Transfer page details/From Transfer amount"), STOP_ON_FAILURE): Object: 'Object Repository/My Account_Payment/Transfer Funds/Transfer page details/From Transfer amount' is clicked on

27-02-2024T15:20:50 - [MESSAGE][PASSED] - Object: 'Object Repository/My Account_Payment/Transfer Funds/Transfer page details/From Transfer amount' is clicked on

27-02-2024T15:20:50 - [TEST_STEP][PASSED] - setText(findTestObject("My Account_Payment/Transfer Funds/Transfer page details/To player"), "6366763704"): Text '6366763704' is set on object 'Object Repository/My Account_Payment/Transfer Funds/Transfer page details/To player'

27-02-2024T15:20:50 - [MESSAGE][PASSED] - Text '6366763704' is set on object 'Object Repository/My Account_Payment/Transfer Funds/Transfer page details/To player'

27-02-2024T15:20:50 - [TEST_STEP][PASSED] - click(findTestObject("My Account_Payment/Transfer Funds/Transfer page details/Transfer button")): Object: 'Object Repository/My Account_Payment/Transfer Funds/Transfer page details/Transfer button' is clicked on

27-02-2024T15:20:51 - [MESSAGE][PASSED] - Object: 'Object Repository/My Account_Payment/Transfer Funds/Transfer page details/Transfer button' is clicked on

27-02-2024T15:20:51 - [TEST_STEP][PASSED] - setText(findTestObject("My Account_Payment/Transfer Funds/Transfer page details/Transfer Password"), "Eternals@123"): Text 'Eternals@123' is set on object 'Object Repository/My Account_Payment/Transfer Funds/Transfer page details/Transfer Password'

27-02-2024T15:20:52 - [MESSAGE][PASSED] - Text 'Eternals@123' is set on object 'Object Repository/My Account_Payment/Transfer Funds/Transfer page details/Transfer Password'

27-02-2024T15:20:52 - [TEST_STEP][PASSED] - click(findTestObject("My Account_Payment/Transfer Funds/Transfer page details/Verify and Transfer button")): Object: 'Object Repository/My Account_Payment/Transfer Funds/Transfer page details/Verify and Transfer button' is clicked on

27-02-2024T15:20:54 - [MESSAGE][PASSED] - Object: 'Object Repository/My Account_Payment/Transfer Funds/Transfer page details/Verify and Transfer button' is clicked on

27-02-2024T15:20:54 - [TEST_STEP][PASSED] - click(findTestObject("My Account_Payment/Transaction history page/Transaction page/Betting Activity")): Object: 'Object Repository/My Account_Payment/Transaction history page/Transaction page/Betting Activity' is clicked on

27-02-2024T15:20:55 - [MESSAGE][PASSED] - Object: 'Object Repository/My Account_Payment/Transaction history page/Transaction page/Betting Activity' is clicked on

27-02-2024T15:20:55 - [TEST_STEP][PASSED] - click(findTestObject("My Account_Payment/Transaction history page/Transaction page/Transaction History")): Object: 'Object Repository/My Account_Payment/Transaction history page/Transaction page/Transaction History' is clicked on

27-02-2024T15:20:56 - [MESSAGE][PASSED] - Object: 'Object Repository/My Account_Payment/Transaction history page/Transaction page/Transaction History' is clicked on

27-02-2024T15:20:56 - [TEST_STEP][PASSED] - click(findTestObject("My Account_Payment/Transaction history page/Transaction page/Transaction History (Options)")): Object: 'Object Repository/My Account_Payment/Transaction history page/Transaction page/Transaction History (Options)' is clicked on

27-02-2024T15:20:56 - [MESSAGE][PASSED] - Object: 'Object Repository/My Account_Payment/Transaction history page/Transaction page/Transaction History (Options)' is clicked on

27-02-2024T15:20:56 - [TEST_STEP][PASSED] - click(findTestObject("My Account_Payment/Transaction history page/Transaction page/Transactions filter")): Object: 'Object Repository/My Account_Payment/Transaction history page/Transaction page/Transactions filter' is clicked on

27-02-2024T15:20:57 - [MESSAGE][PASSED] - Object: 'Object Repository/My Account_Payment/Transaction history page/Transaction page/Transactions filter' is clicked on

27-02-2024T15:20:57 - [TEST_STEP][PASSED] - click(findTestObject("My Account_Payment/Transaction history page/Transaction page/Betting Internal Withdrawal")): Object: 'Object Repository/My Account_Payment/Transaction history page/Transaction page/Betting Internal Withdrawal' is clicked on

27-02-2024T15:20:57 - [MESSAGE][PASSED] - Object: 'Object Repository/My Account_Payment/Transaction history page/Transaction page/Betting Internal Withdrawal' is clicked on

27-02-2024T15:20:57 - [TEST_STEP][PASSED] - delay(2): Delayed 2 second(s)

27-02-2024T15:20:59 - [MESSAGE][PASSED] - Delayed 2 second(s)

27-02-2024T15:20:59 - [TEST_STEP][PASSED] - takeFullPageScreenshot(): Taking screenshot successfully

27-02-2024T15:21:00 - [MESSAGE][INFO] - 0 hidden object(s)

27-02-2024T15:21:00 - [MESSAGE][PASSED] - Taking screenshot successfully
[[ATTACHMENT|C:\\Users\\Deepa V\\git\\HaboomWBT\\Reports\\20240227_151638\\My Account\\20240227_151638\\1709027459640.png]]]]></system-out>
         <system-err><![CDATA[]]></system-err>
      </testcase>
      <system-out><![CDATA[27-02-2024T15:16:41 - [TEST_SUITE][PASSED] - My Account: Test Cases/My Account/Payment_Transfer Funds successful]]></system-out>
      <system-err><![CDATA[]]></system-err>
   </testsuite>
</testsuites>
